graph_generation:               4.343649 s
construction_time:              0.313721 s
Running BFS 0
Time for BFS 0 is 2.571850
Validating BFS 0
Validate time for BFS 0 is 0.000003
TEPS for BFS 0 is 25482 cyrus 65536
Running BFS 1
Time for BFS 1 is 2.386130
Validating BFS 1
Validate time for BFS 1 is 0.000002
TEPS for BFS 1 is 27465.4 cyrus 65536
Running BFS 2
Time for BFS 2 is 3.247021
Validating BFS 2
Validate time for BFS 2 is 0.000002
TEPS for BFS 2 is 20183.4 cyrus 65536
Running BFS 3
Time for BFS 3 is 2.986071
Validating BFS 3
Validate time for BFS 3 is 0.000003
TEPS for BFS 3 is 21947.2 cyrus 65536
Running BFS 4
This benchmark was run on 32 MPI Processes, Scale 12, written output_32_12.log
