graph_generation:               19.257079 s
construction_time:              1.346492 s
Running BFS 0
Time for BFS 0 is 23.117495
Validating BFS 0
[Bobby7083][[45046,1],4][../../../../../../ompi/mca/btl/tcp/btl_tcp_frag.c:216:mca_btl_tcp_frag_recv] mca_btl_tcp_frag_recv: readv failed: Connection reset by peer (104)
[Gonzo][[45046,1],10][../../../../../../ompi/mca/btl/tcp/btl_tcp_frag.c:216:mca_btl_tcp_frag_recv] mca_btl_tcp_frag_recv: readv failed: Connection reset by peer (104)
[ras1][[45046,1],21][../../../../../../ompi/mca/btl/tcp/btl_tcp_frag.c:216:mca_btl_tcp_frag_recv] [Romain][[45046,1],124][../../../../../../ompi/mca/btl/tcp/btl_tcp_frag.c:216:mca_btl_tcp_frag_recv] mca_btl_tcp_frag_recv: readv failed: Connection reset by peer (104)mca_btl_tcp_frag_recv: readv failed: Connection reset by peer (104)

[cypy][[45046,1],8][../../../../../../ompi/mca/btl/tcp/btl_tcp_frag.c:216:mca_btl_tcp_frag_recv] mca_btl_tcp_frag_recv: readv failed: Connection reset by peer (104)
[cypy][[45046,1],72][../../../../../../ompi/mca/btl/tcp/btl_tcp_frag.c:216:mca_btl_tcp_frag_recv] mca_btl_tcp_frag_recv: readv failed: Connection reset by peer (104)
[cypy][[45046,1],104][../../../../../../ompi/mca/btl/tcp/btl_tcp_frag.c:216:mca_btl_tcp_frag_recv] mca_btl_tcp_frag_recv: readv failed: Connection reset by peer (104)
[CurlyQ12][[45046,1],39][../../../../../../ompi/mca/btl/tcp/btl_tcp_frag.c:216:mca_btl_tcp_frag_recv] [arvind-pi][[45046,1],33][../../../../../../ompi/mca/btl/tcp/btl_tcp_frag.c:216:mca_btl_tcp_frag_recv] [Pikachu][[45046,1],51][../../../../../../ompi/mca/btl/tcp/btl_tcp_frag.c:216:mca_btl_tcp_frag_recv] [Gladstone][[45046,1],9][../../../../../../ompi/mca/btl/tcp/btl_tcp_frag.c:216:mca_btl_tcp_frag_recv] mca_btl_tcp_frag_recv: readv failed: Connection reset by peer (104)
[Ninja][[45046,1],16][../../../../../../ompi/mca/btl/tcp/btl_tcp_frag.c:216:mca_btl_tcp_frag_recv] mca_btl_tcp_frag_recv: readv failed: Connection reset by peer (104)
[Romain][[45046,1],28][../../../../../../ompi/mca/btl/tcp/btl_tcp_frag.c:216:mca_btl_tcp_frag_recv] [shark][[45046,1],29][../../../../../../ompi/mca/btl/tcp/btl_tcp_frag.c:216:mca_btl_tcp_frag_recv] [thomasthedankengine][[45046,1],30][../../../../../../ompi/mca/btl/tcp/btl_tcp_frag.c:216:mca_btl_tcp_frag_recv] [burt][[45046,1],37][../../../../../../ompi/mca/btl/tcp/btl_tcp_frag.c:216:mca_btl_tcp_frag_recv] [bgg0127][[45046,1],35][../../../../../../ompi/mca/btl/tcp/btl_tcp_frag.c:216:mca_btl_tcp_frag_recv] [PiMac][[45046,1],20][../../../../../../ompi/mca/btl/tcp/btl_tcp_frag.c:216:mca_btl_tcp_frag_recv] mca_btl_tcp_frag_recv: readv failed: Connection reset by peer (104)
[ras6][[45046,1],26][../../../../../../ompi/mca/btl/tcp/btl_tcp_frag.c:216:mca_btl_tcp_frag_recv] [OmarPi][[45046,1],17][../../../../../../ompi/mca/btl/tcp/btl_tcp_frag.c:216:mca_btl_tcp_frag_recv] [LJS][[45046,1],14][../../../../../../ompi/mca/btl/tcp/btl_tcp_frag.c:216:mca_btl_tcp_frag_recv] mca_btl_tcp_frag_recv: readv failed: Connection reset by peer (104)
[Luna][[45046,1],47][../../../../../../ompi/mca/btl/tcp/btl_tcp_frag.c:216:mca_btl_tcp_frag_recv] [josephspi][[45046,1],43][../../../../../../ompi/mca/btl/tcp/btl_tcp_frag.c:216:mca_btl_tcp_frag_recv] [ras3][[45046,1],23][../../../../../../ompi/mca/btl/tcp/btl_tcp_frag.c:216:mca_btl_tcp_frag_recv] mca_btl_tcp_frag_recv: readv failed: Connection reset by peer (104)
[Oza][[45046,1],18][../../../../../../ompi/mca/btl/tcp/btl_tcp_frag.c:216:mca_btl_tcp_frag_recv] [kanye][[45046,1],44][../../../../../../ompi/mca/btl/tcp/btl_tcp_frag.c:216:mca_btl_tcp_frag_recv] [ras2][[45046,1],22][../../../../../../ompi/mca/btl/tcp/btl_tcp_frag.c:216:mca_btl_tcp_frag_recv] [KGEA-adtr1][[45046,1],13][../../../../../../ompi/mca/btl/tcp/btl_tcp_frag.c:216:mca_btl_tcp_frag_recv] [ras4][[45046,1],24][../../../../../../ompi/mca/btl/tcp/btl_tcp_frag.c:216:mca_btl_tcp_frag_recv] [ras5][[45046,1],57][../../../../../../ompi/mca/btl/tcp/btl_tcp_frag.c:216:mca_btl_tcp_frag_recv] mca_btl_tcp_frag_recv: readv failed: Connection reset by peer (104)
[WMT-Pi][[45046,1],63][../../../../../../ompi/mca/btl/tcp/btl_tcp_frag.c:216:mca_btl_tcp_frag_recv] [ras7][[45046,1],27][../../../../../../ompi/mca/btl/tcp/btl_tcp_frag.c:216:mca_btl_tcp_frag_recv] mca_btl_tcp_frag_recv: readv failed: Connection reset by peer (104)
[Berry2.0][[45046,1],2][../../../../../../ompi/mca/btl/tcp/btl_tcp_frag.c:216:mca_btl_tcp_frag_recv] [ras1][[45046,1],53][../../../../../../ompi/mca/btl/tcp/btl_tcp_frag.c:216:mca_btl_tcp_frag_recv] [Gonzo][[45046,1],42][../../../../../../ompi/mca/btl/tcp/btl_tcp_frag.c:216:mca_btl_tcp_frag_recv] [Bobby7083][[45046,1],36][../../../../../../ompi/mca/btl/tcp/btl_tcp_frag.c:216:mca_btl_tcp_frag_recv] mca_btl_tcp_frag_recv: readv failed: Connection reset by peer (104)
[Cupcake][[45046,1],38][../../../../../../ompi/mca/btl/tcp/btl_tcp_frag.c:216:mca_btl_tcp_frag_recv] mca_btl_tcp_frag_recv: readv failed: Connection reset by peer (104)mca_btl_tcp_frag_recv: readv failed: Connection reset by peer (104)mca_btl_tcp_frag_recv: readv failed: Connection reset by peer (104)[Gladstone][[45046,1],41][../../../../../../ompi/mca/btl/tcp/btl_tcp_frag.c:216:mca_btl_tcp_frag_recv] [Ninja][[45046,1],112][../../../../../../ompi/mca/btl/tcp/btl_tcp_frag.c:216:mca_btl_tcp_frag_recv] mca_btl_tcp_frag_recv: readv failed: Connection reset by peer (104)mca_btl_tcp_frag_recv: readv failed: Connection reset by peer (104)mca_btl_tcp_frag_recv: readv failed: Connection reset by peer (104)mca_btl_tcp_frag_recv: readv failed: Connection reset by peer (104)mca_btl_tcp_frag_recv: readv failed: Connection reset by peer (104)[PiMac][[45046,1],52][../../../../../../ompi/mca/btl/tcp/btl_tcp_frag.c:216:mca_btl_tcp_frag_recv] mca_btl_tcp_frag_recv: readv failed: Connection reset by peer (104)mca_btl_tcp_frag_recv: readv failed: Connection reset by peer (104)[LJS][[45046,1],46][../../../../../../ompi/mca/btl/tcp/btl_tcp_frag.c:216:mca_btl_tcp_frag_recv] [Luna][[45046,1],15][../../../../../../ompi/mca/btl/tcp/btl_tcp_frag.c:216:mca_btl_tcp_frag_recv] mca_btl_tcp_frag_recv: readv failed: Connection reset by peer (104)[ras3][[45046,1],55][../../../../../../ompi/mca/btl/tcp/btl_tcp_frag.c:216:mca_btl_tcp_frag_recv] mca_btl_tcp_frag_recv: readv failed: Connection reset by peer (104)mca_btl_tcp_frag_recv: readv failed: Connection reset by peer (104)mca_btl_tcp_frag_recv: readv failed: Connection reset by peer (104)mca_btl_tcp_frag_recv: readv failed: Connection reset by peer (104)mca_btl_tcp_frag_recv: readv failed: Connection reset by peer (104)[ras5][[45046,1],25][../../../../../../ompi/mca/btl/tcp/btl_tcp_frag.c:216:mca_btl_tcp_frag_recv] [WMT-Pi][[45046,1],127][../../../../../../ompi/mca/btl/tcp/btl_tcp_frag.c:216:mca_btl_tcp_frag_recv] mca_btl_tcp_frag_recv: readv failed: Connection reset by peer (104)
[ras7][[45046,1],59][../../../../../../ompi/mca/btl/tcp/btl_tcp_frag.c:216:mca_btl_tcp_frag_recv] mca_btl_tcp_frag_recv: readv failed: Connection reset by peer (104)mca_btl_tcp_frag_recv: readv failed: Connection reset by peer (104)mca_btl_tcp_frag_recv: readv failed: Connection reset by peer (104)[Bobby7083][[45046,1],68][../../../../../../ompi/mca/btl/tcp/btl_tcp_frag.c:216:mca_btl_tcp_frag_recv] mca_btl_tcp_frag_recv: readv failed: Connection reset by peer (104)[cypy][[45046,1],40][../../../../../../ompi/mca/btl/tcp/btl_tcp_frag.c:216:mca_btl_tcp_frag_recv] mca_btl_tcp_frag_recv: readv failed: Connection reset by peer (104)



mca_btl_tcp_frag_recv: readv failed: Connection reset by peer (104)mca_btl_tcp_frag_recv: readv failed: Connection reset by peer (104)




mca_btl_tcp_frag_recv: readv failed: Connection reset by peer (104)

mca_btl_tcp_frag_recv: readv failed: Connection reset by peer (104)mca_btl_tcp_frag_recv: readv failed: Connection reset by peer (104)

mca_btl_tcp_frag_recv: readv failed: Connection reset by peer (104)




mca_btl_tcp_frag_recv: readv failed: Connection reset by peer (104)mca_btl_tcp_frag_recv: readv failed: Connection reset by peer (104)[ras7][[45046,1],91][../../../../../../ompi/mca/btl/tcp/btl_tcp_frag.c:216:mca_btl_tcp_frag_recv] mca_btl_tcp_frag_recv: readv failed: Connection reset by peer (104)



mca_btl_tcp_frag_recv: readv failed: Connection reset by peer (104)
[CurlyQ12][[45046,1],7][../../../../../../ompi/mca/btl/tcp/btl_tcp_frag.c:216:mca_btl_tcp_frag_recv] mca_btl_tcp_frag_recv: readv failed: Connection reset by peer (104)
[arvind-pi][[45046,1],1][../../../../../../ompi/mca/btl/tcp/btl_tcp_frag.c:216:mca_btl_tcp_frag_recv] [Pikachu][[45046,1],19][../../../../../../ompi/mca/btl/tcp/btl_tcp_frag.c:216:mca_btl_tcp_frag_recv] 

[Romain][[45046,1],60][../../../../../../ompi/mca/btl/tcp/btl_tcp_frag.c:216:mca_btl_tcp_frag_recv] [shark][[45046,1],61][../../../../../../ompi/mca/btl/tcp/btl_tcp_frag.c:216:mca_btl_tcp_frag_recv] [thomasthedankengine][[45046,1],126][../../../../../../ompi/mca/btl/tcp/btl_tcp_frag.c:216:mca_btl_tcp_frag_recv] [burt][[45046,1],5][../../../../../../ompi/mca/btl/tcp/btl_tcp_frag.c:216:mca_btl_tcp_frag_recv] [bgg0127][[45046,1],67][../../../../../../ompi/mca/btl/tcp/btl_tcp_frag.c:216:mca_btl_tcp_frag_recv] mca_btl_tcp_frag_recv: readv failed: Connection reset by peer (104)

[ras6][[45046,1],58][../../../../../../ompi/mca/btl/tcp/btl_tcp_frag.c:216:mca_btl_tcp_frag_recv] mca_btl_tcp_frag_recv: readv failed: Connection reset by peer (104)
[OmarPi][[45046,1],49][../../../../../../ompi/mca/btl/tcp/btl_tcp_frag.c:216:mca_btl_tcp_frag_recv] mca_btl_tcp_frag_recv: readv failed: Connection reset by peer (104)

mca_btl_tcp_frag_recv: readv failed: Connection reset by peer (104)[josephspi][[45046,1],11][../../../../../../ompi/mca/btl/tcp/btl_tcp_frag.c:216:mca_btl_tcp_frag_recv] 
[Oza][[45046,1],50][../../../../../../ompi/mca/btl/tcp/btl_tcp_frag.c:216:mca_btl_tcp_frag_recv] [kanye][[45046,1],12][../../../../../../ompi/mca/btl/tcp/btl_tcp_frag.c:216:mca_btl_tcp_frag_recv] [ras2][[45046,1],54][../../../../../../ompi/mca/btl/tcp/btl_tcp_frag.c:216:mca_btl_tcp_frag_recv] [KGEA-adtr1][[45046,1],45][../../../../../../ompi/mca/btl/tcp/btl_tcp_frag.c:216:mca_btl_tcp_frag_recv] [ras4][[45046,1],120][../../../../../../ompi/mca/btl/tcp/btl_tcp_frag.c:216:mca_btl_tcp_frag_recv] 

mca_btl_tcp_frag_recv: readv failed: Connection reset by peer (104)[Berry2.0][[45046,1],98][../../../../../../ompi/mca/btl/tcp/btl_tcp_frag.c:216:mca_btl_tcp_frag_recv] [ras1][[45046,1],85][../../../../../../ompi/mca/btl/tcp/btl_tcp_frag.c:216:mca_btl_tcp_frag_recv] [Gonzo][[45046,1],74][../../../../../../ompi/mca/btl/tcp/btl_tcp_frag.c:216:mca_btl_tcp_frag_recv] mca_btl_tcp_frag_recv: readv failed: Connection reset by peer (104)

[Cupcake][[45046,1],70][../../../../../../ompi/mca/btl/tcp/btl_tcp_frag.c:216:mca_btl_tcp_frag_recv] [CurlyQ12][[45046,1],71][../../../../../../ompi/mca/btl/tcp/btl_tcp_frag.c:216:mca_btl_tcp_frag_recv] mca_btl_tcp_frag_recv: readv failed: Connection reset by peer (104)mca_btl_tcp_frag_recv: readv failed: Connection reset by peer (104)[Gladstone][[45046,1],73][../../../../../../ompi/mca/btl/tcp/btl_tcp_frag.c:216:mca_btl_tcp_frag_recv] [Ninja][[45046,1],48][../../../../../../ompi/mca/btl/tcp/btl_tcp_frag.c:216:mca_btl_tcp_frag_recv] mca_btl_tcp_frag_recv: readv failed: Connection reset by peer (104)
mca_btl_tcp_frag_recv: readv failed: Connection reset by peer (104)mca_btl_tcp_frag_recv: readv failed: Connection reset by peer (104)mca_btl_tcp_frag_recv: readv failed: Connection reset by peer (104)mca_btl_tcp_frag_recv: readv failed: Connection reset by peer (104)[bgg0127][[45046,1],3][../../../../../../ompi/mca/btl/tcp/btl_tcp_frag.c:216:mca_btl_tcp_frag_recv] mca_btl_tcp_frag_recv: readv failed: Connection reset by peer (104)
[PiMac][[45046,1],84][../../../../../../ompi/mca/btl/tcp/btl_tcp_frag.c:216:mca_btl_tcp_frag_recv] [ras6][[45046,1],122][../../../../../../ompi/mca/btl/tcp/btl_tcp_frag.c:216:mca_btl_tcp_frag_recv] [OmarPi][[45046,1],81][../../../../../../ompi/mca/btl/tcp/btl_tcp_frag.c:216:mca_btl_tcp_frag_recv] [LJS][[45046,1],110][../../../../../../ompi/mca/btl/tcp/btl_tcp_frag.c:216:mca_btl_tcp_frag_recv] 
mca_btl_tcp_frag_recv: readv failed: Connection reset by peer (104)[ras3][[45046,1],87][../../../../../../ompi/mca/btl/tcp/btl_tcp_frag.c:216:mca_btl_tcp_frag_recv] mca_btl_tcp_frag_recv: readv failed: Connection reset by peer (104)
mca_btl_tcp_frag_recv: readv failed: Connection reset by peer (104)mca_btl_tcp_frag_recv: readv failed: Connection reset by peer (104)mca_btl_tcp_frag_recv: readv failed: Connection reset by peer (104)mca_btl_tcp_frag_recv: readv failed: Connection reset by peer (104)mca_btl_tcp_frag_recv: readv failed: Connection reset by peer (104)[ras5][[45046,1],89][../../../../../../ompi/mca/btl/tcp/btl_tcp_frag.c:216:mca_btl_tcp_frag_recv] [WMT-Pi][[45046,1],31][../../../../../../ompi/mca/btl/tcp/btl_tcp_frag.c:216:mca_btl_tcp_frag_recv] mca_btl_tcp_frag_recv: readv failed: Connection reset by peer (104)

mca_btl_tcp_frag_recv: readv failed: Connection reset by peer (104)mca_btl_tcp_frag_recv: readv failed: Connection reset by peer (104)[Gonzo][[45046,1],106][../../../../../../ompi/mca/btl/tcp/btl_tcp_frag.c:216:mca_btl_tcp_frag_recv] [Bobby7083][[45046,1],100][../../../../../../ompi/mca/btl/tcp/btl_tcp_frag.c:216:mca_btl_tcp_frag_recv] mca_btl_tcp_frag_recv: readv failed: Connection reset by peer (104)
[Cupcake][[45046,1],6][../../../../../../ompi/mca/btl/tcp/btl_tcp_frag.c:216:mca_btl_tcp_frag_recv] mca_btl_tcp_frag_recv: readv failed: Connection reset by peer (104)
mca_btl_tcp_frag_recv: readv failed: Connection reset by peer (104)

mca_btl_tcp_frag_recv: readv failed: Connection reset by peer (104)[Ninja][[45046,1],80][../../../../../../ompi/mca/btl/tcp/btl_tcp_frag.c:216:mca_btl_tcp_frag_recv] 



[bgg0127][[45046,1],99][../../../../../../ompi/mca/btl/tcp/btl_tcp_frag.c:216:mca_btl_tcp_frag_recv] mca_btl_tcp_frag_recv: readv failed: Connection reset by peer (104)
mca_btl_tcp_frag_recv: readv failed: Connection reset by peer (104)[ras6][[45046,1],90][../../../../../../ompi/mca/btl/tcp/btl_tcp_frag.c:216:mca_btl_tcp_frag_recv] mca_btl_tcp_frag_recv: readv failed: Connection reset by peer (104)mca_btl_tcp_frag_recv: readv failed: Connection reset by peer (104)[Luna][[45046,1],111][../../../../../../ompi/mca/btl/tcp/btl_tcp_frag.c:216:mca_btl_tcp_frag_recv] 
[ras3][[45046,1],119][../../../../../../ompi/mca/btl/tcp/btl_tcp_frag.c:216:mca_btl_tcp_frag_recv] 




mca_btl_tcp_frag_recv: readv failed: Connection reset by peer (104)[WMT-Pi][[45046,1],95][../../../../../../ompi/mca/btl/tcp/btl_tcp_frag.c:216:mca_btl_tcp_frag_recv] [ras7][[45046,1],123][../../../../../../ompi/mca/btl/tcp/btl_tcp_frag.c:216:mca_btl_tcp_frag_recv] [Berry2.0][[45046,1],66][../../../../../../ompi/mca/btl/tcp/btl_tcp_frag.c:216:mca_btl_tcp_frag_recv] 
mca_btl_tcp_frag_recv: readv failed: Connection reset by peer (104)mca_btl_tcp_frag_recv: readv failed: Connection reset by peer (104)
[arvind-pi][[45046,1],65][../../../../../../ompi/mca/btl/tcp/btl_tcp_frag.c:216:mca_btl_tcp_frag_recv] [Pikachu][[45046,1],83][../../../../../../ompi/mca/btl/tcp/btl_tcp_frag.c:216:mca_btl_tcp_frag_recv] 
mca_btl_tcp_frag_recv: readv failed: Connection reset by peer (104)[Romain][[45046,1],92][../../../../../../ompi/mca/btl/tcp/btl_tcp_frag.c:216:mca_btl_tcp_frag_recv] [shark][[45046,1],93][../../../../../../ompi/mca/btl/tcp/btl_tcp_frag.c:216:mca_btl_tcp_frag_recv] [thomasthedankengine][[45046,1],62][../../../../../../ompi/mca/btl/tcp/btl_tcp_frag.c:216:mca_btl_tcp_frag_recv] [burt][[45046,1],69][../../../../../../ompi/mca/btl/tcp/btl_tcp_frag.c:216:mca_btl_tcp_frag_recv] 
mca_btl_tcp_frag_recv: readv failed: Connection reset by peer (104)


mca_btl_tcp_frag_recv: readv failed: Connection reset by peer (104)[josephspi][[45046,1],107][../../../../../../ompi/mca/btl/tcp/btl_tcp_frag.c:216:mca_btl_tcp_frag_recv] mca_btl_tcp_frag_recv: readv failed: Connection reset by peer (104)[Oza][[45046,1],114][../../../../../../ompi/mca/btl/tcp/btl_tcp_frag.c:216:mca_btl_tcp_frag_recv] [kanye][[45046,1],76][../../../../../../ompi/mca/btl/tcp/btl_tcp_frag.c:216:mca_btl_tcp_frag_recv] [ras2][[45046,1],86][../../../../../../ompi/mca/btl/tcp/btl_tcp_frag.c:216:mca_btl_tcp_frag_recv] [KGEA-adtr1][[45046,1],77][../../../../../../ompi/mca/btl/tcp/btl_tcp_frag.c:216:mca_btl_tcp_frag_recv] [ras4][[45046,1],56][../../../../../../ompi/mca/btl/tcp/btl_tcp_frag.c:216:mca_btl_tcp_frag_recv] 
mca_btl_tcp_frag_recv: readv failed: Connection reset by peer (104)mca_btl_tcp_frag_recv: readv failed: Connection reset by peer (104)
[ras1][[45046,1],117][../../../../../../ompi/mca/btl/tcp/btl_tcp_frag.c:216:mca_btl_tcp_frag_recv] mca_btl_tcp_frag_recv: readv failed: Connection reset by peer (104)


[CurlyQ12][[45046,1],103][../../../../../../ompi/mca/btl/tcp/btl_tcp_frag.c:216:mca_btl_tcp_frag_recv] mca_btl_tcp_frag_recv: readv failed: Connection reset by peer (104)mca_btl_tcp_frag_recv: readv failed: Connection reset by peer (104)[Gladstone][[45046,1],105][../../../../../../ompi/mca/btl/tcp/btl_tcp_frag.c:216:mca_btl_tcp_frag_recv] 
mca_btl_tcp_frag_recv: readv failed: Connection reset by peer (104)mca_btl_tcp_frag_recv: readv failed: Connection reset by peer (104)mca_btl_tcp_frag_recv: readv failed: Connection reset by peer (104)mca_btl_tcp_frag_recv: readv failed: Connection reset by peer (104)[PiMac][[45046,1],116][../../../../../../ompi/mca/btl/tcp/btl_tcp_frag.c:216:mca_btl_tcp_frag_recv] mca_btl_tcp_frag_recv: readv failed: Connection reset by peer (104)
mca_btl_tcp_frag_recv: readv failed: Connection reset by peer (104)[OmarPi][[45046,1],113][../../../../../../ompi/mca/btl/tcp/btl_tcp_frag.c:216:mca_btl_tcp_frag_recv] [LJS][[45046,1],78][../../../../../../ompi/mca/btl/tcp/btl_tcp_frag.c:216:mca_btl_tcp_frag_recv] 
mca_btl_tcp_frag_recv: readv failed: Connection reset by peer (104)
mca_btl_tcp_frag_recv: readv failed: Connection reset by peer (104)mca_btl_tcp_frag_recv: readv failed: Connection reset by peer (104)mca_btl_tcp_frag_recv: readv failed: Connection reset by peer (104)mca_btl_tcp_frag_recv: readv failed: Connection reset by peer (104)mca_btl_tcp_frag_recv: readv failed: Connection reset by peer (104)[ras5][[45046,1],121][../../../../../../ompi/mca/btl/tcp/btl_tcp_frag.c:216:mca_btl_tcp_frag_recv] 

[Berry2.0][[45046,1],34][../../../../../../ompi/mca/btl/tcp/btl_tcp_frag.c:216:mca_btl_tcp_frag_recv] [Cupcake][[45046,1],102][../../../../../../ompi/mca/btl/tcp/btl_tcp_frag.c:216:mca_btl_tcp_frag_recv] mca_btl_tcp_frag_recv: readv failed: Connection reset by peer (104)
mca_btl_tcp_frag_recv: readv failed: Connection reset by peer (104)

mca_btl_tcp_frag_recv: readv failed: Connection reset by peer (104)




mca_btl_tcp_frag_recv: readv failed: Connection reset by peer (104)mca_btl_tcp_frag_recv: readv failed: Connection reset by peer (104)[Luna][[45046,1],79][../../../../../../ompi/mca/btl/tcp/btl_tcp_frag.c:216:mca_btl_tcp_frag_recv] 





mca_btl_tcp_frag_recv: readv failed: Connection reset by peer (104)mca_btl_tcp_frag_recv: readv failed: Connection reset by peer (104)

[arvind-pi][[45046,1],97][../../../../../../ompi/mca/btl/tcp/btl_tcp_frag.c:216:mca_btl_tcp_frag_recv] [Pikachu][[45046,1],115][../../../../../../ompi/mca/btl/tcp/btl_tcp_frag.c:216:mca_btl_tcp_frag_recv] 
[shark][[45046,1],125][../../../../../../ompi/mca/btl/tcp/btl_tcp_frag.c:216:mca_btl_tcp_frag_recv] mca_btl_tcp_frag_recv: readv failed: Connection reset by peer (104)
[thomasthedankengine][[45046,1],94][../../../../../../ompi/mca/btl/tcp/btl_tcp_frag.c:216:mca_btl_tcp_frag_recv] [burt][[45046,1],101][../../../../../../ompi/mca/btl/tcp/btl_tcp_frag.c:216:mca_btl_tcp_frag_recv] 

mca_btl_tcp_frag_recv: readv failed: Connection reset by peer (104)[josephspi][[45046,1],75][../../../../../../ompi/mca/btl/tcp/btl_tcp_frag.c:216:mca_btl_tcp_frag_recv] [Oza][[45046,1],82][../../../../../../ompi/mca/btl/tcp/btl_tcp_frag.c:216:mca_btl_tcp_frag_recv] [kanye][[45046,1],108][../../../../../../ompi/mca/btl/tcp/btl_tcp_frag.c:216:mca_btl_tcp_frag_recv] mca_btl_tcp_frag_recv: readv failed: Connection reset by peer (104)
[ras2][[45046,1],118][../../../../../../ompi/mca/btl/tcp/btl_tcp_frag.c:216:mca_btl_tcp_frag_recv] [KGEA-adtr1][[45046,1],109][../../../../../../ompi/mca/btl/tcp/btl_tcp_frag.c:216:mca_btl_tcp_frag_recv] [ras4][[45046,1],88][../../../../../../ompi/mca/btl/tcp/btl_tcp_frag.c:216:mca_btl_tcp_frag_recv] 
mca_btl_tcp_frag_recv: readv failed: Connection reset by peer (104)mca_btl_tcp_frag_recv: readv failed: Connection reset by peer (104)mca_btl_tcp_frag_recv: readv failed: Connection reset by peer (104)mca_btl_tcp_frag_recv: readv failed: Connection reset by peer (104)mca_btl_tcp_frag_recv: readv failed: Connection reset by peer (104)
mca_btl_tcp_frag_recv: readv failed: Connection reset by peer (104)mca_btl_tcp_frag_recv: readv failed: Connection reset by peer (104)mca_btl_tcp_frag_recv: readv failed: Connection reset by peer (104)mca_btl_tcp_frag_recv: readv failed: Connection reset by peer (104)mca_btl_tcp_frag_recv: readv failed: Connection reset by peer (104)









--------------------------------------------------------------------------
mpirun noticed that process rank 0 with PID 14236 on node amber exited on signal 9 (Killed).
--------------------------------------------------------------------------
This benchmark was run on 128 MPI Processes, Scale 15, written output_128_15.log
