graph_generation:               11.595324 s
construction_time:              0.964299 s
Running BFS 0
Time for BFS 0 is 4.860915
Validating BFS 0
Validate time for BFS 0 is 0.000001
TEPS for BFS 0 is 53928.9 cyrus 262144
Running BFS 1
Time for BFS 1 is 5.099613
Validating BFS 1
Validate time for BFS 1 is 0.000003
TEPS for BFS 1 is 51404.7 cyrus 262144
Running BFS 2
Time for BFS 2 is 4.328512
Validating BFS 2
Validate time for BFS 2 is 0.000003
TEPS for BFS 2 is 60562.1 cyrus 262144
Running BFS 3
Time for BFS 3 is 13.132799
Validating BFS 3
Validate time for BFS 3 is 0.000003
TEPS for BFS 3 is 19961 cyrus 262144
Running BFS 4
Time for BFS 4 is 3.697613
Validating BFS 4
Validate time for BFS 4 is 0.000004
TEPS for BFS 4 is 70895.5 cyrus 262144
Running BFS 5
This benchmark was run on 128 MPI Processes, Scale 14, written output_128_14.log
