graph_generation:               3.744498 s
construction_time:              0.191481 s
Running BFS 0
Time for BFS 0 is 1.757955
Validating BFS 0
Validate time for BFS 0 is 0.000003
TEPS for BFS 0 is 18639.8 cyrus 32768
Running BFS 1
Time for BFS 1 is 1.689913
Validating BFS 1
Validate time for BFS 1 is 0.000002
TEPS for BFS 1 is 19390.3 cyrus 32768
Running BFS 2
Time for BFS 2 is 1.740270
Validating BFS 2
Validate time for BFS 2 is 0.000003
TEPS for BFS 2 is 18829.3 cyrus 32768
Running BFS 3
Time for BFS 3 is 1.719627
Validating BFS 3
Validate time for BFS 3 is 0.000002
TEPS for BFS 3 is 19055.3 cyrus 32768
Running BFS 4
Time for BFS 4 is 1.770023
Validating BFS 4
Validate time for BFS 4 is 0.000003
TEPS for BFS 4 is 18512.8 cyrus 32768
Running BFS 5
Time for BFS 5 is 1.679941
Validating BFS 5
Validate time for BFS 5 is 0.000003
TEPS for BFS 5 is 19505.4 cyrus 32768
Running BFS 6
Time for BFS 6 is 1.749966
Validating BFS 6
Validate time for BFS 6 is 0.000003
TEPS for BFS 6 is 18724.9 cyrus 32768
Running BFS 7
Time for BFS 7 is 1.769991
Validating BFS 7
Validate time for BFS 7 is 0.000002
TEPS for BFS 7 is 18513.1 cyrus 32768
Running BFS 8
Time for BFS 8 is 1.830011
Validating BFS 8
Validate time for BFS 8 is 0.000003
TEPS for BFS 8 is 17905.9 cyrus 32768
Running BFS 9
Time for BFS 9 is 1.729900
Validating BFS 9
Validate time for BFS 9 is 0.000002
TEPS for BFS 9 is 18942.1 cyrus 32768
Running BFS 10
Time for BFS 10 is 1.720030
Validating BFS 10
Validate time for BFS 10 is 0.000002
TEPS for BFS 10 is 19050.8 cyrus 32768
Running BFS 11
Time for BFS 11 is 1.769987
Validating BFS 11
Validate time for BFS 11 is 0.000002
TEPS for BFS 11 is 18513.1 cyrus 32768
Running BFS 12
Time for BFS 12 is 1.689954
Validating BFS 12
Validate time for BFS 12 is 0.000003
TEPS for BFS 12 is 19389.9 cyrus 32768
Running BFS 13
Time for BFS 13 is 1.669929
Validating BFS 13
Validate time for BFS 13 is 0.000003
TEPS for BFS 13 is 19622.4 cyrus 32768
Running BFS 14
Time for BFS 14 is 1.679997
Validating BFS 14
Validate time for BFS 14 is 0.000003
TEPS for BFS 14 is 19504.8 cyrus 32768
Running BFS 15
Time for BFS 15 is 1.719941
Validating BFS 15
Validate time for BFS 15 is 0.000002
TEPS for BFS 15 is 19051.8 cyrus 32768
Running BFS 16
Time for BFS 16 is 1.749921
Validating BFS 16
Validate time for BFS 16 is 0.000002
TEPS for BFS 16 is 18725.4 cyrus 32768
Running BFS 17
Time for BFS 17 is 1.840059
Validating BFS 17
Validate time for BFS 17 is 0.000003
TEPS for BFS 17 is 17808.1 cyrus 32768
Running BFS 18
Time for BFS 18 is 1.710046
Validating BFS 18
Validate time for BFS 18 is 0.000002
TEPS for BFS 18 is 19162.1 cyrus 32768
Running BFS 19
Time for BFS 19 is 1.729929
Validating BFS 19
Validate time for BFS 19 is 0.000003
TEPS for BFS 19 is 18941.8 cyrus 32768
Running BFS 20
Time for BFS 20 is 1.719986
Validating BFS 20
Validate time for BFS 20 is 0.000002
TEPS for BFS 20 is 19051.3 cyrus 32768
Running BFS 21
Time for BFS 21 is 1.689870
Validating BFS 21
Validate time for BFS 21 is 0.000002
TEPS for BFS 21 is 19390.8 cyrus 32768
Running BFS 22
Time for BFS 22 is 1.770030
Validating BFS 22
Validate time for BFS 22 is 0.000003
TEPS for BFS 22 is 18512.7 cyrus 32768
Running BFS 23
Time for BFS 23 is 1.669992
Validating BFS 23
Validate time for BFS 23 is 0.000002
TEPS for BFS 23 is 19621.7 cyrus 32768
Running BFS 24
Time for BFS 24 is 1.710018
Validating BFS 24
Validate time for BFS 24 is 0.000003
TEPS for BFS 24 is 19162.4 cyrus 32768
Running BFS 25
Time for BFS 25 is 1.699931
Validating BFS 25
Validate time for BFS 25 is 0.000002
TEPS for BFS 25 is 19276.1 cyrus 32768
Running BFS 26
Time for BFS 26 is 1.650059
Validating BFS 26
Validate time for BFS 26 is 0.000002
TEPS for BFS 26 is 19858.7 cyrus 32768
Running BFS 27
Time for BFS 27 is 1.699959
Validating BFS 27
Validate time for BFS 27 is 0.000002
TEPS for BFS 27 is 19275.8 cyrus 32768
Running BFS 28
Time for BFS 28 is 1.659921
Validating BFS 28
Validate time for BFS 28 is 0.000003
TEPS for BFS 28 is 19740.7 cyrus 32768
Running BFS 29
Time for BFS 29 is 1.710005
Validating BFS 29
Validate time for BFS 29 is 0.000003
TEPS for BFS 29 is 19162.5 cyrus 32768
Running BFS 30
Time for BFS 30 is 1.759950
Validating BFS 30
Validate time for BFS 30 is 0.000003
TEPS for BFS 30 is 18618.7 cyrus 32768
Running BFS 31
Time for BFS 31 is 1.699985
Validating BFS 31
Validate time for BFS 31 is 0.000003
TEPS for BFS 31 is 19275.5 cyrus 32768
Running BFS 32
Time for BFS 32 is 1.700011
Validating BFS 32
Validate time for BFS 32 is 0.000002
TEPS for BFS 32 is 19275.2 cyrus 32768
Running BFS 33
Time for BFS 33 is 0.809821
Validating BFS 33
Validate time for BFS 33 is 0.000002
TEPS for BFS 33 is 40463.3 cyrus 32768
Running BFS 34
Time for BFS 34 is 1.709959
Validating BFS 34
Validate time for BFS 34 is 0.000002
TEPS for BFS 34 is 19163 cyrus 32768
Running BFS 35
Time for BFS 35 is 1.800017
Validating BFS 35
Validate time for BFS 35 is 0.000002
TEPS for BFS 35 is 18204.3 cyrus 32768
Running BFS 36
Time for BFS 36 is 1.849963
Validating BFS 36
Validate time for BFS 36 is 0.000003
TEPS for BFS 36 is 17712.8 cyrus 32768
Running BFS 37
Time for BFS 37 is 1.699989
Validating BFS 37
Validate time for BFS 37 is 0.000003
TEPS for BFS 37 is 19275.4 cyrus 32768
Running BFS 38
Time for BFS 38 is 1.909929
Validating BFS 38
Validate time for BFS 38 is 0.000002
TEPS for BFS 38 is 17156.7 cyrus 32768
Running BFS 39
Time for BFS 39 is 1.879941
Validating BFS 39
Validate time for BFS 39 is 0.000003
TEPS for BFS 39 is 17430.3 cyrus 32768
Running BFS 40
Time for BFS 40 is 1.650016
Validating BFS 40
Validate time for BFS 40 is 0.000002
TEPS for BFS 40 is 19859.2 cyrus 32768
Running BFS 41
Time for BFS 41 is 1.819914
Validating BFS 41
Validate time for BFS 41 is 0.000004
TEPS for BFS 41 is 18005.2 cyrus 32768
Running BFS 42
Time for BFS 42 is 1.769929
Validating BFS 42
Validate time for BFS 42 is 0.000003
TEPS for BFS 42 is 18513.7 cyrus 32768
Running BFS 43
Time for BFS 43 is 1.660052
Validating BFS 43
Validate time for BFS 43 is 0.000003
TEPS for BFS 43 is 19739.1 cyrus 32768
Running BFS 44
Time for BFS 44 is 1.629881
Validating BFS 44
Validate time for BFS 44 is 0.000002
TEPS for BFS 44 is 20104.5 cyrus 32768
Running BFS 45
Time for BFS 45 is 1.650016
Validating BFS 45
Validate time for BFS 45 is 0.000002
TEPS for BFS 45 is 19859.2 cyrus 32768
Running BFS 46
Time for BFS 46 is 1.839956
Validating BFS 46
Validate time for BFS 46 is 0.000003
TEPS for BFS 46 is 17809.1 cyrus 32768
Running BFS 47
Time for BFS 47 is 1.729947
Validating BFS 47
Validate time for BFS 47 is 0.000003
TEPS for BFS 47 is 18941.6 cyrus 32768
Running BFS 48
Time for BFS 48 is 1.759940
Validating BFS 48
Validate time for BFS 48 is 0.000003
TEPS for BFS 48 is 18618.8 cyrus 32768
Running BFS 49
Time for BFS 49 is 1.690013
Validating BFS 49
Validate time for BFS 49 is 0.000003
TEPS for BFS 49 is 19389.2 cyrus 32768
Running BFS 50
Time for BFS 50 is 1.720015
Validating BFS 50
Validate time for BFS 50 is 0.000004
TEPS for BFS 50 is 19051 cyrus 32768
Running BFS 51
Time for BFS 51 is 1.709968
Validating BFS 51
Validate time for BFS 51 is 0.000003
TEPS for BFS 51 is 19162.9 cyrus 32768
Running BFS 52
Time for BFS 52 is 1.810039
Validating BFS 52
Validate time for BFS 52 is 0.000003
TEPS for BFS 52 is 18103.5 cyrus 32768
Running BFS 53
Time for BFS 53 is 1.699935
Validating BFS 53
Validate time for BFS 53 is 0.000002
TEPS for BFS 53 is 19276 cyrus 32768
Running BFS 54
Time for BFS 54 is 1.619944
Validating BFS 54
Validate time for BFS 54 is 0.000002
TEPS for BFS 54 is 20227.9 cyrus 32768
Running BFS 55
Time for BFS 55 is 1.530033
Validating BFS 55
Validate time for BFS 55 is 0.000002
TEPS for BFS 55 is 21416.5 cyrus 32768
Running BFS 56
Time for BFS 56 is 1.510005
Validating BFS 56
Validate time for BFS 56 is 0.000002
TEPS for BFS 56 is 21700.6 cyrus 32768
Running BFS 57
Time for BFS 57 is 1.619913
Validating BFS 57
Validate time for BFS 57 is 0.000002
TEPS for BFS 57 is 20228.2 cyrus 32768
Running BFS 58
Time for BFS 58 is 1.629946
Validating BFS 58
Validate time for BFS 58 is 0.000002
TEPS for BFS 58 is 20103.7 cyrus 32768
Running BFS 59
Time for BFS 59 is 1.620021
Validating BFS 59
Validate time for BFS 59 is 0.000003
TEPS for BFS 59 is 20226.9 cyrus 32768
Running BFS 60
Time for BFS 60 is 1.599927
Validating BFS 60
Validate time for BFS 60 is 0.000003
TEPS for BFS 60 is 20480.9 cyrus 32768
Running BFS 61
Time for BFS 61 is 1.630046
Validating BFS 61
Validate time for BFS 61 is 0.000003
TEPS for BFS 61 is 20102.5 cyrus 32768
Running BFS 62
Time for BFS 62 is 1.709956
Validating BFS 62
Validate time for BFS 62 is 0.000003
TEPS for BFS 62 is 19163.1 cyrus 32768
Running BFS 63
Time for BFS 63 is 1.659930
Validating BFS 63
Validate time for BFS 63 is 0.000003
TEPS for BFS 63 is 19740.6 cyrus 32768
SCALE:                          11
edgefactor:                     16
NBFS:                           64
graph_generation:               3.7445
num_mpi_processes:              32
construction_time:              0.191481
min_time:                       0.809821
firstquartile_time:             1.66499
median_time:                    1.70996
thirdquartile_time:             1.75895
max_time:                       1.90993
mean_time:                      1.69978
stddev_time:                    0.135408
min_nedge:                      32768
firstquartile_nedge:            32768
median_nedge:                   32768
thirdquartile_nedge:            32768
max_nedge:                      32768
mean_nedge:                     32768
stddev_nedge:                   0
min_TEPS:                       17156.7
firstquartile_TEPS:             18629.3
median_TEPS:                    19163
thirdquartile_TEPS:             19680.6
max_TEPS:                       40463.3
harmonic_mean_TEPS:             19277.8
harmonic_stddev_TEPS:           193.48
min_validate:                   1.90735e-06
firstquartile_validate:         1.90735e-06
median_validate:                2.86102e-06
thirdquartile_validate:         3.09944e-06
max_validate:                   4.05312e-06
mean_validate:                  2.59653e-06
stddev_validate:                5.81088e-07
This benchmark was run on 32 MPI Processes, Scale 11, written output_32_11.log
