graph_generation:               54.807520 s
construction_time:              36.151470 s
Running BFS 0
Time for BFS 0 is 18.497102
Validating BFS 0
Validate time for BFS 0 is 0.000002
TEPS for BFS 0 is 1.45123e+07 cyrus 268435456
Running BFS 1
Time for BFS 1 is 19.106775
Validating BFS 1
Validate time for BFS 1 is 0.000008
TEPS for BFS 1 is 1.40492e+07 cyrus 268435456
Running BFS 2
Time for BFS 2 is 16.043398
Validating BFS 2
Validate time for BFS 2 is 0.000007
TEPS for BFS 2 is 1.67318e+07 cyrus 268435456
Running BFS 3
Time for BFS 3 is 15.685119
Validating BFS 3
Validate time for BFS 3 is 0.000002
TEPS for BFS 3 is 1.7114e+07 cyrus 268435456
Running BFS 4
Time for BFS 4 is 15.325887
Validating BFS 4
Validate time for BFS 4 is 0.000002
TEPS for BFS 4 is 1.75152e+07 cyrus 268435456
Running BFS 5
Time for BFS 5 is 15.561706
Validating BFS 5
Validate time for BFS 5 is 0.000001
TEPS for BFS 5 is 1.72497e+07 cyrus 268435456
Running BFS 6
Time for BFS 6 is 16.643780
Validating BFS 6
Validate time for BFS 6 is 0.000001
TEPS for BFS 6 is 1.61283e+07 cyrus 268435456
Running BFS 7
Time for BFS 7 is 13.981612
Validating BFS 7
Validate time for BFS 7 is 0.000007
TEPS for BFS 7 is 1.91992e+07 cyrus 268435456
Running BFS 8
Time for BFS 8 is 13.905316
Validating BFS 8
Validate time for BFS 8 is 0.000007
TEPS for BFS 8 is 1.93045e+07 cyrus 268435456
Running BFS 9
Time for BFS 9 is 20.110609
Validating BFS 9
Validate time for BFS 9 is 0.000005
TEPS for BFS 9 is 1.3348e+07 cyrus 268435456
Running BFS 10
Time for BFS 10 is 15.161208
Validating BFS 10
Validate time for BFS 10 is 0.000004
TEPS for BFS 10 is 1.77054e+07 cyrus 268435456
Running BFS 11
Time for BFS 11 is 17.432818
Validating BFS 11
Validate time for BFS 11 is 0.000006
TEPS for BFS 11 is 1.53983e+07 cyrus 268435456
Running BFS 12
Time for BFS 12 is 13.734424
Validating BFS 12
Validate time for BFS 12 is 0.000005
TEPS for BFS 12 is 1.95447e+07 cyrus 268435456
Running BFS 13
Time for BFS 13 is 13.999799
Validating BFS 13
Validate time for BFS 13 is 0.000005
TEPS for BFS 13 is 1.91742e+07 cyrus 268435456
Running BFS 14
Time for BFS 14 is 16.001653
Validating BFS 14
Validate time for BFS 14 is 0.000007
TEPS for BFS 14 is 1.67755e+07 cyrus 268435456
Running BFS 15
Time for BFS 15 is 16.937329
Validating BFS 15
Validate time for BFS 15 is 0.000006
TEPS for BFS 15 is 1.58487e+07 cyrus 268435456
Running BFS 16
Time for BFS 16 is 16.242599
Validating BFS 16
Validate time for BFS 16 is 0.000008
TEPS for BFS 16 is 1.65266e+07 cyrus 268435456
Running BFS 17
Time for BFS 17 is 16.656001
Validating BFS 17
Validate time for BFS 17 is 0.000003
TEPS for BFS 17 is 1.61164e+07 cyrus 268435456
Running BFS 18
Time for BFS 18 is 15.702596
Validating BFS 18
Validate time for BFS 18 is 0.000007
TEPS for BFS 18 is 1.7095e+07 cyrus 268435456
Running BFS 19
Time for BFS 19 is 15.151729
Validating BFS 19
Validate time for BFS 19 is 0.000006
TEPS for BFS 19 is 1.77165e+07 cyrus 268435456
Running BFS 20
Time for BFS 20 is 13.095655
Validating BFS 20
Validate time for BFS 20 is 0.000005
TEPS for BFS 20 is 2.04981e+07 cyrus 268435456
Running BFS 21
Time for BFS 21 is 16.071630
Validating BFS 21
Validate time for BFS 21 is 0.000006
TEPS for BFS 21 is 1.67024e+07 cyrus 268435456
Running BFS 22
Time for BFS 22 is 17.172392
Validating BFS 22
Validate time for BFS 22 is 0.000007
TEPS for BFS 22 is 1.56318e+07 cyrus 268435456
Running BFS 23
Time for BFS 23 is 12.836485
Validating BFS 23
Validate time for BFS 23 is 0.000006
TEPS for BFS 23 is 2.09119e+07 cyrus 268435456
Running BFS 24
Time for BFS 24 is 13.266785
Validating BFS 24
Validate time for BFS 24 is 0.000010
TEPS for BFS 24 is 2.02336e+07 cyrus 268435456
Running BFS 25
Time for BFS 25 is 14.603975
Validating BFS 25
Validate time for BFS 25 is 0.000007
TEPS for BFS 25 is 1.8381e+07 cyrus 268435456
Running BFS 26
Time for BFS 26 is 14.829279
Validating BFS 26
Validate time for BFS 26 is 0.000006
TEPS for BFS 26 is 1.81017e+07 cyrus 268435456
Running BFS 27
Time for BFS 27 is 14.321578
Validating BFS 27
Validate time for BFS 27 is 0.000008
TEPS for BFS 27 is 1.87434e+07 cyrus 268435456
Running BFS 28
Time for BFS 28 is 15.363266
Validating BFS 28
Validate time for BFS 28 is 0.000008
TEPS for BFS 28 is 1.74726e+07 cyrus 268435456
Running BFS 29
Time for BFS 29 is 14.315574
Validating BFS 29
Validate time for BFS 29 is 0.000007
TEPS for BFS 29 is 1.87513e+07 cyrus 268435456
Running BFS 30
Time for BFS 30 is 13.851555
Validating BFS 30
Validate time for BFS 30 is 0.000008
TEPS for BFS 30 is 1.93794e+07 cyrus 268435456
Running BFS 31
Time for BFS 31 is 15.201292
Validating BFS 31
Validate time for BFS 31 is 0.000007
TEPS for BFS 31 is 1.76587e+07 cyrus 268435456
Running BFS 32
Time for BFS 32 is 14.310596
Validating BFS 32
Validate time for BFS 32 is 0.000006
TEPS for BFS 32 is 1.87578e+07 cyrus 268435456
Running BFS 33
Time for BFS 33 is 14.417238
Validating BFS 33
Validate time for BFS 33 is 0.000006
TEPS for BFS 33 is 1.86191e+07 cyrus 268435456
Running BFS 34
Time for BFS 34 is 18.885087
Validating BFS 34
Validate time for BFS 34 is 0.000009
TEPS for BFS 34 is 1.42141e+07 cyrus 268435456
Running BFS 35
Time for BFS 35 is 15.144733
Validating BFS 35
Validate time for BFS 35 is 0.000005
TEPS for BFS 35 is 1.77247e+07 cyrus 268435456
Running BFS 36
Time for BFS 36 is 12.059786
Validating BFS 36
Validate time for BFS 36 is 0.000007
TEPS for BFS 36 is 2.22587e+07 cyrus 268435456
Running BFS 37
Time for BFS 37 is 15.092314
Validating BFS 37
Validate time for BFS 37 is 0.000008
TEPS for BFS 37 is 1.77862e+07 cyrus 268435456
Running BFS 38
Time for BFS 38 is 18.181182
Validating BFS 38
Validate time for BFS 38 is 0.000007
TEPS for BFS 38 is 1.47645e+07 cyrus 268435456
Running BFS 39
Time for BFS 39 is 19.415425
Validating BFS 39
Validate time for BFS 39 is 0.000008
TEPS for BFS 39 is 1.38259e+07 cyrus 268435456
Running BFS 40
Time for BFS 40 is 14.006522
Validating BFS 40
Validate time for BFS 40 is 0.000008
TEPS for BFS 40 is 1.9165e+07 cyrus 268435456
Running BFS 41
Time for BFS 41 is 13.724837
Validating BFS 41
Validate time for BFS 41 is 0.000009
TEPS for BFS 41 is 1.95584e+07 cyrus 268435456
Running BFS 42
Time for BFS 42 is 23.317618
Validating BFS 42
Validate time for BFS 42 is 0.000006
TEPS for BFS 42 is 1.15121e+07 cyrus 268435456
Running BFS 43
Time for BFS 43 is 16.726262
Validating BFS 43
Validate time for BFS 43 is 0.000005
TEPS for BFS 43 is 1.60487e+07 cyrus 268435456
Running BFS 44
Time for BFS 44 is 16.804624
Validating BFS 44
Validate time for BFS 44 is 0.000008
TEPS for BFS 44 is 1.59739e+07 cyrus 268435456
Running BFS 45
Time for BFS 45 is 16.038021
Validating BFS 45
Validate time for BFS 45 is 0.000009
TEPS for BFS 45 is 1.67374e+07 cyrus 268435456
Running BFS 46
Time for BFS 46 is 15.136669
Validating BFS 46
Validate time for BFS 46 is 0.000008
TEPS for BFS 46 is 1.77341e+07 cyrus 268435456
Running BFS 47
Time for BFS 47 is 16.380806
Validating BFS 47
Validate time for BFS 47 is 0.000009
TEPS for BFS 47 is 1.63872e+07 cyrus 268435456
Running BFS 48
Time for BFS 48 is 13.800014
Validating BFS 48
Validate time for BFS 48 is 0.000007
TEPS for BFS 48 is 1.94518e+07 cyrus 268435456
Running BFS 49
Time for BFS 49 is 16.012488
Validating BFS 49
Validate time for BFS 49 is 0.000006
TEPS for BFS 49 is 1.67641e+07 cyrus 268435456
Running BFS 50
Time for BFS 50 is 18.242960
Validating BFS 50
Validate time for BFS 50 is 0.000006
TEPS for BFS 50 is 1.47145e+07 cyrus 268435456
Running BFS 51
Time for BFS 51 is 16.311999
Validating BFS 51
Validate time for BFS 51 is 0.000006
TEPS for BFS 51 is 1.64563e+07 cyrus 268435456
Running BFS 52
Time for BFS 52 is 14.279179
Validating BFS 52
Validate time for BFS 52 is 0.000006
TEPS for BFS 52 is 1.87991e+07 cyrus 268435456
Running BFS 53
Time for BFS 53 is 16.831888
Validating BFS 53
Validate time for BFS 53 is 0.000006
TEPS for BFS 53 is 1.5948e+07 cyrus 268435456
Running BFS 54
Time for BFS 54 is 15.801586
Validating BFS 54
Validate time for BFS 54 is 0.000005
TEPS for BFS 54 is 1.69879e+07 cyrus 268435456
Running BFS 55
Time for BFS 55 is 13.692294
Validating BFS 55
Validate time for BFS 55 is 0.000007
TEPS for BFS 55 is 1.96049e+07 cyrus 268435456
Running BFS 56
Time for BFS 56 is 14.292989
Validating BFS 56
Validate time for BFS 56 is 0.000011
TEPS for BFS 56 is 1.87809e+07 cyrus 268435456
Running BFS 57
Time for BFS 57 is 15.165239
Validating BFS 57
Validate time for BFS 57 is 0.000008
TEPS for BFS 57 is 1.77007e+07 cyrus 268435456
Running BFS 58
Time for BFS 58 is 13.695066
Validating BFS 58
Validate time for BFS 58 is 0.000012
TEPS for BFS 58 is 1.96009e+07 cyrus 268435456
Running BFS 59
Time for BFS 59 is 13.674533
Validating BFS 59
Validate time for BFS 59 is 0.000009
TEPS for BFS 59 is 1.96303e+07 cyrus 268435456
Running BFS 60
Time for BFS 60 is 15.606565
Validating BFS 60
Validate time for BFS 60 is 0.000008
TEPS for BFS 60 is 1.72002e+07 cyrus 268435456
Running BFS 61
Time for BFS 61 is 14.036866
Validating BFS 61
Validate time for BFS 61 is 0.000007
TEPS for BFS 61 is 1.91236e+07 cyrus 268435456
Running BFS 62
Time for BFS 62 is 13.911802
Validating BFS 62
Validate time for BFS 62 is 0.000009
TEPS for BFS 62 is 1.92955e+07 cyrus 268435456
Running BFS 63
Time for BFS 63 is 15.156083
Validating BFS 63
Validate time for BFS 63 is 0.000004
TEPS for BFS 63 is 1.77114e+07 cyrus 268435456
SCALE:                          24
edgefactor:                     16
NBFS:                           64
graph_generation:               54.8075
num_mpi_processes:              128
construction_time:              36.1515
min_time:                       12.0598
firstquartile_time:             14.0217
median_time:                    15.1833
thirdquartile_time:             16.5123
max_time:                       23.3176
mean_time:                      15.5776
stddev_time:                    1.9572
min_nedge:                      268435456
firstquartile_nedge:            268435456
median_nedge:                   268435456
thirdquartile_nedge:            268435456
max_nedge:                      268435456
mean_nedge:                     268435456
stddev_nedge:                   0
min_TEPS:                       1.15121e+07
firstquartile_TEPS:             1.62567e+07
median_TEPS:                    1.76797e+07
thirdquartile_TEPS:             1.91443e+07
max_TEPS:                       2.22587e+07
harmonic_mean_TEPS:             1.72322e+07
harmonic_stddev_TEPS:           272776
min_validate:                   9.53674e-07
firstquartile_validate:         5.96046e-06
median_validate:                6.91414e-06
thirdquartile_validate:         8.10623e-06
max_validate:                   1.19209e-05
mean_validate:                  6.53788e-06
stddev_validate:                2.17222e-06
This benchmark was run on 128 MPI Processes, Scale 24, written output_128_24.log
