graph_generation:               1.132533 s
construction_time:              0.170666 s
Running BFS 0
Time for BFS 0 is 0.329215
Validating BFS 0
Validate time for BFS 0 is 0.000003
TEPS for BFS 0 is 1555.22 cyrus 512
Running BFS 1
Time for BFS 1 is 0.240040
Validating BFS 1
Validate time for BFS 1 is 0.000003
TEPS for BFS 1 is 2132.98 cyrus 512
Running BFS 2
Time for BFS 2 is 0.240069
Validating BFS 2
Validate time for BFS 2 is 0.000002
TEPS for BFS 2 is 2132.72 cyrus 512
Running BFS 3
Time for BFS 3 is 0.319906
Validating BFS 3
Validate time for BFS 3 is 0.000002
TEPS for BFS 3 is 1600.47 cyrus 512
Running BFS 4
Time for BFS 4 is 0.249953
Validating BFS 4
Validate time for BFS 4 is 0.000002
TEPS for BFS 4 is 2048.38 cyrus 512
Running BFS 5
Time for BFS 5 is 0.350077
Validating BFS 5
Validate time for BFS 5 is 0.000003
TEPS for BFS 5 is 1462.54 cyrus 512
Running BFS 6
Time for BFS 6 is 0.230049
Validating BFS 6
Validate time for BFS 6 is 0.000002
TEPS for BFS 6 is 2225.61 cyrus 512
Running BFS 7
Time for BFS 7 is 0.349941
Validating BFS 7
Validate time for BFS 7 is 0.000003
TEPS for BFS 7 is 1463.1 cyrus 512
Running BFS 8
Time for BFS 8 is 0.260395
Validating BFS 8
Validate time for BFS 8 is 0.000002
TEPS for BFS 8 is 1966.24 cyrus 512
Running BFS 9
Time for BFS 9 is 0.239917
Validating BFS 9
Validate time for BFS 9 is 0.000002
TEPS for BFS 9 is 2134.07 cyrus 512
Running BFS 10
Time for BFS 10 is 0.349994
Validating BFS 10
Validate time for BFS 10 is 0.000003
TEPS for BFS 10 is 1462.88 cyrus 512
Running BFS 11
Time for BFS 11 is 0.250013
Validating BFS 11
Validate time for BFS 11 is 0.000003
TEPS for BFS 11 is 2047.89 cyrus 512
Running BFS 12
Time for BFS 12 is 0.249765
Validating BFS 12
Validate time for BFS 12 is 0.000002
TEPS for BFS 12 is 2049.93 cyrus 512
Running BFS 13
Time for BFS 13 is 0.369883
Validating BFS 13
Validate time for BFS 13 is 0.000003
TEPS for BFS 13 is 1384.22 cyrus 512
Running BFS 14
Time for BFS 14 is 0.349870
Validating BFS 14
Validate time for BFS 14 is 0.000003
TEPS for BFS 14 is 1463.4 cyrus 512
Running BFS 15
Time for BFS 15 is 0.250111
Validating BFS 15
Validate time for BFS 15 is 0.000003
TEPS for BFS 15 is 2047.09 cyrus 512
Running BFS 16
Time for BFS 16 is 0.350400
Validating BFS 16
Validate time for BFS 16 is 0.000003
TEPS for BFS 16 is 1461.19 cyrus 512
Running BFS 17
Time for BFS 17 is 0.339871
Validating BFS 17
Validate time for BFS 17 is 0.000003
TEPS for BFS 17 is 1506.45 cyrus 512
Running BFS 18
Time for BFS 18 is 0.240048
Validating BFS 18
Validate time for BFS 18 is 0.000003
TEPS for BFS 18 is 2132.91 cyrus 512
Running BFS 19
Time for BFS 19 is 0.350014
Validating BFS 19
Validate time for BFS 19 is 0.000004
TEPS for BFS 19 is 1462.8 cyrus 512
Running BFS 20
Time for BFS 20 is 0.339684
Validating BFS 20
Validate time for BFS 20 is 0.000004
TEPS for BFS 20 is 1507.28 cyrus 512
Running BFS 21
Time for BFS 21 is 0.230063
Validating BFS 21
Validate time for BFS 21 is 0.000003
TEPS for BFS 21 is 2225.48 cyrus 512
Running BFS 22
Time for BFS 22 is 0.299808
Validating BFS 22
Validate time for BFS 22 is 0.000003
TEPS for BFS 22 is 1707.76 cyrus 512
Running BFS 23
Time for BFS 23 is 0.329857
Validating BFS 23
Validate time for BFS 23 is 0.000003
TEPS for BFS 23 is 1552.19 cyrus 512
Running BFS 24
Time for BFS 24 is 0.290174
Validating BFS 24
Validate time for BFS 24 is 0.000003
TEPS for BFS 24 is 1764.46 cyrus 512
Running BFS 25
Time for BFS 25 is 0.319752
Validating BFS 25
Validate time for BFS 25 is 0.000003
TEPS for BFS 25 is 1601.24 cyrus 512
Running BFS 26
Time for BFS 26 is 0.249731
Validating BFS 26
Validate time for BFS 26 is 0.000003
TEPS for BFS 26 is 2050.21 cyrus 512
Running BFS 27
Time for BFS 27 is 0.239837
Validating BFS 27
Validate time for BFS 27 is 0.000003
TEPS for BFS 27 is 2134.78 cyrus 512
Running BFS 28
Time for BFS 28 is 0.250113
Validating BFS 28
Validate time for BFS 28 is 0.000003
TEPS for BFS 28 is 2047.07 cyrus 512
Running BFS 29
Time for BFS 29 is 0.239854
Validating BFS 29
Validate time for BFS 29 is 0.000002
TEPS for BFS 29 is 2134.63 cyrus 512
Running BFS 30
Time for BFS 30 is 0.349842
Validating BFS 30
Validate time for BFS 30 is 0.000004
TEPS for BFS 30 is 1463.52 cyrus 512
Running BFS 31
Time for BFS 31 is 0.249654
Validating BFS 31
Validate time for BFS 31 is 0.000003
TEPS for BFS 31 is 2050.84 cyrus 512
Running BFS 32
Time for BFS 32 is 0.350146
Validating BFS 32
Validate time for BFS 32 is 0.000002
TEPS for BFS 32 is 1462.25 cyrus 512
Running BFS 33
Time for BFS 33 is 0.029946
Validating BFS 33
Validate time for BFS 33 is 0.000003
TEPS for BFS 33 is 17097.5 cyrus 512
Running BFS 34
Time for BFS 34 is 0.249739
Validating BFS 34
Validate time for BFS 34 is 0.000003
TEPS for BFS 34 is 2050.14 cyrus 512
Running BFS 35
Time for BFS 35 is 0.239897
Validating BFS 35
Validate time for BFS 35 is 0.000003
TEPS for BFS 35 is 2134.25 cyrus 512
Running BFS 36
Time for BFS 36 is 0.240178
Validating BFS 36
Validate time for BFS 36 is 0.000003
TEPS for BFS 36 is 2131.75 cyrus 512
Running BFS 37
Time for BFS 37 is 0.349812
Validating BFS 37
Validate time for BFS 37 is 0.000003
TEPS for BFS 37 is 1463.64 cyrus 512
Running BFS 38
Time for BFS 38 is 0.349797
Validating BFS 38
Validate time for BFS 38 is 0.000003
TEPS for BFS 38 is 1463.71 cyrus 512
Running BFS 39
Time for BFS 39 is 0.330204
Validating BFS 39
Validate time for BFS 39 is 0.000003
TEPS for BFS 39 is 1550.56 cyrus 512
Running BFS 40
Time for BFS 40 is 0.309810
Validating BFS 40
Validate time for BFS 40 is 0.000003
TEPS for BFS 40 is 1652.63 cyrus 512
Running BFS 41
Time for BFS 41 is 0.239919
Validating BFS 41
Validate time for BFS 41 is 0.000003
TEPS for BFS 41 is 2134.05 cyrus 512
Running BFS 42
Time for BFS 42 is 0.349786
Validating BFS 42
Validate time for BFS 42 is 0.000003
TEPS for BFS 42 is 1463.75 cyrus 512
Running BFS 43
Time for BFS 43 is 0.240054
Validating BFS 43
Validate time for BFS 43 is 0.000002
TEPS for BFS 43 is 2132.85 cyrus 512
Running BFS 44
Time for BFS 44 is 0.349940
Validating BFS 44
Validate time for BFS 44 is 0.000002
TEPS for BFS 44 is 1463.11 cyrus 512
Running BFS 45
Time for BFS 45 is 0.349836
Validating BFS 45
Validate time for BFS 45 is 0.000003
TEPS for BFS 45 is 1463.54 cyrus 512
Running BFS 46
Time for BFS 46 is 0.300160
Validating BFS 46
Validate time for BFS 46 is 0.000002
TEPS for BFS 46 is 1705.76 cyrus 512
Running BFS 47
Time for BFS 47 is 0.319640
Validating BFS 47
Validate time for BFS 47 is 0.000003
TEPS for BFS 47 is 1601.8 cyrus 512
Running BFS 48
Time for BFS 48 is 0.049934
Validating BFS 48
Validate time for BFS 48 is 0.000003
TEPS for BFS 48 is 10253.6 cyrus 512
Running BFS 49
Time for BFS 49 is 0.389865
Validating BFS 49
Validate time for BFS 49 is 0.000002
TEPS for BFS 49 is 1313.28 cyrus 512
Running BFS 50
Time for BFS 50 is 0.250205
Validating BFS 50
Validate time for BFS 50 is 0.000002
TEPS for BFS 50 is 2046.32 cyrus 512
Running BFS 51
Time for BFS 51 is 0.299774
Validating BFS 51
Validate time for BFS 51 is 0.000003
TEPS for BFS 51 is 1707.95 cyrus 512
Running BFS 52
Time for BFS 52 is 0.229803
Validating BFS 52
Validate time for BFS 52 is 0.000004
TEPS for BFS 52 is 2228 cyrus 512
Running BFS 53
Time for BFS 53 is 0.059795
Validating BFS 53
Validate time for BFS 53 is 0.000002
TEPS for BFS 53 is 8562.6 cyrus 512
Running BFS 54
Time for BFS 54 is 0.009893
Validating BFS 54
Validate time for BFS 54 is 0.000002
TEPS for BFS 54 is 51754.1 cyrus 512
Running BFS 55
Time for BFS 55 is 0.280069
Validating BFS 55
Validate time for BFS 55 is 0.000002
TEPS for BFS 55 is 1828.12 cyrus 512
Running BFS 56
Time for BFS 56 is 0.219766
Validating BFS 56
Validate time for BFS 56 is 0.000003
TEPS for BFS 56 is 2329.75 cyrus 512
Running BFS 57
Time for BFS 57 is 0.349833
Validating BFS 57
Validate time for BFS 57 is 0.000004
TEPS for BFS 57 is 1463.56 cyrus 512
Running BFS 58
Time for BFS 58 is 0.269883
Validating BFS 58
Validate time for BFS 58 is 0.000004
TEPS for BFS 58 is 1897.12 cyrus 512
Running BFS 59
Time for BFS 59 is 0.220055
Validating BFS 59
Validate time for BFS 59 is 0.000003
TEPS for BFS 59 is 2326.69 cyrus 512
Running BFS 60
Time for BFS 60 is 0.349734
Validating BFS 60
Validate time for BFS 60 is 0.000003
TEPS for BFS 60 is 1463.97 cyrus 512
Running BFS 61
Time for BFS 61 is 0.259848
Validating BFS 61
Validate time for BFS 61 is 0.000003
TEPS for BFS 61 is 1970.38 cyrus 512
Running BFS 62
Time for BFS 62 is 0.350186
Validating BFS 62
Validate time for BFS 62 is 0.000002
TEPS for BFS 62 is 1462.08 cyrus 512
Running BFS 63
Time for BFS 63 is 0.350339
Validating BFS 63
Validate time for BFS 63 is 0.000002
TEPS for BFS 63 is 1461.44 cyrus 512
SCALE:                          5
edgefactor:                     16
NBFS:                           64
graph_generation:               1.13253
num_mpi_processes:              32
construction_time:              0.170666
min_time:                       0.00989294
firstquartile_time:             0.240051
median_time:                    0.285121
thirdquartile_time:             0.349805
max_time:                       0.389865
mean_time:                      0.278684
stddev_time:                    0.0798275
min_nedge:                      512
firstquartile_nedge:            512
median_nedge:                   512
thirdquartile_nedge:            512
max_nedge:                      512
mean_nedge:                     512
stddev_nedge:                   0
min_TEPS:                       1313.28
firstquartile_TEPS:             1463.67
median_TEPS:                    1795.73
thirdquartile_TEPS:             2132.88
max_TEPS:                       51754.1
harmonic_mean_TEPS:             1837.21
harmonic_stddev_TEPS:           66.3025
min_validate:                   1.90735e-06
firstquartile_validate:         2.14577e-06
median_validate:                2.86102e-06
thirdquartile_validate:         3.09944e-06
max_validate:                   4.05312e-06
mean_validate:                  2.79397e-06
stddev_validate:                6.10396e-07
This benchmark was run on 32 MPI Processes, Scale 5, written output_32_5.log
