graph_generation:               1.833185 s
construction_time:              0.170291 s
Running BFS 0
Time for BFS 0 is 0.299346
Validating BFS 0
Validate time for BFS 0 is 0.000002
TEPS for BFS 0 is 3420.79 cyrus 1024
Running BFS 1
Time for BFS 1 is 0.210030
Validating BFS 1
Validate time for BFS 1 is 0.000002
TEPS for BFS 1 is 4875.49 cyrus 1024
Running BFS 2
Time for BFS 2 is 0.219760
Validating BFS 2
Validate time for BFS 2 is 0.000003
TEPS for BFS 2 is 4659.63 cyrus 1024
Running BFS 3
Time for BFS 3 is 0.300250
Validating BFS 3
Validate time for BFS 3 is 0.000003
TEPS for BFS 3 is 3410.49 cyrus 1024
Running BFS 4
Time for BFS 4 is 0.299809
Validating BFS 4
Validate time for BFS 4 is 0.000003
TEPS for BFS 4 is 3415.51 cyrus 1024
Running BFS 5
Time for BFS 5 is 0.319844
Validating BFS 5
Validate time for BFS 5 is 0.000004
TEPS for BFS 5 is 3201.56 cyrus 1024
Running BFS 6
Time for BFS 6 is 0.300122
Validating BFS 6
Validate time for BFS 6 is 0.000003
TEPS for BFS 6 is 3411.95 cyrus 1024
Running BFS 7
Time for BFS 7 is 0.309929
Validating BFS 7
Validate time for BFS 7 is 0.000003
TEPS for BFS 7 is 3303.98 cyrus 1024
Running BFS 8
Time for BFS 8 is 0.299782
Validating BFS 8
Validate time for BFS 8 is 0.000003
TEPS for BFS 8 is 3415.82 cyrus 1024
Running BFS 9
Time for BFS 9 is 0.310288
Validating BFS 9
Validate time for BFS 9 is 0.000003
TEPS for BFS 9 is 3300.16 cyrus 1024
Running BFS 10
Time for BFS 10 is 0.209751
Validating BFS 10
Validate time for BFS 10 is 0.000003
TEPS for BFS 10 is 4881.98 cyrus 1024
Running BFS 11
Time for BFS 11 is 0.409972
Validating BFS 11
Validate time for BFS 11 is 0.000004
TEPS for BFS 11 is 2497.73 cyrus 1024
Running BFS 12
Time for BFS 12 is 0.310258
Validating BFS 12
Validate time for BFS 12 is 0.000003
TEPS for BFS 12 is 3300.48 cyrus 1024
Running BFS 13
Time for BFS 13 is 0.309767
Validating BFS 13
Validate time for BFS 13 is 0.000003
TEPS for BFS 13 is 3305.71 cyrus 1024
Running BFS 14
Time for BFS 14 is 0.319839
Validating BFS 14
Validate time for BFS 14 is 0.000004
TEPS for BFS 14 is 3201.61 cyrus 1024
Running BFS 15
Time for BFS 15 is 0.309829
Validating BFS 15
Validate time for BFS 15 is 0.000003
TEPS for BFS 15 is 3305.05 cyrus 1024
Running BFS 16
Time for BFS 16 is 0.310173
Validating BFS 16
Validate time for BFS 16 is 0.000003
TEPS for BFS 16 is 3301.38 cyrus 1024
Running BFS 17
Time for BFS 17 is 0.219892
Validating BFS 17
Validate time for BFS 17 is 0.000002
TEPS for BFS 17 is 4656.83 cyrus 1024
Running BFS 18
Time for BFS 18 is 0.319725
Validating BFS 18
Validate time for BFS 18 is 0.000004
TEPS for BFS 18 is 3202.75 cyrus 1024
Running BFS 19
Time for BFS 19 is 0.310358
Validating BFS 19
Validate time for BFS 19 is 0.000004
TEPS for BFS 19 is 3299.42 cyrus 1024
Running BFS 20
Time for BFS 20 is 0.299670
Validating BFS 20
Validate time for BFS 20 is 0.000003
TEPS for BFS 20 is 3417.09 cyrus 1024
Running BFS 21
Time for BFS 21 is 0.339853
Validating BFS 21
Validate time for BFS 21 is 0.000003
TEPS for BFS 21 is 3013.07 cyrus 1024
Running BFS 22
Time for BFS 22 is 0.310310
Validating BFS 22
Validate time for BFS 22 is 0.000003
TEPS for BFS 22 is 3299.93 cyrus 1024
Running BFS 23
Time for BFS 23 is 0.319738
Validating BFS 23
Validate time for BFS 23 is 0.000002
TEPS for BFS 23 is 3202.62 cyrus 1024
Running BFS 24
Time for BFS 24 is 0.299778
Validating BFS 24
Validate time for BFS 24 is 0.000004
TEPS for BFS 24 is 3415.86 cyrus 1024
Running BFS 25
Time for BFS 25 is 0.299845
Validating BFS 25
Validate time for BFS 25 is 0.000003
TEPS for BFS 25 is 3415.1 cyrus 1024
Running BFS 26
Time for BFS 26 is 0.300125
Validating BFS 26
Validate time for BFS 26 is 0.000002
TEPS for BFS 26 is 3411.91 cyrus 1024
Running BFS 27
Time for BFS 27 is 0.299813
Validating BFS 27
Validate time for BFS 27 is 0.000003
TEPS for BFS 27 is 3415.46 cyrus 1024
Running BFS 28
Time for BFS 28 is 0.299838
Validating BFS 28
Validate time for BFS 28 is 0.000002
TEPS for BFS 28 is 3415.18 cyrus 1024
Running BFS 29
Time for BFS 29 is 0.210166
Validating BFS 29
Validate time for BFS 29 is 0.000002
TEPS for BFS 29 is 4872.34 cyrus 1024
Running BFS 30
Time for BFS 30 is 0.290002
Validating BFS 30
Validate time for BFS 30 is 0.000054
TEPS for BFS 30 is 3531.01 cyrus 1024
Running BFS 31
Time for BFS 31 is 0.299795
Validating BFS 31
Validate time for BFS 31 is 0.000003
TEPS for BFS 31 is 3415.67 cyrus 1024
Running BFS 32
Time for BFS 32 is 0.300025
Validating BFS 32
Validate time for BFS 32 is 0.000003
TEPS for BFS 32 is 3413.05 cyrus 1024
Running BFS 33
Time for BFS 33 is 0.300070
Validating BFS 33
Validate time for BFS 33 is 0.000002
TEPS for BFS 33 is 3412.54 cyrus 1024
Running BFS 34
Time for BFS 34 is 0.299810
Validating BFS 34
Validate time for BFS 34 is 0.000003
TEPS for BFS 34 is 3415.49 cyrus 1024
Running BFS 35
Time for BFS 35 is 0.299836
Validating BFS 35
Validate time for BFS 35 is 0.000004
TEPS for BFS 35 is 3415.2 cyrus 1024
Running BFS 36
Time for BFS 36 is 0.310136
Validating BFS 36
Validate time for BFS 36 is 0.000003
TEPS for BFS 36 is 3301.78 cyrus 1024
Running BFS 37
Time for BFS 37 is 0.339776
Validating BFS 37
Validate time for BFS 37 is 0.000003
TEPS for BFS 37 is 3013.75 cyrus 1024
Running BFS 38
Time for BFS 38 is 0.349841
Validating BFS 38
Validate time for BFS 38 is 0.000003
TEPS for BFS 38 is 2927.05 cyrus 1024
Running BFS 39
Time for BFS 39 is 0.309871
Validating BFS 39
Validate time for BFS 39 is 0.000004
TEPS for BFS 39 is 3304.6 cyrus 1024
Running BFS 40
Time for BFS 40 is 0.299794
Validating BFS 40
Validate time for BFS 40 is 0.000002
TEPS for BFS 40 is 3415.68 cyrus 1024
Running BFS 41
Time for BFS 41 is 0.289993
Validating BFS 41
Validate time for BFS 41 is 0.000004
TEPS for BFS 41 is 3531.12 cyrus 1024
Running BFS 42
Time for BFS 42 is 0.300216
Validating BFS 42
Validate time for BFS 42 is 0.000003
TEPS for BFS 42 is 3410.88 cyrus 1024
Running BFS 43
Time for BFS 43 is 0.299801
Validating BFS 43
Validate time for BFS 43 is 0.000004
TEPS for BFS 43 is 3415.6 cyrus 1024
Running BFS 44
Time for BFS 44 is 0.300211
Validating BFS 44
Validate time for BFS 44 is 0.000004
TEPS for BFS 44 is 3410.93 cyrus 1024
Running BFS 45
Time for BFS 45 is 0.299439
Validating BFS 45
Validate time for BFS 45 is 0.000003
TEPS for BFS 45 is 3419.73 cyrus 1024
Running BFS 46
Time for BFS 46 is 0.210050
Validating BFS 46
Validate time for BFS 46 is 0.000003
TEPS for BFS 46 is 4875.03 cyrus 1024
Running BFS 47
Time for BFS 47 is 0.339853
Validating BFS 47
Validate time for BFS 47 is 0.000003
TEPS for BFS 47 is 3013.07 cyrus 1024
Running BFS 48
Time for BFS 48 is 0.349814
Validating BFS 48
Validate time for BFS 48 is 0.000003
TEPS for BFS 48 is 2927.27 cyrus 1024
Running BFS 49
Time for BFS 49 is 0.330324
Validating BFS 49
Validate time for BFS 49 is 0.000003
TEPS for BFS 49 is 3099.99 cyrus 1024
Running BFS 50
Time for BFS 50 is 0.299791
Validating BFS 50
Validate time for BFS 50 is 0.000003
TEPS for BFS 50 is 3415.71 cyrus 1024
Running BFS 51
Time for BFS 51 is 0.299850
Validating BFS 51
Validate time for BFS 51 is 0.000003
TEPS for BFS 51 is 3415.04 cyrus 1024
Running BFS 52
Time for BFS 52 is 0.300177
Validating BFS 52
Validate time for BFS 52 is 0.000003
TEPS for BFS 52 is 3411.32 cyrus 1024
Running BFS 53
Time for BFS 53 is 0.309773
Validating BFS 53
Validate time for BFS 53 is 0.000003
TEPS for BFS 53 is 3305.65 cyrus 1024
Running BFS 54
Time for BFS 54 is 0.209903
Validating BFS 54
Validate time for BFS 54 is 0.000004
TEPS for BFS 54 is 4878.44 cyrus 1024
Running BFS 55
Time for BFS 55 is 0.299833
Validating BFS 55
Validate time for BFS 55 is 0.000002
TEPS for BFS 55 is 3415.23 cyrus 1024
Running BFS 56
Time for BFS 56 is 0.300103
Validating BFS 56
Validate time for BFS 56 is 0.000003
TEPS for BFS 56 is 3412.16 cyrus 1024
Running BFS 57
Time for BFS 57 is 0.309753
Validating BFS 57
Validate time for BFS 57 is 0.000003
TEPS for BFS 57 is 3305.86 cyrus 1024
Running BFS 58
Time for BFS 58 is 0.309849
Validating BFS 58
Validate time for BFS 58 is 0.000003
TEPS for BFS 58 is 3304.84 cyrus 1024
Running BFS 59
Time for BFS 59 is 0.300191
Validating BFS 59
Validate time for BFS 59 is 0.000002
TEPS for BFS 59 is 3411.16 cyrus 1024
Running BFS 60
Time for BFS 60 is 0.329852
Validating BFS 60
Validate time for BFS 60 is 0.000003
TEPS for BFS 60 is 3104.42 cyrus 1024
Running BFS 61
Time for BFS 61 is 0.299943
Validating BFS 61
Validate time for BFS 61 is 0.000002
TEPS for BFS 61 is 3413.98 cyrus 1024
Running BFS 62
Time for BFS 62 is 0.300098
Validating BFS 62
Validate time for BFS 62 is 0.000002
TEPS for BFS 62 is 3412.22 cyrus 1024
Running BFS 63
Time for BFS 63 is 0.209997
Validating BFS 63
Validate time for BFS 63 is 0.000003
TEPS for BFS 63 is 4876.26 cyrus 1024
SCALE:                          6
edgefactor:                     16
NBFS:                           64
graph_generation:               1.83318
num_mpi_processes:              32
construction_time:              0.170291
min_time:                       0.209751
firstquartile_time:             0.299793
median_time:                    0.300112
thirdquartile_time:             0.310216
max_time:                       0.409972
mean_time:                      0.298057
stddev_time:                    0.0373605
min_nedge:                      1024
firstquartile_nedge:            1024
median_nedge:                   1024
thirdquartile_nedge:            1024
max_nedge:                      1024
mean_nedge:                     1024
stddev_nedge:                   0
min_TEPS:                       2497.73
firstquartile_TEPS:             3300.93
median_TEPS:                    3412.05
thirdquartile_TEPS:             3415.7
max_TEPS:                       4881.98
harmonic_mean_TEPS:             3435.59
harmonic_stddev_TEPS:           54.2556
min_validate:                   1.90735e-06
firstquartile_validate:         2.86102e-06
median_validate:                2.86102e-06
thirdquartile_validate:         3.09944e-06
max_validate:                   5.38826e-05
mean_validate:                  3.76627e-06
stddev_validate:                6.39366e-06
This benchmark was run on 32 MPI Processes, Scale 6, written output_32_6.log
