graph_generation:               54.276687 s
construction_time:              28.302569 s
Running BFS 0
Time for BFS 0 is 11.912767
Validating BFS 0
Validate time for BFS 0 is 0.000002
TEPS for BFS 0 is 1.12667e+07 cyrus 134217728
Running BFS 1
Time for BFS 1 is 11.512323
Validating BFS 1
Validate time for BFS 1 is 0.000006
TEPS for BFS 1 is 1.16586e+07 cyrus 134217728
Running BFS 2
Time for BFS 2 is 8.049497
Validating BFS 2
Validate time for BFS 2 is 0.000007
TEPS for BFS 2 is 1.66741e+07 cyrus 134217728
Running BFS 3
Time for BFS 3 is 9.986388
Validating BFS 3
Validate time for BFS 3 is 0.000003
TEPS for BFS 3 is 1.34401e+07 cyrus 134217728
Running BFS 4
Time for BFS 4 is 12.869898
Validating BFS 4
Validate time for BFS 4 is 0.000004
TEPS for BFS 4 is 1.04288e+07 cyrus 134217728
Running BFS 5
Time for BFS 5 is 6.775780
Validating BFS 5
Validate time for BFS 5 is 0.000004
TEPS for BFS 5 is 1.98085e+07 cyrus 134217728
Running BFS 6
Time for BFS 6 is 7.916813
Validating BFS 6
Validate time for BFS 6 is 0.000009
TEPS for BFS 6 is 1.69535e+07 cyrus 134217728
Running BFS 7
Time for BFS 7 is 9.087880
Validating BFS 7
Validate time for BFS 7 is 0.000003
TEPS for BFS 7 is 1.47689e+07 cyrus 134217728
Running BFS 8
Time for BFS 8 is 7.189507
Validating BFS 8
Validate time for BFS 8 is 0.000007
TEPS for BFS 8 is 1.86686e+07 cyrus 134217728
Running BFS 9
Time for BFS 9 is 8.846769
Validating BFS 9
Validate time for BFS 9 is 0.000007
TEPS for BFS 9 is 1.51714e+07 cyrus 134217728
Running BFS 10
Time for BFS 10 is 9.330200
Validating BFS 10
Validate time for BFS 10 is 0.000004
TEPS for BFS 10 is 1.43853e+07 cyrus 134217728
Running BFS 11
Time for BFS 11 is 9.128827
Validating BFS 11
Validate time for BFS 11 is 0.000007
TEPS for BFS 11 is 1.47026e+07 cyrus 134217728
Running BFS 12
Time for BFS 12 is 11.432998
Validating BFS 12
Validate time for BFS 12 is 0.000003
TEPS for BFS 12 is 1.17395e+07 cyrus 134217728
Running BFS 13
Time for BFS 13 is 8.738794
Validating BFS 13
Validate time for BFS 13 is 0.000012
TEPS for BFS 13 is 1.53588e+07 cyrus 134217728
Running BFS 14
Time for BFS 14 is 8.545256
Validating BFS 14
Validate time for BFS 14 is 0.000008
TEPS for BFS 14 is 1.57067e+07 cyrus 134217728
Running BFS 15
Time for BFS 15 is 9.613765
Validating BFS 15
Validate time for BFS 15 is 0.000011
TEPS for BFS 15 is 1.3961e+07 cyrus 134217728
Running BFS 16
Time for BFS 16 is 6.985463
Validating BFS 16
Validate time for BFS 16 is 0.000007
TEPS for BFS 16 is 1.92139e+07 cyrus 134217728
Running BFS 17
Time for BFS 17 is 9.739654
Validating BFS 17
Validate time for BFS 17 is 0.000004
TEPS for BFS 17 is 1.37805e+07 cyrus 134217728
Running BFS 18
Time for BFS 18 is 10.073689
Validating BFS 18
Validate time for BFS 18 is 0.000005
TEPS for BFS 18 is 1.33236e+07 cyrus 134217728
Running BFS 19
Time for BFS 19 is 8.330445
Validating BFS 19
Validate time for BFS 19 is 0.000006
TEPS for BFS 19 is 1.61117e+07 cyrus 134217728
Running BFS 20
Time for BFS 20 is 8.105180
Validating BFS 20
Validate time for BFS 20 is 0.000006
TEPS for BFS 20 is 1.65595e+07 cyrus 134217728
Running BFS 21
Time for BFS 21 is 8.842029
Validating BFS 21
Validate time for BFS 21 is 0.000012
TEPS for BFS 21 is 1.51795e+07 cyrus 134217728
Running BFS 22
Time for BFS 22 is 8.030681
Validating BFS 22
Validate time for BFS 22 is 0.000006
TEPS for BFS 22 is 1.67131e+07 cyrus 134217728
Running BFS 23
Time for BFS 23 is 7.628416
Validating BFS 23
Validate time for BFS 23 is 0.000003
TEPS for BFS 23 is 1.75944e+07 cyrus 134217728
Running BFS 24
Time for BFS 24 is 11.913172
Validating BFS 24
Validate time for BFS 24 is 0.000006
TEPS for BFS 24 is 1.12663e+07 cyrus 134217728
Running BFS 25
Time for BFS 25 is 7.150666
Validating BFS 25
Validate time for BFS 25 is 0.000006
TEPS for BFS 25 is 1.877e+07 cyrus 134217728
Running BFS 26
Time for BFS 26 is 7.913653
Validating BFS 26
Validate time for BFS 26 is 0.000004
TEPS for BFS 26 is 1.69603e+07 cyrus 134217728
Running BFS 27
Time for BFS 27 is 7.160401
Validating BFS 27
Validate time for BFS 27 is 0.000006
TEPS for BFS 27 is 1.87444e+07 cyrus 134217728
Running BFS 28
Time for BFS 28 is 11.062951
Validating BFS 28
Validate time for BFS 28 is 0.000003
TEPS for BFS 28 is 1.21322e+07 cyrus 134217728
Running BFS 29
Time for BFS 29 is 8.627544
Validating BFS 29
Validate time for BFS 29 is 0.000009
TEPS for BFS 29 is 1.55569e+07 cyrus 134217728
Running BFS 30
Time for BFS 30 is 6.050462
Validating BFS 30
Validate time for BFS 30 is 0.000005
TEPS for BFS 30 is 2.21831e+07 cyrus 134217728
Running BFS 31
Time for BFS 31 is 10.406227
Validating BFS 31
Validate time for BFS 31 is 0.000006
TEPS for BFS 31 is 1.28978e+07 cyrus 134217728
Running BFS 32
Time for BFS 32 is 9.259321
Validating BFS 32
Validate time for BFS 32 is 0.000003
TEPS for BFS 32 is 1.44954e+07 cyrus 134217728
Running BFS 33
Time for BFS 33 is 9.665469
Validating BFS 33
Validate time for BFS 33 is 0.000006
TEPS for BFS 33 is 1.38863e+07 cyrus 134217728
Running BFS 34
Time for BFS 34 is 6.001485
Validating BFS 34
Validate time for BFS 34 is 0.000006
TEPS for BFS 34 is 2.23641e+07 cyrus 134217728
Running BFS 35
Time for BFS 35 is 8.717652
Validating BFS 35
Validate time for BFS 35 is 0.000007
TEPS for BFS 35 is 1.53961e+07 cyrus 134217728
Running BFS 36
Time for BFS 36 is 14.982963
Validating BFS 36
Validate time for BFS 36 is 0.000008
TEPS for BFS 36 is 8.95802e+06 cyrus 134217728
Running BFS 37
Time for BFS 37 is 18.425261
Validating BFS 37
Validate time for BFS 37 is 0.000007
TEPS for BFS 37 is 7.28444e+06 cyrus 134217728
Running BFS 38
Time for BFS 38 is 7.147513
Validating BFS 38
Validate time for BFS 38 is 0.000004
TEPS for BFS 38 is 1.87782e+07 cyrus 134217728
Running BFS 39
Time for BFS 39 is 9.119624
Validating BFS 39
Validate time for BFS 39 is 0.000009
TEPS for BFS 39 is 1.47175e+07 cyrus 134217728
Running BFS 40
Time for BFS 40 is 8.284091
Validating BFS 40
Validate time for BFS 40 is 0.000007
TEPS for BFS 40 is 1.62019e+07 cyrus 134217728
Running BFS 41
Time for BFS 41 is 9.764684
Validating BFS 41
Validate time for BFS 41 is 0.000005
TEPS for BFS 41 is 1.37452e+07 cyrus 134217728
Running BFS 42
Time for BFS 42 is 8.671551
Validating BFS 42
Validate time for BFS 42 is 0.000006
TEPS for BFS 42 is 1.54779e+07 cyrus 134217728
Running BFS 43
Time for BFS 43 is 10.817188
Validating BFS 43
Validate time for BFS 43 is 0.000010
TEPS for BFS 43 is 1.24078e+07 cyrus 134217728
Running BFS 44
Time for BFS 44 is 6.757731
Validating BFS 44
Validate time for BFS 44 is 0.000008
TEPS for BFS 44 is 1.98614e+07 cyrus 134217728
Running BFS 45
Time for BFS 45 is 9.975376
Validating BFS 45
Validate time for BFS 45 is 0.000007
TEPS for BFS 45 is 1.34549e+07 cyrus 134217728
Running BFS 46
Time for BFS 46 is 10.152689
Validating BFS 46
Validate time for BFS 46 is 0.000004
TEPS for BFS 46 is 1.32199e+07 cyrus 134217728
Running BFS 47
Time for BFS 47 is 10.598694
Validating BFS 47
Validate time for BFS 47 is 0.000007
TEPS for BFS 47 is 1.26636e+07 cyrus 134217728
Running BFS 48
Time for BFS 48 is 13.043881
Validating BFS 48
Validate time for BFS 48 is 0.000006
TEPS for BFS 48 is 1.02897e+07 cyrus 134217728
Running BFS 49
Time for BFS 49 is 8.015510
Validating BFS 49
Validate time for BFS 49 is 0.000008
TEPS for BFS 49 is 1.67448e+07 cyrus 134217728
Running BFS 50
Time for BFS 50 is 11.144366
Validating BFS 50
Validate time for BFS 50 is 0.000008
TEPS for BFS 50 is 1.20435e+07 cyrus 134217728
Running BFS 51
Time for BFS 51 is 7.720786
Validating BFS 51
Validate time for BFS 51 is 0.000005
TEPS for BFS 51 is 1.73839e+07 cyrus 134217728
Running BFS 52
Time for BFS 52 is 12.148103
Validating BFS 52
Validate time for BFS 52 is 0.000003
TEPS for BFS 52 is 1.10485e+07 cyrus 134217728
Running BFS 53
Time for BFS 53 is 8.770718
Validating BFS 53
Validate time for BFS 53 is 0.000006
TEPS for BFS 53 is 1.53029e+07 cyrus 134217728
Running BFS 54
Time for BFS 54 is 8.608237
Validating BFS 54
Validate time for BFS 54 is 0.000009
TEPS for BFS 54 is 1.55918e+07 cyrus 134217728
Running BFS 55
Time for BFS 55 is 8.308719
Validating BFS 55
Validate time for BFS 55 is 0.000007
TEPS for BFS 55 is 1.61538e+07 cyrus 134217728
Running BFS 56
Time for BFS 56 is 8.918237
Validating BFS 56
Validate time for BFS 56 is 0.000006
TEPS for BFS 56 is 1.50498e+07 cyrus 134217728
Running BFS 57
Time for BFS 57 is 10.211923
Validating BFS 57
Validate time for BFS 57 is 0.000008
TEPS for BFS 57 is 1.31432e+07 cyrus 134217728
Running BFS 58
Time for BFS 58 is 11.453274
Validating BFS 58
Validate time for BFS 58 is 0.000007
TEPS for BFS 58 is 1.17187e+07 cyrus 134217728
Running BFS 59
Time for BFS 59 is 7.819896
Validating BFS 59
Validate time for BFS 59 is 0.000008
TEPS for BFS 59 is 1.71636e+07 cyrus 134217728
Running BFS 60
Time for BFS 60 is 7.940276
Validating BFS 60
Validate time for BFS 60 is 0.000008
TEPS for BFS 60 is 1.69034e+07 cyrus 134217728
Running BFS 61
Time for BFS 61 is 7.772502
Validating BFS 61
Validate time for BFS 61 is 0.000009
TEPS for BFS 61 is 1.72683e+07 cyrus 134217728
Running BFS 62
Time for BFS 62 is 8.070764
Validating BFS 62
Validate time for BFS 62 is 0.000007
TEPS for BFS 62 is 1.66301e+07 cyrus 134217728
Running BFS 63
Time for BFS 63 is 11.450448
Validating BFS 63
Validate time for BFS 63 is 0.000004
TEPS for BFS 63 is 1.17216e+07 cyrus 134217728
SCALE:                          23
edgefactor:                     16
NBFS:                           64
graph_generation:               54.2767
num_mpi_processes:              128
construction_time:              28.3026
min_time:                       6.00148
firstquartile_time:             7.97789
median_time:                    8.8444
thirdquartile_time:             10.3091
max_time:                       18.4253
mean_time:                      9.35464
stddev_time:                    2.12948
min_nedge:                      134217728
firstquartile_nedge:            134217728
median_nedge:                   134217728
thirdquartile_nedge:            134217728
max_nedge:                      134217728
mean_nedge:                     134217728
stddev_nedge:                   0
min_TEPS:                       7.28444e+06
firstquartile_TEPS:             1.30194e+07
median_TEPS:                    1.51754e+07
thirdquartile_TEPS:             1.68237e+07
max_TEPS:                       2.23641e+07
harmonic_mean_TEPS:             1.43477e+07
harmonic_stddev_TEPS:           411491
min_validate:                   1.90735e-06
firstquartile_validate:         4.52995e-06
median_validate:                5.96046e-06
thirdquartile_validate:         7.86781e-06
max_validate:                   1.21593e-05
mean_validate:                  6.29947e-06
stddev_validate:                2.24695e-06
This benchmark was run on 128 MPI Processes, Scale 23, written output_128_23.log
