graph_generation:               0.443351 s
construction_time:              0.130099 s
Running BFS 0
Time for BFS 0 is 0.159423
Validating BFS 0
Validate time for BFS 0 is 0.000003
TEPS for BFS 0 is 200.724 cyrus 32
Running BFS 1
Time for BFS 1 is 0.139829
Validating BFS 1
Validate time for BFS 1 is 0.000002
TEPS for BFS 1 is 228.851 cyrus 32
Running BFS 2
Time for BFS 2 is 0.129825
Validating BFS 2
Validate time for BFS 2 is 0.000002
TEPS for BFS 2 is 246.485 cyrus 32
Running BFS 3
Time for BFS 3 is 0.139843
Validating BFS 3
Validate time for BFS 3 is 0.000004
TEPS for BFS 3 is 228.828 cyrus 32
Running BFS 4
Time for BFS 4 is 0.139858
Validating BFS 4
Validate time for BFS 4 is 0.000004
TEPS for BFS 4 is 228.803 cyrus 32
Running BFS 5
Time for BFS 5 is 0.139830
Validating BFS 5
Validate time for BFS 5 is 0.000003
TEPS for BFS 5 is 228.85 cyrus 32
Running BFS 6
Time for BFS 6 is 0.119812
Validating BFS 6
Validate time for BFS 6 is 0.000004
TEPS for BFS 6 is 267.085 cyrus 32
Running BFS 7
Time for BFS 7 is 0.109823
Validating BFS 7
Validate time for BFS 7 is 0.000002
TEPS for BFS 7 is 291.378 cyrus 32
Running BFS 8
Time for BFS 8 is 0.119811
Validating BFS 8
Validate time for BFS 8 is 0.000003
TEPS for BFS 8 is 267.087 cyrus 32
Running BFS 9
Time for BFS 9 is 0.119832
Validating BFS 9
Validate time for BFS 9 is 0.000002
TEPS for BFS 9 is 267.041 cyrus 32
Running BFS 10
Time for BFS 10 is 0.149842
Validating BFS 10
Validate time for BFS 10 is 0.000003
TEPS for BFS 10 is 213.558 cyrus 32
Running BFS 11
Time for BFS 11 is 0.129906
Validating BFS 11
Validate time for BFS 11 is 0.000003
TEPS for BFS 11 is 246.332 cyrus 32
Running BFS 12
Time for BFS 12 is 0.139851
Validating BFS 12
Validate time for BFS 12 is 0.000002
TEPS for BFS 12 is 228.815 cyrus 32
Running BFS 13
Time for BFS 13 is 0.139803
Validating BFS 13
Validate time for BFS 13 is 0.000003
TEPS for BFS 13 is 228.894 cyrus 32
Running BFS 14
Time for BFS 14 is 0.119858
Validating BFS 14
Validate time for BFS 14 is 0.000003
TEPS for BFS 14 is 266.983 cyrus 32
Running BFS 15
Time for BFS 15 is 0.139898
Validating BFS 15
Validate time for BFS 15 is 0.000003
TEPS for BFS 15 is 228.738 cyrus 32
Running BFS 16
Time for BFS 16 is 0.119790
Validating BFS 16
Validate time for BFS 16 is 0.000003
TEPS for BFS 16 is 267.135 cyrus 32
Running BFS 17
Time for BFS 17 is 0.129823
Validating BFS 17
Validate time for BFS 17 is 0.000003
TEPS for BFS 17 is 246.489 cyrus 32
Running BFS 18
Time for BFS 18 is 0.139841
Validating BFS 18
Validate time for BFS 18 is 0.000004
TEPS for BFS 18 is 228.831 cyrus 32
Running BFS 19
Time for BFS 19 is 0.139777
Validating BFS 19
Validate time for BFS 19 is 0.000003
TEPS for BFS 19 is 228.936 cyrus 32
Running BFS 20
Time for BFS 20 is 0.129893
Validating BFS 20
Validate time for BFS 20 is 0.000002
TEPS for BFS 20 is 246.356 cyrus 32
Running BFS 21
Time for BFS 21 is 0.139783
Validating BFS 21
Validate time for BFS 21 is 0.000003
TEPS for BFS 21 is 228.926 cyrus 32
Running BFS 22
Time for BFS 22 is 0.119958
Validating BFS 22
Validate time for BFS 22 is 0.000002
TEPS for BFS 22 is 266.76 cyrus 32
Running BFS 23
Time for BFS 23 is 0.139840
Validating BFS 23
Validate time for BFS 23 is 0.000003
TEPS for BFS 23 is 228.833 cyrus 32
Running BFS 24
Time for BFS 24 is 0.119863
Validating BFS 24
Validate time for BFS 24 is 0.000003
TEPS for BFS 24 is 266.972 cyrus 32
Running BFS 25
Time for BFS 25 is 0.119845
Validating BFS 25
Validate time for BFS 25 is 0.000003
TEPS for BFS 25 is 267.012 cyrus 32
Running BFS 26
Time for BFS 26 is 0.119853
Validating BFS 26
Validate time for BFS 26 is 0.000003
TEPS for BFS 26 is 266.994 cyrus 32
Running BFS 27
Time for BFS 27 is 0.119835
Validating BFS 27
Validate time for BFS 27 is 0.000005
TEPS for BFS 27 is 267.034 cyrus 32
Running BFS 28
Time for BFS 28 is 0.129805
Validating BFS 28
Validate time for BFS 28 is 0.000004
TEPS for BFS 28 is 246.523 cyrus 32
Running BFS 29
Time for BFS 29 is 0.129821
Validating BFS 29
Validate time for BFS 29 is 0.000003
TEPS for BFS 29 is 246.493 cyrus 32
Running BFS 30
Time for BFS 30 is 0.129881
Validating BFS 30
Validate time for BFS 30 is 0.000003
TEPS for BFS 30 is 246.38 cyrus 32
Running BFS 31
Time for BFS 31 is 0.129858
Validating BFS 31
Validate time for BFS 31 is 0.000003
TEPS for BFS 31 is 246.423 cyrus 32
Running BFS 32
Time for BFS 32 is 0.129813
Validating BFS 32
Validate time for BFS 32 is 0.000003
TEPS for BFS 32 is 246.508 cyrus 32
Running BFS 33
Time for BFS 33 is 0.109862
Validating BFS 33
Validate time for BFS 33 is 0.000003
TEPS for BFS 33 is 291.274 cyrus 32
Running BFS 34
Time for BFS 34 is 0.129833
Validating BFS 34
Validate time for BFS 34 is 0.000003
TEPS for BFS 34 is 246.47 cyrus 32
Running BFS 35
Time for BFS 35 is 0.139864
Validating BFS 35
Validate time for BFS 35 is 0.000003
TEPS for BFS 35 is 228.794 cyrus 32
Running BFS 36
Time for BFS 36 is 0.139875
Validating BFS 36
Validate time for BFS 36 is 0.000003
TEPS for BFS 36 is 228.776 cyrus 32
Running BFS 37
Time for BFS 37 is 0.139857
Validating BFS 37
Validate time for BFS 37 is 0.000003
TEPS for BFS 37 is 228.805 cyrus 32
Running BFS 38
Time for BFS 38 is 0.139840
Validating BFS 38
Validate time for BFS 38 is 0.000004
TEPS for BFS 38 is 228.833 cyrus 32
Running BFS 39
Time for BFS 39 is 0.139782
Validating BFS 39
Validate time for BFS 39 is 0.000003
TEPS for BFS 39 is 228.928 cyrus 32
Running BFS 40
Time for BFS 40 is 0.139812
Validating BFS 40
Validate time for BFS 40 is 0.000003
TEPS for BFS 40 is 228.879 cyrus 32
Running BFS 41
Time for BFS 41 is 0.139904
Validating BFS 41
Validate time for BFS 41 is 0.000003
TEPS for BFS 41 is 228.728 cyrus 32
Running BFS 42
Time for BFS 42 is 0.139815
Validating BFS 42
Validate time for BFS 42 is 0.000003
TEPS for BFS 42 is 228.874 cyrus 32
Running BFS 43
Time for BFS 43 is 0.129807
Validating BFS 43
Validate time for BFS 43 is 0.000002
TEPS for BFS 43 is 246.52 cyrus 32
Running BFS 44
Time for BFS 44 is 0.139868
Validating BFS 44
Validate time for BFS 44 is 0.000003
TEPS for BFS 44 is 228.787 cyrus 32
Running BFS 45
Time for BFS 45 is 0.139867
Validating BFS 45
Validate time for BFS 45 is 0.000002
TEPS for BFS 45 is 228.789 cyrus 32
Running BFS 46
Time for BFS 46 is 0.149817
Validating BFS 46
Validate time for BFS 46 is 0.000003
TEPS for BFS 46 is 213.594 cyrus 32
Running BFS 47
Time for BFS 47 is 0.139838
Validating BFS 47
Validate time for BFS 47 is 0.000003
TEPS for BFS 47 is 228.836 cyrus 32
Running BFS 48
Time for BFS 48 is 0.139851
Validating BFS 48
Validate time for BFS 48 is 0.000003
TEPS for BFS 48 is 228.815 cyrus 32
Running BFS 49
Time for BFS 49 is 0.139856
Validating BFS 49
Validate time for BFS 49 is 0.000004
TEPS for BFS 49 is 228.807 cyrus 32
Running BFS 50
Time for BFS 50 is 0.139804
Validating BFS 50
Validate time for BFS 50 is 0.000003
TEPS for BFS 50 is 228.892 cyrus 32
Running BFS 51
Time for BFS 51 is 0.129823
Validating BFS 51
Validate time for BFS 51 is 0.000002
TEPS for BFS 51 is 246.49 cyrus 32
Running BFS 52
Time for BFS 52 is 0.129885
Validating BFS 52
Validate time for BFS 52 is 0.000002
TEPS for BFS 52 is 246.372 cyrus 32
Running BFS 53
Time for BFS 53 is 0.139845
Validating BFS 53
Validate time for BFS 53 is 0.000003
TEPS for BFS 53 is 228.825 cyrus 32
Running BFS 54
Time for BFS 54 is 0.139828
Validating BFS 54
Validate time for BFS 54 is 0.000002
TEPS for BFS 54 is 228.852 cyrus 32
Running BFS 55
Time for BFS 55 is 0.119814
Validating BFS 55
Validate time for BFS 55 is 0.000003
TEPS for BFS 55 is 267.081 cyrus 32
Running BFS 56
Time for BFS 56 is 0.119849
Validating BFS 56
Validate time for BFS 56 is 0.000003
TEPS for BFS 56 is 267.003 cyrus 32
Running BFS 57
Time for BFS 57 is 0.119848
Validating BFS 57
Validate time for BFS 57 is 0.000004
TEPS for BFS 57 is 267.005 cyrus 32
Running BFS 58
Time for BFS 58 is 0.119833
Validating BFS 58
Validate time for BFS 58 is 0.000004
TEPS for BFS 58 is 267.038 cyrus 32
Running BFS 59
Time for BFS 59 is 0.119850
Validating BFS 59
Validate time for BFS 59 is 0.000003
TEPS for BFS 59 is 267.001 cyrus 32
Running BFS 60
Time for BFS 60 is 0.130007
Validating BFS 60
Validate time for BFS 60 is 0.000003
TEPS for BFS 60 is 246.141 cyrus 32
Running BFS 61
Time for BFS 61 is 0.129743
Validating BFS 61
Validate time for BFS 61 is 0.000003
TEPS for BFS 61 is 246.641 cyrus 32
Running BFS 62
Time for BFS 62 is 0.139801
Validating BFS 62
Validate time for BFS 62 is 0.000003
TEPS for BFS 62 is 228.897 cyrus 32
Running BFS 63
Time for BFS 63 is 0.139810
Validating BFS 63
Validate time for BFS 63 is 0.000003
TEPS for BFS 63 is 228.882 cyrus 32
SCALE:                          1
edgefactor:                     16
NBFS:                           64
graph_generation:               0.443351
num_mpi_processes:              32
construction_time:              0.130099
min_time:                       0.109823
firstquartile_time:             0.11991
median_time:                    0.134892
thirdquartile_time:             0.139842
max_time:                       0.159423
mean_time:                      0.132491
stddev_time:                    0.0100961
min_nedge:                      32
firstquartile_nedge:            32
median_nedge:                   32
thirdquartile_nedge:            32
max_nedge:                      32
mean_nedge:                     32
stddev_nedge:                   0
min_TEPS:                       200.724
firstquartile_TEPS:             228.83
median_TEPS:                    237.227
thirdquartile_TEPS:             266.866
max_TEPS:                       291.378
harmonic_mean_TEPS:             241.526
harmonic_stddev_TEPS:           2.3188
min_validate:                   1.90735e-06
firstquartile_validate:         2.86102e-06
median_validate:                3.09944e-06
thirdquartile_validate:         3.09944e-06
max_validate:                   5.00679e-06
mean_validate:                  2.98768e-06
stddev_validate:                6.44198e-07
This benchmark was run on 32 MPI Processes, Scale 1, written output_32_1.log
