graph_generation:               5.295521 s
construction_time:              1.649220 s
Running BFS 0
Time for BFS 0 is 0.575894
Validating BFS 0
Validate time for BFS 0 is 0.000003
TEPS for BFS 0 is 910390 cyrus 524288
Running BFS 1
Time for BFS 1 is 0.560156
Validating BFS 1
Validate time for BFS 1 is 0.000003
TEPS for BFS 1 is 935968 cyrus 524288
Running BFS 2
Time for BFS 2 is 0.650276
Validating BFS 2
Validate time for BFS 2 is 0.000002
TEPS for BFS 2 is 806255 cyrus 524288
Running BFS 3
Time for BFS 3 is 0.519513
Validating BFS 3
Validate time for BFS 3 is 0.000003
TEPS for BFS 3 is 1.00919e+06 cyrus 524288
Running BFS 4
Time for BFS 4 is 0.560109
Validating BFS 4
Validate time for BFS 4 is 0.000003
TEPS for BFS 4 is 936047 cyrus 524288
Running BFS 5
Time for BFS 5 is 0.639878
Validating BFS 5
Validate time for BFS 5 is 0.000003
TEPS for BFS 5 is 819356 cyrus 524288
Running BFS 6
Time for BFS 6 is 0.549868
Validating BFS 6
Validate time for BFS 6 is 0.000004
TEPS for BFS 6 is 953480 cyrus 524288
Running BFS 7
Time for BFS 7 is 0.559818
Validating BFS 7
Validate time for BFS 7 is 0.000002
TEPS for BFS 7 is 936533 cyrus 524288
Running BFS 8
Time for BFS 8 is 0.559835
Validating BFS 8
Validate time for BFS 8 is 0.000002
TEPS for BFS 8 is 936505 cyrus 524288
Running BFS 9
Time for BFS 9 is 0.559791
Validating BFS 9
Validate time for BFS 9 is 0.000004
TEPS for BFS 9 is 936578 cyrus 524288
Running BFS 10
Time for BFS 10 is 0.549773
Validating BFS 10
Validate time for BFS 10 is 0.000002
TEPS for BFS 10 is 953645 cyrus 524288
Running BFS 11
Time for BFS 11 is 0.609880
Validating BFS 11
Validate time for BFS 11 is 0.000004
TEPS for BFS 11 is 859658 cyrus 524288
Running BFS 12
Time for BFS 12 is 0.549842
Validating BFS 12
Validate time for BFS 12 is 0.000002
TEPS for BFS 12 is 953525 cyrus 524288
Running BFS 13
Time for BFS 13 is 0.559768
Validating BFS 13
Validate time for BFS 13 is 0.000004
TEPS for BFS 13 is 936617 cyrus 524288
Running BFS 14
Time for BFS 14 is 0.659958
Validating BFS 14
Validate time for BFS 14 is 0.000003
TEPS for BFS 14 is 794426 cyrus 524288
Running BFS 15
Time for BFS 15 is 0.669847
Validating BFS 15
Validate time for BFS 15 is 0.000002
TEPS for BFS 15 is 782698 cyrus 524288
Running BFS 16
Time for BFS 16 is 0.659778
Validating BFS 16
Validate time for BFS 16 is 0.000004
TEPS for BFS 16 is 794643 cyrus 524288
Running BFS 17
Time for BFS 17 is 0.759893
Validating BFS 17
Validate time for BFS 17 is 0.000002
TEPS for BFS 17 is 689950 cyrus 524288
Running BFS 18
Time for BFS 18 is 0.739764
Validating BFS 18
Validate time for BFS 18 is 0.000003
TEPS for BFS 18 is 708723 cyrus 524288
Running BFS 19
Time for BFS 19 is 0.779881
Validating BFS 19
Validate time for BFS 19 is 0.000003
TEPS for BFS 19 is 672267 cyrus 524288
Running BFS 20
Time for BFS 20 is 0.589879
Validating BFS 20
Validate time for BFS 20 is 0.000004
TEPS for BFS 20 is 888806 cyrus 524288
Running BFS 21
Time for BFS 21 is 0.559837
Validating BFS 21
Validate time for BFS 21 is 0.000002
TEPS for BFS 21 is 936501 cyrus 524288
Running BFS 22
Time for BFS 22 is 0.559618
Validating BFS 22
Validate time for BFS 22 is 0.000002
TEPS for BFS 22 is 936868 cyrus 524288
Running BFS 23
Time for BFS 23 is 0.529952
Validating BFS 23
Validate time for BFS 23 is 0.000002
TEPS for BFS 23 is 989312 cyrus 524288
Running BFS 24
Time for BFS 24 is 0.500033
Validating BFS 24
Validate time for BFS 24 is 0.000002
TEPS for BFS 24 is 1.04851e+06 cyrus 524288
Running BFS 25
Time for BFS 25 is 0.499729
Validating BFS 25
Validate time for BFS 25 is 0.000003
TEPS for BFS 25 is 1.04914e+06 cyrus 524288
Running BFS 26
Time for BFS 26 is 0.640210
Validating BFS 26
Validate time for BFS 26 is 0.000002
TEPS for BFS 26 is 818931 cyrus 524288
Running BFS 27
Time for BFS 27 is 0.559792
Validating BFS 27
Validate time for BFS 27 is 0.000003
TEPS for BFS 27 is 936576 cyrus 524288
Running BFS 28
Time for BFS 28 is 0.559840
Validating BFS 28
Validate time for BFS 28 is 0.000002
TEPS for BFS 28 is 936496 cyrus 524288
Running BFS 29
Time for BFS 29 is 0.559775
Validating BFS 29
Validate time for BFS 29 is 0.000004
TEPS for BFS 29 is 936605 cyrus 524288
Running BFS 30
Time for BFS 30 is 0.559882
Validating BFS 30
Validate time for BFS 30 is 0.000003
TEPS for BFS 30 is 936426 cyrus 524288
Running BFS 31
Time for BFS 31 is 0.499789
Validating BFS 31
Validate time for BFS 31 is 0.000004
TEPS for BFS 31 is 1.04902e+06 cyrus 524288
Running BFS 32
Time for BFS 32 is 0.589833
Validating BFS 32
Validate time for BFS 32 is 0.000002
TEPS for BFS 32 is 888875 cyrus 524288
Running BFS 33
Time for BFS 33 is 0.479893
Validating BFS 33
Validate time for BFS 33 is 0.000003
TEPS for BFS 33 is 1.09251e+06 cyrus 524288
Running BFS 34
Time for BFS 34 is 0.509741
Validating BFS 34
Validate time for BFS 34 is 0.000003
TEPS for BFS 34 is 1.02854e+06 cyrus 524288
Running BFS 35
Time for BFS 35 is 0.659892
Validating BFS 35
Validate time for BFS 35 is 0.000002
TEPS for BFS 35 is 794506 cyrus 524288
Running BFS 36
Time for BFS 36 is 0.559860
Validating BFS 36
Validate time for BFS 36 is 0.000003
TEPS for BFS 36 is 936463 cyrus 524288
Running BFS 37
Time for BFS 37 is 0.559886
Validating BFS 37
Validate time for BFS 37 is 0.000002
TEPS for BFS 37 is 936419 cyrus 524288
Running BFS 38
Time for BFS 38 is 0.669782
Validating BFS 38
Validate time for BFS 38 is 0.000003
TEPS for BFS 38 is 782774 cyrus 524288
Running BFS 39
Time for BFS 39 is 0.559998
Validating BFS 39
Validate time for BFS 39 is 0.000003
TEPS for BFS 39 is 936232 cyrus 524288
Running BFS 40
Time for BFS 40 is 0.559873
Validating BFS 40
Validate time for BFS 40 is 0.000002
TEPS for BFS 40 is 936441 cyrus 524288
Running BFS 41
Time for BFS 41 is 0.559852
Validating BFS 41
Validate time for BFS 41 is 0.000002
TEPS for BFS 41 is 936476 cyrus 524288
Running BFS 42
Time for BFS 42 is 0.569894
Validating BFS 42
Validate time for BFS 42 is 0.000003
TEPS for BFS 42 is 919974 cyrus 524288
Running BFS 43
Time for BFS 43 is 0.569902
Validating BFS 43
Validate time for BFS 43 is 0.000003
TEPS for BFS 43 is 919961 cyrus 524288
Running BFS 44
Time for BFS 44 is 0.479833
Validating BFS 44
Validate time for BFS 44 is 0.000002
TEPS for BFS 44 is 1.09265e+06 cyrus 524288
Running BFS 45
Time for BFS 45 is 0.479799
Validating BFS 45
Validate time for BFS 45 is 0.000004
TEPS for BFS 45 is 1.09272e+06 cyrus 524288
Running BFS 46
Time for BFS 46 is 0.589895
Validating BFS 46
Validate time for BFS 46 is 0.000002
TEPS for BFS 46 is 888782 cyrus 524288
Running BFS 47
Time for BFS 47 is 0.500482
Validating BFS 47
Validate time for BFS 47 is 0.000003
TEPS for BFS 47 is 1.04757e+06 cyrus 524288
Running BFS 48
Time for BFS 48 is 0.679668
Validating BFS 48
Validate time for BFS 48 is 0.000002
TEPS for BFS 48 is 771388 cyrus 524288
Running BFS 49
Time for BFS 49 is 0.559890
Validating BFS 49
Validate time for BFS 49 is 0.000002
TEPS for BFS 49 is 936413 cyrus 524288
Running BFS 50
Time for BFS 50 is 0.559904
Validating BFS 50
Validate time for BFS 50 is 0.000002
TEPS for BFS 50 is 936389 cyrus 524288
Running BFS 51
Time for BFS 51 is 0.560042
Validating BFS 51
Validate time for BFS 51 is 0.000002
TEPS for BFS 51 is 936158 cyrus 524288
Running BFS 52
Time for BFS 52 is 0.640807
Validating BFS 52
Validate time for BFS 52 is 0.000002
TEPS for BFS 52 is 818168 cyrus 524288
Running BFS 53
Time for BFS 53 is 0.549518
Validating BFS 53
Validate time for BFS 53 is 0.000002
TEPS for BFS 53 is 954087 cyrus 524288
Running BFS 54
Time for BFS 54 is 0.559801
Validating BFS 54
Validate time for BFS 54 is 0.000003
TEPS for BFS 54 is 936561 cyrus 524288
Running BFS 55
Time for BFS 55 is 0.559829
Validating BFS 55
Validate time for BFS 55 is 0.000002
TEPS for BFS 55 is 936515 cyrus 524288
Running BFS 56
Time for BFS 56 is 0.559777
Validating BFS 56
Validate time for BFS 56 is 0.000004
TEPS for BFS 56 is 936602 cyrus 524288
Running BFS 57
Time for BFS 57 is 0.560339
Validating BFS 57
Validate time for BFS 57 is 0.000003
TEPS for BFS 57 is 935662 cyrus 524288
Running BFS 58
Time for BFS 58 is 0.659835
Validating BFS 58
Validate time for BFS 58 is 0.000003
TEPS for BFS 58 is 794574 cyrus 524288
Running BFS 59
Time for BFS 59 is 0.669729
Validating BFS 59
Validate time for BFS 59 is 0.000003
TEPS for BFS 59 is 782836 cyrus 524288
Running BFS 60
Time for BFS 60 is 0.549823
Validating BFS 60
Validate time for BFS 60 is 0.000002
TEPS for BFS 60 is 953558 cyrus 524288
Running BFS 61
Time for BFS 61 is 0.639991
Validating BFS 61
Validate time for BFS 61 is 0.000026
TEPS for BFS 61 is 819211 cyrus 524288
Running BFS 62
Time for BFS 62 is 0.559687
Validating BFS 62
Validate time for BFS 62 is 0.000004
TEPS for BFS 62 is 936752 cyrus 524288
Running BFS 63
Time for BFS 63 is 0.559797
Validating BFS 63
Validate time for BFS 63 is 0.000002
TEPS for BFS 63 is 936568 cyrus 524288
SCALE:                          15
edgefactor:                     16
NBFS:                           64
graph_generation:               5.29552
num_mpi_processes:              32
construction_time:              1.64922
min_time:                       0.479799
firstquartile_time:             0.559653
median_time:                    0.559878
thirdquartile_time:             0.624879
max_time:                       0.779881
mean_time:                      0.581542
stddev_time:                    0.0642493
min_nedge:                      524288
firstquartile_nedge:            524288
median_nedge:                   524288
thirdquartile_nedge:            524288
max_nedge:                      524288
mean_nedge:                     524288
stddev_nedge:                   0
min_TEPS:                       672267
firstquartile_TEPS:             839023
median_TEPS:                    936433
thirdquartile_TEPS:             936810
max_TEPS:                       1.09272e+06
harmonic_mean_TEPS:             901547
harmonic_stddev_TEPS:           12548.9
min_validate:                   1.90735e-06
firstquartile_validate:         1.90735e-06
median_validate:                2.86102e-06
thirdquartile_validate:         3.09944e-06
max_validate:                   2.59876e-05
mean_validate:                  3.06219e-06
stddev_validate:                3.00145e-06
This benchmark was run on 32 MPI Processes, Scale 15, written output_32_15.log
