graph_generation:               5.482112 s
construction_time:              2.680186 s
Running BFS 0
Time for BFS 0 is 0.457790
Validating BFS 0
Validate time for BFS 0 is 0.000002
TEPS for BFS 0 is 8947.34 cyrus 4096
Running BFS 1
Time for BFS 1 is 0.358629
Validating BFS 1
Validate time for BFS 1 is 0.000003
TEPS for BFS 1 is 11421.3 cyrus 4096
Running BFS 2
Time for BFS 2 is 0.485742
Validating BFS 2
Validate time for BFS 2 is 0.000003
TEPS for BFS 2 is 8432.46 cyrus 4096
Running BFS 3
Time for BFS 3 is 0.418749
Validating BFS 3
Validate time for BFS 3 is 0.000003
TEPS for BFS 3 is 9781.51 cyrus 4096
Running BFS 4
Time for BFS 4 is 3.874798
Validating BFS 4
Validate time for BFS 4 is 0.000003
TEPS for BFS 4 is 1057.09 cyrus 4096
Running BFS 5
Time for BFS 5 is 0.521620
Validating BFS 5
Validate time for BFS 5 is 0.000004
TEPS for BFS 5 is 7852.46 cyrus 4096
Running BFS 6
Time for BFS 6 is 0.901167
Validating BFS 6
Validate time for BFS 6 is 0.000003
TEPS for BFS 6 is 4545.22 cyrus 4096
Running BFS 7
Time for BFS 7 is 0.519373
Validating BFS 7
Validate time for BFS 7 is 0.000003
TEPS for BFS 7 is 7886.43 cyrus 4096
Running BFS 8
Time for BFS 8 is 0.490486
Validating BFS 8
Validate time for BFS 8 is 0.000004
TEPS for BFS 8 is 8350.9 cyrus 4096
Running BFS 9
Time for BFS 9 is 0.410230
Validating BFS 9
Validate time for BFS 9 is 0.000003
TEPS for BFS 9 is 9984.64 cyrus 4096
Running BFS 10
Time for BFS 10 is 0.516281
Validating BFS 10
Validate time for BFS 10 is 0.000003
TEPS for BFS 10 is 7933.66 cyrus 4096
Running BFS 11
Time for BFS 11 is 2.860232
Validating BFS 11
Validate time for BFS 11 is 0.000004
TEPS for BFS 11 is 1432.05 cyrus 4096
Running BFS 12
Time for BFS 12 is 0.381293
Validating BFS 12
Validate time for BFS 12 is 0.000003
TEPS for BFS 12 is 10742.4 cyrus 4096
Running BFS 13
Time for BFS 13 is 0.545550
Validating BFS 13
Validate time for BFS 13 is 0.000003
TEPS for BFS 13 is 7508.02 cyrus 4096
Running BFS 14
Time for BFS 14 is 3.459031
Validating BFS 14
Validate time for BFS 14 is 0.000003
TEPS for BFS 14 is 1184.15 cyrus 4096
Running BFS 15
Time for BFS 15 is 0.851239
Validating BFS 15
Validate time for BFS 15 is 0.000004
TEPS for BFS 15 is 4811.81 cyrus 4096
Running BFS 16
Time for BFS 16 is 0.406700
Validating BFS 16
Validate time for BFS 16 is 0.000003
TEPS for BFS 16 is 10071.3 cyrus 4096
Running BFS 17
Time for BFS 17 is 0.638080
Validating BFS 17
Validate time for BFS 17 is 0.000004
TEPS for BFS 17 is 6419.26 cyrus 4096
Running BFS 18
Time for BFS 18 is 0.496023
Validating BFS 18
Validate time for BFS 18 is 0.000003
TEPS for BFS 18 is 8257.68 cyrus 4096
Running BFS 19
Time for BFS 19 is 1.351389
Validating BFS 19
Validate time for BFS 19 is 0.000004
TEPS for BFS 19 is 3030.96 cyrus 4096
Running BFS 20
Time for BFS 20 is 0.368080
Validating BFS 20
Validate time for BFS 20 is 0.000003
TEPS for BFS 20 is 11128 cyrus 4096
Running BFS 21
Time for BFS 21 is 0.358227
Validating BFS 21
Validate time for BFS 21 is 0.000003
TEPS for BFS 21 is 11434.1 cyrus 4096
Running BFS 22
Time for BFS 22 is 0.506435
Validating BFS 22
Validate time for BFS 22 is 0.000003
TEPS for BFS 22 is 8087.91 cyrus 4096
Running BFS 23
Time for BFS 23 is 0.373470
Validating BFS 23
Validate time for BFS 23 is 0.000002
TEPS for BFS 23 is 10967.4 cyrus 4096
Running BFS 24
Time for BFS 24 is 0.372449
Validating BFS 24
Validate time for BFS 24 is 0.000002
TEPS for BFS 24 is 10997.5 cyrus 4096
Running BFS 25
Time for BFS 25 is 0.398619
Validating BFS 25
Validate time for BFS 25 is 0.000002
TEPS for BFS 25 is 10275.5 cyrus 4096
Running BFS 26
Time for BFS 26 is 0.499428
Validating BFS 26
Validate time for BFS 26 is 0.000003
TEPS for BFS 26 is 8201.38 cyrus 4096
Running BFS 27
Time for BFS 27 is 0.762574
Validating BFS 27
Validate time for BFS 27 is 0.000004
TEPS for BFS 27 is 5371.28 cyrus 4096
Running BFS 28
Time for BFS 28 is 3.198908
Validating BFS 28
Validate time for BFS 28 is 0.000003
TEPS for BFS 28 is 1280.44 cyrus 4096
Running BFS 29
Time for BFS 29 is 1.158605
Validating BFS 29
Validate time for BFS 29 is 0.000003
TEPS for BFS 29 is 3535.29 cyrus 4096
Running BFS 30
Time for BFS 30 is 2.718506
Validating BFS 30
Validate time for BFS 30 is 0.000003
TEPS for BFS 30 is 1506.71 cyrus 4096
Running BFS 31
Time for BFS 31 is 2.772368
Validating BFS 31
Validate time for BFS 31 is 0.000003
TEPS for BFS 31 is 1477.44 cyrus 4096
Running BFS 32
Time for BFS 32 is 0.358223
Validating BFS 32
Validate time for BFS 32 is 0.000003
TEPS for BFS 32 is 11434.2 cyrus 4096
Running BFS 33
Time for BFS 33 is 0.345958
Validating BFS 33
Validate time for BFS 33 is 0.000002
TEPS for BFS 33 is 11839.6 cyrus 4096
Running BFS 34
Time for BFS 34 is 0.398608
Validating BFS 34
Validate time for BFS 34 is 0.000003
TEPS for BFS 34 is 10275.8 cyrus 4096
Running BFS 35
Time for BFS 35 is 0.489080
Validating BFS 35
Validate time for BFS 35 is 0.000004
TEPS for BFS 35 is 8374.91 cyrus 4096
Running BFS 36
Time for BFS 36 is 0.387341
Validating BFS 36
Validate time for BFS 36 is 0.000003
TEPS for BFS 36 is 10574.7 cyrus 4096
Running BFS 37
Time for BFS 37 is 0.518705
Validating BFS 37
Validate time for BFS 37 is 0.000003
TEPS for BFS 37 is 7896.59 cyrus 4096
Running BFS 38
Time for BFS 38 is 1.800138
Validating BFS 38
Validate time for BFS 38 is 0.000004
TEPS for BFS 38 is 2275.38 cyrus 4096
Running BFS 39
Time for BFS 39 is 0.483002
Validating BFS 39
Validate time for BFS 39 is 0.000004
TEPS for BFS 39 is 8480.3 cyrus 4096
Running BFS 40
Time for BFS 40 is 0.350929
Validating BFS 40
Validate time for BFS 40 is 0.000002
TEPS for BFS 40 is 11671.9 cyrus 4096
Running BFS 41
Time for BFS 41 is 2.811092
Validating BFS 41
Validate time for BFS 41 is 0.000002
TEPS for BFS 41 is 1457.08 cyrus 4096
Running BFS 42
Time for BFS 42 is 2.494070
Validating BFS 42
Validate time for BFS 42 is 0.000004
TEPS for BFS 42 is 1642.3 cyrus 4096
Running BFS 43
Time for BFS 43 is 0.487066
Validating BFS 43
Validate time for BFS 43 is 0.000003
TEPS for BFS 43 is 8409.54 cyrus 4096
Running BFS 44
Time for BFS 44 is 0.368437
Validating BFS 44
Validate time for BFS 44 is 0.000003
TEPS for BFS 44 is 11117.2 cyrus 4096
Running BFS 45
Time for BFS 45 is 0.368525
Validating BFS 45
Validate time for BFS 45 is 0.000004
TEPS for BFS 45 is 11114.6 cyrus 4096
Running BFS 46
Time for BFS 46 is 0.388432
Validating BFS 46
Validate time for BFS 46 is 0.000003
TEPS for BFS 46 is 10545 cyrus 4096
Running BFS 47
Time for BFS 47 is 0.378372
Validating BFS 47
Validate time for BFS 47 is 0.000004
TEPS for BFS 47 is 10825.3 cyrus 4096
Running BFS 48
Time for BFS 48 is 0.398203
Validating BFS 48
Validate time for BFS 48 is 0.000003
TEPS for BFS 48 is 10286.2 cyrus 4096
Running BFS 49
Time for BFS 49 is 0.508262
Validating BFS 49
Validate time for BFS 49 is 0.000003
TEPS for BFS 49 is 8058.83 cyrus 4096
Running BFS 50
Time for BFS 50 is 0.548560
Validating BFS 50
Validate time for BFS 50 is 0.000003
TEPS for BFS 50 is 7466.82 cyrus 4096
Running BFS 51
Time for BFS 51 is 0.408043
Validating BFS 51
Validate time for BFS 51 is 0.000003
TEPS for BFS 51 is 10038.2 cyrus 4096
Running BFS 52
Time for BFS 52 is 0.418593
Validating BFS 52
Validate time for BFS 52 is 0.000003
TEPS for BFS 52 is 9785.16 cyrus 4096
Running BFS 53
Time for BFS 53 is 0.398329
Validating BFS 53
Validate time for BFS 53 is 0.000003
TEPS for BFS 53 is 10283 cyrus 4096
Running BFS 54
Time for BFS 54 is 0.377315
Validating BFS 54
Validate time for BFS 54 is 0.000004
TEPS for BFS 54 is 10855.6 cyrus 4096
Running BFS 55
Time for BFS 55 is 0.508987
Validating BFS 55
Validate time for BFS 55 is 0.000003
TEPS for BFS 55 is 8047.36 cyrus 4096
Running BFS 56
Time for BFS 56 is 0.518798
Validating BFS 56
Validate time for BFS 56 is 0.000003
TEPS for BFS 56 is 7895.17 cyrus 4096
Running BFS 57
Time for BFS 57 is 0.628787
Validating BFS 57
Validate time for BFS 57 is 0.000004
TEPS for BFS 57 is 6514.13 cyrus 4096
Running BFS 58
Time for BFS 58 is 0.478098
Validating BFS 58
Validate time for BFS 58 is 0.000004
TEPS for BFS 58 is 8567.28 cyrus 4096
Running BFS 59
Time for BFS 59 is 0.345192
Validating BFS 59
Validate time for BFS 59 is 0.000003
TEPS for BFS 59 is 11865.9 cyrus 4096
Running BFS 60
Time for BFS 60 is 0.361938
Validating BFS 60
Validate time for BFS 60 is 0.000003
TEPS for BFS 60 is 11316.9 cyrus 4096
Running BFS 61
Time for BFS 61 is 0.368778
Validating BFS 61
Validate time for BFS 61 is 0.000003
TEPS for BFS 61 is 11106.9 cyrus 4096
Running BFS 62
Time for BFS 62 is 3.167411
Validating BFS 62
Validate time for BFS 62 is 0.000004
TEPS for BFS 62 is 1293.17 cyrus 4096
Running BFS 63
Time for BFS 63 is 0.374756
Validating BFS 63
Validate time for BFS 63 is 0.000003
TEPS for BFS 63 is 10929.8 cyrus 4096
SCALE:                          8
edgefactor:                     16
NBFS:                           64
graph_generation:               5.48211
num_mpi_processes:              128
construction_time:              2.68019
min_time:                       0.345192
firstquartile_time:             0.379833
median_time:                    0.486404
thirdquartile_time:             0.633433
max_time:                       3.8748
mean_time:                      0.869845
stddev_time:                    0.929467
min_nedge:                      4096
firstquartile_nedge:            4096
median_nedge:                   4096
thirdquartile_nedge:            4096
max_nedge:                      4096
mean_nedge:                     4096
stddev_nedge:                   0
min_TEPS:                       1057.09
firstquartile_TEPS:             6466.35
median_TEPS:                    8420.98
thirdquartile_TEPS:             10783.7
max_TEPS:                       11865.9
harmonic_mean_TEPS:             4708.88
harmonic_stddev_TEPS:           633.927
min_validate:                   1.90735e-06
firstquartile_validate:         2.86102e-06
median_validate:                3.09944e-06
thirdquartile_validate:         3.8147e-06
max_validate:                   4.05312e-06
mean_validate:                  3.15905e-06
stddev_validate:                6.15594e-07
This benchmark was run on 128 MPI Processes, Scale 8, written output_128_8.log
