graph_generation:               2.834433 s
construction_time:              0.160914 s
Running BFS 0
Time for BFS 0 is 0.408645
Validating BFS 0
Validate time for BFS 0 is 0.000004
TEPS for BFS 0 is 40093.5 cyrus 16384
Running BFS 1
Time for BFS 1 is 0.409942
Validating BFS 1
Validate time for BFS 1 is 0.000003
TEPS for BFS 1 is 39966.6 cyrus 16384
Running BFS 2
Time for BFS 2 is 0.409766
Validating BFS 2
Validate time for BFS 2 is 0.000003
TEPS for BFS 2 is 39983.8 cyrus 16384
Running BFS 3
Time for BFS 3 is 0.299815
Validating BFS 3
Validate time for BFS 3 is 0.000003
TEPS for BFS 3 is 54647 cyrus 16384
Running BFS 4
Time for BFS 4 is 0.419932
Validating BFS 4
Validate time for BFS 4 is 0.000003
TEPS for BFS 4 is 39015.9 cyrus 16384
Running BFS 5
Time for BFS 5 is 0.439780
Validating BFS 5
Validate time for BFS 5 is 0.000003
TEPS for BFS 5 is 37255 cyrus 16384
Running BFS 6
Time for BFS 6 is 0.380098
Validating BFS 6
Validate time for BFS 6 is 0.000003
TEPS for BFS 6 is 43104.7 cyrus 16384
Running BFS 7
Time for BFS 7 is 0.419673
Validating BFS 7
Validate time for BFS 7 is 0.000004
TEPS for BFS 7 is 39039.9 cyrus 16384
Running BFS 8
Time for BFS 8 is 0.389843
Validating BFS 8
Validate time for BFS 8 is 0.000002
TEPS for BFS 8 is 42027.2 cyrus 16384
Running BFS 9
Time for BFS 9 is 0.309882
Validating BFS 9
Validate time for BFS 9 is 0.000002
TEPS for BFS 9 is 52871.8 cyrus 16384
Running BFS 10
Time for BFS 10 is 0.299829
Validating BFS 10
Validate time for BFS 10 is 0.000003
TEPS for BFS 10 is 54644.5 cyrus 16384
Running BFS 11
Time for BFS 11 is 0.380050
Validating BFS 11
Validate time for BFS 11 is 0.000002
TEPS for BFS 11 is 43110.1 cyrus 16384
Running BFS 12
Time for BFS 12 is 0.409912
Validating BFS 12
Validate time for BFS 12 is 0.000002
TEPS for BFS 12 is 39969.6 cyrus 16384
Running BFS 13
Time for BFS 13 is 0.399594
Validating BFS 13
Validate time for BFS 13 is 0.000003
TEPS for BFS 13 is 41001.6 cyrus 16384
Running BFS 14
Time for BFS 14 is 0.390052
Validating BFS 14
Validate time for BFS 14 is 0.000002
TEPS for BFS 14 is 42004.6 cyrus 16384
Running BFS 15
Time for BFS 15 is 0.309724
Validating BFS 15
Validate time for BFS 15 is 0.000002
TEPS for BFS 15 is 52898.7 cyrus 16384
Running BFS 16
Time for BFS 16 is 0.299880
Validating BFS 16
Validate time for BFS 16 is 0.000003
TEPS for BFS 16 is 54635.2 cyrus 16384
Running BFS 17
Time for BFS 17 is 0.389889
Validating BFS 17
Validate time for BFS 17 is 0.000002
TEPS for BFS 17 is 42022.2 cyrus 16384
Running BFS 18
Time for BFS 18 is 0.389823
Validating BFS 18
Validate time for BFS 18 is 0.000003
TEPS for BFS 18 is 42029.3 cyrus 16384
Running BFS 19
Time for BFS 19 is 0.389910
Validating BFS 19
Validate time for BFS 19 is 0.000003
TEPS for BFS 19 is 42020 cyrus 16384
Running BFS 20
Time for BFS 20 is 0.389819
Validating BFS 20
Validate time for BFS 20 is 0.000002
TEPS for BFS 20 is 42029.8 cyrus 16384
Running BFS 21
Time for BFS 21 is 0.389794
Validating BFS 21
Validate time for BFS 21 is 0.000003
TEPS for BFS 21 is 42032.5 cyrus 16384
Running BFS 22
Time for BFS 22 is 0.389882
Validating BFS 22
Validate time for BFS 22 is 0.000002
TEPS for BFS 22 is 42023 cyrus 16384
Running BFS 23
Time for BFS 23 is 0.479912
Validating BFS 23
Validate time for BFS 23 is 0.000003
TEPS for BFS 23 is 34139.6 cyrus 16384
Running BFS 24
Time for BFS 24 is 0.379889
Validating BFS 24
Validate time for BFS 24 is 0.000002
TEPS for BFS 24 is 43128.4 cyrus 16384
Running BFS 25
Time for BFS 25 is 0.389833
Validating BFS 25
Validate time for BFS 25 is 0.000003
TEPS for BFS 25 is 42028.3 cyrus 16384
Running BFS 26
Time for BFS 26 is 0.389823
Validating BFS 26
Validate time for BFS 26 is 0.000003
TEPS for BFS 26 is 42029.3 cyrus 16384
Running BFS 27
Time for BFS 27 is 0.389913
Validating BFS 27
Validate time for BFS 27 is 0.000003
TEPS for BFS 27 is 42019.6 cyrus 16384
Running BFS 28
Time for BFS 28 is 0.389799
Validating BFS 28
Validate time for BFS 28 is 0.000003
TEPS for BFS 28 is 42031.9 cyrus 16384
Running BFS 29
Time for BFS 29 is 0.389797
Validating BFS 29
Validate time for BFS 29 is 0.000003
TEPS for BFS 29 is 42032.1 cyrus 16384
Running BFS 30
Time for BFS 30 is 0.389917
Validating BFS 30
Validate time for BFS 30 is 0.000002
TEPS for BFS 30 is 42019.2 cyrus 16384
Running BFS 31
Time for BFS 31 is 0.389847
Validating BFS 31
Validate time for BFS 31 is 0.000004
TEPS for BFS 31 is 42026.7 cyrus 16384
Running BFS 32
Time for BFS 32 is 0.389891
Validating BFS 32
Validate time for BFS 32 is 0.000002
TEPS for BFS 32 is 42022 cyrus 16384
Running BFS 33
Time for BFS 33 is 0.299855
Validating BFS 33
Validate time for BFS 33 is 0.000002
TEPS for BFS 33 is 54639.7 cyrus 16384
Running BFS 34
Time for BFS 34 is 0.299762
Validating BFS 34
Validate time for BFS 34 is 0.000003
TEPS for BFS 34 is 54656.7 cyrus 16384
Running BFS 35
Time for BFS 35 is 0.449872
Validating BFS 35
Validate time for BFS 35 is 0.000002
TEPS for BFS 35 is 36419.2 cyrus 16384
Running BFS 36
Time for BFS 36 is 0.439942
Validating BFS 36
Validate time for BFS 36 is 0.000002
TEPS for BFS 36 is 37241.3 cyrus 16384
Running BFS 37
Time for BFS 37 is 0.429763
Validating BFS 37
Validate time for BFS 37 is 0.000003
TEPS for BFS 37 is 38123.3 cyrus 16384
Running BFS 38
Time for BFS 38 is 0.399948
Validating BFS 38
Validate time for BFS 38 is 0.000003
TEPS for BFS 38 is 40965.3 cyrus 16384
Running BFS 39
Time for BFS 39 is 0.399715
Validating BFS 39
Validate time for BFS 39 is 0.000004
TEPS for BFS 39 is 40989.2 cyrus 16384
Running BFS 40
Time for BFS 40 is 0.389951
Validating BFS 40
Validate time for BFS 40 is 0.000003
TEPS for BFS 40 is 42015.5 cyrus 16384
Running BFS 41
Time for BFS 41 is 0.389777
Validating BFS 41
Validate time for BFS 41 is 0.000003
TEPS for BFS 41 is 42034.3 cyrus 16384
Running BFS 42
Time for BFS 42 is 0.389927
Validating BFS 42
Validate time for BFS 42 is 0.000003
TEPS for BFS 42 is 42018.1 cyrus 16384
Running BFS 43
Time for BFS 43 is 0.389812
Validating BFS 43
Validate time for BFS 43 is 0.000003
TEPS for BFS 43 is 42030.5 cyrus 16384
Running BFS 44
Time for BFS 44 is 0.389896
Validating BFS 44
Validate time for BFS 44 is 0.000003
TEPS for BFS 44 is 42021.5 cyrus 16384
Running BFS 45
Time for BFS 45 is 0.389846
Validating BFS 45
Validate time for BFS 45 is 0.000003
TEPS for BFS 45 is 42026.8 cyrus 16384
Running BFS 46
Time for BFS 46 is 0.409969
Validating BFS 46
Validate time for BFS 46 is 0.000005
TEPS for BFS 46 is 39964 cyrus 16384
Running BFS 47
Time for BFS 47 is 0.399744
Validating BFS 47
Validate time for BFS 47 is 0.000003
TEPS for BFS 47 is 40986.2 cyrus 16384
Running BFS 48
Time for BFS 48 is 0.419874
Validating BFS 48
Validate time for BFS 48 is 0.000002
TEPS for BFS 48 is 39021.2 cyrus 16384
Running BFS 49
Time for BFS 49 is 0.439828
Validating BFS 49
Validate time for BFS 49 is 0.000004
TEPS for BFS 49 is 37250.9 cyrus 16384
Running BFS 50
Time for BFS 50 is 0.409903
Validating BFS 50
Validate time for BFS 50 is 0.000002
TEPS for BFS 50 is 39970.5 cyrus 16384
Running BFS 51
Time for BFS 51 is 0.379797
Validating BFS 51
Validate time for BFS 51 is 0.000003
TEPS for BFS 51 is 43138.8 cyrus 16384
Running BFS 52
Time for BFS 52 is 0.399870
Validating BFS 52
Validate time for BFS 52 is 0.000003
TEPS for BFS 52 is 40973.3 cyrus 16384
Running BFS 53
Time for BFS 53 is 0.449955
Validating BFS 53
Validate time for BFS 53 is 0.000003
TEPS for BFS 53 is 36412.5 cyrus 16384
Running BFS 54
Time for BFS 54 is 0.449680
Validating BFS 54
Validate time for BFS 54 is 0.000004
TEPS for BFS 54 is 36434.8 cyrus 16384
Running BFS 55
Time for BFS 55 is 0.450040
Validating BFS 55
Validate time for BFS 55 is 0.000002
TEPS for BFS 55 is 36405.6 cyrus 16384
Running BFS 56
Time for BFS 56 is 0.449725
Validating BFS 56
Validate time for BFS 56 is 0.000004
TEPS for BFS 56 is 36431.1 cyrus 16384
Running BFS 57
Time for BFS 57 is 0.509925
Validating BFS 57
Validate time for BFS 57 is 0.000003
TEPS for BFS 57 is 32130.2 cyrus 16384
Running BFS 58
Time for BFS 58 is 0.379832
Validating BFS 58
Validate time for BFS 58 is 0.000003
TEPS for BFS 58 is 43134.9 cyrus 16384
Running BFS 59
Time for BFS 59 is 0.299885
Validating BFS 59
Validate time for BFS 59 is 0.000002
TEPS for BFS 59 is 54634.3 cyrus 16384
Running BFS 60
Time for BFS 60 is 0.399862
Validating BFS 60
Validate time for BFS 60 is 0.000002
TEPS for BFS 60 is 40974.1 cyrus 16384
Running BFS 61
Time for BFS 61 is 0.379862
Validating BFS 61
Validate time for BFS 61 is 0.000004
TEPS for BFS 61 is 43131.4 cyrus 16384
Running BFS 62
Time for BFS 62 is 0.439895
Validating BFS 62
Validate time for BFS 62 is 0.000002
TEPS for BFS 62 is 37245.3 cyrus 16384
Running BFS 63
Time for BFS 63 is 0.459847
Validating BFS 63
Validate time for BFS 63 is 0.000004
TEPS for BFS 63 is 35629.2 cyrus 16384
SCALE:                          10
edgefactor:                     16
NBFS:                           64
graph_generation:               2.83443
num_mpi_processes:              32
construction_time:              0.160914
min_time:                       0.299762
firstquartile_time:             0.389795
median_time:                    0.389915
thirdquartile_time:             0.414821
max_time:                       0.509925
mean_time:                      0.394996
stddev_time:                    0.0441869
min_nedge:                      16384
firstquartile_nedge:            16384
median_nedge:                   16384
thirdquartile_nedge:            16384
max_nedge:                      16384
mean_nedge:                     16384
stddev_nedge:                   0
min_TEPS:                       32130.2
firstquartile_TEPS:             39496.6
median_TEPS:                    42019.4
thirdquartile_TEPS:             42032.3
max_TEPS:                       54656.7
harmonic_mean_TEPS:             41479
harmonic_stddev_TEPS:           584.599
min_validate:                   1.90735e-06
firstquartile_validate:         2.14577e-06
median_validate:                2.86102e-06
thirdquartile_validate:         3.09944e-06
max_validate:                   5.00679e-06
mean_validate:                  2.83122e-06
stddev_validate:                7.35162e-07
This benchmark was run on 32 MPI Processes, Scale 10, written output_32_10.log
