graph_generation:               0.870182 s
construction_time:              0.190734 s
Running BFS 0
Time for BFS 0 is 1.101013
Validating BFS 0
Validate time for BFS 0 is 0.000003
TEPS for BFS 0 is 232.513 cyrus 256
Running BFS 1
Time for BFS 1 is 0.271972
Validating BFS 1
Validate time for BFS 1 is 0.000003
TEPS for BFS 1 is 941.274 cyrus 256
Running BFS 2
Time for BFS 2 is 0.299864
Validating BFS 2
Validate time for BFS 2 is 0.000004
TEPS for BFS 2 is 853.72 cyrus 256
Running BFS 3
Time for BFS 3 is 0.275751
Validating BFS 3
Validate time for BFS 3 is 0.000004
TEPS for BFS 3 is 928.373 cyrus 256
Running BFS 4
Time for BFS 4 is 0.263897
Validating BFS 4
Validate time for BFS 4 is 0.000003
TEPS for BFS 4 is 970.076 cyrus 256
Running BFS 5
Time for BFS 5 is 0.363077
Validating BFS 5
Validate time for BFS 5 is 0.000003
TEPS for BFS 5 is 705.084 cyrus 256
Running BFS 6
Time for BFS 6 is 0.404028
Validating BFS 6
Validate time for BFS 6 is 0.000003
TEPS for BFS 6 is 633.619 cyrus 256
Running BFS 7
Time for BFS 7 is 0.259153
Validating BFS 7
Validate time for BFS 7 is 0.000004
TEPS for BFS 7 is 987.833 cyrus 256
Running BFS 8
Time for BFS 8 is 0.396131
Validating BFS 8
Validate time for BFS 8 is 0.000004
TEPS for BFS 8 is 646.251 cyrus 256
Running BFS 9
Time for BFS 9 is 0.391678
Validating BFS 9
Validate time for BFS 9 is 0.000003
TEPS for BFS 9 is 653.598 cyrus 256
Running BFS 10
Time for BFS 10 is 3.329599
Validating BFS 10
Validate time for BFS 10 is 0.000003
TEPS for BFS 10 is 76.8861 cyrus 256
Running BFS 11
Time for BFS 11 is 0.238132
Validating BFS 11
Validate time for BFS 11 is 0.000004
TEPS for BFS 11 is 1075.03 cyrus 256
Running BFS 12
Time for BFS 12 is 0.278990
Validating BFS 12
Validate time for BFS 12 is 0.000004
TEPS for BFS 12 is 917.596 cyrus 256
Running BFS 13
Time for BFS 13 is 0.383059
Validating BFS 13
Validate time for BFS 13 is 0.000003
TEPS for BFS 13 is 668.304 cyrus 256
Running BFS 14
Time for BFS 14 is 2.245433
Validating BFS 14
Validate time for BFS 14 is 0.000002
TEPS for BFS 14 is 114.009 cyrus 256
Running BFS 15
Time for BFS 15 is 0.406346
Validating BFS 15
Validate time for BFS 15 is 0.000003
TEPS for BFS 15 is 630.005 cyrus 256
Running BFS 16
Time for BFS 16 is 0.371487
Validating BFS 16
Validate time for BFS 16 is 0.000004
TEPS for BFS 16 is 689.123 cyrus 256
Running BFS 17
Time for BFS 17 is 0.398915
Validating BFS 17
Validate time for BFS 17 is 0.000004
TEPS for BFS 17 is 641.741 cyrus 256
Running BFS 18
Time for BFS 18 is 0.253883
Validating BFS 18
Validate time for BFS 18 is 0.000005
TEPS for BFS 18 is 1008.34 cyrus 256
Running BFS 19
Time for BFS 19 is 0.284093
Validating BFS 19
Validate time for BFS 19 is 0.000003
TEPS for BFS 19 is 901.114 cyrus 256
Running BFS 20
Time for BFS 20 is 0.288819
Validating BFS 20
Validate time for BFS 20 is 0.000004
TEPS for BFS 20 is 886.368 cyrus 256
Running BFS 21
Time for BFS 21 is 0.354205
Validating BFS 21
Validate time for BFS 21 is 0.000004
TEPS for BFS 21 is 722.745 cyrus 256
Running BFS 22
Time for BFS 22 is 1.494201
Validating BFS 22
Validate time for BFS 22 is 0.000003
TEPS for BFS 22 is 171.329 cyrus 256
Running BFS 23
Time for BFS 23 is 0.284028
Validating BFS 23
Validate time for BFS 23 is 0.000003
TEPS for BFS 23 is 901.32 cyrus 256
Running BFS 24
Time for BFS 24 is 0.248811
Validating BFS 24
Validate time for BFS 24 is 0.000003
TEPS for BFS 24 is 1028.89 cyrus 256
Running BFS 25
Time for BFS 25 is 2.439602
Validating BFS 25
Validate time for BFS 25 is 0.000003
TEPS for BFS 25 is 104.935 cyrus 256
Running BFS 26
Time for BFS 26 is 0.366445
Validating BFS 26
Validate time for BFS 26 is 0.000003
TEPS for BFS 26 is 698.604 cyrus 256
Running BFS 27
Time for BFS 27 is 0.255970
Validating BFS 27
Validate time for BFS 27 is 0.000004
TEPS for BFS 27 is 1000.12 cyrus 256
Running BFS 28
Time for BFS 28 is 0.263709
Validating BFS 28
Validate time for BFS 28 is 0.000003
TEPS for BFS 28 is 970.768 cyrus 256
Running BFS 29
Time for BFS 29 is 0.348804
Validating BFS 29
Validate time for BFS 29 is 0.000003
TEPS for BFS 29 is 733.936 cyrus 256
Running BFS 30
Time for BFS 30 is 0.374983
Validating BFS 30
Validate time for BFS 30 is 0.000003
TEPS for BFS 30 is 682.698 cyrus 256
Running BFS 31
Time for BFS 31 is 0.387311
Validating BFS 31
Validate time for BFS 31 is 0.000004
TEPS for BFS 31 is 660.968 cyrus 256
Running BFS 32
Time for BFS 32 is 0.263187
Validating BFS 32
Validate time for BFS 32 is 0.000003
TEPS for BFS 32 is 972.693 cyrus 256
Running BFS 33
Time for BFS 33 is 0.256669
Validating BFS 33
Validate time for BFS 33 is 0.000003
TEPS for BFS 33 is 997.393 cyrus 256
Running BFS 34
Time for BFS 34 is 1.688924
Validating BFS 34
Validate time for BFS 34 is 0.000004
TEPS for BFS 34 is 151.576 cyrus 256
Running BFS 35
Time for BFS 35 is 0.369078
Validating BFS 35
Validate time for BFS 35 is 0.000004
TEPS for BFS 35 is 693.62 cyrus 256
Running BFS 36
Time for BFS 36 is 0.383286
Validating BFS 36
Validate time for BFS 36 is 0.000003
TEPS for BFS 36 is 667.909 cyrus 256
Running BFS 37
Time for BFS 37 is 0.392187
Validating BFS 37
Validate time for BFS 37 is 0.000003
TEPS for BFS 37 is 652.75 cyrus 256
Running BFS 38
Time for BFS 38 is 0.289450
Validating BFS 38
Validate time for BFS 38 is 0.000004
TEPS for BFS 38 is 884.436 cyrus 256
Running BFS 39
Time for BFS 39 is 2.751124
Validating BFS 39
Validate time for BFS 39 is 0.000003
TEPS for BFS 39 is 93.0529 cyrus 256
Running BFS 40
Time for BFS 40 is 0.379041
Validating BFS 40
Validate time for BFS 40 is 0.000003
TEPS for BFS 40 is 675.388 cyrus 256
Running BFS 41
Time for BFS 41 is 0.357126
Validating BFS 41
Validate time for BFS 41 is 0.000003
TEPS for BFS 41 is 716.834 cyrus 256
Running BFS 42
Time for BFS 42 is 0.249969
Validating BFS 42
Validate time for BFS 42 is 0.000004
TEPS for BFS 42 is 1024.13 cyrus 256
Running BFS 43
Time for BFS 43 is 0.250477
Validating BFS 43
Validate time for BFS 43 is 0.000004
TEPS for BFS 43 is 1022.05 cyrus 256
Running BFS 44
Time for BFS 44 is 0.286944
Validating BFS 44
Validate time for BFS 44 is 0.000004
TEPS for BFS 44 is 892.16 cyrus 256
Running BFS 45
Time for BFS 45 is 0.258946
Validating BFS 45
Validate time for BFS 45 is 0.000004
TEPS for BFS 45 is 988.623 cyrus 256
Running BFS 46
Time for BFS 46 is 0.262822
Validating BFS 46
Validate time for BFS 46 is 0.000004
TEPS for BFS 46 is 974.044 cyrus 256
Running BFS 47
Time for BFS 47 is 0.285324
Validating BFS 47
Validate time for BFS 47 is 0.000003
TEPS for BFS 47 is 897.226 cyrus 256
Running BFS 48
Time for BFS 48 is 0.267454
Validating BFS 48
Validate time for BFS 48 is 0.000003
TEPS for BFS 48 is 957.174 cyrus 256
Running BFS 49
Time for BFS 49 is 0.389781
Validating BFS 49
Validate time for BFS 49 is 0.000003
TEPS for BFS 49 is 656.779 cyrus 256
Running BFS 50
Time for BFS 50 is 0.259442
Validating BFS 50
Validate time for BFS 50 is 0.000004
TEPS for BFS 50 is 986.734 cyrus 256
Running BFS 51
Time for BFS 51 is 0.258888
Validating BFS 51
Validate time for BFS 51 is 0.000004
TEPS for BFS 51 is 988.845 cyrus 256
Running BFS 52
Time for BFS 52 is 0.284284
Validating BFS 52
Validate time for BFS 52 is 0.000003
TEPS for BFS 52 is 900.508 cyrus 256
Running BFS 53
Time for BFS 53 is 0.379805
Validating BFS 53
Validate time for BFS 53 is 0.000005
TEPS for BFS 53 is 674.03 cyrus 256
Running BFS 54
Time for BFS 54 is 0.399825
Validating BFS 54
Validate time for BFS 54 is 0.000003
TEPS for BFS 54 is 640.28 cyrus 256
Running BFS 55
Time for BFS 55 is 0.269743
Validating BFS 55
Validate time for BFS 55 is 0.000005
TEPS for BFS 55 is 949.052 cyrus 256
Running BFS 56
Time for BFS 56 is 0.368621
Validating BFS 56
Validate time for BFS 56 is 0.000003
TEPS for BFS 56 is 694.48 cyrus 256
Running BFS 57
Time for BFS 57 is 0.254261
Validating BFS 57
Validate time for BFS 57 is 0.000003
TEPS for BFS 57 is 1006.84 cyrus 256
Running BFS 58
Time for BFS 58 is 3.657115
Validating BFS 58
Validate time for BFS 58 is 0.000004
TEPS for BFS 58 is 70.0005 cyrus 256
Running BFS 59
Time for BFS 59 is 0.260242
Validating BFS 59
Validate time for BFS 59 is 0.000002
TEPS for BFS 59 is 983.7 cyrus 256
Running BFS 60
Time for BFS 60 is 0.269511
Validating BFS 60
Validate time for BFS 60 is 0.000003
TEPS for BFS 60 is 949.869 cyrus 256
Running BFS 61
Time for BFS 61 is 0.376829
Validating BFS 61
Validate time for BFS 61 is 0.000004
TEPS for BFS 61 is 679.353 cyrus 256
Running BFS 62
Time for BFS 62 is 0.420568
Validating BFS 62
Validate time for BFS 62 is 0.000003
TEPS for BFS 62 is 608.701 cyrus 256
Running BFS 63
Time for BFS 63 is 0.279005
Validating BFS 63
Validate time for BFS 63 is 0.000003
TEPS for BFS 63 is 917.546 cyrus 256
SCALE:                          4
edgefactor:                     16
NBFS:                           64
graph_generation:               0.870182
num_mpi_processes:              128
construction_time:              0.190734
min_time:                       0.238132
firstquartile_time:             0.263803
median_time:                    0.324334
thirdquartile_time:             0.39073
max_time:                       3.65711
mean_time:                      0.569427
stddev_time:                    0.7387
min_nedge:                      256
firstquartile_nedge:            256
median_nedge:                   256
thirdquartile_nedge:            256
max_nedge:                      256
mean_nedge:                     256
stddev_nedge:                   0
min_TEPS:                       70.0005
firstquartile_TEPS:             655.185
median_TEPS:                    789.309
thirdquartile_TEPS:             970.422
max_TEPS:                       1075.03
harmonic_mean_TEPS:             449.575
harmonic_stddev_TEPS:           73.4788
min_validate:                   1.90735e-06
firstquartile_validate:         3.09944e-06
median_validate:                3.09944e-06
thirdquartile_validate:         4.05312e-06
max_validate:                   5.00679e-06
mean_validate:                  3.43844e-06
stddev_validate:                6.3266e-07
This benchmark was run on 128 MPI Processes, Scale 4, written output_128_4.log
