graph_generation:               4.008872 s
construction_time:              0.902806 s
Running BFS 0
Time for BFS 0 is 0.420622
Validating BFS 0
Validate time for BFS 0 is 0.000001
TEPS for BFS 0 is 623229 cyrus 262144
Running BFS 1
Time for BFS 1 is 0.399932
Validating BFS 1
Validate time for BFS 1 is 0.000000
TEPS for BFS 1 is 655472 cyrus 262144
Running BFS 2
Time for BFS 2 is 0.399955
Validating BFS 2
Validate time for BFS 2 is 0.000001
TEPS for BFS 2 is 655434 cyrus 262144
Running BFS 3
Time for BFS 3 is 0.400419
Validating BFS 3
Validate time for BFS 3 is 0.000001
TEPS for BFS 3 is 654674 cyrus 262144
Running BFS 4
Time for BFS 4 is 0.480325
Validating BFS 4
Validate time for BFS 4 is 0.000001
TEPS for BFS 4 is 545764 cyrus 262144
Running BFS 5
Time for BFS 5 is 0.390295
Validating BFS 5
Validate time for BFS 5 is 0.000001
TEPS for BFS 5 is 671656 cyrus 262144
Running BFS 6
Time for BFS 6 is 0.479907
Validating BFS 6
Validate time for BFS 6 is 0.000001
TEPS for BFS 6 is 546239 cyrus 262144
Running BFS 7
Time for BFS 7 is 0.570212
Validating BFS 7
Validate time for BFS 7 is 0.000001
TEPS for BFS 7 is 459731 cyrus 262144
Running BFS 8
Time for BFS 8 is 0.639904
Validating BFS 8
Validate time for BFS 8 is 0.000001
TEPS for BFS 8 is 409661 cyrus 262144
Running BFS 9
Time for BFS 9 is 0.640539
Validating BFS 9
Validate time for BFS 9 is 0.000001
TEPS for BFS 9 is 409255 cyrus 262144
Running BFS 10
Time for BFS 10 is 0.640142
Validating BFS 10
Validate time for BFS 10 is 0.000001
TEPS for BFS 10 is 409509 cyrus 262144
Running BFS 11
Time for BFS 11 is 0.640034
Validating BFS 11
Validate time for BFS 11 is 0.000001
TEPS for BFS 11 is 409578 cyrus 262144
Running BFS 12
Time for BFS 12 is 0.510125
Validating BFS 12
Validate time for BFS 12 is 0.000001
TEPS for BFS 12 is 513882 cyrus 262144
Running BFS 13
Time for BFS 13 is 0.639938
Validating BFS 13
Validate time for BFS 13 is 0.000001
TEPS for BFS 13 is 409640 cyrus 262144
Running BFS 14
Time for BFS 14 is 0.640223
Validating BFS 14
Validate time for BFS 14 is 0.000001
TEPS for BFS 14 is 409457 cyrus 262144
Running BFS 15
Time for BFS 15 is 0.530260
Validating BFS 15
Validate time for BFS 15 is 0.000001
TEPS for BFS 15 is 494369 cyrus 262144
Running BFS 16
Time for BFS 16 is 0.510100
Validating BFS 16
Validate time for BFS 16 is 0.000001
TEPS for BFS 16 is 513907 cyrus 262144
Running BFS 17
Time for BFS 17 is 0.590229
Validating BFS 17
Validate time for BFS 17 is 0.000001
TEPS for BFS 17 is 444139 cyrus 262144
Running BFS 18
Time for BFS 18 is 0.570066
Validating BFS 18
Validate time for BFS 18 is 0.000001
TEPS for BFS 18 is 459849 cyrus 262144
Running BFS 19
Time for BFS 19 is 0.470372
Validating BFS 19
Validate time for BFS 19 is 0.000001
TEPS for BFS 19 is 557312 cyrus 262144
Running BFS 20
Time for BFS 20 is 0.570195
Validating BFS 20
Validate time for BFS 20 is 0.000001
TEPS for BFS 20 is 459745 cyrus 262144
Running BFS 21
Time for BFS 21 is 0.560439
Validating BFS 21
Validate time for BFS 21 is 0.000001
TEPS for BFS 21 is 467748 cyrus 262144
Running BFS 22
Time for BFS 22 is 0.460057
Validating BFS 22
Validate time for BFS 22 is 0.000001
TEPS for BFS 22 is 569808 cyrus 262144
Running BFS 23
Time for BFS 23 is 0.560360
Validating BFS 23
Validate time for BFS 23 is 0.000001
TEPS for BFS 23 is 467814 cyrus 262144
Running BFS 24
Time for BFS 24 is 0.470078
Validating BFS 24
Validate time for BFS 24 is 0.000001
TEPS for BFS 24 is 557661 cyrus 262144
Running BFS 25
Time for BFS 25 is 0.560280
Validating BFS 25
Validate time for BFS 25 is 0.000001
TEPS for BFS 25 is 467880 cyrus 262144
Running BFS 26
Time for BFS 26 is 0.449892
Validating BFS 26
Validate time for BFS 26 is 0.000001
TEPS for BFS 26 is 582682 cyrus 262144
Running BFS 27
Time for BFS 27 is 0.570197
Validating BFS 27
Validate time for BFS 27 is 0.000001
TEPS for BFS 27 is 459743 cyrus 262144
Running BFS 28
Time for BFS 28 is 0.569847
Validating BFS 28
Validate time for BFS 28 is 0.000001
TEPS for BFS 28 is 460025 cyrus 262144
Running BFS 29
Time for BFS 29 is 0.470279
Validating BFS 29
Validate time for BFS 29 is 0.000001
TEPS for BFS 29 is 557422 cyrus 262144
Running BFS 30
Time for BFS 30 is 0.570194
Validating BFS 30
Validate time for BFS 30 is 0.000001
TEPS for BFS 30 is 459745 cyrus 262144
Running BFS 31
Time for BFS 31 is 0.449768
Validating BFS 31
Validate time for BFS 31 is 0.000001
TEPS for BFS 31 is 582843 cyrus 262144
Running BFS 32
Time for BFS 32 is 0.470140
Validating BFS 32
Validate time for BFS 32 is 0.000003
TEPS for BFS 32 is 557587 cyrus 262144
Running BFS 33
Time for BFS 33 is 0.470043
Validating BFS 33
Validate time for BFS 33 is 0.000003
TEPS for BFS 33 is 557702 cyrus 262144
Running BFS 34
Time for BFS 34 is 0.620100
Validating BFS 34
Validate time for BFS 34 is 0.000003
TEPS for BFS 34 is 422745 cyrus 262144
Running BFS 35
Time for BFS 35 is 0.529952
Validating BFS 35
Validate time for BFS 35 is 0.000002
TEPS for BFS 35 is 494656 cyrus 262144
Running BFS 36
Time for BFS 36 is 0.580079
Validating BFS 36
Validate time for BFS 36 is 0.000002
TEPS for BFS 36 is 451911 cyrus 262144
Running BFS 37
Time for BFS 37 is 0.579945
Validating BFS 37
Validate time for BFS 37 is 0.000002
TEPS for BFS 37 is 452015 cyrus 262144
Running BFS 38
Time for BFS 38 is 0.450042
Validating BFS 38
Validate time for BFS 38 is 0.000002
TEPS for BFS 38 is 582488 cyrus 262144
Running BFS 39
Time for BFS 39 is 0.559857
Validating BFS 39
Validate time for BFS 39 is 0.000003
TEPS for BFS 39 is 468234 cyrus 262144
Running BFS 40
Time for BFS 40 is 0.470158
Validating BFS 40
Validate time for BFS 40 is 0.000003
TEPS for BFS 40 is 557566 cyrus 262144
Running BFS 41
Time for BFS 41 is 0.559794
Validating BFS 41
Validate time for BFS 41 is 0.000003
TEPS for BFS 41 is 468287 cyrus 262144
Running BFS 42
Time for BFS 42 is 0.470166
Validating BFS 42
Validate time for BFS 42 is 0.000002
TEPS for BFS 42 is 557556 cyrus 262144
Running BFS 43
Time for BFS 43 is 0.559912
Validating BFS 43
Validate time for BFS 43 is 0.000003
TEPS for BFS 43 is 468188 cyrus 262144
Running BFS 44
Time for BFS 44 is 0.439989
Validating BFS 44
Validate time for BFS 44 is 0.000002
TEPS for BFS 44 is 595797 cyrus 262144
Running BFS 45
Time for BFS 45 is 0.559873
Validating BFS 45
Validate time for BFS 45 is 0.000002
TEPS for BFS 45 is 468220 cyrus 262144
Running BFS 46
Time for BFS 46 is 0.560201
Validating BFS 46
Validate time for BFS 46 is 0.000002
TEPS for BFS 46 is 467946 cyrus 262144
Running BFS 47
Time for BFS 47 is 0.469890
Validating BFS 47
Validate time for BFS 47 is 0.000003
TEPS for BFS 47 is 557884 cyrus 262144
Running BFS 48
Time for BFS 48 is 0.430083
Validating BFS 48
Validate time for BFS 48 is 0.000003
TEPS for BFS 48 is 609520 cyrus 262144
Running BFS 49
Time for BFS 49 is 0.549989
Validating BFS 49
Validate time for BFS 49 is 0.000002
TEPS for BFS 49 is 476635 cyrus 262144
Running BFS 50
Time for BFS 50 is 0.560031
Validating BFS 50
Validate time for BFS 50 is 0.000002
TEPS for BFS 50 is 468088 cyrus 262144
Running BFS 51
Time for BFS 51 is 0.559812
Validating BFS 51
Validate time for BFS 51 is 0.000002
TEPS for BFS 51 is 468271 cyrus 262144
Running BFS 52
Time for BFS 52 is 0.460083
Validating BFS 52
Validate time for BFS 52 is 0.000003
TEPS for BFS 52 is 569775 cyrus 262144
Running BFS 53
Time for BFS 53 is 0.559842
Validating BFS 53
Validate time for BFS 53 is 0.000002
TEPS for BFS 53 is 468247 cyrus 262144
Running BFS 54
Time for BFS 54 is 0.450146
Validating BFS 54
Validate time for BFS 54 is 0.000003
TEPS for BFS 54 is 582353 cyrus 262144
Running BFS 55
Time for BFS 55 is 0.569736
Validating BFS 55
Validate time for BFS 55 is 0.000003
TEPS for BFS 55 is 460115 cyrus 262144
Running BFS 56
Time for BFS 56 is 0.560225
Validating BFS 56
Validate time for BFS 56 is 0.000003
TEPS for BFS 56 is 467926 cyrus 262144
Running BFS 57
Time for BFS 57 is 0.459974
Validating BFS 57
Validate time for BFS 57 is 0.000003
TEPS for BFS 57 is 569910 cyrus 262144
Running BFS 58
Time for BFS 58 is 0.530274
Validating BFS 58
Validate time for BFS 58 is 0.000002
TEPS for BFS 58 is 494356 cyrus 262144
Running BFS 59
Time for BFS 59 is 0.560104
Validating BFS 59
Validate time for BFS 59 is 0.000002
TEPS for BFS 59 is 468027 cyrus 262144
Running BFS 60
Time for BFS 60 is 0.560065
Validating BFS 60
Validate time for BFS 60 is 0.000002
TEPS for BFS 60 is 468060 cyrus 262144
Running BFS 61
Time for BFS 61 is 0.560281
Validating BFS 61
Validate time for BFS 61 is 0.000003
TEPS for BFS 61 is 467879 cyrus 262144
Running BFS 62
Time for BFS 62 is 0.560148
Validating BFS 62
Validate time for BFS 62 is 0.000003
TEPS for BFS 62 is 467991 cyrus 262144
Running BFS 63
Time for BFS 63 is 0.560503
Validating BFS 63
Validate time for BFS 63 is 0.000003
TEPS for BFS 63 is 467694 cyrus 262144
SCALE:                          14
edgefactor:                     16
NBFS:                           64
graph_generation:               4.00887
num_mpi_processes:              32
construction_time:              0.902806
min_time:                       0.390295
firstquartile_time:             0.470061
median_time:                    0.559827
thirdquartile_time:             0.569792
max_time:                       0.640539
mean_time:                      0.526041
stddev_time:                    0.0679035
min_nedge:                      262144
firstquartile_nedge:            262144
median_nedge:                   262144
thirdquartile_nedge:            262144
max_nedge:                      262144
mean_nedge:                     262144
stddev_nedge:                   0
min_TEPS:                       409255
firstquartile_TEPS:             460070
median_TEPS:                    468259
thirdquartile_TEPS:             557681
max_TEPS:                       671656
harmonic_mean_TEPS:             498334
harmonic_stddev_TEPS:           8104.43
min_validate:                   0
firstquartile_validate:         9.53674e-07
median_validate:                1.54972e-06
thirdquartile_validate:         2.86102e-06
max_validate:                   3.09944e-06
mean_validate:                  1.77324e-06
stddev_validate:                8.74588e-07
This benchmark was run on 32 MPI Processes, Scale 14, written output_32_14.log
