graph_generation:               0.507138 s
construction_time:              0.150231 s
Running BFS 0
Time for BFS 0 is 0.229545
Validating BFS 0
Validate time for BFS 0 is 0.000002
TEPS for BFS 0 is 557.625 cyrus 128
Running BFS 1
Time for BFS 1 is 0.239647
Validating BFS 1
Validate time for BFS 1 is 0.000002
TEPS for BFS 1 is 534.119 cyrus 128
Running BFS 2
Time for BFS 2 is 0.232722
Validating BFS 2
Validate time for BFS 2 is 0.000003
TEPS for BFS 2 is 550.012 cyrus 128
Running BFS 3
Time for BFS 3 is 0.249804
Validating BFS 3
Validate time for BFS 3 is 0.000004
TEPS for BFS 3 is 512.402 cyrus 128
Running BFS 4
Time for BFS 4 is 0.129869
Validating BFS 4
Validate time for BFS 4 is 0.000002
TEPS for BFS 4 is 985.609 cyrus 128
Running BFS 5
Time for BFS 5 is 0.139826
Validating BFS 5
Validate time for BFS 5 is 0.000004
TEPS for BFS 5 is 915.423 cyrus 128
Running BFS 6
Time for BFS 6 is 0.239798
Validating BFS 6
Validate time for BFS 6 is 0.000002
TEPS for BFS 6 is 533.782 cyrus 128
Running BFS 7
Time for BFS 7 is 0.249822
Validating BFS 7
Validate time for BFS 7 is 0.000003
TEPS for BFS 7 is 512.365 cyrus 128
Running BFS 8
Time for BFS 8 is 0.249865
Validating BFS 8
Validate time for BFS 8 is 0.000003
TEPS for BFS 8 is 512.277 cyrus 128
Running BFS 9
Time for BFS 9 is 0.260585
Validating BFS 9
Validate time for BFS 9 is 0.000003
TEPS for BFS 9 is 491.202 cyrus 128
Running BFS 10
Time for BFS 10 is 0.249853
Validating BFS 10
Validate time for BFS 10 is 0.000003
TEPS for BFS 10 is 512.301 cyrus 128
Running BFS 11
Time for BFS 11 is 0.159712
Validating BFS 11
Validate time for BFS 11 is 0.000002
TEPS for BFS 11 is 801.442 cyrus 128
Running BFS 12
Time for BFS 12 is 0.259919
Validating BFS 12
Validate time for BFS 12 is 0.000002
TEPS for BFS 12 is 492.461 cyrus 128
Running BFS 13
Time for BFS 13 is 0.230310
Validating BFS 13
Validate time for BFS 13 is 0.000002
TEPS for BFS 13 is 555.772 cyrus 128
Running BFS 14
Time for BFS 14 is 0.269878
Validating BFS 14
Validate time for BFS 14 is 0.000003
TEPS for BFS 14 is 474.289 cyrus 128
Running BFS 15
Time for BFS 15 is 0.269839
Validating BFS 15
Validate time for BFS 15 is 0.000003
TEPS for BFS 15 is 474.357 cyrus 128
Running BFS 16
Time for BFS 16 is 0.260075
Validating BFS 16
Validate time for BFS 16 is 0.000004
TEPS for BFS 16 is 492.166 cyrus 128
Running BFS 17
Time for BFS 17 is 0.249996
Validating BFS 17
Validate time for BFS 17 is 0.000002
TEPS for BFS 17 is 512.008 cyrus 128
Running BFS 18
Time for BFS 18 is 0.239981
Validating BFS 18
Validate time for BFS 18 is 0.000002
TEPS for BFS 18 is 533.376 cyrus 128
Running BFS 19
Time for BFS 19 is 0.139830
Validating BFS 19
Validate time for BFS 19 is 0.000003
TEPS for BFS 19 is 915.398 cyrus 128
Running BFS 20
Time for BFS 20 is 0.249843
Validating BFS 20
Validate time for BFS 20 is 0.000002
TEPS for BFS 20 is 512.321 cyrus 128
Running BFS 21
Time for BFS 21 is 0.139841
Validating BFS 21
Validate time for BFS 21 is 0.000002
TEPS for BFS 21 is 915.325 cyrus 128
Running BFS 22
Time for BFS 22 is 0.230727
Validating BFS 22
Validate time for BFS 22 is 0.000003
TEPS for BFS 22 is 554.768 cyrus 128
Running BFS 23
Time for BFS 23 is 0.233769
Validating BFS 23
Validate time for BFS 23 is 0.000001
TEPS for BFS 23 is 547.549 cyrus 128
Running BFS 24
Time for BFS 24 is 0.239805
Validating BFS 24
Validate time for BFS 24 is 0.000001
TEPS for BFS 24 is 533.767 cyrus 128
Running BFS 25
Time for BFS 25 is 0.239861
Validating BFS 25
Validate time for BFS 25 is 0.000001
TEPS for BFS 25 is 533.642 cyrus 128
Running BFS 26
Time for BFS 26 is 0.249878
Validating BFS 26
Validate time for BFS 26 is 0.000001
TEPS for BFS 26 is 512.25 cyrus 128
Running BFS 27
Time for BFS 27 is 0.139900
Validating BFS 27
Validate time for BFS 27 is 0.000003
TEPS for BFS 27 is 914.939 cyrus 128
Running BFS 28
Time for BFS 28 is 0.239826
Validating BFS 28
Validate time for BFS 28 is 0.000006
TEPS for BFS 28 is 533.72 cyrus 128
Running BFS 29
Time for BFS 29 is 0.232790
Validating BFS 29
Validate time for BFS 29 is 0.000002
TEPS for BFS 29 is 549.852 cyrus 128
Running BFS 30
Time for BFS 30 is 0.249710
Validating BFS 30
Validate time for BFS 30 is 0.000003
TEPS for BFS 30 is 512.594 cyrus 128
Running BFS 31
Time for BFS 31 is 0.239847
Validating BFS 31
Validate time for BFS 31 is 0.000003
TEPS for BFS 31 is 533.674 cyrus 128
Running BFS 32
Time for BFS 32 is 0.249818
Validating BFS 32
Validate time for BFS 32 is 0.000003
TEPS for BFS 32 is 512.373 cyrus 128
Running BFS 33
Time for BFS 33 is 0.239846
Validating BFS 33
Validate time for BFS 33 is 0.000003
TEPS for BFS 33 is 533.676 cyrus 128
Running BFS 34
Time for BFS 34 is 0.249839
Validating BFS 34
Validate time for BFS 34 is 0.000002
TEPS for BFS 34 is 512.33 cyrus 128
Running BFS 35
Time for BFS 35 is 0.129938
Validating BFS 35
Validate time for BFS 35 is 0.000003
TEPS for BFS 35 is 985.084 cyrus 128
Running BFS 36
Time for BFS 36 is 0.131357
Validating BFS 36
Validate time for BFS 36 is 0.000001
TEPS for BFS 36 is 974.444 cyrus 128
Running BFS 37
Time for BFS 37 is 0.239870
Validating BFS 37
Validate time for BFS 37 is 0.000001
TEPS for BFS 37 is 533.622 cyrus 128
Running BFS 38
Time for BFS 38 is 0.249970
Validating BFS 38
Validate time for BFS 38 is 0.000003
TEPS for BFS 38 is 512.062 cyrus 128
Running BFS 39
Time for BFS 39 is 0.239865
Validating BFS 39
Validate time for BFS 39 is 0.000002
TEPS for BFS 39 is 533.633 cyrus 128
Running BFS 40
Time for BFS 40 is 0.250167
Validating BFS 40
Validate time for BFS 40 is 0.000003
TEPS for BFS 40 is 511.658 cyrus 128
Running BFS 41
Time for BFS 41 is 0.139893
Validating BFS 41
Validate time for BFS 41 is 0.000002
TEPS for BFS 41 is 914.985 cyrus 128
Running BFS 42
Time for BFS 42 is 0.229889
Validating BFS 42
Validate time for BFS 42 is 0.000003
TEPS for BFS 42 is 556.79 cyrus 128
Running BFS 43
Time for BFS 43 is 0.140004
Validating BFS 43
Validate time for BFS 43 is 0.000004
TEPS for BFS 43 is 914.26 cyrus 128
Running BFS 44
Time for BFS 44 is 0.249789
Validating BFS 44
Validate time for BFS 44 is 0.000003
TEPS for BFS 44 is 512.432 cyrus 128
Running BFS 45
Time for BFS 45 is 0.140470
Validating BFS 45
Validate time for BFS 45 is 0.000003
TEPS for BFS 45 is 911.226 cyrus 128
Running BFS 46
Time for BFS 46 is 0.239843
Validating BFS 46
Validate time for BFS 46 is 0.000002
TEPS for BFS 46 is 533.682 cyrus 128
Running BFS 47
Time for BFS 47 is 0.249820
Validating BFS 47
Validate time for BFS 47 is 0.000003
TEPS for BFS 47 is 512.369 cyrus 128
Running BFS 48
Time for BFS 48 is 0.239862
Validating BFS 48
Validate time for BFS 48 is 0.000002
TEPS for BFS 48 is 533.64 cyrus 128
Running BFS 49
Time for BFS 49 is 0.250112
Validating BFS 49
Validate time for BFS 49 is 0.000003
TEPS for BFS 49 is 511.771 cyrus 128
Running BFS 50
Time for BFS 50 is 0.239905
Validating BFS 50
Validate time for BFS 50 is 0.000003
TEPS for BFS 50 is 533.544 cyrus 128
Running BFS 51
Time for BFS 51 is 0.139793
Validating BFS 51
Validate time for BFS 51 is 0.000003
TEPS for BFS 51 is 915.64 cyrus 128
Running BFS 52
Time for BFS 52 is 0.249971
Validating BFS 52
Validate time for BFS 52 is 0.000003
TEPS for BFS 52 is 512.059 cyrus 128
Running BFS 53
Time for BFS 53 is 0.229958
Validating BFS 53
Validate time for BFS 53 is 0.000003
TEPS for BFS 53 is 556.624 cyrus 128
Running BFS 54
Time for BFS 54 is 0.229983
Validating BFS 54
Validate time for BFS 54 is 0.000003
TEPS for BFS 54 is 556.563 cyrus 128
Running BFS 55
Time for BFS 55 is 0.230051
Validating BFS 55
Validate time for BFS 55 is 0.000003
TEPS for BFS 55 is 556.398 cyrus 128
Running BFS 56
Time for BFS 56 is 0.259796
Validating BFS 56
Validate time for BFS 56 is 0.000002
TEPS for BFS 56 is 492.694 cyrus 128
Running BFS 57
Time for BFS 57 is 0.149714
Validating BFS 57
Validate time for BFS 57 is 0.000003
TEPS for BFS 57 is 854.964 cyrus 128
Running BFS 58
Time for BFS 58 is 0.230053
Validating BFS 58
Validate time for BFS 58 is 0.000002
TEPS for BFS 58 is 556.393 cyrus 128
Running BFS 59
Time for BFS 59 is 0.119963
Validating BFS 59
Validate time for BFS 59 is 0.000002
TEPS for BFS 59 is 1066.99 cyrus 128
Running BFS 60
Time for BFS 60 is 0.219859
Validating BFS 60
Validate time for BFS 60 is 0.000002
TEPS for BFS 60 is 582.192 cyrus 128
Running BFS 61
Time for BFS 61 is 0.139768
Validating BFS 61
Validate time for BFS 61 is 0.000002
TEPS for BFS 61 is 915.803 cyrus 128
Running BFS 62
Time for BFS 62 is 0.129975
Validating BFS 62
Validate time for BFS 62 is 0.000002
TEPS for BFS 62 is 984.804 cyrus 128
Running BFS 63
Time for BFS 63 is 0.220004
Validating BFS 63
Validate time for BFS 63 is 0.000002
TEPS for BFS 63 is 581.808 cyrus 128
SCALE:                          3
edgefactor:                     16
NBFS:                           64
graph_generation:               0.507138
num_mpi_processes:              32
construction_time:              0.150231
min_time:                       0.119963
firstquartile_time:             0.189785
median_time:                    0.239815
thirdquartile_time:             0.24983
max_time:                       0.269878
mean_time:                      0.216966
stddev_time:                    0.0471474
min_nedge:                      128
firstquartile_nedge:            128
median_nedge:                   128
thirdquartile_nedge:            128
max_nedge:                      128
mean_nedge:                     128
stddev_nedge:                   0
min_TEPS:                       474.289
firstquartile_TEPS:             512.348
median_TEPS:                    533.744
thirdquartile_TEPS:             674.446
max_TEPS:                       1066.99
harmonic_mean_TEPS:             589.954
harmonic_stddev_TEPS:           16.1515
min_validate:                   9.53674e-07
firstquartile_validate:         1.90735e-06
median_validate:                2.86102e-06
thirdquartile_validate:         3.09944e-06
max_validate:                   5.96046e-06
mean_validate:                  2.54437e-06
stddev_validate:                8.81964e-07
This benchmark was run on 32 MPI Processes, Scale 3, written output_32_3.log
