graph_generation:               3.009838 s
construction_time:              0.173345 s
Running BFS 0
Time for BFS 0 is 0.479132
Validating BFS 0
Validate time for BFS 0 is 0.000002
TEPS for BFS 0 is 17097.6 cyrus 8192
Running BFS 1
Time for BFS 1 is 0.599816
Validating BFS 1
Validate time for BFS 1 is 0.000002
TEPS for BFS 1 is 13657.5 cyrus 8192
Running BFS 2
Time for BFS 2 is 0.469825
Validating BFS 2
Validate time for BFS 2 is 0.000003
TEPS for BFS 2 is 17436.3 cyrus 8192
Running BFS 3
Time for BFS 3 is 0.522392
Validating BFS 3
Validate time for BFS 3 is 0.000001
TEPS for BFS 3 is 15681.7 cyrus 8192
Running BFS 4
Time for BFS 4 is 0.519945
Validating BFS 4
Validate time for BFS 4 is 0.000001
TEPS for BFS 4 is 15755.5 cyrus 8192
Running BFS 5
Time for BFS 5 is 0.339927
Validating BFS 5
Validate time for BFS 5 is 0.000001
TEPS for BFS 5 is 24099.3 cyrus 8192
Running BFS 6
Time for BFS 6 is 0.449933
Validating BFS 6
Validate time for BFS 6 is 0.000003
TEPS for BFS 6 is 18207.2 cyrus 8192
Running BFS 7
Time for BFS 7 is 0.459888
Validating BFS 7
Validate time for BFS 7 is 0.000002
TEPS for BFS 7 is 17813 cyrus 8192
Running BFS 8
Time for BFS 8 is 0.449854
Validating BFS 8
Validate time for BFS 8 is 0.000003
TEPS for BFS 8 is 18210.4 cyrus 8192
Running BFS 9
Time for BFS 9 is 0.349868
Validating BFS 9
Validate time for BFS 9 is 0.000003
TEPS for BFS 9 is 23414.5 cyrus 8192
Running BFS 10
Time for BFS 10 is 0.349816
Validating BFS 10
Validate time for BFS 10 is 0.000003
TEPS for BFS 10 is 23418 cyrus 8192
Running BFS 11
Time for BFS 11 is 0.349865
Validating BFS 11
Validate time for BFS 11 is 0.000002
TEPS for BFS 11 is 23414.7 cyrus 8192
Running BFS 12
Time for BFS 12 is 0.349865
Validating BFS 12
Validate time for BFS 12 is 0.000003
TEPS for BFS 12 is 23414.7 cyrus 8192
Running BFS 13
Time for BFS 13 is 0.459835
Validating BFS 13
Validate time for BFS 13 is 0.000003
TEPS for BFS 13 is 17815.1 cyrus 8192
Running BFS 14
Time for BFS 14 is 0.349920
Validating BFS 14
Validate time for BFS 14 is 0.000003
TEPS for BFS 14 is 23411.1 cyrus 8192
Running BFS 15
Time for BFS 15 is 0.339796
Validating BFS 15
Validate time for BFS 15 is 0.000002
TEPS for BFS 15 is 24108.6 cyrus 8192
Running BFS 16
Time for BFS 16 is 0.449971
Validating BFS 16
Validate time for BFS 16 is 0.000002
TEPS for BFS 16 is 18205.6 cyrus 8192
Running BFS 17
Time for BFS 17 is 0.439830
Validating BFS 17
Validate time for BFS 17 is 0.000002
TEPS for BFS 17 is 18625.4 cyrus 8192
Running BFS 18
Time for BFS 18 is 0.449703
Validating BFS 18
Validate time for BFS 18 is 0.000004
TEPS for BFS 18 is 18216.5 cyrus 8192
Running BFS 19
Time for BFS 19 is 0.380050
Validating BFS 19
Validate time for BFS 19 is 0.000002
TEPS for BFS 19 is 21555 cyrus 8192
Running BFS 20
Time for BFS 20 is 0.419717
Validating BFS 20
Validate time for BFS 20 is 0.000003
TEPS for BFS 20 is 19517.9 cyrus 8192
Running BFS 21
Time for BFS 21 is 0.380014
Validating BFS 21
Validate time for BFS 21 is 0.000004
TEPS for BFS 21 is 21557.1 cyrus 8192
Running BFS 22
Time for BFS 22 is 0.329789
Validating BFS 22
Validate time for BFS 22 is 0.000002
TEPS for BFS 22 is 24840.1 cyrus 8192
Running BFS 23
Time for BFS 23 is 0.349842
Validating BFS 23
Validate time for BFS 23 is 0.000002
TEPS for BFS 23 is 23416.3 cyrus 8192
Running BFS 24
Time for BFS 24 is 0.309886
Validating BFS 24
Validate time for BFS 24 is 0.000002
TEPS for BFS 24 is 26435.5 cyrus 8192
Running BFS 25
Time for BFS 25 is 0.339859
Validating BFS 25
Validate time for BFS 25 is 0.000002
TEPS for BFS 25 is 24104.1 cyrus 8192
Running BFS 26
Time for BFS 26 is 0.439734
Validating BFS 26
Validate time for BFS 26 is 0.000004
TEPS for BFS 26 is 18629.4 cyrus 8192
Running BFS 27
Time for BFS 27 is 0.339870
Validating BFS 27
Validate time for BFS 27 is 0.000003
TEPS for BFS 27 is 24103.3 cyrus 8192
Running BFS 28
Time for BFS 28 is 0.349946
Validating BFS 28
Validate time for BFS 28 is 0.000005
TEPS for BFS 28 is 23409.3 cyrus 8192
Running BFS 29
Time for BFS 29 is 0.449703
Validating BFS 29
Validate time for BFS 29 is 0.000003
TEPS for BFS 29 is 18216.5 cyrus 8192
Running BFS 30
Time for BFS 30 is 0.469787
Validating BFS 30
Validate time for BFS 30 is 0.000004
TEPS for BFS 30 is 17437.7 cyrus 8192
Running BFS 31
Time for BFS 31 is 0.349800
Validating BFS 31
Validate time for BFS 31 is 0.000003
TEPS for BFS 31 is 23419.1 cyrus 8192
Running BFS 32
Time for BFS 32 is 0.439995
Validating BFS 32
Validate time for BFS 32 is 0.000002
TEPS for BFS 32 is 18618.4 cyrus 8192
Running BFS 33
Time for BFS 33 is 0.469763
Validating BFS 33
Validate time for BFS 33 is 0.000004
TEPS for BFS 33 is 17438.6 cyrus 8192
Running BFS 34
Time for BFS 34 is 0.389867
Validating BFS 34
Validate time for BFS 34 is 0.000002
TEPS for BFS 34 is 21012.3 cyrus 8192
Running BFS 35
Time for BFS 35 is 0.529939
Validating BFS 35
Validate time for BFS 35 is 0.000003
TEPS for BFS 35 is 15458.4 cyrus 8192
Running BFS 36
Time for BFS 36 is 0.499839
Validating BFS 36
Validate time for BFS 36 is 0.000003
TEPS for BFS 36 is 16389.3 cyrus 8192
Running BFS 37
Time for BFS 37 is 0.399878
Validating BFS 37
Validate time for BFS 37 is 0.000003
TEPS for BFS 37 is 20486.2 cyrus 8192
Running BFS 38
Time for BFS 38 is 0.399881
Validating BFS 38
Validate time for BFS 38 is 0.000002
TEPS for BFS 38 is 20486.1 cyrus 8192
Running BFS 39
Time for BFS 39 is 0.539948
Validating BFS 39
Validate time for BFS 39 is 0.000003
TEPS for BFS 39 is 15171.8 cyrus 8192
Running BFS 40
Time for BFS 40 is 0.499808
Validating BFS 40
Validate time for BFS 40 is 0.000002
TEPS for BFS 40 is 16390.3 cyrus 8192
Running BFS 41
Time for BFS 41 is 0.399875
Validating BFS 41
Validate time for BFS 41 is 0.000003
TEPS for BFS 41 is 20486.4 cyrus 8192
Running BFS 42
Time for BFS 42 is 0.399801
Validating BFS 42
Validate time for BFS 42 is 0.000002
TEPS for BFS 42 is 20490.2 cyrus 8192
Running BFS 43
Time for BFS 43 is 0.540025
Validating BFS 43
Validate time for BFS 43 is 0.000002
TEPS for BFS 43 is 15169.7 cyrus 8192
Running BFS 44
Time for BFS 44 is 0.499725
Validating BFS 44
Validate time for BFS 44 is 0.000002
TEPS for BFS 44 is 16393 cyrus 8192
Running BFS 45
Time for BFS 45 is 0.379899
Validating BFS 45
Validate time for BFS 45 is 0.000002
TEPS for BFS 45 is 21563.6 cyrus 8192
Running BFS 46
Time for BFS 46 is 0.369785
Validating BFS 46
Validate time for BFS 46 is 0.000003
TEPS for BFS 46 is 22153.4 cyrus 8192
Running BFS 47
Time for BFS 47 is 0.489990
Validating BFS 47
Validate time for BFS 47 is 0.000003
TEPS for BFS 47 is 16718.7 cyrus 8192
Running BFS 48
Time for BFS 48 is 0.449722
Validating BFS 48
Validate time for BFS 48 is 0.000003
TEPS for BFS 48 is 18215.7 cyrus 8192
Running BFS 49
Time for BFS 49 is 0.349833
Validating BFS 49
Validate time for BFS 49 is 0.000004
TEPS for BFS 49 is 23416.9 cyrus 8192
Running BFS 50
Time for BFS 50 is 0.339922
Validating BFS 50
Validate time for BFS 50 is 0.000003
TEPS for BFS 50 is 24099.6 cyrus 8192
Running BFS 51
Time for BFS 51 is 0.349800
Validating BFS 51
Validate time for BFS 51 is 0.000002
TEPS for BFS 51 is 23419.1 cyrus 8192
Running BFS 52
Time for BFS 52 is 0.460014
Validating BFS 52
Validate time for BFS 52 is 0.000003
TEPS for BFS 52 is 17808.1 cyrus 8192
Running BFS 53
Time for BFS 53 is 0.349825
Validating BFS 53
Validate time for BFS 53 is 0.000002
TEPS for BFS 53 is 23417.4 cyrus 8192
Running BFS 54
Time for BFS 54 is 0.349807
Validating BFS 54
Validate time for BFS 54 is 0.000004
TEPS for BFS 54 is 23418.6 cyrus 8192
Running BFS 55
Time for BFS 55 is 0.409790
Validating BFS 55
Validate time for BFS 55 is 0.000003
TEPS for BFS 55 is 19990.7 cyrus 8192
Running BFS 56
Time for BFS 56 is 0.319903
Validating BFS 56
Validate time for BFS 56 is 0.000002
TEPS for BFS 56 is 25607.8 cyrus 8192
Running BFS 57
Time for BFS 57 is 0.419853
Validating BFS 57
Validate time for BFS 57 is 0.000004
TEPS for BFS 57 is 19511.6 cyrus 8192
Running BFS 58
Time for BFS 58 is 0.299925
Validating BFS 58
Validate time for BFS 58 is 0.000002
TEPS for BFS 58 is 27313.5 cyrus 8192
Running BFS 59
Time for BFS 59 is 0.389756
Validating BFS 59
Validate time for BFS 59 is 0.000003
TEPS for BFS 59 is 21018.3 cyrus 8192
Running BFS 60
Time for BFS 60 is 0.399924
Validating BFS 60
Validate time for BFS 60 is 0.000003
TEPS for BFS 60 is 20483.9 cyrus 8192
Running BFS 61
Time for BFS 61 is 0.389899
Validating BFS 61
Validate time for BFS 61 is 0.000003
TEPS for BFS 61 is 21010.6 cyrus 8192
Running BFS 62
Time for BFS 62 is 0.459751
Validating BFS 62
Validate time for BFS 62 is 0.000004
TEPS for BFS 62 is 17818.3 cyrus 8192
Running BFS 63
Time for BFS 63 is 0.449889
Validating BFS 63
Validate time for BFS 63 is 0.000002
TEPS for BFS 63 is 18208.9 cyrus 8192
SCALE:                          9
edgefactor:                     16
NBFS:                           64
graph_generation:               3.00984
num_mpi_processes:              32
construction_time:              0.173345
min_time:                       0.299925
firstquartile_time:             0.349853
median_time:                    0.399903
thirdquartile_time:             0.459862
max_time:                       0.599816
mean_time:                      0.414419
stddev_time:                    0.0676631
min_nedge:                      8192
firstquartile_nedge:            8192
median_nedge:                   8192
thirdquartile_nedge:            8192
max_nedge:                      8192
mean_nedge:                     8192
stddev_nedge:                   0
min_TEPS:                       13657.5
firstquartile_TEPS:             17814.1
median_TEPS:                    20485
thirdquartile_TEPS:             23415.5
max_TEPS:                       27313.5
harmonic_mean_TEPS:             19767.4
harmonic_stddev_TEPS:           406.624
min_validate:                   9.53674e-07
firstquartile_validate:         1.90735e-06
median_validate:                2.86102e-06
thirdquartile_validate:         3.09944e-06
max_validate:                   5.00679e-06
mean_validate:                  2.70084e-06
stddev_validate:                8.53896e-07
This benchmark was run on 32 MPI Processes, Scale 9, written output_32_9.log
