graph_generation:               42.013661 s
construction_time:              25.472622 s
Running BFS 0
Time for BFS 0 is 3.472199
Validating BFS 0
Validate time for BFS 0 is 0.000005
TEPS for BFS 0 is 2.41594e+06 cyrus 8388608
Running BFS 1
Time for BFS 1 is 5.535161
Validating BFS 1
Validate time for BFS 1 is 0.000148
TEPS for BFS 1 is 1.51551e+06 cyrus 8388608
Running BFS 2
Time for BFS 2 is 2.984404
Validating BFS 2
Validate time for BFS 2 is 0.000007
TEPS for BFS 2 is 2.81082e+06 cyrus 8388608
Running BFS 3
Time for BFS 3 is 3.051786
Validating BFS 3
Validate time for BFS 3 is 0.000007
TEPS for BFS 3 is 2.74875e+06 cyrus 8388608
Running BFS 4
Time for BFS 4 is 2.914066
Validating BFS 4
Validate time for BFS 4 is 0.000007
TEPS for BFS 4 is 2.87866e+06 cyrus 8388608
Running BFS 5
Time for BFS 5 is 2.606940
Validating BFS 5
Validate time for BFS 5 is 0.000006
TEPS for BFS 5 is 3.2178e+06 cyrus 8388608
Running BFS 6
Time for BFS 6 is 5.079510
Validating BFS 6
Validate time for BFS 6 is 0.000005
TEPS for BFS 6 is 1.65146e+06 cyrus 8388608
Running BFS 7
Time for BFS 7 is 2.938934
Validating BFS 7
Validate time for BFS 7 is 0.000007
TEPS for BFS 7 is 2.8543e+06 cyrus 8388608
Running BFS 8
Time for BFS 8 is 3.462930
Validating BFS 8
Validate time for BFS 8 is 0.000007
TEPS for BFS 8 is 2.4224e+06 cyrus 8388608
Running BFS 9
Time for BFS 9 is 6.820264
Validating BFS 9
Validate time for BFS 9 is 0.000007
TEPS for BFS 9 is 1.22995e+06 cyrus 8388608
Running BFS 10
Time for BFS 10 is 5.207937
Validating BFS 10
Validate time for BFS 10 is 0.000007
TEPS for BFS 10 is 1.61074e+06 cyrus 8388608
Running BFS 11
Time for BFS 11 is 3.650927
Validating BFS 11
Validate time for BFS 11 is 0.000007
TEPS for BFS 11 is 2.29767e+06 cyrus 8388608
Running BFS 12
Time for BFS 12 is 2.935516
Validating BFS 12
Validate time for BFS 12 is 0.000006
TEPS for BFS 12 is 2.85763e+06 cyrus 8388608
Running BFS 13
Time for BFS 13 is 3.790519
Validating BFS 13
Validate time for BFS 13 is 0.000007
TEPS for BFS 13 is 2.21305e+06 cyrus 8388608
Running BFS 14
Time for BFS 14 is 3.257052
Validating BFS 14
Validate time for BFS 14 is 0.000006
TEPS for BFS 14 is 2.57552e+06 cyrus 8388608
Running BFS 15
Time for BFS 15 is 5.097533
Validating BFS 15
Validate time for BFS 15 is 0.000007
TEPS for BFS 15 is 1.64562e+06 cyrus 8388608
Running BFS 16
Time for BFS 16 is 3.670107
Validating BFS 16
Validate time for BFS 16 is 0.000005
TEPS for BFS 16 is 2.28566e+06 cyrus 8388608
Running BFS 17
Time for BFS 17 is 6.288927
Validating BFS 17
Validate time for BFS 17 is 0.000007
TEPS for BFS 17 is 1.33387e+06 cyrus 8388608
Running BFS 18
Time for BFS 18 is 4.864144
Validating BFS 18
Validate time for BFS 18 is 0.000143
TEPS for BFS 18 is 1.72458e+06 cyrus 8388608
Running BFS 19
Time for BFS 19 is 2.560692
Validating BFS 19
Validate time for BFS 19 is 0.000007
TEPS for BFS 19 is 3.27591e+06 cyrus 8388608
Running BFS 20
Time for BFS 20 is 3.686267
Validating BFS 20
Validate time for BFS 20 is 0.000150
TEPS for BFS 20 is 2.27564e+06 cyrus 8388608
Running BFS 21
Time for BFS 21 is 3.240886
Validating BFS 21
Validate time for BFS 21 is 0.000006
TEPS for BFS 21 is 2.58837e+06 cyrus 8388608
Running BFS 22
Time for BFS 22 is 3.159833
Validating BFS 22
Validate time for BFS 22 is 0.000006
TEPS for BFS 22 is 2.65476e+06 cyrus 8388608
Running BFS 23
Time for BFS 23 is 3.398978
Validating BFS 23
Validate time for BFS 23 is 0.000164
TEPS for BFS 23 is 2.46798e+06 cyrus 8388608
Running BFS 24
Time for BFS 24 is 3.081945
Validating BFS 24
Validate time for BFS 24 is 0.000007
TEPS for BFS 24 is 2.72186e+06 cyrus 8388608
Running BFS 25
Time for BFS 25 is 2.992544
Validating BFS 25
Validate time for BFS 25 is 0.000006
TEPS for BFS 25 is 2.80317e+06 cyrus 8388608
Running BFS 26
Time for BFS 26 is 3.763092
Validating BFS 26
Validate time for BFS 26 is 0.000006
TEPS for BFS 26 is 2.22918e+06 cyrus 8388608
Running BFS 27
Time for BFS 27 is 2.998491
Validating BFS 27
Validate time for BFS 27 is 0.000006
TEPS for BFS 27 is 2.79761e+06 cyrus 8388608
Running BFS 28
Time for BFS 28 is 3.449978
Validating BFS 28
Validate time for BFS 28 is 0.000006
TEPS for BFS 28 is 2.4315e+06 cyrus 8388608
Running BFS 29
Time for BFS 29 is 3.061293
Validating BFS 29
Validate time for BFS 29 is 0.000006
TEPS for BFS 29 is 2.74022e+06 cyrus 8388608
Running BFS 30
Time for BFS 30 is 3.129891
Validating BFS 30
Validate time for BFS 30 is 0.000005
TEPS for BFS 30 is 2.68016e+06 cyrus 8388608
Running BFS 31
Time for BFS 31 is 6.342143
Validating BFS 31
Validate time for BFS 31 is 0.000006
TEPS for BFS 31 is 1.32268e+06 cyrus 8388608
Running BFS 32
Time for BFS 32 is 5.013540
Validating BFS 32
Validate time for BFS 32 is 0.000007
TEPS for BFS 32 is 1.67319e+06 cyrus 8388608
Running BFS 33
Time for BFS 33 is 2.987968
Validating BFS 33
Validate time for BFS 33 is 0.000006
TEPS for BFS 33 is 2.80746e+06 cyrus 8388608
Running BFS 34
Time for BFS 34 is 2.438090
Validating BFS 34
Validate time for BFS 34 is 0.000006
TEPS for BFS 34 is 3.44065e+06 cyrus 8388608
Running BFS 35
Time for BFS 35 is 4.550179
Validating BFS 35
Validate time for BFS 35 is 0.000006
TEPS for BFS 35 is 1.84358e+06 cyrus 8388608
Running BFS 36
Time for BFS 36 is 6.110081
Validating BFS 36
Validate time for BFS 36 is 0.000008
TEPS for BFS 36 is 1.37291e+06 cyrus 8388608
Running BFS 37
Time for BFS 37 is 5.085776
Validating BFS 37
Validate time for BFS 37 is 0.000006
TEPS for BFS 37 is 1.64943e+06 cyrus 8388608
Running BFS 38
Time for BFS 38 is 2.767087
Validating BFS 38
Validate time for BFS 38 is 0.000007
TEPS for BFS 38 is 3.03157e+06 cyrus 8388608
Running BFS 39
Time for BFS 39 is 4.698850
Validating BFS 39
Validate time for BFS 39 is 0.000006
TEPS for BFS 39 is 1.78525e+06 cyrus 8388608
Running BFS 40
Time for BFS 40 is 4.608243
Validating BFS 40
Validate time for BFS 40 is 0.000007
TEPS for BFS 40 is 1.82035e+06 cyrus 8388608
Running BFS 41
Time for BFS 41 is 3.002625
Validating BFS 41
Validate time for BFS 41 is 0.000007
TEPS for BFS 41 is 2.79376e+06 cyrus 8388608
Running BFS 42
Time for BFS 42 is 3.022357
Validating BFS 42
Validate time for BFS 42 is 0.000006
TEPS for BFS 42 is 2.77552e+06 cyrus 8388608
Running BFS 43
Time for BFS 43 is 3.535950
Validating BFS 43
Validate time for BFS 43 is 0.000006
TEPS for BFS 43 is 2.37238e+06 cyrus 8388608
Running BFS 44
Time for BFS 44 is 6.920501
Validating BFS 44
Validate time for BFS 44 is 0.000159
TEPS for BFS 44 is 1.21214e+06 cyrus 8388608
Running BFS 45
Time for BFS 45 is 3.231952
Validating BFS 45
Validate time for BFS 45 is 0.000007
TEPS for BFS 45 is 2.59552e+06 cyrus 8388608
Running BFS 46
Time for BFS 46 is 3.496882
Validating BFS 46
Validate time for BFS 46 is 0.000007
TEPS for BFS 46 is 2.39888e+06 cyrus 8388608
Running BFS 47
Time for BFS 47 is 3.116558
Validating BFS 47
Validate time for BFS 47 is 0.000005
TEPS for BFS 47 is 2.69163e+06 cyrus 8388608
Running BFS 48
Time for BFS 48 is 4.946594
Validating BFS 48
Validate time for BFS 48 is 0.000007
TEPS for BFS 48 is 1.69584e+06 cyrus 8388608
Running BFS 49
Time for BFS 49 is 3.071187
Validating BFS 49
Validate time for BFS 49 is 0.000007
TEPS for BFS 49 is 2.73139e+06 cyrus 8388608
Running BFS 50
Time for BFS 50 is 5.527459
Validating BFS 50
Validate time for BFS 50 is 0.000148
TEPS for BFS 50 is 1.51762e+06 cyrus 8388608
Running BFS 51
Time for BFS 51 is 2.591384
Validating BFS 51
Validate time for BFS 51 is 0.000007
TEPS for BFS 51 is 3.23711e+06 cyrus 8388608
Running BFS 52
Time for BFS 52 is 3.734603
Validating BFS 52
Validate time for BFS 52 is 0.000006
TEPS for BFS 52 is 2.24618e+06 cyrus 8388608
Running BFS 53
Time for BFS 53 is 3.925303
Validating BFS 53
Validate time for BFS 53 is 0.000006
TEPS for BFS 53 is 2.13706e+06 cyrus 8388608
Running BFS 54
Time for BFS 54 is 4.682684
Validating BFS 54
Validate time for BFS 54 is 0.000155
TEPS for BFS 54 is 1.79141e+06 cyrus 8388608
Running BFS 55
Time for BFS 55 is 4.272942
Validating BFS 55
Validate time for BFS 55 is 0.000006
TEPS for BFS 55 is 1.96319e+06 cyrus 8388608
Running BFS 56
Time for BFS 56 is 3.219819
Validating BFS 56
Validate time for BFS 56 is 0.000005
TEPS for BFS 56 is 2.6053e+06 cyrus 8388608
Running BFS 57
Time for BFS 57 is 6.981913
Validating BFS 57
Validate time for BFS 57 is 0.000006
TEPS for BFS 57 is 1.20148e+06 cyrus 8388608
Running BFS 58
Time for BFS 58 is 3.495280
Validating BFS 58
Validate time for BFS 58 is 0.000006
TEPS for BFS 58 is 2.39998e+06 cyrus 8388608
Running BFS 59
Time for BFS 59 is 3.052968
Validating BFS 59
Validate time for BFS 59 is 0.000006
TEPS for BFS 59 is 2.74769e+06 cyrus 8388608
Running BFS 60
Time for BFS 60 is 3.056761
Validating BFS 60
Validate time for BFS 60 is 0.000006
TEPS for BFS 60 is 2.74428e+06 cyrus 8388608
Running BFS 61
Time for BFS 61 is 3.133224
Validating BFS 61
Validate time for BFS 61 is 0.000006
TEPS for BFS 61 is 2.67731e+06 cyrus 8388608
Running BFS 62
Time for BFS 62 is 5.388647
Validating BFS 62
Validate time for BFS 62 is 0.000006
TEPS for BFS 62 is 1.55672e+06 cyrus 8388608
Running BFS 63
Time for BFS 63 is 3.127325
Validating BFS 63
Validate time for BFS 63 is 0.000004
TEPS for BFS 63 is 2.68236e+06 cyrus 8388608
SCALE:                          19
edgefactor:                     16
NBFS:                           64
graph_generation:               42.0137
num_mpi_processes:              128
construction_time:              25.4726
min_time:                       2.43809
firstquartile_time:             3.05486
median_time:                    3.46756
thirdquartile_time:             4.7815
max_time:                       6.98191
mean_time:                      3.9264
stddev_time:                    1.19148
min_nedge:                      8388608
firstquartile_nedge:            8388608
median_nedge:                   8388608
thirdquartile_nedge:            8388608
max_nedge:                      8388608
mean_nedge:                     8388608
stddev_nedge:                   0
min_TEPS:                       1.20148e+06
firstquartile_TEPS:             1.75439e+06
median_TEPS:                    2.41916e+06
thirdquartile_TEPS:             2.74598e+06
max_TEPS:                       3.44065e+06
harmonic_mean_TEPS:             2.13646e+06
harmonic_stddev_TEPS:           81680.3
min_validate:                   4.05312e-06
firstquartile_validate:         5.96046e-06
median_validate:                6.19888e-06
thirdquartile_validate:         7.15256e-06
max_validate:                   0.000163794
mean_validate:                  2.2281e-05
stddev_validate:                4.60371e-05
This benchmark was run on 128 MPI Processes, Scale 19, written output_128_19.log
