graph_generation:               5.782357 s
construction_time:              0.844603 s
Running BFS 0
Time for BFS 0 is 1.309599
Validating BFS 0
Validate time for BFS 0 is 0.000001
TEPS for BFS 0 is 200171 cyrus 262144
Running BFS 1
Time for BFS 1 is 0.449930
Validating BFS 1
Validate time for BFS 1 is 0.000001
TEPS for BFS 1 is 582633 cyrus 262144
Running BFS 2
Time for BFS 2 is 0.459845
Validating BFS 2
Validate time for BFS 2 is 0.000001
TEPS for BFS 2 is 570070 cyrus 262144
Running BFS 3
Time for BFS 3 is 0.449888
Validating BFS 3
Validate time for BFS 3 is 0.000000
TEPS for BFS 3 is 582687 cyrus 262144
Running BFS 4
Time for BFS 4 is 0.575130
Validating BFS 4
Validate time for BFS 4 is 0.000002
TEPS for BFS 4 is 455800 cyrus 262144
Running BFS 5
Time for BFS 5 is 0.569880
Validating BFS 5
Validate time for BFS 5 is 0.000001
TEPS for BFS 5 is 459999 cyrus 262144
Running BFS 6
Time for BFS 6 is 0.569869
Validating BFS 6
Validate time for BFS 6 is 0.000001
TEPS for BFS 6 is 460007 cyrus 262144
Running BFS 7
Time for BFS 7 is 0.560144
Validating BFS 7
Validate time for BFS 7 is 0.000001
TEPS for BFS 7 is 467994 cyrus 262144
Running BFS 8
Time for BFS 8 is 0.559840
Validating BFS 8
Validate time for BFS 8 is 0.000002
TEPS for BFS 8 is 468248 cyrus 262144
Running BFS 9
Time for BFS 9 is 0.559856
Validating BFS 9
Validate time for BFS 9 is 0.000001
TEPS for BFS 9 is 468235 cyrus 262144
Running BFS 10
Time for BFS 10 is 0.569896
Validating BFS 10
Validate time for BFS 10 is 0.000001
TEPS for BFS 10 is 459986 cyrus 262144
Running BFS 11
Time for BFS 11 is 0.599870
Validating BFS 11
Validate time for BFS 11 is 0.000002
TEPS for BFS 11 is 437001 cyrus 262144
Running BFS 12
Time for BFS 12 is 0.459917
Validating BFS 12
Validate time for BFS 12 is 0.000001
TEPS for BFS 12 is 569981 cyrus 262144
Running BFS 13
Time for BFS 13 is 3.824428
Validating BFS 13
Validate time for BFS 13 is 0.000001
TEPS for BFS 13 is 68544.6 cyrus 262144
Running BFS 14
Time for BFS 14 is 0.735390
Validating BFS 14
Validate time for BFS 14 is 0.000001
TEPS for BFS 14 is 356469 cyrus 262144
Running BFS 15
Time for BFS 15 is 0.454393
Validating BFS 15
Validate time for BFS 15 is 0.000001
TEPS for BFS 15 is 576910 cyrus 262144
Running BFS 16
Time for BFS 16 is 0.455252
Validating BFS 16
Validate time for BFS 16 is 0.000001
TEPS for BFS 16 is 575822 cyrus 262144
Running BFS 17
Time for BFS 17 is 0.559876
Validating BFS 17
Validate time for BFS 17 is 0.000001
TEPS for BFS 17 is 468218 cyrus 262144
Running BFS 18
Time for BFS 18 is 0.559859
Validating BFS 18
Validate time for BFS 18 is 0.000001
TEPS for BFS 18 is 468232 cyrus 262144
Running BFS 19
Time for BFS 19 is 0.449962
Validating BFS 19
Validate time for BFS 19 is 0.000001
TEPS for BFS 19 is 582592 cyrus 262144
Running BFS 20
Time for BFS 20 is 0.559765
Validating BFS 20
Validate time for BFS 20 is 0.000001
TEPS for BFS 20 is 468311 cyrus 262144
Running BFS 21
Time for BFS 21 is 0.559947
Validating BFS 21
Validate time for BFS 21 is 0.000000
TEPS for BFS 21 is 468159 cyrus 262144
Running BFS 22
Time for BFS 22 is 0.464412
Validating BFS 22
Validate time for BFS 22 is 0.000001
TEPS for BFS 22 is 564464 cyrus 262144
Running BFS 23
Time for BFS 23 is 0.559933
Validating BFS 23
Validate time for BFS 23 is 0.000001
TEPS for BFS 23 is 468170 cyrus 262144
Running BFS 24
Time for BFS 24 is 0.455232
Validating BFS 24
Validate time for BFS 24 is 0.000001
TEPS for BFS 24 is 575847 cyrus 262144
Running BFS 25
Time for BFS 25 is 0.559806
Validating BFS 25
Validate time for BFS 25 is 0.000001
TEPS for BFS 25 is 468276 cyrus 262144
Running BFS 26
Time for BFS 26 is 0.459850
Validating BFS 26
Validate time for BFS 26 is 0.000001
TEPS for BFS 26 is 570064 cyrus 262144
Running BFS 27
Time for BFS 27 is 0.574731
Validating BFS 27
Validate time for BFS 27 is 0.000001
TEPS for BFS 27 is 456116 cyrus 262144
Running BFS 28
Time for BFS 28 is 0.595103
Validating BFS 28
Validate time for BFS 28 is 0.000001
TEPS for BFS 28 is 440502 cyrus 262144
Running BFS 29
Time for BFS 29 is 0.489786
Validating BFS 29
Validate time for BFS 29 is 0.000001
TEPS for BFS 29 is 535222 cyrus 262144
Running BFS 30
Time for BFS 30 is 0.559887
Validating BFS 30
Validate time for BFS 30 is 0.000001
TEPS for BFS 30 is 468209 cyrus 262144
Running BFS 31
Time for BFS 31 is 0.439909
Validating BFS 31
Validate time for BFS 31 is 0.000001
TEPS for BFS 31 is 595905 cyrus 262144
Running BFS 32
Time for BFS 32 is 0.469784
Validating BFS 32
Validate time for BFS 32 is 0.000001
TEPS for BFS 32 is 558010 cyrus 262144
Running BFS 33
Time for BFS 33 is 0.440030
Validating BFS 33
Validate time for BFS 33 is 0.000002
TEPS for BFS 33 is 595741 cyrus 262144
Running BFS 34
Time for BFS 34 is 0.569741
Validating BFS 34
Validate time for BFS 34 is 0.000001
TEPS for BFS 34 is 460111 cyrus 262144
Running BFS 35
Time for BFS 35 is 0.449942
Validating BFS 35
Validate time for BFS 35 is 0.000001
TEPS for BFS 35 is 582617 cyrus 262144
Running BFS 36
Time for BFS 36 is 2.149944
Validating BFS 36
Validate time for BFS 36 is 0.000001
TEPS for BFS 36 is 121931 cyrus 262144
Running BFS 37
Time for BFS 37 is 0.549913
Validating BFS 37
Validate time for BFS 37 is 0.000001
TEPS for BFS 37 is 476701 cyrus 262144
Running BFS 38
Time for BFS 38 is 0.459788
Validating BFS 38
Validate time for BFS 38 is 0.000001
TEPS for BFS 38 is 570141 cyrus 262144
Running BFS 39
Time for BFS 39 is 0.554568
Validating BFS 39
Validate time for BFS 39 is 0.000001
TEPS for BFS 39 is 472699 cyrus 262144
Running BFS 40
Time for BFS 40 is 0.455253
Validating BFS 40
Validate time for BFS 40 is 0.000000
TEPS for BFS 40 is 575821 cyrus 262144
Running BFS 41
Time for BFS 41 is 1.419867
Validating BFS 41
Validate time for BFS 41 is 0.000001
TEPS for BFS 41 is 184626 cyrus 262144
Running BFS 42
Time for BFS 42 is 0.454456
Validating BFS 42
Validate time for BFS 42 is 0.000001
TEPS for BFS 42 is 576830 cyrus 262144
Running BFS 43
Time for BFS 43 is 1.315232
Validating BFS 43
Validate time for BFS 43 is 0.000001
TEPS for BFS 43 is 199314 cyrus 262144
Running BFS 44
Time for BFS 44 is 0.649881
Validating BFS 44
Validate time for BFS 44 is 0.000001
TEPS for BFS 44 is 403372 cyrus 262144
Running BFS 45
Time for BFS 45 is 0.544473
Validating BFS 45
Validate time for BFS 45 is 0.000001
TEPS for BFS 45 is 481464 cyrus 262144
Running BFS 46
Time for BFS 46 is 0.559928
Validating BFS 46
Validate time for BFS 46 is 0.000001
TEPS for BFS 46 is 468175 cyrus 262144
Running BFS 47
Time for BFS 47 is 0.459843
Validating BFS 47
Validate time for BFS 47 is 0.000001
TEPS for BFS 47 is 570073 cyrus 262144
Running BFS 48
Time for BFS 48 is 0.475265
Validating BFS 48
Validate time for BFS 48 is 0.000001
TEPS for BFS 48 is 551574 cyrus 262144
Running BFS 49
Time for BFS 49 is 0.639870
Validating BFS 49
Validate time for BFS 49 is 0.000001
TEPS for BFS 49 is 409683 cyrus 262144
Running BFS 50
Time for BFS 50 is 0.619864
Validating BFS 50
Validate time for BFS 50 is 0.000000
TEPS for BFS 50 is 422906 cyrus 262144
Running BFS 51
Time for BFS 51 is 0.559945
Validating BFS 51
Validate time for BFS 51 is 0.000001
TEPS for BFS 51 is 468160 cyrus 262144
Running BFS 52
Time for BFS 52 is 0.469802
Validating BFS 52
Validate time for BFS 52 is 0.000001
TEPS for BFS 52 is 557988 cyrus 262144
Running BFS 53
Time for BFS 53 is 0.559870
Validating BFS 53
Validate time for BFS 53 is 0.000001
TEPS for BFS 53 is 468223 cyrus 262144
Running BFS 54
Time for BFS 54 is 0.439995
Validating BFS 54
Validate time for BFS 54 is 0.000001
TEPS for BFS 54 is 595789 cyrus 262144
Running BFS 55
Time for BFS 55 is 0.569784
Validating BFS 55
Validate time for BFS 55 is 0.000001
TEPS for BFS 55 is 460076 cyrus 262144
Running BFS 56
Time for BFS 56 is 0.559891
Validating BFS 56
Validate time for BFS 56 is 0.000001
TEPS for BFS 56 is 468205 cyrus 262144
Running BFS 57
Time for BFS 57 is 0.459791
Validating BFS 57
Validate time for BFS 57 is 0.000001
TEPS for BFS 57 is 570137 cyrus 262144
Running BFS 58
Time for BFS 58 is 0.549919
Validating BFS 58
Validate time for BFS 58 is 0.000001
TEPS for BFS 58 is 476696 cyrus 262144
Running BFS 59
Time for BFS 59 is 0.559821
Validating BFS 59
Validate time for BFS 59 is 0.000001
TEPS for BFS 59 is 468264 cyrus 262144
Running BFS 60
Time for BFS 60 is 0.559873
Validating BFS 60
Validate time for BFS 60 is 0.000001
TEPS for BFS 60 is 468220 cyrus 262144
Running BFS 61
Time for BFS 61 is 0.559893
Validating BFS 61
Validate time for BFS 61 is 0.000001
TEPS for BFS 61 is 468204 cyrus 262144
Running BFS 62
Time for BFS 62 is 0.559871
Validating BFS 62
Validate time for BFS 62 is 0.000001
TEPS for BFS 62 is 468222 cyrus 262144
Running BFS 63
Time for BFS 63 is 0.559874
Validating BFS 63
Validate time for BFS 63 is 0.000001
TEPS for BFS 63 is 468220 cyrus 262144
SCALE:                          14
edgefactor:                     16
NBFS:                           64
graph_generation:               5.78236
num_mpi_processes:              64
construction_time:              0.844603
min_time:                       0.439909
firstquartile_time:             0.459848
median_time:                    0.559857
thirdquartile_time:             0.569826
max_time:                       3.82443
mean_time:                      0.644018
stddev_time:                    0.486352
min_nedge:                      262144
firstquartile_nedge:            262144
median_nedge:                   262144
thirdquartile_nedge:            262144
max_nedge:                      262144
mean_nedge:                     262144
stddev_nedge:                   0
min_TEPS:                       68544.6
firstquartile_TEPS:             460042
median_TEPS:                    468233
thirdquartile_TEPS:             570067
max_TEPS:                       595905
harmonic_mean_TEPS:             407044
harmonic_stddev_TEPS:           38727.9
min_validate:                   0
firstquartile_validate:         9.53674e-07
median_validate:                9.53674e-07
thirdquartile_validate:         9.53674e-07
max_validate:                   2.14577e-06
mean_validate:                  9.94653e-07
stddev_validate:                3.71681e-07
This benchmark was run on 64 MPI Processes, Scale 14, written output_64_14.log
