graph_generation:               0.490290 s
construction_time:              0.184617 s
Running BFS 0
Time for BFS 0 is 0.134670
Validating BFS 0
Validate time for BFS 0 is 0.000001
TEPS for BFS 0 is 475.237 cyrus 64
Running BFS 1
Time for BFS 1 is 0.264838
Validating BFS 1
Validate time for BFS 1 is 0.000000
TEPS for BFS 1 is 241.657 cyrus 64
Running BFS 2
Time for BFS 2 is 0.255009
Validating BFS 2
Validate time for BFS 2 is 0.000000
TEPS for BFS 2 is 250.972 cyrus 64
Running BFS 3
Time for BFS 3 is 0.139938
Validating BFS 3
Validate time for BFS 3 is 0.000001
TEPS for BFS 3 is 457.346 cyrus 64
Running BFS 4
Time for BFS 4 is 0.249955
Validating BFS 4
Validate time for BFS 4 is 0.000001
TEPS for BFS 4 is 256.046 cyrus 64
Running BFS 5
Time for BFS 5 is 0.129932
Validating BFS 5
Validate time for BFS 5 is 0.000002
TEPS for BFS 5 is 492.566 cyrus 64
Running BFS 6
Time for BFS 6 is 0.249913
Validating BFS 6
Validate time for BFS 6 is 0.000001
TEPS for BFS 6 is 256.089 cyrus 64
Running BFS 7
Time for BFS 7 is 0.239825
Validating BFS 7
Validate time for BFS 7 is 0.000001
TEPS for BFS 7 is 266.861 cyrus 64
Running BFS 8
Time for BFS 8 is 0.139954
Validating BFS 8
Validate time for BFS 8 is 0.000002
TEPS for BFS 8 is 457.293 cyrus 64
Running BFS 9
Time for BFS 9 is 1.114774
Validating BFS 9
Validate time for BFS 9 is 0.000002
TEPS for BFS 9 is 57.4107 cyrus 64
Running BFS 10
Time for BFS 10 is 0.239825
Validating BFS 10
Validate time for BFS 10 is 0.000001
TEPS for BFS 10 is 266.861 cyrus 64
Running BFS 11
Time for BFS 11 is 0.245343
Validating BFS 11
Validate time for BFS 11 is 0.000001
TEPS for BFS 11 is 260.859 cyrus 64
Running BFS 12
Time for BFS 12 is 0.140221
Validating BFS 12
Validate time for BFS 12 is 0.000001
TEPS for BFS 12 is 456.423 cyrus 64
Running BFS 13
Time for BFS 13 is 0.284190
Validating BFS 13
Validate time for BFS 13 is 0.000001
TEPS for BFS 13 is 225.201 cyrus 64
Running BFS 14
Time for BFS 14 is 0.145342
Validating BFS 14
Validate time for BFS 14 is 0.000001
TEPS for BFS 14 is 440.34 cyrus 64
Running BFS 15
Time for BFS 15 is 0.254558
Validating BFS 15
Validate time for BFS 15 is 0.000002
TEPS for BFS 15 is 251.416 cyrus 64
Running BFS 16
Time for BFS 16 is 0.135752
Validating BFS 16
Validate time for BFS 16 is 0.000001
TEPS for BFS 16 is 471.448 cyrus 64
Running BFS 17
Time for BFS 17 is 0.259900
Validating BFS 17
Validate time for BFS 17 is 0.000001
TEPS for BFS 17 is 246.249 cyrus 64
Running BFS 18
Time for BFS 18 is 0.229991
Validating BFS 18
Validate time for BFS 18 is 0.000001
TEPS for BFS 18 is 278.272 cyrus 64
Running BFS 19
Time for BFS 19 is 0.239874
Validating BFS 19
Validate time for BFS 19 is 0.000001
TEPS for BFS 19 is 266.807 cyrus 64
Running BFS 20
Time for BFS 20 is 0.139968
Validating BFS 20
Validate time for BFS 20 is 0.000001
TEPS for BFS 20 is 457.248 cyrus 64
Running BFS 21
Time for BFS 21 is 1.324148
Validating BFS 21
Validate time for BFS 21 is 0.000001
TEPS for BFS 21 is 48.333 cyrus 64
Running BFS 22
Time for BFS 22 is 0.235843
Validating BFS 22
Validate time for BFS 22 is 0.000001
TEPS for BFS 22 is 271.367 cyrus 64
Running BFS 23
Time for BFS 23 is 0.139943
Validating BFS 23
Validate time for BFS 23 is 0.000001
TEPS for BFS 23 is 457.329 cyrus 64
Running BFS 24
Time for BFS 24 is 0.239991
Validating BFS 24
Validate time for BFS 24 is 0.000001
TEPS for BFS 24 is 266.677 cyrus 64
Running BFS 25
Time for BFS 25 is 0.829966
Validating BFS 25
Validate time for BFS 25 is 0.000001
TEPS for BFS 25 is 77.1116 cyrus 64
Running BFS 26
Time for BFS 26 is 0.139880
Validating BFS 26
Validate time for BFS 26 is 0.000001
TEPS for BFS 26 is 457.535 cyrus 64
Running BFS 27
Time for BFS 27 is 0.139965
Validating BFS 27
Validate time for BFS 27 is 0.000001
TEPS for BFS 27 is 457.258 cyrus 64
Running BFS 28
Time for BFS 28 is 0.239840
Validating BFS 28
Validate time for BFS 28 is 0.000001
TEPS for BFS 28 is 266.845 cyrus 64
Running BFS 29
Time for BFS 29 is 0.249962
Validating BFS 29
Validate time for BFS 29 is 0.000001
TEPS for BFS 29 is 256.039 cyrus 64
Running BFS 30
Time for BFS 30 is 0.233724
Validating BFS 30
Validate time for BFS 30 is 0.000001
TEPS for BFS 30 is 273.827 cyrus 64
Running BFS 31
Time for BFS 31 is 0.246231
Validating BFS 31
Validate time for BFS 31 is 0.000001
TEPS for BFS 31 is 259.918 cyrus 64
Running BFS 32
Time for BFS 32 is 0.133624
Validating BFS 32
Validate time for BFS 32 is 0.000001
TEPS for BFS 32 is 478.956 cyrus 64
Running BFS 33
Time for BFS 33 is 0.259811
Validating BFS 33
Validate time for BFS 33 is 0.000001
TEPS for BFS 33 is 246.333 cyrus 64
Running BFS 34
Time for BFS 34 is 0.139908
Validating BFS 34
Validate time for BFS 34 is 0.000001
TEPS for BFS 34 is 457.443 cyrus 64
Running BFS 35
Time for BFS 35 is 0.249956
Validating BFS 35
Validate time for BFS 35 is 0.000000
TEPS for BFS 35 is 256.045 cyrus 64
Running BFS 36
Time for BFS 36 is 0.149856
Validating BFS 36
Validate time for BFS 36 is 0.000001
TEPS for BFS 36 is 427.077 cyrus 64
Running BFS 37
Time for BFS 37 is 0.146200
Validating BFS 37
Validate time for BFS 37 is 0.000001
TEPS for BFS 37 is 437.757 cyrus 64
Running BFS 38
Time for BFS 38 is 0.159880
Validating BFS 38
Validate time for BFS 38 is 0.000001
TEPS for BFS 38 is 400.3 cyrus 64
Running BFS 39
Time for BFS 39 is 0.269854
Validating BFS 39
Validate time for BFS 39 is 0.000001
TEPS for BFS 39 is 237.165 cyrus 64
Running BFS 40
Time for BFS 40 is 0.143783
Validating BFS 40
Validate time for BFS 40 is 0.000001
TEPS for BFS 40 is 445.115 cyrus 64
Running BFS 41
Time for BFS 41 is 0.269831
Validating BFS 41
Validate time for BFS 41 is 0.000001
TEPS for BFS 41 is 237.186 cyrus 64
Running BFS 42
Time for BFS 42 is 0.409996
Validating BFS 42
Validate time for BFS 42 is 0.000001
TEPS for BFS 42 is 156.099 cyrus 64
Running BFS 43
Time for BFS 43 is 0.159868
Validating BFS 43
Validate time for BFS 43 is 0.000001
TEPS for BFS 43 is 400.33 cyrus 64
Running BFS 44
Time for BFS 44 is 0.159968
Validating BFS 44
Validate time for BFS 44 is 0.000001
TEPS for BFS 44 is 400.08 cyrus 64
Running BFS 45
Time for BFS 45 is 0.279898
Validating BFS 45
Validate time for BFS 45 is 0.000001
TEPS for BFS 45 is 228.655 cyrus 64
Running BFS 46
Time for BFS 46 is 0.279968
Validating BFS 46
Validate time for BFS 46 is 0.000001
TEPS for BFS 46 is 228.598 cyrus 64
Running BFS 47
Time for BFS 47 is 0.159848
Validating BFS 47
Validate time for BFS 47 is 0.000001
TEPS for BFS 47 is 400.38 cyrus 64
Running BFS 48
Time for BFS 48 is 0.159926
Validating BFS 48
Validate time for BFS 48 is 0.000001
TEPS for BFS 48 is 400.185 cyrus 64
Running BFS 49
Time for BFS 49 is 1.740080
Validating BFS 49
Validate time for BFS 49 is 0.000001
TEPS for BFS 49 is 36.7799 cyrus 64
Running BFS 50
Time for BFS 50 is 0.159869
Validating BFS 50
Validate time for BFS 50 is 0.000000
TEPS for BFS 50 is 400.328 cyrus 64
Running BFS 51
Time for BFS 51 is 0.139872
Validating BFS 51
Validate time for BFS 51 is 0.000001
TEPS for BFS 51 is 457.561 cyrus 64
Running BFS 52
Time for BFS 52 is 0.259906
Validating BFS 52
Validate time for BFS 52 is 0.000001
TEPS for BFS 52 is 246.243 cyrus 64
Running BFS 53
Time for BFS 53 is 0.240011
Validating BFS 53
Validate time for BFS 53 is 0.000001
TEPS for BFS 53 is 266.654 cyrus 64
Running BFS 54
Time for BFS 54 is 0.239816
Validating BFS 54
Validate time for BFS 54 is 0.000001
TEPS for BFS 54 is 266.871 cyrus 64
Running BFS 55
Time for BFS 55 is 0.139971
Validating BFS 55
Validate time for BFS 55 is 0.000001
TEPS for BFS 55 is 457.238 cyrus 64
Running BFS 56
Time for BFS 56 is 0.139920
Validating BFS 56
Validate time for BFS 56 is 0.000000
TEPS for BFS 56 is 457.404 cyrus 64
Running BFS 57
Time for BFS 57 is 0.249886
Validating BFS 57
Validate time for BFS 57 is 0.000001
TEPS for BFS 57 is 256.117 cyrus 64
Running BFS 58
Time for BFS 58 is 0.239977
Validating BFS 58
Validate time for BFS 58 is 0.000001
TEPS for BFS 58 is 266.692 cyrus 64
Running BFS 59
Time for BFS 59 is 0.139880
Validating BFS 59
Validate time for BFS 59 is 0.000001
TEPS for BFS 59 is 457.534 cyrus 64
Running BFS 60
Time for BFS 60 is 0.139859
Validating BFS 60
Validate time for BFS 60 is 0.000001
TEPS for BFS 60 is 457.604 cyrus 64
Running BFS 61
Time for BFS 61 is 0.139889
Validating BFS 61
Validate time for BFS 61 is 0.000001
TEPS for BFS 61 is 457.506 cyrus 64
Running BFS 62
Time for BFS 62 is 0.139971
Validating BFS 62
Validate time for BFS 62 is 0.000001
TEPS for BFS 62 is 457.238 cyrus 64
Running BFS 63
Time for BFS 63 is 0.269901
Validating BFS 63
Validate time for BFS 63 is 0.000001
TEPS for BFS 63 is 237.124 cyrus 64
SCALE:                          2
edgefactor:                     16
NBFS:                           64
graph_generation:               0.49029
num_mpi_processes:              64
construction_time:              0.184617
min_time:                       0.129932
firstquartile_time:             0.139969
median_time:                    0.237829
thirdquartile_time:             0.254784
max_time:                       1.74008
mean_time:                      0.268191
stddev_time:                    0.275938
min_nedge:                      64
firstquartile_nedge:            64
median_nedge:                   64
thirdquartile_nedge:            64
max_nedge:                      64
mean_nedge:                     64
stddev_nedge:                   0
min_TEPS:                       36.7799
firstquartile_TEPS:             251.194
median_TEPS:                    269.1
thirdquartile_TEPS:             457.243
max_TEPS:                       492.566
harmonic_mean_TEPS:             238.636
harmonic_stddev_TEPS:           30.9337
min_validate:                   0
firstquartile_validate:         9.53674e-07
median_validate:                9.53674e-07
thirdquartile_validate:         9.53674e-07
max_validate:                   2.14577e-06
mean_validate:                  9.76026e-07
stddev_validate:                3.81656e-07
This benchmark was run on 64 MPI Processes, Scale 2, written output_64_2.log
