graph_generation:               43.269069 s
construction_time:              25.282276 s
Running BFS 0
Time for BFS 0 is 1.602481
Validating BFS 0
Validate time for BFS 0 is 0.000003
TEPS for BFS 0 is 1.04695e+07 cyrus 16777216
Running BFS 1
Time for BFS 1 is 1.858915
Validating BFS 1
Validate time for BFS 1 is 0.000003
TEPS for BFS 1 is 9.02527e+06 cyrus 16777216
Running BFS 2
Time for BFS 2 is 2.829900
Validating BFS 2
Validate time for BFS 2 is 0.000003
TEPS for BFS 2 is 5.92855e+06 cyrus 16777216
Running BFS 3
Time for BFS 3 is 3.600604
Validating BFS 3
Validate time for BFS 3 is 0.000002
TEPS for BFS 3 is 4.65956e+06 cyrus 16777216
Running BFS 4
Time for BFS 4 is 3.299351
Validating BFS 4
Validate time for BFS 4 is 0.000003
TEPS for BFS 4 is 5.085e+06 cyrus 16777216
Running BFS 5
Time for BFS 5 is 2.129848
Validating BFS 5
Validate time for BFS 5 is 0.000004
TEPS for BFS 5 is 7.87719e+06 cyrus 16777216
Running BFS 6
Time for BFS 6 is 1.889842
Validating BFS 6
Validate time for BFS 6 is 0.000004
TEPS for BFS 6 is 8.87758e+06 cyrus 16777216
Running BFS 7
Time for BFS 7 is 2.187054
Validating BFS 7
Validate time for BFS 7 is 0.000004
TEPS for BFS 7 is 7.67115e+06 cyrus 16777216
Running BFS 8
Time for BFS 8 is 1.588862
Validating BFS 8
Validate time for BFS 8 is 0.000003
TEPS for BFS 8 is 1.05593e+07 cyrus 16777216
Running BFS 9
Time for BFS 9 is 1.843582
Validating BFS 9
Validate time for BFS 9 is 0.000003
TEPS for BFS 9 is 9.10034e+06 cyrus 16777216
Running BFS 10
Time for BFS 10 is 3.424674
Validating BFS 10
Validate time for BFS 10 is 0.000003
TEPS for BFS 10 is 4.89892e+06 cyrus 16777216
Running BFS 11
Time for BFS 11 is 3.428879
Validating BFS 11
Validate time for BFS 11 is 0.000003
TEPS for BFS 11 is 4.89292e+06 cyrus 16777216
Running BFS 12
Time for BFS 12 is 1.938926
Validating BFS 12
Validate time for BFS 12 is 0.000003
TEPS for BFS 12 is 8.65284e+06 cyrus 16777216
Running BFS 13
Time for BFS 13 is 1.778959
Validating BFS 13
Validate time for BFS 13 is 0.000004
TEPS for BFS 13 is 9.43092e+06 cyrus 16777216
Running BFS 14
Time for BFS 14 is 1.867926
Validating BFS 14
Validate time for BFS 14 is 0.000003
TEPS for BFS 14 is 8.98173e+06 cyrus 16777216
Running BFS 15
Time for BFS 15 is 1.769935
Validating BFS 15
Validate time for BFS 15 is 0.000003
TEPS for BFS 15 is 9.479e+06 cyrus 16777216
Running BFS 16
Time for BFS 16 is 1.769657
Validating BFS 16
Validate time for BFS 16 is 0.000003
TEPS for BFS 16 is 9.48049e+06 cyrus 16777216
Running BFS 17
Time for BFS 17 is 1.529754
Validating BFS 17
Validate time for BFS 17 is 0.000002
TEPS for BFS 17 is 1.09673e+07 cyrus 16777216
Running BFS 18
Time for BFS 18 is 1.549813
Validating BFS 18
Validate time for BFS 18 is 0.000003
TEPS for BFS 18 is 1.08253e+07 cyrus 16777216
Running BFS 19
Time for BFS 19 is 1.746510
Validating BFS 19
Validate time for BFS 19 is 0.000003
TEPS for BFS 19 is 9.60614e+06 cyrus 16777216
Running BFS 20
Time for BFS 20 is 1.808921
Validating BFS 20
Validate time for BFS 20 is 0.000003
TEPS for BFS 20 is 9.27471e+06 cyrus 16777216
Running BFS 21
Time for BFS 21 is 1.848937
Validating BFS 21
Validate time for BFS 21 is 0.000004
TEPS for BFS 21 is 9.07398e+06 cyrus 16777216
Running BFS 22
Time for BFS 22 is 2.088958
Validating BFS 22
Validate time for BFS 22 is 0.000003
TEPS for BFS 22 is 8.03138e+06 cyrus 16777216
Running BFS 23
Time for BFS 23 is 2.149031
Validating BFS 23
Validate time for BFS 23 is 0.000003
TEPS for BFS 23 is 7.80688e+06 cyrus 16777216
Running BFS 24
Time for BFS 24 is 1.878994
Validating BFS 24
Validate time for BFS 24 is 0.000003
TEPS for BFS 24 is 8.92883e+06 cyrus 16777216
Running BFS 25
Time for BFS 25 is 2.788998
Validating BFS 25
Validate time for BFS 25 is 0.000003
TEPS for BFS 25 is 6.0155e+06 cyrus 16777216
Running BFS 26
Time for BFS 26 is 1.678931
Validating BFS 26
Validate time for BFS 26 is 0.000004
TEPS for BFS 26 is 9.9928e+06 cyrus 16777216
Running BFS 27
Time for BFS 27 is 2.069213
Validating BFS 27
Validate time for BFS 27 is 0.000004
TEPS for BFS 27 is 8.10802e+06 cyrus 16777216
Running BFS 28
Time for BFS 28 is 1.879855
Validating BFS 28
Validate time for BFS 28 is 0.000003
TEPS for BFS 28 is 8.92474e+06 cyrus 16777216
Running BFS 29
Time for BFS 29 is 1.809798
Validating BFS 29
Validate time for BFS 29 is 0.000003
TEPS for BFS 29 is 9.27021e+06 cyrus 16777216
Running BFS 30
Time for BFS 30 is 1.579657
Validating BFS 30
Validate time for BFS 30 is 0.000003
TEPS for BFS 30 is 1.06208e+07 cyrus 16777216
Running BFS 31
Time for BFS 31 is 1.809913
Validating BFS 31
Validate time for BFS 31 is 0.000004
TEPS for BFS 31 is 9.26963e+06 cyrus 16777216
Running BFS 32
Time for BFS 32 is 1.839681
Validating BFS 32
Validate time for BFS 32 is 0.000004
TEPS for BFS 32 is 9.11963e+06 cyrus 16777216
Running BFS 33
Time for BFS 33 is 4.360097
Validating BFS 33
Validate time for BFS 33 is 0.000002
TEPS for BFS 33 is 3.8479e+06 cyrus 16777216
Running BFS 34
Time for BFS 34 is 2.429884
Validating BFS 34
Validate time for BFS 34 is 0.000003
TEPS for BFS 34 is 6.90453e+06 cyrus 16777216
Running BFS 35
Time for BFS 35 is 1.789871
Validating BFS 35
Validate time for BFS 35 is 0.000004
TEPS for BFS 35 is 9.37342e+06 cyrus 16777216
Running BFS 36
Time for BFS 36 is 1.911989
Validating BFS 36
Validate time for BFS 36 is 0.000002
TEPS for BFS 36 is 8.77475e+06 cyrus 16777216
Running BFS 37
Time for BFS 37 is 1.847546
Validating BFS 37
Validate time for BFS 37 is 0.000003
TEPS for BFS 37 is 9.08081e+06 cyrus 16777216
Running BFS 38
Time for BFS 38 is 1.970003
Validating BFS 38
Validate time for BFS 38 is 0.000003
TEPS for BFS 38 is 8.51634e+06 cyrus 16777216
Running BFS 39
Time for BFS 39 is 2.059689
Validating BFS 39
Validate time for BFS 39 is 0.000003
TEPS for BFS 39 is 8.14551e+06 cyrus 16777216
Running BFS 40
Time for BFS 40 is 1.928307
Validating BFS 40
Validate time for BFS 40 is 0.000004
TEPS for BFS 40 is 8.70049e+06 cyrus 16777216
Running BFS 41
Time for BFS 41 is 1.481179
Validating BFS 41
Validate time for BFS 41 is 0.000003
TEPS for BFS 41 is 1.13269e+07 cyrus 16777216
Running BFS 42
Time for BFS 42 is 1.869780
Validating BFS 42
Validate time for BFS 42 is 0.000003
TEPS for BFS 42 is 8.97283e+06 cyrus 16777216
Running BFS 43
Time for BFS 43 is 1.905943
Validating BFS 43
Validate time for BFS 43 is 0.000004
TEPS for BFS 43 is 8.80258e+06 cyrus 16777216
Running BFS 44
Time for BFS 44 is 1.653669
Validating BFS 44
Validate time for BFS 44 is 0.000003
TEPS for BFS 44 is 1.01455e+07 cyrus 16777216
Running BFS 45
Time for BFS 45 is 1.904076
Validating BFS 45
Validate time for BFS 45 is 0.000004
TEPS for BFS 45 is 8.81121e+06 cyrus 16777216
Running BFS 46
Time for BFS 46 is 1.855504
Validating BFS 46
Validate time for BFS 46 is 0.000003
TEPS for BFS 46 is 9.04186e+06 cyrus 16777216
Running BFS 47
Time for BFS 47 is 1.879787
Validating BFS 47
Validate time for BFS 47 is 0.000003
TEPS for BFS 47 is 8.92506e+06 cyrus 16777216
Running BFS 48
Time for BFS 48 is 1.501512
Validating BFS 48
Validate time for BFS 48 is 0.000003
TEPS for BFS 48 is 1.11735e+07 cyrus 16777216
Running BFS 49
Time for BFS 49 is 1.788824
Validating BFS 49
Validate time for BFS 49 is 0.000003
TEPS for BFS 49 is 9.37891e+06 cyrus 16777216
Running BFS 50
Time for BFS 50 is 2.429178
Validating BFS 50
Validate time for BFS 50 is 0.000003
TEPS for BFS 50 is 6.90654e+06 cyrus 16777216
Running BFS 51
Time for BFS 51 is 1.538890
Validating BFS 51
Validate time for BFS 51 is 0.000004
TEPS for BFS 51 is 1.09022e+07 cyrus 16777216
Running BFS 52
Time for BFS 52 is 1.680717
Validating BFS 52
Validate time for BFS 52 is 0.000003
TEPS for BFS 52 is 9.98218e+06 cyrus 16777216
Running BFS 53
Time for BFS 53 is 1.899710
Validating BFS 53
Validate time for BFS 53 is 0.000003
TEPS for BFS 53 is 8.83146e+06 cyrus 16777216
Running BFS 54
Time for BFS 54 is 2.880103
Validating BFS 54
Validate time for BFS 54 is 0.000006
TEPS for BFS 54 is 5.82521e+06 cyrus 16777216
Running BFS 55
Time for BFS 55 is 2.705247
Validating BFS 55
Validate time for BFS 55 is 0.000002
TEPS for BFS 55 is 6.20173e+06 cyrus 16777216
Running BFS 56
Time for BFS 56 is 2.139024
Validating BFS 56
Validate time for BFS 56 is 0.000003
TEPS for BFS 56 is 7.8434e+06 cyrus 16777216
Running BFS 57
Time for BFS 57 is 1.778825
Validating BFS 57
Validate time for BFS 57 is 0.000003
TEPS for BFS 57 is 9.43163e+06 cyrus 16777216
Running BFS 58
Time for BFS 58 is 2.269056
Validating BFS 58
Validate time for BFS 58 is 0.000003
TEPS for BFS 58 is 7.39392e+06 cyrus 16777216
Running BFS 59
Time for BFS 59 is 2.008881
Validating BFS 59
Validate time for BFS 59 is 0.000003
TEPS for BFS 59 is 8.35152e+06 cyrus 16777216
Running BFS 60
Time for BFS 60 is 1.959104
Validating BFS 60
Validate time for BFS 60 is 0.000003
TEPS for BFS 60 is 8.56372e+06 cyrus 16777216
Running BFS 61
Time for BFS 61 is 1.958933
Validating BFS 61
Validate time for BFS 61 is 0.000004
TEPS for BFS 61 is 8.56447e+06 cyrus 16777216
Running BFS 62
Time for BFS 62 is 3.159690
Validating BFS 62
Validate time for BFS 62 is 0.000003
TEPS for BFS 62 is 5.30977e+06 cyrus 16777216
Running BFS 63
Time for BFS 63 is 1.840102
Validating BFS 63
Validate time for BFS 63 is 0.000004
TEPS for BFS 63 is 9.11755e+06 cyrus 16777216
SCALE:                          20
edgefactor:                     16
NBFS:                           64
graph_generation:               43.2691
num_mpi_processes:              64
construction_time:              25.2823
min_time:                       1.48118
firstquartile_time:             1.78389
median_time:                    1.87982
thirdquartile_time:             2.13444
max_time:                       4.3601
mean_time:                      2.08205
stddev_time:                    0.573073
min_nedge:                      16777216
firstquartile_nedge:            16777216
median_nedge:                   16777216
thirdquartile_nedge:            16777216
max_nedge:                      16777216
mean_nedge:                     16777216
stddev_nedge:                   0
min_TEPS:                       3.8479e+06
firstquartile_TEPS:             7.86026e+06
median_TEPS:                    8.9249e+06
thirdquartile_TEPS:             9.40484e+06
max_TEPS:                       1.13269e+07
harmonic_mean_TEPS:             8.05801e+06
harmonic_stddev_TEPS:           279432
min_validate:                   1.90735e-06
firstquartile_validate:         2.86102e-06
median_validate:                3.09944e-06
thirdquartile_validate:         3.8147e-06
max_validate:                   5.96046e-06
mean_validate:                  3.1963e-06
stddev_validate:                6.7129e-07
This benchmark was run on 64 MPI Processes, Scale 20, written output_64_20.log
