graph_generation:               51.040308 s
construction_time:              25.625537 s
Running BFS 0
Time for BFS 0 is 2.408206
Validating BFS 0
Validate time for BFS 0 is 0.000004
TEPS for BFS 0 is 1.39334e+07 cyrus 33554432
Running BFS 1
Time for BFS 1 is 4.620045
Validating BFS 1
Validate time for BFS 1 is 0.000005
TEPS for BFS 1 is 7.26279e+06 cyrus 33554432
Running BFS 2
Time for BFS 2 is 2.072917
Validating BFS 2
Validate time for BFS 2 is 0.000004
TEPS for BFS 2 is 1.61871e+07 cyrus 33554432
Running BFS 3
Time for BFS 3 is 1.678694
Validating BFS 3
Validate time for BFS 3 is 0.000004
TEPS for BFS 3 is 1.99884e+07 cyrus 33554432
Running BFS 4
Time for BFS 4 is 1.708759
Validating BFS 4
Validate time for BFS 4 is 0.000004
TEPS for BFS 4 is 1.96367e+07 cyrus 33554432
Running BFS 5
Time for BFS 5 is 1.688592
Validating BFS 5
Validate time for BFS 5 is 0.000003
TEPS for BFS 5 is 1.98712e+07 cyrus 33554432
Running BFS 6
Time for BFS 6 is 2.009603
Validating BFS 6
Validate time for BFS 6 is 0.000002
TEPS for BFS 6 is 1.6697e+07 cyrus 33554432
Running BFS 7
Time for BFS 7 is 2.029779
Validating BFS 7
Validate time for BFS 7 is 0.000002
TEPS for BFS 7 is 1.65311e+07 cyrus 33554432
Running BFS 8
Time for BFS 8 is 2.079779
Validating BFS 8
Validate time for BFS 8 is 0.000003
TEPS for BFS 8 is 1.61337e+07 cyrus 33554432
Running BFS 9
Time for BFS 9 is 2.179803
Validating BFS 9
Validate time for BFS 9 is 0.000004
TEPS for BFS 9 is 1.53933e+07 cyrus 33554432
Running BFS 10
Time for BFS 10 is 1.904872
Validating BFS 10
Validate time for BFS 10 is 0.000005
TEPS for BFS 10 is 1.76151e+07 cyrus 33554432
Running BFS 11
Time for BFS 11 is 1.638618
Validating BFS 11
Validate time for BFS 11 is 0.000003
TEPS for BFS 11 is 2.04773e+07 cyrus 33554432
Running BFS 12
Time for BFS 12 is 1.635525
Validating BFS 12
Validate time for BFS 12 is 0.000005
TEPS for BFS 12 is 2.0516e+07 cyrus 33554432
Running BFS 13
Time for BFS 13 is 4.271987
Validating BFS 13
Validate time for BFS 13 is 0.000005
TEPS for BFS 13 is 7.85453e+06 cyrus 33554432
Running BFS 14
Time for BFS 14 is 1.638810
Validating BFS 14
Validate time for BFS 14 is 0.000005
TEPS for BFS 14 is 2.04749e+07 cyrus 33554432
Running BFS 15
Time for BFS 15 is 1.978774
Validating BFS 15
Validate time for BFS 15 is 0.000005
TEPS for BFS 15 is 1.69572e+07 cyrus 33554432
Running BFS 16
Time for BFS 16 is 2.788670
Validating BFS 16
Validate time for BFS 16 is 0.000005
TEPS for BFS 16 is 1.20324e+07 cyrus 33554432
Running BFS 17
Time for BFS 17 is 1.850531
Validating BFS 17
Validate time for BFS 17 is 0.000005
TEPS for BFS 17 is 1.81323e+07 cyrus 33554432
Running BFS 18
Time for BFS 18 is 2.096987
Validating BFS 18
Validate time for BFS 18 is 0.000004
TEPS for BFS 18 is 1.60013e+07 cyrus 33554432
Running BFS 19
Time for BFS 19 is 2.738826
Validating BFS 19
Validate time for BFS 19 is 0.000003
TEPS for BFS 19 is 1.22514e+07 cyrus 33554432
Running BFS 20
Time for BFS 20 is 2.108455
Validating BFS 20
Validate time for BFS 20 is 0.000004
TEPS for BFS 20 is 1.59142e+07 cyrus 33554432
Running BFS 21
Time for BFS 21 is 2.104935
Validating BFS 21
Validate time for BFS 21 is 0.000005
TEPS for BFS 21 is 1.59408e+07 cyrus 33554432
Running BFS 22
Time for BFS 22 is 2.102194
Validating BFS 22
Validate time for BFS 22 is 0.000004
TEPS for BFS 22 is 1.59616e+07 cyrus 33554432
Running BFS 23
Time for BFS 23 is 2.598525
Validating BFS 23
Validate time for BFS 23 is 0.000005
TEPS for BFS 23 is 1.29129e+07 cyrus 33554432
Running BFS 24
Time for BFS 24 is 1.738595
Validating BFS 24
Validate time for BFS 24 is 0.000005
TEPS for BFS 24 is 1.92997e+07 cyrus 33554432
Running BFS 25
Time for BFS 25 is 1.719490
Validating BFS 25
Validate time for BFS 25 is 0.000004
TEPS for BFS 25 is 1.95142e+07 cyrus 33554432
Running BFS 26
Time for BFS 26 is 2.067658
Validating BFS 26
Validate time for BFS 26 is 0.000004
TEPS for BFS 26 is 1.62282e+07 cyrus 33554432
Running BFS 27
Time for BFS 27 is 2.068635
Validating BFS 27
Validate time for BFS 27 is 0.000004
TEPS for BFS 27 is 1.62206e+07 cyrus 33554432
Running BFS 28
Time for BFS 28 is 2.008561
Validating BFS 28
Validate time for BFS 28 is 0.000004
TEPS for BFS 28 is 1.67057e+07 cyrus 33554432
Running BFS 29
Time for BFS 29 is 3.838729
Validating BFS 29
Validate time for BFS 29 is 0.000004
TEPS for BFS 29 is 8.74103e+06 cyrus 33554432
Running BFS 30
Time for BFS 30 is 3.118542
Validating BFS 30
Validate time for BFS 30 is 0.000005
TEPS for BFS 30 is 1.07597e+07 cyrus 33554432
Running BFS 31
Time for BFS 31 is 2.358556
Validating BFS 31
Validate time for BFS 31 is 0.000004
TEPS for BFS 31 is 1.42267e+07 cyrus 33554432
Running BFS 32
Time for BFS 32 is 1.698506
Validating BFS 32
Validate time for BFS 32 is 0.000005
TEPS for BFS 32 is 1.97553e+07 cyrus 33554432
Running BFS 33
Time for BFS 33 is 1.718630
Validating BFS 33
Validate time for BFS 33 is 0.000003
TEPS for BFS 33 is 1.95239e+07 cyrus 33554432
Running BFS 34
Time for BFS 34 is 1.828522
Validating BFS 34
Validate time for BFS 34 is 0.000004
TEPS for BFS 34 is 1.83506e+07 cyrus 33554432
Running BFS 35
Time for BFS 35 is 2.048655
Validating BFS 35
Validate time for BFS 35 is 0.000005
TEPS for BFS 35 is 1.63788e+07 cyrus 33554432
Running BFS 36
Time for BFS 36 is 3.252773
Validating BFS 36
Validate time for BFS 36 is 0.000004
TEPS for BFS 36 is 1.03156e+07 cyrus 33554432
Running BFS 37
Time for BFS 37 is 3.609938
Validating BFS 37
Validate time for BFS 37 is 0.000004
TEPS for BFS 37 is 9.29502e+06 cyrus 33554432
Running BFS 38
Time for BFS 38 is 1.719610
Validating BFS 38
Validate time for BFS 38 is 0.000005
TEPS for BFS 38 is 1.95128e+07 cyrus 33554432
Running BFS 39
Time for BFS 39 is 1.681744
Validating BFS 39
Validate time for BFS 39 is 0.000005
TEPS for BFS 39 is 1.99522e+07 cyrus 33554432
Running BFS 40
Time for BFS 40 is 2.027748
Validating BFS 40
Validate time for BFS 40 is 0.000003
TEPS for BFS 40 is 1.65476e+07 cyrus 33554432
Running BFS 41
Time for BFS 41 is 4.709973
Validating BFS 41
Validate time for BFS 41 is 0.000003
TEPS for BFS 41 is 7.12412e+06 cyrus 33554432
Running BFS 42
Time for BFS 42 is 2.157866
Validating BFS 42
Validate time for BFS 42 is 0.000005
TEPS for BFS 42 is 1.55498e+07 cyrus 33554432
Running BFS 43
Time for BFS 43 is 1.698562
Validating BFS 43
Validate time for BFS 43 is 0.000004
TEPS for BFS 43 is 1.97546e+07 cyrus 33554432
Running BFS 44
Time for BFS 44 is 2.042816
Validating BFS 44
Validate time for BFS 44 is 0.000004
TEPS for BFS 44 is 1.64256e+07 cyrus 33554432
Running BFS 45
Time for BFS 45 is 2.124161
Validating BFS 45
Validate time for BFS 45 is 0.000003
TEPS for BFS 45 is 1.57966e+07 cyrus 33554432
Running BFS 46
Time for BFS 46 is 6.305814
Validating BFS 46
Validate time for BFS 46 is 0.000005
TEPS for BFS 46 is 5.32119e+06 cyrus 33554432
Running BFS 47
Time for BFS 47 is 2.401556
Validating BFS 47
Validate time for BFS 47 is 0.000004
TEPS for BFS 47 is 1.3972e+07 cyrus 33554432
Running BFS 48
Time for BFS 48 is 2.068731
Validating BFS 48
Validate time for BFS 48 is 0.000003
TEPS for BFS 48 is 1.62198e+07 cyrus 33554432
Running BFS 49
Time for BFS 49 is 2.079141
Validating BFS 49
Validate time for BFS 49 is 0.000005
TEPS for BFS 49 is 1.61386e+07 cyrus 33554432
Running BFS 50
Time for BFS 50 is 2.779778
Validating BFS 50
Validate time for BFS 50 is 0.000004
TEPS for BFS 50 is 1.20709e+07 cyrus 33554432
Running BFS 51
Time for BFS 51 is 2.086686
Validating BFS 51
Validate time for BFS 51 is 0.000004
TEPS for BFS 51 is 1.60803e+07 cyrus 33554432
Running BFS 52
Time for BFS 52 is 2.048735
Validating BFS 52
Validate time for BFS 52 is 0.000005
TEPS for BFS 52 is 1.63781e+07 cyrus 33554432
Running BFS 53
Time for BFS 53 is 1.963902
Validating BFS 53
Validate time for BFS 53 is 0.000003
TEPS for BFS 53 is 1.70856e+07 cyrus 33554432
Running BFS 54
Time for BFS 54 is 1.953132
Validating BFS 54
Validate time for BFS 54 is 0.000005
TEPS for BFS 54 is 1.71798e+07 cyrus 33554432
Running BFS 55
Time for BFS 55 is 2.098713
Validating BFS 55
Validate time for BFS 55 is 0.000004
TEPS for BFS 55 is 1.59881e+07 cyrus 33554432
Running BFS 56
Time for BFS 56 is 1.708491
Validating BFS 56
Validate time for BFS 56 is 0.000005
TEPS for BFS 56 is 1.96398e+07 cyrus 33554432
Running BFS 57
Time for BFS 57 is 2.678612
Validating BFS 57
Validate time for BFS 57 is 0.000005
TEPS for BFS 57 is 1.25268e+07 cyrus 33554432
Running BFS 58
Time for BFS 58 is 2.159832
Validating BFS 58
Validate time for BFS 58 is 0.000004
TEPS for BFS 58 is 1.55357e+07 cyrus 33554432
Running BFS 59
Time for BFS 59 is 1.739706
Validating BFS 59
Validate time for BFS 59 is 0.000004
TEPS for BFS 59 is 1.92874e+07 cyrus 33554432
Running BFS 60
Time for BFS 60 is 3.016072
Validating BFS 60
Validate time for BFS 60 is 0.000004
TEPS for BFS 60 is 1.11252e+07 cyrus 33554432
Running BFS 61
Time for BFS 61 is 3.803688
Validating BFS 61
Validate time for BFS 61 is 0.000004
TEPS for BFS 61 is 8.82155e+06 cyrus 33554432
Running BFS 62
Time for BFS 62 is 1.919701
Validating BFS 62
Validate time for BFS 62 is 0.000004
TEPS for BFS 62 is 1.7479e+07 cyrus 33554432
Running BFS 63
Time for BFS 63 is 2.369963
Validating BFS 63
Validate time for BFS 63 is 0.000003
TEPS for BFS 63 is 1.41582e+07 cyrus 33554432
SCALE:                          21
edgefactor:                     16
NBFS:                           64
graph_generation:               51.0403
num_mpi_processes:              64
construction_time:              25.6255
min_time:                       1.63552
firstquartile_time:             1.83953
median_time:                    2.07082
thirdquartile_time:             2.40488
max_time:                       6.30581
mean_time:                      2.34929
stddev_time:                    0.873405
min_nedge:                      33554432
firstquartile_nedge:            33554432
median_nedge:                   33554432
thirdquartile_nedge:            33554432
max_nedge:                      33554432
mean_nedge:                     33554432
stddev_nedge:                   0
min_TEPS:                       5.32119e+06
firstquartile_TEPS:             1.39526e+07
median_TEPS:                    1.62034e+07
thirdquartile_TEPS:             1.82408e+07
max_TEPS:                       2.0516e+07
harmonic_mean_TEPS:             1.42828e+07
harmonic_stddev_TEPS:           668995
min_validate:                   1.90735e-06
firstquartile_validate:         3.8147e-06
median_validate:                4.05312e-06
thirdquartile_validate:         5.00679e-06
max_validate:                   5.00679e-06
mean_validate:                  4.12017e-06
stddev_validate:                8.15427e-07
This benchmark was run on 64 MPI Processes, Scale 21, written output_64_21.log
