graph_generation:               1.335856 s
construction_time:              0.490734 s
Running BFS 0
Time for BFS 0 is 0.971057
Validating BFS 0
Validate time for BFS 0 is 0.000003
TEPS for BFS 0 is 527.261 cyrus 512
Running BFS 1
Time for BFS 1 is 0.278990
Validating BFS 1
Validate time for BFS 1 is 0.000002
TEPS for BFS 1 is 1835.19 cyrus 512
Running BFS 2
Time for BFS 2 is 0.256089
Validating BFS 2
Validate time for BFS 2 is 0.000003
TEPS for BFS 2 is 1999.31 cyrus 512
Running BFS 3
Time for BFS 3 is 0.352248
Validating BFS 3
Validate time for BFS 3 is 0.000003
TEPS for BFS 3 is 1453.52 cyrus 512
Running BFS 4
Time for BFS 4 is 0.258670
Validating BFS 4
Validate time for BFS 4 is 0.000002
TEPS for BFS 4 is 1979.36 cyrus 512
Running BFS 5
Time for BFS 5 is 0.372223
Validating BFS 5
Validate time for BFS 5 is 0.000003
TEPS for BFS 5 is 1375.52 cyrus 512
Running BFS 6
Time for BFS 6 is 0.272785
Validating BFS 6
Validate time for BFS 6 is 0.000003
TEPS for BFS 6 is 1876.94 cyrus 512
Running BFS 7
Time for BFS 7 is 0.385267
Validating BFS 7
Validate time for BFS 7 is 0.000002
TEPS for BFS 7 is 1328.95 cyrus 512
Running BFS 8
Time for BFS 8 is 0.300312
Validating BFS 8
Validate time for BFS 8 is 0.000003
TEPS for BFS 8 is 1704.89 cyrus 512
Running BFS 9
Time for BFS 9 is 1.401572
Validating BFS 9
Validate time for BFS 9 is 0.000003
TEPS for BFS 9 is 365.304 cyrus 512
Running BFS 10
Time for BFS 10 is 0.354085
Validating BFS 10
Validate time for BFS 10 is 0.000003
TEPS for BFS 10 is 1445.98 cyrus 512
Running BFS 11
Time for BFS 11 is 0.903877
Validating BFS 11
Validate time for BFS 11 is 0.000004
TEPS for BFS 11 is 566.449 cyrus 512
Running BFS 12
Time for BFS 12 is 0.260214
Validating BFS 12
Validate time for BFS 12 is 0.000003
TEPS for BFS 12 is 1967.61 cyrus 512
Running BFS 13
Time for BFS 13 is 0.389497
Validating BFS 13
Validate time for BFS 13 is 0.000003
TEPS for BFS 13 is 1314.52 cyrus 512
Running BFS 14
Time for BFS 14 is 0.388777
Validating BFS 14
Validate time for BFS 14 is 0.000003
TEPS for BFS 14 is 1316.95 cyrus 512
Running BFS 15
Time for BFS 15 is 0.243786
Validating BFS 15
Validate time for BFS 15 is 0.000003
TEPS for BFS 15 is 2100.2 cyrus 512
Running BFS 16
Time for BFS 16 is 0.408295
Validating BFS 16
Validate time for BFS 16 is 0.000003
TEPS for BFS 16 is 1254 cyrus 512
Running BFS 17
Time for BFS 17 is 0.393628
Validating BFS 17
Validate time for BFS 17 is 0.000003
TEPS for BFS 17 is 1300.72 cyrus 512
Running BFS 18
Time for BFS 18 is 0.279032
Validating BFS 18
Validate time for BFS 18 is 0.000003
TEPS for BFS 18 is 1834.91 cyrus 512
Running BFS 19
Time for BFS 19 is 0.379424
Validating BFS 19
Validate time for BFS 19 is 0.000003
TEPS for BFS 19 is 1349.41 cyrus 512
Running BFS 20
Time for BFS 20 is 5.365712
Validating BFS 20
Validate time for BFS 20 is 0.000004
TEPS for BFS 20 is 95.4207 cyrus 512
Running BFS 21
Time for BFS 21 is 0.266026
Validating BFS 21
Validate time for BFS 21 is 0.000003
TEPS for BFS 21 is 1924.62 cyrus 512
Running BFS 22
Time for BFS 22 is 0.388071
Validating BFS 22
Validate time for BFS 22 is 0.000003
TEPS for BFS 22 is 1319.35 cyrus 512
Running BFS 23
Time for BFS 23 is 0.392075
Validating BFS 23
Validate time for BFS 23 is 0.000004
TEPS for BFS 23 is 1305.87 cyrus 512
Running BFS 24
Time for BFS 24 is 0.621447
Validating BFS 24
Validate time for BFS 24 is 0.000003
TEPS for BFS 24 is 823.884 cyrus 512
Running BFS 25
Time for BFS 25 is 0.415887
Validating BFS 25
Validate time for BFS 25 is 0.000003
TEPS for BFS 25 is 1231.1 cyrus 512
Running BFS 26
Time for BFS 26 is 0.301982
Validating BFS 26
Validate time for BFS 26 is 0.000003
TEPS for BFS 26 is 1695.47 cyrus 512
Running BFS 27
Time for BFS 27 is 0.279515
Validating BFS 27
Validate time for BFS 27 is 0.000004
TEPS for BFS 27 is 1831.74 cyrus 512
Running BFS 28
Time for BFS 28 is 0.284227
Validating BFS 28
Validate time for BFS 28 is 0.000003
TEPS for BFS 28 is 1801.38 cyrus 512
Running BFS 29
Time for BFS 29 is 0.264010
Validating BFS 29
Validate time for BFS 29 is 0.000003
TEPS for BFS 29 is 1939.32 cyrus 512
Running BFS 30
Time for BFS 30 is 0.400402
Validating BFS 30
Validate time for BFS 30 is 0.000004
TEPS for BFS 30 is 1278.71 cyrus 512
Running BFS 31
Time for BFS 31 is 0.265259
Validating BFS 31
Validate time for BFS 31 is 0.000003
TEPS for BFS 31 is 1930.19 cyrus 512
Running BFS 32
Time for BFS 32 is 0.409198
Validating BFS 32
Validate time for BFS 32 is 0.000002
TEPS for BFS 32 is 1251.23 cyrus 512
Running BFS 33
Time for BFS 33 is 0.038848
Validating BFS 33
Validate time for BFS 33 is 0.000004
TEPS for BFS 33 is 13179.5 cyrus 512
Running BFS 34
Time for BFS 34 is 0.295601
Validating BFS 34
Validate time for BFS 34 is 0.000003
TEPS for BFS 34 is 1732.06 cyrus 512
Running BFS 35
Time for BFS 35 is 0.273267
Validating BFS 35
Validate time for BFS 35 is 0.000003
TEPS for BFS 35 is 1873.63 cyrus 512
Running BFS 36
Time for BFS 36 is 0.266292
Validating BFS 36
Validate time for BFS 36 is 0.000003
TEPS for BFS 36 is 1922.7 cyrus 512
Running BFS 37
Time for BFS 37 is 0.389896
Validating BFS 37
Validate time for BFS 37 is 0.000003
TEPS for BFS 37 is 1313.17 cyrus 512
Running BFS 38
Time for BFS 38 is 0.359773
Validating BFS 38
Validate time for BFS 38 is 0.000003
TEPS for BFS 38 is 1423.12 cyrus 512
Running BFS 39
Time for BFS 39 is 2.130446
Validating BFS 39
Validate time for BFS 39 is 0.000004
TEPS for BFS 39 is 240.325 cyrus 512
Running BFS 40
Time for BFS 40 is 0.379750
Validating BFS 40
Validate time for BFS 40 is 0.000004
TEPS for BFS 40 is 1348.26 cyrus 512
Running BFS 41
Time for BFS 41 is 0.289875
Validating BFS 41
Validate time for BFS 41 is 0.000003
TEPS for BFS 41 is 1766.28 cyrus 512
Running BFS 42
Time for BFS 42 is 0.391710
Validating BFS 42
Validate time for BFS 42 is 0.000003
TEPS for BFS 42 is 1307.09 cyrus 512
Running BFS 43
Time for BFS 43 is 0.262497
Validating BFS 43
Validate time for BFS 43 is 0.000004
TEPS for BFS 43 is 1950.5 cyrus 512
Running BFS 44
Time for BFS 44 is 0.379188
Validating BFS 44
Validate time for BFS 44 is 0.000003
TEPS for BFS 44 is 1350.25 cyrus 512
Running BFS 45
Time for BFS 45 is 0.405135
Validating BFS 45
Validate time for BFS 45 is 0.000003
TEPS for BFS 45 is 1263.78 cyrus 512
Running BFS 46
Time for BFS 46 is 0.403067
Validating BFS 46
Validate time for BFS 46 is 0.000003
TEPS for BFS 46 is 1270.26 cyrus 512
Running BFS 47
Time for BFS 47 is 0.869156
Validating BFS 47
Validate time for BFS 47 is 0.000003
TEPS for BFS 47 is 589.077 cyrus 512
Running BFS 48
Time for BFS 48 is 0.034516
Validating BFS 48
Validate time for BFS 48 is 0.000003
TEPS for BFS 48 is 14833.8 cyrus 512
Running BFS 49
Time for BFS 49 is 0.733935
Validating BFS 49
Validate time for BFS 49 is 0.000003
TEPS for BFS 49 is 697.609 cyrus 512
Running BFS 50
Time for BFS 50 is 0.250574
Validating BFS 50
Validate time for BFS 50 is 0.000004
TEPS for BFS 50 is 2043.31 cyrus 512
Running BFS 51
Time for BFS 51 is 0.263225
Validating BFS 51
Validate time for BFS 51 is 0.000004
TEPS for BFS 51 is 1945.1 cyrus 512
Running BFS 52
Time for BFS 52 is 1.611474
Validating BFS 52
Validate time for BFS 52 is 0.000003
TEPS for BFS 52 is 317.722 cyrus 512
Running BFS 53
Time for BFS 53 is 0.048882
Validating BFS 53
Validate time for BFS 53 is 0.000003
TEPS for BFS 53 is 10474.2 cyrus 512
Running BFS 54
Time for BFS 54 is 0.047463
Validating BFS 54
Validate time for BFS 54 is 0.000003
TEPS for BFS 54 is 10787.4 cyrus 512
Running BFS 55
Time for BFS 55 is 1.873504
Validating BFS 55
Validate time for BFS 55 is 0.000004
TEPS for BFS 55 is 273.285 cyrus 512
Running BFS 56
Time for BFS 56 is 1.496931
Validating BFS 56
Validate time for BFS 56 is 0.000003
TEPS for BFS 56 is 342.033 cyrus 512
Running BFS 57
Time for BFS 57 is 0.478034
Validating BFS 57
Validate time for BFS 57 is 0.000004
TEPS for BFS 57 is 1071.05 cyrus 512
Running BFS 58
Time for BFS 58 is 0.268933
Validating BFS 58
Validate time for BFS 58 is 0.000003
TEPS for BFS 58 is 1903.82 cyrus 512
Running BFS 59
Time for BFS 59 is 0.264285
Validating BFS 59
Validate time for BFS 59 is 0.000004
TEPS for BFS 59 is 1937.3 cyrus 512
Running BFS 60
Time for BFS 60 is 0.390161
Validating BFS 60
Validate time for BFS 60 is 0.000003
TEPS for BFS 60 is 1312.28 cyrus 512
Running BFS 61
Time for BFS 61 is 0.395369
Validating BFS 61
Validate time for BFS 61 is 0.000003
TEPS for BFS 61 is 1294.99 cyrus 512
Running BFS 62
Time for BFS 62 is 0.424391
Validating BFS 62
Validate time for BFS 62 is 0.000004
TEPS for BFS 62 is 1206.43 cyrus 512
Running BFS 63
Time for BFS 63 is 0.393326
Validating BFS 63
Validate time for BFS 63 is 0.000003
TEPS for BFS 63 is 1301.72 cyrus 512
SCALE:                          5
edgefactor:                     16
NBFS:                           64
graph_generation:               1.33586
num_mpi_processes:              128
construction_time:              0.490734
min_time:                       0.0345159
firstquartile_time:             0.267612
median_time:                    0.379306
thirdquartile_time:             0.406715
max_time:                       5.36571
mean_time:                      0.54083
stddev_time:                    0.73573
min_nedge:                      512
firstquartile_nedge:            512
median_nedge:                   512
thirdquartile_nedge:            512
max_nedge:                      512
mean_nedge:                     512
stddev_nedge:                   0
min_TEPS:                       95.4207
firstquartile_TEPS:             1258.87
median_TEPS:                    1349.83
thirdquartile_TEPS:             1913.22
max_TEPS:                       14833.8
harmonic_mean_TEPS:             946.692
harmonic_stddev_TEPS:           162.254
min_validate:                   1.90735e-06
firstquartile_validate:         2.86102e-06
median_validate:                3.09944e-06
thirdquartile_validate:         3.09944e-06
max_validate:                   4.05312e-06
mean_validate:                  3.16277e-06
stddev_validate:                5.29285e-07
This benchmark was run on 128 MPI Processes, Scale 5, written output_128_5.log
