graph_generation:               4.514116 s
construction_time:              0.231375 s
Running BFS 0
Time for BFS 0 is 0.468542
Validating BFS 0
Validate time for BFS 0 is 0.000005
TEPS for BFS 0 is 69936.1 cyrus 32768
Running BFS 1
Time for BFS 1 is 0.459370
Validating BFS 1
Validate time for BFS 1 is 0.000005
TEPS for BFS 1 is 71332.5 cyrus 32768
Running BFS 2
Time for BFS 2 is 0.449822
Validating BFS 2
Validate time for BFS 2 is 0.000003
TEPS for BFS 2 is 72846.6 cyrus 32768
Running BFS 3
Time for BFS 3 is 0.459789
Validating BFS 3
Validate time for BFS 3 is 0.000004
TEPS for BFS 3 is 71267.5 cyrus 32768
Running BFS 4
Time for BFS 4 is 2.000072
Validating BFS 4
Validate time for BFS 4 is 0.000004
TEPS for BFS 4 is 16383.4 cyrus 32768
Running BFS 5
Time for BFS 5 is 0.459795
Validating BFS 5
Validate time for BFS 5 is 0.000005
TEPS for BFS 5 is 71266.5 cyrus 32768
Running BFS 6
Time for BFS 6 is 0.459813
Validating BFS 6
Validate time for BFS 6 is 0.000005
TEPS for BFS 6 is 71263.7 cyrus 32768
Running BFS 7
Time for BFS 7 is 0.459726
Validating BFS 7
Validate time for BFS 7 is 0.000005
TEPS for BFS 7 is 71277.2 cyrus 32768
Running BFS 8
Time for BFS 8 is 0.449996
Validating BFS 8
Validate time for BFS 8 is 0.000005
TEPS for BFS 8 is 72818.4 cyrus 32768
Running BFS 9
Time for BFS 9 is 0.519832
Validating BFS 9
Validate time for BFS 9 is 0.000004
TEPS for BFS 9 is 63035.8 cyrus 32768
Running BFS 10
Time for BFS 10 is 0.461095
Validating BFS 10
Validate time for BFS 10 is 0.000003
TEPS for BFS 10 is 71065.6 cyrus 32768
Running BFS 11
Time for BFS 11 is 1.348592
Validating BFS 11
Validate time for BFS 11 is 0.000005
TEPS for BFS 11 is 24297.9 cyrus 32768
Running BFS 12
Time for BFS 12 is 0.459763
Validating BFS 12
Validate time for BFS 12 is 0.000004
TEPS for BFS 12 is 71271.5 cyrus 32768
Running BFS 13
Time for BFS 13 is 0.459789
Validating BFS 13
Validate time for BFS 13 is 0.000003
TEPS for BFS 13 is 71267.5 cyrus 32768
Running BFS 14
Time for BFS 14 is 0.449814
Validating BFS 14
Validate time for BFS 14 is 0.000003
TEPS for BFS 14 is 72847.9 cyrus 32768
Running BFS 15
Time for BFS 15 is 3.010426
Validating BFS 15
Validate time for BFS 15 is 0.000003
TEPS for BFS 15 is 10884.8 cyrus 32768
Running BFS 16
Time for BFS 16 is 0.439625
Validating BFS 16
Validate time for BFS 16 is 0.000005
TEPS for BFS 16 is 74536.2 cyrus 32768
Running BFS 17
Time for BFS 17 is 1.250078
Validating BFS 17
Validate time for BFS 17 is 0.000003
TEPS for BFS 17 is 26212.8 cyrus 32768
Running BFS 18
Time for BFS 18 is 0.559853
Validating BFS 18
Validate time for BFS 18 is 0.000003
TEPS for BFS 18 is 58529.6 cyrus 32768
Running BFS 19
Time for BFS 19 is 0.453533
Validating BFS 19
Validate time for BFS 19 is 0.000004
TEPS for BFS 19 is 72250.5 cyrus 32768
Running BFS 20
Time for BFS 20 is 0.449813
Validating BFS 20
Validate time for BFS 20 is 0.000004
TEPS for BFS 20 is 72848.1 cyrus 32768
Running BFS 21
Time for BFS 21 is 0.459863
Validating BFS 21
Validate time for BFS 21 is 0.000005
TEPS for BFS 21 is 71256 cyrus 32768
Running BFS 22
Time for BFS 22 is 0.549776
Validating BFS 22
Validate time for BFS 22 is 0.000004
TEPS for BFS 22 is 59602.4 cyrus 32768
Running BFS 23
Time for BFS 23 is 0.459771
Validating BFS 23
Validate time for BFS 23 is 0.000004
TEPS for BFS 23 is 71270.3 cyrus 32768
Running BFS 24
Time for BFS 24 is 0.449804
Validating BFS 24
Validate time for BFS 24 is 0.000003
TEPS for BFS 24 is 72849.5 cyrus 32768
Running BFS 25
Time for BFS 25 is 0.459968
Validating BFS 25
Validate time for BFS 25 is 0.000003
TEPS for BFS 25 is 71239.8 cyrus 32768
Running BFS 26
Time for BFS 26 is 0.449772
Validating BFS 26
Validate time for BFS 26 is 0.000004
TEPS for BFS 26 is 72854.7 cyrus 32768
Running BFS 27
Time for BFS 27 is 0.454176
Validating BFS 27
Validate time for BFS 27 is 0.000005
TEPS for BFS 27 is 72148.3 cyrus 32768
Running BFS 28
Time for BFS 28 is 0.465453
Validating BFS 28
Validate time for BFS 28 is 0.000003
TEPS for BFS 28 is 70400.2 cyrus 32768
Running BFS 29
Time for BFS 29 is 0.559784
Validating BFS 29
Validate time for BFS 29 is 0.000005
TEPS for BFS 29 is 58536.9 cyrus 32768
Running BFS 30
Time for BFS 30 is 0.449900
Validating BFS 30
Validate time for BFS 30 is 0.000004
TEPS for BFS 30 is 72834 cyrus 32768
Running BFS 31
Time for BFS 31 is 0.469774
Validating BFS 31
Validate time for BFS 31 is 0.000004
TEPS for BFS 31 is 69752.7 cyrus 32768
Running BFS 32
Time for BFS 32 is 0.509810
Validating BFS 32
Validate time for BFS 32 is 0.000003
TEPS for BFS 32 is 64274.9 cyrus 32768
Running BFS 33
Time for BFS 33 is 0.159796
Validating BFS 33
Validate time for BFS 33 is 0.000005
TEPS for BFS 33 is 205061 cyrus 32768
Running BFS 34
Time for BFS 34 is 0.459771
Validating BFS 34
Validate time for BFS 34 is 0.000005
TEPS for BFS 34 is 71270.2 cyrus 32768
Running BFS 35
Time for BFS 35 is 0.439962
Validating BFS 35
Validate time for BFS 35 is 0.000003
TEPS for BFS 35 is 74479.1 cyrus 32768
Running BFS 36
Time for BFS 36 is 2.117759
Validating BFS 36
Validate time for BFS 36 is 0.000003
TEPS for BFS 36 is 15473 cyrus 32768
Running BFS 37
Time for BFS 37 is 0.462048
Validating BFS 37
Validate time for BFS 37 is 0.000005
TEPS for BFS 37 is 70919 cyrus 32768
Running BFS 38
Time for BFS 38 is 0.559907
Validating BFS 38
Validate time for BFS 38 is 0.000005
TEPS for BFS 38 is 58524 cyrus 32768
Running BFS 39
Time for BFS 39 is 0.445415
Validating BFS 39
Validate time for BFS 39 is 0.000004
TEPS for BFS 39 is 73567.3 cyrus 32768
Running BFS 40
Time for BFS 40 is 0.464155
Validating BFS 40
Validate time for BFS 40 is 0.000004
TEPS for BFS 40 is 70597.1 cyrus 32768
Running BFS 41
Time for BFS 41 is 4.040137
Validating BFS 41
Validate time for BFS 41 is 0.000003
TEPS for BFS 41 is 8110.62 cyrus 32768
Running BFS 42
Time for BFS 42 is 0.449773
Validating BFS 42
Validate time for BFS 42 is 0.000005
TEPS for BFS 42 is 72854.5 cyrus 32768
Running BFS 43
Time for BFS 43 is 0.459771
Validating BFS 43
Validate time for BFS 43 is 0.000005
TEPS for BFS 43 is 71270.2 cyrus 32768
Running BFS 44
Time for BFS 44 is 0.449840
Validating BFS 44
Validate time for BFS 44 is 0.000005
TEPS for BFS 44 is 72843.7 cyrus 32768
Running BFS 45
Time for BFS 45 is 0.459784
Validating BFS 45
Validate time for BFS 45 is 0.000003
TEPS for BFS 45 is 71268.2 cyrus 32768
Running BFS 46
Time for BFS 46 is 0.450547
Validating BFS 46
Validate time for BFS 46 is 0.000004
TEPS for BFS 46 is 72729.4 cyrus 32768
Running BFS 47
Time for BFS 47 is 0.469115
Validating BFS 47
Validate time for BFS 47 is 0.000005
TEPS for BFS 47 is 69850.7 cyrus 32768
Running BFS 48
Time for BFS 48 is 0.439657
Validating BFS 48
Validate time for BFS 48 is 0.000005
TEPS for BFS 48 is 74530.8 cyrus 32768
Running BFS 49
Time for BFS 49 is 0.469832
Validating BFS 49
Validate time for BFS 49 is 0.000005
TEPS for BFS 49 is 69744.1 cyrus 32768
Running BFS 50
Time for BFS 50 is 0.439777
Validating BFS 50
Validate time for BFS 50 is 0.000004
TEPS for BFS 50 is 74510.5 cyrus 32768
Running BFS 51
Time for BFS 51 is 0.469850
Validating BFS 51
Validate time for BFS 51 is 0.000004
TEPS for BFS 51 is 69741.4 cyrus 32768
Running BFS 52
Time for BFS 52 is 0.509853
Validating BFS 52
Validate time for BFS 52 is 0.000004
TEPS for BFS 52 is 64269.5 cyrus 32768
Running BFS 53
Time for BFS 53 is 0.505810
Validating BFS 53
Validate time for BFS 53 is 0.000005
TEPS for BFS 53 is 64783.2 cyrus 32768
Running BFS 54
Time for BFS 54 is 0.513776
Validating BFS 54
Validate time for BFS 54 is 0.000004
TEPS for BFS 54 is 63778.8 cyrus 32768
Running BFS 55
Time for BFS 55 is 0.494378
Validating BFS 55
Validate time for BFS 55 is 0.000004
TEPS for BFS 55 is 66281.3 cyrus 32768
Running BFS 56
Time for BFS 56 is 0.455070
Validating BFS 56
Validate time for BFS 56 is 0.000003
TEPS for BFS 56 is 72006.5 cyrus 32768
Running BFS 57
Time for BFS 57 is 0.459843
Validating BFS 57
Validate time for BFS 57 is 0.000005
TEPS for BFS 57 is 71259.1 cyrus 32768
Running BFS 58
Time for BFS 58 is 0.449730
Validating BFS 58
Validate time for BFS 58 is 0.000004
TEPS for BFS 58 is 72861.5 cyrus 32768
Running BFS 59
Time for BFS 59 is 0.459810
Validating BFS 59
Validate time for BFS 59 is 0.000004
TEPS for BFS 59 is 71264.2 cyrus 32768
Running BFS 60
Time for BFS 60 is 0.449798
Validating BFS 60
Validate time for BFS 60 is 0.000002
TEPS for BFS 60 is 72850.5 cyrus 32768
Running BFS 61
Time for BFS 61 is 0.469871
Validating BFS 61
Validate time for BFS 61 is 0.000004
TEPS for BFS 61 is 69738.3 cyrus 32768
Running BFS 62
Time for BFS 62 is 0.509846
Validating BFS 62
Validate time for BFS 62 is 0.000002
TEPS for BFS 62 is 64270.4 cyrus 32768
Running BFS 63
Time for BFS 63 is 0.499849
Validating BFS 63
Validate time for BFS 63 is 0.000004
TEPS for BFS 63 is 65555.8 cyrus 32768
SCALE:                          11
edgefactor:                     16
NBFS:                           64
graph_generation:               4.51412
num_mpi_processes:              64
construction_time:              0.231375
min_time:                       0.159796
firstquartile_time:             0.449948
median_time:                    0.459812
thirdquartile_time:             0.50283
max_time:                       4.04014
mean_time:                      0.636742
stddev_time:                    0.617307
min_nedge:                      32768
firstquartile_nedge:            32768
median_nedge:                   32768
thirdquartile_nedge:            32768
max_nedge:                      32768
mean_nedge:                     32768
stddev_nedge:                   0
min_TEPS:                       8110.62
firstquartile_TEPS:             65167.2
median_TEPS:                    71264
thirdquartile_TEPS:             72826.2
max_TEPS:                       205061
harmonic_mean_TEPS:             51461.9
harmonic_stddev_TEPS:           6285.7
min_validate:                   1.90735e-06
firstquartile_validate:         3.09944e-06
median_validate:                4.05312e-06
thirdquartile_validate:         5.00679e-06
max_validate:                   5.00679e-06
mean_validate:                  4.04194e-06
stddev_validate:                8.74129e-07
This benchmark was run on 64 MPI Processes, Scale 11, written output_64_11.log
