graph_generation:               3.609329 s
construction_time:              1.565001 s
Running BFS 0
Time for BFS 0 is 10.631483
Validating BFS 0
Validate time for BFS 0 is 0.000002
TEPS for BFS 0 is 192.635 cyrus 2048
Running BFS 1
Time for BFS 1 is 0.359051
Validating BFS 1
Validate time for BFS 1 is 0.000004
TEPS for BFS 1 is 5703.93 cyrus 2048
Running BFS 2
Time for BFS 2 is 0.390266
Validating BFS 2
Validate time for BFS 2 is 0.000003
TEPS for BFS 2 is 5247.7 cyrus 2048
Running BFS 3
Time for BFS 3 is 0.388989
Validating BFS 3
Validate time for BFS 3 is 0.000004
TEPS for BFS 3 is 5264.93 cyrus 2048
Running BFS 4
Time for BFS 4 is 0.370594
Validating BFS 4
Validate time for BFS 4 is 0.000003
TEPS for BFS 4 is 5526.26 cyrus 2048
Running BFS 5
Time for BFS 5 is 0.378254
Validating BFS 5
Validate time for BFS 5 is 0.000003
TEPS for BFS 5 is 5414.35 cyrus 2048
Running BFS 6
Time for BFS 6 is 0.374845
Validating BFS 6
Validate time for BFS 6 is 0.000004
TEPS for BFS 6 is 5463.59 cyrus 2048
Running BFS 7
Time for BFS 7 is 0.533280
Validating BFS 7
Validate time for BFS 7 is 0.000003
TEPS for BFS 7 is 3840.38 cyrus 2048
Running BFS 8
Time for BFS 8 is 0.378061
Validating BFS 8
Validate time for BFS 8 is 0.000004
TEPS for BFS 8 is 5417.11 cyrus 2048
Running BFS 9
Time for BFS 9 is 0.372693
Validating BFS 9
Validate time for BFS 9 is 0.000003
TEPS for BFS 9 is 5495.14 cyrus 2048
Running BFS 10
Time for BFS 10 is 0.348980
Validating BFS 10
Validate time for BFS 10 is 0.000004
TEPS for BFS 10 is 5868.53 cyrus 2048
Running BFS 11
Time for BFS 11 is 0.355504
Validating BFS 11
Validate time for BFS 11 is 0.000004
TEPS for BFS 11 is 5760.84 cyrus 2048
Running BFS 12
Time for BFS 12 is 0.378593
Validating BFS 12
Validate time for BFS 12 is 0.000004
TEPS for BFS 12 is 5409.5 cyrus 2048
Running BFS 13
Time for BFS 13 is 0.366381
Validating BFS 13
Validate time for BFS 13 is 0.000003
TEPS for BFS 13 is 5589.81 cyrus 2048
Running BFS 14
Time for BFS 14 is 0.391835
Validating BFS 14
Validate time for BFS 14 is 0.000004
TEPS for BFS 14 is 5226.69 cyrus 2048
Running BFS 15
Time for BFS 15 is 0.354860
Validating BFS 15
Validate time for BFS 15 is 0.000004
TEPS for BFS 15 is 5771.29 cyrus 2048
Running BFS 16
Time for BFS 16 is 1.164409
Validating BFS 16
Validate time for BFS 16 is 0.000003
TEPS for BFS 16 is 1758.83 cyrus 2048
Running BFS 17
Time for BFS 17 is 1.206367
Validating BFS 17
Validate time for BFS 17 is 0.000003
TEPS for BFS 17 is 1697.66 cyrus 2048
Running BFS 18
Time for BFS 18 is 0.363055
Validating BFS 18
Validate time for BFS 18 is 0.000004
TEPS for BFS 18 is 5641.02 cyrus 2048
Running BFS 19
Time for BFS 19 is 0.507027
Validating BFS 19
Validate time for BFS 19 is 0.000003
TEPS for BFS 19 is 4039.23 cyrus 2048
Running BFS 20
Time for BFS 20 is 0.368540
Validating BFS 20
Validate time for BFS 20 is 0.000003
TEPS for BFS 20 is 5557.06 cyrus 2048
Running BFS 21
Time for BFS 21 is 0.381976
Validating BFS 21
Validate time for BFS 21 is 0.000003
TEPS for BFS 21 is 5361.59 cyrus 2048
Running BFS 22
Time for BFS 22 is 0.399468
Validating BFS 22
Validate time for BFS 22 is 0.000003
TEPS for BFS 22 is 5126.82 cyrus 2048
Running BFS 23
Time for BFS 23 is 3.140156
Validating BFS 23
Validate time for BFS 23 is 0.000003
TEPS for BFS 23 is 652.197 cyrus 2048
Running BFS 24
Time for BFS 24 is 0.375176
Validating BFS 24
Validate time for BFS 24 is 0.000003
TEPS for BFS 24 is 5458.77 cyrus 2048
Running BFS 25
Time for BFS 25 is 0.379310
Validating BFS 25
Validate time for BFS 25 is 0.000003
TEPS for BFS 25 is 5399.28 cyrus 2048
Running BFS 26
Time for BFS 26 is 1.430191
Validating BFS 26
Validate time for BFS 26 is 0.000004
TEPS for BFS 26 is 1431.98 cyrus 2048
Running BFS 27
Time for BFS 27 is 0.375810
Validating BFS 27
Validate time for BFS 27 is 0.000003
TEPS for BFS 27 is 5449.56 cyrus 2048
Running BFS 28
Time for BFS 28 is 0.898998
Validating BFS 28
Validate time for BFS 28 is 0.000003
TEPS for BFS 28 is 2278.09 cyrus 2048
Running BFS 29
Time for BFS 29 is 0.455804
Validating BFS 29
Validate time for BFS 29 is 0.000004
TEPS for BFS 29 is 4493.16 cyrus 2048
Running BFS 30
Time for BFS 30 is 0.490857
Validating BFS 30
Validate time for BFS 30 is 0.000004
TEPS for BFS 30 is 4172.3 cyrus 2048
Running BFS 31
Time for BFS 31 is 1.459411
Validating BFS 31
Validate time for BFS 31 is 0.000003
TEPS for BFS 31 is 1403.31 cyrus 2048
Running BFS 32
Time for BFS 32 is 1.357340
Validating BFS 32
Validate time for BFS 32 is 0.000002
TEPS for BFS 32 is 1508.83 cyrus 2048
Running BFS 33
Time for BFS 33 is 0.354449
Validating BFS 33
Validate time for BFS 33 is 0.000003
TEPS for BFS 33 is 5777.99 cyrus 2048
Running BFS 34
Time for BFS 34 is 0.369715
Validating BFS 34
Validate time for BFS 34 is 0.000003
TEPS for BFS 34 is 5539.4 cyrus 2048
Running BFS 35
Time for BFS 35 is 0.380046
Validating BFS 35
Validate time for BFS 35 is 0.000003
TEPS for BFS 35 is 5388.82 cyrus 2048
Running BFS 36
Time for BFS 36 is 0.375279
Validating BFS 36
Validate time for BFS 36 is 0.000003
TEPS for BFS 36 is 5457.27 cyrus 2048
Running BFS 37
Time for BFS 37 is 0.415980
Validating BFS 37
Validate time for BFS 37 is 0.000003
TEPS for BFS 37 is 4923.31 cyrus 2048
Running BFS 38
Time for BFS 38 is 0.534881
Validating BFS 38
Validate time for BFS 38 is 0.000003
TEPS for BFS 38 is 3828.89 cyrus 2048
Running BFS 39
Time for BFS 39 is 0.388905
Validating BFS 39
Validate time for BFS 39 is 0.000005
TEPS for BFS 39 is 5266.07 cyrus 2048
Running BFS 40
Time for BFS 40 is 0.523055
Validating BFS 40
Validate time for BFS 40 is 0.000004
TEPS for BFS 40 is 3915.46 cyrus 2048
Running BFS 41
Time for BFS 41 is 0.376204
Validating BFS 41
Validate time for BFS 41 is 0.000004
TEPS for BFS 41 is 5443.85 cyrus 2048
Running BFS 42
Time for BFS 42 is 0.370478
Validating BFS 42
Validate time for BFS 42 is 0.000003
TEPS for BFS 42 is 5527.99 cyrus 2048
Running BFS 43
Time for BFS 43 is 0.380229
Validating BFS 43
Validate time for BFS 43 is 0.000003
TEPS for BFS 43 is 5386.23 cyrus 2048
Running BFS 44
Time for BFS 44 is 4.014159
Validating BFS 44
Validate time for BFS 44 is 0.000003
TEPS for BFS 44 is 510.194 cyrus 2048
Running BFS 45
Time for BFS 45 is 0.379585
Validating BFS 45
Validate time for BFS 45 is 0.000003
TEPS for BFS 45 is 5395.37 cyrus 2048
Running BFS 46
Time for BFS 46 is 0.397632
Validating BFS 46
Validate time for BFS 46 is 0.000002
TEPS for BFS 46 is 5150.49 cyrus 2048
Running BFS 47
Time for BFS 47 is 0.365194
Validating BFS 47
Validate time for BFS 47 is 0.000003
TEPS for BFS 47 is 5607.98 cyrus 2048
Running BFS 48
Time for BFS 48 is 0.379139
Validating BFS 48
Validate time for BFS 48 is 0.000003
TEPS for BFS 48 is 5401.71 cyrus 2048
Running BFS 49
Time for BFS 49 is 0.399138
Validating BFS 49
Validate time for BFS 49 is 0.000004
TEPS for BFS 49 is 5131.06 cyrus 2048
Running BFS 50
Time for BFS 50 is 0.398984
Validating BFS 50
Validate time for BFS 50 is 0.000004
TEPS for BFS 50 is 5133.04 cyrus 2048
Running BFS 51
Time for BFS 51 is 0.376670
Validating BFS 51
Validate time for BFS 51 is 0.000002
TEPS for BFS 51 is 5437.12 cyrus 2048
Running BFS 52
Time for BFS 52 is 0.383877
Validating BFS 52
Validate time for BFS 52 is 0.000003
TEPS for BFS 52 is 5335.04 cyrus 2048
Running BFS 53
Time for BFS 53 is 0.389718
Validating BFS 53
Validate time for BFS 53 is 0.000002
TEPS for BFS 53 is 5255.08 cyrus 2048
Running BFS 54
Time for BFS 54 is 1.240754
Validating BFS 54
Validate time for BFS 54 is 0.000002
TEPS for BFS 54 is 1650.61 cyrus 2048
Running BFS 55
Time for BFS 55 is 0.404290
Validating BFS 55
Validate time for BFS 55 is 0.000002
TEPS for BFS 55 is 5065.67 cyrus 2048
Running BFS 56
Time for BFS 56 is 0.271399
Validating BFS 56
Validate time for BFS 56 is 0.000003
TEPS for BFS 56 is 7546.08 cyrus 2048
Running BFS 57
Time for BFS 57 is 0.571956
Validating BFS 57
Validate time for BFS 57 is 0.000003
TEPS for BFS 57 is 3580.7 cyrus 2048
Running BFS 58
Time for BFS 58 is 0.489713
Validating BFS 58
Validate time for BFS 58 is 0.000004
TEPS for BFS 58 is 4182.04 cyrus 2048
Running BFS 59
Time for BFS 59 is 0.343049
Validating BFS 59
Validate time for BFS 59 is 0.000003
TEPS for BFS 59 is 5969.99 cyrus 2048
Running BFS 60
Time for BFS 60 is 0.379324
Validating BFS 60
Validate time for BFS 60 is 0.000003
TEPS for BFS 60 is 5399.08 cyrus 2048
Running BFS 61
Time for BFS 61 is 0.510186
Validating BFS 61
Validate time for BFS 61 is 0.000004
TEPS for BFS 61 is 4014.22 cyrus 2048
Running BFS 62
Time for BFS 62 is 0.350012
Validating BFS 62
Validate time for BFS 62 is 0.000003
TEPS for BFS 62 is 5851.23 cyrus 2048
Running BFS 63
Time for BFS 63 is 2.206831
Validating BFS 63
Validate time for BFS 63 is 0.000003
TEPS for BFS 63 is 928.028 cyrus 2048
SCALE:                          7
edgefactor:                     16
NBFS:                           64
graph_generation:               3.60933
num_mpi_processes:              128
construction_time:              1.565
min_time:                       0.271399
firstquartile_time:             0.373769
median_time:                    0.382927
thirdquartile_time:             0.508606
max_time:                       10.6315
mean_time:                      0.778881
stddev_time:                    1.40744
min_nedge:                      2048
firstquartile_nedge:            2048
median_nedge:                   2048
thirdquartile_nedge:            2048
max_nedge:                      2048
mean_nedge:                     2048
stddev_nedge:                   0
min_TEPS:                       192.635
firstquartile_TEPS:             4026.69
median_TEPS:                    5348.28
thirdquartile_TEPS:             5479.32
max_TEPS:                       7546.08
harmonic_mean_TEPS:             2629.41
harmonic_stddev_TEPS:           598.612
min_validate:                   1.90735e-06
firstquartile_validate:         2.86102e-06
median_validate:                3.09944e-06
thirdquartile_validate:         3.8147e-06
max_validate:                   5.00679e-06
mean_validate:                  3.241e-06
stddev_validate:                6.32537e-07
This benchmark was run on 128 MPI Processes, Scale 7, written output_128_7.log
