graph_generation:               51.952274 s
construction_time:              31.888038 s
Running BFS 0
Time for BFS 0 is 6.102897
Validating BFS 0
Validate time for BFS 0 is 0.000003
TEPS for BFS 0 is 2.19925e+07 cyrus 134217728
Running BFS 1
Time for BFS 1 is 7.489339
Validating BFS 1
Validate time for BFS 1 is 0.000004
TEPS for BFS 1 is 1.79212e+07 cyrus 134217728
Running BFS 2
Time for BFS 2 is 6.138585
Validating BFS 2
Validate time for BFS 2 is 0.000004
TEPS for BFS 2 is 2.18646e+07 cyrus 134217728
Running BFS 3
Time for BFS 3 is 6.818556
Validating BFS 3
Validate time for BFS 3 is 0.000005
TEPS for BFS 3 is 1.96842e+07 cyrus 134217728
Running BFS 4
Time for BFS 4 is 5.958825
Validating BFS 4
Validate time for BFS 4 is 0.000004
TEPS for BFS 4 is 2.25242e+07 cyrus 134217728
Running BFS 5
Time for BFS 5 is 4.808767
Validating BFS 5
Validate time for BFS 5 is 0.000003
TEPS for BFS 5 is 2.7911e+07 cyrus 134217728
Running BFS 6
Time for BFS 6 is 5.518751
Validating BFS 6
Validate time for BFS 6 is 0.000004
TEPS for BFS 6 is 2.43203e+07 cyrus 134217728
Running BFS 7
Time for BFS 7 is 5.908960
Validating BFS 7
Validate time for BFS 7 is 0.000004
TEPS for BFS 7 is 2.27143e+07 cyrus 134217728
Running BFS 8
Time for BFS 8 is 5.918811
Validating BFS 8
Validate time for BFS 8 is 0.000004
TEPS for BFS 8 is 2.26765e+07 cyrus 134217728
Running BFS 9
Time for BFS 9 is 7.669065
Validating BFS 9
Validate time for BFS 9 is 0.000002
TEPS for BFS 9 is 1.75012e+07 cyrus 134217728
Running BFS 10
Time for BFS 10 is 5.758824
Validating BFS 10
Validate time for BFS 10 is 0.000004
TEPS for BFS 10 is 2.33064e+07 cyrus 134217728
Running BFS 11
Time for BFS 11 is 5.738973
Validating BFS 11
Validate time for BFS 11 is 0.000005
TEPS for BFS 11 is 2.33871e+07 cyrus 134217728
Running BFS 12
Time for BFS 12 is 5.748907
Validating BFS 12
Validate time for BFS 12 is 0.000004
TEPS for BFS 12 is 2.33467e+07 cyrus 134217728
Running BFS 13
Time for BFS 13 is 5.988845
Validating BFS 13
Validate time for BFS 13 is 0.000004
TEPS for BFS 13 is 2.24113e+07 cyrus 134217728
Running BFS 14
Time for BFS 14 is 6.068970
Validating BFS 14
Validate time for BFS 14 is 0.000003
TEPS for BFS 14 is 2.21154e+07 cyrus 134217728
Running BFS 15
Time for BFS 15 is 7.199162
Validating BFS 15
Validate time for BFS 15 is 0.000004
TEPS for BFS 15 is 1.86435e+07 cyrus 134217728
Running BFS 16
Time for BFS 16 is 5.808888
Validating BFS 16
Validate time for BFS 16 is 0.000004
TEPS for BFS 16 is 2.31056e+07 cyrus 134217728
Running BFS 17
Time for BFS 17 is 5.528654
Validating BFS 17
Validate time for BFS 17 is 0.000004
TEPS for BFS 17 is 2.42767e+07 cyrus 134217728
Running BFS 18
Time for BFS 18 is 5.748972
Validating BFS 18
Validate time for BFS 18 is 0.000005
TEPS for BFS 18 is 2.33464e+07 cyrus 134217728
Running BFS 19
Time for BFS 19 is 6.929030
Validating BFS 19
Validate time for BFS 19 is 0.000004
TEPS for BFS 19 is 1.93703e+07 cyrus 134217728
Running BFS 20
Time for BFS 20 is 5.598865
Validating BFS 20
Validate time for BFS 20 is 0.000004
TEPS for BFS 20 is 2.39723e+07 cyrus 134217728
Running BFS 21
Time for BFS 21 is 7.099372
Validating BFS 21
Validate time for BFS 21 is 0.000004
TEPS for BFS 21 is 1.89056e+07 cyrus 134217728
Running BFS 22
Time for BFS 22 is 5.548811
Validating BFS 22
Validate time for BFS 22 is 0.000004
TEPS for BFS 22 is 2.41886e+07 cyrus 134217728
Running BFS 23
Time for BFS 23 is 5.618771
Validating BFS 23
Validate time for BFS 23 is 0.000004
TEPS for BFS 23 is 2.38874e+07 cyrus 134217728
Running BFS 24
Time for BFS 24 is 5.488761
Validating BFS 24
Validate time for BFS 24 is 0.000003
TEPS for BFS 24 is 2.44532e+07 cyrus 134217728
Running BFS 25
Time for BFS 25 is 5.778830
Validating BFS 25
Validate time for BFS 25 is 0.000005
TEPS for BFS 25 is 2.32258e+07 cyrus 134217728
Running BFS 26
Time for BFS 26 is 5.908895
Validating BFS 26
Validate time for BFS 26 is 0.000004
TEPS for BFS 26 is 2.27145e+07 cyrus 134217728
Running BFS 27
Time for BFS 27 is 4.838790
Validating BFS 27
Validate time for BFS 27 is 0.000006
TEPS for BFS 27 is 2.77379e+07 cyrus 134217728
Running BFS 28
Time for BFS 28 is 6.848795
Validating BFS 28
Validate time for BFS 28 is 0.000003
TEPS for BFS 28 is 1.95973e+07 cyrus 134217728
Running BFS 29
Time for BFS 29 is 5.698743
Validating BFS 29
Validate time for BFS 29 is 0.000002
TEPS for BFS 29 is 2.35522e+07 cyrus 134217728
Running BFS 30
Time for BFS 30 is 4.748739
Validating BFS 30
Validate time for BFS 30 is 0.000004
TEPS for BFS 30 is 2.82639e+07 cyrus 134217728
Running BFS 31
Time for BFS 31 is 5.828757
Validating BFS 31
Validate time for BFS 31 is 0.000004
TEPS for BFS 31 is 2.30268e+07 cyrus 134217728
Running BFS 32
Time for BFS 32 is 5.619035
Validating BFS 32
Validate time for BFS 32 is 0.000005
TEPS for BFS 32 is 2.38863e+07 cyrus 134217728
Running BFS 33
Time for BFS 33 is 5.818904
Validating BFS 33
Validate time for BFS 33 is 0.000004
TEPS for BFS 33 is 2.30658e+07 cyrus 134217728
Running BFS 34
Time for BFS 34 is 4.698595
Validating BFS 34
Validate time for BFS 34 is 0.000004
TEPS for BFS 34 is 2.85655e+07 cyrus 134217728
Running BFS 35
Time for BFS 35 is 6.059037
Validating BFS 35
Validate time for BFS 35 is 0.000002
TEPS for BFS 35 is 2.21517e+07 cyrus 134217728
Running BFS 36
Time for BFS 36 is 7.139184
Validating BFS 36
Validate time for BFS 36 is 0.000002
TEPS for BFS 36 is 1.88001e+07 cyrus 134217728
Running BFS 37
Time for BFS 37 is 5.918657
Validating BFS 37
Validate time for BFS 37 is 0.000004
TEPS for BFS 37 is 2.26771e+07 cyrus 134217728
Running BFS 38
Time for BFS 38 is 5.748931
Validating BFS 38
Validate time for BFS 38 is 0.000004
TEPS for BFS 38 is 2.33466e+07 cyrus 134217728
Running BFS 39
Time for BFS 39 is 7.009258
Validating BFS 39
Validate time for BFS 39 is 0.000002
TEPS for BFS 39 is 1.91486e+07 cyrus 134217728
Running BFS 40
Time for BFS 40 is 5.828893
Validating BFS 40
Validate time for BFS 40 is 0.000004
TEPS for BFS 40 is 2.30263e+07 cyrus 134217728
Running BFS 41
Time for BFS 41 is 5.978862
Validating BFS 41
Validate time for BFS 41 is 0.000004
TEPS for BFS 41 is 2.24487e+07 cyrus 134217728
Running BFS 42
Time for BFS 42 is 5.919000
Validating BFS 42
Validate time for BFS 42 is 0.000004
TEPS for BFS 42 is 2.26757e+07 cyrus 134217728
Running BFS 43
Time for BFS 43 is 6.088887
Validating BFS 43
Validate time for BFS 43 is 0.000003
TEPS for BFS 43 is 2.20431e+07 cyrus 134217728
Running BFS 44
Time for BFS 44 is 4.468587
Validating BFS 44
Validate time for BFS 44 is 0.000003
TEPS for BFS 44 is 3.00358e+07 cyrus 134217728
Running BFS 45
Time for BFS 45 is 6.268971
Validating BFS 45
Validate time for BFS 45 is 0.000004
TEPS for BFS 45 is 2.14098e+07 cyrus 134217728
Running BFS 46
Time for BFS 46 is 7.349225
Validating BFS 46
Validate time for BFS 46 is 0.000004
TEPS for BFS 46 is 1.82628e+07 cyrus 134217728
Running BFS 47
Time for BFS 47 is 7.069026
Validating BFS 47
Validate time for BFS 47 is 0.000002
TEPS for BFS 47 is 1.89867e+07 cyrus 134217728
Running BFS 48
Time for BFS 48 is 5.708775
Validating BFS 48
Validate time for BFS 48 is 0.000004
TEPS for BFS 48 is 2.35108e+07 cyrus 134217728
Running BFS 49
Time for BFS 49 is 6.008879
Validating BFS 49
Validate time for BFS 49 is 0.000003
TEPS for BFS 49 is 2.23366e+07 cyrus 134217728
Running BFS 50
Time for BFS 50 is 5.988879
Validating BFS 50
Validate time for BFS 50 is 0.000003
TEPS for BFS 50 is 2.24112e+07 cyrus 134217728
Running BFS 51
Time for BFS 51 is 5.908756
Validating BFS 51
Validate time for BFS 51 is 0.000004
TEPS for BFS 51 is 2.27151e+07 cyrus 134217728
Running BFS 52
Time for BFS 52 is 5.899143
Validating BFS 52
Validate time for BFS 52 is 0.000004
TEPS for BFS 52 is 2.27521e+07 cyrus 134217728
Running BFS 53
Time for BFS 53 is 5.848860
Validating BFS 53
Validate time for BFS 53 is 0.000003
TEPS for BFS 53 is 2.29477e+07 cyrus 134217728
Running BFS 54
Time for BFS 54 is 5.928777
Validating BFS 54
Validate time for BFS 54 is 0.000003
TEPS for BFS 54 is 2.26383e+07 cyrus 134217728
Running BFS 55
Time for BFS 55 is 5.808873
Validating BFS 55
Validate time for BFS 55 is 0.000004
TEPS for BFS 55 is 2.31056e+07 cyrus 134217728
Running BFS 56
Time for BFS 56 is 6.128769
Validating BFS 56
Validate time for BFS 56 is 0.000003
TEPS for BFS 56 is 2.18996e+07 cyrus 134217728
Running BFS 57
Time for BFS 57 is 6.088968
Validating BFS 57
Validate time for BFS 57 is 0.000002
TEPS for BFS 57 is 2.20428e+07 cyrus 134217728
Running BFS 58
Time for BFS 58 is 6.059312
Validating BFS 58
Validate time for BFS 58 is 0.000003
TEPS for BFS 58 is 2.21507e+07 cyrus 134217728
Running BFS 59
Time for BFS 59 is 6.058646
Validating BFS 59
Validate time for BFS 59 is 0.000003
TEPS for BFS 59 is 2.21531e+07 cyrus 134217728
Running BFS 60
Time for BFS 60 is 6.239033
Validating BFS 60
Validate time for BFS 60 is 0.000004
TEPS for BFS 60 is 2.15126e+07 cyrus 134217728
Running BFS 61
Time for BFS 61 is 5.818785
Validating BFS 61
Validate time for BFS 61 is 0.000004
TEPS for BFS 61 is 2.30663e+07 cyrus 134217728
Running BFS 62
Time for BFS 62 is 4.508796
Validating BFS 62
Validate time for BFS 62 is 0.000004
TEPS for BFS 62 is 2.9768e+07 cyrus 134217728
Running BFS 63
Time for BFS 63 is 5.828696
Validating BFS 63
Validate time for BFS 63 is 0.000004
TEPS for BFS 63 is 2.30271e+07 cyrus 134217728
SCALE:                          23
edgefactor:                     16
NBFS:                           64
graph_generation:               51.9523
num_mpi_processes:              32
construction_time:              31.888
min_time:                       4.46859
firstquartile_time:             5.74394
median_time:                    5.90893
thirdquartile_time:             6.09593
max_time:                       7.66906
mean_time:                      5.97926
stddev_time:                    0.668812
min_nedge:                      134217728
firstquartile_nedge:            134217728
median_nedge:                   134217728
thirdquartile_nedge:            134217728
max_nedge:                      134217728
mean_nedge:                     134217728
stddev_nedge:                   0
min_TEPS:                       1.75012e+07
firstquartile_TEPS:             2.20176e+07
median_TEPS:                    2.27144e+07
thirdquartile_TEPS:             2.33668e+07
max_TEPS:                       3.00358e+07
harmonic_mean_TEPS:             2.24472e+07
harmonic_stddev_TEPS:           316336
min_validate:                   1.90735e-06
firstquartile_validate:         3.09944e-06
median_validate:                4.05312e-06
thirdquartile_validate:         4.05312e-06
max_validate:                   5.96046e-06
mean_validate:                  3.67686e-06
stddev_validate:                8.24599e-07
This benchmark was run on 32 MPI Processes, Scale 23, written output_32_23.log
