graph_generation:               6.962385 s
construction_time:              0.718136 s
Running BFS 0
Time for BFS 0 is 2.077120
Validating BFS 0
Validate time for BFS 0 is 0.000003
TEPS for BFS 0 is 492.99 cyrus 1024
Running BFS 1
Time for BFS 1 is 0.262643
Validating BFS 1
Validate time for BFS 1 is 0.000004
TEPS for BFS 1 is 3898.83 cyrus 1024
Running BFS 2
Time for BFS 2 is 0.275270
Validating BFS 2
Validate time for BFS 2 is 0.000004
TEPS for BFS 2 is 3719.98 cyrus 1024
Running BFS 3
Time for BFS 3 is 0.372849
Validating BFS 3
Validate time for BFS 3 is 0.000003
TEPS for BFS 3 is 2746.42 cyrus 1024
Running BFS 4
Time for BFS 4 is 0.398978
Validating BFS 4
Validate time for BFS 4 is 0.000003
TEPS for BFS 4 is 2566.56 cyrus 1024
Running BFS 5
Time for BFS 5 is 0.430903
Validating BFS 5
Validate time for BFS 5 is 0.000003
TEPS for BFS 5 is 2376.41 cyrus 1024
Running BFS 6
Time for BFS 6 is 0.389539
Validating BFS 6
Validate time for BFS 6 is 0.000004
TEPS for BFS 6 is 2628.75 cyrus 1024
Running BFS 7
Time for BFS 7 is 0.399577
Validating BFS 7
Validate time for BFS 7 is 0.000004
TEPS for BFS 7 is 2562.71 cyrus 1024
Running BFS 8
Time for BFS 8 is 3.337029
Validating BFS 8
Validate time for BFS 8 is 0.000004
TEPS for BFS 8 is 306.86 cyrus 1024
Running BFS 9
Time for BFS 9 is 0.391579
Validating BFS 9
Validate time for BFS 9 is 0.000004
TEPS for BFS 9 is 2615.05 cyrus 1024
Running BFS 10
Time for BFS 10 is 0.463069
Validating BFS 10
Validate time for BFS 10 is 0.000003
TEPS for BFS 10 is 2211.33 cyrus 1024
Running BFS 11
Time for BFS 11 is 0.457766
Validating BFS 11
Validate time for BFS 11 is 0.000002
TEPS for BFS 11 is 2236.95 cyrus 1024
Running BFS 12
Time for BFS 12 is 0.393598
Validating BFS 12
Validate time for BFS 12 is 0.000005
TEPS for BFS 12 is 2601.64 cyrus 1024
Running BFS 13
Time for BFS 13 is 0.368935
Validating BFS 13
Validate time for BFS 13 is 0.000003
TEPS for BFS 13 is 2775.56 cyrus 1024
Running BFS 14
Time for BFS 14 is 0.369542
Validating BFS 14
Validate time for BFS 14 is 0.000002
TEPS for BFS 14 is 2771 cyrus 1024
Running BFS 15
Time for BFS 15 is 0.377274
Validating BFS 15
Validate time for BFS 15 is 0.000003
TEPS for BFS 15 is 2714.21 cyrus 1024
Running BFS 16
Time for BFS 16 is 0.359038
Validating BFS 16
Validate time for BFS 16 is 0.000002
TEPS for BFS 16 is 2852.07 cyrus 1024
Running BFS 17
Time for BFS 17 is 0.249211
Validating BFS 17
Validate time for BFS 17 is 0.000003
TEPS for BFS 17 is 4108.97 cyrus 1024
Running BFS 18
Time for BFS 18 is 0.409451
Validating BFS 18
Validate time for BFS 18 is 0.000003
TEPS for BFS 18 is 2500.91 cyrus 1024
Running BFS 19
Time for BFS 19 is 0.383904
Validating BFS 19
Validate time for BFS 19 is 0.000004
TEPS for BFS 19 is 2667.33 cyrus 1024
Running BFS 20
Time for BFS 20 is 0.387519
Validating BFS 20
Validate time for BFS 20 is 0.000004
TEPS for BFS 20 is 2642.45 cyrus 1024
Running BFS 21
Time for BFS 21 is 0.360022
Validating BFS 21
Validate time for BFS 21 is 0.000005
TEPS for BFS 21 is 2844.27 cyrus 1024
Running BFS 22
Time for BFS 22 is 0.375590
Validating BFS 22
Validate time for BFS 22 is 0.000004
TEPS for BFS 22 is 2726.38 cyrus 1024
Running BFS 23
Time for BFS 23 is 0.369088
Validating BFS 23
Validate time for BFS 23 is 0.000003
TEPS for BFS 23 is 2774.41 cyrus 1024
Running BFS 24
Time for BFS 24 is 1.219874
Validating BFS 24
Validate time for BFS 24 is 0.000004
TEPS for BFS 24 is 839.431 cyrus 1024
Running BFS 25
Time for BFS 25 is 0.381473
Validating BFS 25
Validate time for BFS 25 is 0.000003
TEPS for BFS 25 is 2684.33 cyrus 1024
Running BFS 26
Time for BFS 26 is 1.330000
Validating BFS 26
Validate time for BFS 26 is 0.000004
TEPS for BFS 26 is 769.925 cyrus 1024
Running BFS 27
Time for BFS 27 is 0.392008
Validating BFS 27
Validate time for BFS 27 is 0.000003
TEPS for BFS 27 is 2612.19 cyrus 1024
Running BFS 28
Time for BFS 28 is 0.368962
Validating BFS 28
Validate time for BFS 28 is 0.000002
TEPS for BFS 28 is 2775.35 cyrus 1024
Running BFS 29
Time for BFS 29 is 0.251459
Validating BFS 29
Validate time for BFS 29 is 0.000003
TEPS for BFS 29 is 4072.24 cyrus 1024
Running BFS 30
Time for BFS 30 is 0.402306
Validating BFS 30
Validate time for BFS 30 is 0.000003
TEPS for BFS 30 is 2545.33 cyrus 1024
Running BFS 31
Time for BFS 31 is 0.409390
Validating BFS 31
Validate time for BFS 31 is 0.000003
TEPS for BFS 31 is 2501.28 cyrus 1024
Running BFS 32
Time for BFS 32 is 0.378905
Validating BFS 32
Validate time for BFS 32 is 0.000003
TEPS for BFS 32 is 2702.52 cyrus 1024
Running BFS 33
Time for BFS 33 is 0.362016
Validating BFS 33
Validate time for BFS 33 is 0.000003
TEPS for BFS 33 is 2828.6 cyrus 1024
Running BFS 34
Time for BFS 34 is 0.350997
Validating BFS 34
Validate time for BFS 34 is 0.000003
TEPS for BFS 34 is 2917.4 cyrus 1024
Running BFS 35
Time for BFS 35 is 0.398907
Validating BFS 35
Validate time for BFS 35 is 0.000003
TEPS for BFS 35 is 2567.01 cyrus 1024
Running BFS 36
Time for BFS 36 is 0.392789
Validating BFS 36
Validate time for BFS 36 is 0.000005
TEPS for BFS 36 is 2607 cyrus 1024
Running BFS 37
Time for BFS 37 is 0.405612
Validating BFS 37
Validate time for BFS 37 is 0.000003
TEPS for BFS 37 is 2524.58 cyrus 1024
Running BFS 38
Time for BFS 38 is 0.381568
Validating BFS 38
Validate time for BFS 38 is 0.000003
TEPS for BFS 38 is 2683.66 cyrus 1024
Running BFS 39
Time for BFS 39 is 5.771619
Validating BFS 39
Validate time for BFS 39 is 0.000003
TEPS for BFS 39 is 177.42 cyrus 1024
Running BFS 40
Time for BFS 40 is 0.420785
Validating BFS 40
Validate time for BFS 40 is 0.000004
TEPS for BFS 40 is 2433.55 cyrus 1024
Running BFS 41
Time for BFS 41 is 0.375492
Validating BFS 41
Validate time for BFS 41 is 0.000003
TEPS for BFS 41 is 2727.09 cyrus 1024
Running BFS 42
Time for BFS 42 is 0.384195
Validating BFS 42
Validate time for BFS 42 is 0.000003
TEPS for BFS 42 is 2665.31 cyrus 1024
Running BFS 43
Time for BFS 43 is 0.387587
Validating BFS 43
Validate time for BFS 43 is 0.000003
TEPS for BFS 43 is 2641.99 cyrus 1024
Running BFS 44
Time for BFS 44 is 0.386041
Validating BFS 44
Validate time for BFS 44 is 0.000002
TEPS for BFS 44 is 2652.57 cyrus 1024
Running BFS 45
Time for BFS 45 is 0.368951
Validating BFS 45
Validate time for BFS 45 is 0.000002
TEPS for BFS 45 is 2775.44 cyrus 1024
Running BFS 46
Time for BFS 46 is 0.282680
Validating BFS 46
Validate time for BFS 46 is 0.000003
TEPS for BFS 46 is 3622.47 cyrus 1024
Running BFS 47
Time for BFS 47 is 0.398924
Validating BFS 47
Validate time for BFS 47 is 0.000005
TEPS for BFS 47 is 2566.91 cyrus 1024
Running BFS 48
Time for BFS 48 is 0.394432
Validating BFS 48
Validate time for BFS 48 is 0.000002
TEPS for BFS 48 is 2596.14 cyrus 1024
Running BFS 49
Time for BFS 49 is 0.366512
Validating BFS 49
Validate time for BFS 49 is 0.000004
TEPS for BFS 49 is 2793.91 cyrus 1024
Running BFS 50
Time for BFS 50 is 0.402493
Validating BFS 50
Validate time for BFS 50 is 0.000004
TEPS for BFS 50 is 2544.14 cyrus 1024
Running BFS 51
Time for BFS 51 is 0.374408
Validating BFS 51
Validate time for BFS 51 is 0.000003
TEPS for BFS 51 is 2734.98 cyrus 1024
Running BFS 52
Time for BFS 52 is 0.418112
Validating BFS 52
Validate time for BFS 52 is 0.000004
TEPS for BFS 52 is 2449.1 cyrus 1024
Running BFS 53
Time for BFS 53 is 0.379824
Validating BFS 53
Validate time for BFS 53 is 0.000003
TEPS for BFS 53 is 2695.99 cyrus 1024
Running BFS 54
Time for BFS 54 is 0.280515
Validating BFS 54
Validate time for BFS 54 is 0.000004
TEPS for BFS 54 is 3650.43 cyrus 1024
Running BFS 55
Time for BFS 55 is 0.400956
Validating BFS 55
Validate time for BFS 55 is 0.000003
TEPS for BFS 55 is 2553.9 cyrus 1024
Running BFS 56
Time for BFS 56 is 4.657523
Validating BFS 56
Validate time for BFS 56 is 0.000004
TEPS for BFS 56 is 219.859 cyrus 1024
Running BFS 57
Time for BFS 57 is 1.152421
Validating BFS 57
Validate time for BFS 57 is 0.000003
TEPS for BFS 57 is 888.564 cyrus 1024
Running BFS 58
Time for BFS 58 is 0.361366
Validating BFS 58
Validate time for BFS 58 is 0.000003
TEPS for BFS 58 is 2833.69 cyrus 1024
Running BFS 59
Time for BFS 59 is 0.393454
Validating BFS 59
Validate time for BFS 59 is 0.000003
TEPS for BFS 59 is 2602.59 cyrus 1024
Running BFS 60
Time for BFS 60 is 0.368808
Validating BFS 60
Validate time for BFS 60 is 0.000004
TEPS for BFS 60 is 2776.51 cyrus 1024
Running BFS 61
Time for BFS 61 is 0.394351
Validating BFS 61
Validate time for BFS 61 is 0.000005
TEPS for BFS 61 is 2596.67 cyrus 1024
Running BFS 62
Time for BFS 62 is 0.389236
Validating BFS 62
Validate time for BFS 62 is 0.000003
TEPS for BFS 62 is 2630.79 cyrus 1024
Running BFS 63
Time for BFS 63 is 0.269083
Validating BFS 63
Validate time for BFS 63 is 0.000004
TEPS for BFS 63 is 3805.52 cyrus 1024
SCALE:                          6
edgefactor:                     16
NBFS:                           64
graph_generation:               6.96239
num_mpi_processes:              128
construction_time:              0.718136
min_time:                       0.249211
firstquartile_time:             0.368956
median_time:                    0.387553
thirdquartile_time:             0.402399
max_time:                       5.77162
mean_time:                      0.638524
stddev_time:                    0.951499
min_nedge:                      1024
firstquartile_nedge:            1024
median_nedge:                   1024
thirdquartile_nedge:            1024
max_nedge:                      1024
mean_nedge:                     1024
stddev_nedge:                   0
min_TEPS:                       177.42
firstquartile_TEPS:             2544.74
median_TEPS:                    2642.22
thirdquartile_TEPS:             2775.4
max_TEPS:                       4108.97
harmonic_mean_TEPS:             1603.7
harmonic_stddev_TEPS:           301.081
min_validate:                   1.90735e-06
firstquartile_validate:         2.86102e-06
median_validate:                3.09944e-06
thirdquartile_validate:         4.05312e-06
max_validate:                   5.00679e-06
mean_validate:                  3.33786e-06
stddev_validate:                7.87887e-07
This benchmark was run on 128 MPI Processes, Scale 6, written output_128_6.log
