graph_generation:               7.726172 s
construction_time:              3.188619 s
Running BFS 0
Time for BFS 0 is 0.502344
Validating BFS 0
Validate time for BFS 0 is 0.000002
TEPS for BFS 0 is 2.08737e+06 cyrus 1048576
Running BFS 1
Time for BFS 1 is 0.509824
Validating BFS 1
Validate time for BFS 1 is 0.000004
TEPS for BFS 1 is 2.05674e+06 cyrus 1048576
Running BFS 2
Time for BFS 2 is 0.509964
Validating BFS 2
Validate time for BFS 2 is 0.000003
TEPS for BFS 2 is 2.05618e+06 cyrus 1048576
Running BFS 3
Time for BFS 3 is 0.590232
Validating BFS 3
Validate time for BFS 3 is 0.000003
TEPS for BFS 3 is 1.77655e+06 cyrus 1048576
Running BFS 4
Time for BFS 4 is 0.570008
Validating BFS 4
Validate time for BFS 4 is 0.000003
TEPS for BFS 4 is 1.83958e+06 cyrus 1048576
Running BFS 5
Time for BFS 5 is 0.559835
Validating BFS 5
Validate time for BFS 5 is 0.000002
TEPS for BFS 5 is 1.87301e+06 cyrus 1048576
Running BFS 6
Time for BFS 6 is 0.509867
Validating BFS 6
Validate time for BFS 6 is 0.000003
TEPS for BFS 6 is 2.05657e+06 cyrus 1048576
Running BFS 7
Time for BFS 7 is 0.619821
Validating BFS 7
Validate time for BFS 7 is 0.000002
TEPS for BFS 7 is 1.69174e+06 cyrus 1048576
Running BFS 8
Time for BFS 8 is 0.559996
Validating BFS 8
Validate time for BFS 8 is 0.000003
TEPS for BFS 8 is 1.87247e+06 cyrus 1048576
Running BFS 9
Time for BFS 9 is 0.539883
Validating BFS 9
Validate time for BFS 9 is 0.000003
TEPS for BFS 9 is 1.94223e+06 cyrus 1048576
Running BFS 10
Time for BFS 10 is 0.640115
Validating BFS 10
Validate time for BFS 10 is 0.000003
TEPS for BFS 10 is 1.63811e+06 cyrus 1048576
Running BFS 11
Time for BFS 11 is 0.559748
Validating BFS 11
Validate time for BFS 11 is 0.000004
TEPS for BFS 11 is 1.8733e+06 cyrus 1048576
Running BFS 12
Time for BFS 12 is 0.459818
Validating BFS 12
Validate time for BFS 12 is 0.000002
TEPS for BFS 12 is 2.28042e+06 cyrus 1048576
Running BFS 13
Time for BFS 13 is 0.559818
Validating BFS 13
Validate time for BFS 13 is 0.000003
TEPS for BFS 13 is 1.87307e+06 cyrus 1048576
Running BFS 14
Time for BFS 14 is 0.559818
Validating BFS 14
Validate time for BFS 14 is 0.000003
TEPS for BFS 14 is 1.87307e+06 cyrus 1048576
Running BFS 15
Time for BFS 15 is 0.559776
Validating BFS 15
Validate time for BFS 15 is 0.000003
TEPS for BFS 15 is 1.87321e+06 cyrus 1048576
Running BFS 16
Time for BFS 16 is 0.579811
Validating BFS 16
Validate time for BFS 16 is 0.000002
TEPS for BFS 16 is 1.80848e+06 cyrus 1048576
Running BFS 17
Time for BFS 17 is 0.640102
Validating BFS 17
Validate time for BFS 17 is 0.000003
TEPS for BFS 17 is 1.63814e+06 cyrus 1048576
Running BFS 18
Time for BFS 18 is 0.619903
Validating BFS 18
Validate time for BFS 18 is 0.000003
TEPS for BFS 18 is 1.69152e+06 cyrus 1048576
Running BFS 19
Time for BFS 19 is 0.649790
Validating BFS 19
Validate time for BFS 19 is 0.000003
TEPS for BFS 19 is 1.61372e+06 cyrus 1048576
Running BFS 20
Time for BFS 20 is 0.649776
Validating BFS 20
Validate time for BFS 20 is 0.000004
TEPS for BFS 20 is 1.61375e+06 cyrus 1048576
Running BFS 21
Time for BFS 21 is 0.619935
Validating BFS 21
Validate time for BFS 21 is 0.000003
TEPS for BFS 21 is 1.69143e+06 cyrus 1048576
Running BFS 22
Time for BFS 22 is 0.459701
Validating BFS 22
Validate time for BFS 22 is 0.000005
TEPS for BFS 22 is 2.281e+06 cyrus 1048576
Running BFS 23
Time for BFS 23 is 0.559818
Validating BFS 23
Validate time for BFS 23 is 0.000003
TEPS for BFS 23 is 1.87307e+06 cyrus 1048576
Running BFS 24
Time for BFS 24 is 0.550100
Validating BFS 24
Validate time for BFS 24 is 0.000002
TEPS for BFS 24 is 1.90615e+06 cyrus 1048576
Running BFS 25
Time for BFS 25 is 0.559836
Validating BFS 25
Validate time for BFS 25 is 0.000002
TEPS for BFS 25 is 1.87301e+06 cyrus 1048576
Running BFS 26
Time for BFS 26 is 0.559820
Validating BFS 26
Validate time for BFS 26 is 0.000002
TEPS for BFS 26 is 1.87306e+06 cyrus 1048576
Running BFS 27
Time for BFS 27 is 0.549874
Validating BFS 27
Validate time for BFS 27 is 0.000004
TEPS for BFS 27 is 1.90694e+06 cyrus 1048576
Running BFS 28
Time for BFS 28 is 0.519865
Validating BFS 28
Validate time for BFS 28 is 0.000003
TEPS for BFS 28 is 2.01702e+06 cyrus 1048576
Running BFS 29
Time for BFS 29 is 0.569708
Validating BFS 29
Validate time for BFS 29 is 0.000004
TEPS for BFS 29 is 1.84055e+06 cyrus 1048576
Running BFS 30
Time for BFS 30 is 0.669860
Validating BFS 30
Validate time for BFS 30 is 0.000002
TEPS for BFS 30 is 1.56537e+06 cyrus 1048576
Running BFS 31
Time for BFS 31 is 0.580190
Validating BFS 31
Validate time for BFS 31 is 0.000003
TEPS for BFS 31 is 1.8073e+06 cyrus 1048576
Running BFS 32
Time for BFS 32 is 0.639732
Validating BFS 32
Validate time for BFS 32 is 0.000004
TEPS for BFS 32 is 1.63909e+06 cyrus 1048576
Running BFS 33
Time for BFS 33 is 0.639835
Validating BFS 33
Validate time for BFS 33 is 0.000003
TEPS for BFS 33 is 1.63882e+06 cyrus 1048576
Running BFS 34
Time for BFS 34 is 0.559790
Validating BFS 34
Validate time for BFS 34 is 0.000003
TEPS for BFS 34 is 1.87316e+06 cyrus 1048576
Running BFS 35
Time for BFS 35 is 0.509880
Validating BFS 35
Validate time for BFS 35 is 0.000003
TEPS for BFS 35 is 2.05651e+06 cyrus 1048576
Running BFS 36
Time for BFS 36 is 0.519718
Validating BFS 36
Validate time for BFS 36 is 0.000004
TEPS for BFS 36 is 2.01759e+06 cyrus 1048576
Running BFS 37
Time for BFS 37 is 0.479869
Validating BFS 37
Validate time for BFS 37 is 0.000003
TEPS for BFS 37 is 2.18513e+06 cyrus 1048576
Running BFS 38
Time for BFS 38 is 0.390037
Validating BFS 38
Validate time for BFS 38 is 0.000002
TEPS for BFS 38 is 2.6884e+06 cyrus 1048576
Running BFS 39
Time for BFS 39 is 0.489786
Validating BFS 39
Validate time for BFS 39 is 0.000002
TEPS for BFS 39 is 2.14089e+06 cyrus 1048576
Running BFS 40
Time for BFS 40 is 0.489881
Validating BFS 40
Validate time for BFS 40 is 0.000004
TEPS for BFS 40 is 2.14047e+06 cyrus 1048576
Running BFS 41
Time for BFS 41 is 0.499798
Validating BFS 41
Validate time for BFS 41 is 0.000003
TEPS for BFS 41 is 2.098e+06 cyrus 1048576
Running BFS 42
Time for BFS 42 is 0.489747
Validating BFS 42
Validate time for BFS 42 is 0.000004
TEPS for BFS 42 is 2.14106e+06 cyrus 1048576
Running BFS 43
Time for BFS 43 is 0.499823
Validating BFS 43
Validate time for BFS 43 is 0.000002
TEPS for BFS 43 is 2.0979e+06 cyrus 1048576
Running BFS 44
Time for BFS 44 is 0.490059
Validating BFS 44
Validate time for BFS 44 is 0.000003
TEPS for BFS 44 is 2.13969e+06 cyrus 1048576
Running BFS 45
Time for BFS 45 is 0.489588
Validating BFS 45
Validate time for BFS 45 is 0.000003
TEPS for BFS 45 is 2.14175e+06 cyrus 1048576
Running BFS 46
Time for BFS 46 is 0.490057
Validating BFS 46
Validate time for BFS 46 is 0.000002
TEPS for BFS 46 is 2.1397e+06 cyrus 1048576
Running BFS 47
Time for BFS 47 is 0.489823
Validating BFS 47
Validate time for BFS 47 is 0.000002
TEPS for BFS 47 is 2.14072e+06 cyrus 1048576
Running BFS 48
Time for BFS 48 is 0.519772
Validating BFS 48
Validate time for BFS 48 is 0.000004
TEPS for BFS 48 is 2.01738e+06 cyrus 1048576
Running BFS 49
Time for BFS 49 is 0.519875
Validating BFS 49
Validate time for BFS 49 is 0.000003
TEPS for BFS 49 is 2.01698e+06 cyrus 1048576
Running BFS 50
Time for BFS 50 is 0.559774
Validating BFS 50
Validate time for BFS 50 is 0.000004
TEPS for BFS 50 is 1.87321e+06 cyrus 1048576
Running BFS 51
Time for BFS 51 is 0.549842
Validating BFS 51
Validate time for BFS 51 is 0.000002
TEPS for BFS 51 is 1.90705e+06 cyrus 1048576
Running BFS 52
Time for BFS 52 is 0.539668
Validating BFS 52
Validate time for BFS 52 is 0.000004
TEPS for BFS 52 is 1.943e+06 cyrus 1048576
Running BFS 53
Time for BFS 53 is 0.499815
Validating BFS 53
Validate time for BFS 53 is 0.000003
TEPS for BFS 53 is 2.09793e+06 cyrus 1048576
Running BFS 54
Time for BFS 54 is 0.390142
Validating BFS 54
Validate time for BFS 54 is 0.000003
TEPS for BFS 54 is 2.68768e+06 cyrus 1048576
Running BFS 55
Time for BFS 55 is 0.529782
Validating BFS 55
Validate time for BFS 55 is 0.000002
TEPS for BFS 55 is 1.97926e+06 cyrus 1048576
Running BFS 56
Time for BFS 56 is 0.549798
Validating BFS 56
Validate time for BFS 56 is 0.000004
TEPS for BFS 56 is 1.9072e+06 cyrus 1048576
Running BFS 57
Time for BFS 57 is 0.479802
Validating BFS 57
Validate time for BFS 57 is 0.000003
TEPS for BFS 57 is 2.18544e+06 cyrus 1048576
Running BFS 58
Time for BFS 58 is 0.489798
Validating BFS 58
Validate time for BFS 58 is 0.000005
TEPS for BFS 58 is 2.14083e+06 cyrus 1048576
Running BFS 59
Time for BFS 59 is 0.409881
Validating BFS 59
Validate time for BFS 59 is 0.000003
TEPS for BFS 59 is 2.55825e+06 cyrus 1048576
Running BFS 60
Time for BFS 60 is 0.549768
Validating BFS 60
Validate time for BFS 60 is 0.000004
TEPS for BFS 60 is 1.90731e+06 cyrus 1048576
Running BFS 61
Time for BFS 61 is 0.469926
Validating BFS 61
Validate time for BFS 61 is 0.000002
TEPS for BFS 61 is 2.23136e+06 cyrus 1048576
Running BFS 62
Time for BFS 62 is 0.490092
Validating BFS 62
Validate time for BFS 62 is 0.000003
TEPS for BFS 62 is 2.13955e+06 cyrus 1048576
Running BFS 63
Time for BFS 63 is 0.499683
Validating BFS 63
Validate time for BFS 63 is 0.000002
TEPS for BFS 63 is 2.09848e+06 cyrus 1048576
SCALE:                          16
edgefactor:                     16
NBFS:                           64
graph_generation:               7.72617
num_mpi_processes:              32
construction_time:              3.18862
min_time:                       0.390037
firstquartile_time:             0.490076
median_time:                    0.539775
thirdquartile_time:             0.559916
max_time:                       0.66986
mean_time:                      0.536934
stddev_time:                    0.0610176
min_nedge:                      1048576
firstquartile_nedge:            1048576
median_nedge:                   1048576
thirdquartile_nedge:            1048576
max_nedge:                      1048576
mean_nedge:                     1048576
stddev_nedge:                   0
min_TEPS:                       1.56537e+06
firstquartile_TEPS:             1.87274e+06
median_TEPS:                    1.94262e+06
thirdquartile_TEPS:             2.13962e+06
max_TEPS:                       2.6884e+06
harmonic_mean_TEPS:             1.95289e+06
harmonic_stddev_TEPS:           27960.4
min_validate:                   1.90735e-06
firstquartile_validate:         2.14577e-06
median_validate:                3.09944e-06
thirdquartile_validate:         3.45707e-06
max_validate:                   5.00679e-06
mean_validate:                  2.98768e-06
stddev_validate:                8.01476e-07
This benchmark was run on 32 MPI Processes, Scale 16, written output_32_16.log
