graph_generation:               11.919240 s
construction_time:              3.315959 s
Running BFS 0
Time for BFS 0 is 0.676357
Validating BFS 0
Validate time for BFS 0 is 0.000005
TEPS for BFS 0 is 1.55033e+06 cyrus 1048576
Running BFS 1
Time for BFS 1 is 0.665798
Validating BFS 1
Validate time for BFS 1 is 0.000007
TEPS for BFS 1 is 1.57492e+06 cyrus 1048576
Running BFS 2
Time for BFS 2 is 0.602913
Validating BFS 2
Validate time for BFS 2 is 0.000007
TEPS for BFS 2 is 1.73918e+06 cyrus 1048576
Running BFS 3
Time for BFS 3 is 1.529099
Validating BFS 3
Validate time for BFS 3 is 0.000005
TEPS for BFS 3 is 685748 cyrus 1048576
Running BFS 4
Time for BFS 4 is 0.908894
Validating BFS 4
Validate time for BFS 4 is 0.000007
TEPS for BFS 4 is 1.15368e+06 cyrus 1048576
Running BFS 5
Time for BFS 5 is 0.594226
Validating BFS 5
Validate time for BFS 5 is 0.000005
TEPS for BFS 5 is 1.76461e+06 cyrus 1048576
Running BFS 6
Time for BFS 6 is 0.532803
Validating BFS 6
Validate time for BFS 6 is 0.000005
TEPS for BFS 6 is 1.96804e+06 cyrus 1048576
Running BFS 7
Time for BFS 7 is 0.639020
Validating BFS 7
Validate time for BFS 7 is 0.000006
TEPS for BFS 7 is 1.64091e+06 cyrus 1048576
Running BFS 8
Time for BFS 8 is 0.608489
Validating BFS 8
Validate time for BFS 8 is 0.000004
TEPS for BFS 8 is 1.72325e+06 cyrus 1048576
Running BFS 9
Time for BFS 9 is 0.562812
Validating BFS 9
Validate time for BFS 9 is 0.000005
TEPS for BFS 9 is 1.8631e+06 cyrus 1048576
Running BFS 10
Time for BFS 10 is 0.728697
Validating BFS 10
Validate time for BFS 10 is 0.000005
TEPS for BFS 10 is 1.43897e+06 cyrus 1048576
Running BFS 11
Time for BFS 11 is 1.114536
Validating BFS 11
Validate time for BFS 11 is 0.000005
TEPS for BFS 11 is 940818 cyrus 1048576
Running BFS 12
Time for BFS 12 is 0.468599
Validating BFS 12
Validate time for BFS 12 is 0.000004
TEPS for BFS 12 is 2.23768e+06 cyrus 1048576
Running BFS 13
Time for BFS 13 is 0.598724
Validating BFS 13
Validate time for BFS 13 is 0.000005
TEPS for BFS 13 is 1.75135e+06 cyrus 1048576
Running BFS 14
Time for BFS 14 is 0.578538
Validating BFS 14
Validate time for BFS 14 is 0.000006
TEPS for BFS 14 is 1.81246e+06 cyrus 1048576
Running BFS 15
Time for BFS 15 is 0.626289
Validating BFS 15
Validate time for BFS 15 is 0.000006
TEPS for BFS 15 is 1.67427e+06 cyrus 1048576
Running BFS 16
Time for BFS 16 is 0.632629
Validating BFS 16
Validate time for BFS 16 is 0.000006
TEPS for BFS 16 is 1.65749e+06 cyrus 1048576
Running BFS 17
Time for BFS 17 is 0.636078
Validating BFS 17
Validate time for BFS 17 is 0.000005
TEPS for BFS 17 is 1.6485e+06 cyrus 1048576
Running BFS 18
Time for BFS 18 is 0.620236
Validating BFS 18
Validate time for BFS 18 is 0.000004
TEPS for BFS 18 is 1.69061e+06 cyrus 1048576
Running BFS 19
Time for BFS 19 is 4.618011
Validating BFS 19
Validate time for BFS 19 is 0.000005
TEPS for BFS 19 is 227062 cyrus 1048576
Running BFS 20
Time for BFS 20 is 0.639852
Validating BFS 20
Validate time for BFS 20 is 0.000005
TEPS for BFS 20 is 1.63878e+06 cyrus 1048576
Running BFS 21
Time for BFS 21 is 4.854737
Validating BFS 21
Validate time for BFS 21 is 0.000005
TEPS for BFS 21 is 215990 cyrus 1048576
Running BFS 22
Time for BFS 22 is 0.484015
Validating BFS 22
Validate time for BFS 22 is 0.000006
TEPS for BFS 22 is 2.16641e+06 cyrus 1048576
Running BFS 23
Time for BFS 23 is 0.617525
Validating BFS 23
Validate time for BFS 23 is 0.000006
TEPS for BFS 23 is 1.69803e+06 cyrus 1048576
Running BFS 24
Time for BFS 24 is 0.620090
Validating BFS 24
Validate time for BFS 24 is 0.000006
TEPS for BFS 24 is 1.69101e+06 cyrus 1048576
Running BFS 25
Time for BFS 25 is 0.598913
Validating BFS 25
Validate time for BFS 25 is 0.000005
TEPS for BFS 25 is 1.7508e+06 cyrus 1048576
Running BFS 26
Time for BFS 26 is 0.608478
Validating BFS 26
Validate time for BFS 26 is 0.000004
TEPS for BFS 26 is 1.72328e+06 cyrus 1048576
Running BFS 27
Time for BFS 27 is 0.598579
Validating BFS 27
Validate time for BFS 27 is 0.000005
TEPS for BFS 27 is 1.75178e+06 cyrus 1048576
Running BFS 28
Time for BFS 28 is 0.822233
Validating BFS 28
Validate time for BFS 28 is 0.000005
TEPS for BFS 28 is 1.27528e+06 cyrus 1048576
Running BFS 29
Time for BFS 29 is 0.609734
Validating BFS 29
Validate time for BFS 29 is 0.000005
TEPS for BFS 29 is 1.71973e+06 cyrus 1048576
Running BFS 30
Time for BFS 30 is 0.734166
Validating BFS 30
Validate time for BFS 30 is 0.000005
TEPS for BFS 30 is 1.42825e+06 cyrus 1048576
Running BFS 31
Time for BFS 31 is 0.626375
Validating BFS 31
Validate time for BFS 31 is 0.000005
TEPS for BFS 31 is 1.67404e+06 cyrus 1048576
Running BFS 32
Time for BFS 32 is 0.610946
Validating BFS 32
Validate time for BFS 32 is 0.000005
TEPS for BFS 32 is 1.71631e+06 cyrus 1048576
Running BFS 33
Time for BFS 33 is 0.568196
Validating BFS 33
Validate time for BFS 33 is 0.000005
TEPS for BFS 33 is 1.84545e+06 cyrus 1048576
Running BFS 34
Time for BFS 34 is 0.594676
Validating BFS 34
Validate time for BFS 34 is 0.000007
TEPS for BFS 34 is 1.76327e+06 cyrus 1048576
Running BFS 35
Time for BFS 35 is 0.594823
Validating BFS 35
Validate time for BFS 35 is 0.000004
TEPS for BFS 35 is 1.76284e+06 cyrus 1048576
Running BFS 36
Time for BFS 36 is 0.612482
Validating BFS 36
Validate time for BFS 36 is 0.000006
TEPS for BFS 36 is 1.71201e+06 cyrus 1048576
Running BFS 37
Time for BFS 37 is 0.633178
Validating BFS 37
Validate time for BFS 37 is 0.000005
TEPS for BFS 37 is 1.65605e+06 cyrus 1048576
Running BFS 38
Time for BFS 38 is 0.515379
Validating BFS 38
Validate time for BFS 38 is 0.000005
TEPS for BFS 38 is 2.03457e+06 cyrus 1048576
Running BFS 39
Time for BFS 39 is 0.644025
Validating BFS 39
Validate time for BFS 39 is 0.000005
TEPS for BFS 39 is 1.62816e+06 cyrus 1048576
Running BFS 40
Time for BFS 40 is 0.625734
Validating BFS 40
Validate time for BFS 40 is 0.000005
TEPS for BFS 40 is 1.67575e+06 cyrus 1048576
Running BFS 41
Time for BFS 41 is 0.761965
Validating BFS 41
Validate time for BFS 41 is 0.000005
TEPS for BFS 41 is 1.37615e+06 cyrus 1048576
Running BFS 42
Time for BFS 42 is 0.642244
Validating BFS 42
Validate time for BFS 42 is 0.000005
TEPS for BFS 42 is 1.63268e+06 cyrus 1048576
Running BFS 43
Time for BFS 43 is 0.599712
Validating BFS 43
Validate time for BFS 43 is 0.000006
TEPS for BFS 43 is 1.74847e+06 cyrus 1048576
Running BFS 44
Time for BFS 44 is 0.612176
Validating BFS 44
Validate time for BFS 44 is 0.000007
TEPS for BFS 44 is 1.71287e+06 cyrus 1048576
Running BFS 45
Time for BFS 45 is 0.627420
Validating BFS 45
Validate time for BFS 45 is 0.000006
TEPS for BFS 45 is 1.67125e+06 cyrus 1048576
Running BFS 46
Time for BFS 46 is 0.599908
Validating BFS 46
Validate time for BFS 46 is 0.000005
TEPS for BFS 46 is 1.74789e+06 cyrus 1048576
Running BFS 47
Time for BFS 47 is 0.599718
Validating BFS 47
Validate time for BFS 47 is 0.000005
TEPS for BFS 47 is 1.74845e+06 cyrus 1048576
Running BFS 48
Time for BFS 48 is 0.635848
Validating BFS 48
Validate time for BFS 48 is 0.000004
TEPS for BFS 48 is 1.6491e+06 cyrus 1048576
Running BFS 49
Time for BFS 49 is 0.613615
Validating BFS 49
Validate time for BFS 49 is 0.000005
TEPS for BFS 49 is 1.70885e+06 cyrus 1048576
Running BFS 50
Time for BFS 50 is 0.579691
Validating BFS 50
Validate time for BFS 50 is 0.000004
TEPS for BFS 50 is 1.80885e+06 cyrus 1048576
Running BFS 51
Time for BFS 51 is 0.594415
Validating BFS 51
Validate time for BFS 51 is 0.000006
TEPS for BFS 51 is 1.76405e+06 cyrus 1048576
Running BFS 52
Time for BFS 52 is 0.593423
Validating BFS 52
Validate time for BFS 52 is 0.000005
TEPS for BFS 52 is 1.767e+06 cyrus 1048576
Running BFS 53
Time for BFS 53 is 0.609063
Validating BFS 53
Validate time for BFS 53 is 0.000004
TEPS for BFS 53 is 1.72162e+06 cyrus 1048576
Running BFS 54
Time for BFS 54 is 0.519128
Validating BFS 54
Validate time for BFS 54 is 0.000005
TEPS for BFS 54 is 2.01988e+06 cyrus 1048576
Running BFS 55
Time for BFS 55 is 0.629391
Validating BFS 55
Validate time for BFS 55 is 0.000005
TEPS for BFS 55 is 1.66602e+06 cyrus 1048576
Running BFS 56
Time for BFS 56 is 0.570339
Validating BFS 56
Validate time for BFS 56 is 0.000005
TEPS for BFS 56 is 1.83851e+06 cyrus 1048576
Running BFS 57
Time for BFS 57 is 1.794094
Validating BFS 57
Validate time for BFS 57 is 0.000006
TEPS for BFS 57 is 584460 cyrus 1048576
Running BFS 58
Time for BFS 58 is 0.620027
Validating BFS 58
Validate time for BFS 58 is 0.000005
TEPS for BFS 58 is 1.69118e+06 cyrus 1048576
Running BFS 59
Time for BFS 59 is 0.509224
Validating BFS 59
Validate time for BFS 59 is 0.000007
TEPS for BFS 59 is 2.05916e+06 cyrus 1048576
Running BFS 60
Time for BFS 60 is 0.609612
Validating BFS 60
Validate time for BFS 60 is 0.000006
TEPS for BFS 60 is 1.72007e+06 cyrus 1048576
Running BFS 61
Time for BFS 61 is 1.192094
Validating BFS 61
Validate time for BFS 61 is 0.000006
TEPS for BFS 61 is 879608 cyrus 1048576
Running BFS 62
Time for BFS 62 is 0.618434
Validating BFS 62
Validate time for BFS 62 is 0.000006
TEPS for BFS 62 is 1.69553e+06 cyrus 1048576
Running BFS 63
Time for BFS 63 is 0.620028
Validating BFS 63
Validate time for BFS 63 is 0.000003
TEPS for BFS 63 is 1.69118e+06 cyrus 1048576
SCALE:                          16
edgefactor:                     16
NBFS:                           64
graph_generation:               11.9192
num_mpi_processes:              128
construction_time:              3.31596
min_time:                       0.468599
firstquartile_time:             0.596701
median_time:                    0.61557
thirdquartile_time:             0.639436
max_time:                       4.85474
mean_time:                      0.795445
stddev_time:                    0.745385
min_nedge:                      1048576
firstquartile_nedge:            1048576
median_nedge:                   1048576
thirdquartile_nedge:            1048576
max_nedge:                      1048576
mean_nedge:                     1048576
stddev_nedge:                   0
min_TEPS:                       215990
firstquartile_TEPS:             1.63985e+06
median_TEPS:                    1.70342e+06
thirdquartile_TEPS:             1.75729e+06
max_TEPS:                       2.23768e+06
harmonic_mean_TEPS:             1.31823e+06
harmonic_stddev_TEPS:           155629
min_validate:                   2.86102e-06
firstquartile_validate:         5.00679e-06
median_validate:                5.00679e-06
thirdquartile_validate:         5.96046e-06
max_validate:                   7.15256e-06
mean_validate:                  5.27874e-06
stddev_validate:                8.60016e-07
This benchmark was run on 128 MPI Processes, Scale 16, written output_128_16.log
