graph_generation:               3.417344 s
construction_time:              0.512411 s
Running BFS 0
Time for BFS 0 is 0.524445
Validating BFS 0
Validate time for BFS 0 is 0.000003
TEPS for BFS 0 is 249925 cyrus 131072
Running BFS 1
Time for BFS 1 is 0.439880
Validating BFS 1
Validate time for BFS 1 is 0.000003
TEPS for BFS 1 is 297972 cyrus 131072
Running BFS 2
Time for BFS 2 is 0.540556
Validating BFS 2
Validate time for BFS 2 is 0.000002
TEPS for BFS 2 is 242476 cyrus 131072
Running BFS 3
Time for BFS 3 is 0.510208
Validating BFS 3
Validate time for BFS 3 is 0.000002
TEPS for BFS 3 is 256899 cyrus 131072
Running BFS 4
Time for BFS 4 is 0.460010
Validating BFS 4
Validate time for BFS 4 is 0.000003
TEPS for BFS 4 is 284933 cyrus 131072
Running BFS 5
Time for BFS 5 is 0.459957
Validating BFS 5
Validate time for BFS 5 is 0.000002
TEPS for BFS 5 is 284966 cyrus 131072
Running BFS 6
Time for BFS 6 is 0.440182
Validating BFS 6
Validate time for BFS 6 is 0.000003
TEPS for BFS 6 is 297768 cyrus 131072
Running BFS 7
Time for BFS 7 is 0.459824
Validating BFS 7
Validate time for BFS 7 is 0.000003
TEPS for BFS 7 is 285048 cyrus 131072
Running BFS 8
Time for BFS 8 is 0.560079
Validating BFS 8
Validate time for BFS 8 is 0.000002
TEPS for BFS 8 is 234024 cyrus 131072
Running BFS 9
Time for BFS 9 is 0.559855
Validating BFS 9
Validate time for BFS 9 is 0.000003
TEPS for BFS 9 is 234118 cyrus 131072
Running BFS 10
Time for BFS 10 is 0.560197
Validating BFS 10
Validate time for BFS 10 is 0.000002
TEPS for BFS 10 is 233975 cyrus 131072
Running BFS 11
Time for BFS 11 is 0.520021
Validating BFS 11
Validate time for BFS 11 is 0.000002
TEPS for BFS 11 is 252051 cyrus 131072
Running BFS 12
Time for BFS 12 is 0.560363
Validating BFS 12
Validate time for BFS 12 is 0.000003
TEPS for BFS 12 is 233905 cyrus 131072
Running BFS 13
Time for BFS 13 is 0.450320
Validating BFS 13
Validate time for BFS 13 is 0.000004
TEPS for BFS 13 is 291064 cyrus 131072
Running BFS 14
Time for BFS 14 is 0.559971
Validating BFS 14
Validate time for BFS 14 is 0.000003
TEPS for BFS 14 is 234069 cyrus 131072
Running BFS 15
Time for BFS 15 is 0.549934
Validating BFS 15
Validate time for BFS 15 is 0.000002
TEPS for BFS 15 is 238341 cyrus 131072
Running BFS 16
Time for BFS 16 is 0.560141
Validating BFS 16
Validate time for BFS 16 is 0.000002
TEPS for BFS 16 is 233998 cyrus 131072
Running BFS 17
Time for BFS 17 is 0.459825
Validating BFS 17
Validate time for BFS 17 is 0.000002
TEPS for BFS 17 is 285048 cyrus 131072
Running BFS 18
Time for BFS 18 is 0.560190
Validating BFS 18
Validate time for BFS 18 is 0.000002
TEPS for BFS 18 is 233978 cyrus 131072
Running BFS 19
Time for BFS 19 is 0.449894
Validating BFS 19
Validate time for BFS 19 is 0.000002
TEPS for BFS 19 is 291340 cyrus 131072
Running BFS 20
Time for BFS 20 is 0.460069
Validating BFS 20
Validate time for BFS 20 is 0.000002
TEPS for BFS 20 is 284896 cyrus 131072
Running BFS 21
Time for BFS 21 is 0.530068
Validating BFS 21
Validate time for BFS 21 is 0.000003
TEPS for BFS 21 is 247274 cyrus 131072
Running BFS 22
Time for BFS 22 is 0.449880
Validating BFS 22
Validate time for BFS 22 is 0.000003
TEPS for BFS 22 is 291349 cyrus 131072
Running BFS 23
Time for BFS 23 is 0.559968
Validating BFS 23
Validate time for BFS 23 is 0.000002
TEPS for BFS 23 is 234071 cyrus 131072
Running BFS 24
Time for BFS 24 is 0.450004
Validating BFS 24
Validate time for BFS 24 is 0.000003
TEPS for BFS 24 is 291268 cyrus 131072
Running BFS 25
Time for BFS 25 is 0.459962
Validating BFS 25
Validate time for BFS 25 is 0.000002
TEPS for BFS 25 is 284963 cyrus 131072
Running BFS 26
Time for BFS 26 is 0.560035
Validating BFS 26
Validate time for BFS 26 is 0.000003
TEPS for BFS 26 is 234043 cyrus 131072
Running BFS 27
Time for BFS 27 is 0.560200
Validating BFS 27
Validate time for BFS 27 is 0.000002
TEPS for BFS 27 is 233974 cyrus 131072
Running BFS 28
Time for BFS 28 is 0.559846
Validating BFS 28
Validate time for BFS 28 is 0.000003
TEPS for BFS 28 is 234122 cyrus 131072
Running BFS 29
Time for BFS 29 is 0.560171
Validating BFS 29
Validate time for BFS 29 is 0.000003
TEPS for BFS 29 is 233986 cyrus 131072
Running BFS 30
Time for BFS 30 is 0.439923
Validating BFS 30
Validate time for BFS 30 is 0.000002
TEPS for BFS 30 is 297943 cyrus 131072
Running BFS 31
Time for BFS 31 is 0.460335
Validating BFS 31
Validate time for BFS 31 is 0.000003
TEPS for BFS 31 is 284732 cyrus 131072
Running BFS 32
Time for BFS 32 is 0.659755
Validating BFS 32
Validate time for BFS 32 is 0.000002
TEPS for BFS 32 is 198668 cyrus 131072
Running BFS 33
Time for BFS 33 is 0.570160
Validating BFS 33
Validate time for BFS 33 is 0.000003
TEPS for BFS 33 is 229886 cyrus 131072
Running BFS 34
Time for BFS 34 is 0.439857
Validating BFS 34
Validate time for BFS 34 is 0.000002
TEPS for BFS 34 is 297988 cyrus 131072
Running BFS 35
Time for BFS 35 is 0.470423
Validating BFS 35
Validate time for BFS 35 is 0.000002
TEPS for BFS 35 is 278626 cyrus 131072
Running BFS 36
Time for BFS 36 is 0.559923
Validating BFS 36
Validate time for BFS 36 is 0.000002
TEPS for BFS 36 is 234089 cyrus 131072
Running BFS 37
Time for BFS 37 is 0.450047
Validating BFS 37
Validate time for BFS 37 is 0.000002
TEPS for BFS 37 is 291241 cyrus 131072
Running BFS 38
Time for BFS 38 is 0.569830
Validating BFS 38
Validate time for BFS 38 is 0.000002
TEPS for BFS 38 is 230020 cyrus 131072
Running BFS 39
Time for BFS 39 is 0.550213
Validating BFS 39
Validate time for BFS 39 is 0.000002
TEPS for BFS 39 is 238220 cyrus 131072
Running BFS 40
Time for BFS 40 is 0.559972
Validating BFS 40
Validate time for BFS 40 is 0.000002
TEPS for BFS 40 is 234069 cyrus 131072
Running BFS 41
Time for BFS 41 is 0.560076
Validating BFS 41
Validate time for BFS 41 is 0.000003
TEPS for BFS 41 is 234025 cyrus 131072
Running BFS 42
Time for BFS 42 is 0.459967
Validating BFS 42
Validate time for BFS 42 is 0.000003
TEPS for BFS 42 is 284959 cyrus 131072
Running BFS 43
Time for BFS 43 is 0.530066
Validating BFS 43
Validate time for BFS 43 is 0.000002
TEPS for BFS 43 is 247275 cyrus 131072
Running BFS 44
Time for BFS 44 is 0.549897
Validating BFS 44
Validate time for BFS 44 is 0.000002
TEPS for BFS 44 is 238357 cyrus 131072
Running BFS 45
Time for BFS 45 is 0.400216
Validating BFS 45
Validate time for BFS 45 is 0.000003
TEPS for BFS 45 is 327503 cyrus 131072
Running BFS 46
Time for BFS 46 is 0.399932
Validating BFS 46
Validate time for BFS 46 is 0.000003
TEPS for BFS 46 is 327736 cyrus 131072
Running BFS 47
Time for BFS 47 is 0.390211
Validating BFS 47
Validate time for BFS 47 is 0.000002
TEPS for BFS 47 is 335900 cyrus 131072
Running BFS 48
Time for BFS 48 is 0.509756
Validating BFS 48
Validate time for BFS 48 is 0.000003
TEPS for BFS 48 is 257127 cyrus 131072
Running BFS 49
Time for BFS 49 is 0.430355
Validating BFS 49
Validate time for BFS 49 is 0.000003
TEPS for BFS 49 is 304567 cyrus 131072
Running BFS 50
Time for BFS 50 is 0.559991
Validating BFS 50
Validate time for BFS 50 is 0.000003
TEPS for BFS 50 is 234061 cyrus 131072
Running BFS 51
Time for BFS 51 is 0.520318
Validating BFS 51
Validate time for BFS 51 is 0.000002
TEPS for BFS 51 is 251907 cyrus 131072
Running BFS 52
Time for BFS 52 is 0.490256
Validating BFS 52
Validate time for BFS 52 is 0.000002
TEPS for BFS 52 is 267354 cyrus 131072
Running BFS 53
Time for BFS 53 is 0.480566
Validating BFS 53
Validate time for BFS 53 is 0.000002
TEPS for BFS 53 is 272745 cyrus 131072
Running BFS 54
Time for BFS 54 is 0.399981
Validating BFS 54
Validate time for BFS 54 is 0.000002
TEPS for BFS 54 is 327696 cyrus 131072
Running BFS 55
Time for BFS 55 is 0.470279
Validating BFS 55
Validate time for BFS 55 is 0.000003
TEPS for BFS 55 is 278711 cyrus 131072
Running BFS 56
Time for BFS 56 is 0.379716
Validating BFS 56
Validate time for BFS 56 is 0.000004
TEPS for BFS 56 is 345184 cyrus 131072
Running BFS 57
Time for BFS 57 is 0.479884
Validating BFS 57
Validate time for BFS 57 is 0.000003
TEPS for BFS 57 is 273133 cyrus 131072
Running BFS 58
Time for BFS 58 is 0.400116
Validating BFS 58
Validate time for BFS 58 is 0.000002
TEPS for BFS 58 is 327585 cyrus 131072
Running BFS 59
Time for BFS 59 is 0.489878
Validating BFS 59
Validate time for BFS 59 is 0.000002
TEPS for BFS 59 is 267561 cyrus 131072
Running BFS 60
Time for BFS 60 is 0.440087
Validating BFS 60
Validate time for BFS 60 is 0.000003
TEPS for BFS 60 is 297832 cyrus 131072
Running BFS 61
Time for BFS 61 is 0.620116
Validating BFS 61
Validate time for BFS 61 is 0.000002
TEPS for BFS 61 is 211367 cyrus 131072
Running BFS 62
Time for BFS 62 is 0.510395
Validating BFS 62
Validate time for BFS 62 is 0.000002
TEPS for BFS 62 is 256805 cyrus 131072
Running BFS 63
Time for BFS 63 is 0.721606
Validating BFS 63
Validate time for BFS 63 is 0.000002
TEPS for BFS 63 is 181639 cyrus 131072
SCALE:                          13
edgefactor:                     16
NBFS:                           64
graph_generation:               3.41734
num_mpi_processes:              32
construction_time:              0.512411
min_time:                       0.379716
firstquartile_time:             0.450184
median_time:                    0.509982
thirdquartile_time:             0.559971
max_time:                       0.721606
mean_time:                      0.504065
stddev_time:                    0.0673245
min_nedge:                      131072
firstquartile_nedge:            131072
median_nedge:                   131072
thirdquartile_nedge:            131072
max_nedge:                      131072
mean_nedge:                     131072
stddev_nedge:                   0
min_TEPS:                       181639
firstquartile_TEPS:             234069
median_TEPS:                    257013
thirdquartile_TEPS:             291152
max_TEPS:                       345184
harmonic_mean_TEPS:             260030
harmonic_stddev_TEPS:           4375.62
min_validate:                   1.90735e-06
firstquartile_validate:         1.90735e-06
median_validate:                2.14577e-06
thirdquartile_validate:         2.86102e-06
max_validate:                   4.05312e-06
mean_validate:                  2.47732e-06
stddev_validate:                5.46685e-07
This benchmark was run on 32 MPI Processes, Scale 13, written output_32_13.log
