graph_generation:               12.560759 s
construction_time:              6.315073 s
Running BFS 0
Time for BFS 0 is 0.548547
Validating BFS 0
Validate time for BFS 0 is 0.000003
TEPS for BFS 0 is 3.8231e+06 cyrus 2097152
Running BFS 1
Time for BFS 1 is 0.669860
Validating BFS 1
Validate time for BFS 1 is 0.000003
TEPS for BFS 1 is 3.13073e+06 cyrus 2097152
Running BFS 2
Time for BFS 2 is 0.549814
Validating BFS 2
Validate time for BFS 2 is 0.000004
TEPS for BFS 2 is 3.81429e+06 cyrus 2097152
Running BFS 3
Time for BFS 3 is 0.669962
Validating BFS 3
Validate time for BFS 3 is 0.000003
TEPS for BFS 3 is 3.13025e+06 cyrus 2097152
Running BFS 4
Time for BFS 4 is 0.569857
Validating BFS 4
Validate time for BFS 4 is 0.000002
TEPS for BFS 4 is 3.68014e+06 cyrus 2097152
Running BFS 5
Time for BFS 5 is 0.679767
Validating BFS 5
Validate time for BFS 5 is 0.000004
TEPS for BFS 5 is 3.0851e+06 cyrus 2097152
Running BFS 6
Time for BFS 6 is 0.559911
Validating BFS 6
Validate time for BFS 6 is 0.000003
TEPS for BFS 6 is 3.74551e+06 cyrus 2097152
Running BFS 7
Time for BFS 7 is 0.579708
Validating BFS 7
Validate time for BFS 7 is 0.000004
TEPS for BFS 7 is 3.6176e+06 cyrus 2097152
Running BFS 8
Time for BFS 8 is 0.549860
Validating BFS 8
Validate time for BFS 8 is 0.000003
TEPS for BFS 8 is 3.81397e+06 cyrus 2097152
Running BFS 9
Time for BFS 9 is 0.539797
Validating BFS 9
Validate time for BFS 9 is 0.000004
TEPS for BFS 9 is 3.88507e+06 cyrus 2097152
Running BFS 10
Time for BFS 10 is 0.519881
Validating BFS 10
Validate time for BFS 10 is 0.000002
TEPS for BFS 10 is 4.03391e+06 cyrus 2097152
Running BFS 11
Time for BFS 11 is 0.529985
Validating BFS 11
Validate time for BFS 11 is 0.000002
TEPS for BFS 11 is 3.957e+06 cyrus 2097152
Running BFS 12
Time for BFS 12 is 0.569740
Validating BFS 12
Validate time for BFS 12 is 0.000002
TEPS for BFS 12 is 3.68089e+06 cyrus 2097152
Running BFS 13
Time for BFS 13 is 0.559965
Validating BFS 13
Validate time for BFS 13 is 0.000002
TEPS for BFS 13 is 3.74515e+06 cyrus 2097152
Running BFS 14
Time for BFS 14 is 0.689752
Validating BFS 14
Validate time for BFS 14 is 0.000005
TEPS for BFS 14 is 3.04044e+06 cyrus 2097152
Running BFS 15
Time for BFS 15 is 0.549815
Validating BFS 15
Validate time for BFS 15 is 0.000003
TEPS for BFS 15 is 3.81429e+06 cyrus 2097152
Running BFS 16
Time for BFS 16 is 0.539852
Validating BFS 16
Validate time for BFS 16 is 0.000003
TEPS for BFS 16 is 3.88468e+06 cyrus 2097152
Running BFS 17
Time for BFS 17 is 0.529737
Validating BFS 17
Validate time for BFS 17 is 0.000003
TEPS for BFS 17 is 3.95886e+06 cyrus 2097152
Running BFS 18
Time for BFS 18 is 0.539850
Validating BFS 18
Validate time for BFS 18 is 0.000003
TEPS for BFS 18 is 3.88469e+06 cyrus 2097152
Running BFS 19
Time for BFS 19 is 0.559839
Validating BFS 19
Validate time for BFS 19 is 0.000004
TEPS for BFS 19 is 3.74599e+06 cyrus 2097152
Running BFS 20
Time for BFS 20 is 0.559897
Validating BFS 20
Validate time for BFS 20 is 0.000003
TEPS for BFS 20 is 3.7456e+06 cyrus 2097152
Running BFS 21
Time for BFS 21 is 0.509685
Validating BFS 21
Validate time for BFS 21 is 0.000004
TEPS for BFS 21 is 4.1146e+06 cyrus 2097152
Running BFS 22
Time for BFS 22 is 0.519877
Validating BFS 22
Validate time for BFS 22 is 0.000002
TEPS for BFS 22 is 4.03394e+06 cyrus 2097152
Running BFS 23
Time for BFS 23 is 0.529844
Validating BFS 23
Validate time for BFS 23 is 0.000004
TEPS for BFS 23 is 3.95806e+06 cyrus 2097152
Running BFS 24
Time for BFS 24 is 0.539780
Validating BFS 24
Validate time for BFS 24 is 0.000003
TEPS for BFS 24 is 3.8852e+06 cyrus 2097152
Running BFS 25
Time for BFS 25 is 0.559828
Validating BFS 25
Validate time for BFS 25 is 0.000004
TEPS for BFS 25 is 3.74607e+06 cyrus 2097152
Running BFS 26
Time for BFS 26 is 0.569854
Validating BFS 26
Validate time for BFS 26 is 0.000002
TEPS for BFS 26 is 3.68016e+06 cyrus 2097152
Running BFS 27
Time for BFS 27 is 0.559857
Validating BFS 27
Validate time for BFS 27 is 0.000002
TEPS for BFS 27 is 3.74587e+06 cyrus 2097152
Running BFS 28
Time for BFS 28 is 0.679820
Validating BFS 28
Validate time for BFS 28 is 0.000002
TEPS for BFS 28 is 3.08486e+06 cyrus 2097152
Running BFS 29
Time for BFS 29 is 0.559886
Validating BFS 29
Validate time for BFS 29 is 0.000003
TEPS for BFS 29 is 3.74568e+06 cyrus 2097152
Running BFS 30
Time for BFS 30 is 0.549828
Validating BFS 30
Validate time for BFS 30 is 0.000003
TEPS for BFS 30 is 3.8142e+06 cyrus 2097152
Running BFS 31
Time for BFS 31 is 0.520002
Validating BFS 31
Validate time for BFS 31 is 0.000003
TEPS for BFS 31 is 4.03297e+06 cyrus 2097152
Running BFS 32
Time for BFS 32 is 0.519744
Validating BFS 32
Validate time for BFS 32 is 0.000003
TEPS for BFS 32 is 4.03497e+06 cyrus 2097152
Running BFS 33
Time for BFS 33 is 0.529712
Validating BFS 33
Validate time for BFS 33 is 0.000003
TEPS for BFS 33 is 3.95904e+06 cyrus 2097152
Running BFS 34
Time for BFS 34 is 0.529899
Validating BFS 34
Validate time for BFS 34 is 0.000004
TEPS for BFS 34 is 3.95764e+06 cyrus 2097152
Running BFS 35
Time for BFS 35 is 0.519703
Validating BFS 35
Validate time for BFS 35 is 0.000003
TEPS for BFS 35 is 4.03529e+06 cyrus 2097152
Running BFS 36
Time for BFS 36 is 0.489817
Validating BFS 36
Validate time for BFS 36 is 0.000004
TEPS for BFS 36 is 4.2815e+06 cyrus 2097152
Running BFS 37
Time for BFS 37 is 0.499910
Validating BFS 37
Validate time for BFS 37 is 0.000002
TEPS for BFS 37 is 4.19506e+06 cyrus 2097152
Running BFS 38
Time for BFS 38 is 0.609747
Validating BFS 38
Validate time for BFS 38 is 0.000003
TEPS for BFS 38 is 3.43938e+06 cyrus 2097152
Running BFS 39
Time for BFS 39 is 0.539854
Validating BFS 39
Validate time for BFS 39 is 0.000002
TEPS for BFS 39 is 3.88466e+06 cyrus 2097152
Running BFS 40
Time for BFS 40 is 0.519834
Validating BFS 40
Validate time for BFS 40 is 0.000003
TEPS for BFS 40 is 4.03427e+06 cyrus 2097152
Running BFS 41
Time for BFS 41 is 0.609751
Validating BFS 41
Validate time for BFS 41 is 0.000004
TEPS for BFS 41 is 3.43936e+06 cyrus 2097152
Running BFS 42
Time for BFS 42 is 0.509897
Validating BFS 42
Validate time for BFS 42 is 0.000002
TEPS for BFS 42 is 4.11289e+06 cyrus 2097152
Running BFS 43
Time for BFS 43 is 0.599740
Validating BFS 43
Validate time for BFS 43 is 0.000005
TEPS for BFS 43 is 3.49677e+06 cyrus 2097152
Running BFS 44
Time for BFS 44 is 0.619901
Validating BFS 44
Validate time for BFS 44 is 0.000002
TEPS for BFS 44 is 3.38304e+06 cyrus 2097152
Running BFS 45
Time for BFS 45 is 0.499761
Validating BFS 45
Validate time for BFS 45 is 0.000004
TEPS for BFS 45 is 4.19631e+06 cyrus 2097152
Running BFS 46
Time for BFS 46 is 0.519868
Validating BFS 46
Validate time for BFS 46 is 0.000002
TEPS for BFS 46 is 4.03401e+06 cyrus 2097152
Running BFS 47
Time for BFS 47 is 0.539778
Validating BFS 47
Validate time for BFS 47 is 0.000004
TEPS for BFS 47 is 3.88521e+06 cyrus 2097152
Running BFS 48
Time for BFS 48 is 0.509973
Validating BFS 48
Validate time for BFS 48 is 0.000003
TEPS for BFS 48 is 4.11228e+06 cyrus 2097152
Running BFS 49
Time for BFS 49 is 0.519816
Validating BFS 49
Validate time for BFS 49 is 0.000003
TEPS for BFS 49 is 4.03441e+06 cyrus 2097152
Running BFS 50
Time for BFS 50 is 0.519844
Validating BFS 50
Validate time for BFS 50 is 0.000003
TEPS for BFS 50 is 4.0342e+06 cyrus 2097152
Running BFS 51
Time for BFS 51 is 0.559853
Validating BFS 51
Validate time for BFS 51 is 0.000002
TEPS for BFS 51 is 3.7459e+06 cyrus 2097152
Running BFS 52
Time for BFS 52 is 0.559766
Validating BFS 52
Validate time for BFS 52 is 0.000004
TEPS for BFS 52 is 3.74648e+06 cyrus 2097152
Running BFS 53
Time for BFS 53 is 0.559854
Validating BFS 53
Validate time for BFS 53 is 0.000003
TEPS for BFS 53 is 3.74589e+06 cyrus 2097152
Running BFS 54
Time for BFS 54 is 0.559765
Validating BFS 54
Validate time for BFS 54 is 0.000004
TEPS for BFS 54 is 3.74649e+06 cyrus 2097152
Running BFS 55
Time for BFS 55 is 0.569918
Validating BFS 55
Validate time for BFS 55 is 0.000003
TEPS for BFS 55 is 3.67974e+06 cyrus 2097152
Running BFS 56
Time for BFS 56 is 0.669778
Validating BFS 56
Validate time for BFS 56 is 0.000002
TEPS for BFS 56 is 3.13111e+06 cyrus 2097152
Running BFS 57
Time for BFS 57 is 0.679895
Validating BFS 57
Validate time for BFS 57 is 0.000003
TEPS for BFS 57 is 3.08452e+06 cyrus 2097152
Running BFS 58
Time for BFS 58 is 0.669833
Validating BFS 58
Validate time for BFS 58 is 0.000003
TEPS for BFS 58 is 3.13086e+06 cyrus 2097152
Running BFS 59
Time for BFS 59 is 0.559764
Validating BFS 59
Validate time for BFS 59 is 0.000004
TEPS for BFS 59 is 3.74649e+06 cyrus 2097152
Running BFS 60
Time for BFS 60 is 0.669882
Validating BFS 60
Validate time for BFS 60 is 0.000002
TEPS for BFS 60 is 3.13063e+06 cyrus 2097152
Running BFS 61
Time for BFS 61 is 0.559904
Validating BFS 61
Validate time for BFS 61 is 0.000003
TEPS for BFS 61 is 3.74556e+06 cyrus 2097152
Running BFS 62
Time for BFS 62 is 0.519730
Validating BFS 62
Validate time for BFS 62 is 0.000003
TEPS for BFS 62 is 4.03508e+06 cyrus 2097152
Running BFS 63
Time for BFS 63 is 0.659843
Validating BFS 63
Validate time for BFS 63 is 0.000003
TEPS for BFS 63 is 3.17826e+06 cyrus 2097152
SCALE:                          17
edgefactor:                     16
NBFS:                           64
graph_generation:               12.5608
num_mpi_processes:              32
construction_time:              6.31507
min_time:                       0.489817
firstquartile_time:             0.524857
median_time:                    0.554812
thirdquartile_time:             0.569887
max_time:                       0.689752
mean_time:                      0.565125
stddev_time:                    0.0538703
min_nedge:                      2097152
firstquartile_nedge:            2097152
median_nedge:                   2097152
thirdquartile_nedge:            2097152
max_nedge:                      2097152
mean_nedge:                     2097152
stddev_nedge:                   0
min_TEPS:                       3.04044e+06
firstquartile_TEPS:             3.67994e+06
median_TEPS:                    3.77993e+06
thirdquartile_TEPS:             3.99566e+06
max_TEPS:                       4.2815e+06
harmonic_mean_TEPS:             3.71095e+06
harmonic_stddev_TEPS:           44567.7
min_validate:                   1.90735e-06
firstquartile_validate:         2.14577e-06
median_validate:                2.98023e-06
thirdquartile_validate:         3.8147e-06
max_validate:                   5.00679e-06
mean_validate:                  3.03239e-06
stddev_validate:                8.24232e-07
This benchmark was run on 32 MPI Processes, Scale 17, written output_32_17.log
