graph_generation:               0.543264 s
construction_time:              0.190192 s
Running BFS 0
Time for BFS 0 is 0.249470
Validating BFS 0
Validate time for BFS 0 is 0.000002
TEPS for BFS 0 is 513.088 cyrus 128
Running BFS 1
Time for BFS 1 is 0.245051
Validating BFS 1
Validate time for BFS 1 is 0.000002
TEPS for BFS 1 is 522.34 cyrus 128
Running BFS 2
Time for BFS 2 is 0.244676
Validating BFS 2
Validate time for BFS 2 is 0.000002
TEPS for BFS 2 is 523.141 cyrus 128
Running BFS 3
Time for BFS 3 is 0.249817
Validating BFS 3
Validate time for BFS 3 is 0.000003
TEPS for BFS 3 is 512.375 cyrus 128
Running BFS 4
Time for BFS 4 is 0.159963
Validating BFS 4
Validate time for BFS 4 is 0.000004
TEPS for BFS 4 is 800.186 cyrus 128
Running BFS 5
Time for BFS 5 is 0.159899
Validating BFS 5
Validate time for BFS 5 is 0.000003
TEPS for BFS 5 is 800.504 cyrus 128
Running BFS 6
Time for BFS 6 is 0.269624
Validating BFS 6
Validate time for BFS 6 is 0.000004
TEPS for BFS 6 is 474.735 cyrus 128
Running BFS 7
Time for BFS 7 is 0.279925
Validating BFS 7
Validate time for BFS 7 is 0.000003
TEPS for BFS 7 is 457.266 cyrus 128
Running BFS 8
Time for BFS 8 is 0.950070
Validating BFS 8
Validate time for BFS 8 is 0.000003
TEPS for BFS 8 is 134.727 cyrus 128
Running BFS 9
Time for BFS 9 is 0.269896
Validating BFS 9
Validate time for BFS 9 is 0.000002
TEPS for BFS 9 is 474.257 cyrus 128
Running BFS 10
Time for BFS 10 is 0.289711
Validating BFS 10
Validate time for BFS 10 is 0.000004
TEPS for BFS 10 is 441.82 cyrus 128
Running BFS 11
Time for BFS 11 is 0.159877
Validating BFS 11
Validate time for BFS 11 is 0.000003
TEPS for BFS 11 is 800.615 cyrus 128
Running BFS 12
Time for BFS 12 is 0.260010
Validating BFS 12
Validate time for BFS 12 is 0.000004
TEPS for BFS 12 is 492.289 cyrus 128
Running BFS 13
Time for BFS 13 is 0.259843
Validating BFS 13
Validate time for BFS 13 is 0.000002
TEPS for BFS 13 is 492.605 cyrus 128
Running BFS 14
Time for BFS 14 is 0.249760
Validating BFS 14
Validate time for BFS 14 is 0.000004
TEPS for BFS 14 is 512.492 cyrus 128
Running BFS 15
Time for BFS 15 is 0.249768
Validating BFS 15
Validate time for BFS 15 is 0.000003
TEPS for BFS 15 is 512.476 cyrus 128
Running BFS 16
Time for BFS 16 is 0.244037
Validating BFS 16
Validate time for BFS 16 is 0.000003
TEPS for BFS 16 is 524.511 cyrus 128
Running BFS 17
Time for BFS 17 is 0.255902
Validating BFS 17
Validate time for BFS 17 is 0.000003
TEPS for BFS 17 is 500.192 cyrus 128
Running BFS 18
Time for BFS 18 is 0.230924
Validating BFS 18
Validate time for BFS 18 is 0.000005
TEPS for BFS 18 is 554.295 cyrus 128
Running BFS 19
Time for BFS 19 is 0.158628
Validating BFS 19
Validate time for BFS 19 is 0.000005
TEPS for BFS 19 is 806.919 cyrus 128
Running BFS 20
Time for BFS 20 is 0.279845
Validating BFS 20
Validate time for BFS 20 is 0.000002
TEPS for BFS 20 is 457.396 cyrus 128
Running BFS 21
Time for BFS 21 is 0.159801
Validating BFS 21
Validate time for BFS 21 is 0.000003
TEPS for BFS 21 is 800.996 cyrus 128
Running BFS 22
Time for BFS 22 is 0.239950
Validating BFS 22
Validate time for BFS 22 is 0.000004
TEPS for BFS 22 is 533.445 cyrus 128
Running BFS 23
Time for BFS 23 is 0.249727
Validating BFS 23
Validate time for BFS 23 is 0.000004
TEPS for BFS 23 is 512.56 cyrus 128
Running BFS 24
Time for BFS 24 is 0.239801
Validating BFS 24
Validate time for BFS 24 is 0.000003
TEPS for BFS 24 is 533.776 cyrus 128
Running BFS 25
Time for BFS 25 is 0.249907
Validating BFS 25
Validate time for BFS 25 is 0.000004
TEPS for BFS 25 is 512.191 cyrus 128
Running BFS 26
Time for BFS 26 is 0.239905
Validating BFS 26
Validate time for BFS 26 is 0.000004
TEPS for BFS 26 is 533.545 cyrus 128
Running BFS 27
Time for BFS 27 is 0.139801
Validating BFS 27
Validate time for BFS 27 is 0.000003
TEPS for BFS 27 is 915.587 cyrus 128
Running BFS 28
Time for BFS 28 is 0.249810
Validating BFS 28
Validate time for BFS 28 is 0.000004
TEPS for BFS 28 is 512.389 cyrus 128
Running BFS 29
Time for BFS 29 is 0.234308
Validating BFS 29
Validate time for BFS 29 is 0.000003
TEPS for BFS 29 is 546.289 cyrus 128
Running BFS 30
Time for BFS 30 is 0.245417
Validating BFS 30
Validate time for BFS 30 is 0.000004
TEPS for BFS 30 is 521.561 cyrus 128
Running BFS 31
Time for BFS 31 is 0.239915
Validating BFS 31
Validate time for BFS 31 is 0.000003
TEPS for BFS 31 is 533.523 cyrus 128
Running BFS 32
Time for BFS 32 is 0.249781
Validating BFS 32
Validate time for BFS 32 is 0.000003
TEPS for BFS 32 is 512.449 cyrus 128
Running BFS 33
Time for BFS 33 is 0.250087
Validating BFS 33
Validate time for BFS 33 is 0.000003
TEPS for BFS 33 is 511.822 cyrus 128
Running BFS 34
Time for BFS 34 is 0.239672
Validating BFS 34
Validate time for BFS 34 is 0.000004
TEPS for BFS 34 is 534.063 cyrus 128
Running BFS 35
Time for BFS 35 is 0.139886
Validating BFS 35
Validate time for BFS 35 is 0.000003
TEPS for BFS 35 is 915.031 cyrus 128
Running BFS 36
Time for BFS 36 is 0.139786
Validating BFS 36
Validate time for BFS 36 is 0.000003
TEPS for BFS 36 is 915.685 cyrus 128
Running BFS 37
Time for BFS 37 is 0.249950
Validating BFS 37
Validate time for BFS 37 is 0.000004
TEPS for BFS 37 is 512.103 cyrus 128
Running BFS 38
Time for BFS 38 is 0.239761
Validating BFS 38
Validate time for BFS 38 is 0.000003
TEPS for BFS 38 is 533.865 cyrus 128
Running BFS 39
Time for BFS 39 is 1.810213
Validating BFS 39
Validate time for BFS 39 is 0.000003
TEPS for BFS 39 is 70.7099 cyrus 128
Running BFS 40
Time for BFS 40 is 0.239881
Validating BFS 40
Validate time for BFS 40 is 0.000003
TEPS for BFS 40 is 533.598 cyrus 128
Running BFS 41
Time for BFS 41 is 0.145329
Validating BFS 41
Validate time for BFS 41 is 0.000004
TEPS for BFS 41 is 880.76 cyrus 128
Running BFS 42
Time for BFS 42 is 0.274419
Validating BFS 42
Validate time for BFS 42 is 0.000003
TEPS for BFS 42 is 466.44 cyrus 128
Running BFS 43
Time for BFS 43 is 0.159789
Validating BFS 43
Validate time for BFS 43 is 0.000003
TEPS for BFS 43 is 801.056 cyrus 128
Running BFS 44
Time for BFS 44 is 0.253204
Validating BFS 44
Validate time for BFS 44 is 0.000004
TEPS for BFS 44 is 505.522 cyrus 128
Running BFS 45
Time for BFS 45 is 1.809205
Validating BFS 45
Validate time for BFS 45 is 0.000003
TEPS for BFS 45 is 70.7493 cyrus 128
Running BFS 46
Time for BFS 46 is 0.249256
Validating BFS 46
Validate time for BFS 46 is 0.000003
TEPS for BFS 46 is 513.528 cyrus 128
Running BFS 47
Time for BFS 47 is 0.249073
Validating BFS 47
Validate time for BFS 47 is 0.000006
TEPS for BFS 47 is 513.906 cyrus 128
Running BFS 48
Time for BFS 48 is 0.249135
Validating BFS 48
Validate time for BFS 48 is 0.000003
TEPS for BFS 48 is 513.778 cyrus 128
Running BFS 49
Time for BFS 49 is 0.249438
Validating BFS 49
Validate time for BFS 49 is 0.000004
TEPS for BFS 49 is 513.153 cyrus 128
Running BFS 50
Time for BFS 50 is 0.249865
Validating BFS 50
Validate time for BFS 50 is 0.000003
TEPS for BFS 50 is 512.277 cyrus 128
Running BFS 51
Time for BFS 51 is 0.139821
Validating BFS 51
Validate time for BFS 51 is 0.000003
TEPS for BFS 51 is 915.456 cyrus 128
Running BFS 52
Time for BFS 52 is 0.239909
Validating BFS 52
Validate time for BFS 52 is 0.000003
TEPS for BFS 52 is 533.535 cyrus 128
Running BFS 53
Time for BFS 53 is 0.249809
Validating BFS 53
Validate time for BFS 53 is 0.000004
TEPS for BFS 53 is 512.391 cyrus 128
Running BFS 54
Time for BFS 54 is 0.239804
Validating BFS 54
Validate time for BFS 54 is 0.000003
TEPS for BFS 54 is 533.769 cyrus 128
Running BFS 55
Time for BFS 55 is 0.249875
Validating BFS 55
Validate time for BFS 55 is 0.000003
TEPS for BFS 55 is 512.256 cyrus 128
Running BFS 56
Time for BFS 56 is 0.239904
Validating BFS 56
Validate time for BFS 56 is 0.000003
TEPS for BFS 56 is 533.547 cyrus 128
Running BFS 57
Time for BFS 57 is 0.139804
Validating BFS 57
Validate time for BFS 57 is 0.000004
TEPS for BFS 57 is 915.567 cyrus 128
Running BFS 58
Time for BFS 58 is 0.243200
Validating BFS 58
Validate time for BFS 58 is 0.000004
TEPS for BFS 58 is 526.316 cyrus 128
Running BFS 59
Time for BFS 59 is 0.139196
Validating BFS 59
Validate time for BFS 59 is 0.000004
TEPS for BFS 59 is 919.566 cyrus 128
Running BFS 60
Time for BFS 60 is 0.239243
Validating BFS 60
Validate time for BFS 60 is 0.000004
TEPS for BFS 60 is 535.021 cyrus 128
Running BFS 61
Time for BFS 61 is 0.139116
Validating BFS 61
Validate time for BFS 61 is 0.000004
TEPS for BFS 61 is 920.095 cyrus 128
Running BFS 62
Time for BFS 62 is 0.139076
Validating BFS 62
Validate time for BFS 62 is 0.000003
TEPS for BFS 62 is 920.36 cyrus 128
Running BFS 63
Time for BFS 63 is 0.249172
Validating BFS 63
Validate time for BFS 63 is 0.000004
TEPS for BFS 63 is 513.701 cyrus 128
SCALE:                          3
edgefactor:                     16
NBFS:                           64
graph_generation:               0.543264
num_mpi_processes:              64
construction_time:              0.190192
min_time:                       0.139076
firstquartile_time:             0.232616
median_time:                    0.245234
thirdquartile_time:             0.249891
max_time:                       1.81021
mean_time:                      0.285948
stddev_time:                    0.293776
min_nedge:                      128
firstquartile_nedge:            128
median_nedge:                   128
thirdquartile_nedge:            128
max_nedge:                      128
mean_nedge:                     128
stddev_nedge:                   0
min_TEPS:                       70.7099
firstquartile_TEPS:             512.223
median_TEPS:                    521.95
thirdquartile_TEPS:             550.263
max_TEPS:                       920.36
harmonic_mean_TEPS:             447.633
harmonic_stddev_TEPS:           57.9403
min_validate:                   1.90735e-06
firstquartile_validate:         2.86102e-06
median_validate:                3.09944e-06
thirdquartile_validate:         4.05312e-06
max_validate:                   5.96046e-06
mean_validate:                  3.35649e-06
stddev_validate:                7.83644e-07
This benchmark was run on 64 MPI Processes, Scale 3, written output_64_3.log
