graph_generation:               53.845170 s
construction_time:              35.962402 s
Running BFS 0
Time for BFS 0 is 15.858250
Validating BFS 0
Validate time for BFS 0 is 0.000001
TEPS for BFS 0 is 1.69272e+07 cyrus 268435456
Running BFS 1
Time for BFS 1 is 17.854985
Validating BFS 1
Validate time for BFS 1 is 0.000002
TEPS for BFS 1 is 1.50342e+07 cyrus 268435456
Running BFS 2
Time for BFS 2 is 14.809150
Validating BFS 2
Validate time for BFS 2 is 0.000001
TEPS for BFS 2 is 1.81263e+07 cyrus 268435456
Running BFS 3
Time for BFS 3 is 15.318161
Validating BFS 3
Validate time for BFS 3 is 0.000001
TEPS for BFS 3 is 1.7524e+07 cyrus 268435456
Running BFS 4
Time for BFS 4 is 14.138452
Validating BFS 4
Validate time for BFS 4 is 0.000002
TEPS for BFS 4 is 1.89862e+07 cyrus 268435456
Running BFS 5
Time for BFS 5 is 15.254592
Validating BFS 5
Validate time for BFS 5 is 0.000002
TEPS for BFS 5 is 1.7597e+07 cyrus 268435456
Running BFS 6
Time for BFS 6 is 16.812597
Validating BFS 6
Validate time for BFS 6 is 0.000001
TEPS for BFS 6 is 1.59663e+07 cyrus 268435456
Running BFS 7
Time for BFS 7 is 14.758468
Validating BFS 7
Validate time for BFS 7 is 0.000001
TEPS for BFS 7 is 1.81886e+07 cyrus 268435456
Running BFS 8
Time for BFS 8 is 16.118708
Validating BFS 8
Validate time for BFS 8 is 0.000002
TEPS for BFS 8 is 1.66537e+07 cyrus 268435456
Running BFS 9
Time for BFS 9 is 19.539038
Validating BFS 9
Validate time for BFS 9 is 0.000002
TEPS for BFS 9 is 1.37384e+07 cyrus 268435456
Running BFS 10
Time for BFS 10 is 13.748491
Validating BFS 10
Validate time for BFS 10 is 0.000002
TEPS for BFS 10 is 1.95247e+07 cyrus 268435456
Running BFS 11
Time for BFS 11 is 13.865081
Validating BFS 11
Validate time for BFS 11 is 0.000001
TEPS for BFS 11 is 1.93605e+07 cyrus 268435456
Running BFS 12
Time for BFS 12 is 14.637018
Validating BFS 12
Validate time for BFS 12 is 0.000002
TEPS for BFS 12 is 1.83395e+07 cyrus 268435456
Running BFS 13
Time for BFS 13 is 15.347256
Validating BFS 13
Validate time for BFS 13 is 0.000002
TEPS for BFS 13 is 1.74908e+07 cyrus 268435456
Running BFS 14
Time for BFS 14 is 13.974985
Validating BFS 14
Validate time for BFS 14 is 0.000002
TEPS for BFS 14 is 1.92083e+07 cyrus 268435456
Running BFS 15
Time for BFS 15 is 14.758610
Validating BFS 15
Validate time for BFS 15 is 0.000002
TEPS for BFS 15 is 1.81884e+07 cyrus 268435456
Running BFS 16
Time for BFS 16 is 15.998832
Validating BFS 16
Validate time for BFS 16 is 0.000001
TEPS for BFS 16 is 1.67784e+07 cyrus 268435456
Running BFS 17
Time for BFS 17 is 12.178258
Validating BFS 17
Validate time for BFS 17 is 0.000001
TEPS for BFS 17 is 2.20422e+07 cyrus 268435456
Running BFS 18
Time for BFS 18 is 13.958567
Validating BFS 18
Validate time for BFS 18 is 0.000002
TEPS for BFS 18 is 1.92309e+07 cyrus 268435456
Running BFS 19
Time for BFS 19 is 14.858664
Validating BFS 19
Validate time for BFS 19 is 0.000002
TEPS for BFS 19 is 1.80659e+07 cyrus 268435456
Running BFS 20
Time for BFS 20 is 12.298167
Validating BFS 20
Validate time for BFS 20 is 0.000001
TEPS for BFS 20 is 2.18273e+07 cyrus 268435456
Running BFS 21
Time for BFS 21 is 13.910444
Validating BFS 21
Validate time for BFS 21 is 0.000001
TEPS for BFS 21 is 1.92974e+07 cyrus 268435456
Running BFS 22
Time for BFS 22 is 14.376512
Validating BFS 22
Validate time for BFS 22 is 0.000002
TEPS for BFS 22 is 1.86718e+07 cyrus 268435456
Running BFS 23
Time for BFS 23 is 12.518315
Validating BFS 23
Validate time for BFS 23 is 0.000001
TEPS for BFS 23 is 2.14434e+07 cyrus 268435456
Running BFS 24
Time for BFS 24 is 11.365893
Validating BFS 24
Validate time for BFS 24 is 0.000002
TEPS for BFS 24 is 2.36176e+07 cyrus 268435456
Running BFS 25
Time for BFS 25 is 13.220470
Validating BFS 25
Validate time for BFS 25 is 0.000002
TEPS for BFS 25 is 2.03045e+07 cyrus 268435456
Running BFS 26
Time for BFS 26 is 14.883740
Validating BFS 26
Validate time for BFS 26 is 0.000001
TEPS for BFS 26 is 1.80355e+07 cyrus 268435456
Running BFS 27
Time for BFS 27 is 14.853611
Validating BFS 27
Validate time for BFS 27 is 0.000001
TEPS for BFS 27 is 1.80721e+07 cyrus 268435456
Running BFS 28
Time for BFS 28 is 14.868683
Validating BFS 28
Validate time for BFS 28 is 0.000002
TEPS for BFS 28 is 1.80537e+07 cyrus 268435456
Running BFS 29
Time for BFS 29 is 14.368215
Validating BFS 29
Validate time for BFS 29 is 0.000001
TEPS for BFS 29 is 1.86826e+07 cyrus 268435456
Running BFS 30
Time for BFS 30 is 16.298569
Validating BFS 30
Validate time for BFS 30 is 0.000001
TEPS for BFS 30 is 1.64699e+07 cyrus 268435456
Running BFS 31
Time for BFS 31 is 15.738536
Validating BFS 31
Validate time for BFS 31 is 0.000001
TEPS for BFS 31 is 1.70559e+07 cyrus 268435456
Running BFS 32
Time for BFS 32 is 16.154668
Validating BFS 32
Validate time for BFS 32 is 0.000002
TEPS for BFS 32 is 1.66166e+07 cyrus 268435456
Running BFS 33
Time for BFS 33 is 15.232585
Validating BFS 33
Validate time for BFS 33 is 0.000001
TEPS for BFS 33 is 1.76224e+07 cyrus 268435456
Running BFS 34
Time for BFS 34 is 13.878159
Validating BFS 34
Validate time for BFS 34 is 0.000001
TEPS for BFS 34 is 1.93423e+07 cyrus 268435456
Running BFS 35
Time for BFS 35 is 15.747561
Validating BFS 35
Validate time for BFS 35 is 0.000002
TEPS for BFS 35 is 1.70462e+07 cyrus 268435456
Running BFS 36
Time for BFS 36 is 12.796993
Validating BFS 36
Validate time for BFS 36 is 0.000002
TEPS for BFS 36 is 2.09764e+07 cyrus 268435456
Running BFS 37
Time for BFS 37 is 14.869918
Validating BFS 37
Validate time for BFS 37 is 0.000002
TEPS for BFS 37 is 1.80522e+07 cyrus 268435456
Running BFS 38
Time for BFS 38 is 14.604241
Validating BFS 38
Validate time for BFS 38 is 0.000002
TEPS for BFS 38 is 1.83807e+07 cyrus 268435456
Running BFS 39
Time for BFS 39 is 14.169871
Validating BFS 39
Validate time for BFS 39 is 0.000001
TEPS for BFS 39 is 1.89441e+07 cyrus 268435456
Running BFS 40
Time for BFS 40 is 13.534396
Validating BFS 40
Validate time for BFS 40 is 0.000001
TEPS for BFS 40 is 1.98336e+07 cyrus 268435456
Running BFS 41
Time for BFS 41 is 14.949697
Validating BFS 41
Validate time for BFS 41 is 0.000001
TEPS for BFS 41 is 1.79559e+07 cyrus 268435456
Running BFS 42
Time for BFS 42 is 16.017246
Validating BFS 42
Validate time for BFS 42 is 0.000001
TEPS for BFS 42 is 1.67592e+07 cyrus 268435456
Running BFS 43
Time for BFS 43 is 15.214594
Validating BFS 43
Validate time for BFS 43 is 0.000002
TEPS for BFS 43 is 1.76433e+07 cyrus 268435456
Running BFS 44
Time for BFS 44 is 14.387182
Validating BFS 44
Validate time for BFS 44 is 0.000002
TEPS for BFS 44 is 1.8658e+07 cyrus 268435456
Running BFS 45
Time for BFS 45 is 14.097018
Validating BFS 45
Validate time for BFS 45 is 0.000002
TEPS for BFS 45 is 1.9042e+07 cyrus 268435456
Running BFS 46
Time for BFS 46 is 14.637017
Validating BFS 46
Validate time for BFS 46 is 0.000002
TEPS for BFS 46 is 1.83395e+07 cyrus 268435456
Running BFS 47
Time for BFS 47 is 14.617042
Validating BFS 47
Validate time for BFS 47 is 0.000001
TEPS for BFS 47 is 1.83646e+07 cyrus 268435456
Running BFS 48
Time for BFS 48 is 14.489425
Validating BFS 48
Validate time for BFS 48 is 0.000001
TEPS for BFS 48 is 1.85263e+07 cyrus 268435456
Running BFS 49
Time for BFS 49 is 14.584569
Validating BFS 49
Validate time for BFS 49 is 0.000001
TEPS for BFS 49 is 1.84054e+07 cyrus 268435456
Running BFS 50
Time for BFS 50 is 14.479525
Validating BFS 50
Validate time for BFS 50 is 0.000002
TEPS for BFS 50 is 1.8539e+07 cyrus 268435456
Running BFS 51
Time for BFS 51 is 16.917102
Validating BFS 51
Validate time for BFS 51 is 0.000002
TEPS for BFS 51 is 1.58677e+07 cyrus 268435456
Running BFS 52
Time for BFS 52 is 14.354850
Validating BFS 52
Validate time for BFS 52 is 0.000002
TEPS for BFS 52 is 1.87e+07 cyrus 268435456
Running BFS 53
Time for BFS 53 is 15.129356
Validating BFS 53
Validate time for BFS 53 is 0.000002
TEPS for BFS 53 is 1.77427e+07 cyrus 268435456
Running BFS 54
Time for BFS 54 is 19.425584
Validating BFS 54
Validate time for BFS 54 is 0.000002
TEPS for BFS 54 is 1.38187e+07 cyrus 268435456
Running BFS 55
Time for BFS 55 is 14.617235
Validating BFS 55
Validate time for BFS 55 is 0.000002
TEPS for BFS 55 is 1.83643e+07 cyrus 268435456
Running BFS 56
Time for BFS 56 is 15.018509
Validating BFS 56
Validate time for BFS 56 is 0.000002
TEPS for BFS 56 is 1.78736e+07 cyrus 268435456
Running BFS 57
Time for BFS 57 is 16.396997
Validating BFS 57
Validate time for BFS 57 is 0.000002
TEPS for BFS 57 is 1.6371e+07 cyrus 268435456
Running BFS 58
Time for BFS 58 is 14.446946
Validating BFS 58
Validate time for BFS 58 is 0.000002
TEPS for BFS 58 is 1.85808e+07 cyrus 268435456
Running BFS 59
Time for BFS 59 is 13.885652
Validating BFS 59
Validate time for BFS 59 is 0.000002
TEPS for BFS 59 is 1.93319e+07 cyrus 268435456
Running BFS 60
Time for BFS 60 is 16.997272
Validating BFS 60
Validate time for BFS 60 is 0.000001
TEPS for BFS 60 is 1.57929e+07 cyrus 268435456
Running BFS 61
Time for BFS 61 is 13.908324
Validating BFS 61
Validate time for BFS 61 is 0.000002
TEPS for BFS 61 is 1.93003e+07 cyrus 268435456
Running BFS 62
Time for BFS 62 is 11.886888
Validating BFS 62
Validate time for BFS 62 is 0.000002
TEPS for BFS 62 is 2.25825e+07 cyrus 268435456
Running BFS 63
Time for BFS 63 is 14.136905
Validating BFS 63
Validate time for BFS 63 is 0.000001
TEPS for BFS 63 is 1.89883e+07 cyrus 268435456
SCALE:                          24
edgefactor:                     16
NBFS:                           64
graph_generation:               53.8452
num_mpi_processes:              64
construction_time:              35.9624
min_time:                       11.3659
firstquartile_time:             14.036
median_time:                    14.637
thirdquartile_time:             15.3327
max_time:                       19.539
mean_time:                      14.8136
stddev_time:                    1.4825
min_nedge:                      268435456
firstquartile_nedge:            268435456
median_nedge:                   268435456
thirdquartile_nedge:            268435456
max_nedge:                      268435456
mean_nedge:                     268435456
stddev_nedge:                   0
min_TEPS:                       1.37384e+07
firstquartile_TEPS:             1.75074e+07
median_TEPS:                    1.83395e+07
thirdquartile_TEPS:             1.91248e+07
max_TEPS:                       2.36176e+07
harmonic_mean_TEPS:             1.81208e+07
harmonic_stddev_TEPS:           228476
min_validate:                   9.53674e-07
firstquartile_validate:         9.53674e-07
median_validate:                1.90735e-06
thirdquartile_validate:         1.90735e-06
max_validate:                   2.14577e-06
mean_validate:                  1.55717e-06
stddev_validate:                5.13233e-07
This benchmark was run on 64 MPI Processes, Scale 24, written output_64_24.log
