graph_generation:               0.554825 s
construction_time:              0.194330 s
Running BFS 0
Time for BFS 0 is 0.134385
Validating BFS 0
Validate time for BFS 0 is 0.000003
TEPS for BFS 0 is 476.244 cyrus 64
Running BFS 1
Time for BFS 1 is 0.248898
Validating BFS 1
Validate time for BFS 1 is 0.000004
TEPS for BFS 1 is 257.133 cyrus 64
Running BFS 2
Time for BFS 2 is 0.248938
Validating BFS 2
Validate time for BFS 2 is 0.000003
TEPS for BFS 2 is 257.092 cyrus 64
Running BFS 3
Time for BFS 3 is 0.138988
Validating BFS 3
Validate time for BFS 3 is 0.000003
TEPS for BFS 3 is 460.471 cyrus 64
Running BFS 4
Time for BFS 4 is 0.239129
Validating BFS 4
Validate time for BFS 4 is 0.000003
TEPS for BFS 4 is 267.638 cyrus 64
Running BFS 5
Time for BFS 5 is 0.149226
Validating BFS 5
Validate time for BFS 5 is 0.000003
TEPS for BFS 5 is 428.88 cyrus 64
Running BFS 6
Time for BFS 6 is 0.291268
Validating BFS 6
Validate time for BFS 6 is 0.000003
TEPS for BFS 6 is 219.729 cyrus 64
Running BFS 7
Time for BFS 7 is 0.248777
Validating BFS 7
Validate time for BFS 7 is 0.000003
TEPS for BFS 7 is 257.258 cyrus 64
Running BFS 8
Time for BFS 8 is 0.158956
Validating BFS 8
Validate time for BFS 8 is 0.000003
TEPS for BFS 8 is 402.627 cyrus 64
Running BFS 9
Time for BFS 9 is 0.289000
Validating BFS 9
Validate time for BFS 9 is 0.000003
TEPS for BFS 9 is 221.453 cyrus 64
Running BFS 10
Time for BFS 10 is 0.256470
Validating BFS 10
Validate time for BFS 10 is 0.000002
TEPS for BFS 10 is 249.542 cyrus 64
Running BFS 11
Time for BFS 11 is 0.249005
Validating BFS 11
Validate time for BFS 11 is 0.000003
TEPS for BFS 11 is 257.023 cyrus 64
Running BFS 12
Time for BFS 12 is 0.134035
Validating BFS 12
Validate time for BFS 12 is 0.000003
TEPS for BFS 12 is 477.487 cyrus 64
Running BFS 13
Time for BFS 13 is 0.259906
Validating BFS 13
Validate time for BFS 13 is 0.000004
TEPS for BFS 13 is 246.243 cyrus 64
Running BFS 14
Time for BFS 14 is 0.159887
Validating BFS 14
Validate time for BFS 14 is 0.000003
TEPS for BFS 14 is 400.283 cyrus 64
Running BFS 15
Time for BFS 15 is 1.059862
Validating BFS 15
Validate time for BFS 15 is 0.000003
TEPS for BFS 15 is 60.3852 cyrus 64
Running BFS 16
Time for BFS 16 is 0.148870
Validating BFS 16
Validate time for BFS 16 is 0.000003
TEPS for BFS 16 is 429.905 cyrus 64
Running BFS 17
Time for BFS 17 is 0.268954
Validating BFS 17
Validate time for BFS 17 is 0.000003
TEPS for BFS 17 is 237.959 cyrus 64
Running BFS 18
Time for BFS 18 is 0.248893
Validating BFS 18
Validate time for BFS 18 is 0.000003
TEPS for BFS 18 is 257.139 cyrus 64
Running BFS 19
Time for BFS 19 is 0.248878
Validating BFS 19
Validate time for BFS 19 is 0.000003
TEPS for BFS 19 is 257.154 cyrus 64
Running BFS 20
Time for BFS 20 is 0.148916
Validating BFS 20
Validate time for BFS 20 is 0.000004
TEPS for BFS 20 is 429.772 cyrus 64
Running BFS 21
Time for BFS 21 is 0.404664
Validating BFS 21
Validate time for BFS 21 is 0.000002
TEPS for BFS 21 is 158.156 cyrus 64
Running BFS 22
Time for BFS 22 is 0.269805
Validating BFS 22
Validate time for BFS 22 is 0.000003
TEPS for BFS 22 is 237.208 cyrus 64
Running BFS 23
Time for BFS 23 is 0.149866
Validating BFS 23
Validate time for BFS 23 is 0.000002
TEPS for BFS 23 is 427.049 cyrus 64
Running BFS 24
Time for BFS 24 is 0.264058
Validating BFS 24
Validate time for BFS 24 is 0.000003
TEPS for BFS 24 is 242.371 cyrus 64
Running BFS 25
Time for BFS 25 is 0.279580
Validating BFS 25
Validate time for BFS 25 is 0.000003
TEPS for BFS 25 is 228.915 cyrus 64
Running BFS 26
Time for BFS 26 is 0.158966
Validating BFS 26
Validate time for BFS 26 is 0.000002
TEPS for BFS 26 is 402.602 cyrus 64
Running BFS 27
Time for BFS 27 is 0.158957
Validating BFS 27
Validate time for BFS 27 is 0.000004
TEPS for BFS 27 is 402.625 cyrus 64
Running BFS 28
Time for BFS 28 is 0.251781
Validating BFS 28
Validate time for BFS 28 is 0.000003
TEPS for BFS 28 is 254.189 cyrus 64
Running BFS 29
Time for BFS 29 is 0.266788
Validating BFS 29
Validate time for BFS 29 is 0.000003
TEPS for BFS 29 is 239.891 cyrus 64
Running BFS 30
Time for BFS 30 is 0.271122
Validating BFS 30
Validate time for BFS 30 is 0.000003
TEPS for BFS 30 is 236.056 cyrus 64
Running BFS 31
Time for BFS 31 is 0.258781
Validating BFS 31
Validate time for BFS 31 is 0.000004
TEPS for BFS 31 is 247.313 cyrus 64
Running BFS 32
Time for BFS 32 is 0.158914
Validating BFS 32
Validate time for BFS 32 is 0.000003
TEPS for BFS 32 is 402.733 cyrus 64
Running BFS 33
Time for BFS 33 is 0.258961
Validating BFS 33
Validate time for BFS 33 is 0.000003
TEPS for BFS 33 is 247.141 cyrus 64
Running BFS 34
Time for BFS 34 is 0.149700
Validating BFS 34
Validate time for BFS 34 is 0.000004
TEPS for BFS 34 is 427.522 cyrus 64
Running BFS 35
Time for BFS 35 is 0.286192
Validating BFS 35
Validate time for BFS 35 is 0.000002
TEPS for BFS 35 is 223.626 cyrus 64
Running BFS 36
Time for BFS 36 is 0.138815
Validating BFS 36
Validate time for BFS 36 is 0.000002
TEPS for BFS 36 is 461.046 cyrus 64
Running BFS 37
Time for BFS 37 is 0.149730
Validating BFS 37
Validate time for BFS 37 is 0.000003
TEPS for BFS 37 is 427.436 cyrus 64
Running BFS 38
Time for BFS 38 is 0.139161
Validating BFS 38
Validate time for BFS 38 is 0.000003
TEPS for BFS 38 is 459.899 cyrus 64
Running BFS 39
Time for BFS 39 is 0.249349
Validating BFS 39
Validate time for BFS 39 is 0.000003
TEPS for BFS 39 is 256.668 cyrus 64
Running BFS 40
Time for BFS 40 is 0.149134
Validating BFS 40
Validate time for BFS 40 is 0.000003
TEPS for BFS 40 is 429.144 cyrus 64
Running BFS 41
Time for BFS 41 is 0.239203
Validating BFS 41
Validate time for BFS 41 is 0.000003
TEPS for BFS 41 is 267.555 cyrus 64
Running BFS 42
Time for BFS 42 is 0.269698
Validating BFS 42
Validate time for BFS 42 is 0.000003
TEPS for BFS 42 is 237.303 cyrus 64
Running BFS 43
Time for BFS 43 is 0.149518
Validating BFS 43
Validate time for BFS 43 is 0.000003
TEPS for BFS 43 is 428.042 cyrus 64
Running BFS 44
Time for BFS 44 is 0.139256
Validating BFS 44
Validate time for BFS 44 is 0.000003
TEPS for BFS 44 is 459.585 cyrus 64
Running BFS 45
Time for BFS 45 is 1.711271
Validating BFS 45
Validate time for BFS 45 is 0.000004
TEPS for BFS 45 is 37.3991 cyrus 64
Running BFS 46
Time for BFS 46 is 0.253473
Validating BFS 46
Validate time for BFS 46 is 0.000002
TEPS for BFS 46 is 252.492 cyrus 64
Running BFS 47
Time for BFS 47 is 0.163809
Validating BFS 47
Validate time for BFS 47 is 0.000004
TEPS for BFS 47 is 390.699 cyrus 64
Running BFS 48
Time for BFS 48 is 0.139073
Validating BFS 48
Validate time for BFS 48 is 0.000003
TEPS for BFS 48 is 460.19 cyrus 64
Running BFS 49
Time for BFS 49 is 0.263995
Validating BFS 49
Validate time for BFS 49 is 0.000003
TEPS for BFS 49 is 242.429 cyrus 64
Running BFS 50
Time for BFS 50 is 0.154124
Validating BFS 50
Validate time for BFS 50 is 0.000003
TEPS for BFS 50 is 415.25 cyrus 64
Running BFS 51
Time for BFS 51 is 0.149034
Validating BFS 51
Validate time for BFS 51 is 0.000002
TEPS for BFS 51 is 429.432 cyrus 64
Running BFS 52
Time for BFS 52 is 0.793896
Validating BFS 52
Validate time for BFS 52 is 0.000003
TEPS for BFS 52 is 80.6151 cyrus 64
Running BFS 53
Time for BFS 53 is 0.266433
Validating BFS 53
Validate time for BFS 53 is 0.000002
TEPS for BFS 53 is 240.21 cyrus 64
Running BFS 54
Time for BFS 54 is 0.252668
Validating BFS 54
Validate time for BFS 54 is 0.000004
TEPS for BFS 54 is 253.297 cyrus 64
Running BFS 55
Time for BFS 55 is 0.149782
Validating BFS 55
Validate time for BFS 55 is 0.000002
TEPS for BFS 55 is 427.287 cyrus 64
Running BFS 56
Time for BFS 56 is 0.157035
Validating BFS 56
Validate time for BFS 56 is 0.000003
TEPS for BFS 56 is 407.553 cyrus 64
Running BFS 57
Time for BFS 57 is 0.288964
Validating BFS 57
Validate time for BFS 57 is 0.000004
TEPS for BFS 57 is 221.481 cyrus 64
Running BFS 58
Time for BFS 58 is 0.259619
Validating BFS 58
Validate time for BFS 58 is 0.000003
TEPS for BFS 58 is 246.515 cyrus 64
Running BFS 59
Time for BFS 59 is 0.148942
Validating BFS 59
Validate time for BFS 59 is 0.000002
TEPS for BFS 59 is 429.697 cyrus 64
Running BFS 60
Time for BFS 60 is 0.145584
Validating BFS 60
Validate time for BFS 60 is 0.000003
TEPS for BFS 60 is 439.608 cyrus 64
Running BFS 61
Time for BFS 61 is 0.162402
Validating BFS 61
Validate time for BFS 61 is 0.000004
TEPS for BFS 61 is 394.083 cyrus 64
Running BFS 62
Time for BFS 62 is 0.158978
Validating BFS 62
Validate time for BFS 62 is 0.000004
TEPS for BFS 62 is 402.571 cyrus 64
Running BFS 63
Time for BFS 63 is 2.259875
Validating BFS 63
Validate time for BFS 63 is 0.000003
TEPS for BFS 63 is 28.3201 cyrus 64
SCALE:                          2
edgefactor:                     16
NBFS:                           64
graph_generation:               0.554825
num_mpi_processes:              128
construction_time:              0.19433
min_time:                       0.134035
firstquartile_time:             0.149715
median_time:                    0.248828
thirdquartile_time:             0.265246
max_time:                       2.25988
mean_time:                      0.287847
stddev_time:                    0.341848
min_nedge:                      64
firstquartile_nedge:            64
median_nedge:                   64
thirdquartile_nedge:            64
max_nedge:                      64
mean_nedge:                     64
stddev_nedge:                   0
min_TEPS:                       28.3201
firstquartile_TEPS:             241.286
median_TEPS:                    257.206
thirdquartile_TEPS:             427.479
max_TEPS:                       477.487
harmonic_mean_TEPS:             222.34
harmonic_stddev_TEPS:           33.2675
min_validate:                   1.90735e-06
firstquartile_validate:         2.86102e-06
median_validate:                3.09944e-06
thirdquartile_validate:         3.09944e-06
max_validate:                   4.05312e-06
mean_validate:                  3.02866e-06
stddev_validate:                6.19509e-07
This benchmark was run on 128 MPI Processes, Scale 2, written output_128_2.log
