graph_generation:               22.689422 s
construction_time:              12.821176 s
Running BFS 0
Time for BFS 0 is 0.552028
Validating BFS 0
Validate time for BFS 0 is 0.000003
TEPS for BFS 0 is 7.59799e+06 cyrus 4194304
Running BFS 1
Time for BFS 1 is 0.669750
Validating BFS 1
Validate time for BFS 1 is 0.000003
TEPS for BFS 1 is 6.26249e+06 cyrus 4194304
Running BFS 2
Time for BFS 2 is 0.669740
Validating BFS 2
Validate time for BFS 2 is 0.000003
TEPS for BFS 2 is 6.26259e+06 cyrus 4194304
Running BFS 3
Time for BFS 3 is 0.579844
Validating BFS 3
Validate time for BFS 3 is 0.000003
TEPS for BFS 3 is 7.2335e+06 cyrus 4194304
Running BFS 4
Time for BFS 4 is 0.589676
Validating BFS 4
Validate time for BFS 4 is 0.000004
TEPS for BFS 4 is 7.1129e+06 cyrus 4194304
Running BFS 5
Time for BFS 5 is 0.660013
Validating BFS 5
Validate time for BFS 5 is 0.000003
TEPS for BFS 5 is 6.35488e+06 cyrus 4194304
Running BFS 6
Time for BFS 6 is 0.619814
Validating BFS 6
Validate time for BFS 6 is 0.000003
TEPS for BFS 6 is 6.76703e+06 cyrus 4194304
Running BFS 7
Time for BFS 7 is 0.619736
Validating BFS 7
Validate time for BFS 7 is 0.000005
TEPS for BFS 7 is 6.76789e+06 cyrus 4194304
Running BFS 8
Time for BFS 8 is 0.619835
Validating BFS 8
Validate time for BFS 8 is 0.000003
TEPS for BFS 8 is 6.76681e+06 cyrus 4194304
Running BFS 9
Time for BFS 9 is 0.749819
Validating BFS 9
Validate time for BFS 9 is 0.000002
TEPS for BFS 9 is 5.59375e+06 cyrus 4194304
Running BFS 10
Time for BFS 10 is 0.729909
Validating BFS 10
Validate time for BFS 10 is 0.000004
TEPS for BFS 10 is 5.74634e+06 cyrus 4194304
Running BFS 11
Time for BFS 11 is 0.759674
Validating BFS 11
Validate time for BFS 11 is 0.000003
TEPS for BFS 11 is 5.52119e+06 cyrus 4194304
Running BFS 12
Time for BFS 12 is 0.619896
Validating BFS 12
Validate time for BFS 12 is 0.000003
TEPS for BFS 12 is 6.76614e+06 cyrus 4194304
Running BFS 13
Time for BFS 13 is 0.619734
Validating BFS 13
Validate time for BFS 13 is 0.000004
TEPS for BFS 13 is 6.76791e+06 cyrus 4194304
Running BFS 14
Time for BFS 14 is 0.599853
Validating BFS 14
Validate time for BFS 14 is 0.000003
TEPS for BFS 14 is 6.99222e+06 cyrus 4194304
Running BFS 15
Time for BFS 15 is 0.669876
Validating BFS 15
Validate time for BFS 15 is 0.000002
TEPS for BFS 15 is 6.26131e+06 cyrus 4194304
Running BFS 16
Time for BFS 16 is 0.689729
Validating BFS 16
Validate time for BFS 16 is 0.000004
TEPS for BFS 16 is 6.08109e+06 cyrus 4194304
Running BFS 17
Time for BFS 17 is 0.689817
Validating BFS 17
Validate time for BFS 17 is 0.000003
TEPS for BFS 17 is 6.08031e+06 cyrus 4194304
Running BFS 18
Time for BFS 18 is 0.719841
Validating BFS 18
Validate time for BFS 18 is 0.000003
TEPS for BFS 18 is 5.82671e+06 cyrus 4194304
Running BFS 19
Time for BFS 19 is 0.599741
Validating BFS 19
Validate time for BFS 19 is 0.000005
TEPS for BFS 19 is 6.99353e+06 cyrus 4194304
Running BFS 20
Time for BFS 20 is 0.619996
Validating BFS 20
Validate time for BFS 20 is 0.000002
TEPS for BFS 20 is 6.76505e+06 cyrus 4194304
Running BFS 21
Time for BFS 21 is 0.619757
Validating BFS 21
Validate time for BFS 21 is 0.000003
TEPS for BFS 21 is 6.76766e+06 cyrus 4194304
Running BFS 22
Time for BFS 22 is 0.619822
Validating BFS 22
Validate time for BFS 22 is 0.000002
TEPS for BFS 22 is 6.76695e+06 cyrus 4194304
Running BFS 23
Time for BFS 23 is 0.739776
Validating BFS 23
Validate time for BFS 23 is 0.000002
TEPS for BFS 23 is 5.6697e+06 cyrus 4194304
Running BFS 24
Time for BFS 24 is 0.619759
Validating BFS 24
Validate time for BFS 24 is 0.000003
TEPS for BFS 24 is 6.76764e+06 cyrus 4194304
Running BFS 25
Time for BFS 25 is 0.619803
Validating BFS 25
Validate time for BFS 25 is 0.000003
TEPS for BFS 25 is 6.76716e+06 cyrus 4194304
Running BFS 26
Time for BFS 26 is 0.619827
Validating BFS 26
Validate time for BFS 26 is 0.000003
TEPS for BFS 26 is 6.76689e+06 cyrus 4194304
Running BFS 27
Time for BFS 27 is 0.619732
Validating BFS 27
Validate time for BFS 27 is 0.000005
TEPS for BFS 27 is 6.76793e+06 cyrus 4194304
Running BFS 28
Time for BFS 28 is 0.739895
Validating BFS 28
Validate time for BFS 28 is 0.000002
TEPS for BFS 28 is 5.66878e+06 cyrus 4194304
Running BFS 29
Time for BFS 29 is 0.749841
Validating BFS 29
Validate time for BFS 29 is 0.000002
TEPS for BFS 29 is 5.59359e+06 cyrus 4194304
Running BFS 30
Time for BFS 30 is 0.599767
Validating BFS 30
Validate time for BFS 30 is 0.000003
TEPS for BFS 30 is 6.99322e+06 cyrus 4194304
Running BFS 31
Time for BFS 31 is 0.719768
Validating BFS 31
Validate time for BFS 31 is 0.000003
TEPS for BFS 31 is 5.8273e+06 cyrus 4194304
Running BFS 32
Time for BFS 32 is 0.599852
Validating BFS 32
Validate time for BFS 32 is 0.000002
TEPS for BFS 32 is 6.99223e+06 cyrus 4194304
Running BFS 33
Time for BFS 33 is 0.599764
Validating BFS 33
Validate time for BFS 33 is 0.000004
TEPS for BFS 33 is 6.99326e+06 cyrus 4194304
Running BFS 34
Time for BFS 34 is 0.609859
Validating BFS 34
Validate time for BFS 34 is 0.000003
TEPS for BFS 34 is 6.8775e+06 cyrus 4194304
Running BFS 35
Time for BFS 35 is 0.599860
Validating BFS 35
Validate time for BFS 35 is 0.000003
TEPS for BFS 35 is 6.99214e+06 cyrus 4194304
Running BFS 36
Time for BFS 36 is 0.579750
Validating BFS 36
Validate time for BFS 36 is 0.000003
TEPS for BFS 36 is 7.23468e+06 cyrus 4194304
Running BFS 37
Time for BFS 37 is 0.549847
Validating BFS 37
Validate time for BFS 37 is 0.000002
TEPS for BFS 37 is 7.62813e+06 cyrus 4194304
Running BFS 38
Time for BFS 38 is 0.569724
Validating BFS 38
Validate time for BFS 38 is 0.000005
TEPS for BFS 38 is 7.36199e+06 cyrus 4194304
Running BFS 39
Time for BFS 39 is 0.659841
Validating BFS 39
Validate time for BFS 39 is 0.000003
TEPS for BFS 39 is 6.35654e+06 cyrus 4194304
Running BFS 40
Time for BFS 40 is 0.539765
Validating BFS 40
Validate time for BFS 40 is 0.000003
TEPS for BFS 40 is 7.77061e+06 cyrus 4194304
Running BFS 41
Time for BFS 41 is 0.569801
Validating BFS 41
Validate time for BFS 41 is 0.000003
TEPS for BFS 41 is 7.361e+06 cyrus 4194304
Running BFS 42
Time for BFS 42 is 0.719900
Validating BFS 42
Validate time for BFS 42 is 0.000003
TEPS for BFS 42 is 5.82623e+06 cyrus 4194304
Running BFS 43
Time for BFS 43 is 0.629816
Validating BFS 43
Validate time for BFS 43 is 0.000004
TEPS for BFS 43 is 6.65957e+06 cyrus 4194304
Running BFS 44
Time for BFS 44 is 0.749791
Validating BFS 44
Validate time for BFS 44 is 0.000003
TEPS for BFS 44 is 5.59396e+06 cyrus 4194304
Running BFS 45
Time for BFS 45 is 0.699849
Validating BFS 45
Validate time for BFS 45 is 0.000003
TEPS for BFS 45 is 5.99316e+06 cyrus 4194304
Running BFS 46
Time for BFS 46 is 0.579714
Validating BFS 46
Validate time for BFS 46 is 0.000005
TEPS for BFS 46 is 7.23513e+06 cyrus 4194304
Running BFS 47
Time for BFS 47 is 0.689829
Validating BFS 47
Validate time for BFS 47 is 0.000003
TEPS for BFS 47 is 6.08021e+06 cyrus 4194304
Running BFS 48
Time for BFS 48 is 0.549833
Validating BFS 48
Validate time for BFS 48 is 0.000002
TEPS for BFS 48 is 7.62832e+06 cyrus 4194304
Running BFS 49
Time for BFS 49 is 0.559714
Validating BFS 49
Validate time for BFS 49 is 0.000005
TEPS for BFS 49 is 7.49365e+06 cyrus 4194304
Running BFS 50
Time for BFS 50 is 0.599845
Validating BFS 50
Validate time for BFS 50 is 0.000003
TEPS for BFS 50 is 6.99231e+06 cyrus 4194304
Running BFS 51
Time for BFS 51 is 0.559731
Validating BFS 51
Validate time for BFS 51 is 0.000005
TEPS for BFS 51 is 7.49343e+06 cyrus 4194304
Running BFS 52
Time for BFS 52 is 0.680010
Validating BFS 52
Validate time for BFS 52 is 0.000004
TEPS for BFS 52 is 6.168e+06 cyrus 4194304
Running BFS 53
Time for BFS 53 is 0.719828
Validating BFS 53
Validate time for BFS 53 is 0.000002
TEPS for BFS 53 is 5.82681e+06 cyrus 4194304
Running BFS 54
Time for BFS 54 is 0.589728
Validating BFS 54
Validate time for BFS 54 is 0.000004
TEPS for BFS 54 is 7.11227e+06 cyrus 4194304
Running BFS 55
Time for BFS 55 is 0.560019
Validating BFS 55
Validate time for BFS 55 is 0.000003
TEPS for BFS 55 is 7.48957e+06 cyrus 4194304
Running BFS 56
Time for BFS 56 is 0.579760
Validating BFS 56
Validate time for BFS 56 is 0.000003
TEPS for BFS 56 is 7.23455e+06 cyrus 4194304
Running BFS 57
Time for BFS 57 is 0.579784
Validating BFS 57
Validate time for BFS 57 is 0.000003
TEPS for BFS 57 is 7.23425e+06 cyrus 4194304
Running BFS 58
Time for BFS 58 is 0.569711
Validating BFS 58
Validate time for BFS 58 is 0.000003
TEPS for BFS 58 is 7.36216e+06 cyrus 4194304
Running BFS 59
Time for BFS 59 is 0.569735
Validating BFS 59
Validate time for BFS 59 is 0.000004
TEPS for BFS 59 is 7.36185e+06 cyrus 4194304
Running BFS 60
Time for BFS 60 is 0.589875
Validating BFS 60
Validate time for BFS 60 is 0.000003
TEPS for BFS 60 is 7.11049e+06 cyrus 4194304
Running BFS 61
Time for BFS 61 is 0.579767
Validating BFS 61
Validate time for BFS 61 is 0.000003
TEPS for BFS 61 is 7.23447e+06 cyrus 4194304
Running BFS 62
Time for BFS 62 is 0.559804
Validating BFS 62
Validate time for BFS 62 is 0.000003
TEPS for BFS 62 is 7.49245e+06 cyrus 4194304
Running BFS 63
Time for BFS 63 is 0.660123
Validating BFS 63
Validate time for BFS 63 is 0.000002
TEPS for BFS 63 is 6.35382e+06 cyrus 4194304
SCALE:                          18
edgefactor:                     16
NBFS:                           64
graph_generation:               22.6894
num_mpi_processes:              32
construction_time:              12.8212
min_time:                       0.539765
firstquartile_time:             0.579776
median_time:                    0.619747
thirdquartile_time:             0.674943
max_time:                       0.759674
mean_time:                      0.630786
stddev_time:                    0.0618645
min_nedge:                      4194304
firstquartile_nedge:            4194304
median_nedge:                   4194304
thirdquartile_nedge:            4194304
max_nedge:                      4194304
mean_nedge:                     4194304
stddev_nedge:                   0
min_TEPS:                       5.52119e+06
firstquartile_TEPS:             6.21431e+06
median_TEPS:                    6.76777e+06
thirdquartile_TEPS:             7.23436e+06
max_TEPS:                       7.77061e+06
harmonic_mean_TEPS:             6.64933e+06
harmonic_stddev_TEPS:           82161.3
min_validate:                   1.90735e-06
firstquartile_validate:         2.86102e-06
median_validate:                3.09944e-06
thirdquartile_validate:         3.57628e-06
max_validate:                   5.00679e-06
mean_validate:                  3.16277e-06
stddev_validate:                8.90301e-07
This benchmark was run on 32 MPI Processes, Scale 18, written output_32_18.log
