graph_generation:               8.797179 s
construction_time:              4.432739 s
Running BFS 0
Time for BFS 0 is 0.620224
Validating BFS 0
Validate time for BFS 0 is 0.000005
TEPS for BFS 0 is 1.69064e+06 cyrus 1048576
Running BFS 1
Time for BFS 1 is 0.560040
Validating BFS 1
Validate time for BFS 1 is 0.000004
TEPS for BFS 1 is 1.87232e+06 cyrus 1048576
Running BFS 2
Time for BFS 2 is 0.560997
Validating BFS 2
Validate time for BFS 2 is 0.000002
TEPS for BFS 2 is 1.86913e+06 cyrus 1048576
Running BFS 3
Time for BFS 3 is 0.569132
Validating BFS 3
Validate time for BFS 3 is 0.000005
TEPS for BFS 3 is 1.84241e+06 cyrus 1048576
Running BFS 4
Time for BFS 4 is 0.570076
Validating BFS 4
Validate time for BFS 4 is 0.000004
TEPS for BFS 4 is 1.83936e+06 cyrus 1048576
Running BFS 5
Time for BFS 5 is 1.210369
Validating BFS 5
Validate time for BFS 5 is 0.000005
TEPS for BFS 5 is 866328 cyrus 1048576
Running BFS 6
Time for BFS 6 is 0.470026
Validating BFS 6
Validate time for BFS 6 is 0.000004
TEPS for BFS 6 is 2.23089e+06 cyrus 1048576
Running BFS 7
Time for BFS 7 is 0.559985
Validating BFS 7
Validate time for BFS 7 is 0.000005
TEPS for BFS 7 is 1.87251e+06 cyrus 1048576
Running BFS 8
Time for BFS 8 is 0.600096
Validating BFS 8
Validate time for BFS 8 is 0.000004
TEPS for BFS 8 is 1.74735e+06 cyrus 1048576
Running BFS 9
Time for BFS 9 is 0.590280
Validating BFS 9
Validate time for BFS 9 is 0.000004
TEPS for BFS 9 is 1.7764e+06 cyrus 1048576
Running BFS 10
Time for BFS 10 is 0.673426
Validating BFS 10
Validate time for BFS 10 is 0.000004
TEPS for BFS 10 is 1.55708e+06 cyrus 1048576
Running BFS 11
Time for BFS 11 is 0.549216
Validating BFS 11
Validate time for BFS 11 is 0.000003
TEPS for BFS 11 is 1.90922e+06 cyrus 1048576
Running BFS 12
Time for BFS 12 is 0.469061
Validating BFS 12
Validate time for BFS 12 is 0.000008
TEPS for BFS 12 is 2.23548e+06 cyrus 1048576
Running BFS 13
Time for BFS 13 is 1.149565
Validating BFS 13
Validate time for BFS 13 is 0.000006
TEPS for BFS 13 is 912150 cyrus 1048576
Running BFS 14
Time for BFS 14 is 0.599250
Validating BFS 14
Validate time for BFS 14 is 0.000004
TEPS for BFS 14 is 1.74981e+06 cyrus 1048576
Running BFS 15
Time for BFS 15 is 0.580076
Validating BFS 15
Validate time for BFS 15 is 0.000003
TEPS for BFS 15 is 1.80765e+06 cyrus 1048576
Running BFS 16
Time for BFS 16 is 0.560022
Validating BFS 16
Validate time for BFS 16 is 0.000005
TEPS for BFS 16 is 1.87238e+06 cyrus 1048576
Running BFS 17
Time for BFS 17 is 0.560181
Validating BFS 17
Validate time for BFS 17 is 0.000005
TEPS for BFS 17 is 1.87185e+06 cyrus 1048576
Running BFS 18
Time for BFS 18 is 0.569984
Validating BFS 18
Validate time for BFS 18 is 0.000003
TEPS for BFS 18 is 1.83966e+06 cyrus 1048576
Running BFS 19
Time for BFS 19 is 2.305926
Validating BFS 19
Validate time for BFS 19 is 0.000003
TEPS for BFS 19 is 454731 cyrus 1048576
Running BFS 20
Time for BFS 20 is 0.549144
Validating BFS 20
Validate time for BFS 20 is 0.000004
TEPS for BFS 20 is 1.90947e+06 cyrus 1048576
Running BFS 21
Time for BFS 21 is 1.999649
Validating BFS 21
Validate time for BFS 21 is 0.000003
TEPS for BFS 21 is 524380 cyrus 1048576
Running BFS 22
Time for BFS 22 is 0.439109
Validating BFS 22
Validate time for BFS 22 is 0.000003
TEPS for BFS 22 is 2.38796e+06 cyrus 1048576
Running BFS 23
Time for BFS 23 is 0.559143
Validating BFS 23
Validate time for BFS 23 is 0.000005
TEPS for BFS 23 is 1.87533e+06 cyrus 1048576
Running BFS 24
Time for BFS 24 is 1.018878
Validating BFS 24
Validate time for BFS 24 is 0.000004
TEPS for BFS 24 is 1.02915e+06 cyrus 1048576
Running BFS 25
Time for BFS 25 is 7.122883
Validating BFS 25
Validate time for BFS 25 is 0.000003
TEPS for BFS 25 is 147212 cyrus 1048576
Running BFS 26
Time for BFS 26 is 0.550027
Validating BFS 26
Validate time for BFS 26 is 0.000005
TEPS for BFS 26 is 1.90641e+06 cyrus 1048576
Running BFS 27
Time for BFS 27 is 0.560039
Validating BFS 27
Validate time for BFS 27 is 0.000004
TEPS for BFS 27 is 1.87233e+06 cyrus 1048576
Running BFS 28
Time for BFS 28 is 0.560017
Validating BFS 28
Validate time for BFS 28 is 0.000004
TEPS for BFS 28 is 1.8724e+06 cyrus 1048576
Running BFS 29
Time for BFS 29 is 0.550134
Validating BFS 29
Validate time for BFS 29 is 0.000004
TEPS for BFS 29 is 1.90604e+06 cyrus 1048576
Running BFS 30
Time for BFS 30 is 0.670112
Validating BFS 30
Validate time for BFS 30 is 0.000004
TEPS for BFS 30 is 1.56478e+06 cyrus 1048576
Running BFS 31
Time for BFS 31 is 0.570026
Validating BFS 31
Validate time for BFS 31 is 0.000005
TEPS for BFS 31 is 1.83952e+06 cyrus 1048576
Running BFS 32
Time for BFS 32 is 0.559992
Validating BFS 32
Validate time for BFS 32 is 0.000004
TEPS for BFS 32 is 1.87248e+06 cyrus 1048576
Running BFS 33
Time for BFS 33 is 0.560065
Validating BFS 33
Validate time for BFS 33 is 0.000003
TEPS for BFS 33 is 1.87224e+06 cyrus 1048576
Running BFS 34
Time for BFS 34 is 0.559975
Validating BFS 34
Validate time for BFS 34 is 0.000003
TEPS for BFS 34 is 1.87254e+06 cyrus 1048576
Running BFS 35
Time for BFS 35 is 0.540207
Validating BFS 35
Validate time for BFS 35 is 0.000003
TEPS for BFS 35 is 1.94106e+06 cyrus 1048576
Running BFS 36
Time for BFS 36 is 0.560023
Validating BFS 36
Validate time for BFS 36 is 0.000003
TEPS for BFS 36 is 1.87238e+06 cyrus 1048576
Running BFS 37
Time for BFS 37 is 0.560042
Validating BFS 37
Validate time for BFS 37 is 0.000004
TEPS for BFS 37 is 1.87232e+06 cyrus 1048576
Running BFS 38
Time for BFS 38 is 0.449983
Validating BFS 38
Validate time for BFS 38 is 0.000005
TEPS for BFS 38 is 2.33026e+06 cyrus 1048576
Running BFS 39
Time for BFS 39 is 0.570067
Validating BFS 39
Validate time for BFS 39 is 0.000003
TEPS for BFS 39 is 1.83939e+06 cyrus 1048576
Running BFS 40
Time for BFS 40 is 0.570083
Validating BFS 40
Validate time for BFS 40 is 0.000003
TEPS for BFS 40 is 1.83934e+06 cyrus 1048576
Running BFS 41
Time for BFS 41 is 0.560056
Validating BFS 41
Validate time for BFS 41 is 0.000005
TEPS for BFS 41 is 1.87227e+06 cyrus 1048576
Running BFS 42
Time for BFS 42 is 0.560019
Validating BFS 42
Validate time for BFS 42 is 0.000004
TEPS for BFS 42 is 1.87239e+06 cyrus 1048576
Running BFS 43
Time for BFS 43 is 0.560058
Validating BFS 43
Validate time for BFS 43 is 0.000004
TEPS for BFS 43 is 1.87226e+06 cyrus 1048576
Running BFS 44
Time for BFS 44 is 0.562467
Validating BFS 44
Validate time for BFS 44 is 0.000003
TEPS for BFS 44 is 1.86424e+06 cyrus 1048576
Running BFS 45
Time for BFS 45 is 0.559212
Validating BFS 45
Validate time for BFS 45 is 0.000003
TEPS for BFS 45 is 1.8751e+06 cyrus 1048576
Running BFS 46
Time for BFS 46 is 0.559145
Validating BFS 46
Validate time for BFS 46 is 0.000005
TEPS for BFS 46 is 1.87532e+06 cyrus 1048576
Running BFS 47
Time for BFS 47 is 0.569349
Validating BFS 47
Validate time for BFS 47 is 0.000003
TEPS for BFS 47 is 1.84171e+06 cyrus 1048576
Running BFS 48
Time for BFS 48 is 0.570076
Validating BFS 48
Validate time for BFS 48 is 0.000004
TEPS for BFS 48 is 1.83936e+06 cyrus 1048576
Running BFS 49
Time for BFS 49 is 0.570092
Validating BFS 49
Validate time for BFS 49 is 0.000004
TEPS for BFS 49 is 1.83931e+06 cyrus 1048576
Running BFS 50
Time for BFS 50 is 2.737884
Validating BFS 50
Validate time for BFS 50 is 0.000002
TEPS for BFS 50 is 382988 cyrus 1048576
Running BFS 51
Time for BFS 51 is 0.552908
Validating BFS 51
Validate time for BFS 51 is 0.000005
TEPS for BFS 51 is 1.89647e+06 cyrus 1048576
Running BFS 52
Time for BFS 52 is 0.560062
Validating BFS 52
Validate time for BFS 52 is 0.000004
TEPS for BFS 52 is 1.87225e+06 cyrus 1048576
Running BFS 53
Time for BFS 53 is 0.554531
Validating BFS 53
Validate time for BFS 53 is 0.000003
TEPS for BFS 53 is 1.89092e+06 cyrus 1048576
Running BFS 54
Time for BFS 54 is 0.459168
Validating BFS 54
Validate time for BFS 54 is 0.000003
TEPS for BFS 54 is 2.28364e+06 cyrus 1048576
Running BFS 55
Time for BFS 55 is 0.559200
Validating BFS 55
Validate time for BFS 55 is 0.000004
TEPS for BFS 55 is 1.87514e+06 cyrus 1048576
Running BFS 56
Time for BFS 56 is 0.649144
Validating BFS 56
Validate time for BFS 56 is 0.000005
TEPS for BFS 56 is 1.61532e+06 cyrus 1048576
Running BFS 57
Time for BFS 57 is 0.599262
Validating BFS 57
Validate time for BFS 57 is 0.000004
TEPS for BFS 57 is 1.74978e+06 cyrus 1048576
Running BFS 58
Time for BFS 58 is 0.619189
Validating BFS 58
Validate time for BFS 58 is 0.000006
TEPS for BFS 58 is 1.69347e+06 cyrus 1048576
Running BFS 59
Time for BFS 59 is 1.170346
Validating BFS 59
Validate time for BFS 59 is 0.000004
TEPS for BFS 59 is 895954 cyrus 1048576
Running BFS 60
Time for BFS 60 is 0.560132
Validating BFS 60
Validate time for BFS 60 is 0.000004
TEPS for BFS 60 is 1.87202e+06 cyrus 1048576
Running BFS 61
Time for BFS 61 is 0.560130
Validating BFS 61
Validate time for BFS 61 is 0.000004
TEPS for BFS 61 is 1.87202e+06 cyrus 1048576
Running BFS 62
Time for BFS 62 is 0.569995
Validating BFS 62
Validate time for BFS 62 is 0.000005
TEPS for BFS 62 is 1.83962e+06 cyrus 1048576
Running BFS 63
Time for BFS 63 is 0.655623
Validating BFS 63
Validate time for BFS 63 is 0.000004
TEPS for BFS 63 is 1.59936e+06 cyrus 1048576
SCALE:                          16
edgefactor:                     16
NBFS:                           64
graph_generation:               8.79718
num_mpi_processes:              64
construction_time:              4.43274
min_time:                       0.439109
firstquartile_time:             0.559594
median_time:                    0.560156
thirdquartile_time:             0.599256
max_time:                       7.12288
mean_time:                      0.785712
stddev_time:                    0.90096
min_nedge:                      1048576
firstquartile_nedge:            1048576
median_nedge:                   1048576
thirdquartile_nedge:            1048576
max_nedge:                      1048576
mean_nedge:                     1048576
stddev_nedge:                   0
min_TEPS:                       147212
firstquartile_TEPS:             1.7498e+06
median_TEPS:                    1.87193e+06
thirdquartile_TEPS:             1.87382e+06
max_TEPS:                       2.38796e+06
harmonic_mean_TEPS:             1.33455e+06
harmonic_stddev_TEPS:           192801
min_validate:                   1.90735e-06
firstquartile_validate:         3.09944e-06
median_validate:                4.05312e-06
thirdquartile_validate:         5.00679e-06
max_validate:                   8.10623e-06
mean_validate:                  4.01959e-06
stddev_validate:                1.03695e-06
This benchmark was run on 64 MPI Processes, Scale 16, written output_64_16.log
