graph_generation:               105.347929 s
construction_time:              105.343475 s
Running BFS 0
Time for BFS 0 is 21.016410
Validating BFS 0
Validate time for BFS 0 is 0.000003
TEPS for BFS 0 is 2.55453e+07 cyrus 536870912
Running BFS 1
Time for BFS 1 is 15.655253
Validating BFS 1
Validate time for BFS 1 is 0.000005
TEPS for BFS 1 is 3.42933e+07 cyrus 536870912
Running BFS 2
Time for BFS 2 is 15.295459
Validating BFS 2
Validate time for BFS 2 is 0.000005
TEPS for BFS 2 is 3.51e+07 cyrus 536870912
Running BFS 3
Time for BFS 3 is 15.375148
Validating BFS 3
Validate time for BFS 3 is 0.000002
TEPS for BFS 3 is 3.49181e+07 cyrus 536870912
Running BFS 4
Time for BFS 4 is 14.795015
Validating BFS 4
Validate time for BFS 4 is 0.000005
TEPS for BFS 4 is 3.62873e+07 cyrus 536870912
Running BFS 5
Time for BFS 5 is 15.984850
Validating BFS 5
Validate time for BFS 5 is 0.000005
TEPS for BFS 5 is 3.35862e+07 cyrus 536870912
Running BFS 6
Time for BFS 6 is 13.764972
Validating BFS 6
Validate time for BFS 6 is 0.000005
TEPS for BFS 6 is 3.90027e+07 cyrus 536870912
Running BFS 7
Time for BFS 7 is 15.285365
Validating BFS 7
Validate time for BFS 7 is 0.000002
TEPS for BFS 7 is 3.51232e+07 cyrus 536870912
Running BFS 8
Time for BFS 8 is 15.485108
Validating BFS 8
Validate time for BFS 8 is 0.000005
TEPS for BFS 8 is 3.46701e+07 cyrus 536870912
Running BFS 9
Time for BFS 9 is 15.715274
Validating BFS 9
Validate time for BFS 9 is 0.000003
TEPS for BFS 9 is 3.41624e+07 cyrus 536870912
Running BFS 10
Time for BFS 10 is 17.435243
Validating BFS 10
Validate time for BFS 10 is 0.000003
TEPS for BFS 10 is 3.07923e+07 cyrus 536870912
Running BFS 11
Time for BFS 11 is 14.585027
Validating BFS 11
Validate time for BFS 11 is 0.000004
TEPS for BFS 11 is 3.68097e+07 cyrus 536870912
Running BFS 12
Time for BFS 12 is 15.345169
Validating BFS 12
Validate time for BFS 12 is 0.000004
TEPS for BFS 12 is 3.49863e+07 cyrus 536870912
Running BFS 13
Time for BFS 13 is 14.174942
Validating BFS 13
Validate time for BFS 13 is 0.000003
TEPS for BFS 13 is 3.78746e+07 cyrus 536870912
Running BFS 14
Time for BFS 14 is 14.964879
Validating BFS 14
Validate time for BFS 14 is 0.000004
TEPS for BFS 14 is 3.58754e+07 cyrus 536870912
Running BFS 15
Time for BFS 15 is 14.615139
Validating BFS 15
Validate time for BFS 15 is 0.000007
TEPS for BFS 15 is 3.67339e+07 cyrus 536870912
Running BFS 16
Time for BFS 16 is 15.644991
Validating BFS 16
Validate time for BFS 16 is 0.000003
TEPS for BFS 16 is 3.43158e+07 cyrus 536870912
Running BFS 17
Time for BFS 17 is 12.574773
Validating BFS 17
Validate time for BFS 17 is 0.000005
TEPS for BFS 17 is 4.26943e+07 cyrus 536870912
Running BFS 18
Time for BFS 18 is 14.384978
Validating BFS 18
Validate time for BFS 18 is 0.000003
TEPS for BFS 18 is 3.73216e+07 cyrus 536870912
Running BFS 19
Time for BFS 19 is 15.885059
Validating BFS 19
Validate time for BFS 19 is 0.000004
TEPS for BFS 19 is 3.37972e+07 cyrus 536870912
Running BFS 20
Time for BFS 20 is 13.244997
Validating BFS 20
Validate time for BFS 20 is 0.000005
TEPS for BFS 20 is 4.05339e+07 cyrus 536870912
Running BFS 21
Time for BFS 21 is 13.964818
Validating BFS 21
Validate time for BFS 21 is 0.000002
TEPS for BFS 21 is 3.84445e+07 cyrus 536870912
Running BFS 22
Time for BFS 22 is 15.705684
Validating BFS 22
Validate time for BFS 22 is 0.000004
TEPS for BFS 22 is 3.41832e+07 cyrus 536870912
Running BFS 23
Time for BFS 23 is 14.725206
Validating BFS 23
Validate time for BFS 23 is 0.000005
TEPS for BFS 23 is 3.64593e+07 cyrus 536870912
Running BFS 24
Time for BFS 24 is 12.504714
Validating BFS 24
Validate time for BFS 24 is 0.000003
TEPS for BFS 24 is 4.29335e+07 cyrus 536870912
Running BFS 25
Time for BFS 25 is 16.175165
Validating BFS 25
Validate time for BFS 25 is 0.000003
TEPS for BFS 25 is 3.31911e+07 cyrus 536870912
Running BFS 26
Time for BFS 26 is 16.165100
Validating BFS 26
Validate time for BFS 26 is 0.000003
TEPS for BFS 26 is 3.32117e+07 cyrus 536870912
Running BFS 27
Time for BFS 27 is 13.114924
Validating BFS 27
Validate time for BFS 27 is 0.000004
TEPS for BFS 27 is 4.09359e+07 cyrus 536870912
Running BFS 28
Time for BFS 28 is 15.124078
Validating BFS 28
Validate time for BFS 28 is 0.000005
TEPS for BFS 28 is 3.54978e+07 cyrus 536870912
Running BFS 29
Time for BFS 29 is 16.565314
Validating BFS 29
Validate time for BFS 29 is 0.000004
TEPS for BFS 29 is 3.24093e+07 cyrus 536870912
Running BFS 30
Time for BFS 30 is 14.575127
Validating BFS 30
Validate time for BFS 30 is 0.000004
TEPS for BFS 30 is 3.68347e+07 cyrus 536870912
Running BFS 31
Time for BFS 31 is 16.155274
Validating BFS 31
Validate time for BFS 31 is 0.000003
TEPS for BFS 31 is 3.32319e+07 cyrus 536870912
Running BFS 32
Time for BFS 32 is 15.955504
Validating BFS 32
Validate time for BFS 32 is 0.000003
TEPS for BFS 32 is 3.3648e+07 cyrus 536870912
Running BFS 33
Time for BFS 33 is 15.355061
Validating BFS 33
Validate time for BFS 33 is 0.000004
TEPS for BFS 33 is 3.49638e+07 cyrus 536870912
Running BFS 34
Time for BFS 34 is 16.085347
Validating BFS 34
Validate time for BFS 34 is 0.000003
TEPS for BFS 34 is 3.33764e+07 cyrus 536870912
Running BFS 35
Time for BFS 35 is 15.475083
Validating BFS 35
Validate time for BFS 35 is 0.000004
TEPS for BFS 35 is 3.46926e+07 cyrus 536870912
Running BFS 36
Time for BFS 36 is 14.764977
Validating BFS 36
Validate time for BFS 36 is 0.000004
TEPS for BFS 36 is 3.63611e+07 cyrus 536870912
Running BFS 37
Time for BFS 37 is 14.285088
Validating BFS 37
Validate time for BFS 37 is 0.000003
TEPS for BFS 37 is 3.75826e+07 cyrus 536870912
Running BFS 38
Time for BFS 38 is 15.355015
Validating BFS 38
Validate time for BFS 38 is 0.000004
TEPS for BFS 38 is 3.49639e+07 cyrus 536870912
Running BFS 39
Time for BFS 39 is 14.734751
Validating BFS 39
Validate time for BFS 39 is 0.000003
TEPS for BFS 39 is 3.64357e+07 cyrus 536870912
Running BFS 40
Time for BFS 40 is 15.015118
Validating BFS 40
Validate time for BFS 40 is 0.000002
TEPS for BFS 40 is 3.57554e+07 cyrus 536870912
Running BFS 41
Time for BFS 41 is 16.365175
Validating BFS 41
Validate time for BFS 41 is 0.000005
TEPS for BFS 41 is 3.28057e+07 cyrus 536870912
Running BFS 42
Time for BFS 42 is 15.735194
Validating BFS 42
Validate time for BFS 42 is 0.000003
TEPS for BFS 42 is 3.41191e+07 cyrus 536870912
Running BFS 43
Time for BFS 43 is 12.264584
Validating BFS 43
Validate time for BFS 43 is 0.000002
TEPS for BFS 43 is 4.37741e+07 cyrus 536870912
Running BFS 44
Time for BFS 44 is 15.115210
Validating BFS 44
Validate time for BFS 44 is 0.000003
TEPS for BFS 44 is 3.55186e+07 cyrus 536870912
Running BFS 45
Time for BFS 45 is 15.134940
Validating BFS 45
Validate time for BFS 45 is 0.000003
TEPS for BFS 45 is 3.54723e+07 cyrus 536870912
Running BFS 46
Time for BFS 46 is 15.065161
Validating BFS 46
Validate time for BFS 46 is 0.000003
TEPS for BFS 46 is 3.56366e+07 cyrus 536870912
Running BFS 47
Time for BFS 47 is 12.734682
Validating BFS 47
Validate time for BFS 47 is 0.000004
TEPS for BFS 47 is 4.21582e+07 cyrus 536870912
Running BFS 48
Time for BFS 48 is 16.535194
Validating BFS 48
Validate time for BFS 48 is 0.000003
TEPS for BFS 48 is 3.24684e+07 cyrus 536870912
Running BFS 49
Time for BFS 49 is 14.725026
Validating BFS 49
Validate time for BFS 49 is 0.000005
TEPS for BFS 49 is 3.64598e+07 cyrus 536870912
Running BFS 50
Time for BFS 50 is 13.505055
Validating BFS 50
Validate time for BFS 50 is 0.000004
TEPS for BFS 50 is 3.97533e+07 cyrus 536870912
Running BFS 51
Time for BFS 51 is 14.695018
Validating BFS 51
Validate time for BFS 51 is 0.000003
TEPS for BFS 51 is 3.65342e+07 cyrus 536870912
Running BFS 52
Time for BFS 52 is 15.934838
Validating BFS 52
Validate time for BFS 52 is 0.000003
TEPS for BFS 52 is 3.36916e+07 cyrus 536870912
Running BFS 53
Time for BFS 53 is 13.004845
Validating BFS 53
Validate time for BFS 53 is 0.000003
TEPS for BFS 53 is 4.12824e+07 cyrus 536870912
Running BFS 54
Time for BFS 54 is 15.185065
Validating BFS 54
Validate time for BFS 54 is 0.000003
TEPS for BFS 54 is 3.53552e+07 cyrus 536870912
Running BFS 55
Time for BFS 55 is 14.134136
Validating BFS 55
Validate time for BFS 55 is 0.000004
TEPS for BFS 55 is 3.7984e+07 cyrus 536870912
Running BFS 56
Time for BFS 56 is 18.805385
Validating BFS 56
Validate time for BFS 56 is 0.000003
TEPS for BFS 56 is 2.85488e+07 cyrus 536870912
Running BFS 57
Time for BFS 57 is 15.495133
Validating BFS 57
Validate time for BFS 57 is 0.000005
TEPS for BFS 57 is 3.46477e+07 cyrus 536870912
Running BFS 58
Time for BFS 58 is 12.674656
Validating BFS 58
Validate time for BFS 58 is 0.000004
TEPS for BFS 58 is 4.23578e+07 cyrus 536870912
Running BFS 59
Time for BFS 59 is 15.965128
Validating BFS 59
Validate time for BFS 59 is 0.000005
TEPS for BFS 59 is 3.36277e+07 cyrus 536870912
Running BFS 60
Time for BFS 60 is 15.625318
Validating BFS 60
Validate time for BFS 60 is 0.000003
TEPS for BFS 60 is 3.4359e+07 cyrus 536870912
Running BFS 61
Time for BFS 61 is 15.225017
Validating BFS 61
Validate time for BFS 61 is 0.000004
TEPS for BFS 61 is 3.52624e+07 cyrus 536870912
Running BFS 62
Time for BFS 62 is 17.105485
Validating BFS 62
Validate time for BFS 62 is 0.000003
TEPS for BFS 62 is 3.13859e+07 cyrus 536870912
Running BFS 63
Time for BFS 63 is 14.504883
Validating BFS 63
Validate time for BFS 63 is 0.000004
TEPS for BFS 63 is 3.70131e+07 cyrus 536870912
SCALE:                          25
edgefactor:                     16
NBFS:                           64
graph_generation:               105.348
num_mpi_processes:              32
construction_time:              105.343
min_time:                       12.2646
firstquartile_time:             14.54
median_time:                    15.205
thirdquartile_time:             15.8101
max_time:                       21.0164
mean_time:                      15.1338
stddev_time:                    1.43457
min_nedge:                      536870912
firstquartile_nedge:            536870912
median_nedge:                   536870912
thirdquartile_nedge:            536870912
max_nedge:                      536870912
mean_nedge:                     536870912
stddev_nedge:                   0
min_TEPS:                       2.55453e+07
firstquartile_TEPS:             3.39574e+07
median_TEPS:                    3.53087e+07
thirdquartile_TEPS:             3.69237e+07
max_TEPS:                       4.37741e+07
harmonic_mean_TEPS:             3.54749e+07
harmonic_stddev_TEPS:           423666
min_validate:                   1.90735e-06
firstquartile_validate:         2.98023e-06
median_validate:                3.8147e-06
thirdquartile_validate:         4.05312e-06
max_validate:                   7.15256e-06
mean_validate:                  3.69549e-06
stddev_validate:                1.01509e-06
This benchmark was run on 32 MPI Processes, Scale 25, written output_32_25.log
