graph_generation:               3.267580 s
construction_time:              0.284176 s
Running BFS 0
Time for BFS 0 is 1.331222
Validating BFS 0
Validate time for BFS 0 is 0.000002
TEPS for BFS 0 is 49230 cyrus 65536
Running BFS 1
Time for BFS 1 is 0.448753
Validating BFS 1
Validate time for BFS 1 is 0.000003
TEPS for BFS 1 is 146040 cyrus 65536
Running BFS 2
Time for BFS 2 is 0.458724
Validating BFS 2
Validate time for BFS 2 is 0.000004
TEPS for BFS 2 is 142866 cyrus 65536
Running BFS 3
Time for BFS 3 is 0.458746
Validating BFS 3
Validate time for BFS 3 is 0.000002
TEPS for BFS 3 is 142859 cyrus 65536
Running BFS 4
Time for BFS 4 is 0.468764
Validating BFS 4
Validate time for BFS 4 is 0.000003
TEPS for BFS 4 is 139806 cyrus 65536
Running BFS 5
Time for BFS 5 is 0.458731
Validating BFS 5
Validate time for BFS 5 is 0.000003
TEPS for BFS 5 is 142864 cyrus 65536
Running BFS 6
Time for BFS 6 is 0.450221
Validating BFS 6
Validate time for BFS 6 is 0.000003
TEPS for BFS 6 is 145564 cyrus 65536
Running BFS 7
Time for BFS 7 is 0.457165
Validating BFS 7
Validate time for BFS 7 is 0.000003
TEPS for BFS 7 is 143353 cyrus 65536
Running BFS 8
Time for BFS 8 is 0.448744
Validating BFS 8
Validate time for BFS 8 is 0.000003
TEPS for BFS 8 is 146043 cyrus 65536
Running BFS 9
Time for BFS 9 is 0.558700
Validating BFS 9
Validate time for BFS 9 is 0.000003
TEPS for BFS 9 is 117301 cyrus 65536
Running BFS 10
Time for BFS 10 is 0.458582
Validating BFS 10
Validate time for BFS 10 is 0.000003
TEPS for BFS 10 is 142910 cyrus 65536
Running BFS 11
Time for BFS 11 is 0.808631
Validating BFS 11
Validate time for BFS 11 is 0.000003
TEPS for BFS 11 is 81045.6 cyrus 65536
Running BFS 12
Time for BFS 12 is 0.439300
Validating BFS 12
Validate time for BFS 12 is 0.000004
TEPS for BFS 12 is 149183 cyrus 65536
Running BFS 13
Time for BFS 13 is 0.559895
Validating BFS 13
Validate time for BFS 13 is 0.000002
TEPS for BFS 13 is 117051 cyrus 65536
Running BFS 14
Time for BFS 14 is 1.698485
Validating BFS 14
Validate time for BFS 14 is 0.000004
TEPS for BFS 14 is 38585 cyrus 65536
Running BFS 15
Time for BFS 15 is 3.158716
Validating BFS 15
Validate time for BFS 15 is 0.000003
TEPS for BFS 15 is 20747.7 cyrus 65536
Running BFS 16
Time for BFS 16 is 0.448823
Validating BFS 16
Validate time for BFS 16 is 0.000003
TEPS for BFS 16 is 146017 cyrus 65536
Running BFS 17
Time for BFS 17 is 0.468787
Validating BFS 17
Validate time for BFS 17 is 0.000004
TEPS for BFS 17 is 139799 cyrus 65536
Running BFS 18
Time for BFS 18 is 0.448739
Validating BFS 18
Validate time for BFS 18 is 0.000003
TEPS for BFS 18 is 146045 cyrus 65536
Running BFS 19
Time for BFS 19 is 3.478784
Validating BFS 19
Validate time for BFS 19 is 0.000003
TEPS for BFS 19 is 18838.8 cyrus 65536
Running BFS 20
Time for BFS 20 is 0.448806
Validating BFS 20
Validate time for BFS 20 is 0.000002
TEPS for BFS 20 is 146023 cyrus 65536
Running BFS 21
Time for BFS 21 is 0.458728
Validating BFS 21
Validate time for BFS 21 is 0.000002
TEPS for BFS 21 is 142865 cyrus 65536
Running BFS 22
Time for BFS 22 is 0.448728
Validating BFS 22
Validate time for BFS 22 is 0.000002
TEPS for BFS 22 is 146048 cyrus 65536
Running BFS 23
Time for BFS 23 is 0.458682
Validating BFS 23
Validate time for BFS 23 is 0.000003
TEPS for BFS 23 is 142879 cyrus 65536
Running BFS 24
Time for BFS 24 is 1.529358
Validating BFS 24
Validate time for BFS 24 is 0.000003
TEPS for BFS 24 is 42852 cyrus 65536
Running BFS 25
Time for BFS 25 is 0.459892
Validating BFS 25
Validate time for BFS 25 is 0.000003
TEPS for BFS 25 is 142503 cyrus 65536
Running BFS 26
Time for BFS 26 is 0.447463
Validating BFS 26
Validate time for BFS 26 is 0.000003
TEPS for BFS 26 is 146461 cyrus 65536
Running BFS 27
Time for BFS 27 is 0.453492
Validating BFS 27
Validate time for BFS 27 is 0.000002
TEPS for BFS 27 is 144514 cyrus 65536
Running BFS 28
Time for BFS 28 is 0.453982
Validating BFS 28
Validate time for BFS 28 is 0.000002
TEPS for BFS 28 is 144358 cyrus 65536
Running BFS 29
Time for BFS 29 is 1.026723
Validating BFS 29
Validate time for BFS 29 is 0.000003
TEPS for BFS 29 is 63830.3 cyrus 65536
Running BFS 30
Time for BFS 30 is 0.460633
Validating BFS 30
Validate time for BFS 30 is 0.000003
TEPS for BFS 30 is 142274 cyrus 65536
Running BFS 31
Time for BFS 31 is 0.569798
Validating BFS 31
Validate time for BFS 31 is 0.000003
TEPS for BFS 31 is 115016 cyrus 65536
Running BFS 32
Time for BFS 32 is 0.440314
Validating BFS 32
Validate time for BFS 32 is 0.000003
TEPS for BFS 32 is 148839 cyrus 65536
Running BFS 33
Time for BFS 33 is 0.459764
Validating BFS 33
Validate time for BFS 33 is 0.000004
TEPS for BFS 33 is 142543 cyrus 65536
Running BFS 34
Time for BFS 34 is 0.450244
Validating BFS 34
Validate time for BFS 34 is 0.000002
TEPS for BFS 34 is 145557 cyrus 65536
Running BFS 35
Time for BFS 35 is 0.453483
Validating BFS 35
Validate time for BFS 35 is 0.000004
TEPS for BFS 35 is 144517 cyrus 65536
Running BFS 36
Time for BFS 36 is 0.456769
Validating BFS 36
Validate time for BFS 36 is 0.000003
TEPS for BFS 36 is 143477 cyrus 65536
Running BFS 37
Time for BFS 37 is 0.450496
Validating BFS 37
Validate time for BFS 37 is 0.000004
TEPS for BFS 37 is 145475 cyrus 65536
Running BFS 38
Time for BFS 38 is 0.459670
Validating BFS 38
Validate time for BFS 38 is 0.000003
TEPS for BFS 38 is 142572 cyrus 65536
Running BFS 39
Time for BFS 39 is 0.449828
Validating BFS 39
Validate time for BFS 39 is 0.000004
TEPS for BFS 39 is 145691 cyrus 65536
Running BFS 40
Time for BFS 40 is 0.490672
Validating BFS 40
Validate time for BFS 40 is 0.000003
TEPS for BFS 40 is 133564 cyrus 65536
Running BFS 41
Time for BFS 41 is 2.261036
Validating BFS 41
Validate time for BFS 41 is 0.000004
TEPS for BFS 41 is 28984.9 cyrus 65536
Running BFS 42
Time for BFS 42 is 0.452383
Validating BFS 42
Validate time for BFS 42 is 0.000004
TEPS for BFS 42 is 144868 cyrus 65536
Running BFS 43
Time for BFS 43 is 1.318902
Validating BFS 43
Validate time for BFS 43 is 0.000002
TEPS for BFS 43 is 49689.8 cyrus 65536
Running BFS 44
Time for BFS 44 is 0.569589
Validating BFS 44
Validate time for BFS 44 is 0.000002
TEPS for BFS 44 is 115058 cyrus 65536
Running BFS 45
Time for BFS 45 is 0.450082
Validating BFS 45
Validate time for BFS 45 is 0.000003
TEPS for BFS 45 is 145609 cyrus 65536
Running BFS 46
Time for BFS 46 is 0.456200
Validating BFS 46
Validate time for BFS 46 is 0.000002
TEPS for BFS 46 is 143656 cyrus 65536
Running BFS 47
Time for BFS 47 is 0.448720
Validating BFS 47
Validate time for BFS 47 is 0.000002
TEPS for BFS 47 is 146051 cyrus 65536
Running BFS 48
Time for BFS 48 is 2.278727
Validating BFS 48
Validate time for BFS 48 is 0.000003
TEPS for BFS 48 is 28759.9 cyrus 65536
Running BFS 49
Time for BFS 49 is 0.618728
Validating BFS 49
Validate time for BFS 49 is 0.000004
TEPS for BFS 49 is 105921 cyrus 65536
Running BFS 50
Time for BFS 50 is 0.428674
Validating BFS 50
Validate time for BFS 50 is 0.000003
TEPS for BFS 50 is 152881 cyrus 65536
Running BFS 51
Time for BFS 51 is 0.448787
Validating BFS 51
Validate time for BFS 51 is 0.000004
TEPS for BFS 51 is 146029 cyrus 65536
Running BFS 52
Time for BFS 52 is 2.218786
Validating BFS 52
Validate time for BFS 52 is 0.000002
TEPS for BFS 52 is 29536.9 cyrus 65536
Running BFS 53
Time for BFS 53 is 1.104181
Validating BFS 53
Validate time for BFS 53 is 0.000003
TEPS for BFS 53 is 59352.6 cyrus 65536
Running BFS 54
Time for BFS 54 is 0.523134
Validating BFS 54
Validate time for BFS 54 is 0.000003
TEPS for BFS 54 is 125276 cyrus 65536
Running BFS 55
Time for BFS 55 is 0.398804
Validating BFS 55
Validate time for BFS 55 is 0.000003
TEPS for BFS 55 is 164331 cyrus 65536
Running BFS 56
Time for BFS 56 is 0.398034
Validating BFS 56
Validate time for BFS 56 is 0.000003
TEPS for BFS 56 is 164649 cyrus 65536
Running BFS 57
Time for BFS 57 is 0.549465
Validating BFS 57
Validate time for BFS 57 is 0.000003
TEPS for BFS 57 is 119272 cyrus 65536
Running BFS 58
Time for BFS 58 is 0.558779
Validating BFS 58
Validate time for BFS 58 is 0.000004
TEPS for BFS 58 is 117284 cyrus 65536
Running BFS 59
Time for BFS 59 is 0.468700
Validating BFS 59
Validate time for BFS 59 is 0.000003
TEPS for BFS 59 is 139825 cyrus 65536
Running BFS 60
Time for BFS 60 is 0.448733
Validating BFS 60
Validate time for BFS 60 is 0.000003
TEPS for BFS 60 is 146047 cyrus 65536
Running BFS 61
Time for BFS 61 is 0.458697
Validating BFS 61
Validate time for BFS 61 is 0.000003
TEPS for BFS 61 is 142874 cyrus 65536
Running BFS 62
Time for BFS 62 is 0.458793
Validating BFS 62
Validate time for BFS 62 is 0.000002
TEPS for BFS 62 is 142844 cyrus 65536
Running BFS 63
Time for BFS 63 is 1.208653
Validating BFS 63
Validate time for BFS 63 is 0.000003
TEPS for BFS 63 is 54222.3 cyrus 65536
SCALE:                          12
edgefactor:                     16
NBFS:                           64
graph_generation:               3.26758
num_mpi_processes:              64
construction_time:              0.284176
min_time:                       0.398034
firstquartile_time:             0.449955
median_time:                    0.45873
thirdquartile_time:             0.564742
max_time:                       3.47878
mean_time:                      0.740041
stddev_time:                    0.651219
min_nedge:                      65536
firstquartile_nedge:            65536
median_nedge:                   65536
thirdquartile_nedge:            65536
max_nedge:                      65536
mean_nedge:                     65536
stddev_nedge:                   0
min_TEPS:                       18838.8
firstquartile_TEPS:             116046
median_TEPS:                    142864
thirdquartile_TEPS:             145650
max_TEPS:                       164649
harmonic_mean_TEPS:             88557.3
harmonic_stddev_TEPS:           9818.05
min_validate:                   1.90735e-06
firstquartile_validate:         2.86102e-06
median_validate:                3.09944e-06
thirdquartile_validate:         3.09944e-06
max_validate:                   4.05312e-06
mean_validate:                  2.98023e-06
stddev_validate:                6.7968e-07
This benchmark was run on 64 MPI Processes, Scale 12, written output_64_12.log
