graph_generation:               230.061902 s
construction_time:              552.525534 s
Running BFS 0
Time for BFS 0 is 57.308748
Validating BFS 0
Validate time for BFS 0 is 0.000003
TEPS for BFS 0 is 1.87361e+07 cyrus 1073741824
Running BFS 1
Time for BFS 1 is 35.245729
Validating BFS 1
Validate time for BFS 1 is 0.000002
TEPS for BFS 1 is 3.04645e+07 cyrus 1073741824
Running BFS 2
Time for BFS 2 is 38.455994
Validating BFS 2
Validate time for BFS 2 is 0.000004
TEPS for BFS 2 is 2.79213e+07 cyrus 1073741824
Running BFS 3
Time for BFS 3 is 35.575648
Validating BFS 3
Validate time for BFS 3 is 0.000003
TEPS for BFS 3 is 3.01819e+07 cyrus 1073741824
Running BFS 4
Time for BFS 4 is 28.653820
Validating BFS 4
Validate time for BFS 4 is 0.000004
TEPS for BFS 4 is 3.74729e+07 cyrus 1073741824
Running BFS 5
Time for BFS 5 is 34.254032
Validating BFS 5
Validate time for BFS 5 is 0.000003
TEPS for BFS 5 is 3.13464e+07 cyrus 1073741824
Running BFS 6
Time for BFS 6 is 35.950772
Validating BFS 6
Validate time for BFS 6 is 0.000003
TEPS for BFS 6 is 2.9867e+07 cyrus 1073741824
Running BFS 7
Time for BFS 7 is 34.590590
Validating BFS 7
Validate time for BFS 7 is 0.000004
TEPS for BFS 7 is 3.10414e+07 cyrus 1073741824
Running BFS 8
Time for BFS 8 is 29.470045
Validating BFS 8
Validate time for BFS 8 is 0.000004
TEPS for BFS 8 is 3.6435e+07 cyrus 1073741824
Running BFS 9
Time for BFS 9 is 30.200026
Validating BFS 9
Validate time for BFS 9 is 0.000002
TEPS for BFS 9 is 3.55543e+07 cyrus 1073741824
Running BFS 10
Time for BFS 10 is 27.129728
Validating BFS 10
Validate time for BFS 10 is 0.000003
TEPS for BFS 10 is 3.95781e+07 cyrus 1073741824
Running BFS 11
Time for BFS 11 is 27.268696
Validating BFS 11
Validate time for BFS 11 is 0.000003
TEPS for BFS 11 is 3.93764e+07 cyrus 1073741824
Running BFS 12
Time for BFS 12 is 31.199971
Validating BFS 12
Validate time for BFS 12 is 0.000004
TEPS for BFS 12 is 3.44148e+07 cyrus 1073741824
Running BFS 13
Time for BFS 13 is 26.789598
Validating BFS 13
Validate time for BFS 13 is 0.000003
TEPS for BFS 13 is 4.00806e+07 cyrus 1073741824
Running BFS 14
Time for BFS 14 is 26.859731
Validating BFS 14
Validate time for BFS 14 is 0.000004
TEPS for BFS 14 is 3.99759e+07 cyrus 1073741824
Running BFS 15
Time for BFS 15 is 27.409746
Validating BFS 15
Validate time for BFS 15 is 0.000004
TEPS for BFS 15 is 3.91737e+07 cyrus 1073741824
Running BFS 16
Time for BFS 16 is 31.390119
Validating BFS 16
Validate time for BFS 16 is 0.000003
TEPS for BFS 16 is 3.42064e+07 cyrus 1073741824
Running BFS 17
Time for BFS 17 is 28.337767
Validating BFS 17
Validate time for BFS 17 is 0.000004
TEPS for BFS 17 is 3.78908e+07 cyrus 1073741824
Running BFS 18
Time for BFS 18 is 29.030059
Validating BFS 18
Validate time for BFS 18 is 0.000004
TEPS for BFS 18 is 3.69872e+07 cyrus 1073741824
Running BFS 19
Time for BFS 19 is 32.910247
Validating BFS 19
Validate time for BFS 19 is 0.000003
TEPS for BFS 19 is 3.26264e+07 cyrus 1073741824
Running BFS 20
Time for BFS 20 is 27.619725
Validating BFS 20
Validate time for BFS 20 is 0.000005
TEPS for BFS 20 is 3.88759e+07 cyrus 1073741824
Running BFS 21
Time for BFS 21 is 29.350151
Validating BFS 21
Validate time for BFS 21 is 0.000004
TEPS for BFS 21 is 3.65839e+07 cyrus 1073741824
Running BFS 22
Time for BFS 22 is 26.559593
Validating BFS 22
Validate time for BFS 22 is 0.000004
TEPS for BFS 22 is 4.04276e+07 cyrus 1073741824
Running BFS 23
Time for BFS 23 is 35.920814
Validating BFS 23
Validate time for BFS 23 is 0.000004
TEPS for BFS 23 is 2.98919e+07 cyrus 1073741824
Running BFS 24
Time for BFS 24 is 23.519585
Validating BFS 24
Validate time for BFS 24 is 0.000004
TEPS for BFS 24 is 4.56531e+07 cyrus 1073741824
Running BFS 25
Time for BFS 25 is 32.660508
Validating BFS 25
Validate time for BFS 25 is 0.000005
TEPS for BFS 25 is 3.28758e+07 cyrus 1073741824
Running BFS 26
Time for BFS 26 is 27.889769
Validating BFS 26
Validate time for BFS 26 is 0.000004
TEPS for BFS 26 is 3.84995e+07 cyrus 1073741824
Running BFS 27
Time for BFS 27 is 36.401370
Validating BFS 27
Validate time for BFS 27 is 0.000003
TEPS for BFS 27 is 2.94973e+07 cyrus 1073741824
Running BFS 28
Time for BFS 28 is 30.718168
Validating BFS 28
Validate time for BFS 28 is 0.000005
TEPS for BFS 28 is 3.49546e+07 cyrus 1073741824
Running BFS 29
Time for BFS 29 is 27.320088
Validating BFS 29
Validate time for BFS 29 is 0.000004
TEPS for BFS 29 is 3.93023e+07 cyrus 1073741824
Running BFS 30
Time for BFS 30 is 28.589881
Validating BFS 30
Validate time for BFS 30 is 0.000005
TEPS for BFS 30 is 3.75567e+07 cyrus 1073741824
Running BFS 31
Time for BFS 31 is 28.089947
Validating BFS 31
Validate time for BFS 31 is 0.000004
TEPS for BFS 31 is 3.82251e+07 cyrus 1073741824
Running BFS 32
Time for BFS 32 is 27.909685
Validating BFS 32
Validate time for BFS 32 is 0.000005
TEPS for BFS 32 is 3.8472e+07 cyrus 1073741824
Running BFS 33
Time for BFS 33 is 28.260043
Validating BFS 33
Validate time for BFS 33 is 0.000003
TEPS for BFS 33 is 3.79951e+07 cyrus 1073741824
Running BFS 34
Time for BFS 34 is 28.479689
Validating BFS 34
Validate time for BFS 34 is 0.000004
TEPS for BFS 34 is 3.7702e+07 cyrus 1073741824
Running BFS 35
Time for BFS 35 is 26.619827
Validating BFS 35
Validate time for BFS 35 is 0.000004
TEPS for BFS 35 is 4.03362e+07 cyrus 1073741824
Running BFS 36
Time for BFS 36 is 27.699884
Validating BFS 36
Validate time for BFS 36 is 0.000008
TEPS for BFS 36 is 3.87634e+07 cyrus 1073741824
Running BFS 37
Time for BFS 37 is 31.530877
Validating BFS 37
Validate time for BFS 37 is 0.000005
TEPS for BFS 37 is 3.40537e+07 cyrus 1073741824
Running BFS 38
Time for BFS 38 is 26.719595
Validating BFS 38
Validate time for BFS 38 is 0.000003
TEPS for BFS 38 is 4.01856e+07 cyrus 1073741824
Running BFS 39
Time for BFS 39 is 36.251031
Validating BFS 39
Validate time for BFS 39 is 0.000003
TEPS for BFS 39 is 2.96196e+07 cyrus 1073741824
Running BFS 40
Time for BFS 40 is 32.310603
Validating BFS 40
Validate time for BFS 40 is 0.000003
TEPS for BFS 40 is 3.32319e+07 cyrus 1073741824
Running BFS 41
Time for BFS 41 is 30.128727
Validating BFS 41
Validate time for BFS 41 is 0.000003
TEPS for BFS 41 is 3.56385e+07 cyrus 1073741824
Running BFS 42
Time for BFS 42 is 31.540229
Validating BFS 42
Validate time for BFS 42 is 0.000004
TEPS for BFS 42 is 3.40436e+07 cyrus 1073741824
Running BFS 43
Time for BFS 43 is 28.109988
Validating BFS 43
Validate time for BFS 43 is 0.000003
TEPS for BFS 43 is 3.81979e+07 cyrus 1073741824
Running BFS 44
Time for BFS 44 is 28.009965
Validating BFS 44
Validate time for BFS 44 is 0.000008
TEPS for BFS 44 is 3.83343e+07 cyrus 1073741824
Running BFS 45
Time for BFS 45 is 28.380054
Validating BFS 45
Validate time for BFS 45 is 0.000002
TEPS for BFS 45 is 3.78344e+07 cyrus 1073741824
Running BFS 46
Time for BFS 46 is 27.559707
Validating BFS 46
Validate time for BFS 46 is 0.000005
TEPS for BFS 46 is 3.89606e+07 cyrus 1073741824
Running BFS 47
Time for BFS 47 is 26.730630
Validating BFS 47
Validate time for BFS 47 is 0.000004
TEPS for BFS 47 is 4.0169e+07 cyrus 1073741824
Running BFS 48
Time for BFS 48 is 27.789688
Validating BFS 48
Validate time for BFS 48 is 0.000003
TEPS for BFS 48 is 3.86381e+07 cyrus 1073741824
Running BFS 49
Time for BFS 49 is 32.230386
Validating BFS 49
Validate time for BFS 49 is 0.000004
TEPS for BFS 49 is 3.33146e+07 cyrus 1073741824
Running BFS 50
Time for BFS 50 is 32.570671
Validating BFS 50
Validate time for BFS 50 is 0.000003
TEPS for BFS 50 is 3.29665e+07 cyrus 1073741824
Running BFS 51
Time for BFS 51 is 32.960642
Validating BFS 51
Validate time for BFS 51 is 0.000003
TEPS for BFS 51 is 3.25765e+07 cyrus 1073741824
Running BFS 52
Time for BFS 52 is 28.509569
Validating BFS 52
Validate time for BFS 52 is 0.000005
TEPS for BFS 52 is 3.76625e+07 cyrus 1073741824
Running BFS 53
Time for BFS 53 is 27.289945
Validating BFS 53
Validate time for BFS 53 is 0.000004
TEPS for BFS 53 is 3.93457e+07 cyrus 1073741824
Running BFS 54
Time for BFS 54 is 25.899211
Validating BFS 54
Validate time for BFS 54 is 0.000005
TEPS for BFS 54 is 4.14585e+07 cyrus 1073741824
Running BFS 55
Time for BFS 55 is 28.759892
Validating BFS 55
Validate time for BFS 55 is 0.000003
TEPS for BFS 55 is 3.73347e+07 cyrus 1073741824
Running BFS 56
Time for BFS 56 is 28.500012
Validating BFS 56
Validate time for BFS 56 is 0.000004
TEPS for BFS 56 is 3.76751e+07 cyrus 1073741824
Running BFS 57
Time for BFS 57 is 26.119165
Validating BFS 57
Validate time for BFS 57 is 0.000004
TEPS for BFS 57 is 4.11093e+07 cyrus 1073741824
Running BFS 58
Time for BFS 58 is 29.540029
Validating BFS 58
Validate time for BFS 58 is 0.000005
TEPS for BFS 58 is 3.63487e+07 cyrus 1073741824
Running BFS 59
Time for BFS 59 is 26.969714
Validating BFS 59
Validate time for BFS 59 is 0.000005
TEPS for BFS 59 is 3.98129e+07 cyrus 1073741824
Running BFS 60
Time for BFS 60 is 32.540831
Validating BFS 60
Validate time for BFS 60 is 0.000003
TEPS for BFS 60 is 3.29968e+07 cyrus 1073741824
Running BFS 61
Time for BFS 61 is 26.469547
Validating BFS 61
Validate time for BFS 61 is 0.000005
TEPS for BFS 61 is 4.05652e+07 cyrus 1073741824
Running BFS 62
Time for BFS 62 is 27.119468
Validating BFS 62
Validate time for BFS 62 is 0.000008
TEPS for BFS 62 is 3.9593e+07 cyrus 1073741824
Running BFS 63
Time for BFS 63 is 28.590101
Validating BFS 63
Validate time for BFS 63 is 0.000005
TEPS for BFS 63 is 3.75564e+07 cyrus 1073741824
SCALE:                          26
edgefactor:                     16
NBFS:                           64
graph_generation:               230.062
num_mpi_processes:              32
construction_time:              552.526
min_time:                       23.5196
firstquartile_time:             27.3649
median_time:                    28.5497
thirdquartile_time:             32.2705
max_time:                       57.3087
mean_time:                      30.1683
stddev_time:                    4.70042
min_nedge:                      1073741824
firstquartile_nedge:            1073741824
median_nedge:                   1073741824
thirdquartile_nedge:            1073741824
max_nedge:                      1073741824
mean_nedge:                     1073741824
stddev_nedge:                   0
min_TEPS:                       1.87361e+07
firstquartile_TEPS:             3.32732e+07
median_TEPS:                    3.76095e+07
thirdquartile_TEPS:             3.92379e+07
max_TEPS:                       4.56531e+07
harmonic_mean_TEPS:             3.55917e+07
harmonic_stddev_TEPS:           698658
min_validate:                   1.90735e-06
firstquartile_validate:         3.09944e-06
median_validate:                4.05312e-06
thirdquartile_validate:         4.52995e-06
max_validate:                   8.10623e-06
mean_validate:                  3.98234e-06
stddev_validate:                1.20727e-06
This benchmark was run on 32 MPI Processes, Scale 26, written output_32_26.log
