graph_generation:               49.312017 s
construction_time:              27.096111 s
Running BFS 0
Time for BFS 0 is 2.696404
Validating BFS 0
Validate time for BFS 0 is 0.000004
TEPS for BFS 0 is 2.48883e+07 cyrus 67108864
Running BFS 1
Time for BFS 1 is 2.579235
Validating BFS 1
Validate time for BFS 1 is 0.000003
TEPS for BFS 1 is 2.60189e+07 cyrus 67108864
Running BFS 2
Time for BFS 2 is 2.479281
Validating BFS 2
Validate time for BFS 2 is 0.000003
TEPS for BFS 2 is 2.70679e+07 cyrus 67108864
Running BFS 3
Time for BFS 3 is 2.839471
Validating BFS 3
Validate time for BFS 3 is 0.000003
TEPS for BFS 3 is 2.36343e+07 cyrus 67108864
Running BFS 4
Time for BFS 4 is 2.039195
Validating BFS 4
Validate time for BFS 4 is 0.000003
TEPS for BFS 4 is 3.29095e+07 cyrus 67108864
Running BFS 5
Time for BFS 5 is 2.509225
Validating BFS 5
Validate time for BFS 5 is 0.000002
TEPS for BFS 5 is 2.67449e+07 cyrus 67108864
Running BFS 6
Time for BFS 6 is 2.509201
Validating BFS 6
Validate time for BFS 6 is 0.000003
TEPS for BFS 6 is 2.67451e+07 cyrus 67108864
Running BFS 7
Time for BFS 7 is 2.399200
Validating BFS 7
Validate time for BFS 7 is 0.000002
TEPS for BFS 7 is 2.79713e+07 cyrus 67108864
Running BFS 8
Time for BFS 8 is 2.319187
Validating BFS 8
Validate time for BFS 8 is 0.000002
TEPS for BFS 8 is 2.89364e+07 cyrus 67108864
Running BFS 9
Time for BFS 9 is 2.359326
Validating BFS 9
Validate time for BFS 9 is 0.000002
TEPS for BFS 9 is 2.84441e+07 cyrus 67108864
Running BFS 10
Time for BFS 10 is 2.429267
Validating BFS 10
Validate time for BFS 10 is 0.000003
TEPS for BFS 10 is 2.76251e+07 cyrus 67108864
Running BFS 11
Time for BFS 11 is 1.969098
Validating BFS 11
Validate time for BFS 11 is 0.000002
TEPS for BFS 11 is 3.4081e+07 cyrus 67108864
Running BFS 12
Time for BFS 12 is 2.399221
Validating BFS 12
Validate time for BFS 12 is 0.000003
TEPS for BFS 12 is 2.79711e+07 cyrus 67108864
Running BFS 13
Time for BFS 13 is 2.429203
Validating BFS 13
Validate time for BFS 13 is 0.000002
TEPS for BFS 13 is 2.76259e+07 cyrus 67108864
Running BFS 14
Time for BFS 14 is 2.349283
Validating BFS 14
Validate time for BFS 14 is 0.000003
TEPS for BFS 14 is 2.85657e+07 cyrus 67108864
Running BFS 15
Time for BFS 15 is 2.429190
Validating BFS 15
Validate time for BFS 15 is 0.000003
TEPS for BFS 15 is 2.7626e+07 cyrus 67108864
Running BFS 16
Time for BFS 16 is 2.959228
Validating BFS 16
Validate time for BFS 16 is 0.000002
TEPS for BFS 16 is 2.26778e+07 cyrus 67108864
Running BFS 17
Time for BFS 17 is 2.499337
Validating BFS 17
Validate time for BFS 17 is 0.000003
TEPS for BFS 17 is 2.68507e+07 cyrus 67108864
Running BFS 18
Time for BFS 18 is 2.359231
Validating BFS 18
Validate time for BFS 18 is 0.000003
TEPS for BFS 18 is 2.84452e+07 cyrus 67108864
Running BFS 19
Time for BFS 19 is 2.309205
Validating BFS 19
Validate time for BFS 19 is 0.000003
TEPS for BFS 19 is 2.90615e+07 cyrus 67108864
Running BFS 20
Time for BFS 20 is 2.309235
Validating BFS 20
Validate time for BFS 20 is 0.000003
TEPS for BFS 20 is 2.90611e+07 cyrus 67108864
Running BFS 21
Time for BFS 21 is 2.439270
Validating BFS 21
Validate time for BFS 21 is 0.000003
TEPS for BFS 21 is 2.75119e+07 cyrus 67108864
Running BFS 22
Time for BFS 22 is 2.389211
Validating BFS 22
Validate time for BFS 22 is 0.000004
TEPS for BFS 22 is 2.80883e+07 cyrus 67108864
Running BFS 23
Time for BFS 23 is 2.349335
Validating BFS 23
Validate time for BFS 23 is 0.000002
TEPS for BFS 23 is 2.8565e+07 cyrus 67108864
Running BFS 24
Time for BFS 24 is 2.019200
Validating BFS 24
Validate time for BFS 24 is 0.000003
TEPS for BFS 24 is 3.32354e+07 cyrus 67108864
Running BFS 25
Time for BFS 25 is 2.069264
Validating BFS 25
Validate time for BFS 25 is 0.000003
TEPS for BFS 25 is 3.24313e+07 cyrus 67108864
Running BFS 26
Time for BFS 26 is 2.539300
Validating BFS 26
Validate time for BFS 26 is 0.000003
TEPS for BFS 26 is 2.64281e+07 cyrus 67108864
Running BFS 27
Time for BFS 27 is 2.439122
Validating BFS 27
Validate time for BFS 27 is 0.000003
TEPS for BFS 27 is 2.75135e+07 cyrus 67108864
Running BFS 28
Time for BFS 28 is 2.899378
Validating BFS 28
Validate time for BFS 28 is 0.000004
TEPS for BFS 28 is 2.3146e+07 cyrus 67108864
Running BFS 29
Time for BFS 29 is 2.449368
Validating BFS 29
Validate time for BFS 29 is 0.000003
TEPS for BFS 29 is 2.73984e+07 cyrus 67108864
Running BFS 30
Time for BFS 30 is 1.979160
Validating BFS 30
Validate time for BFS 30 is 0.000003
TEPS for BFS 30 is 3.39077e+07 cyrus 67108864
Running BFS 31
Time for BFS 31 is 2.399245
Validating BFS 31
Validate time for BFS 31 is 0.000003
TEPS for BFS 31 is 2.79708e+07 cyrus 67108864
Running BFS 32
Time for BFS 32 is 2.439215
Validating BFS 32
Validate time for BFS 32 is 0.000002
TEPS for BFS 32 is 2.75125e+07 cyrus 67108864
Running BFS 33
Time for BFS 33 is 2.339168
Validating BFS 33
Validate time for BFS 33 is 0.000003
TEPS for BFS 33 is 2.86892e+07 cyrus 67108864
Running BFS 34
Time for BFS 34 is 2.389338
Validating BFS 34
Validate time for BFS 34 is 0.000003
TEPS for BFS 34 is 2.80868e+07 cyrus 67108864
Running BFS 35
Time for BFS 35 is 2.379261
Validating BFS 35
Validate time for BFS 35 is 0.000003
TEPS for BFS 35 is 2.82058e+07 cyrus 67108864
Running BFS 36
Time for BFS 36 is 2.499298
Validating BFS 36
Validate time for BFS 36 is 0.000003
TEPS for BFS 36 is 2.68511e+07 cyrus 67108864
Running BFS 37
Time for BFS 37 is 2.389215
Validating BFS 37
Validate time for BFS 37 is 0.000003
TEPS for BFS 37 is 2.80882e+07 cyrus 67108864
Running BFS 38
Time for BFS 38 is 2.789287
Validating BFS 38
Validate time for BFS 38 is 0.000002
TEPS for BFS 38 is 2.40595e+07 cyrus 67108864
Running BFS 39
Time for BFS 39 is 1.939155
Validating BFS 39
Validate time for BFS 39 is 0.000003
TEPS for BFS 39 is 3.46073e+07 cyrus 67108864
Running BFS 40
Time for BFS 40 is 2.469187
Validating BFS 40
Validate time for BFS 40 is 0.000003
TEPS for BFS 40 is 2.71785e+07 cyrus 67108864
Running BFS 41
Time for BFS 41 is 2.349407
Validating BFS 41
Validate time for BFS 41 is 0.000003
TEPS for BFS 41 is 2.85642e+07 cyrus 67108864
Running BFS 42
Time for BFS 42 is 2.309129
Validating BFS 42
Validate time for BFS 42 is 0.000002
TEPS for BFS 42 is 2.90624e+07 cyrus 67108864
Running BFS 43
Time for BFS 43 is 2.279191
Validating BFS 43
Validate time for BFS 43 is 0.000002
TEPS for BFS 43 is 2.94442e+07 cyrus 67108864
Running BFS 44
Time for BFS 44 is 2.329242
Validating BFS 44
Validate time for BFS 44 is 0.000003
TEPS for BFS 44 is 2.88115e+07 cyrus 67108864
Running BFS 45
Time for BFS 45 is 2.279267
Validating BFS 45
Validate time for BFS 45 is 0.000002
TEPS for BFS 45 is 2.94432e+07 cyrus 67108864
Running BFS 46
Time for BFS 46 is 2.809348
Validating BFS 46
Validate time for BFS 46 is 0.000003
TEPS for BFS 46 is 2.38877e+07 cyrus 67108864
Running BFS 47
Time for BFS 47 is 2.349157
Validating BFS 47
Validate time for BFS 47 is 0.000003
TEPS for BFS 47 is 2.85672e+07 cyrus 67108864
Running BFS 48
Time for BFS 48 is 2.419189
Validating BFS 48
Validate time for BFS 48 is 0.000002
TEPS for BFS 48 is 2.77402e+07 cyrus 67108864
Running BFS 49
Time for BFS 49 is 2.339348
Validating BFS 49
Validate time for BFS 49 is 0.000005
TEPS for BFS 49 is 2.8687e+07 cyrus 67108864
Running BFS 50
Time for BFS 50 is 2.329143
Validating BFS 50
Validate time for BFS 50 is 0.000003
TEPS for BFS 50 is 2.88127e+07 cyrus 67108864
Running BFS 51
Time for BFS 51 is 2.399355
Validating BFS 51
Validate time for BFS 51 is 0.000002
TEPS for BFS 51 is 2.79695e+07 cyrus 67108864
Running BFS 52
Time for BFS 52 is 2.459131
Validating BFS 52
Validate time for BFS 52 is 0.000002
TEPS for BFS 52 is 2.72897e+07 cyrus 67108864
Running BFS 53
Time for BFS 53 is 2.489240
Validating BFS 53
Validate time for BFS 53 is 0.000003
TEPS for BFS 53 is 2.69596e+07 cyrus 67108864
Running BFS 54
Time for BFS 54 is 2.029238
Validating BFS 54
Validate time for BFS 54 is 0.000004
TEPS for BFS 54 is 3.3071e+07 cyrus 67108864
Running BFS 55
Time for BFS 55 is 2.449414
Validating BFS 55
Validate time for BFS 55 is 0.000003
TEPS for BFS 55 is 2.73979e+07 cyrus 67108864
Running BFS 56
Time for BFS 56 is 2.509335
Validating BFS 56
Validate time for BFS 56 is 0.000003
TEPS for BFS 56 is 2.67437e+07 cyrus 67108864
Running BFS 57
Time for BFS 57 is 2.369157
Validating BFS 57
Validate time for BFS 57 is 0.000003
TEPS for BFS 57 is 2.83261e+07 cyrus 67108864
Running BFS 58
Time for BFS 58 is 2.379167
Validating BFS 58
Validate time for BFS 58 is 0.000003
TEPS for BFS 58 is 2.82069e+07 cyrus 67108864
Running BFS 59
Time for BFS 59 is 2.399280
Validating BFS 59
Validate time for BFS 59 is 0.000003
TEPS for BFS 59 is 2.79704e+07 cyrus 67108864
Running BFS 60
Time for BFS 60 is 2.499203
Validating BFS 60
Validate time for BFS 60 is 0.000003
TEPS for BFS 60 is 2.68521e+07 cyrus 67108864
Running BFS 61
Time for BFS 61 is 2.509317
Validating BFS 61
Validate time for BFS 61 is 0.000003
TEPS for BFS 61 is 2.67439e+07 cyrus 67108864
Running BFS 62
Time for BFS 62 is 2.309164
Validating BFS 62
Validate time for BFS 62 is 0.000003
TEPS for BFS 62 is 2.9062e+07 cyrus 67108864
Running BFS 63
Time for BFS 63 is 2.469170
Validating BFS 63
Validate time for BFS 63 is 0.000003
TEPS for BFS 63 is 2.71787e+07 cyrus 67108864
SCALE:                          22
edgefactor:                     16
NBFS:                           64
graph_generation:               49.312
num_mpi_processes:              32
construction_time:              27.0961
min_time:                       1.93916
firstquartile_time:             2.3342
median_time:                    2.39923
thirdquartile_time:             2.48426
max_time:                       2.95923
mean_time:                      2.40373
stddev_time:                    0.200356
min_nedge:                      67108864
firstquartile_nedge:            67108864
median_nedge:                   67108864
thirdquartile_nedge:            67108864
max_nedge:                      67108864
mean_nedge:                     67108864
stddev_nedge:                   0
min_TEPS:                       2.26778e+07
firstquartile_TEPS:             2.70136e+07
median_TEPS:                    2.7971e+07
thirdquartile_TEPS:             2.87502e+07
max_TEPS:                       3.46073e+07
harmonic_mean_TEPS:             2.79186e+07
harmonic_stddev_TEPS:           293184
min_validate:                   1.90735e-06
firstquartile_validate:         2.5034e-06
median_validate:                2.86102e-06
thirdquartile_validate:         3.09944e-06
max_validate:                   5.00679e-06
mean_validate:                  2.83122e-06
stddev_validate:                6.35073e-07
This benchmark was run on 32 MPI Processes, Scale 22, written output_32_22.log
