graph_generation:               41.191872 s
construction_time:              24.903286 s
Running BFS 0
Time for BFS 0 is 1.102920
Validating BFS 0
Validate time for BFS 0 is 0.000003
TEPS for BFS 0 is 7.60582e+06 cyrus 8388608
Running BFS 1
Time for BFS 1 is 1.060045
Validating BFS 1
Validate time for BFS 1 is 0.000002
TEPS for BFS 1 is 7.91345e+06 cyrus 8388608
Running BFS 2
Time for BFS 2 is 1.099865
Validating BFS 2
Validate time for BFS 2 is 0.000002
TEPS for BFS 2 is 7.62694e+06 cyrus 8388608
Running BFS 3
Time for BFS 3 is 1.090042
Validating BFS 3
Validate time for BFS 3 is 0.000003
TEPS for BFS 3 is 7.69567e+06 cyrus 8388608
Running BFS 4
Time for BFS 4 is 1.100004
Validating BFS 4
Validate time for BFS 4 is 0.000002
TEPS for BFS 4 is 7.62598e+06 cyrus 8388608
Running BFS 5
Time for BFS 5 is 0.929840
Validating BFS 5
Validate time for BFS 5 is 0.000003
TEPS for BFS 5 is 9.02156e+06 cyrus 8388608
Running BFS 6
Time for BFS 6 is 1.129926
Validating BFS 6
Validate time for BFS 6 is 0.000002
TEPS for BFS 6 is 7.42403e+06 cyrus 8388608
Running BFS 7
Time for BFS 7 is 1.099971
Validating BFS 7
Validate time for BFS 7 is 0.000002
TEPS for BFS 7 is 7.62621e+06 cyrus 8388608
Running BFS 8
Time for BFS 8 is 1.139962
Validating BFS 8
Validate time for BFS 8 is 0.000003
TEPS for BFS 8 is 7.35867e+06 cyrus 8388608
Running BFS 9
Time for BFS 9 is 1.140040
Validating BFS 9
Validate time for BFS 9 is 0.000003
TEPS for BFS 9 is 7.35817e+06 cyrus 8388608
Running BFS 10
Time for BFS 10 is 1.129913
Validating BFS 10
Validate time for BFS 10 is 0.000002
TEPS for BFS 10 is 7.42412e+06 cyrus 8388608
Running BFS 11
Time for BFS 11 is 1.189919
Validating BFS 11
Validate time for BFS 11 is 0.000003
TEPS for BFS 11 is 7.04973e+06 cyrus 8388608
Running BFS 12
Time for BFS 12 is 1.240054
Validating BFS 12
Validate time for BFS 12 is 0.000002
TEPS for BFS 12 is 6.76471e+06 cyrus 8388608
Running BFS 13
Time for BFS 13 is 1.190074
Validating BFS 13
Validate time for BFS 13 is 0.000003
TEPS for BFS 13 is 7.04881e+06 cyrus 8388608
Running BFS 14
Time for BFS 14 is 1.129849
Validating BFS 14
Validate time for BFS 14 is 0.000002
TEPS for BFS 14 is 7.42454e+06 cyrus 8388608
Running BFS 15
Time for BFS 15 is 1.130047
Validating BFS 15
Validate time for BFS 15 is 0.000003
TEPS for BFS 15 is 7.42324e+06 cyrus 8388608
Running BFS 16
Time for BFS 16 is 1.170040
Validating BFS 16
Validate time for BFS 16 is 0.000003
TEPS for BFS 16 is 7.1695e+06 cyrus 8388608
Running BFS 17
Time for BFS 17 is 0.949939
Validating BFS 17
Validate time for BFS 17 is 0.000002
TEPS for BFS 17 is 8.83068e+06 cyrus 8388608
Running BFS 18
Time for BFS 18 is 1.109945
Validating BFS 18
Validate time for BFS 18 is 0.000002
TEPS for BFS 18 is 7.55768e+06 cyrus 8388608
Running BFS 19
Time for BFS 19 is 0.939847
Validating BFS 19
Validate time for BFS 19 is 0.000002
TEPS for BFS 19 is 8.9255e+06 cyrus 8388608
Running BFS 20
Time for BFS 20 is 1.119963
Validating BFS 20
Validate time for BFS 20 is 0.000003
TEPS for BFS 20 is 7.49008e+06 cyrus 8388608
Running BFS 21
Time for BFS 21 is 1.140042
Validating BFS 21
Validate time for BFS 21 is 0.000002
TEPS for BFS 21 is 7.35816e+06 cyrus 8388608
Running BFS 22
Time for BFS 22 is 1.090069
Validating BFS 22
Validate time for BFS 22 is 0.000003
TEPS for BFS 22 is 7.69548e+06 cyrus 8388608
Running BFS 23
Time for BFS 23 is 1.080021
Validating BFS 23
Validate time for BFS 23 is 0.000002
TEPS for BFS 23 is 7.76708e+06 cyrus 8388608
Running BFS 24
Time for BFS 24 is 1.069955
Validating BFS 24
Validate time for BFS 24 is 0.000002
TEPS for BFS 24 is 7.84015e+06 cyrus 8388608
Running BFS 25
Time for BFS 25 is 1.109906
Validating BFS 25
Validate time for BFS 25 is 0.000003
TEPS for BFS 25 is 7.55794e+06 cyrus 8388608
Running BFS 26
Time for BFS 26 is 1.110092
Validating BFS 26
Validate time for BFS 26 is 0.000003
TEPS for BFS 26 is 7.55668e+06 cyrus 8388608
Running BFS 27
Time for BFS 27 is 1.069991
Validating BFS 27
Validate time for BFS 27 is 0.000002
TEPS for BFS 27 is 7.83989e+06 cyrus 8388608
Running BFS 28
Time for BFS 28 is 1.129924
Validating BFS 28
Validate time for BFS 28 is 0.000003
TEPS for BFS 28 is 7.42405e+06 cyrus 8388608
Running BFS 29
Time for BFS 29 is 1.119884
Validating BFS 29
Validate time for BFS 29 is 0.000002
TEPS for BFS 29 is 7.4906e+06 cyrus 8388608
Running BFS 30
Time for BFS 30 is 1.120055
Validating BFS 30
Validate time for BFS 30 is 0.000002
TEPS for BFS 30 is 7.48946e+06 cyrus 8388608
Running BFS 31
Time for BFS 31 is 1.060047
Validating BFS 31
Validate time for BFS 31 is 0.000002
TEPS for BFS 31 is 7.91343e+06 cyrus 8388608
Running BFS 32
Time for BFS 32 is 1.139962
Validating BFS 32
Validate time for BFS 32 is 0.000002
TEPS for BFS 32 is 7.35867e+06 cyrus 8388608
Running BFS 33
Time for BFS 33 is 1.179898
Validating BFS 33
Validate time for BFS 33 is 0.000002
TEPS for BFS 33 is 7.1096e+06 cyrus 8388608
Running BFS 34
Time for BFS 34 is 1.000025
Validating BFS 34
Validate time for BFS 34 is 0.000002
TEPS for BFS 34 is 8.3884e+06 cyrus 8388608
Running BFS 35
Time for BFS 35 is 1.180028
Validating BFS 35
Validate time for BFS 35 is 0.000003
TEPS for BFS 35 is 7.10882e+06 cyrus 8388608
Running BFS 36
Time for BFS 36 is 1.200115
Validating BFS 36
Validate time for BFS 36 is 0.000002
TEPS for BFS 36 is 6.98984e+06 cyrus 8388608
Running BFS 37
Time for BFS 37 is 1.229853
Validating BFS 37
Validate time for BFS 37 is 0.000002
TEPS for BFS 37 is 6.82082e+06 cyrus 8388608
Running BFS 38
Time for BFS 38 is 1.029959
Validating BFS 38
Validate time for BFS 38 is 0.000002
TEPS for BFS 38 is 8.1446e+06 cyrus 8388608
Running BFS 39
Time for BFS 39 is 1.230116
Validating BFS 39
Validate time for BFS 39 is 0.000002
TEPS for BFS 39 is 6.81936e+06 cyrus 8388608
Running BFS 40
Time for BFS 40 is 1.229993
Validating BFS 40
Validate time for BFS 40 is 0.000002
TEPS for BFS 40 is 6.82004e+06 cyrus 8388608
Running BFS 41
Time for BFS 41 is 1.210062
Validating BFS 41
Validate time for BFS 41 is 0.000003
TEPS for BFS 41 is 6.93238e+06 cyrus 8388608
Running BFS 42
Time for BFS 42 is 1.200054
Validating BFS 42
Validate time for BFS 42 is 0.000002
TEPS for BFS 42 is 6.99019e+06 cyrus 8388608
Running BFS 43
Time for BFS 43 is 1.210078
Validating BFS 43
Validate time for BFS 43 is 0.000002
TEPS for BFS 43 is 6.93229e+06 cyrus 8388608
Running BFS 44
Time for BFS 44 is 1.209983
Validating BFS 44
Validate time for BFS 44 is 0.000002
TEPS for BFS 44 is 6.93283e+06 cyrus 8388608
Running BFS 45
Time for BFS 45 is 1.219846
Validating BFS 45
Validate time for BFS 45 is 0.000002
TEPS for BFS 45 is 6.87678e+06 cyrus 8388608
Running BFS 46
Time for BFS 46 is 1.200005
Validating BFS 46
Validate time for BFS 46 is 0.000002
TEPS for BFS 46 is 6.99048e+06 cyrus 8388608
Running BFS 47
Time for BFS 47 is 1.160036
Validating BFS 47
Validate time for BFS 47 is 0.000003
TEPS for BFS 47 is 7.23133e+06 cyrus 8388608
Running BFS 48
Time for BFS 48 is 1.150015
Validating BFS 48
Validate time for BFS 48 is 0.000003
TEPS for BFS 48 is 7.29435e+06 cyrus 8388608
Running BFS 49
Time for BFS 49 is 1.160006
Validating BFS 49
Validate time for BFS 49 is 0.000003
TEPS for BFS 49 is 7.23152e+06 cyrus 8388608
Running BFS 50
Time for BFS 50 is 1.169959
Validating BFS 50
Validate time for BFS 50 is 0.000002
TEPS for BFS 50 is 7.17e+06 cyrus 8388608
Running BFS 51
Time for BFS 51 is 0.979875
Validating BFS 51
Validate time for BFS 51 is 0.000003
TEPS for BFS 51 is 8.5609e+06 cyrus 8388608
Running BFS 52
Time for BFS 52 is 1.159964
Validating BFS 52
Validate time for BFS 52 is 0.000003
TEPS for BFS 52 is 7.23178e+06 cyrus 8388608
Running BFS 53
Time for BFS 53 is 1.150044
Validating BFS 53
Validate time for BFS 53 is 0.000002
TEPS for BFS 53 is 7.29416e+06 cyrus 8388608
Running BFS 54
Time for BFS 54 is 1.119939
Validating BFS 54
Validate time for BFS 54 is 0.000002
TEPS for BFS 54 is 7.49024e+06 cyrus 8388608
Running BFS 55
Time for BFS 55 is 1.099942
Validating BFS 55
Validate time for BFS 55 is 0.000003
TEPS for BFS 55 is 7.62641e+06 cyrus 8388608
Running BFS 56
Time for BFS 56 is 1.090038
Validating BFS 56
Validate time for BFS 56 is 0.000002
TEPS for BFS 56 is 7.6957e+06 cyrus 8388608
Running BFS 57
Time for BFS 57 is 1.140041
Validating BFS 57
Validate time for BFS 57 is 0.000002
TEPS for BFS 57 is 7.35816e+06 cyrus 8388608
Running BFS 58
Time for BFS 58 is 1.119953
Validating BFS 58
Validate time for BFS 58 is 0.000003
TEPS for BFS 58 is 7.49014e+06 cyrus 8388608
Running BFS 59
Time for BFS 59 is 1.099915
Validating BFS 59
Validate time for BFS 59 is 0.000002
TEPS for BFS 59 is 7.6266e+06 cyrus 8388608
Running BFS 60
Time for BFS 60 is 1.140041
Validating BFS 60
Validate time for BFS 60 is 0.000003
TEPS for BFS 60 is 7.35816e+06 cyrus 8388608
Running BFS 61
Time for BFS 61 is 1.070118
Validating BFS 61
Validate time for BFS 61 is 0.000002
TEPS for BFS 61 is 7.83896e+06 cyrus 8388608
Running BFS 62
Time for BFS 62 is 1.049900
Validating BFS 62
Validate time for BFS 62 is 0.000003
TEPS for BFS 62 is 7.98991e+06 cyrus 8388608
Running BFS 63
Time for BFS 63 is 1.079904
Validating BFS 63
Validate time for BFS 63 is 0.000002
TEPS for BFS 63 is 7.76792e+06 cyrus 8388608
SCALE:                          19
edgefactor:                     16
NBFS:                           64
graph_generation:               41.1919
num_mpi_processes:              32
construction_time:              24.9033
min_time:                       0.92984
firstquartile_time:             1.09006
median_time:                    1.12988
thirdquartile_time:             1.17
max_time:                       1.24005
mean_time:                      1.12347
stddev_time:                    0.0693184
min_nedge:                      8388608
firstquartile_nedge:            8388608
median_nedge:                   8388608
thirdquartile_nedge:            8388608
max_nedge:                      8388608
mean_nedge:                     8388608
stddev_nedge:                   0
min_TEPS:                       6.76471e+06
firstquartile_TEPS:             7.16975e+06
median_TEPS:                    7.42433e+06
thirdquartile_TEPS:             7.69558e+06
max_TEPS:                       9.02156e+06
harmonic_mean_TEPS:             7.46672e+06
harmonic_stddev_TEPS:           58042.7
min_validate:                   1.90735e-06
firstquartile_validate:         1.90735e-06
median_validate:                2.14577e-06
thirdquartile_validate:         2.86102e-06
max_validate:                   3.09944e-06
mean_validate:                  2.38419e-06
stddev_validate:                4.99027e-07
This benchmark was run on 32 MPI Processes, Scale 19, written output_32_19.log
