graph_generation:               2.633679 s
construction_time:              0.173243 s
Running BFS 0
Time for BFS 0 is 0.346511
Validating BFS 0
Validate time for BFS 0 is 0.000003
TEPS for BFS 0 is 5910.35 cyrus 2048
Running BFS 1
Time for BFS 1 is 0.299845
Validating BFS 1
Validate time for BFS 1 is 0.000003
TEPS for BFS 1 is 6830.2 cyrus 2048
Running BFS 2
Time for BFS 2 is 0.340075
Validating BFS 2
Validate time for BFS 2 is 0.000003
TEPS for BFS 2 is 6022.2 cyrus 2048
Running BFS 3
Time for BFS 3 is 0.309908
Validating BFS 3
Validate time for BFS 3 is 0.000003
TEPS for BFS 3 is 6608.41 cyrus 2048
Running BFS 4
Time for BFS 4 is 0.309814
Validating BFS 4
Validate time for BFS 4 is 0.000003
TEPS for BFS 4 is 6610.41 cyrus 2048
Running BFS 5
Time for BFS 5 is 0.310319
Validating BFS 5
Validate time for BFS 5 is 0.000003
TEPS for BFS 5 is 6599.66 cyrus 2048
Running BFS 6
Time for BFS 6 is 0.309649
Validating BFS 6
Validate time for BFS 6 is 0.000002
TEPS for BFS 6 is 6613.94 cyrus 2048
Running BFS 7
Time for BFS 7 is 0.449876
Validating BFS 7
Validate time for BFS 7 is 0.000002
TEPS for BFS 7 is 4552.36 cyrus 2048
Running BFS 8
Time for BFS 8 is 0.350093
Validating BFS 8
Validate time for BFS 8 is 0.000003
TEPS for BFS 8 is 5849.88 cyrus 2048
Running BFS 9
Time for BFS 9 is 0.349792
Validating BFS 9
Validate time for BFS 9 is 0.000004
TEPS for BFS 9 is 5854.91 cyrus 2048
Running BFS 10
Time for BFS 10 is 0.349851
Validating BFS 10
Validate time for BFS 10 is 0.000002
TEPS for BFS 10 is 5853.92 cyrus 2048
Running BFS 11
Time for BFS 11 is 0.340080
Validating BFS 11
Validate time for BFS 11 is 0.000002
TEPS for BFS 11 is 6022.11 cyrus 2048
Running BFS 12
Time for BFS 12 is 0.349823
Validating BFS 12
Validate time for BFS 12 is 0.000004
TEPS for BFS 12 is 5854.39 cyrus 2048
Running BFS 13
Time for BFS 13 is 0.340125
Validating BFS 13
Validate time for BFS 13 is 0.000003
TEPS for BFS 13 is 6021.31 cyrus 2048
Running BFS 14
Time for BFS 14 is 0.319856
Validating BFS 14
Validate time for BFS 14 is 0.000002
TEPS for BFS 14 is 6402.88 cyrus 2048
Running BFS 15
Time for BFS 15 is 0.329787
Validating BFS 15
Validate time for BFS 15 is 0.000003
TEPS for BFS 15 is 6210.07 cyrus 2048
Running BFS 16
Time for BFS 16 is 0.309847
Validating BFS 16
Validate time for BFS 16 is 0.000003
TEPS for BFS 16 is 6609.71 cyrus 2048
Running BFS 17
Time for BFS 17 is 0.300263
Validating BFS 17
Validate time for BFS 17 is 0.000003
TEPS for BFS 17 is 6820.69 cyrus 2048
Running BFS 18
Time for BFS 18 is 0.309766
Validating BFS 18
Validate time for BFS 18 is 0.000002
TEPS for BFS 18 is 6611.44 cyrus 2048
Running BFS 19
Time for BFS 19 is 0.399910
Validating BFS 19
Validate time for BFS 19 is 0.000002
TEPS for BFS 19 is 5121.15 cyrus 2048
Running BFS 20
Time for BFS 20 is 0.310211
Validating BFS 20
Validate time for BFS 20 is 0.000003
TEPS for BFS 20 is 6601.96 cyrus 2048
Running BFS 21
Time for BFS 21 is 0.339864
Validating BFS 21
Validate time for BFS 21 is 0.000003
TEPS for BFS 21 is 6025.94 cyrus 2048
Running BFS 22
Time for BFS 22 is 0.349796
Validating BFS 22
Validate time for BFS 22 is 0.000003
TEPS for BFS 22 is 5854.84 cyrus 2048
Running BFS 23
Time for BFS 23 is 0.350145
Validating BFS 23
Validate time for BFS 23 is 0.000002
TEPS for BFS 23 is 5849.01 cyrus 2048
Running BFS 24
Time for BFS 24 is 0.319775
Validating BFS 24
Validate time for BFS 24 is 0.000003
TEPS for BFS 24 is 6404.5 cyrus 2048
Running BFS 25
Time for BFS 25 is 0.299891
Validating BFS 25
Validate time for BFS 25 is 0.000003
TEPS for BFS 25 is 6829.15 cyrus 2048
Running BFS 26
Time for BFS 26 is 0.300165
Validating BFS 26
Validate time for BFS 26 is 0.000002
TEPS for BFS 26 is 6822.91 cyrus 2048
Running BFS 27
Time for BFS 27 is 0.299803
Validating BFS 27
Validate time for BFS 27 is 0.000003
TEPS for BFS 27 is 6831.15 cyrus 2048
Running BFS 28
Time for BFS 28 is 0.439825
Validating BFS 28
Validate time for BFS 28 is 0.000003
TEPS for BFS 28 is 4656.4 cyrus 2048
Running BFS 29
Time for BFS 29 is 0.350147
Validating BFS 29
Validate time for BFS 29 is 0.000002
TEPS for BFS 29 is 5848.97 cyrus 2048
Running BFS 30
Time for BFS 30 is 0.429851
Validating BFS 30
Validate time for BFS 30 is 0.000004
TEPS for BFS 30 is 4764.44 cyrus 2048
Running BFS 31
Time for BFS 31 is 0.410024
Validating BFS 31
Validate time for BFS 31 is 0.000003
TEPS for BFS 31 is 4994.83 cyrus 2048
Running BFS 32
Time for BFS 32 is 0.299769
Validating BFS 32
Validate time for BFS 32 is 0.000003
TEPS for BFS 32 is 6831.93 cyrus 2048
Running BFS 33
Time for BFS 33 is 0.299849
Validating BFS 33
Validate time for BFS 33 is 0.000004
TEPS for BFS 33 is 6830.11 cyrus 2048
Running BFS 34
Time for BFS 34 is 0.300260
Validating BFS 34
Validate time for BFS 34 is 0.000003
TEPS for BFS 34 is 6820.75 cyrus 2048
Running BFS 35
Time for BFS 35 is 0.299809
Validating BFS 35
Validate time for BFS 35 is 0.000004
TEPS for BFS 35 is 6831.02 cyrus 2048
Running BFS 36
Time for BFS 36 is 0.299794
Validating BFS 36
Validate time for BFS 36 is 0.000003
TEPS for BFS 36 is 6831.36 cyrus 2048
Running BFS 37
Time for BFS 37 is 0.299880
Validating BFS 37
Validate time for BFS 37 is 0.000002
TEPS for BFS 37 is 6829.4 cyrus 2048
Running BFS 38
Time for BFS 38 is 0.300156
Validating BFS 38
Validate time for BFS 38 is 0.000003
TEPS for BFS 38 is 6823.12 cyrus 2048
Running BFS 39
Time for BFS 39 is 0.339855
Validating BFS 39
Validate time for BFS 39 is 0.000004
TEPS for BFS 39 is 6026.1 cyrus 2048
Running BFS 40
Time for BFS 40 is 0.440285
Validating BFS 40
Validate time for BFS 40 is 0.000003
TEPS for BFS 40 is 4651.53 cyrus 2048
Running BFS 41
Time for BFS 41 is 0.299789
Validating BFS 41
Validate time for BFS 41 is 0.000003
TEPS for BFS 41 is 6831.47 cyrus 2048
Running BFS 42
Time for BFS 42 is 0.299813
Validating BFS 42
Validate time for BFS 42 is 0.000002
TEPS for BFS 42 is 6830.92 cyrus 2048
Running BFS 43
Time for BFS 43 is 0.299878
Validating BFS 43
Validate time for BFS 43 is 0.000002
TEPS for BFS 43 is 6829.44 cyrus 2048
Running BFS 44
Time for BFS 44 is 0.309939
Validating BFS 44
Validate time for BFS 44 is 0.000002
TEPS for BFS 44 is 6607.75 cyrus 2048
Running BFS 45
Time for BFS 45 is 0.309860
Validating BFS 45
Validate time for BFS 45 is 0.000003
TEPS for BFS 45 is 6609.44 cyrus 2048
Running BFS 46
Time for BFS 46 is 0.299934
Validating BFS 46
Validate time for BFS 46 is 0.000002
TEPS for BFS 46 is 6828.17 cyrus 2048
Running BFS 47
Time for BFS 47 is 0.300208
Validating BFS 47
Validate time for BFS 47 is 0.000002
TEPS for BFS 47 is 6821.93 cyrus 2048
Running BFS 48
Time for BFS 48 is 0.329821
Validating BFS 48
Validate time for BFS 48 is 0.000003
TEPS for BFS 48 is 6209.43 cyrus 2048
Running BFS 49
Time for BFS 49 is 0.369946
Validating BFS 49
Validate time for BFS 49 is 0.000003
TEPS for BFS 49 is 5535.94 cyrus 2048
Running BFS 50
Time for BFS 50 is 0.350243
Validating BFS 50
Validate time for BFS 50 is 0.000002
TEPS for BFS 50 is 5847.37 cyrus 2048
Running BFS 51
Time for BFS 51 is 0.349901
Validating BFS 51
Validate time for BFS 51 is 0.000002
TEPS for BFS 51 is 5853.08 cyrus 2048
Running BFS 52
Time for BFS 52 is 0.349924
Validating BFS 52
Validate time for BFS 52 is 0.000002
TEPS for BFS 52 is 5852.7 cyrus 2048
Running BFS 53
Time for BFS 53 is 0.320175
Validating BFS 53
Validate time for BFS 53 is 0.000002
TEPS for BFS 53 is 6396.5 cyrus 2048
Running BFS 54
Time for BFS 54 is 0.399793
Validating BFS 54
Validate time for BFS 54 is 0.000003
TEPS for BFS 54 is 5122.65 cyrus 2048
Running BFS 55
Time for BFS 55 is 0.319801
Validating BFS 55
Validate time for BFS 55 is 0.000002
TEPS for BFS 55 is 6403.98 cyrus 2048
Running BFS 56
Time for BFS 56 is 0.230179
Validating BFS 56
Validate time for BFS 56 is 0.000002
TEPS for BFS 56 is 8897.42 cyrus 2048
Running BFS 57
Time for BFS 57 is 0.319833
Validating BFS 57
Validate time for BFS 57 is 0.000003
TEPS for BFS 57 is 6403.34 cyrus 2048
Running BFS 58
Time for BFS 58 is 0.450217
Validating BFS 58
Validate time for BFS 58 is 0.000001
TEPS for BFS 58 is 4548.92 cyrus 2048
Running BFS 59
Time for BFS 59 is 0.350102
Validating BFS 59
Validate time for BFS 59 is 0.000001
TEPS for BFS 59 is 5849.72 cyrus 2048
Running BFS 60
Time for BFS 60 is 0.329901
Validating BFS 60
Validate time for BFS 60 is 0.000000
TEPS for BFS 60 is 6207.92 cyrus 2048
Running BFS 61
Time for BFS 61 is 0.419988
Validating BFS 61
Validate time for BFS 61 is 0.000001
TEPS for BFS 61 is 4876.33 cyrus 2048
Running BFS 62
Time for BFS 62 is 0.319960
Validating BFS 62
Validate time for BFS 62 is 0.000001
TEPS for BFS 62 is 6400.8 cyrus 2048
Running BFS 63
Time for BFS 63 is 0.330093
Validating BFS 63
Validate time for BFS 63 is 0.000001
TEPS for BFS 63 is 6204.31 cyrus 2048
SCALE:                          7
edgefactor:                     16
NBFS:                           64
graph_generation:               2.63368
num_mpi_processes:              32
construction_time:              0.173243
min_time:                       0.230179
firstquartile_time:             0.300234
median_time:                    0.320068
thirdquartile_time:             0.349912
max_time:                       0.450217
mean_time:                      0.335369
stddev_time:                    0.043961
min_nedge:                      2048
firstquartile_nedge:            2048
median_nedge:                   2048
thirdquartile_nedge:            2048
max_nedge:                      2048
mean_nedge:                     2048
stddev_nedge:                   0
min_TEPS:                       4548.92
firstquartile_TEPS:             5852.89
median_TEPS:                    6398.65
thirdquartile_TEPS:             6821.34
max_TEPS:                       8897.42
harmonic_mean_TEPS:             6106.7
harmonic_stddev_TEPS:           100.851
min_validate:                   0
firstquartile_validate:         1.90735e-06
median_validate:                2.86102e-06
thirdquartile_validate:         3.09944e-06
max_validate:                   4.05312e-06
mean_validate:                  2.57418e-06
stddev_validate:                8.55084e-07
This benchmark was run on 32 MPI Processes, Scale 7, written output_32_7.log
