graph_generation:               6.028271 s
construction_time:              0.632397 s
Running BFS 0
Time for BFS 0 is 10.760850
Validating BFS 0
Validate time for BFS 0 is 0.000004
TEPS for BFS 0 is 761.278 cyrus 8192
Running BFS 1
Time for BFS 1 is 1.334763
Validating BFS 1
Validate time for BFS 1 is 0.000004
TEPS for BFS 1 is 6137.42 cyrus 8192
Running BFS 2
Time for BFS 2 is 0.513454
Validating BFS 2
Validate time for BFS 2 is 0.000002
TEPS for BFS 2 is 15954.7 cyrus 8192
Running BFS 3
Time for BFS 3 is 1.984100
Validating BFS 3
Validate time for BFS 3 is 0.000003
TEPS for BFS 3 is 4128.82 cyrus 8192
Running BFS 4
Time for BFS 4 is 0.510703
Validating BFS 4
Validate time for BFS 4 is 0.000003
TEPS for BFS 4 is 16040.6 cyrus 8192
Running BFS 5
Time for BFS 5 is 0.382594
Validating BFS 5
Validate time for BFS 5 is 0.000003
TEPS for BFS 5 is 21411.7 cyrus 8192
Running BFS 6
Time for BFS 6 is 0.560060
Validating BFS 6
Validate time for BFS 6 is 0.000004
TEPS for BFS 6 is 14627 cyrus 8192
Running BFS 7
Time for BFS 7 is 0.620017
Validating BFS 7
Validate time for BFS 7 is 0.000004
TEPS for BFS 7 is 13212.5 cyrus 8192
Running BFS 8
Time for BFS 8 is 0.500867
Validating BFS 8
Validate time for BFS 8 is 0.000003
TEPS for BFS 8 is 16355.6 cyrus 8192
Running BFS 9
Time for BFS 9 is 0.380075
Validating BFS 9
Validate time for BFS 9 is 0.000003
TEPS for BFS 9 is 21553.6 cyrus 8192
Running BFS 10
Time for BFS 10 is 0.374021
Validating BFS 10
Validate time for BFS 10 is 0.000002
TEPS for BFS 10 is 21902.5 cyrus 8192
Running BFS 11
Time for BFS 11 is 2.539043
Validating BFS 11
Validate time for BFS 11 is 0.000004
TEPS for BFS 11 is 3226.41 cyrus 8192
Running BFS 12
Time for BFS 12 is 0.378935
Validating BFS 12
Validate time for BFS 12 is 0.000003
TEPS for BFS 12 is 21618.5 cyrus 8192
Running BFS 13
Time for BFS 13 is 0.521552
Validating BFS 13
Validate time for BFS 13 is 0.000004
TEPS for BFS 13 is 15707 cyrus 8192
Running BFS 14
Time for BFS 14 is 2.699753
Validating BFS 14
Validate time for BFS 14 is 0.000004
TEPS for BFS 14 is 3034.35 cyrus 8192
Running BFS 15
Time for BFS 15 is 0.364689
Validating BFS 15
Validate time for BFS 15 is 0.000003
TEPS for BFS 15 is 22463 cyrus 8192
Running BFS 16
Time for BFS 16 is 0.499068
Validating BFS 16
Validate time for BFS 16 is 0.000003
TEPS for BFS 16 is 16414.6 cyrus 8192
Running BFS 17
Time for BFS 17 is 0.488895
Validating BFS 17
Validate time for BFS 17 is 0.000003
TEPS for BFS 17 is 16756.2 cyrus 8192
Running BFS 18
Time for BFS 18 is 0.508989
Validating BFS 18
Validate time for BFS 18 is 0.000004
TEPS for BFS 18 is 16094.6 cyrus 8192
Running BFS 19
Time for BFS 19 is 0.478827
Validating BFS 19
Validate time for BFS 19 is 0.000002
TEPS for BFS 19 is 17108.5 cyrus 8192
Running BFS 20
Time for BFS 20 is 1.056804
Validating BFS 20
Validate time for BFS 20 is 0.000003
TEPS for BFS 20 is 7751.67 cyrus 8192
Running BFS 21
Time for BFS 21 is 0.499552
Validating BFS 21
Validate time for BFS 21 is 0.000003
TEPS for BFS 21 is 16398.7 cyrus 8192
Running BFS 22
Time for BFS 22 is 0.391923
Validating BFS 22
Validate time for BFS 22 is 0.000003
TEPS for BFS 22 is 20902.1 cyrus 8192
Running BFS 23
Time for BFS 23 is 0.389791
Validating BFS 23
Validate time for BFS 23 is 0.000002
TEPS for BFS 23 is 21016.4 cyrus 8192
Running BFS 24
Time for BFS 24 is 0.381102
Validating BFS 24
Validate time for BFS 24 is 0.000004
TEPS for BFS 24 is 21495.6 cyrus 8192
Running BFS 25
Time for BFS 25 is 3.280750
Validating BFS 25
Validate time for BFS 25 is 0.000004
TEPS for BFS 25 is 2496.99 cyrus 8192
Running BFS 26
Time for BFS 26 is 0.492096
Validating BFS 26
Validate time for BFS 26 is 0.000004
TEPS for BFS 26 is 16647.2 cyrus 8192
Running BFS 27
Time for BFS 27 is 0.368461
Validating BFS 27
Validate time for BFS 27 is 0.000003
TEPS for BFS 27 is 22233 cyrus 8192
Running BFS 28
Time for BFS 28 is 0.369743
Validating BFS 28
Validate time for BFS 28 is 0.000003
TEPS for BFS 28 is 22155.9 cyrus 8192
Running BFS 29
Time for BFS 29 is 0.499982
Validating BFS 29
Validate time for BFS 29 is 0.000004
TEPS for BFS 29 is 16384.6 cyrus 8192
Running BFS 30
Time for BFS 30 is 0.509764
Validating BFS 30
Validate time for BFS 30 is 0.000004
TEPS for BFS 30 is 16070.2 cyrus 8192
Running BFS 31
Time for BFS 31 is 0.387547
Validating BFS 31
Validate time for BFS 31 is 0.000003
TEPS for BFS 31 is 21138.1 cyrus 8192
Running BFS 32
Time for BFS 32 is 0.514608
Validating BFS 32
Validate time for BFS 32 is 0.000004
TEPS for BFS 32 is 15918.9 cyrus 8192
Running BFS 33
Time for BFS 33 is 0.488922
Validating BFS 33
Validate time for BFS 33 is 0.000003
TEPS for BFS 33 is 16755.2 cyrus 8192
Running BFS 34
Time for BFS 34 is 0.405949
Validating BFS 34
Validate time for BFS 34 is 0.000003
TEPS for BFS 34 is 20179.9 cyrus 8192
Running BFS 35
Time for BFS 35 is 0.495983
Validating BFS 35
Validate time for BFS 35 is 0.000003
TEPS for BFS 35 is 16516.7 cyrus 8192
Running BFS 36
Time for BFS 36 is 0.509068
Validating BFS 36
Validate time for BFS 36 is 0.000003
TEPS for BFS 36 is 16092.2 cyrus 8192
Running BFS 37
Time for BFS 37 is 0.379089
Validating BFS 37
Validate time for BFS 37 is 0.000003
TEPS for BFS 37 is 21609.7 cyrus 8192
Running BFS 38
Time for BFS 38 is 0.368933
Validating BFS 38
Validate time for BFS 38 is 0.000002
TEPS for BFS 38 is 22204.6 cyrus 8192
Running BFS 39
Time for BFS 39 is 0.482150
Validating BFS 39
Validate time for BFS 39 is 0.000004
TEPS for BFS 39 is 16990.6 cyrus 8192
Running BFS 40
Time for BFS 40 is 0.512046
Validating BFS 40
Validate time for BFS 40 is 0.000004
TEPS for BFS 40 is 15998.6 cyrus 8192
Running BFS 41
Time for BFS 41 is 0.393280
Validating BFS 41
Validate time for BFS 41 is 0.000003
TEPS for BFS 41 is 20829.9 cyrus 8192
Running BFS 42
Time for BFS 42 is 0.382867
Validating BFS 42
Validate time for BFS 42 is 0.000004
TEPS for BFS 42 is 21396.5 cyrus 8192
Running BFS 43
Time for BFS 43 is 1.015157
Validating BFS 43
Validate time for BFS 43 is 0.000003
TEPS for BFS 43 is 8069.69 cyrus 8192
Running BFS 44
Time for BFS 44 is 0.529128
Validating BFS 44
Validate time for BFS 44 is 0.000003
TEPS for BFS 44 is 15482.1 cyrus 8192
Running BFS 45
Time for BFS 45 is 0.399017
Validating BFS 45
Validate time for BFS 45 is 0.000004
TEPS for BFS 45 is 20530.4 cyrus 8192
Running BFS 46
Time for BFS 46 is 0.378900
Validating BFS 46
Validate time for BFS 46 is 0.000004
TEPS for BFS 46 is 21620.5 cyrus 8192
Running BFS 47
Time for BFS 47 is 0.469197
Validating BFS 47
Validate time for BFS 47 is 0.000004
TEPS for BFS 47 is 17459.6 cyrus 8192
Running BFS 48
Time for BFS 48 is 0.472894
Validating BFS 48
Validate time for BFS 48 is 0.000004
TEPS for BFS 48 is 17323.1 cyrus 8192
Running BFS 49
Time for BFS 49 is 0.370149
Validating BFS 49
Validate time for BFS 49 is 0.000003
TEPS for BFS 49 is 22131.6 cyrus 8192
Running BFS 50
Time for BFS 50 is 0.369975
Validating BFS 50
Validate time for BFS 50 is 0.000002
TEPS for BFS 50 is 22142 cyrus 8192
Running BFS 51
Time for BFS 51 is 0.386102
Validating BFS 51
Validate time for BFS 51 is 0.000003
TEPS for BFS 51 is 21217.2 cyrus 8192
Running BFS 52
Time for BFS 52 is 0.485974
Validating BFS 52
Validate time for BFS 52 is 0.000003
TEPS for BFS 52 is 16856.9 cyrus 8192
Running BFS 53
Time for BFS 53 is 0.359742
Validating BFS 53
Validate time for BFS 53 is 0.000003
TEPS for BFS 53 is 22771.9 cyrus 8192
Running BFS 54
Time for BFS 54 is 0.552786
Validating BFS 54
Validate time for BFS 54 is 0.000004
TEPS for BFS 54 is 14819.5 cyrus 8192
Running BFS 55
Time for BFS 55 is 0.675795
Validating BFS 55
Validate time for BFS 55 is 0.000003
TEPS for BFS 55 is 12122 cyrus 8192
Running BFS 56
Time for BFS 56 is 0.396194
Validating BFS 56
Validate time for BFS 56 is 0.000004
TEPS for BFS 56 is 20676.7 cyrus 8192
Running BFS 57
Time for BFS 57 is 0.471039
Validating BFS 57
Validate time for BFS 57 is 0.000003
TEPS for BFS 57 is 17391.3 cyrus 8192
Running BFS 58
Time for BFS 58 is 0.386788
Validating BFS 58
Validate time for BFS 58 is 0.000004
TEPS for BFS 58 is 21179.6 cyrus 8192
Running BFS 59
Time for BFS 59 is 0.524621
Validating BFS 59
Validate time for BFS 59 is 0.000002
TEPS for BFS 59 is 15615.1 cyrus 8192
Running BFS 60
Time for BFS 60 is 0.478047
Validating BFS 60
Validate time for BFS 60 is 0.000003
TEPS for BFS 60 is 17136.4 cyrus 8192
Running BFS 61
Time for BFS 61 is 0.472822
Validating BFS 61
Validate time for BFS 61 is 0.000004
TEPS for BFS 61 is 17325.8 cyrus 8192
Running BFS 62
Time for BFS 62 is 0.519823
Validating BFS 62
Validate time for BFS 62 is 0.000004
TEPS for BFS 62 is 15759.2 cyrus 8192
Running BFS 63
Time for BFS 63 is 0.514380
Validating BFS 63
Validate time for BFS 63 is 0.000004
TEPS for BFS 63 is 15926 cyrus 8192
SCALE:                          9
edgefactor:                     16
NBFS:                           64
graph_generation:               6.02827
num_mpi_processes:              128
construction_time:              0.632397
min_time:                       0.359742
firstquartile_time:             0.386445
median_time:                    0.487434
thirdquartile_time:             0.517215
max_time:                       10.7608
mean_time:                      0.784222
stddev_time:                    1.38427
min_nedge:                      8192
firstquartile_nedge:            8192
median_nedge:                   8192
thirdquartile_nedge:            8192
max_nedge:                      8192
mean_nedge:                     8192
stddev_nedge:                   0
min_TEPS:                       761.278
firstquartile_TEPS:             15838.7
median_TEPS:                    16806.4
thirdquartile_TEPS:             21198.4
max_TEPS:                       22771.9
harmonic_mean_TEPS:             10446
harmonic_stddev_TEPS:           2323.08
min_validate:                   1.90735e-06
firstquartile_validate:         2.86102e-06
median_validate:                3.09944e-06
thirdquartile_validate:         4.05312e-06
max_validate:                   4.05312e-06
mean_validate:                  3.30061e-06
stddev_validate:                6.55651e-07
This benchmark was run on 128 MPI Processes, Scale 9, written output_128_9.log
