graph_generation:               52.880769 s
construction_time:              39.465990 s
Running BFS 0
Time for BFS 0 is 12.035484
Validating BFS 0
Validate time for BFS 0 is 0.000003
TEPS for BFS 0 is 2.23037e+07 cyrus 268435456
Running BFS 1
Time for BFS 1 is 9.767789
Validating BFS 1
Validate time for BFS 1 is 0.000005
TEPS for BFS 1 is 2.74817e+07 cyrus 268435456
Running BFS 2
Time for BFS 2 is 10.037955
Validating BFS 2
Validate time for BFS 2 is 0.000003
TEPS for BFS 2 is 2.6742e+07 cyrus 268435456
Running BFS 3
Time for BFS 3 is 10.537914
Validating BFS 3
Validate time for BFS 3 is 0.000005
TEPS for BFS 3 is 2.54733e+07 cyrus 268435456
Running BFS 4
Time for BFS 4 is 9.127835
Validating BFS 4
Validate time for BFS 4 is 0.000002
TEPS for BFS 4 is 2.94084e+07 cyrus 268435456
Running BFS 5
Time for BFS 5 is 9.377603
Validating BFS 5
Validate time for BFS 5 is 0.000004
TEPS for BFS 5 is 2.86252e+07 cyrus 268435456
Running BFS 6
Time for BFS 6 is 9.597692
Validating BFS 6
Validate time for BFS 6 is 0.000003
TEPS for BFS 6 is 2.79688e+07 cyrus 268435456
Running BFS 7
Time for BFS 7 is 9.057896
Validating BFS 7
Validate time for BFS 7 is 0.000003
TEPS for BFS 7 is 2.96355e+07 cyrus 268435456
Running BFS 8
Time for BFS 8 is 9.247763
Validating BFS 8
Validate time for BFS 8 is 0.000004
TEPS for BFS 8 is 2.90271e+07 cyrus 268435456
Running BFS 9
Time for BFS 9 is 11.538092
Validating BFS 9
Validate time for BFS 9 is 0.000005
TEPS for BFS 9 is 2.32652e+07 cyrus 268435456
Running BFS 10
Time for BFS 10 is 9.677747
Validating BFS 10
Validate time for BFS 10 is 0.000002
TEPS for BFS 10 is 2.77374e+07 cyrus 268435456
Running BFS 11
Time for BFS 11 is 9.397601
Validating BFS 11
Validate time for BFS 11 is 0.000003
TEPS for BFS 11 is 2.85643e+07 cyrus 268435456
Running BFS 12
Time for BFS 12 is 9.277688
Validating BFS 12
Validate time for BFS 12 is 0.000004
TEPS for BFS 12 is 2.89334e+07 cyrus 268435456
Running BFS 13
Time for BFS 13 is 9.898057
Validating BFS 13
Validate time for BFS 13 is 0.000005
TEPS for BFS 13 is 2.712e+07 cyrus 268435456
Running BFS 14
Time for BFS 14 is 9.797632
Validating BFS 14
Validate time for BFS 14 is 0.000003
TEPS for BFS 14 is 2.7398e+07 cyrus 268435456
Running BFS 15
Time for BFS 15 is 9.667966
Validating BFS 15
Validate time for BFS 15 is 0.000003
TEPS for BFS 15 is 2.77655e+07 cyrus 268435456
Running BFS 16
Time for BFS 16 is 9.877614
Validating BFS 16
Validate time for BFS 16 is 0.000004
TEPS for BFS 16 is 2.71761e+07 cyrus 268435456
Running BFS 17
Time for BFS 17 is 8.107554
Validating BFS 17
Validate time for BFS 17 is 0.000003
TEPS for BFS 17 is 3.31093e+07 cyrus 268435456
Running BFS 18
Time for BFS 18 is 9.747790
Validating BFS 18
Validate time for BFS 18 is 0.000004
TEPS for BFS 18 is 2.75381e+07 cyrus 268435456
Running BFS 19
Time for BFS 19 is 9.527746
Validating BFS 19
Validate time for BFS 19 is 0.000004
TEPS for BFS 19 is 2.81741e+07 cyrus 268435456
Running BFS 20
Time for BFS 20 is 8.117798
Validating BFS 20
Validate time for BFS 20 is 0.000003
TEPS for BFS 20 is 3.30675e+07 cyrus 268435456
Running BFS 21
Time for BFS 21 is 9.307708
Validating BFS 21
Validate time for BFS 21 is 0.000004
TEPS for BFS 21 is 2.88401e+07 cyrus 268435456
Running BFS 22
Time for BFS 22 is 9.107774
Validating BFS 22
Validate time for BFS 22 is 0.000003
TEPS for BFS 22 is 2.94732e+07 cyrus 268435456
Running BFS 23
Time for BFS 23 is 8.017478
Validating BFS 23
Validate time for BFS 23 is 0.000002
TEPS for BFS 23 is 3.34813e+07 cyrus 268435456
Running BFS 24
Time for BFS 24 is 7.697598
Validating BFS 24
Validate time for BFS 24 is 0.000005
TEPS for BFS 24 is 3.48726e+07 cyrus 268435456
Running BFS 25
Time for BFS 25 is 8.997606
Validating BFS 25
Validate time for BFS 25 is 0.000004
TEPS for BFS 25 is 2.98341e+07 cyrus 268435456
Running BFS 26
Time for BFS 26 is 9.167908
Validating BFS 26
Validate time for BFS 26 is 0.000003
TEPS for BFS 26 is 2.92799e+07 cyrus 268435456
Running BFS 27
Time for BFS 27 is 9.377698
Validating BFS 27
Validate time for BFS 27 is 0.000002
TEPS for BFS 27 is 2.86249e+07 cyrus 268435456
Running BFS 28
Time for BFS 28 is 10.648113
Validating BFS 28
Validate time for BFS 28 is 0.000006
TEPS for BFS 28 is 2.52097e+07 cyrus 268435456
Running BFS 29
Time for BFS 29 is 9.367583
Validating BFS 29
Validate time for BFS 29 is 0.000002
TEPS for BFS 29 is 2.86558e+07 cyrus 268435456
Running BFS 30
Time for BFS 30 is 9.207983
Validating BFS 30
Validate time for BFS 30 is 0.000006
TEPS for BFS 30 is 2.91525e+07 cyrus 268435456
Running BFS 31
Time for BFS 31 is 10.547788
Validating BFS 31
Validate time for BFS 31 is 0.000004
TEPS for BFS 31 is 2.54495e+07 cyrus 268435456
Running BFS 32
Time for BFS 32 is 9.867581
Validating BFS 32
Validate time for BFS 32 is 0.000004
TEPS for BFS 32 is 2.72038e+07 cyrus 268435456
Running BFS 33
Time for BFS 33 is 9.767968
Validating BFS 33
Validate time for BFS 33 is 0.000005
TEPS for BFS 33 is 2.74812e+07 cyrus 268435456
Running BFS 34
Time for BFS 34 is 9.847646
Validating BFS 34
Validate time for BFS 34 is 0.000004
TEPS for BFS 34 is 2.72588e+07 cyrus 268435456
Running BFS 35
Time for BFS 35 is 9.817840
Validating BFS 35
Validate time for BFS 35 is 0.000005
TEPS for BFS 35 is 2.73416e+07 cyrus 268435456
Running BFS 36
Time for BFS 36 is 8.427550
Validating BFS 36
Validate time for BFS 36 is 0.000004
TEPS for BFS 36 is 3.18521e+07 cyrus 268435456
Running BFS 37
Time for BFS 37 is 9.317655
Validating BFS 37
Validate time for BFS 37 is 0.000003
TEPS for BFS 37 is 2.88093e+07 cyrus 268435456
Running BFS 38
Time for BFS 38 is 9.507698
Validating BFS 38
Validate time for BFS 38 is 0.000004
TEPS for BFS 38 is 2.82335e+07 cyrus 268435456
Running BFS 39
Time for BFS 39 is 9.177813
Validating BFS 39
Validate time for BFS 39 is 0.000002
TEPS for BFS 39 is 2.92483e+07 cyrus 268435456
Running BFS 40
Time for BFS 40 is 8.687683
Validating BFS 40
Validate time for BFS 40 is 0.000003
TEPS for BFS 40 is 3.08984e+07 cyrus 268435456
Running BFS 41
Time for BFS 41 is 9.147780
Validating BFS 41
Validate time for BFS 41 is 0.000003
TEPS for BFS 41 is 2.93443e+07 cyrus 268435456
Running BFS 42
Time for BFS 42 is 9.287841
Validating BFS 42
Validate time for BFS 42 is 0.000005
TEPS for BFS 42 is 2.89018e+07 cyrus 268435456
Running BFS 43
Time for BFS 43 is 8.897669
Validating BFS 43
Validate time for BFS 43 is 0.000004
TEPS for BFS 43 is 3.01692e+07 cyrus 268435456
Running BFS 44
Time for BFS 44 is 9.237640
Validating BFS 44
Validate time for BFS 44 is 0.000003
TEPS for BFS 44 is 2.90589e+07 cyrus 268435456
Running BFS 45
Time for BFS 45 is 9.517842
Validating BFS 45
Validate time for BFS 45 is 0.000004
TEPS for BFS 45 is 2.82034e+07 cyrus 268435456
Running BFS 46
Time for BFS 46 is 9.067955
Validating BFS 46
Validate time for BFS 46 is 0.000003
TEPS for BFS 46 is 2.96026e+07 cyrus 268435456
Running BFS 47
Time for BFS 47 is 9.927654
Validating BFS 47
Validate time for BFS 47 is 0.000003
TEPS for BFS 47 is 2.70392e+07 cyrus 268435456
Running BFS 48
Time for BFS 48 is 9.107794
Validating BFS 48
Validate time for BFS 48 is 0.000003
TEPS for BFS 48 is 2.94732e+07 cyrus 268435456
Running BFS 49
Time for BFS 49 is 9.317630
Validating BFS 49
Validate time for BFS 49 is 0.000004
TEPS for BFS 49 is 2.88094e+07 cyrus 268435456
Running BFS 50
Time for BFS 50 is 9.617698
Validating BFS 50
Validate time for BFS 50 is 0.000004
TEPS for BFS 50 is 2.79106e+07 cyrus 268435456
Running BFS 51
Time for BFS 51 is 11.548159
Validating BFS 51
Validate time for BFS 51 is 0.000003
TEPS for BFS 51 is 2.32449e+07 cyrus 268435456
Running BFS 52
Time for BFS 52 is 9.277783
Validating BFS 52
Validate time for BFS 52 is 0.000003
TEPS for BFS 52 is 2.89331e+07 cyrus 268435456
Running BFS 53
Time for BFS 53 is 9.887673
Validating BFS 53
Validate time for BFS 53 is 0.000004
TEPS for BFS 53 is 2.71485e+07 cyrus 268435456
Running BFS 54
Time for BFS 54 is 9.087843
Validating BFS 54
Validate time for BFS 54 is 0.000002
TEPS for BFS 54 is 2.95379e+07 cyrus 268435456
Running BFS 55
Time for BFS 55 is 9.157783
Validating BFS 55
Validate time for BFS 55 is 0.000003
TEPS for BFS 55 is 2.93123e+07 cyrus 268435456
Running BFS 56
Time for BFS 56 is 9.407762
Validating BFS 56
Validate time for BFS 56 is 0.000004
TEPS for BFS 56 is 2.85334e+07 cyrus 268435456
Running BFS 57
Time for BFS 57 is 9.417659
Validating BFS 57
Validate time for BFS 57 is 0.000003
TEPS for BFS 57 is 2.85034e+07 cyrus 268435456
Running BFS 58
Time for BFS 58 is 9.067875
Validating BFS 58
Validate time for BFS 58 is 0.000003
TEPS for BFS 58 is 2.96029e+07 cyrus 268435456
Running BFS 59
Time for BFS 59 is 9.227729
Validating BFS 59
Validate time for BFS 59 is 0.000003
TEPS for BFS 59 is 2.90901e+07 cyrus 268435456
Running BFS 60
Time for BFS 60 is 9.517915
Validating BFS 60
Validate time for BFS 60 is 0.000004
TEPS for BFS 60 is 2.82032e+07 cyrus 268435456
Running BFS 61
Time for BFS 61 is 9.617644
Validating BFS 61
Validate time for BFS 61 is 0.000005
TEPS for BFS 61 is 2.79107e+07 cyrus 268435456
Running BFS 62
Time for BFS 62 is 7.877314
Validating BFS 62
Validate time for BFS 62 is 0.000004
TEPS for BFS 62 is 3.4077e+07 cyrus 268435456
Running BFS 63
Time for BFS 63 is 8.887576
Validating BFS 63
Validate time for BFS 63 is 0.000005
TEPS for BFS 63 is 3.02035e+07 cyrus 268435456
SCALE:                          24
edgefactor:                     16
NBFS:                           64
graph_generation:               52.8808
num_mpi_processes:              32
construction_time:              39.466
min_time:                       7.6976
firstquartile_time:             9.11781
median_time:                    9.37259
thirdquartile_time:             9.76788
max_time:                       12.0355
mean_time:                      9.44366
stddev_time:                    0.763472
min_nedge:                      268435456
firstquartile_nedge:            268435456
median_nedge:                   268435456
thirdquartile_nedge:            268435456
max_nedge:                      268435456
mean_nedge:                     268435456
stddev_nedge:                   0
min_TEPS:                       2.23037e+07
firstquartile_TEPS:             2.74814e+07
median_TEPS:                    2.86405e+07
thirdquartile_TEPS:             2.94408e+07
max_TEPS:                       3.48726e+07
harmonic_mean_TEPS:             2.84249e+07
harmonic_stddev_TEPS:           289523
min_validate:                   1.90735e-06
firstquartile_validate:         3.09944e-06
median_validate:                3.8147e-06
thirdquartile_validate:         4.05312e-06
max_validate:                   5.96046e-06
mean_validate:                  3.62843e-06
stddev_validate:                9.79318e-07
This benchmark was run on 32 MPI Processes, Scale 24, written output_32_24.log
