graph_generation:               2.988577 s
construction_time:              0.223443 s
Running BFS 0
Time for BFS 0 is 3.174495
Validating BFS 0
Validate time for BFS 0 is 0.000003
TEPS for BFS 0 is 1290.28 cyrus 4096
Running BFS 1
Time for BFS 1 is 0.348746
Validating BFS 1
Validate time for BFS 1 is 0.000002
TEPS for BFS 1 is 11744.9 cyrus 4096
Running BFS 2
Time for BFS 2 is 0.458685
Validating BFS 2
Validate time for BFS 2 is 0.000003
TEPS for BFS 2 is 8929.87 cyrus 4096
Running BFS 3
Time for BFS 3 is 0.368691
Validating BFS 3
Validate time for BFS 3 is 0.000003
TEPS for BFS 3 is 11109.6 cyrus 4096
Running BFS 4
Time for BFS 4 is 0.458672
Validating BFS 4
Validate time for BFS 4 is 0.000003
TEPS for BFS 4 is 8930.13 cyrus 4096
Running BFS 5
Time for BFS 5 is 0.459020
Validating BFS 5
Validate time for BFS 5 is 0.000003
TEPS for BFS 5 is 8923.36 cyrus 4096
Running BFS 6
Time for BFS 6 is 1.878760
Validating BFS 6
Validate time for BFS 6 is 0.000001
TEPS for BFS 6 is 2180.16 cyrus 4096
Running BFS 7
Time for BFS 7 is 0.509863
Validating BFS 7
Validate time for BFS 7 is 0.000001
TEPS for BFS 7 is 8033.53 cyrus 4096
Running BFS 8
Time for BFS 8 is 0.780765
Validating BFS 8
Validate time for BFS 8 is 0.000001
TEPS for BFS 8 is 5246.14 cyrus 4096
Running BFS 9
Time for BFS 9 is 0.399894
Validating BFS 9
Validate time for BFS 9 is 0.000000
TEPS for BFS 9 is 10242.7 cyrus 4096
Running BFS 10
Time for BFS 10 is 0.509826
Validating BFS 10
Validate time for BFS 10 is 0.000001
TEPS for BFS 10 is 8034.11 cyrus 4096
Running BFS 11
Time for BFS 11 is 0.529015
Validating BFS 11
Validate time for BFS 11 is 0.000001
TEPS for BFS 11 is 7742.69 cyrus 4096
Running BFS 12
Time for BFS 12 is 0.379830
Validating BFS 12
Validate time for BFS 12 is 0.000000
TEPS for BFS 12 is 10783.8 cyrus 4096
Running BFS 13
Time for BFS 13 is 0.449769
Validating BFS 13
Validate time for BFS 13 is 0.000001
TEPS for BFS 13 is 9106.9 cyrus 4096
Running BFS 14
Time for BFS 14 is 0.457237
Validating BFS 14
Validate time for BFS 14 is 0.000003
TEPS for BFS 14 is 8958.16 cyrus 4096
Running BFS 15
Time for BFS 15 is 0.481496
Validating BFS 15
Validate time for BFS 15 is 0.000002
TEPS for BFS 15 is 8506.82 cyrus 4096
Running BFS 16
Time for BFS 16 is 0.388847
Validating BFS 16
Validate time for BFS 16 is 0.000004
TEPS for BFS 16 is 10533.7 cyrus 4096
Running BFS 17
Time for BFS 17 is 0.530075
Validating BFS 17
Validate time for BFS 17 is 0.000003
TEPS for BFS 17 is 7727.21 cyrus 4096
Running BFS 18
Time for BFS 18 is 0.487064
Validating BFS 18
Validate time for BFS 18 is 0.000004
TEPS for BFS 18 is 8409.57 cyrus 4096
Running BFS 19
Time for BFS 19 is 0.513309
Validating BFS 19
Validate time for BFS 19 is 0.000003
TEPS for BFS 19 is 7979.6 cyrus 4096
Running BFS 20
Time for BFS 20 is 1.844139
Validating BFS 20
Validate time for BFS 20 is 0.000004
TEPS for BFS 20 is 2221.09 cyrus 4096
Running BFS 21
Time for BFS 21 is 0.398810
Validating BFS 21
Validate time for BFS 21 is 0.000003
TEPS for BFS 21 is 10270.6 cyrus 4096
Running BFS 22
Time for BFS 22 is 0.478618
Validating BFS 22
Validate time for BFS 22 is 0.000003
TEPS for BFS 22 is 8557.97 cyrus 4096
Running BFS 23
Time for BFS 23 is 0.348722
Validating BFS 23
Validate time for BFS 23 is 0.000003
TEPS for BFS 23 is 11745.7 cyrus 4096
Running BFS 24
Time for BFS 24 is 0.347796
Validating BFS 24
Validate time for BFS 24 is 0.000004
TEPS for BFS 24 is 11777 cyrus 4096
Running BFS 25
Time for BFS 25 is 0.350053
Validating BFS 25
Validate time for BFS 25 is 0.000003
TEPS for BFS 25 is 11701.1 cyrus 4096
Running BFS 26
Time for BFS 26 is 0.449997
Validating BFS 26
Validate time for BFS 26 is 0.000003
TEPS for BFS 26 is 9102.28 cyrus 4096
Running BFS 27
Time for BFS 27 is 0.346753
Validating BFS 27
Validate time for BFS 27 is 0.000004
TEPS for BFS 27 is 11812.4 cyrus 4096
Running BFS 28
Time for BFS 28 is 0.713462
Validating BFS 28
Validate time for BFS 28 is 0.000002
TEPS for BFS 28 is 5741.02 cyrus 4096
Running BFS 29
Time for BFS 29 is 0.443760
Validating BFS 29
Validate time for BFS 29 is 0.000004
TEPS for BFS 29 is 9230.22 cyrus 4096
Running BFS 30
Time for BFS 30 is 0.348783
Validating BFS 30
Validate time for BFS 30 is 0.000003
TEPS for BFS 30 is 11743.7 cyrus 4096
Running BFS 31
Time for BFS 31 is 0.458813
Validating BFS 31
Validate time for BFS 31 is 0.000004
TEPS for BFS 31 is 8927.39 cyrus 4096
Running BFS 32
Time for BFS 32 is 0.348653
Validating BFS 32
Validate time for BFS 32 is 0.000004
TEPS for BFS 32 is 11748.1 cyrus 4096
Running BFS 33
Time for BFS 33 is 0.349743
Validating BFS 33
Validate time for BFS 33 is 0.000003
TEPS for BFS 33 is 11711.5 cyrus 4096
Running BFS 34
Time for BFS 34 is 1.908205
Validating BFS 34
Validate time for BFS 34 is 0.000003
TEPS for BFS 34 is 2146.52 cyrus 4096
Running BFS 35
Time for BFS 35 is 0.443109
Validating BFS 35
Validate time for BFS 35 is 0.000003
TEPS for BFS 35 is 9243.78 cyrus 4096
Running BFS 36
Time for BFS 36 is 0.350197
Validating BFS 36
Validate time for BFS 36 is 0.000002
TEPS for BFS 36 is 11696.3 cyrus 4096
Running BFS 37
Time for BFS 37 is 0.462673
Validating BFS 37
Validate time for BFS 37 is 0.000003
TEPS for BFS 37 is 8852.91 cyrus 4096
Running BFS 38
Time for BFS 38 is 0.447621
Validating BFS 38
Validate time for BFS 38 is 0.000005
TEPS for BFS 38 is 9150.6 cyrus 4096
Running BFS 39
Time for BFS 39 is 0.449789
Validating BFS 39
Validate time for BFS 39 is 0.000003
TEPS for BFS 39 is 9106.49 cyrus 4096
Running BFS 40
Time for BFS 40 is 0.320161
Validating BFS 40
Validate time for BFS 40 is 0.000002
TEPS for BFS 40 is 12793.6 cyrus 4096
Running BFS 41
Time for BFS 41 is 0.339689
Validating BFS 41
Validate time for BFS 41 is 0.000003
TEPS for BFS 41 is 12058.1 cyrus 4096
Running BFS 42
Time for BFS 42 is 0.450353
Validating BFS 42
Validate time for BFS 42 is 0.000003
TEPS for BFS 42 is 9095.09 cyrus 4096
Running BFS 43
Time for BFS 43 is 0.454638
Validating BFS 43
Validate time for BFS 43 is 0.000002
TEPS for BFS 43 is 9009.37 cyrus 4096
Running BFS 44
Time for BFS 44 is 0.348700
Validating BFS 44
Validate time for BFS 44 is 0.000003
TEPS for BFS 44 is 11746.5 cyrus 4096
Running BFS 45
Time for BFS 45 is 0.347011
Validating BFS 45
Validate time for BFS 45 is 0.000003
TEPS for BFS 45 is 11803.7 cyrus 4096
Running BFS 46
Time for BFS 46 is 0.340434
Validating BFS 46
Validate time for BFS 46 is 0.000003
TEPS for BFS 46 is 12031.7 cyrus 4096
Running BFS 47
Time for BFS 47 is 0.349811
Validating BFS 47
Validate time for BFS 47 is 0.000002
TEPS for BFS 47 is 11709.2 cyrus 4096
Running BFS 48
Time for BFS 48 is 0.317324
Validating BFS 48
Validate time for BFS 48 is 0.000004
TEPS for BFS 48 is 12907.9 cyrus 4096
Running BFS 49
Time for BFS 49 is 6.706284
Validating BFS 49
Validate time for BFS 49 is 0.000003
TEPS for BFS 49 is 610.77 cyrus 4096
Running BFS 50
Time for BFS 50 is 1.950576
Validating BFS 50
Validate time for BFS 50 is 0.000003
TEPS for BFS 50 is 2099.89 cyrus 4096
Running BFS 51
Time for BFS 51 is 0.349821
Validating BFS 51
Validate time for BFS 51 is 0.000004
TEPS for BFS 51 is 11708.8 cyrus 4096
Running BFS 52
Time for BFS 52 is 3.286107
Validating BFS 52
Validate time for BFS 52 is 0.000004
TEPS for BFS 52 is 1246.46 cyrus 4096
Running BFS 53
Time for BFS 53 is 0.335579
Validating BFS 53
Validate time for BFS 53 is 0.000003
TEPS for BFS 53 is 12205.8 cyrus 4096
Running BFS 54
Time for BFS 54 is 0.351804
Validating BFS 54
Validate time for BFS 54 is 0.000004
TEPS for BFS 54 is 11642.8 cyrus 4096
Running BFS 55
Time for BFS 55 is 0.448818
Validating BFS 55
Validate time for BFS 55 is 0.000002
TEPS for BFS 55 is 9126.19 cyrus 4096
Running BFS 56
Time for BFS 56 is 0.999665
Validating BFS 56
Validate time for BFS 56 is 0.000003
TEPS for BFS 56 is 4097.37 cyrus 4096
Running BFS 57
Time for BFS 57 is 0.559961
Validating BFS 57
Validate time for BFS 57 is 0.000003
TEPS for BFS 57 is 7314.79 cyrus 4096
Running BFS 58
Time for BFS 58 is 0.460232
Validating BFS 58
Validate time for BFS 58 is 0.000003
TEPS for BFS 58 is 8899.86 cyrus 4096
Running BFS 59
Time for BFS 59 is 0.364772
Validating BFS 59
Validate time for BFS 59 is 0.000004
TEPS for BFS 59 is 11228.9 cyrus 4096
Running BFS 60
Time for BFS 60 is 0.378599
Validating BFS 60
Validate time for BFS 60 is 0.000003
TEPS for BFS 60 is 10818.8 cyrus 4096
Running BFS 61
Time for BFS 61 is 0.398744
Validating BFS 61
Validate time for BFS 61 is 0.000002
TEPS for BFS 61 is 10272.3 cyrus 4096
Running BFS 62
Time for BFS 62 is 0.518733
Validating BFS 62
Validate time for BFS 62 is 0.000003
TEPS for BFS 62 is 7896.16 cyrus 4096
Running BFS 63
Time for BFS 63 is 0.388743
Validating BFS 63
Validate time for BFS 63 is 0.000003
TEPS for BFS 63 is 10536.5 cyrus 4096
SCALE:                          8
edgefactor:                     16
NBFS:                           64
graph_generation:               2.98858
num_mpi_processes:              64
construction_time:              0.223443
min_time:                       0.317324
firstquartile_time:             0.349937
median_time:                    0.449293
thirdquartile_time:             0.509845
max_time:                       6.70628
mean_time:                      0.712817
stddev_time:                    0.970428
min_nedge:                      4096
firstquartile_nedge:            4096
median_nedge:                   4096
thirdquartile_nedge:            4096
max_nedge:                      4096
mean_nedge:                     4096
stddev_nedge:                   0
min_TEPS:                       610.77
firstquartile_TEPS:             8033.82
median_TEPS:                    9116.54
thirdquartile_TEPS:             11705
max_TEPS:                       12907.9
harmonic_mean_TEPS:             5746.21
harmonic_stddev_TEPS:           985.59
min_validate:                   0
firstquartile_validate:         2.14577e-06
median_validate:                3.09944e-06
thirdquartile_validate:         3.09944e-06
max_validate:                   5.00679e-06
mean_validate:                  2.82377e-06
stddev_validate:                1.03552e-06
This benchmark was run on 64 MPI Processes, Scale 8, written output_64_8.log
