graph_generation:               49.708817 s
construction_time:              26.326875 s
Running BFS 0
Time for BFS 0 is 5.292691
Validating BFS 0
Validate time for BFS 0 is 0.000001
TEPS for BFS 0 is 1.26795e+07 cyrus 67108864
Running BFS 1
Time for BFS 1 is 6.489185
Validating BFS 1
Validate time for BFS 1 is 0.000001
TEPS for BFS 1 is 1.03416e+07 cyrus 67108864
Running BFS 2
Time for BFS 2 is 3.999266
Validating BFS 2
Validate time for BFS 2 is 0.000002
TEPS for BFS 2 is 1.67803e+07 cyrus 67108864
Running BFS 3
Time for BFS 3 is 4.229180
Validating BFS 3
Validate time for BFS 3 is 0.000001
TEPS for BFS 3 is 1.58681e+07 cyrus 67108864
Running BFS 4
Time for BFS 4 is 2.999200
Validating BFS 4
Validate time for BFS 4 is 0.000001
TEPS for BFS 4 is 2.23756e+07 cyrus 67108864
Running BFS 5
Time for BFS 5 is 3.639258
Validating BFS 5
Validate time for BFS 5 is 0.000002
TEPS for BFS 5 is 1.84403e+07 cyrus 67108864
Running BFS 6
Time for BFS 6 is 3.789181
Validating BFS 6
Validate time for BFS 6 is 0.000001
TEPS for BFS 6 is 1.77107e+07 cyrus 67108864
Running BFS 7
Time for BFS 7 is 11.519456
Validating BFS 7
Validate time for BFS 7 is 0.000002
TEPS for BFS 7 is 5.8257e+06 cyrus 67108864
Running BFS 8
Time for BFS 8 is 7.388539
Validating BFS 8
Validate time for BFS 8 is 0.000002
TEPS for BFS 8 is 9.08283e+06 cyrus 67108864
Running BFS 9
Time for BFS 9 is 4.239181
Validating BFS 9
Validate time for BFS 9 is 0.000002
TEPS for BFS 9 is 1.58306e+07 cyrus 67108864
Running BFS 10
Time for BFS 10 is 3.719316
Validating BFS 10
Validate time for BFS 10 is 0.000002
TEPS for BFS 10 is 1.80433e+07 cyrus 67108864
Running BFS 11
Time for BFS 11 is 5.929752
Validating BFS 11
Validate time for BFS 11 is 0.000001
TEPS for BFS 11 is 1.13173e+07 cyrus 67108864
Running BFS 12
Time for BFS 12 is 3.678595
Validating BFS 12
Validate time for BFS 12 is 0.000002
TEPS for BFS 12 is 1.82431e+07 cyrus 67108864
Running BFS 13
Time for BFS 13 is 3.619284
Validating BFS 13
Validate time for BFS 13 is 0.000001
TEPS for BFS 13 is 1.8542e+07 cyrus 67108864
Running BFS 14
Time for BFS 14 is 4.469684
Validating BFS 14
Validate time for BFS 14 is 0.000002
TEPS for BFS 14 is 1.50142e+07 cyrus 67108864
Running BFS 15
Time for BFS 15 is 3.618678
Validating BFS 15
Validate time for BFS 15 is 0.000002
TEPS for BFS 15 is 1.85451e+07 cyrus 67108864
Running BFS 16
Time for BFS 16 is 4.189342
Validating BFS 16
Validate time for BFS 16 is 0.000001
TEPS for BFS 16 is 1.6019e+07 cyrus 67108864
Running BFS 17
Time for BFS 17 is 3.569629
Validating BFS 17
Validate time for BFS 17 is 0.000001
TEPS for BFS 17 is 1.88e+07 cyrus 67108864
Running BFS 18
Time for BFS 18 is 3.329282
Validating BFS 18
Validate time for BFS 18 is 0.000002
TEPS for BFS 18 is 2.01572e+07 cyrus 67108864
Running BFS 19
Time for BFS 19 is 5.639242
Validating BFS 19
Validate time for BFS 19 is 0.000001
TEPS for BFS 19 is 1.19003e+07 cyrus 67108864
Running BFS 20
Time for BFS 20 is 5.329304
Validating BFS 20
Validate time for BFS 20 is 0.000002
TEPS for BFS 20 is 1.25924e+07 cyrus 67108864
Running BFS 21
Time for BFS 21 is 4.719264
Validating BFS 21
Validate time for BFS 21 is 0.000002
TEPS for BFS 21 is 1.42202e+07 cyrus 67108864
Running BFS 22
Time for BFS 22 is 4.219230
Validating BFS 22
Validate time for BFS 22 is 0.000001
TEPS for BFS 22 is 1.59055e+07 cyrus 67108864
Running BFS 23
Time for BFS 23 is 5.549221
Validating BFS 23
Validate time for BFS 23 is 0.000001
TEPS for BFS 23 is 1.20934e+07 cyrus 67108864
Running BFS 24
Time for BFS 24 is 3.012139
Validating BFS 24
Validate time for BFS 24 is 0.000002
TEPS for BFS 24 is 2.22795e+07 cyrus 67108864
Running BFS 25
Time for BFS 25 is 3.386350
Validating BFS 25
Validate time for BFS 25 is 0.000001
TEPS for BFS 25 is 1.98175e+07 cyrus 67108864
Running BFS 26
Time for BFS 26 is 6.301932
Validating BFS 26
Validate time for BFS 26 is 0.000006
TEPS for BFS 26 is 1.06489e+07 cyrus 67108864
Running BFS 27
Time for BFS 27 is 3.649189
Validating BFS 27
Validate time for BFS 27 is 0.000002
TEPS for BFS 27 is 1.83901e+07 cyrus 67108864
Running BFS 28
Time for BFS 28 is 4.229285
Validating BFS 28
Validate time for BFS 28 is 0.000001
TEPS for BFS 28 is 1.58677e+07 cyrus 67108864
Running BFS 29
Time for BFS 29 is 4.739225
Validating BFS 29
Validate time for BFS 29 is 0.000002
TEPS for BFS 29 is 1.41603e+07 cyrus 67108864
Running BFS 30
Time for BFS 30 is 4.049192
Validating BFS 30
Validate time for BFS 30 is 0.000001
TEPS for BFS 30 is 1.65734e+07 cyrus 67108864
Running BFS 31
Time for BFS 31 is 6.496503
Validating BFS 31
Validate time for BFS 31 is 0.000001
TEPS for BFS 31 is 1.033e+07 cyrus 67108864
Running BFS 32
Time for BFS 32 is 5.979286
Validating BFS 32
Validate time for BFS 32 is 0.000002
TEPS for BFS 32 is 1.12236e+07 cyrus 67108864
Running BFS 33
Time for BFS 33 is 4.219012
Validating BFS 33
Validate time for BFS 33 is 0.000002
TEPS for BFS 33 is 1.59063e+07 cyrus 67108864
Running BFS 34
Time for BFS 34 is 3.879231
Validating BFS 34
Validate time for BFS 34 is 0.000001
TEPS for BFS 34 is 1.72995e+07 cyrus 67108864
Running BFS 35
Time for BFS 35 is 3.619124
Validating BFS 35
Validate time for BFS 35 is 0.000001
TEPS for BFS 35 is 1.85428e+07 cyrus 67108864
Running BFS 36
Time for BFS 36 is 4.079385
Validating BFS 36
Validate time for BFS 36 is 0.000002
TEPS for BFS 36 is 1.64507e+07 cyrus 67108864
Running BFS 37
Time for BFS 37 is 4.088959
Validating BFS 37
Validate time for BFS 37 is 0.000001
TEPS for BFS 37 is 1.64122e+07 cyrus 67108864
Running BFS 38
Time for BFS 38 is 6.119349
Validating BFS 38
Validate time for BFS 38 is 0.000001
TEPS for BFS 38 is 1.09667e+07 cyrus 67108864
Running BFS 39
Time for BFS 39 is 3.069140
Validating BFS 39
Validate time for BFS 39 is 0.000002
TEPS for BFS 39 is 2.18657e+07 cyrus 67108864
Running BFS 40
Time for BFS 40 is 3.629202
Validating BFS 40
Validate time for BFS 40 is 0.000001
TEPS for BFS 40 is 1.84914e+07 cyrus 67108864
Running BFS 41
Time for BFS 41 is 3.859070
Validating BFS 41
Validate time for BFS 41 is 0.000001
TEPS for BFS 41 is 1.73899e+07 cyrus 67108864
Running BFS 42
Time for BFS 42 is 7.649483
Validating BFS 42
Validate time for BFS 42 is 0.000002
TEPS for BFS 42 is 8.77299e+06 cyrus 67108864
Running BFS 43
Time for BFS 43 is 4.109314
Validating BFS 43
Validate time for BFS 43 is 0.000001
TEPS for BFS 43 is 1.63309e+07 cyrus 67108864
Running BFS 44
Time for BFS 44 is 3.599171
Validating BFS 44
Validate time for BFS 44 is 0.000001
TEPS for BFS 44 is 1.86456e+07 cyrus 67108864
Running BFS 45
Time for BFS 45 is 3.569061
Validating BFS 45
Validate time for BFS 45 is 0.000001
TEPS for BFS 45 is 1.88029e+07 cyrus 67108864
Running BFS 46
Time for BFS 46 is 6.129262
Validating BFS 46
Validate time for BFS 46 is 0.000001
TEPS for BFS 46 is 1.09489e+07 cyrus 67108864
Running BFS 47
Time for BFS 47 is 3.699226
Validating BFS 47
Validate time for BFS 47 is 0.000001
TEPS for BFS 47 is 1.81413e+07 cyrus 67108864
Running BFS 48
Time for BFS 48 is 4.259179
Validating BFS 48
Validate time for BFS 48 is 0.000002
TEPS for BFS 48 is 1.57563e+07 cyrus 67108864
Running BFS 49
Time for BFS 49 is 9.699519
Validating BFS 49
Validate time for BFS 49 is 0.000001
TEPS for BFS 49 is 6.91878e+06 cyrus 67108864
Running BFS 50
Time for BFS 50 is 3.749150
Validating BFS 50
Validate time for BFS 50 is 0.000002
TEPS for BFS 50 is 1.78998e+07 cyrus 67108864
Running BFS 51
Time for BFS 51 is 3.649171
Validating BFS 51
Validate time for BFS 51 is 0.000001
TEPS for BFS 51 is 1.83902e+07 cyrus 67108864
Running BFS 52
Time for BFS 52 is 4.349208
Validating BFS 52
Validate time for BFS 52 is 0.000002
TEPS for BFS 52 is 1.54301e+07 cyrus 67108864
Running BFS 53
Time for BFS 53 is 3.679420
Validating BFS 53
Validate time for BFS 53 is 0.000001
TEPS for BFS 53 is 1.8239e+07 cyrus 67108864
Running BFS 54
Time for BFS 54 is 3.029181
Validating BFS 54
Validate time for BFS 54 is 0.000001
TEPS for BFS 54 is 2.21541e+07 cyrus 67108864
Running BFS 55
Time for BFS 55 is 3.529187
Validating BFS 55
Validate time for BFS 55 is 0.000001
TEPS for BFS 55 is 1.90154e+07 cyrus 67108864
Running BFS 56
Time for BFS 56 is 3.509247
Validating BFS 56
Validate time for BFS 56 is 0.000001
TEPS for BFS 56 is 1.91234e+07 cyrus 67108864
Running BFS 57
Time for BFS 57 is 4.109103
Validating BFS 57
Validate time for BFS 57 is 0.000001
TEPS for BFS 57 is 1.63318e+07 cyrus 67108864
Running BFS 58
Time for BFS 58 is 4.069204
Validating BFS 58
Validate time for BFS 58 is 0.000002
TEPS for BFS 58 is 1.64919e+07 cyrus 67108864
Running BFS 59
Time for BFS 59 is 3.689065
Validating BFS 59
Validate time for BFS 59 is 0.000001
TEPS for BFS 59 is 1.81913e+07 cyrus 67108864
Running BFS 60
Time for BFS 60 is 5.259226
Validating BFS 60
Validate time for BFS 60 is 0.000002
TEPS for BFS 60 is 1.27602e+07 cyrus 67108864
Running BFS 61
Time for BFS 61 is 3.639078
Validating BFS 61
Validate time for BFS 61 is 0.000002
TEPS for BFS 61 is 1.84412e+07 cyrus 67108864
Running BFS 62
Time for BFS 62 is 3.469186
Validating BFS 62
Validate time for BFS 62 is 0.000001
TEPS for BFS 62 is 1.93443e+07 cyrus 67108864
Running BFS 63
Time for BFS 63 is 3.579389
Validating BFS 63
Validate time for BFS 63 is 0.000001
TEPS for BFS 63 is 1.87487e+07 cyrus 67108864
SCALE:                          22
edgefactor:                     16
NBFS:                           64
graph_generation:               49.7088
num_mpi_processes:              64
construction_time:              26.3269
min_time:                       2.9992
firstquartile_time:             3.62424
median_time:                    4.0592
thirdquartile_time:             4.99923
max_time:                       11.5195
mean_time:                      4.5249
stddev_time:                    1.54443
min_nedge:                      67108864
firstquartile_nedge:            67108864
median_nedge:                   67108864
thirdquartile_nedge:            67108864
max_nedge:                      67108864
mean_nedge:                     67108864
stddev_nedge:                   0
min_TEPS:                       5.8257e+06
firstquartile_TEPS:             1.34239e+07
median_TEPS:                    1.65325e+07
thirdquartile_TEPS:             1.85167e+07
max_TEPS:                       2.23756e+07
harmonic_mean_TEPS:             1.4831e+07
harmonic_stddev_TEPS:           637764
min_validate:                   9.53674e-07
firstquartile_validate:         9.53674e-07
median_validate:                9.53674e-07
thirdquartile_validate:         1.90735e-06
max_validate:                   6.19888e-06
mean_validate:                  1.47149e-06
stddev_validate:                7.89666e-07
This benchmark was run on 64 MPI Processes, Scale 22, written output_64_22.log
