graph_generation:               1.515080 s
construction_time:              0.174709 s
Running BFS 0
Time for BFS 0 is 0.371305
Validating BFS 0
Validate time for BFS 0 is 0.000005
TEPS for BFS 0 is 86.1825 cyrus 32
Running BFS 1
Time for BFS 1 is 0.148913
Validating BFS 1
Validate time for BFS 1 is 0.000003
TEPS for BFS 1 is 214.89 cyrus 32
Running BFS 2
Time for BFS 2 is 0.164748
Validating BFS 2
Validate time for BFS 2 is 0.000003
TEPS for BFS 2 is 194.236 cyrus 32
Running BFS 3
Time for BFS 3 is 0.161458
Validating BFS 3
Validate time for BFS 3 is 0.000003
TEPS for BFS 3 is 198.194 cyrus 32
Running BFS 4
Time for BFS 4 is 0.159333
Validating BFS 4
Validate time for BFS 4 is 0.000004
TEPS for BFS 4 is 200.837 cyrus 32
Running BFS 5
Time for BFS 5 is 0.168711
Validating BFS 5
Validate time for BFS 5 is 0.000003
TEPS for BFS 5 is 189.673 cyrus 32
Running BFS 6
Time for BFS 6 is 0.150730
Validating BFS 6
Validate time for BFS 6 is 0.000003
TEPS for BFS 6 is 212.3 cyrus 32
Running BFS 7
Time for BFS 7 is 0.148786
Validating BFS 7
Validate time for BFS 7 is 0.000003
TEPS for BFS 7 is 215.074 cyrus 32
Running BFS 8
Time for BFS 8 is 0.161244
Validating BFS 8
Validate time for BFS 8 is 0.000004
TEPS for BFS 8 is 198.457 cyrus 32
Running BFS 9
Time for BFS 9 is 0.158763
Validating BFS 9
Validate time for BFS 9 is 0.000003
TEPS for BFS 9 is 201.558 cyrus 32
Running BFS 10
Time for BFS 10 is 0.160091
Validating BFS 10
Validate time for BFS 10 is 0.000003
TEPS for BFS 10 is 199.886 cyrus 32
Running BFS 11
Time for BFS 11 is 0.139586
Validating BFS 11
Validate time for BFS 11 is 0.000005
TEPS for BFS 11 is 229.249 cyrus 32
Running BFS 12
Time for BFS 12 is 0.150035
Validating BFS 12
Validate time for BFS 12 is 0.000003
TEPS for BFS 12 is 213.283 cyrus 32
Running BFS 13
Time for BFS 13 is 0.132166
Validating BFS 13
Validate time for BFS 13 is 0.000003
TEPS for BFS 13 is 242.12 cyrus 32
Running BFS 14
Time for BFS 14 is 0.158992
Validating BFS 14
Validate time for BFS 14 is 0.000002
TEPS for BFS 14 is 201.268 cyrus 32
Running BFS 15
Time for BFS 15 is 0.154463
Validating BFS 15
Validate time for BFS 15 is 0.000004
TEPS for BFS 15 is 207.169 cyrus 32
Running BFS 16
Time for BFS 16 is 0.145692
Validating BFS 16
Validate time for BFS 16 is 0.000002
TEPS for BFS 16 is 219.641 cyrus 32
Running BFS 17
Time for BFS 17 is 0.163459
Validating BFS 17
Validate time for BFS 17 is 0.000002
TEPS for BFS 17 is 195.768 cyrus 32
Running BFS 18
Time for BFS 18 is 0.159074
Validating BFS 18
Validate time for BFS 18 is 0.000003
TEPS for BFS 18 is 201.164 cyrus 32
Running BFS 19
Time for BFS 19 is 0.139160
Validating BFS 19
Validate time for BFS 19 is 0.000003
TEPS for BFS 19 is 229.951 cyrus 32
Running BFS 20
Time for BFS 20 is 0.142058
Validating BFS 20
Validate time for BFS 20 is 0.000002
TEPS for BFS 20 is 225.26 cyrus 32
Running BFS 21
Time for BFS 21 is 0.155855
Validating BFS 21
Validate time for BFS 21 is 0.000003
TEPS for BFS 21 is 205.319 cyrus 32
Running BFS 22
Time for BFS 22 is 0.149170
Validating BFS 22
Validate time for BFS 22 is 0.000003
TEPS for BFS 22 is 214.52 cyrus 32
Running BFS 23
Time for BFS 23 is 1.527302
Validating BFS 23
Validate time for BFS 23 is 0.000004
TEPS for BFS 23 is 20.952 cyrus 32
Running BFS 24
Time for BFS 24 is 0.152046
Validating BFS 24
Validate time for BFS 24 is 0.000003
TEPS for BFS 24 is 210.463 cyrus 32
Running BFS 25
Time for BFS 25 is 0.158991
Validating BFS 25
Validate time for BFS 25 is 0.000002
TEPS for BFS 25 is 201.269 cyrus 32
Running BFS 26
Time for BFS 26 is 0.149171
Validating BFS 26
Validate time for BFS 26 is 0.000002
TEPS for BFS 26 is 214.519 cyrus 32
Running BFS 27
Time for BFS 27 is 0.152324
Validating BFS 27
Validate time for BFS 27 is 0.000003
TEPS for BFS 27 is 210.079 cyrus 32
Running BFS 28
Time for BFS 28 is 0.135487
Validating BFS 28
Validate time for BFS 28 is 0.000003
TEPS for BFS 28 is 236.185 cyrus 32
Running BFS 29
Time for BFS 29 is 0.168966
Validating BFS 29
Validate time for BFS 29 is 0.000004
TEPS for BFS 29 is 189.387 cyrus 32
Running BFS 30
Time for BFS 30 is 0.148844
Validating BFS 30
Validate time for BFS 30 is 0.000003
TEPS for BFS 30 is 214.99 cyrus 32
Running BFS 31
Time for BFS 31 is 0.167369
Validating BFS 31
Validate time for BFS 31 is 0.000004
TEPS for BFS 31 is 191.194 cyrus 32
Running BFS 32
Time for BFS 32 is 0.148826
Validating BFS 32
Validate time for BFS 32 is 0.000003
TEPS for BFS 32 is 215.016 cyrus 32
Running BFS 33
Time for BFS 33 is 0.163445
Validating BFS 33
Validate time for BFS 33 is 0.000003
TEPS for BFS 33 is 195.785 cyrus 32
Running BFS 34
Time for BFS 34 is 0.148897
Validating BFS 34
Validate time for BFS 34 is 0.000004
TEPS for BFS 34 is 214.913 cyrus 32
Running BFS 35
Time for BFS 35 is 0.158943
Validating BFS 35
Validate time for BFS 35 is 0.000003
TEPS for BFS 35 is 201.33 cyrus 32
Running BFS 36
Time for BFS 36 is 0.158986
Validating BFS 36
Validate time for BFS 36 is 0.000004
TEPS for BFS 36 is 201.275 cyrus 32
Running BFS 37
Time for BFS 37 is 0.158952
Validating BFS 37
Validate time for BFS 37 is 0.000004
TEPS for BFS 37 is 201.319 cyrus 32
Running BFS 38
Time for BFS 38 is 0.155795
Validating BFS 38
Validate time for BFS 38 is 0.000005
TEPS for BFS 38 is 205.398 cyrus 32
Running BFS 39
Time for BFS 39 is 0.159758
Validating BFS 39
Validate time for BFS 39 is 0.000003
TEPS for BFS 39 is 200.303 cyrus 32
Running BFS 40
Time for BFS 40 is 0.151432
Validating BFS 40
Validate time for BFS 40 is 0.000003
TEPS for BFS 40 is 211.316 cyrus 32
Running BFS 41
Time for BFS 41 is 0.138984
Validating BFS 41
Validate time for BFS 41 is 0.000004
TEPS for BFS 41 is 230.242 cyrus 32
Running BFS 42
Time for BFS 42 is 0.141795
Validating BFS 42
Validate time for BFS 42 is 0.000002
TEPS for BFS 42 is 225.678 cyrus 32
Running BFS 43
Time for BFS 43 is 0.173212
Validating BFS 43
Validate time for BFS 43 is 0.000004
TEPS for BFS 43 is 184.745 cyrus 32
Running BFS 44
Time for BFS 44 is 0.154749
Validating BFS 44
Validate time for BFS 44 is 0.000003
TEPS for BFS 44 is 206.786 cyrus 32
Running BFS 45
Time for BFS 45 is 0.149101
Validating BFS 45
Validate time for BFS 45 is 0.000004
TEPS for BFS 45 is 214.62 cyrus 32
Running BFS 46
Time for BFS 46 is 0.159828
Validating BFS 46
Validate time for BFS 46 is 0.000003
TEPS for BFS 46 is 200.215 cyrus 32
Running BFS 47
Time for BFS 47 is 0.152164
Validating BFS 47
Validate time for BFS 47 is 0.000002
TEPS for BFS 47 is 210.299 cyrus 32
Running BFS 48
Time for BFS 48 is 0.459059
Validating BFS 48
Validate time for BFS 48 is 0.000002
TEPS for BFS 48 is 69.7078 cyrus 32
Running BFS 49
Time for BFS 49 is 0.157485
Validating BFS 49
Validate time for BFS 49 is 0.000004
TEPS for BFS 49 is 203.194 cyrus 32
Running BFS 50
Time for BFS 50 is 0.158850
Validating BFS 50
Validate time for BFS 50 is 0.000003
TEPS for BFS 50 is 201.448 cyrus 32
Running BFS 51
Time for BFS 51 is 0.158893
Validating BFS 51
Validate time for BFS 51 is 0.000004
TEPS for BFS 51 is 201.393 cyrus 32
Running BFS 52
Time for BFS 52 is 0.132868
Validating BFS 52
Validate time for BFS 52 is 0.000003
TEPS for BFS 52 is 240.84 cyrus 32
Running BFS 53
Time for BFS 53 is 0.136565
Validating BFS 53
Validate time for BFS 53 is 0.000002
TEPS for BFS 53 is 234.321 cyrus 32
Running BFS 54
Time for BFS 54 is 0.142945
Validating BFS 54
Validate time for BFS 54 is 0.000003
TEPS for BFS 54 is 223.862 cyrus 32
Running BFS 55
Time for BFS 55 is 0.145016
Validating BFS 55
Validate time for BFS 55 is 0.000003
TEPS for BFS 55 is 220.665 cyrus 32
Running BFS 56
Time for BFS 56 is 0.168908
Validating BFS 56
Validate time for BFS 56 is 0.000003
TEPS for BFS 56 is 189.452 cyrus 32
Running BFS 57
Time for BFS 57 is 0.152412
Validating BFS 57
Validate time for BFS 57 is 0.000003
TEPS for BFS 57 is 209.957 cyrus 32
Running BFS 58
Time for BFS 58 is 0.155739
Validating BFS 58
Validate time for BFS 58 is 0.000003
TEPS for BFS 58 is 205.472 cyrus 32
Running BFS 59
Time for BFS 59 is 0.159009
Validating BFS 59
Validate time for BFS 59 is 0.000002
TEPS for BFS 59 is 201.246 cyrus 32
Running BFS 60
Time for BFS 60 is 0.148841
Validating BFS 60
Validate time for BFS 60 is 0.000003
TEPS for BFS 60 is 214.995 cyrus 32
Running BFS 61
Time for BFS 61 is 0.160333
Validating BFS 61
Validate time for BFS 61 is 0.000002
TEPS for BFS 61 is 199.585 cyrus 32
Running BFS 62
Time for BFS 62 is 0.151512
Validating BFS 62
Validate time for BFS 62 is 0.000003
TEPS for BFS 62 is 211.204 cyrus 32
Running BFS 63
Time for BFS 63 is 0.149051
Validating BFS 63
Validate time for BFS 63 is 0.000003
TEPS for BFS 63 is 214.691 cyrus 32
SCALE:                          1
edgefactor:                     16
NBFS:                           64
graph_generation:               1.51508
num_mpi_processes:              128
construction_time:              0.174709
min_time:                       0.132166
firstquartile_time:             0.148871
median_time:                    0.155244
thirdquartile_time:             0.159793
max_time:                       1.5273
mean_time:                      0.183073
stddev_time:                    0.17716
min_nedge:                      32
firstquartile_nedge:            32
median_nedge:                   32
thirdquartile_nedge:            32
max_nedge:                      32
mean_nedge:                     32
stddev_nedge:                   0
min_TEPS:                       20.952
firstquartile_TEPS:             200.259
median_TEPS:                    206.127
thirdquartile_TEPS:             214.952
max_TEPS:                       242.12
harmonic_mean_TEPS:             174.794
harmonic_stddev_TEPS:           21.3107
min_validate:                   1.90735e-06
firstquartile_validate:         2.86102e-06
median_validate:                3.09944e-06
thirdquartile_validate:         3.8147e-06
max_validate:                   5.00679e-06
mean_validate:                  3.12552e-06
stddev_validate:                7.7416e-07
This benchmark was run on 128 MPI Processes, Scale 1, written output_128_1.log
