graph_generation:               3.273073 s
construction_time:              0.311689 s
Running BFS 0
Time for BFS 0 is 0.487865
Validating BFS 0
Validate time for BFS 0 is 0.000002
TEPS for BFS 0 is 134332 cyrus 65536
Running BFS 1
Time for BFS 1 is 0.469832
Validating BFS 1
Validate time for BFS 1 is 0.000004
TEPS for BFS 1 is 139488 cyrus 65536
Running BFS 2
Time for BFS 2 is 0.429846
Validating BFS 2
Validate time for BFS 2 is 0.000003
TEPS for BFS 2 is 152464 cyrus 65536
Running BFS 3
Time for BFS 3 is 0.469774
Validating BFS 3
Validate time for BFS 3 is 0.000004
TEPS for BFS 3 is 139505 cyrus 65536
Running BFS 4
Time for BFS 4 is 0.440171
Validating BFS 4
Validate time for BFS 4 is 0.000003
TEPS for BFS 4 is 148888 cyrus 65536
Running BFS 5
Time for BFS 5 is 0.459388
Validating BFS 5
Validate time for BFS 5 is 0.000003
TEPS for BFS 5 is 142659 cyrus 65536
Running BFS 6
Time for BFS 6 is 0.439904
Validating BFS 6
Validate time for BFS 6 is 0.000004
TEPS for BFS 6 is 148978 cyrus 65536
Running BFS 7
Time for BFS 7 is 0.459809
Validating BFS 7
Validate time for BFS 7 is 0.000002
TEPS for BFS 7 is 142529 cyrus 65536
Running BFS 8
Time for BFS 8 is 0.449912
Validating BFS 8
Validate time for BFS 8 is 0.000005
TEPS for BFS 8 is 145664 cyrus 65536
Running BFS 9
Time for BFS 9 is 0.559715
Validating BFS 9
Validate time for BFS 9 is 0.000003
TEPS for BFS 9 is 117088 cyrus 65536
Running BFS 10
Time for BFS 10 is 0.459772
Validating BFS 10
Validate time for BFS 10 is 0.000003
TEPS for BFS 10 is 142540 cyrus 65536
Running BFS 11
Time for BFS 11 is 0.439956
Validating BFS 11
Validate time for BFS 11 is 0.000003
TEPS for BFS 11 is 148960 cyrus 65536
Running BFS 12
Time for BFS 12 is 0.419738
Validating BFS 12
Validate time for BFS 12 is 0.000003
TEPS for BFS 12 is 156135 cyrus 65536
Running BFS 13
Time for BFS 13 is 0.349814
Validating BFS 13
Validate time for BFS 13 is 0.000003
TEPS for BFS 13 is 187345 cyrus 65536
Running BFS 14
Time for BFS 14 is 0.449827
Validating BFS 14
Validate time for BFS 14 is 0.000005
TEPS for BFS 14 is 145692 cyrus 65536
Running BFS 15
Time for BFS 15 is 0.459824
Validating BFS 15
Validate time for BFS 15 is 0.000003
TEPS for BFS 15 is 142524 cyrus 65536
Running BFS 16
Time for BFS 16 is 0.459795
Validating BFS 16
Validate time for BFS 16 is 0.000003
TEPS for BFS 16 is 142533 cyrus 65536
Running BFS 17
Time for BFS 17 is 0.509853
Validating BFS 17
Validate time for BFS 17 is 0.000003
TEPS for BFS 17 is 128539 cyrus 65536
Running BFS 18
Time for BFS 18 is 0.489813
Validating BFS 18
Validate time for BFS 18 is 0.000003
TEPS for BFS 18 is 133798 cyrus 65536
Running BFS 19
Time for BFS 19 is 0.559865
Validating BFS 19
Validate time for BFS 19 is 0.000003
TEPS for BFS 19 is 117057 cyrus 65536
Running BFS 20
Time for BFS 20 is 0.459918
Validating BFS 20
Validate time for BFS 20 is 0.000004
TEPS for BFS 20 is 142495 cyrus 65536
Running BFS 21
Time for BFS 21 is 0.449674
Validating BFS 21
Validate time for BFS 21 is 0.000003
TEPS for BFS 21 is 145741 cyrus 65536
Running BFS 22
Time for BFS 22 is 0.449896
Validating BFS 22
Validate time for BFS 22 is 0.000002
TEPS for BFS 22 is 145669 cyrus 65536
Running BFS 23
Time for BFS 23 is 0.459698
Validating BFS 23
Validate time for BFS 23 is 0.000004
TEPS for BFS 23 is 142563 cyrus 65536
Running BFS 24
Time for BFS 24 is 0.449972
Validating BFS 24
Validate time for BFS 24 is 0.000002
TEPS for BFS 24 is 145645 cyrus 65536
Running BFS 25
Time for BFS 25 is 0.459664
Validating BFS 25
Validate time for BFS 25 is 0.000004
TEPS for BFS 25 is 142574 cyrus 65536
Running BFS 26
Time for BFS 26 is 0.449990
Validating BFS 26
Validate time for BFS 26 is 0.000003
TEPS for BFS 26 is 145639 cyrus 65536
Running BFS 27
Time for BFS 27 is 0.459709
Validating BFS 27
Validate time for BFS 27 is 0.000004
TEPS for BFS 27 is 142560 cyrus 65536
Running BFS 28
Time for BFS 28 is 0.449907
Validating BFS 28
Validate time for BFS 28 is 0.000002
TEPS for BFS 28 is 145666 cyrus 65536
Running BFS 29
Time for BFS 29 is 0.459723
Validating BFS 29
Validate time for BFS 29 is 0.000003
TEPS for BFS 29 is 142555 cyrus 65536
Running BFS 30
Time for BFS 30 is 0.449936
Validating BFS 30
Validate time for BFS 30 is 0.000002
TEPS for BFS 30 is 145656 cyrus 65536
Running BFS 31
Time for BFS 31 is 0.559777
Validating BFS 31
Validate time for BFS 31 is 0.000004
TEPS for BFS 31 is 117075 cyrus 65536
Running BFS 32
Time for BFS 32 is 0.459700
Validating BFS 32
Validate time for BFS 32 is 0.000002
TEPS for BFS 32 is 142563 cyrus 65536
Running BFS 33
Time for BFS 33 is 0.459826
Validating BFS 33
Validate time for BFS 33 is 0.000004
TEPS for BFS 33 is 142523 cyrus 65536
Running BFS 34
Time for BFS 34 is 0.459794
Validating BFS 34
Validate time for BFS 34 is 0.000004
TEPS for BFS 34 is 142533 cyrus 65536
Running BFS 35
Time for BFS 35 is 0.439857
Validating BFS 35
Validate time for BFS 35 is 0.000003
TEPS for BFS 35 is 148994 cyrus 65536
Running BFS 36
Time for BFS 36 is 0.459769
Validating BFS 36
Validate time for BFS 36 is 0.000004
TEPS for BFS 36 is 142541 cyrus 65536
Running BFS 37
Time for BFS 37 is 0.449839
Validating BFS 37
Validate time for BFS 37 is 0.000002
TEPS for BFS 37 is 145688 cyrus 65536
Running BFS 38
Time for BFS 38 is 0.459795
Validating BFS 38
Validate time for BFS 38 is 0.000003
TEPS for BFS 38 is 142533 cyrus 65536
Running BFS 39
Time for BFS 39 is 0.410050
Validating BFS 39
Validate time for BFS 39 is 0.000003
TEPS for BFS 39 is 159824 cyrus 65536
Running BFS 40
Time for BFS 40 is 0.469614
Validating BFS 40
Validate time for BFS 40 is 0.000003
TEPS for BFS 40 is 139553 cyrus 65536
Running BFS 41
Time for BFS 41 is 0.439984
Validating BFS 41
Validate time for BFS 41 is 0.000003
TEPS for BFS 41 is 148951 cyrus 65536
Running BFS 42
Time for BFS 42 is 0.469634
Validating BFS 42
Validate time for BFS 42 is 0.000004
TEPS for BFS 42 is 139547 cyrus 65536
Running BFS 43
Time for BFS 43 is 0.519851
Validating BFS 43
Validate time for BFS 43 is 0.000003
TEPS for BFS 43 is 126067 cyrus 65536
Running BFS 44
Time for BFS 44 is 0.479790
Validating BFS 44
Validate time for BFS 44 is 0.000005
TEPS for BFS 44 is 136593 cyrus 65536
Running BFS 45
Time for BFS 45 is 0.379912
Validating BFS 45
Validate time for BFS 45 is 0.000003
TEPS for BFS 45 is 172503 cyrus 65536
Running BFS 46
Time for BFS 46 is 0.399734
Validating BFS 46
Validate time for BFS 46 is 0.000003
TEPS for BFS 46 is 163949 cyrus 65536
Running BFS 47
Time for BFS 47 is 0.439816
Validating BFS 47
Validate time for BFS 47 is 0.000004
TEPS for BFS 47 is 149008 cyrus 65536
Running BFS 48
Time for BFS 48 is 0.409966
Validating BFS 48
Validate time for BFS 48 is 0.000004
TEPS for BFS 48 is 159857 cyrus 65536
Running BFS 49
Time for BFS 49 is 0.389737
Validating BFS 49
Validate time for BFS 49 is 0.000003
TEPS for BFS 49 is 168154 cyrus 65536
Running BFS 50
Time for BFS 50 is 0.389865
Validating BFS 50
Validate time for BFS 50 is 0.000002
TEPS for BFS 50 is 168099 cyrus 65536
Running BFS 51
Time for BFS 51 is 0.402766
Validating BFS 51
Validate time for BFS 51 is 0.000003
TEPS for BFS 51 is 162715 cyrus 65536
Running BFS 52
Time for BFS 52 is 0.459773
Validating BFS 52
Validate time for BFS 52 is 0.000002
TEPS for BFS 52 is 142540 cyrus 65536
Running BFS 53
Time for BFS 53 is 0.439847
Validating BFS 53
Validate time for BFS 53 is 0.000002
TEPS for BFS 53 is 148997 cyrus 65536
Running BFS 54
Time for BFS 54 is 0.472722
Validating BFS 54
Validate time for BFS 54 is 0.000004
TEPS for BFS 54 is 138635 cyrus 65536
Running BFS 55
Time for BFS 55 is 0.349986
Validating BFS 55
Validate time for BFS 55 is 0.000002
TEPS for BFS 55 is 187253 cyrus 65536
Running BFS 56
Time for BFS 56 is 0.349824
Validating BFS 56
Validate time for BFS 56 is 0.000005
TEPS for BFS 56 is 187340 cyrus 65536
Running BFS 57
Time for BFS 57 is 0.562799
Validating BFS 57
Validate time for BFS 57 is 0.000004
TEPS for BFS 57 is 116447 cyrus 65536
Running BFS 58
Time for BFS 58 is 0.559727
Validating BFS 58
Validate time for BFS 58 is 0.000003
TEPS for BFS 58 is 117086 cyrus 65536
Running BFS 59
Time for BFS 59 is 0.449843
Validating BFS 59
Validate time for BFS 59 is 0.000002
TEPS for BFS 59 is 145686 cyrus 65536
Running BFS 60
Time for BFS 60 is 0.462894
Validating BFS 60
Validate time for BFS 60 is 0.000003
TEPS for BFS 60 is 141579 cyrus 65536
Running BFS 61
Time for BFS 61 is 0.459627
Validating BFS 61
Validate time for BFS 61 is 0.000003
TEPS for BFS 61 is 142585 cyrus 65536
Running BFS 62
Time for BFS 62 is 0.449916
Validating BFS 62
Validate time for BFS 62 is 0.000002
TEPS for BFS 62 is 145663 cyrus 65536
Running BFS 63
Time for BFS 63 is 0.449810
Validating BFS 63
Validate time for BFS 63 is 0.000003
TEPS for BFS 63 is 145697 cyrus 65536
SCALE:                          12
edgefactor:                     16
NBFS:                           64
graph_generation:               3.27307
num_mpi_processes:              32
construction_time:              0.311689
min_time:                       0.349814
firstquartile_time:             0.43993
median_time:                    0.459508
thirdquartile_time:             0.461406
max_time:                       0.562799
mean_time:                      0.45435
stddev_time:                    0.0451018
min_nedge:                      65536
firstquartile_nedge:            65536
median_nedge:                   65536
thirdquartile_nedge:            65536
max_nedge:                      65536
mean_nedge:                     65536
stddev_nedge:                   0
min_TEPS:                       116447
firstquartile_TEPS:             142035
median_TEPS:                    142622
thirdquartile_TEPS:             148969
max_TEPS:                       187345
harmonic_mean_TEPS:             144241
harmonic_stddev_TEPS:           1803.94
min_validate:                   1.90735e-06
firstquartile_validate:         2.86102e-06
median_validate:                3.09944e-06
thirdquartile_validate:         3.8147e-06
max_validate:                   5.00679e-06
mean_validate:                  3.12924e-06
stddev_validate:                8.2317e-07
This benchmark was run on 32 MPI Processes, Scale 12, written output_32_12.log
