graph_generation:               42.172184 s
construction_time:              25.284315 s
Running BFS 0
Time for BFS 0 is 1.841919
Validating BFS 0
Validate time for BFS 0 is 0.000001
TEPS for BFS 0 is 4.55428e+06 cyrus 8388608
Running BFS 1
Time for BFS 1 is 1.849755
Validating BFS 1
Validate time for BFS 1 is 0.000001
TEPS for BFS 1 is 4.53498e+06 cyrus 8388608
Running BFS 2
Time for BFS 2 is 1.909757
Validating BFS 2
Validate time for BFS 2 is 0.000002
TEPS for BFS 2 is 4.3925e+06 cyrus 8388608
Running BFS 3
Time for BFS 3 is 1.789820
Validating BFS 3
Validate time for BFS 3 is 0.000001
TEPS for BFS 3 is 4.68684e+06 cyrus 8388608
Running BFS 4
Time for BFS 4 is 1.719762
Validating BFS 4
Validate time for BFS 4 is 0.000001
TEPS for BFS 4 is 4.87777e+06 cyrus 8388608
Running BFS 5
Time for BFS 5 is 1.419755
Validating BFS 5
Validate time for BFS 5 is 0.000002
TEPS for BFS 5 is 5.90849e+06 cyrus 8388608
Running BFS 6
Time for BFS 6 is 2.479822
Validating BFS 6
Validate time for BFS 6 is 0.000002
TEPS for BFS 6 is 3.38275e+06 cyrus 8388608
Running BFS 7
Time for BFS 7 is 1.899828
Validating BFS 7
Validate time for BFS 7 is 0.000001
TEPS for BFS 7 is 4.41546e+06 cyrus 8388608
Running BFS 8
Time for BFS 8 is 2.689534
Validating BFS 8
Validate time for BFS 8 is 0.000001
TEPS for BFS 8 is 3.11898e+06 cyrus 8388608
Running BFS 9
Time for BFS 9 is 1.740106
Validating BFS 9
Validate time for BFS 9 is 0.000001
TEPS for BFS 9 is 4.82075e+06 cyrus 8388608
Running BFS 10
Time for BFS 10 is 1.739768
Validating BFS 10
Validate time for BFS 10 is 0.000001
TEPS for BFS 10 is 4.82168e+06 cyrus 8388608
Running BFS 11
Time for BFS 11 is 1.769937
Validating BFS 11
Validate time for BFS 11 is 0.000001
TEPS for BFS 11 is 4.7395e+06 cyrus 8388608
Running BFS 12
Time for BFS 12 is 1.729347
Validating BFS 12
Validate time for BFS 12 is 0.000001
TEPS for BFS 12 is 4.85074e+06 cyrus 8388608
Running BFS 13
Time for BFS 13 is 1.720246
Validating BFS 13
Validate time for BFS 13 is 0.000002
TEPS for BFS 13 is 4.8764e+06 cyrus 8388608
Running BFS 14
Time for BFS 14 is 1.889829
Validating BFS 14
Validate time for BFS 14 is 0.000001
TEPS for BFS 14 is 4.43882e+06 cyrus 8388608
Running BFS 15
Time for BFS 15 is 1.789747
Validating BFS 15
Validate time for BFS 15 is 0.000001
TEPS for BFS 15 is 4.68704e+06 cyrus 8388608
Running BFS 16
Time for BFS 16 is 1.669492
Validating BFS 16
Validate time for BFS 16 is 0.000001
TEPS for BFS 16 is 5.02465e+06 cyrus 8388608
Running BFS 17
Time for BFS 17 is 1.440116
Validating BFS 17
Validate time for BFS 17 is 0.000002
TEPS for BFS 17 is 5.82495e+06 cyrus 8388608
Running BFS 18
Time for BFS 18 is 5.029843
Validating BFS 18
Validate time for BFS 18 is 0.000001
TEPS for BFS 18 is 1.66777e+06 cyrus 8388608
Running BFS 19
Time for BFS 19 is 1.569792
Validating BFS 19
Validate time for BFS 19 is 0.000001
TEPS for BFS 19 is 5.34377e+06 cyrus 8388608
Running BFS 20
Time for BFS 20 is 2.469866
Validating BFS 20
Validate time for BFS 20 is 0.000001
TEPS for BFS 20 is 3.39638e+06 cyrus 8388608
Running BFS 21
Time for BFS 21 is 1.799320
Validating BFS 21
Validate time for BFS 21 is 0.000001
TEPS for BFS 21 is 4.6621e+06 cyrus 8388608
Running BFS 22
Time for BFS 22 is 1.810201
Validating BFS 22
Validate time for BFS 22 is 0.000001
TEPS for BFS 22 is 4.63408e+06 cyrus 8388608
Running BFS 23
Time for BFS 23 is 1.849854
Validating BFS 23
Validate time for BFS 23 is 0.000001
TEPS for BFS 23 is 4.53474e+06 cyrus 8388608
Running BFS 24
Time for BFS 24 is 1.879761
Validating BFS 24
Validate time for BFS 24 is 0.000001
TEPS for BFS 24 is 4.46259e+06 cyrus 8388608
Running BFS 25
Time for BFS 25 is 1.889453
Validating BFS 25
Validate time for BFS 25 is 0.000001
TEPS for BFS 25 is 4.4397e+06 cyrus 8388608
Running BFS 26
Time for BFS 26 is 1.760157
Validating BFS 26
Validate time for BFS 26 is 0.000001
TEPS for BFS 26 is 4.76583e+06 cyrus 8388608
Running BFS 27
Time for BFS 27 is 1.689816
Validating BFS 27
Validate time for BFS 27 is 0.000002
TEPS for BFS 27 is 4.96421e+06 cyrus 8388608
Running BFS 28
Time for BFS 28 is 1.729836
Validating BFS 28
Validate time for BFS 28 is 0.000001
TEPS for BFS 28 is 4.84937e+06 cyrus 8388608
Running BFS 29
Time for BFS 29 is 1.749794
Validating BFS 29
Validate time for BFS 29 is 0.000001
TEPS for BFS 29 is 4.79405e+06 cyrus 8388608
Running BFS 30
Time for BFS 30 is 1.749322
Validating BFS 30
Validate time for BFS 30 is 0.000001
TEPS for BFS 30 is 4.79535e+06 cyrus 8388608
Running BFS 31
Time for BFS 31 is 1.730257
Validating BFS 31
Validate time for BFS 31 is 0.000001
TEPS for BFS 31 is 4.84819e+06 cyrus 8388608
Running BFS 32
Time for BFS 32 is 1.769789
Validating BFS 32
Validate time for BFS 32 is 0.000001
TEPS for BFS 32 is 4.73989e+06 cyrus 8388608
Running BFS 33
Time for BFS 33 is 1.889325
Validating BFS 33
Validate time for BFS 33 is 0.000001
TEPS for BFS 33 is 4.44e+06 cyrus 8388608
Running BFS 34
Time for BFS 34 is 1.470381
Validating BFS 34
Validate time for BFS 34 is 0.000001
TEPS for BFS 34 is 5.70506e+06 cyrus 8388608
Running BFS 35
Time for BFS 35 is 1.779689
Validating BFS 35
Validate time for BFS 35 is 0.000001
TEPS for BFS 35 is 4.71353e+06 cyrus 8388608
Running BFS 36
Time for BFS 36 is 1.749288
Validating BFS 36
Validate time for BFS 36 is 0.000002
TEPS for BFS 36 is 4.79544e+06 cyrus 8388608
Running BFS 37
Time for BFS 37 is 1.769986
Validating BFS 37
Validate time for BFS 37 is 0.000001
TEPS for BFS 37 is 4.73936e+06 cyrus 8388608
Running BFS 38
Time for BFS 38 is 1.490172
Validating BFS 38
Validate time for BFS 38 is 0.000001
TEPS for BFS 38 is 5.62929e+06 cyrus 8388608
Running BFS 39
Time for BFS 39 is 1.799291
Validating BFS 39
Validate time for BFS 39 is 0.000001
TEPS for BFS 39 is 4.66217e+06 cyrus 8388608
Running BFS 40
Time for BFS 40 is 2.639800
Validating BFS 40
Validate time for BFS 40 is 0.000002
TEPS for BFS 40 is 3.17774e+06 cyrus 8388608
Running BFS 41
Time for BFS 41 is 1.850336
Validating BFS 41
Validate time for BFS 41 is 0.000002
TEPS for BFS 41 is 4.53356e+06 cyrus 8388608
Running BFS 42
Time for BFS 42 is 1.819836
Validating BFS 42
Validate time for BFS 42 is 0.000002
TEPS for BFS 42 is 4.60954e+06 cyrus 8388608
Running BFS 43
Time for BFS 43 is 2.849318
Validating BFS 43
Validate time for BFS 43 is 0.000002
TEPS for BFS 43 is 2.94408e+06 cyrus 8388608
Running BFS 44
Time for BFS 44 is 1.729842
Validating BFS 44
Validate time for BFS 44 is 0.000001
TEPS for BFS 44 is 4.84935e+06 cyrus 8388608
Running BFS 45
Time for BFS 45 is 1.739748
Validating BFS 45
Validate time for BFS 45 is 0.000002
TEPS for BFS 45 is 4.82174e+06 cyrus 8388608
Running BFS 46
Time for BFS 46 is 1.730342
Validating BFS 46
Validate time for BFS 46 is 0.000002
TEPS for BFS 46 is 4.84795e+06 cyrus 8388608
Running BFS 47
Time for BFS 47 is 1.749331
Validating BFS 47
Validate time for BFS 47 is 0.000002
TEPS for BFS 47 is 4.79532e+06 cyrus 8388608
Running BFS 48
Time for BFS 48 is 2.370298
Validating BFS 48
Validate time for BFS 48 is 0.000002
TEPS for BFS 48 is 3.53905e+06 cyrus 8388608
Running BFS 49
Time for BFS 49 is 1.719254
Validating BFS 49
Validate time for BFS 49 is 0.000002
TEPS for BFS 49 is 4.87921e+06 cyrus 8388608
Running BFS 50
Time for BFS 50 is 3.510373
Validating BFS 50
Validate time for BFS 50 is 0.000001
TEPS for BFS 50 is 2.38966e+06 cyrus 8388608
Running BFS 51
Time for BFS 51 is 1.469333
Validating BFS 51
Validate time for BFS 51 is 0.000002
TEPS for BFS 51 is 5.70913e+06 cyrus 8388608
Running BFS 52
Time for BFS 52 is 1.779860
Validating BFS 52
Validate time for BFS 52 is 0.000001
TEPS for BFS 52 is 4.71307e+06 cyrus 8388608
Running BFS 53
Time for BFS 53 is 1.740188
Validating BFS 53
Validate time for BFS 53 is 0.000001
TEPS for BFS 53 is 4.82052e+06 cyrus 8388608
Running BFS 54
Time for BFS 54 is 1.799735
Validating BFS 54
Validate time for BFS 54 is 0.000001
TEPS for BFS 54 is 4.66102e+06 cyrus 8388608
Running BFS 55
Time for BFS 55 is 1.699815
Validating BFS 55
Validate time for BFS 55 is 0.000001
TEPS for BFS 55 is 4.93501e+06 cyrus 8388608
Running BFS 56
Time for BFS 56 is 2.139415
Validating BFS 56
Validate time for BFS 56 is 0.000002
TEPS for BFS 56 is 3.92098e+06 cyrus 8388608
Running BFS 57
Time for BFS 57 is 1.690282
Validating BFS 57
Validate time for BFS 57 is 0.000001
TEPS for BFS 57 is 4.96285e+06 cyrus 8388608
Running BFS 58
Time for BFS 58 is 1.699746
Validating BFS 58
Validate time for BFS 58 is 0.000002
TEPS for BFS 58 is 4.93521e+06 cyrus 8388608
Running BFS 59
Time for BFS 59 is 1.759290
Validating BFS 59
Validate time for BFS 59 is 0.000002
TEPS for BFS 59 is 4.76818e+06 cyrus 8388608
Running BFS 60
Time for BFS 60 is 1.730317
Validating BFS 60
Validate time for BFS 60 is 0.000002
TEPS for BFS 60 is 4.84802e+06 cyrus 8388608
Running BFS 61
Time for BFS 61 is 2.389880
Validating BFS 61
Validate time for BFS 61 is 0.000002
TEPS for BFS 61 is 3.51005e+06 cyrus 8388608
Running BFS 62
Time for BFS 62 is 1.769245
Validating BFS 62
Validate time for BFS 62 is 0.000001
TEPS for BFS 62 is 4.74135e+06 cyrus 8388608
Running BFS 63
Time for BFS 63 is 1.710418
Validating BFS 63
Validate time for BFS 63 is 0.000001
TEPS for BFS 63 is 4.90442e+06 cyrus 8388608
SCALE:                          19
edgefactor:                     16
NBFS:                           64
graph_generation:               42.1722
num_mpi_processes:              64
construction_time:              25.2843
min_time:                       1.41975
firstquartile_time:             1.72959
median_time:                    1.76952
thirdquartile_time:             1.86505
max_time:                       5.02984
mean_time:                      1.91562
stddev_time:                    0.529337
min_nedge:                      8388608
firstquartile_nedge:            8388608
median_nedge:                   8388608
thirdquartile_nedge:            8388608
max_nedge:                      8388608
mean_nedge:                     8388608
stddev_nedge:                   0
min_TEPS:                       1.66777e+06
firstquartile_TEPS:             4.4978e+06
median_TEPS:                    4.74062e+06
thirdquartile_TEPS:             4.85005e+06
max_TEPS:                       5.90849e+06
harmonic_mean_TEPS:             4.37905e+06
harmonic_stddev_TEPS:           152452
min_validate:                   9.53674e-07
firstquartile_validate:         9.53674e-07
median_validate:                9.53674e-07
thirdquartile_validate:         1.90735e-06
max_validate:                   2.14577e-06
mean_validate:                  1.34483e-06
stddev_validate:                4.92415e-07
This benchmark was run on 64 MPI Processes, Scale 19, written output_64_19.log
