graph_generation:               4.299204 s
construction_time:              0.480877 s
Running BFS 0
Time for BFS 0 is 0.478799
Validating BFS 0
Validate time for BFS 0 is 0.000004
TEPS for BFS 0 is 68437.9 cyrus 32768
Running BFS 1
Time for BFS 1 is 0.488317
Validating BFS 1
Validate time for BFS 1 is 0.000003
TEPS for BFS 1 is 67103.9 cyrus 32768
Running BFS 2
Time for BFS 2 is 0.455001
Validating BFS 2
Validate time for BFS 2 is 0.000003
TEPS for BFS 2 is 72017.4 cyrus 32768
Running BFS 3
Time for BFS 3 is 0.492855
Validating BFS 3
Validate time for BFS 3 is 0.000003
TEPS for BFS 3 is 66486.1 cyrus 32768
Running BFS 4
Time for BFS 4 is 2.183590
Validating BFS 4
Validate time for BFS 4 is 0.000003
TEPS for BFS 4 is 15006.5 cyrus 32768
Running BFS 5
Time for BFS 5 is 0.489266
Validating BFS 5
Validate time for BFS 5 is 0.000004
TEPS for BFS 5 is 66973.8 cyrus 32768
Running BFS 6
Time for BFS 6 is 0.498862
Validating BFS 6
Validate time for BFS 6 is 0.000002
TEPS for BFS 6 is 65685.5 cyrus 32768
Running BFS 7
Time for BFS 7 is 0.536294
Validating BFS 7
Validate time for BFS 7 is 0.000002
TEPS for BFS 7 is 61100.8 cyrus 32768
Running BFS 8
Time for BFS 8 is 0.520090
Validating BFS 8
Validate time for BFS 8 is 0.000003
TEPS for BFS 8 is 63004.5 cyrus 32768
Running BFS 9
Time for BFS 9 is 0.501166
Validating BFS 9
Validate time for BFS 9 is 0.000004
TEPS for BFS 9 is 65383.5 cyrus 32768
Running BFS 10
Time for BFS 10 is 1.217799
Validating BFS 10
Validate time for BFS 10 is 0.000003
TEPS for BFS 10 is 26907.6 cyrus 32768
Running BFS 11
Time for BFS 11 is 0.504267
Validating BFS 11
Validate time for BFS 11 is 0.000003
TEPS for BFS 11 is 64981.5 cyrus 32768
Running BFS 12
Time for BFS 12 is 0.523717
Validating BFS 12
Validate time for BFS 12 is 0.000004
TEPS for BFS 12 is 62568.2 cyrus 32768
Running BFS 13
Time for BFS 13 is 0.507899
Validating BFS 13
Validate time for BFS 13 is 0.000002
TEPS for BFS 13 is 64516.8 cyrus 32768
Running BFS 14
Time for BFS 14 is 1.862912
Validating BFS 14
Validate time for BFS 14 is 0.000003
TEPS for BFS 14 is 17589.7 cyrus 32768
Running BFS 15
Time for BFS 15 is 1.883524
Validating BFS 15
Validate time for BFS 15 is 0.000003
TEPS for BFS 15 is 17397.2 cyrus 32768
Running BFS 16
Time for BFS 16 is 0.499907
Validating BFS 16
Validate time for BFS 16 is 0.000003
TEPS for BFS 16 is 65548.2 cyrus 32768
Running BFS 17
Time for BFS 17 is 0.632783
Validating BFS 17
Validate time for BFS 17 is 0.000004
TEPS for BFS 17 is 51784 cyrus 32768
Running BFS 18
Time for BFS 18 is 0.608092
Validating BFS 18
Validate time for BFS 18 is 0.000004
TEPS for BFS 18 is 53886.6 cyrus 32768
Running BFS 19
Time for BFS 19 is 0.500019
Validating BFS 19
Validate time for BFS 19 is 0.000003
TEPS for BFS 19 is 65533.5 cyrus 32768
Running BFS 20
Time for BFS 20 is 0.475893
Validating BFS 20
Validate time for BFS 20 is 0.000004
TEPS for BFS 20 is 68855.8 cyrus 32768
Running BFS 21
Time for BFS 21 is 0.540592
Validating BFS 21
Validate time for BFS 21 is 0.000002
TEPS for BFS 21 is 60615 cyrus 32768
Running BFS 22
Time for BFS 22 is 0.599040
Validating BFS 22
Validate time for BFS 22 is 0.000003
TEPS for BFS 22 is 54700.9 cyrus 32768
Running BFS 23
Time for BFS 23 is 0.468926
Validating BFS 23
Validate time for BFS 23 is 0.000003
TEPS for BFS 23 is 69878.8 cyrus 32768
Running BFS 24
Time for BFS 24 is 1.069253
Validating BFS 24
Validate time for BFS 24 is 0.000002
TEPS for BFS 24 is 30645.7 cyrus 32768
Running BFS 25
Time for BFS 25 is 0.499231
Validating BFS 25
Validate time for BFS 25 is 0.000002
TEPS for BFS 25 is 65636.9 cyrus 32768
Running BFS 26
Time for BFS 26 is 0.505942
Validating BFS 26
Validate time for BFS 26 is 0.000003
TEPS for BFS 26 is 64766.3 cyrus 32768
Running BFS 27
Time for BFS 27 is 0.492026
Validating BFS 27
Validate time for BFS 27 is 0.000003
TEPS for BFS 27 is 66598.1 cyrus 32768
Running BFS 28
Time for BFS 28 is 0.480856
Validating BFS 28
Validate time for BFS 28 is 0.000003
TEPS for BFS 28 is 68145.1 cyrus 32768
Running BFS 29
Time for BFS 29 is 0.630309
Validating BFS 29
Validate time for BFS 29 is 0.000003
TEPS for BFS 29 is 51987.2 cyrus 32768
Running BFS 30
Time for BFS 30 is 0.495722
Validating BFS 30
Validate time for BFS 30 is 0.000003
TEPS for BFS 30 is 66101.6 cyrus 32768
Running BFS 31
Time for BFS 31 is 0.494328
Validating BFS 31
Validate time for BFS 31 is 0.000004
TEPS for BFS 31 is 66288 cyrus 32768
Running BFS 32
Time for BFS 32 is 0.504984
Validating BFS 32
Validate time for BFS 32 is 0.000002
TEPS for BFS 32 is 64889.2 cyrus 32768
Running BFS 33
Time for BFS 33 is 0.228928
Validating BFS 33
Validate time for BFS 33 is 0.000004
TEPS for BFS 33 is 143137 cyrus 32768
Running BFS 34
Time for BFS 34 is 0.983470
Validating BFS 34
Validate time for BFS 34 is 0.000004
TEPS for BFS 34 is 33318.8 cyrus 32768
Running BFS 35
Time for BFS 35 is 0.479215
Validating BFS 35
Validate time for BFS 35 is 0.000005
TEPS for BFS 35 is 68378.5 cyrus 32768
Running BFS 36
Time for BFS 36 is 0.634725
Validating BFS 36
Validate time for BFS 36 is 0.000004
TEPS for BFS 36 is 51625.5 cyrus 32768
Running BFS 37
Time for BFS 37 is 0.529243
Validating BFS 37
Validate time for BFS 37 is 0.000003
TEPS for BFS 37 is 61914.8 cyrus 32768
Running BFS 38
Time for BFS 38 is 3.179414
Validating BFS 38
Validate time for BFS 38 is 0.000002
TEPS for BFS 38 is 10306.3 cyrus 32768
Running BFS 39
Time for BFS 39 is 0.518870
Validating BFS 39
Validate time for BFS 39 is 0.000003
TEPS for BFS 39 is 63152.6 cyrus 32768
Running BFS 40
Time for BFS 40 is 0.508978
Validating BFS 40
Validate time for BFS 40 is 0.000002
TEPS for BFS 40 is 64380 cyrus 32768
Running BFS 41
Time for BFS 41 is 1.492463
Validating BFS 41
Validate time for BFS 41 is 0.000002
TEPS for BFS 41 is 21955.7 cyrus 32768
Running BFS 42
Time for BFS 42 is 0.525885
Validating BFS 42
Validate time for BFS 42 is 0.000004
TEPS for BFS 42 is 62310.2 cyrus 32768
Running BFS 43
Time for BFS 43 is 1.361241
Validating BFS 43
Validate time for BFS 43 is 0.000003
TEPS for BFS 43 is 24072.2 cyrus 32768
Running BFS 44
Time for BFS 44 is 0.712645
Validating BFS 44
Validate time for BFS 44 is 0.000003
TEPS for BFS 44 is 45980.8 cyrus 32768
Running BFS 45
Time for BFS 45 is 1.189963
Validating BFS 45
Validate time for BFS 45 is 0.000003
TEPS for BFS 45 is 27537 cyrus 32768
Running BFS 46
Time for BFS 46 is 0.482602
Validating BFS 46
Validate time for BFS 46 is 0.000002
TEPS for BFS 46 is 67898.6 cyrus 32768
Running BFS 47
Time for BFS 47 is 0.468461
Validating BFS 47
Validate time for BFS 47 is 0.000004
TEPS for BFS 47 is 69948.2 cyrus 32768
Running BFS 48
Time for BFS 48 is 0.491230
Validating BFS 48
Validate time for BFS 48 is 0.000003
TEPS for BFS 48 is 66706 cyrus 32768
Running BFS 49
Time for BFS 49 is 0.522674
Validating BFS 49
Validate time for BFS 49 is 0.000003
TEPS for BFS 49 is 62693 cyrus 32768
Running BFS 50
Time for BFS 50 is 0.472339
Validating BFS 50
Validate time for BFS 50 is 0.000003
TEPS for BFS 50 is 69373.9 cyrus 32768
Running BFS 51
Time for BFS 51 is 3.277892
Validating BFS 51
Validate time for BFS 51 is 0.000003
TEPS for BFS 51 is 9996.67 cyrus 32768
Running BFS 52
Time for BFS 52 is 0.501339
Validating BFS 52
Validate time for BFS 52 is 0.000003
TEPS for BFS 52 is 65361 cyrus 32768
Running BFS 53
Time for BFS 53 is 0.508794
Validating BFS 53
Validate time for BFS 53 is 0.000004
TEPS for BFS 53 is 64403.3 cyrus 32768
Running BFS 54
Time for BFS 54 is 0.526967
Validating BFS 54
Validate time for BFS 54 is 0.000003
TEPS for BFS 54 is 62182.3 cyrus 32768
Running BFS 55
Time for BFS 55 is 0.496551
Validating BFS 55
Validate time for BFS 55 is 0.000002
TEPS for BFS 55 is 65991.2 cyrus 32768
Running BFS 56
Time for BFS 56 is 1.312649
Validating BFS 56
Validate time for BFS 56 is 0.000003
TEPS for BFS 56 is 24963.3 cyrus 32768
Running BFS 57
Time for BFS 57 is 0.487467
Validating BFS 57
Validate time for BFS 57 is 0.000004
TEPS for BFS 57 is 67221 cyrus 32768
Running BFS 58
Time for BFS 58 is 1.388325
Validating BFS 58
Validate time for BFS 58 is 0.000004
TEPS for BFS 58 is 23602.5 cyrus 32768
Running BFS 59
Time for BFS 59 is 0.471442
Validating BFS 59
Validate time for BFS 59 is 0.000002
TEPS for BFS 59 is 69505.9 cyrus 32768
Running BFS 60
Time for BFS 60 is 0.504508
Validating BFS 60
Validate time for BFS 60 is 0.000004
TEPS for BFS 60 is 64950.4 cyrus 32768
Running BFS 61
Time for BFS 61 is 0.509028
Validating BFS 61
Validate time for BFS 61 is 0.000002
TEPS for BFS 61 is 64373.7 cyrus 32768
Running BFS 62
Time for BFS 62 is 0.508914
Validating BFS 62
Validate time for BFS 62 is 0.000004
TEPS for BFS 62 is 64388.1 cyrus 32768
Running BFS 63
Time for BFS 63 is 0.559611
Validating BFS 63
Validate time for BFS 63 is 0.000004
TEPS for BFS 63 is 58555 cyrus 32768
SCALE:                          11
edgefactor:                     16
NBFS:                           64
graph_generation:               4.2992
num_mpi_processes:              128
construction_time:              0.480877
min_time:                       0.228928
firstquartile_time:             0.49244
median_time:                    0.508854
thirdquartile_time:             0.631546
max_time:                       3.27789
mean_time:                      0.75747
stddev_time:                    0.593579
min_nedge:                      32768
firstquartile_nedge:            32768
median_nedge:                   32768
thirdquartile_nedge:            32768
max_nedge:                      32768
mean_nedge:                     32768
stddev_nedge:                   0
min_TEPS:                       9996.67
firstquartile_TEPS:             51885.4
median_TEPS:                    64395.7
thirdquartile_TEPS:             66542.1
max_TEPS:                       143137
harmonic_mean_TEPS:             43259.8
harmonic_stddev_TEPS:           4270.98
min_validate:                   1.90735e-06
firstquartile_validate:         2.86102e-06
median_validate:                3.09944e-06
thirdquartile_validate:         4.05312e-06
max_validate:                   5.00679e-06
mean_validate:                  3.11807e-06
stddev_validate:                7.4951e-07
This benchmark was run on 128 MPI Processes, Scale 11, written output_128_11.log
