graph_generation:               47.964554 s
construction_time:              25.880590 s
Running BFS 0
Time for BFS 0 is 2.818531
Validating BFS 0
Validate time for BFS 0 is 0.000004
TEPS for BFS 0 is 5.95247e+06 cyrus 16777216
Running BFS 1
Time for BFS 1 is 3.142903
Validating BFS 1
Validate time for BFS 1 is 0.000005
TEPS for BFS 1 is 5.33813e+06 cyrus 16777216
Running BFS 2
Time for BFS 2 is 4.311413
Validating BFS 2
Validate time for BFS 2 is 0.000006
TEPS for BFS 2 is 3.89135e+06 cyrus 16777216
Running BFS 3
Time for BFS 3 is 3.241725
Validating BFS 3
Validate time for BFS 3 is 0.000006
TEPS for BFS 3 is 5.1754e+06 cyrus 16777216
Running BFS 4
Time for BFS 4 is 3.239626
Validating BFS 4
Validate time for BFS 4 is 0.000006
TEPS for BFS 4 is 5.17875e+06 cyrus 16777216
Running BFS 5
Time for BFS 5 is 2.691716
Validating BFS 5
Validate time for BFS 5 is 0.000005
TEPS for BFS 5 is 6.23291e+06 cyrus 16777216
Running BFS 6
Time for BFS 6 is 3.806002
Validating BFS 6
Validate time for BFS 6 is 0.000005
TEPS for BFS 6 is 4.40809e+06 cyrus 16777216
Running BFS 7
Time for BFS 7 is 3.202538
Validating BFS 7
Validate time for BFS 7 is 0.000004
TEPS for BFS 7 is 5.23873e+06 cyrus 16777216
Running BFS 8
Time for BFS 8 is 2.773271
Validating BFS 8
Validate time for BFS 8 is 0.000005
TEPS for BFS 8 is 6.04961e+06 cyrus 16777216
Running BFS 9
Time for BFS 9 is 3.596418
Validating BFS 9
Validate time for BFS 9 is 0.000005
TEPS for BFS 9 is 4.66498e+06 cyrus 16777216
Running BFS 10
Time for BFS 10 is 7.249576
Validating BFS 10
Validate time for BFS 10 is 0.000005
TEPS for BFS 10 is 2.31423e+06 cyrus 16777216
Running BFS 11
Time for BFS 11 is 3.175258
Validating BFS 11
Validate time for BFS 11 is 0.000005
TEPS for BFS 11 is 5.28373e+06 cyrus 16777216
Running BFS 12
Time for BFS 12 is 3.463548
Validating BFS 12
Validate time for BFS 12 is 0.000006
TEPS for BFS 12 is 4.84394e+06 cyrus 16777216
Running BFS 13
Time for BFS 13 is 4.262789
Validating BFS 13
Validate time for BFS 13 is 0.000005
TEPS for BFS 13 is 3.93574e+06 cyrus 16777216
Running BFS 14
Time for BFS 14 is 3.716946
Validating BFS 14
Validate time for BFS 14 is 0.000005
TEPS for BFS 14 is 4.51371e+06 cyrus 16777216
Running BFS 15
Time for BFS 15 is 3.629962
Validating BFS 15
Validate time for BFS 15 is 0.000005
TEPS for BFS 15 is 4.62187e+06 cyrus 16777216
Running BFS 16
Time for BFS 16 is 3.164219
Validating BFS 16
Validate time for BFS 16 is 0.000005
TEPS for BFS 16 is 5.30217e+06 cyrus 16777216
Running BFS 17
Time for BFS 17 is 2.701530
Validating BFS 17
Validate time for BFS 17 is 0.000004
TEPS for BFS 17 is 6.21026e+06 cyrus 16777216
Running BFS 18
Time for BFS 18 is 3.133687
Validating BFS 18
Validate time for BFS 18 is 0.000005
TEPS for BFS 18 is 5.35383e+06 cyrus 16777216
Running BFS 19
Time for BFS 19 is 3.196829
Validating BFS 19
Validate time for BFS 19 is 0.000005
TEPS for BFS 19 is 5.24808e+06 cyrus 16777216
Running BFS 20
Time for BFS 20 is 4.103196
Validating BFS 20
Validate time for BFS 20 is 0.000006
TEPS for BFS 20 is 4.08882e+06 cyrus 16777216
Running BFS 21
Time for BFS 21 is 3.382025
Validating BFS 21
Validate time for BFS 21 is 0.000005
TEPS for BFS 21 is 4.9607e+06 cyrus 16777216
Running BFS 22
Time for BFS 22 is 2.619445
Validating BFS 22
Validate time for BFS 22 is 0.000005
TEPS for BFS 22 is 6.40487e+06 cyrus 16777216
Running BFS 23
Time for BFS 23 is 5.141478
Validating BFS 23
Validate time for BFS 23 is 0.000005
TEPS for BFS 23 is 3.26311e+06 cyrus 16777216
Running BFS 24
Time for BFS 24 is 3.319716
Validating BFS 24
Validate time for BFS 24 is 0.000006
TEPS for BFS 24 is 5.05381e+06 cyrus 16777216
Running BFS 25
Time for BFS 25 is 5.082315
Validating BFS 25
Validate time for BFS 25 is 0.000005
TEPS for BFS 25 is 3.3011e+06 cyrus 16777216
Running BFS 26
Time for BFS 26 is 6.233063
Validating BFS 26
Validate time for BFS 26 is 0.000004
TEPS for BFS 26 is 2.69165e+06 cyrus 16777216
Running BFS 27
Time for BFS 27 is 3.567345
Validating BFS 27
Validate time for BFS 27 is 0.000005
TEPS for BFS 27 is 4.703e+06 cyrus 16777216
Running BFS 28
Time for BFS 28 is 4.206970
Validating BFS 28
Validate time for BFS 28 is 0.000004
TEPS for BFS 28 is 3.98796e+06 cyrus 16777216
Running BFS 29
Time for BFS 29 is 4.652524
Validating BFS 29
Validate time for BFS 29 is 0.000005
TEPS for BFS 29 is 3.60605e+06 cyrus 16777216
Running BFS 30
Time for BFS 30 is 2.762262
Validating BFS 30
Validate time for BFS 30 is 0.000005
TEPS for BFS 30 is 6.07372e+06 cyrus 16777216
Running BFS 31
Time for BFS 31 is 3.284981
Validating BFS 31
Validate time for BFS 31 is 0.000006
TEPS for BFS 31 is 5.10725e+06 cyrus 16777216
Running BFS 32
Time for BFS 32 is 3.981353
Validating BFS 32
Validate time for BFS 32 is 0.000005
TEPS for BFS 32 is 4.21395e+06 cyrus 16777216
Running BFS 33
Time for BFS 33 is 2.678011
Validating BFS 33
Validate time for BFS 33 is 0.000004
TEPS for BFS 33 is 6.2648e+06 cyrus 16777216
Running BFS 34
Time for BFS 34 is 3.256819
Validating BFS 34
Validate time for BFS 34 is 0.000005
TEPS for BFS 34 is 5.15141e+06 cyrus 16777216
Running BFS 35
Time for BFS 35 is 3.277462
Validating BFS 35
Validate time for BFS 35 is 0.000005
TEPS for BFS 35 is 5.11897e+06 cyrus 16777216
Running BFS 36
Time for BFS 36 is 3.370843
Validating BFS 36
Validate time for BFS 36 is 0.000005
TEPS for BFS 36 is 4.97716e+06 cyrus 16777216
Running BFS 37
Time for BFS 37 is 3.325250
Validating BFS 37
Validate time for BFS 37 is 0.000005
TEPS for BFS 37 is 5.0454e+06 cyrus 16777216
Running BFS 38
Time for BFS 38 is 3.280561
Validating BFS 38
Validate time for BFS 38 is 0.000004
TEPS for BFS 38 is 5.11413e+06 cyrus 16777216
Running BFS 39
Time for BFS 39 is 5.175779
Validating BFS 39
Validate time for BFS 39 is 0.000005
TEPS for BFS 39 is 3.24149e+06 cyrus 16777216
Running BFS 40
Time for BFS 40 is 3.165787
Validating BFS 40
Validate time for BFS 40 is 0.000004
TEPS for BFS 40 is 5.29954e+06 cyrus 16777216
Running BFS 41
Time for BFS 41 is 2.686042
Validating BFS 41
Validate time for BFS 41 is 0.000005
TEPS for BFS 41 is 6.24607e+06 cyrus 16777216
Running BFS 42
Time for BFS 42 is 3.357597
Validating BFS 42
Validate time for BFS 42 is 0.000004
TEPS for BFS 42 is 4.99679e+06 cyrus 16777216
Running BFS 43
Time for BFS 43 is 3.214445
Validating BFS 43
Validate time for BFS 43 is 0.000004
TEPS for BFS 43 is 5.21932e+06 cyrus 16777216
Running BFS 44
Time for BFS 44 is 2.718842
Validating BFS 44
Validate time for BFS 44 is 0.000005
TEPS for BFS 44 is 6.17072e+06 cyrus 16777216
Running BFS 45
Time for BFS 45 is 3.268670
Validating BFS 45
Validate time for BFS 45 is 0.000004
TEPS for BFS 45 is 5.13273e+06 cyrus 16777216
Running BFS 46
Time for BFS 46 is 3.126435
Validating BFS 46
Validate time for BFS 46 is 0.000005
TEPS for BFS 46 is 5.36624e+06 cyrus 16777216
Running BFS 47
Time for BFS 47 is 4.033555
Validating BFS 47
Validate time for BFS 47 is 0.000006
TEPS for BFS 47 is 4.15941e+06 cyrus 16777216
Running BFS 48
Time for BFS 48 is 3.290744
Validating BFS 48
Validate time for BFS 48 is 0.000005
TEPS for BFS 48 is 5.0983e+06 cyrus 16777216
Running BFS 49
Time for BFS 49 is 3.200613
Validating BFS 49
Validate time for BFS 49 is 0.000005
TEPS for BFS 49 is 5.24188e+06 cyrus 16777216
Running BFS 50
Time for BFS 50 is 3.812637
Validating BFS 50
Validate time for BFS 50 is 0.000005
TEPS for BFS 50 is 4.40042e+06 cyrus 16777216
Running BFS 51
Time for BFS 51 is 2.652522
Validating BFS 51
Validate time for BFS 51 is 0.000004
TEPS for BFS 51 is 6.32501e+06 cyrus 16777216
Running BFS 52
Time for BFS 52 is 4.153501
Validating BFS 52
Validate time for BFS 52 is 0.000004
TEPS for BFS 52 is 4.0393e+06 cyrus 16777216
Running BFS 53
Time for BFS 53 is 3.200924
Validating BFS 53
Validate time for BFS 53 is 0.000005
TEPS for BFS 53 is 5.24137e+06 cyrus 16777216
Running BFS 54
Time for BFS 54 is 2.710075
Validating BFS 54
Validate time for BFS 54 is 0.000005
TEPS for BFS 54 is 6.19068e+06 cyrus 16777216
Running BFS 55
Time for BFS 55 is 7.156816
Validating BFS 55
Validate time for BFS 55 is 0.000005
TEPS for BFS 55 is 2.34423e+06 cyrus 16777216
Running BFS 56
Time for BFS 56 is 3.971295
Validating BFS 56
Validate time for BFS 56 is 0.000005
TEPS for BFS 56 is 4.22462e+06 cyrus 16777216
Running BFS 57
Time for BFS 57 is 3.116005
Validating BFS 57
Validate time for BFS 57 is 0.000004
TEPS for BFS 57 is 5.38421e+06 cyrus 16777216
Running BFS 58
Time for BFS 58 is 2.685591
Validating BFS 58
Validate time for BFS 58 is 0.000008
TEPS for BFS 58 is 6.24712e+06 cyrus 16777216
Running BFS 59
Time for BFS 59 is 3.211357
Validating BFS 59
Validate time for BFS 59 is 0.000005
TEPS for BFS 59 is 5.22434e+06 cyrus 16777216
Running BFS 60
Time for BFS 60 is 3.787080
Validating BFS 60
Validate time for BFS 60 is 0.000005
TEPS for BFS 60 is 4.43012e+06 cyrus 16777216
Running BFS 61
Time for BFS 61 is 3.290877
Validating BFS 61
Validate time for BFS 61 is 0.000006
TEPS for BFS 61 is 5.0981e+06 cyrus 16777216
Running BFS 62
Time for BFS 62 is 2.672385
Validating BFS 62
Validate time for BFS 62 is 0.000005
TEPS for BFS 62 is 6.27799e+06 cyrus 16777216
Running BFS 63
Time for BFS 63 is 3.343734
Validating BFS 63
Validate time for BFS 63 is 0.000004
TEPS for BFS 63 is 5.01751e+06 cyrus 16777216
SCALE:                          20
edgefactor:                     16
NBFS:                           64
graph_generation:               47.9646
num_mpi_processes:              128
construction_time:              25.8806
min_time:                       2.61945
firstquartile_time:             3.1383
median_time:                    3.28277
thirdquartile_time:             3.80932
max_time:                       7.24958
mean_time:                      3.57887
stddev_time:                    0.957195
min_nedge:                      16777216
firstquartile_nedge:            16777216
median_nedge:                   16777216
thirdquartile_nedge:            16777216
max_nedge:                      16777216
mean_nedge:                     16777216
stddev_nedge:                   0
min_TEPS:                       2.31423e+06
firstquartile_TEPS:             4.40426e+06
median_TEPS:                    5.11069e+06
thirdquartile_TEPS:             5.34597e+06
max_TEPS:                       6.40487e+06
harmonic_mean_TEPS:             4.68786e+06
harmonic_stddev_TEPS:           157964
min_validate:                   3.8147e-06
firstquartile_validate:         5.00679e-06
median_validate:                5.00679e-06
thirdquartile_validate:         5.00679e-06
max_validate:                   8.10623e-06
mean_validate:                  4.95464e-06
stddev_validate:                7.21496e-07
This benchmark was run on 128 MPI Processes, Scale 20, written output_128_20.log
