graph_generation:               9.202452 s
construction_time:              0.340875 s
Running BFS 0
Time for BFS 0 is 0.586346
Validating BFS 0
Validate time for BFS 0 is 0.000004
TEPS for BFS 0 is 111770 cyrus 65536
Running BFS 1
Time for BFS 1 is 0.449640
Validating BFS 1
Validate time for BFS 1 is 0.000004
TEPS for BFS 1 is 145752 cyrus 65536
Running BFS 2
Time for BFS 2 is 0.480194
Validating BFS 2
Validate time for BFS 2 is 0.000004
TEPS for BFS 2 is 136478 cyrus 65536
Running BFS 3
Time for BFS 3 is 0.638373
Validating BFS 3
Validate time for BFS 3 is 0.000003
TEPS for BFS 3 is 102661 cyrus 65536
Running BFS 4
Time for BFS 4 is 0.478512
Validating BFS 4
Validate time for BFS 4 is 0.000003
TEPS for BFS 4 is 136958 cyrus 65536
Running BFS 5
Time for BFS 5 is 0.489370
Validating BFS 5
Validate time for BFS 5 is 0.000004
TEPS for BFS 5 is 133919 cyrus 65536
Running BFS 6
Time for BFS 6 is 0.495344
Validating BFS 6
Validate time for BFS 6 is 0.000004
TEPS for BFS 6 is 132304 cyrus 65536
Running BFS 7
Time for BFS 7 is 0.468784
Validating BFS 7
Validate time for BFS 7 is 0.000003
TEPS for BFS 7 is 139800 cyrus 65536
Running BFS 8
Time for BFS 8 is 0.464134
Validating BFS 8
Validate time for BFS 8 is 0.000003
TEPS for BFS 8 is 141201 cyrus 65536
Running BFS 9
Time for BFS 9 is 0.578204
Validating BFS 9
Validate time for BFS 9 is 0.000003
TEPS for BFS 9 is 113344 cyrus 65536
Running BFS 10
Time for BFS 10 is 1.876033
Validating BFS 10
Validate time for BFS 10 is 0.000002
TEPS for BFS 10 is 34933.3 cyrus 65536
Running BFS 11
Time for BFS 11 is 0.496113
Validating BFS 11
Validate time for BFS 11 is 0.000003
TEPS for BFS 11 is 132099 cyrus 65536
Running BFS 12
Time for BFS 12 is 1.448905
Validating BFS 12
Validate time for BFS 12 is 0.000003
TEPS for BFS 12 is 45231.4 cyrus 65536
Running BFS 13
Time for BFS 13 is 0.358891
Validating BFS 13
Validate time for BFS 13 is 0.000003
TEPS for BFS 13 is 182607 cyrus 65536
Running BFS 14
Time for BFS 14 is 0.488864
Validating BFS 14
Validate time for BFS 14 is 0.000002
TEPS for BFS 14 is 134058 cyrus 65536
Running BFS 15
Time for BFS 15 is 0.498162
Validating BFS 15
Validate time for BFS 15 is 0.000003
TEPS for BFS 15 is 131556 cyrus 65536
Running BFS 16
Time for BFS 16 is 0.508565
Validating BFS 16
Validate time for BFS 16 is 0.000003
TEPS for BFS 16 is 128865 cyrus 65536
Running BFS 17
Time for BFS 17 is 2.738051
Validating BFS 17
Validate time for BFS 17 is 0.000003
TEPS for BFS 17 is 23935.3 cyrus 65536
Running BFS 18
Time for BFS 18 is 0.486065
Validating BFS 18
Validate time for BFS 18 is 0.000003
TEPS for BFS 18 is 134830 cyrus 65536
Running BFS 19
Time for BFS 19 is 0.637155
Validating BFS 19
Validate time for BFS 19 is 0.000003
TEPS for BFS 19 is 102857 cyrus 65536
Running BFS 20
Time for BFS 20 is 0.499856
Validating BFS 20
Validate time for BFS 20 is 0.000002
TEPS for BFS 20 is 131110 cyrus 65536
Running BFS 21
Time for BFS 21 is 0.487106
Validating BFS 21
Validate time for BFS 21 is 0.000003
TEPS for BFS 21 is 134542 cyrus 65536
Running BFS 22
Time for BFS 22 is 0.549670
Validating BFS 22
Validate time for BFS 22 is 0.000003
TEPS for BFS 22 is 119228 cyrus 65536
Running BFS 23
Time for BFS 23 is 0.508394
Validating BFS 23
Validate time for BFS 23 is 0.000004
TEPS for BFS 23 is 128908 cyrus 65536
Running BFS 24
Time for BFS 24 is 0.492672
Validating BFS 24
Validate time for BFS 24 is 0.000003
TEPS for BFS 24 is 133022 cyrus 65536
Running BFS 25
Time for BFS 25 is 0.543038
Validating BFS 25
Validate time for BFS 25 is 0.000004
TEPS for BFS 25 is 120684 cyrus 65536
Running BFS 26
Time for BFS 26 is 0.489618
Validating BFS 26
Validate time for BFS 26 is 0.000004
TEPS for BFS 26 is 133851 cyrus 65536
Running BFS 27
Time for BFS 27 is 0.487192
Validating BFS 27
Validate time for BFS 27 is 0.000003
TEPS for BFS 27 is 134518 cyrus 65536
Running BFS 28
Time for BFS 28 is 1.778718
Validating BFS 28
Validate time for BFS 28 is 0.000004
TEPS for BFS 28 is 36844.5 cyrus 65536
Running BFS 29
Time for BFS 29 is 1.367302
Validating BFS 29
Validate time for BFS 29 is 0.000004
TEPS for BFS 29 is 47930.9 cyrus 65536
Running BFS 30
Time for BFS 30 is 0.496110
Validating BFS 30
Validate time for BFS 30 is 0.000003
TEPS for BFS 30 is 132100 cyrus 65536
Running BFS 31
Time for BFS 31 is 5.589109
Validating BFS 31
Validate time for BFS 31 is 0.000003
TEPS for BFS 31 is 11725.7 cyrus 65536
Running BFS 32
Time for BFS 32 is 0.469092
Validating BFS 32
Validate time for BFS 32 is 0.000004
TEPS for BFS 32 is 139708 cyrus 65536
Running BFS 33
Time for BFS 33 is 0.508504
Validating BFS 33
Validate time for BFS 33 is 0.000003
TEPS for BFS 33 is 128880 cyrus 65536
Running BFS 34
Time for BFS 34 is 1.418744
Validating BFS 34
Validate time for BFS 34 is 0.000003
TEPS for BFS 34 is 46193 cyrus 65536
Running BFS 35
Time for BFS 35 is 0.509574
Validating BFS 35
Validate time for BFS 35 is 0.000002
TEPS for BFS 35 is 128609 cyrus 65536
Running BFS 36
Time for BFS 36 is 0.465969
Validating BFS 36
Validate time for BFS 36 is 0.000004
TEPS for BFS 36 is 140645 cyrus 65536
Running BFS 37
Time for BFS 37 is 0.459603
Validating BFS 37
Validate time for BFS 37 is 0.000003
TEPS for BFS 37 is 142593 cyrus 65536
Running BFS 38
Time for BFS 38 is 0.505549
Validating BFS 38
Validate time for BFS 38 is 0.000003
TEPS for BFS 38 is 129633 cyrus 65536
Running BFS 39
Time for BFS 39 is 0.501709
Validating BFS 39
Validate time for BFS 39 is 0.000004
TEPS for BFS 39 is 130626 cyrus 65536
Running BFS 40
Time for BFS 40 is 0.478485
Validating BFS 40
Validate time for BFS 40 is 0.000003
TEPS for BFS 40 is 136966 cyrus 65536
Running BFS 41
Time for BFS 41 is 0.478498
Validating BFS 41
Validate time for BFS 41 is 0.000004
TEPS for BFS 41 is 136962 cyrus 65536
Running BFS 42
Time for BFS 42 is 0.492358
Validating BFS 42
Validate time for BFS 42 is 0.000003
TEPS for BFS 42 is 133106 cyrus 65536
Running BFS 43
Time for BFS 43 is 0.590957
Validating BFS 43
Validate time for BFS 43 is 0.000003
TEPS for BFS 43 is 110898 cyrus 65536
Running BFS 44
Time for BFS 44 is 0.586605
Validating BFS 44
Validate time for BFS 44 is 0.000003
TEPS for BFS 44 is 111721 cyrus 65536
Running BFS 45
Time for BFS 45 is 0.457986
Validating BFS 45
Validate time for BFS 45 is 0.000003
TEPS for BFS 45 is 143096 cyrus 65536
Running BFS 46
Time for BFS 46 is 0.478483
Validating BFS 46
Validate time for BFS 46 is 0.000003
TEPS for BFS 46 is 136966 cyrus 65536
Running BFS 47
Time for BFS 47 is 0.530992
Validating BFS 47
Validate time for BFS 47 is 0.000003
TEPS for BFS 47 is 123422 cyrus 65536
Running BFS 48
Time for BFS 48 is 0.518401
Validating BFS 48
Validate time for BFS 48 is 0.000003
TEPS for BFS 48 is 126419 cyrus 65536
Running BFS 49
Time for BFS 49 is 0.510964
Validating BFS 49
Validate time for BFS 49 is 0.000002
TEPS for BFS 49 is 128260 cyrus 65536
Running BFS 50
Time for BFS 50 is 0.498553
Validating BFS 50
Validate time for BFS 50 is 0.000003
TEPS for BFS 50 is 131452 cyrus 65536
Running BFS 51
Time for BFS 51 is 0.478705
Validating BFS 51
Validate time for BFS 51 is 0.000003
TEPS for BFS 51 is 136903 cyrus 65536
Running BFS 52
Time for BFS 52 is 0.467927
Validating BFS 52
Validate time for BFS 52 is 0.000004
TEPS for BFS 52 is 140056 cyrus 65536
Running BFS 53
Time for BFS 53 is 0.488460
Validating BFS 53
Validate time for BFS 53 is 0.000003
TEPS for BFS 53 is 134169 cyrus 65536
Running BFS 54
Time for BFS 54 is 0.461838
Validating BFS 54
Validate time for BFS 54 is 0.000003
TEPS for BFS 54 is 141903 cyrus 65536
Running BFS 55
Time for BFS 55 is 0.365236
Validating BFS 55
Validate time for BFS 55 is 0.000004
TEPS for BFS 55 is 179435 cyrus 65536
Running BFS 56
Time for BFS 56 is 0.358953
Validating BFS 56
Validate time for BFS 56 is 0.000003
TEPS for BFS 56 is 182575 cyrus 65536
Running BFS 57
Time for BFS 57 is 0.604042
Validating BFS 57
Validate time for BFS 57 is 0.000004
TEPS for BFS 57 is 108496 cyrus 65536
Running BFS 58
Time for BFS 58 is 3.267322
Validating BFS 58
Validate time for BFS 58 is 0.000003
TEPS for BFS 58 is 20058 cyrus 65536
Running BFS 59
Time for BFS 59 is 0.528210
Validating BFS 59
Validate time for BFS 59 is 0.000003
TEPS for BFS 59 is 124072 cyrus 65536
Running BFS 60
Time for BFS 60 is 0.508039
Validating BFS 60
Validate time for BFS 60 is 0.000003
TEPS for BFS 60 is 128998 cyrus 65536
Running BFS 61
Time for BFS 61 is 0.473403
Validating BFS 61
Validate time for BFS 61 is 0.000002
TEPS for BFS 61 is 138436 cyrus 65536
Running BFS 62
Time for BFS 62 is 0.458343
Validating BFS 62
Validate time for BFS 62 is 0.000002
TEPS for BFS 62 is 142985 cyrus 65536
Running BFS 63
Time for BFS 63 is 0.478610
Validating BFS 63
Validate time for BFS 63 is 0.000002
TEPS for BFS 63 is 136930 cyrus 65536
SCALE:                          12
edgefactor:                     16
NBFS:                           64
graph_generation:               9.20245
num_mpi_processes:              128
construction_time:              0.340875
min_time:                       0.358891
firstquartile_time:             0.478491
median_time:                    0.496111
thirdquartile_time:             0.546354
max_time:                       5.58911
mean_time:                      0.739916
stddev_time:                    0.807407
min_nedge:                      65536
firstquartile_nedge:            65536
median_nedge:                   65536
thirdquartile_nedge:            65536
max_nedge:                      65536
mean_nedge:                     65536
stddev_nedge:                   0
min_TEPS:                       11725.7
firstquartile_TEPS:             119952
median_TEPS:                    132099
thirdquartile_TEPS:             136964
max_TEPS:                       182607
harmonic_mean_TEPS:             88572.3
harmonic_stddev_TEPS:           12176.9
min_validate:                   1.90735e-06
firstquartile_validate:         2.86102e-06
median_validate:                3.09944e-06
thirdquartile_validate:         3.8147e-06
max_validate:                   4.05312e-06
mean_validate:                  3.17022e-06
stddev_validate:                6.20964e-07
This benchmark was run on 128 MPI Processes, Scale 12, written output_128_12.log
