graph_generation:               4.404481 s
construction_time:              0.198084 s
Running BFS 0
Time for BFS 0 is 0.340798
Validating BFS 0
Validate time for BFS 0 is 0.000002
TEPS for BFS 0 is 6009.43 cyrus 2048
Running BFS 1
Time for BFS 1 is 1.629363
Validating BFS 1
Validate time for BFS 1 is 0.000001
TEPS for BFS 1 is 1256.93 cyrus 2048
Running BFS 2
Time for BFS 2 is 0.371443
Validating BFS 2
Validate time for BFS 2 is 0.000001
TEPS for BFS 2 is 5513.63 cyrus 2048
Running BFS 3
Time for BFS 3 is 0.368604
Validating BFS 3
Validate time for BFS 3 is 0.000002
TEPS for BFS 3 is 5556.1 cyrus 2048
Running BFS 4
Time for BFS 4 is 0.351475
Validating BFS 4
Validate time for BFS 4 is 0.000001
TEPS for BFS 4 is 5826.87 cyrus 2048
Running BFS 5
Time for BFS 5 is 0.350056
Validating BFS 5
Validate time for BFS 5 is 0.000001
TEPS for BFS 5 is 5850.49 cyrus 2048
Running BFS 6
Time for BFS 6 is 0.355695
Validating BFS 6
Validate time for BFS 6 is 0.000002
TEPS for BFS 6 is 5757.74 cyrus 2048
Running BFS 7
Time for BFS 7 is 0.534615
Validating BFS 7
Validate time for BFS 7 is 0.000001
TEPS for BFS 7 is 3830.79 cyrus 2048
Running BFS 8
Time for BFS 8 is 0.349993
Validating BFS 8
Validate time for BFS 8 is 0.000002
TEPS for BFS 8 is 5851.54 cyrus 2048
Running BFS 9
Time for BFS 9 is 0.350011
Validating BFS 9
Validate time for BFS 9 is 0.000002
TEPS for BFS 9 is 5851.24 cyrus 2048
Running BFS 10
Time for BFS 10 is 0.350019
Validating BFS 10
Validate time for BFS 10 is 0.000001
TEPS for BFS 10 is 5851.11 cyrus 2048
Running BFS 11
Time for BFS 11 is 4.381349
Validating BFS 11
Validate time for BFS 11 is 0.000001
TEPS for BFS 11 is 467.436 cyrus 2048
Running BFS 12
Time for BFS 12 is 0.349994
Validating BFS 12
Validate time for BFS 12 is 0.000001
TEPS for BFS 12 is 5851.53 cyrus 2048
Running BFS 13
Time for BFS 13 is 0.350051
Validating BFS 13
Validate time for BFS 13 is 0.000002
TEPS for BFS 13 is 5850.58 cyrus 2048
Running BFS 14
Time for BFS 14 is 0.349921
Validating BFS 14
Validate time for BFS 14 is 0.000002
TEPS for BFS 14 is 5852.75 cyrus 2048
Running BFS 15
Time for BFS 15 is 0.349990
Validating BFS 15
Validate time for BFS 15 is 0.000003
TEPS for BFS 15 is 5851.6 cyrus 2048
Running BFS 16
Time for BFS 16 is 0.350010
Validating BFS 16
Validate time for BFS 16 is 0.000003
TEPS for BFS 16 is 5851.26 cyrus 2048
Running BFS 17
Time for BFS 17 is 0.330009
Validating BFS 17
Validate time for BFS 17 is 0.000003
TEPS for BFS 17 is 6205.89 cyrus 2048
Running BFS 18
Time for BFS 18 is 0.339999
Validating BFS 18
Validate time for BFS 18 is 0.000003
TEPS for BFS 18 is 6023.55 cyrus 2048
Running BFS 19
Time for BFS 19 is 0.470064
Validating BFS 19
Validate time for BFS 19 is 0.000003
TEPS for BFS 19 is 4356.85 cyrus 2048
Running BFS 20
Time for BFS 20 is 0.360065
Validating BFS 20
Validate time for BFS 20 is 0.000002
TEPS for BFS 20 is 5687.86 cyrus 2048
Running BFS 21
Time for BFS 21 is 0.349888
Validating BFS 21
Validate time for BFS 21 is 0.000002
TEPS for BFS 21 is 5853.3 cyrus 2048
Running BFS 22
Time for BFS 22 is 0.347139
Validating BFS 22
Validate time for BFS 22 is 0.000001
TEPS for BFS 22 is 5899.65 cyrus 2048
Running BFS 23
Time for BFS 23 is 0.491861
Validating BFS 23
Validate time for BFS 23 is 0.000001
TEPS for BFS 23 is 4163.78 cyrus 2048
Running BFS 24
Time for BFS 24 is 0.350375
Validating BFS 24
Validate time for BFS 24 is 0.000001
TEPS for BFS 24 is 5845.17 cyrus 2048
Running BFS 25
Time for BFS 25 is 0.348235
Validating BFS 25
Validate time for BFS 25 is 0.000002
TEPS for BFS 25 is 5881.08 cyrus 2048
Running BFS 26
Time for BFS 26 is 0.350008
Validating BFS 26
Validate time for BFS 26 is 0.000001
TEPS for BFS 26 is 5851.29 cyrus 2048
Running BFS 27
Time for BFS 27 is 0.350155
Validating BFS 27
Validate time for BFS 27 is 0.000001
TEPS for BFS 27 is 5848.84 cyrus 2048
Running BFS 28
Time for BFS 28 is 0.462243
Validating BFS 28
Validate time for BFS 28 is 0.000001
TEPS for BFS 28 is 4430.57 cyrus 2048
Running BFS 29
Time for BFS 29 is 0.350138
Validating BFS 29
Validate time for BFS 29 is 0.000001
TEPS for BFS 29 is 5849.12 cyrus 2048
Running BFS 30
Time for BFS 30 is 0.450193
Validating BFS 30
Validate time for BFS 30 is 0.000037
TEPS for BFS 30 is 4549.16 cyrus 2048
Running BFS 31
Time for BFS 31 is 0.460282
Validating BFS 31
Validate time for BFS 31 is 0.000002
TEPS for BFS 31 is 4449.45 cyrus 2048
Running BFS 32
Time for BFS 32 is 0.350344
Validating BFS 32
Validate time for BFS 32 is 0.000001
TEPS for BFS 32 is 5845.68 cyrus 2048
Running BFS 33
Time for BFS 33 is 0.350150
Validating BFS 33
Validate time for BFS 33 is 0.000001
TEPS for BFS 33 is 5848.92 cyrus 2048
Running BFS 34
Time for BFS 34 is 0.339966
Validating BFS 34
Validate time for BFS 34 is 0.000001
TEPS for BFS 34 is 6024.13 cyrus 2048
Running BFS 35
Time for BFS 35 is 0.350812
Validating BFS 35
Validate time for BFS 35 is 0.000001
TEPS for BFS 35 is 5837.89 cyrus 2048
Running BFS 36
Time for BFS 36 is 0.349907
Validating BFS 36
Validate time for BFS 36 is 0.000001
TEPS for BFS 36 is 5852.98 cyrus 2048
Running BFS 37
Time for BFS 37 is 0.350085
Validating BFS 37
Validate time for BFS 37 is 0.000001
TEPS for BFS 37 is 5850.01 cyrus 2048
Running BFS 38
Time for BFS 38 is 0.350343
Validating BFS 38
Validate time for BFS 38 is 0.000001
TEPS for BFS 38 is 5845.7 cyrus 2048
Running BFS 39
Time for BFS 39 is 0.350477
Validating BFS 39
Validate time for BFS 39 is 0.000001
TEPS for BFS 39 is 5843.47 cyrus 2048
Running BFS 40
Time for BFS 40 is 0.445846
Validating BFS 40
Validate time for BFS 40 is 0.000001
TEPS for BFS 40 is 4593.51 cyrus 2048
Running BFS 41
Time for BFS 41 is 0.350009
Validating BFS 41
Validate time for BFS 41 is 0.000001
TEPS for BFS 41 is 5851.27 cyrus 2048
Running BFS 42
Time for BFS 42 is 0.349921
Validating BFS 42
Validate time for BFS 42 is 0.000001
TEPS for BFS 42 is 5852.75 cyrus 2048
Running BFS 43
Time for BFS 43 is 0.355329
Validating BFS 43
Validate time for BFS 43 is 0.000002
TEPS for BFS 43 is 5763.67 cyrus 2048
Running BFS 44
Time for BFS 44 is 0.344695
Validating BFS 44
Validate time for BFS 44 is 0.000001
TEPS for BFS 44 is 5941.49 cyrus 2048
Running BFS 45
Time for BFS 45 is 0.349974
Validating BFS 45
Validate time for BFS 45 is 0.000001
TEPS for BFS 45 is 5851.86 cyrus 2048
Running BFS 46
Time for BFS 46 is 2.657454
Validating BFS 46
Validate time for BFS 46 is 0.000001
TEPS for BFS 46 is 770.662 cyrus 2048
Running BFS 47
Time for BFS 47 is 0.350273
Validating BFS 47
Validate time for BFS 47 is 0.000001
TEPS for BFS 47 is 5846.87 cyrus 2048
Running BFS 48
Time for BFS 48 is 0.349967
Validating BFS 48
Validate time for BFS 48 is 0.000001
TEPS for BFS 48 is 5851.98 cyrus 2048
Running BFS 49
Time for BFS 49 is 0.349993
Validating BFS 49
Validate time for BFS 49 is 0.000001
TEPS for BFS 49 is 5851.55 cyrus 2048
Running BFS 50
Time for BFS 50 is 0.350084
Validating BFS 50
Validate time for BFS 50 is 0.000001
TEPS for BFS 50 is 5850.02 cyrus 2048
Running BFS 51
Time for BFS 51 is 0.350373
Validating BFS 51
Validate time for BFS 51 is 0.000001
TEPS for BFS 51 is 5845.2 cyrus 2048
Running BFS 52
Time for BFS 52 is 0.349926
Validating BFS 52
Validate time for BFS 52 is 0.000001
TEPS for BFS 52 is 5852.67 cyrus 2048
Running BFS 53
Time for BFS 53 is 0.350089
Validating BFS 53
Validate time for BFS 53 is 0.000001
TEPS for BFS 53 is 5849.94 cyrus 2048
Running BFS 54
Time for BFS 54 is 0.440404
Validating BFS 54
Validate time for BFS 54 is 0.000001
TEPS for BFS 54 is 4650.28 cyrus 2048
Running BFS 55
Time for BFS 55 is 0.350341
Validating BFS 55
Validate time for BFS 55 is 0.000001
TEPS for BFS 55 is 5845.73 cyrus 2048
Running BFS 56
Time for BFS 56 is 0.260283
Validating BFS 56
Validate time for BFS 56 is 0.000001
TEPS for BFS 56 is 7868.36 cyrus 2048
Running BFS 57
Time for BFS 57 is 0.379914
Validating BFS 57
Validate time for BFS 57 is 0.000000
TEPS for BFS 57 is 5390.7 cyrus 2048
Running BFS 58
Time for BFS 58 is 0.452714
Validating BFS 58
Validate time for BFS 58 is 0.000001
TEPS for BFS 58 is 4523.83 cyrus 2048
Running BFS 59
Time for BFS 59 is 1.110514
Validating BFS 59
Validate time for BFS 59 is 0.000001
TEPS for BFS 59 is 1844.19 cyrus 2048
Running BFS 60
Time for BFS 60 is 0.350297
Validating BFS 60
Validate time for BFS 60 is 0.000001
TEPS for BFS 60 is 5846.47 cyrus 2048
Running BFS 61
Time for BFS 61 is 0.459946
Validating BFS 61
Validate time for BFS 61 is 0.000001
TEPS for BFS 61 is 4452.7 cyrus 2048
Running BFS 62
Time for BFS 62 is 6.843595
Validating BFS 62
Validate time for BFS 62 is 0.000001
TEPS for BFS 62 is 299.258 cyrus 2048
Running BFS 63
Time for BFS 63 is 2.912317
Validating BFS 63
Validate time for BFS 63 is 0.000001
TEPS for BFS 63 is 703.22 cyrus 2048
SCALE:                          7
edgefactor:                     16
NBFS:                           64
graph_generation:               4.40448
num_mpi_processes:              64
construction_time:              0.198084
min_time:                       0.260283
firstquartile_time:             0.349991
median_time:                    0.350214
thirdquartile_time:             0.410159
max_time:                       6.8436
mean_time:                      0.63985
stddev_time:                    1.03357
min_nedge:                      2048
firstquartile_nedge:            2048
median_nedge:                   2048
thirdquartile_nedge:            2048
max_nedge:                      2048
mean_nedge:                     2048
stddev_nedge:                   0
min_TEPS:                       299.258
firstquartile_TEPS:             4993.19
median_TEPS:                    5847.85
thirdquartile_TEPS:             5851.57
max_TEPS:                       7868.36
harmonic_mean_TEPS:             3200.75
harmonic_stddev_TEPS:           651.393
min_validate:                   0
firstquartile_validate:         9.53674e-07
median_validate:                9.53674e-07
thirdquartile_validate:         1.90735e-06
max_validate:                   3.69549e-05
mean_validate:                  1.8999e-06
stddev_validate:                4.49686e-06
This benchmark was run on 64 MPI Processes, Scale 7, written output_64_7.log
