graph_generation:               8.846302 s
construction_time:              1.739199 s
Running BFS 0
Time for BFS 0 is 7.926294
Validating BFS 0
Validate time for BFS 0 is 0.000004
TEPS for BFS 0 is 66145.4 cyrus 524288
Running BFS 1
Time for BFS 1 is 0.626714
Validating BFS 1
Validate time for BFS 1 is 0.000004
TEPS for BFS 1 is 836567 cyrus 524288
Running BFS 2
Time for BFS 2 is 0.784311
Validating BFS 2
Validate time for BFS 2 is 0.000005
TEPS for BFS 2 is 668470 cyrus 524288
Running BFS 3
Time for BFS 3 is 0.601075
Validating BFS 3
Validate time for BFS 3 is 0.000004
TEPS for BFS 3 is 872250 cyrus 524288
Running BFS 4
Time for BFS 4 is 4.965273
Validating BFS 4
Validate time for BFS 4 is 0.000004
TEPS for BFS 4 is 105591 cyrus 524288
Running BFS 5
Time for BFS 5 is 0.708493
Validating BFS 5
Validate time for BFS 5 is 0.000004
TEPS for BFS 5 is 740004 cyrus 524288
Running BFS 6
Time for BFS 6 is 0.632314
Validating BFS 6
Validate time for BFS 6 is 0.000004
TEPS for BFS 6 is 829158 cyrus 524288
Running BFS 7
Time for BFS 7 is 0.598855
Validating BFS 7
Validate time for BFS 7 is 0.000003
TEPS for BFS 7 is 875484 cyrus 524288
Running BFS 8
Time for BFS 8 is 0.567425
Validating BFS 8
Validate time for BFS 8 is 0.000004
TEPS for BFS 8 is 923978 cyrus 524288
Running BFS 9
Time for BFS 9 is 0.592639
Validating BFS 9
Validate time for BFS 9 is 0.000005
TEPS for BFS 9 is 884667 cyrus 524288
Running BFS 10
Time for BFS 10 is 0.596954
Validating BFS 10
Validate time for BFS 10 is 0.000004
TEPS for BFS 10 is 878272 cyrus 524288
Running BFS 11
Time for BFS 11 is 0.709020
Validating BFS 11
Validate time for BFS 11 is 0.000004
TEPS for BFS 11 is 739455 cyrus 524288
Running BFS 12
Time for BFS 12 is 1.295950
Validating BFS 12
Validate time for BFS 12 is 0.000004
TEPS for BFS 12 is 404559 cyrus 524288
Running BFS 13
Time for BFS 13 is 2.233431
Validating BFS 13
Validate time for BFS 13 is 0.000004
TEPS for BFS 13 is 234746 cyrus 524288
Running BFS 14
Time for BFS 14 is 0.744271
Validating BFS 14
Validate time for BFS 14 is 0.000003
TEPS for BFS 14 is 704432 cyrus 524288
Running BFS 15
Time for BFS 15 is 0.728093
Validating BFS 15
Validate time for BFS 15 is 0.000004
TEPS for BFS 15 is 720084 cyrus 524288
Running BFS 16
Time for BFS 16 is 0.713107
Validating BFS 16
Validate time for BFS 16 is 0.000004
TEPS for BFS 16 is 735216 cyrus 524288
Running BFS 17
Time for BFS 17 is 0.738120
Validating BFS 17
Validate time for BFS 17 is 0.000005
TEPS for BFS 17 is 710302 cyrus 524288
Running BFS 18
Time for BFS 18 is 0.718315
Validating BFS 18
Validate time for BFS 18 is 0.000004
TEPS for BFS 18 is 729886 cyrus 524288
Running BFS 19
Time for BFS 19 is 0.679515
Validating BFS 19
Validate time for BFS 19 is 0.000004
TEPS for BFS 19 is 771562 cyrus 524288
Running BFS 20
Time for BFS 20 is 0.594947
Validating BFS 20
Validate time for BFS 20 is 0.000005
TEPS for BFS 20 is 881235 cyrus 524288
Running BFS 21
Time for BFS 21 is 1.949781
Validating BFS 21
Validate time for BFS 21 is 0.000004
TEPS for BFS 21 is 268896 cyrus 524288
Running BFS 22
Time for BFS 22 is 2.097313
Validating BFS 22
Validate time for BFS 22 is 0.000003
TEPS for BFS 22 is 249981 cyrus 524288
Running BFS 23
Time for BFS 23 is 0.631816
Validating BFS 23
Validate time for BFS 23 is 0.000004
TEPS for BFS 23 is 829811 cyrus 524288
Running BFS 24
Time for BFS 24 is 0.798547
Validating BFS 24
Validate time for BFS 24 is 0.000003
TEPS for BFS 24 is 656552 cyrus 524288
Running BFS 25
Time for BFS 25 is 0.600871
Validating BFS 25
Validate time for BFS 25 is 0.000004
TEPS for BFS 25 is 872547 cyrus 524288
Running BFS 26
Time for BFS 26 is 0.691178
Validating BFS 26
Validate time for BFS 26 is 0.000004
TEPS for BFS 26 is 758543 cyrus 524288
Running BFS 27
Time for BFS 27 is 1.887964
Validating BFS 27
Validate time for BFS 27 is 0.000003
TEPS for BFS 27 is 277700 cyrus 524288
Running BFS 28
Time for BFS 28 is 0.613977
Validating BFS 28
Validate time for BFS 28 is 0.000003
TEPS for BFS 28 is 853921 cyrus 524288
Running BFS 29
Time for BFS 29 is 0.562528
Validating BFS 29
Validate time for BFS 29 is 0.000004
TEPS for BFS 29 is 932021 cyrus 524288
Running BFS 30
Time for BFS 30 is 0.609858
Validating BFS 30
Validate time for BFS 30 is 0.000004
TEPS for BFS 30 is 859689 cyrus 524288
Running BFS 31
Time for BFS 31 is 0.583104
Validating BFS 31
Validate time for BFS 31 is 0.000004
TEPS for BFS 31 is 899133 cyrus 524288
Running BFS 32
Time for BFS 32 is 0.712049
Validating BFS 32
Validate time for BFS 32 is 0.000005
TEPS for BFS 32 is 736309 cyrus 524288
Running BFS 33
Time for BFS 33 is 0.568174
Validating BFS 33
Validate time for BFS 33 is 0.000003
TEPS for BFS 33 is 922759 cyrus 524288
Running BFS 34
Time for BFS 34 is 0.676339
Validating BFS 34
Validate time for BFS 34 is 0.000003
TEPS for BFS 34 is 775185 cyrus 524288
Running BFS 35
Time for BFS 35 is 0.734831
Validating BFS 35
Validate time for BFS 35 is 0.000005
TEPS for BFS 35 is 713481 cyrus 524288
Running BFS 36
Time for BFS 36 is 0.590851
Validating BFS 36
Validate time for BFS 36 is 0.000004
TEPS for BFS 36 is 887344 cyrus 524288
Running BFS 37
Time for BFS 37 is 0.610040
Validating BFS 37
Validate time for BFS 37 is 0.000003
TEPS for BFS 37 is 859432 cyrus 524288
Running BFS 38
Time for BFS 38 is 1.573843
Validating BFS 38
Validate time for BFS 38 is 0.000004
TEPS for BFS 38 is 333126 cyrus 524288
Running BFS 39
Time for BFS 39 is 0.612630
Validating BFS 39
Validate time for BFS 39 is 0.000003
TEPS for BFS 39 is 855799 cyrus 524288
Running BFS 40
Time for BFS 40 is 0.588292
Validating BFS 40
Validate time for BFS 40 is 0.000003
TEPS for BFS 40 is 891204 cyrus 524288
Running BFS 41
Time for BFS 41 is 0.598431
Validating BFS 41
Validate time for BFS 41 is 0.000004
TEPS for BFS 41 is 876105 cyrus 524288
Running BFS 42
Time for BFS 42 is 0.799520
Validating BFS 42
Validate time for BFS 42 is 0.000004
TEPS for BFS 42 is 655753 cyrus 524288
Running BFS 43
Time for BFS 43 is 0.753272
Validating BFS 43
Validate time for BFS 43 is 0.000004
TEPS for BFS 43 is 696014 cyrus 524288
Running BFS 44
Time for BFS 44 is 0.598369
Validating BFS 44
Validate time for BFS 44 is 0.000004
TEPS for BFS 44 is 876195 cyrus 524288
Running BFS 45
Time for BFS 45 is 2.011202
Validating BFS 45
Validate time for BFS 45 is 0.000004
TEPS for BFS 45 is 260684 cyrus 524288
Running BFS 46
Time for BFS 46 is 0.753255
Validating BFS 46
Validate time for BFS 46 is 0.000004
TEPS for BFS 46 is 696030 cyrus 524288
Running BFS 47
Time for BFS 47 is 0.582019
Validating BFS 47
Validate time for BFS 47 is 0.000004
TEPS for BFS 47 is 900809 cyrus 524288
Running BFS 48
Time for BFS 48 is 0.680971
Validating BFS 48
Validate time for BFS 48 is 0.000003
TEPS for BFS 48 is 769912 cyrus 524288
Running BFS 49
Time for BFS 49 is 1.441164
Validating BFS 49
Validate time for BFS 49 is 0.000004
TEPS for BFS 49 is 363795 cyrus 524288
Running BFS 50
Time for BFS 50 is 0.830218
Validating BFS 50
Validate time for BFS 50 is 0.000004
TEPS for BFS 50 is 631506 cyrus 524288
Running BFS 51
Time for BFS 51 is 2.192035
Validating BFS 51
Validate time for BFS 51 is 0.000004
TEPS for BFS 51 is 239179 cyrus 524288
Running BFS 52
Time for BFS 52 is 1.451228
Validating BFS 52
Validate time for BFS 52 is 0.000003
TEPS for BFS 52 is 361272 cyrus 524288
Running BFS 53
Time for BFS 53 is 0.650693
Validating BFS 53
Validate time for BFS 53 is 0.000004
TEPS for BFS 53 is 805738 cyrus 524288
Running BFS 54
Time for BFS 54 is 0.568216
Validating BFS 54
Validate time for BFS 54 is 0.000005
TEPS for BFS 54 is 922692 cyrus 524288
Running BFS 55
Time for BFS 55 is 0.596720
Validating BFS 55
Validate time for BFS 55 is 0.000004
TEPS for BFS 55 is 878616 cyrus 524288
Running BFS 56
Time for BFS 56 is 0.598940
Validating BFS 56
Validate time for BFS 56 is 0.000004
TEPS for BFS 56 is 875360 cyrus 524288
Running BFS 57
Time for BFS 57 is 1.355510
Validating BFS 57
Validate time for BFS 57 is 0.000004
TEPS for BFS 57 is 386783 cyrus 524288
Running BFS 58
Time for BFS 58 is 0.725397
Validating BFS 58
Validate time for BFS 58 is 0.000004
TEPS for BFS 58 is 722760 cyrus 524288
Running BFS 59
Time for BFS 59 is 0.778183
Validating BFS 59
Validate time for BFS 59 is 0.000003
TEPS for BFS 59 is 673734 cyrus 524288
Running BFS 60
Time for BFS 60 is 3.741592
Validating BFS 60
Validate time for BFS 60 is 0.000004
TEPS for BFS 60 is 140124 cyrus 524288
Running BFS 61
Time for BFS 61 is 0.708391
Validating BFS 61
Validate time for BFS 61 is 0.000005
TEPS for BFS 61 is 740111 cyrus 524288
Running BFS 62
Time for BFS 62 is 0.582384
Validating BFS 62
Validate time for BFS 62 is 0.000004
TEPS for BFS 62 is 900245 cyrus 524288
Running BFS 63
Time for BFS 63 is 1.224451
Validating BFS 63
Validate time for BFS 63 is 0.000003
TEPS for BFS 63 is 428182 cyrus 524288
SCALE:                          15
edgefactor:                     16
NBFS:                           64
graph_generation:               8.8463
num_mpi_processes:              128
construction_time:              1.7392
min_time:                       0.562528
firstquartile_time:             0.598898
median_time:                    0.708442
thirdquartile_time:             0.814869
max_time:                       7.92629
mean_time:                      1.08861
stddev_time:                    1.15821
min_nedge:                      524288
firstquartile_nedge:            524288
median_nedge:                   524288
thirdquartile_nedge:            524288
max_nedge:                      524288
mean_nedge:                     524288
stddev_nedge:                   0
min_TEPS:                       66145.4
firstquartile_TEPS:             643402
median_TEPS:                    740058
thirdquartile_TEPS:             875422
max_TEPS:                       932021
harmonic_mean_TEPS:             481611
harmonic_stddev_TEPS:           64556.4
min_validate:                   2.86102e-06
firstquartile_validate:         3.8147e-06
median_validate:                4.05312e-06
thirdquartile_validate:         4.05312e-06
max_validate:                   5.00679e-06
mean_validate:                  3.89665e-06
stddev_validate:                6.08546e-07
This benchmark was run on 128 MPI Processes, Scale 15, written output_128_15.log
