graph_generation:               51.517486 s
construction_time:              26.188871 s
Running BFS 0
Time for BFS 0 is 4.640574
Validating BFS 0
Validate time for BFS 0 is 0.000005
TEPS for BFS 0 is 7.23066e+06 cyrus 33554432
Running BFS 1
Time for BFS 1 is 3.891290
Validating BFS 1
Validate time for BFS 1 is 0.000004
TEPS for BFS 1 is 8.62296e+06 cyrus 33554432
Running BFS 2
Time for BFS 2 is 3.701997
Validating BFS 2
Validate time for BFS 2 is 0.000006
TEPS for BFS 2 is 9.06387e+06 cyrus 33554432
Running BFS 3
Time for BFS 3 is 2.814329
Validating BFS 3
Validate time for BFS 3 is 0.000005
TEPS for BFS 3 is 1.19227e+07 cyrus 33554432
Running BFS 4
Time for BFS 4 is 3.418261
Validating BFS 4
Validate time for BFS 4 is 0.000004
TEPS for BFS 4 is 9.81623e+06 cyrus 33554432
Running BFS 5
Time for BFS 5 is 4.096957
Validating BFS 5
Validate time for BFS 5 is 0.000003
TEPS for BFS 5 is 8.19009e+06 cyrus 33554432
Running BFS 6
Time for BFS 6 is 3.415015
Validating BFS 6
Validate time for BFS 6 is 0.000007
TEPS for BFS 6 is 9.82556e+06 cyrus 33554432
Running BFS 7
Time for BFS 7 is 4.846038
Validating BFS 7
Validate time for BFS 7 is 0.000005
TEPS for BFS 7 is 6.9241e+06 cyrus 33554432
Running BFS 8
Time for BFS 8 is 4.403879
Validating BFS 8
Validate time for BFS 8 is 0.000008
TEPS for BFS 8 is 7.61929e+06 cyrus 33554432
Running BFS 9
Time for BFS 9 is 3.965767
Validating BFS 9
Validate time for BFS 9 is 0.000005
TEPS for BFS 9 is 8.46102e+06 cyrus 33554432
Running BFS 10
Time for BFS 10 is 5.259502
Validating BFS 10
Validate time for BFS 10 is 0.000009
TEPS for BFS 10 is 6.37977e+06 cyrus 33554432
Running BFS 11
Time for BFS 11 is 3.491893
Validating BFS 11
Validate time for BFS 11 is 0.000007
TEPS for BFS 11 is 9.60924e+06 cyrus 33554432
Running BFS 12
Time for BFS 12 is 2.940788
Validating BFS 12
Validate time for BFS 12 is 0.000004
TEPS for BFS 12 is 1.141e+07 cyrus 33554432
Running BFS 13
Time for BFS 13 is 3.423060
Validating BFS 13
Validate time for BFS 13 is 0.000006
TEPS for BFS 13 is 9.80247e+06 cyrus 33554432
Running BFS 14
Time for BFS 14 is 2.937879
Validating BFS 14
Validate time for BFS 14 is 0.000007
TEPS for BFS 14 is 1.14213e+07 cyrus 33554432
Running BFS 15
Time for BFS 15 is 4.134351
Validating BFS 15
Validate time for BFS 15 is 0.000008
TEPS for BFS 15 is 8.11601e+06 cyrus 33554432
Running BFS 16
Time for BFS 16 is 3.507565
Validating BFS 16
Validate time for BFS 16 is 0.000005
TEPS for BFS 16 is 9.5663e+06 cyrus 33554432
Running BFS 17
Time for BFS 17 is 7.254598
Validating BFS 17
Validate time for BFS 17 is 0.000007
TEPS for BFS 17 is 4.62526e+06 cyrus 33554432
Running BFS 18
Time for BFS 18 is 4.583234
Validating BFS 18
Validate time for BFS 18 is 0.000008
TEPS for BFS 18 is 7.32113e+06 cyrus 33554432
Running BFS 19
Time for BFS 19 is 4.010593
Validating BFS 19
Validate time for BFS 19 is 0.000005
TEPS for BFS 19 is 8.36645e+06 cyrus 33554432
Running BFS 20
Time for BFS 20 is 7.425120
Validating BFS 20
Validate time for BFS 20 is 0.000004
TEPS for BFS 20 is 4.51904e+06 cyrus 33554432
Running BFS 21
Time for BFS 21 is 5.258799
Validating BFS 21
Validate time for BFS 21 is 0.000007
TEPS for BFS 21 is 6.38063e+06 cyrus 33554432
Running BFS 22
Time for BFS 22 is 3.518039
Validating BFS 22
Validate time for BFS 22 is 0.000007
TEPS for BFS 22 is 9.53782e+06 cyrus 33554432
Running BFS 23
Time for BFS 23 is 3.525167
Validating BFS 23
Validate time for BFS 23 is 0.000003
TEPS for BFS 23 is 9.51854e+06 cyrus 33554432
Running BFS 24
Time for BFS 24 is 3.384672
Validating BFS 24
Validate time for BFS 24 is 0.000004
TEPS for BFS 24 is 9.91364e+06 cyrus 33554432
Running BFS 25
Time for BFS 25 is 4.366696
Validating BFS 25
Validate time for BFS 25 is 0.000008
TEPS for BFS 25 is 7.68417e+06 cyrus 33554432
Running BFS 26
Time for BFS 26 is 5.176676
Validating BFS 26
Validate time for BFS 26 is 0.000007
TEPS for BFS 26 is 6.48185e+06 cyrus 33554432
Running BFS 27
Time for BFS 27 is 5.227382
Validating BFS 27
Validate time for BFS 27 is 0.000003
TEPS for BFS 27 is 6.41897e+06 cyrus 33554432
Running BFS 28
Time for BFS 28 is 3.693767
Validating BFS 28
Validate time for BFS 28 is 0.000004
TEPS for BFS 28 is 9.08407e+06 cyrus 33554432
Running BFS 29
Time for BFS 29 is 3.452986
Validating BFS 29
Validate time for BFS 29 is 0.000006
TEPS for BFS 29 is 9.71751e+06 cyrus 33554432
Running BFS 30
Time for BFS 30 is 5.018206
Validating BFS 30
Validate time for BFS 30 is 0.000004
TEPS for BFS 30 is 6.68654e+06 cyrus 33554432
Running BFS 31
Time for BFS 31 is 3.582865
Validating BFS 31
Validate time for BFS 31 is 0.000007
TEPS for BFS 31 is 9.36525e+06 cyrus 33554432
Running BFS 32
Time for BFS 32 is 3.515568
Validating BFS 32
Validate time for BFS 32 is 0.000005
TEPS for BFS 32 is 9.54453e+06 cyrus 33554432
Running BFS 33
Time for BFS 33 is 4.526914
Validating BFS 33
Validate time for BFS 33 is 0.000005
TEPS for BFS 33 is 7.41221e+06 cyrus 33554432
Running BFS 34
Time for BFS 34 is 2.987146
Validating BFS 34
Validate time for BFS 34 is 0.000004
TEPS for BFS 34 is 1.12329e+07 cyrus 33554432
Running BFS 35
Time for BFS 35 is 3.516903
Validating BFS 35
Validate time for BFS 35 is 0.000008
TEPS for BFS 35 is 9.5409e+06 cyrus 33554432
Running BFS 36
Time for BFS 36 is 4.163849
Validating BFS 36
Validate time for BFS 36 is 0.000006
TEPS for BFS 36 is 8.05851e+06 cyrus 33554432
Running BFS 37
Time for BFS 37 is 3.623241
Validating BFS 37
Validate time for BFS 37 is 0.000005
TEPS for BFS 37 is 9.26089e+06 cyrus 33554432
Running BFS 38
Time for BFS 38 is 2.999514
Validating BFS 38
Validate time for BFS 38 is 0.000005
TEPS for BFS 38 is 1.11866e+07 cyrus 33554432
Running BFS 39
Time for BFS 39 is 2.887048
Validating BFS 39
Validate time for BFS 39 is 0.000003
TEPS for BFS 39 is 1.16224e+07 cyrus 33554432
Running BFS 40
Time for BFS 40 is 3.588940
Validating BFS 40
Validate time for BFS 40 is 0.000006
TEPS for BFS 40 is 9.3494e+06 cyrus 33554432
Running BFS 41
Time for BFS 41 is 4.400507
Validating BFS 41
Validate time for BFS 41 is 0.000004
TEPS for BFS 41 is 7.62513e+06 cyrus 33554432
Running BFS 42
Time for BFS 42 is 4.372192
Validating BFS 42
Validate time for BFS 42 is 0.000004
TEPS for BFS 42 is 7.67451e+06 cyrus 33554432
Running BFS 43
Time for BFS 43 is 2.922780
Validating BFS 43
Validate time for BFS 43 is 0.000005
TEPS for BFS 43 is 1.14803e+07 cyrus 33554432
Running BFS 44
Time for BFS 44 is 4.141601
Validating BFS 44
Validate time for BFS 44 is 0.000007
TEPS for BFS 44 is 8.1018e+06 cyrus 33554432
Running BFS 45
Time for BFS 45 is 4.565480
Validating BFS 45
Validate time for BFS 45 is 0.000006
TEPS for BFS 45 is 7.3496e+06 cyrus 33554432
Running BFS 46
Time for BFS 46 is 5.033417
Validating BFS 46
Validate time for BFS 46 is 0.000005
TEPS for BFS 46 is 6.66633e+06 cyrus 33554432
Running BFS 47
Time for BFS 47 is 3.488074
Validating BFS 47
Validate time for BFS 47 is 0.000009
TEPS for BFS 47 is 9.61976e+06 cyrus 33554432
Running BFS 48
Time for BFS 48 is 3.439941
Validating BFS 48
Validate time for BFS 48 is 0.000005
TEPS for BFS 48 is 9.75436e+06 cyrus 33554432
Running BFS 49
Time for BFS 49 is 3.756107
Validating BFS 49
Validate time for BFS 49 is 0.000003
TEPS for BFS 49 is 8.9333e+06 cyrus 33554432
Running BFS 50
Time for BFS 50 is 3.479723
Validating BFS 50
Validate time for BFS 50 is 0.000006
TEPS for BFS 50 is 9.64285e+06 cyrus 33554432
Running BFS 51
Time for BFS 51 is 5.114028
Validating BFS 51
Validate time for BFS 51 is 0.000006
TEPS for BFS 51 is 6.56125e+06 cyrus 33554432
Running BFS 52
Time for BFS 52 is 3.864100
Validating BFS 52
Validate time for BFS 52 is 0.000008
TEPS for BFS 52 is 8.68363e+06 cyrus 33554432
Running BFS 53
Time for BFS 53 is 6.145134
Validating BFS 53
Validate time for BFS 53 is 0.000005
TEPS for BFS 53 is 5.46033e+06 cyrus 33554432
Running BFS 54
Time for BFS 54 is 4.346247
Validating BFS 54
Validate time for BFS 54 is 0.000006
TEPS for BFS 54 is 7.72032e+06 cyrus 33554432
Running BFS 55
Time for BFS 55 is 3.356071
Validating BFS 55
Validate time for BFS 55 is 0.000007
TEPS for BFS 55 is 9.99813e+06 cyrus 33554432
Running BFS 56
Time for BFS 56 is 3.041376
Validating BFS 56
Validate time for BFS 56 is 0.000007
TEPS for BFS 56 is 1.10326e+07 cyrus 33554432
Running BFS 57
Time for BFS 57 is 5.830891
Validating BFS 57
Validate time for BFS 57 is 0.000005
TEPS for BFS 57 is 5.7546e+06 cyrus 33554432
Running BFS 58
Time for BFS 58 is 3.432532
Validating BFS 58
Validate time for BFS 58 is 0.000006
TEPS for BFS 58 is 9.77542e+06 cyrus 33554432
Running BFS 59
Time for BFS 59 is 5.478656
Validating BFS 59
Validate time for BFS 59 is 0.000004
TEPS for BFS 59 is 6.12457e+06 cyrus 33554432
Running BFS 60
Time for BFS 60 is 3.920397
Validating BFS 60
Validate time for BFS 60 is 0.000004
TEPS for BFS 60 is 8.55894e+06 cyrus 33554432
Running BFS 61
Time for BFS 61 is 2.915408
Validating BFS 61
Validate time for BFS 61 is 0.000004
TEPS for BFS 61 is 1.15093e+07 cyrus 33554432
Running BFS 62
Time for BFS 62 is 3.770722
Validating BFS 62
Validate time for BFS 62 is 0.000007
TEPS for BFS 62 is 8.89868e+06 cyrus 33554432
Running BFS 63
Time for BFS 63 is 4.235352
Validating BFS 63
Validate time for BFS 63 is 0.000005
TEPS for BFS 63 is 7.92247e+06 cyrus 33554432
SCALE:                          21
edgefactor:                     16
NBFS:                           64
graph_generation:               51.5175
num_mpi_processes:              128
construction_time:              26.1889
min_time:                       2.81433
firstquartile_time:             3.44646
median_time:                    3.81741
thirdquartile_time:             4.5462
max_time:                       7.42512
mean_time:                      4.08168
stddev_time:                    0.976306
min_nedge:                      33554432
firstquartile_nedge:            33554432
median_nedge:                   33554432
thirdquartile_nedge:            33554432
max_nedge:                      33554432
mean_nedge:                     33554432
stddev_nedge:                   0
min_TEPS:                       4.51904e+06
firstquartile_TEPS:             7.38077e+06
median_TEPS:                    8.78984e+06
thirdquartile_TEPS:             9.7359e+06
max_TEPS:                       1.19227e+07
harmonic_mean_TEPS:             8.22073e+06
harmonic_stddev_TEPS:           247735
min_validate:                   2.86102e-06
firstquartile_validate:         4.05312e-06
median_validate:                5.00679e-06
thirdquartile_validate:         6.91414e-06
max_validate:                   9.05991e-06
mean_validate:                  5.59166e-06
stddev_validate:                1.56827e-06
This benchmark was run on 128 MPI Processes, Scale 21, written output_128_21.log
