graph_generation:               3.281165 s
construction_time:              0.210263 s
Running BFS 0
Time for BFS 0 is 2.973248
Validating BFS 0
Validate time for BFS 0 is 0.000001
TEPS for BFS 0 is 5510.47 cyrus 16384
Running BFS 1
Time for BFS 1 is 0.443452
Validating BFS 1
Validate time for BFS 1 is 0.000001
TEPS for BFS 1 is 36946.5 cyrus 16384
Running BFS 2
Time for BFS 2 is 0.466388
Validating BFS 2
Validate time for BFS 2 is 0.000001
TEPS for BFS 2 is 35129.5 cyrus 16384
Running BFS 3
Time for BFS 3 is 0.349815
Validating BFS 3
Validate time for BFS 3 is 0.000001
TEPS for BFS 3 is 46836.2 cyrus 16384
Running BFS 4
Time for BFS 4 is 0.449897
Validating BFS 4
Validate time for BFS 4 is 0.000001
TEPS for BFS 4 is 36417.2 cyrus 16384
Running BFS 5
Time for BFS 5 is 0.470081
Validating BFS 5
Validate time for BFS 5 is 0.000001
TEPS for BFS 5 is 34853.6 cyrus 16384
Running BFS 6
Time for BFS 6 is 0.760413
Validating BFS 6
Validate time for BFS 6 is 0.000001
TEPS for BFS 6 is 21546.2 cyrus 16384
Running BFS 7
Time for BFS 7 is 0.459930
Validating BFS 7
Validate time for BFS 7 is 0.000001
TEPS for BFS 7 is 35622.8 cyrus 16384
Running BFS 8
Time for BFS 8 is 0.439980
Validating BFS 8
Validate time for BFS 8 is 0.000001
TEPS for BFS 8 is 37238.1 cyrus 16384
Running BFS 9
Time for BFS 9 is 0.352844
Validating BFS 9
Validate time for BFS 9 is 0.000001
TEPS for BFS 9 is 46434.1 cyrus 16384
Running BFS 10
Time for BFS 10 is 0.349848
Validating BFS 10
Validate time for BFS 10 is 0.000001
TEPS for BFS 10 is 46831.8 cyrus 16384
Running BFS 11
Time for BFS 11 is 0.466951
Validating BFS 11
Validate time for BFS 11 is 0.000001
TEPS for BFS 11 is 35087.2 cyrus 16384
Running BFS 12
Time for BFS 12 is 0.452779
Validating BFS 12
Validate time for BFS 12 is 0.000001
TEPS for BFS 12 is 36185.4 cyrus 16384
Running BFS 13
Time for BFS 13 is 0.577058
Validating BFS 13
Validate time for BFS 13 is 0.000001
TEPS for BFS 13 is 28392.3 cyrus 16384
Running BFS 14
Time for BFS 14 is 0.490027
Validating BFS 14
Validate time for BFS 14 is 0.000001
TEPS for BFS 14 is 33434.9 cyrus 16384
Running BFS 15
Time for BFS 15 is 0.369908
Validating BFS 15
Validate time for BFS 15 is 0.000001
TEPS for BFS 15 is 44292.1 cyrus 16384
Running BFS 16
Time for BFS 16 is 0.349900
Validating BFS 16
Validate time for BFS 16 is 0.000001
TEPS for BFS 16 is 46824.8 cyrus 16384
Running BFS 17
Time for BFS 17 is 5.012829
Validating BFS 17
Validate time for BFS 17 is 0.000001
TEPS for BFS 17 is 3268.41 cyrus 16384
Running BFS 18
Time for BFS 18 is 0.447677
Validating BFS 18
Validate time for BFS 18 is 0.000001
TEPS for BFS 18 is 36597.8 cyrus 16384
Running BFS 19
Time for BFS 19 is 0.469826
Validating BFS 19
Validate time for BFS 19 is 0.000002
TEPS for BFS 19 is 34872.5 cyrus 16384
Running BFS 20
Time for BFS 20 is 0.439945
Validating BFS 20
Validate time for BFS 20 is 0.000001
TEPS for BFS 20 is 37241 cyrus 16384
Running BFS 21
Time for BFS 21 is 0.459939
Validating BFS 21
Validate time for BFS 21 is 0.000001
TEPS for BFS 21 is 35622.1 cyrus 16384
Running BFS 22
Time for BFS 22 is 0.449914
Validating BFS 22
Validate time for BFS 22 is 0.000001
TEPS for BFS 22 is 36415.8 cyrus 16384
Running BFS 23
Time for BFS 23 is 0.559891
Validating BFS 23
Validate time for BFS 23 is 0.000002
TEPS for BFS 23 is 29262.8 cyrus 16384
Running BFS 24
Time for BFS 24 is 0.452176
Validating BFS 24
Validate time for BFS 24 is 0.000001
TEPS for BFS 24 is 36233.7 cyrus 16384
Running BFS 25
Time for BFS 25 is 0.457693
Validating BFS 25
Validate time for BFS 25 is 0.000001
TEPS for BFS 25 is 35796.9 cyrus 16384
Running BFS 26
Time for BFS 26 is 0.452016
Validating BFS 26
Validate time for BFS 26 is 0.000001
TEPS for BFS 26 is 36246.5 cyrus 16384
Running BFS 27
Time for BFS 27 is 0.457861
Validating BFS 27
Validate time for BFS 27 is 0.000001
TEPS for BFS 27 is 35783.8 cyrus 16384
Running BFS 28
Time for BFS 28 is 0.451891
Validating BFS 28
Validate time for BFS 28 is 0.000001
TEPS for BFS 28 is 36256.5 cyrus 16384
Running BFS 29
Time for BFS 29 is 0.458042
Validating BFS 29
Validate time for BFS 29 is 0.000001
TEPS for BFS 29 is 35769.6 cyrus 16384
Running BFS 30
Time for BFS 30 is 0.451733
Validating BFS 30
Validate time for BFS 30 is 0.000001
TEPS for BFS 30 is 36269.2 cyrus 16384
Running BFS 31
Time for BFS 31 is 0.429991
Validating BFS 31
Validate time for BFS 31 is 0.000001
TEPS for BFS 31 is 38103.1 cyrus 16384
Running BFS 32
Time for BFS 32 is 0.458021
Validating BFS 32
Validate time for BFS 32 is 0.000001
TEPS for BFS 32 is 35771.3 cyrus 16384
Running BFS 33
Time for BFS 33 is 0.349970
Validating BFS 33
Validate time for BFS 33 is 0.000001
TEPS for BFS 33 is 46815.4 cyrus 16384
Running BFS 34
Time for BFS 34 is 0.349895
Validating BFS 34
Validate time for BFS 34 is 0.000001
TEPS for BFS 34 is 46825.5 cyrus 16384
Running BFS 35
Time for BFS 35 is 0.459989
Validating BFS 35
Validate time for BFS 35 is 0.000001
TEPS for BFS 35 is 35618.2 cyrus 16384
Running BFS 36
Time for BFS 36 is 0.449860
Validating BFS 36
Validate time for BFS 36 is 0.000001
TEPS for BFS 36 is 36420.2 cyrus 16384
Running BFS 37
Time for BFS 37 is 0.459858
Validating BFS 37
Validate time for BFS 37 is 0.000001
TEPS for BFS 37 is 35628.4 cyrus 16384
Running BFS 38
Time for BFS 38 is 0.449975
Validating BFS 38
Validate time for BFS 38 is 0.000001
TEPS for BFS 38 is 36410.9 cyrus 16384
Running BFS 39
Time for BFS 39 is 1.200274
Validating BFS 39
Validate time for BFS 39 is 0.000001
TEPS for BFS 39 is 13650.2 cyrus 16384
Running BFS 40
Time for BFS 40 is 0.449809
Validating BFS 40
Validate time for BFS 40 is 0.000000
TEPS for BFS 40 is 36424.3 cyrus 16384
Running BFS 41
Time for BFS 41 is 2.490196
Validating BFS 41
Validate time for BFS 41 is 0.000001
TEPS for BFS 41 is 6579.4 cyrus 16384
Running BFS 42
Time for BFS 42 is 0.459722
Validating BFS 42
Validate time for BFS 42 is 0.000001
TEPS for BFS 42 is 35638.9 cyrus 16384
Running BFS 43
Time for BFS 43 is 0.449964
Validating BFS 43
Validate time for BFS 43 is 0.000001
TEPS for BFS 43 is 36411.8 cyrus 16384
Running BFS 44
Time for BFS 44 is 0.541151
Validating BFS 44
Validate time for BFS 44 is 0.000001
TEPS for BFS 44 is 30276.2 cyrus 16384
Running BFS 45
Time for BFS 45 is 0.558818
Validating BFS 45
Validate time for BFS 45 is 0.000001
TEPS for BFS 45 is 29319 cyrus 16384
Running BFS 46
Time for BFS 46 is 0.460011
Validating BFS 46
Validate time for BFS 46 is 0.000001
TEPS for BFS 46 is 35616.5 cyrus 16384
Running BFS 47
Time for BFS 47 is 1.940855
Validating BFS 47
Validate time for BFS 47 is 0.000001
TEPS for BFS 47 is 8441.64 cyrus 16384
Running BFS 48
Time for BFS 48 is 0.449107
Validating BFS 48
Validate time for BFS 48 is 0.000002
TEPS for BFS 48 is 36481.3 cyrus 16384
Running BFS 49
Time for BFS 49 is 0.460779
Validating BFS 49
Validate time for BFS 49 is 0.000001
TEPS for BFS 49 is 35557.2 cyrus 16384
Running BFS 50
Time for BFS 50 is 1.019866
Validating BFS 50
Validate time for BFS 50 is 0.000001
TEPS for BFS 50 is 16064.9 cyrus 16384
Running BFS 51
Time for BFS 51 is 0.469833
Validating BFS 51
Validate time for BFS 51 is 0.000001
TEPS for BFS 51 is 34872 cyrus 16384
Running BFS 52
Time for BFS 52 is 0.469946
Validating BFS 52
Validate time for BFS 52 is 0.000001
TEPS for BFS 52 is 34863.6 cyrus 16384
Running BFS 53
Time for BFS 53 is 0.479852
Validating BFS 53
Validate time for BFS 53 is 0.000001
TEPS for BFS 53 is 34143.9 cyrus 16384
Running BFS 54
Time for BFS 54 is 0.469855
Validating BFS 54
Validate time for BFS 54 is 0.000001
TEPS for BFS 54 is 34870.3 cyrus 16384
Running BFS 55
Time for BFS 55 is 0.490058
Validating BFS 55
Validate time for BFS 55 is 0.000001
TEPS for BFS 55 is 33432.8 cyrus 16384
Running BFS 56
Time for BFS 56 is 0.499869
Validating BFS 56
Validate time for BFS 56 is 0.000000
TEPS for BFS 56 is 32776.6 cyrus 16384
Running BFS 57
Time for BFS 57 is 0.639859
Validating BFS 57
Validate time for BFS 57 is 0.000000
TEPS for BFS 57 is 25605.6 cyrus 16384
Running BFS 58
Time for BFS 58 is 0.499864
Validating BFS 58
Validate time for BFS 58 is 0.000001
TEPS for BFS 58 is 32776.9 cyrus 16384
Running BFS 59
Time for BFS 59 is 0.399858
Validating BFS 59
Validate time for BFS 59 is 0.000001
TEPS for BFS 59 is 40974.5 cyrus 16384
Running BFS 60
Time for BFS 60 is 0.539891
Validating BFS 60
Validate time for BFS 60 is 0.000001
TEPS for BFS 60 is 30346.9 cyrus 16384
Running BFS 61
Time for BFS 61 is 0.499843
Validating BFS 61
Validate time for BFS 61 is 0.000001
TEPS for BFS 61 is 32778.3 cyrus 16384
Running BFS 62
Time for BFS 62 is 0.539941
Validating BFS 62
Validate time for BFS 62 is 0.000001
TEPS for BFS 62 is 30344.1 cyrus 16384
Running BFS 63
Time for BFS 63 is 0.500062
Validating BFS 63
Validate time for BFS 63 is 0.000001
TEPS for BFS 63 is 32763.9 cyrus 16384
SCALE:                          10
edgefactor:                     16
NBFS:                           64
graph_generation:               3.28117
num_mpi_processes:              64
construction_time:              0.210263
min_time:                       0.349815
firstquartile_time:             0.449879
median_time:                    0.459935
thirdquartile_time:             0.499866
max_time:                       5.01283
mean_time:                      0.650481
stddev_time:                    0.71459
min_nedge:                      16384
firstquartile_nedge:            16384
median_nedge:                   16384
thirdquartile_nedge:            16384
max_nedge:                      16384
mean_nedge:                     16384
stddev_nedge:                   0
min_TEPS:                       3268.41
firstquartile_TEPS:             32776.8
median_TEPS:                    35622.5
thirdquartile_TEPS:             36418.7
max_TEPS:                       46836.2
harmonic_mean_TEPS:             25187.5
harmonic_stddev_TEPS:           3486.08
min_validate:                   0
firstquartile_validate:         9.53674e-07
median_validate:                9.53674e-07
thirdquartile_validate:         9.53674e-07
max_validate:                   2.14577e-06
mean_validate:                  1.0021e-06
stddev_validate:                3.32268e-07
This benchmark was run on 64 MPI Processes, Scale 10, written output_64_10.log
