graph_generation:               0.483645 s
construction_time:              0.170366 s
Running BFS 0
Time for BFS 0 is 0.129469
Validating BFS 0
Validate time for BFS 0 is 0.000002
TEPS for BFS 0 is 494.326 cyrus 64
Running BFS 1
Time for BFS 1 is 0.249852
Validating BFS 1
Validate time for BFS 1 is 0.000003
TEPS for BFS 1 is 256.151 cyrus 64
Running BFS 2
Time for BFS 2 is 0.269956
Validating BFS 2
Validate time for BFS 2 is 0.000003
TEPS for BFS 2 is 237.076 cyrus 64
Running BFS 3
Time for BFS 3 is 0.139757
Validating BFS 3
Validate time for BFS 3 is 0.000002
TEPS for BFS 3 is 457.938 cyrus 64
Running BFS 4
Time for BFS 4 is 0.240211
Validating BFS 4
Validate time for BFS 4 is 0.000002
TEPS for BFS 4 is 266.432 cyrus 64
Running BFS 5
Time for BFS 5 is 0.139899
Validating BFS 5
Validate time for BFS 5 is 0.000002
TEPS for BFS 5 is 457.473 cyrus 64
Running BFS 6
Time for BFS 6 is 0.259780
Validating BFS 6
Validate time for BFS 6 is 0.000004
TEPS for BFS 6 is 246.362 cyrus 64
Running BFS 7
Time for BFS 7 is 0.239873
Validating BFS 7
Validate time for BFS 7 is 0.000003
TEPS for BFS 7 is 266.808 cyrus 64
Running BFS 8
Time for BFS 8 is 0.149811
Validating BFS 8
Validate time for BFS 8 is 0.000002
TEPS for BFS 8 is 427.205 cyrus 64
Running BFS 9
Time for BFS 9 is 0.250238
Validating BFS 9
Validate time for BFS 9 is 0.000002
TEPS for BFS 9 is 255.757 cyrus 64
Running BFS 10
Time for BFS 10 is 0.219892
Validating BFS 10
Validate time for BFS 10 is 0.000002
TEPS for BFS 10 is 291.052 cyrus 64
Running BFS 11
Time for BFS 11 is 0.249972
Validating BFS 11
Validate time for BFS 11 is 0.000002
TEPS for BFS 11 is 256.029 cyrus 64
Running BFS 12
Time for BFS 12 is 0.139845
Validating BFS 12
Validate time for BFS 12 is 0.000003
TEPS for BFS 12 is 457.649 cyrus 64
Running BFS 13
Time for BFS 13 is 0.240126
Validating BFS 13
Validate time for BFS 13 is 0.000003
TEPS for BFS 13 is 266.527 cyrus 64
Running BFS 14
Time for BFS 14 is 0.139896
Validating BFS 14
Validate time for BFS 14 is 0.000003
TEPS for BFS 14 is 457.483 cyrus 64
Running BFS 15
Time for BFS 15 is 0.249703
Validating BFS 15
Validate time for BFS 15 is 0.000003
TEPS for BFS 15 is 256.304 cyrus 64
Running BFS 16
Time for BFS 16 is 0.139898
Validating BFS 16
Validate time for BFS 16 is 0.000002
TEPS for BFS 16 is 457.477 cyrus 64
Running BFS 17
Time for BFS 17 is 0.239875
Validating BFS 17
Validate time for BFS 17 is 0.000003
TEPS for BFS 17 is 266.806 cyrus 64
Running BFS 18
Time for BFS 18 is 0.250145
Validating BFS 18
Validate time for BFS 18 is 0.000002
TEPS for BFS 18 is 255.852 cyrus 64
Running BFS 19
Time for BFS 19 is 0.236869
Validating BFS 19
Validate time for BFS 19 is 0.000003
TEPS for BFS 19 is 270.191 cyrus 64
Running BFS 20
Time for BFS 20 is 0.139720
Validating BFS 20
Validate time for BFS 20 is 0.000003
TEPS for BFS 20 is 458.059 cyrus 64
Running BFS 21
Time for BFS 21 is 0.140047
Validating BFS 21
Validate time for BFS 21 is 0.000004
TEPS for BFS 21 is 456.989 cyrus 64
Running BFS 22
Time for BFS 22 is 0.249858
Validating BFS 22
Validate time for BFS 22 is 0.000002
TEPS for BFS 22 is 256.145 cyrus 64
Running BFS 23
Time for BFS 23 is 0.130492
Validating BFS 23
Validate time for BFS 23 is 0.000002
TEPS for BFS 23 is 490.452 cyrus 64
Running BFS 24
Time for BFS 24 is 0.219620
Validating BFS 24
Validate time for BFS 24 is 0.000003
TEPS for BFS 24 is 291.412 cyrus 64
Running BFS 25
Time for BFS 25 is 0.269953
Validating BFS 25
Validate time for BFS 25 is 0.000003
TEPS for BFS 25 is 237.078 cyrus 64
Running BFS 26
Time for BFS 26 is 0.139901
Validating BFS 26
Validate time for BFS 26 is 0.000002
TEPS for BFS 26 is 457.467 cyrus 64
Running BFS 27
Time for BFS 27 is 0.139831
Validating BFS 27
Validate time for BFS 27 is 0.000003
TEPS for BFS 27 is 457.695 cyrus 64
Running BFS 28
Time for BFS 28 is 0.220054
Validating BFS 28
Validate time for BFS 28 is 0.000002
TEPS for BFS 28 is 290.838 cyrus 64
Running BFS 29
Time for BFS 29 is 0.269952
Validating BFS 29
Validate time for BFS 29 is 0.000016
TEPS for BFS 29 is 237.079 cyrus 64
Running BFS 30
Time for BFS 30 is 0.229767
Validating BFS 30
Validate time for BFS 30 is 0.000002
TEPS for BFS 30 is 278.543 cyrus 64
Running BFS 31
Time for BFS 31 is 0.259890
Validating BFS 31
Validate time for BFS 31 is 0.000002
TEPS for BFS 31 is 246.258 cyrus 64
Running BFS 32
Time for BFS 32 is 0.139817
Validating BFS 32
Validate time for BFS 32 is 0.000002
TEPS for BFS 32 is 457.741 cyrus 64
Running BFS 33
Time for BFS 33 is 0.230109
Validating BFS 33
Validate time for BFS 33 is 0.000003
TEPS for BFS 33 is 278.129 cyrus 64
Running BFS 34
Time for BFS 34 is 0.129981
Validating BFS 34
Validate time for BFS 34 is 0.000003
TEPS for BFS 34 is 492.38 cyrus 64
Running BFS 35
Time for BFS 35 is 0.249882
Validating BFS 35
Validate time for BFS 35 is 0.000003
TEPS for BFS 35 is 256.121 cyrus 64
Running BFS 36
Time for BFS 36 is 0.149928
Validating BFS 36
Validate time for BFS 36 is 0.000003
TEPS for BFS 36 is 426.871 cyrus 64
Running BFS 37
Time for BFS 37 is 0.139787
Validating BFS 37
Validate time for BFS 37 is 0.000003
TEPS for BFS 37 is 457.84 cyrus 64
Running BFS 38
Time for BFS 38 is 0.139829
Validating BFS 38
Validate time for BFS 38 is 0.000003
TEPS for BFS 38 is 457.701 cyrus 64
Running BFS 39
Time for BFS 39 is 0.250149
Validating BFS 39
Validate time for BFS 39 is 0.000002
TEPS for BFS 39 is 255.848 cyrus 64
Running BFS 40
Time for BFS 40 is 0.139882
Validating BFS 40
Validate time for BFS 40 is 0.000002
TEPS for BFS 40 is 457.528 cyrus 64
Running BFS 41
Time for BFS 41 is 0.239893
Validating BFS 41
Validate time for BFS 41 is 0.000003
TEPS for BFS 41 is 266.785 cyrus 64
Running BFS 42
Time for BFS 42 is 0.249949
Validating BFS 42
Validate time for BFS 42 is 0.000003
TEPS for BFS 42 is 256.052 cyrus 64
Running BFS 43
Time for BFS 43 is 0.140461
Validating BFS 43
Validate time for BFS 43 is 0.000003
TEPS for BFS 43 is 455.643 cyrus 64
Running BFS 44
Time for BFS 44 is 0.120197
Validating BFS 44
Validate time for BFS 44 is 0.000002
TEPS for BFS 44 is 532.459 cyrus 64
Running BFS 45
Time for BFS 45 is 0.249836
Validating BFS 45
Validate time for BFS 45 is 0.000003
TEPS for BFS 45 is 256.168 cyrus 64
Running BFS 46
Time for BFS 46 is 0.239792
Validating BFS 46
Validate time for BFS 46 is 0.000002
TEPS for BFS 46 is 266.898 cyrus 64
Running BFS 47
Time for BFS 47 is 0.139848
Validating BFS 47
Validate time for BFS 47 is 0.000002
TEPS for BFS 47 is 457.64 cyrus 64
Running BFS 48
Time for BFS 48 is 0.139849
Validating BFS 48
Validate time for BFS 48 is 0.000002
TEPS for BFS 48 is 457.637 cyrus 64
Running BFS 49
Time for BFS 49 is 0.250283
Validating BFS 49
Validate time for BFS 49 is 0.000002
TEPS for BFS 49 is 255.711 cyrus 64
Running BFS 50
Time for BFS 50 is 0.139841
Validating BFS 50
Validate time for BFS 50 is 0.000002
TEPS for BFS 50 is 457.662 cyrus 64
Running BFS 51
Time for BFS 51 is 0.139834
Validating BFS 51
Validate time for BFS 51 is 0.000003
TEPS for BFS 51 is 457.685 cyrus 64
Running BFS 52
Time for BFS 52 is 0.240071
Validating BFS 52
Validate time for BFS 52 is 0.000003
TEPS for BFS 52 is 266.588 cyrus 64
Running BFS 53
Time for BFS 53 is 0.239709
Validating BFS 53
Validate time for BFS 53 is 0.000003
TEPS for BFS 53 is 266.991 cyrus 64
Running BFS 54
Time for BFS 54 is 0.220235
Validating BFS 54
Validate time for BFS 54 is 0.000003
TEPS for BFS 54 is 290.599 cyrus 64
Running BFS 55
Time for BFS 55 is 0.129896
Validating BFS 55
Validate time for BFS 55 is 0.000003
TEPS for BFS 55 is 492.702 cyrus 64
Running BFS 56
Time for BFS 56 is 0.139848
Validating BFS 56
Validate time for BFS 56 is 0.000003
TEPS for BFS 56 is 457.64 cyrus 64
Running BFS 57
Time for BFS 57 is 0.239872
Validating BFS 57
Validate time for BFS 57 is 0.000003
TEPS for BFS 57 is 266.809 cyrus 64
Running BFS 58
Time for BFS 58 is 0.249747
Validating BFS 58
Validate time for BFS 58 is 0.000002
TEPS for BFS 58 is 256.26 cyrus 64
Running BFS 59
Time for BFS 59 is 0.140128
Validating BFS 59
Validate time for BFS 59 is 0.000002
TEPS for BFS 59 is 456.726 cyrus 64
Running BFS 60
Time for BFS 60 is 0.139989
Validating BFS 60
Validate time for BFS 60 is 0.000003
TEPS for BFS 60 is 457.179 cyrus 64
Running BFS 61
Time for BFS 61 is 0.139791
Validating BFS 61
Validate time for BFS 61 is 0.000002
TEPS for BFS 61 is 457.826 cyrus 64
Running BFS 62
Time for BFS 62 is 0.139821
Validating BFS 62
Validate time for BFS 62 is 0.000002
TEPS for BFS 62 is 457.728 cyrus 64
Running BFS 63
Time for BFS 63 is 0.240166
Validating BFS 63
Validate time for BFS 63 is 0.000002
TEPS for BFS 63 is 266.482 cyrus 64
SCALE:                          2
edgefactor:                     16
NBFS:                           64
graph_generation:               0.483645
num_mpi_processes:              32
construction_time:              0.170366
min_time:                       0.120197
firstquartile_time:             0.139847
median_time:                    0.219973
thirdquartile_time:             0.249725
max_time:                       0.269956
mean_time:                      0.194728
stddev_time:                    0.0541678
min_nedge:                      64
firstquartile_nedge:            64
median_nedge:                   64
thirdquartile_nedge:            64
max_nedge:                      64
mean_nedge:                     64
stddev_nedge:                   0
min_TEPS:                       237.076
firstquartile_TEPS:             256.282
median_TEPS:                    290.945
thirdquartile_TEPS:             457.644
max_TEPS:                       532.459
harmonic_mean_TEPS:             328.664
harmonic_stddev_TEPS:           11.5185
min_validate:                   1.90735e-06
firstquartile_validate:         2.02656e-06
median_validate:                2.86102e-06
thirdquartile_validate:         3.09944e-06
max_validate:                   1.5974e-05
mean_validate:                  2.77534e-06
stddev_validate:                1.76656e-06
This benchmark was run on 32 MPI Processes, Scale 2, written output_32_2.log
