graph_generation:               7.495274 s
construction_time:              0.908680 s
Running BFS 0
Time for BFS 0 is 1.139205
Validating BFS 0
Validate time for BFS 0 is 0.000004
TEPS for BFS 0 is 230111 cyrus 262144
Running BFS 1
Time for BFS 1 is 0.459159
Validating BFS 1
Validate time for BFS 1 is 0.000004
TEPS for BFS 1 is 570922 cyrus 262144
Running BFS 2
Time for BFS 2 is 0.479647
Validating BFS 2
Validate time for BFS 2 is 0.000004
TEPS for BFS 2 is 546535 cyrus 262144
Running BFS 3
Time for BFS 3 is 2.121989
Validating BFS 3
Validate time for BFS 3 is 0.000004
TEPS for BFS 3 is 123537 cyrus 262144
Running BFS 4
Time for BFS 4 is 3.953234
Validating BFS 4
Validate time for BFS 4 is 0.000004
TEPS for BFS 4 is 66311.3 cyrus 262144
Running BFS 5
Time for BFS 5 is 0.835170
Validating BFS 5
Validate time for BFS 5 is 0.000004
TEPS for BFS 5 is 313881 cyrus 262144
Running BFS 6
Time for BFS 6 is 0.611778
Validating BFS 6
Validate time for BFS 6 is 0.000003
TEPS for BFS 6 is 428495 cyrus 262144
Running BFS 7
Time for BFS 7 is 0.595627
Validating BFS 7
Validate time for BFS 7 is 0.000005
TEPS for BFS 7 is 440114 cyrus 262144
Running BFS 8
Time for BFS 8 is 0.582613
Validating BFS 8
Validate time for BFS 8 is 0.000005
TEPS for BFS 8 is 449945 cyrus 262144
Running BFS 9
Time for BFS 9 is 0.618949
Validating BFS 9
Validate time for BFS 9 is 0.000005
TEPS for BFS 9 is 423531 cyrus 262144
Running BFS 10
Time for BFS 10 is 2.319448
Validating BFS 10
Validate time for BFS 10 is 0.000004
TEPS for BFS 10 is 113020 cyrus 262144
Running BFS 11
Time for BFS 11 is 5.449642
Validating BFS 11
Validate time for BFS 11 is 0.000003
TEPS for BFS 11 is 48103 cyrus 262144
Running BFS 12
Time for BFS 12 is 0.454908
Validating BFS 12
Validate time for BFS 12 is 0.000003
TEPS for BFS 12 is 576257 cyrus 262144
Running BFS 13
Time for BFS 13 is 0.783529
Validating BFS 13
Validate time for BFS 13 is 0.000004
TEPS for BFS 13 is 334568 cyrus 262144
Running BFS 14
Time for BFS 14 is 0.651118
Validating BFS 14
Validate time for BFS 14 is 0.000004
TEPS for BFS 14 is 402606 cyrus 262144
Running BFS 15
Time for BFS 15 is 0.469392
Validating BFS 15
Validate time for BFS 15 is 0.000005
TEPS for BFS 15 is 558476 cyrus 262144
Running BFS 16
Time for BFS 16 is 0.485251
Validating BFS 16
Validate time for BFS 16 is 0.000003
TEPS for BFS 16 is 540224 cyrus 262144
Running BFS 17
Time for BFS 17 is 0.595480
Validating BFS 17
Validate time for BFS 17 is 0.000004
TEPS for BFS 17 is 440223 cyrus 262144
Running BFS 18
Time for BFS 18 is 0.622942
Validating BFS 18
Validate time for BFS 18 is 0.000004
TEPS for BFS 18 is 420816 cyrus 262144
Running BFS 19
Time for BFS 19 is 0.520214
Validating BFS 19
Validate time for BFS 19 is 0.000003
TEPS for BFS 19 is 503916 cyrus 262144
Running BFS 20
Time for BFS 20 is 0.643551
Validating BFS 20
Validate time for BFS 20 is 0.000006
TEPS for BFS 20 is 407340 cyrus 262144
Running BFS 21
Time for BFS 21 is 0.588657
Validating BFS 21
Validate time for BFS 21 is 0.000004
TEPS for BFS 21 is 445325 cyrus 262144
Running BFS 22
Time for BFS 22 is 1.902168
Validating BFS 22
Validate time for BFS 22 is 0.000005
TEPS for BFS 22 is 137813 cyrus 262144
Running BFS 23
Time for BFS 23 is 0.619059
Validating BFS 23
Validate time for BFS 23 is 0.000004
TEPS for BFS 23 is 423456 cyrus 262144
Running BFS 24
Time for BFS 24 is 0.539032
Validating BFS 24
Validate time for BFS 24 is 0.000004
TEPS for BFS 24 is 486324 cyrus 262144
Running BFS 25
Time for BFS 25 is 0.579531
Validating BFS 25
Validate time for BFS 25 is 0.000004
TEPS for BFS 25 is 452338 cyrus 262144
Running BFS 26
Time for BFS 26 is 0.469180
Validating BFS 26
Validate time for BFS 26 is 0.000003
TEPS for BFS 26 is 558728 cyrus 262144
Running BFS 27
Time for BFS 27 is 0.590260
Validating BFS 27
Validate time for BFS 27 is 0.000005
TEPS for BFS 27 is 444116 cyrus 262144
Running BFS 28
Time for BFS 28 is 0.629921
Validating BFS 28
Validate time for BFS 28 is 0.000005
TEPS for BFS 28 is 416154 cyrus 262144
Running BFS 29
Time for BFS 29 is 1.935836
Validating BFS 29
Validate time for BFS 29 is 0.000003
TEPS for BFS 29 is 135416 cyrus 262144
Running BFS 30
Time for BFS 30 is 3.365183
Validating BFS 30
Validate time for BFS 30 is 0.000004
TEPS for BFS 30 is 77898.9 cyrus 262144
Running BFS 31
Time for BFS 31 is 0.443518
Validating BFS 31
Validate time for BFS 31 is 0.000005
TEPS for BFS 31 is 591056 cyrus 262144
Running BFS 32
Time for BFS 32 is 0.479715
Validating BFS 32
Validate time for BFS 32 is 0.000004
TEPS for BFS 32 is 546458 cyrus 262144
Running BFS 33
Time for BFS 33 is 1.112693
Validating BFS 33
Validate time for BFS 33 is 0.000004
TEPS for BFS 33 is 235594 cyrus 262144
Running BFS 34
Time for BFS 34 is 0.692720
Validating BFS 34
Validate time for BFS 34 is 0.000004
TEPS for BFS 34 is 378427 cyrus 262144
Running BFS 35
Time for BFS 35 is 0.496800
Validating BFS 35
Validate time for BFS 35 is 0.000004
TEPS for BFS 35 is 527665 cyrus 262144
Running BFS 36
Time for BFS 36 is 0.612830
Validating BFS 36
Validate time for BFS 36 is 0.000004
TEPS for BFS 36 is 427760 cyrus 262144
Running BFS 37
Time for BFS 37 is 0.622829
Validating BFS 37
Validate time for BFS 37 is 0.000005
TEPS for BFS 37 is 420892 cyrus 262144
Running BFS 38
Time for BFS 38 is 0.679996
Validating BFS 38
Validate time for BFS 38 is 0.000004
TEPS for BFS 38 is 385508 cyrus 262144
Running BFS 39
Time for BFS 39 is 0.930034
Validating BFS 39
Validate time for BFS 39 is 0.000004
TEPS for BFS 39 is 281865 cyrus 262144
Running BFS 40
Time for BFS 40 is 1.411229
Validating BFS 40
Validate time for BFS 40 is 0.000004
TEPS for BFS 40 is 185756 cyrus 262144
Running BFS 41
Time for BFS 41 is 0.629049
Validating BFS 41
Validate time for BFS 41 is 0.000002
TEPS for BFS 41 is 416731 cyrus 262144
Running BFS 42
Time for BFS 42 is 0.489135
Validating BFS 42
Validate time for BFS 42 is 0.000005
TEPS for BFS 42 is 535934 cyrus 262144
Running BFS 43
Time for BFS 43 is 0.629770
Validating BFS 43
Validate time for BFS 43 is 0.000005
TEPS for BFS 43 is 416254 cyrus 262144
Running BFS 44
Time for BFS 44 is 0.489884
Validating BFS 44
Validate time for BFS 44 is 0.000004
TEPS for BFS 44 is 535114 cyrus 262144
Running BFS 45
Time for BFS 45 is 0.648372
Validating BFS 45
Validate time for BFS 45 is 0.000004
TEPS for BFS 45 is 404311 cyrus 262144
Running BFS 46
Time for BFS 46 is 0.636176
Validating BFS 46
Validate time for BFS 46 is 0.000005
TEPS for BFS 46 is 412062 cyrus 262144
Running BFS 47
Time for BFS 47 is 0.519005
Validating BFS 47
Validate time for BFS 47 is 0.000005
TEPS for BFS 47 is 505090 cyrus 262144
Running BFS 48
Time for BFS 48 is 0.522840
Validating BFS 48
Validate time for BFS 48 is 0.000004
TEPS for BFS 48 is 501385 cyrus 262144
Running BFS 49
Time for BFS 49 is 1.281347
Validating BFS 49
Validate time for BFS 49 is 0.000004
TEPS for BFS 49 is 204585 cyrus 262144
Running BFS 50
Time for BFS 50 is 0.748625
Validating BFS 50
Validate time for BFS 50 is 0.000003
TEPS for BFS 50 is 350167 cyrus 262144
Running BFS 51
Time for BFS 51 is 0.640963
Validating BFS 51
Validate time for BFS 51 is 0.000003
TEPS for BFS 51 is 408985 cyrus 262144
Running BFS 52
Time for BFS 52 is 0.508940
Validating BFS 52
Validate time for BFS 52 is 0.000004
TEPS for BFS 52 is 515078 cyrus 262144
Running BFS 53
Time for BFS 53 is 0.600769
Validating BFS 53
Validate time for BFS 53 is 0.000003
TEPS for BFS 53 is 436347 cyrus 262144
Running BFS 54
Time for BFS 54 is 0.508941
Validating BFS 54
Validate time for BFS 54 is 0.000005
TEPS for BFS 54 is 515077 cyrus 262144
Running BFS 55
Time for BFS 55 is 0.708947
Validating BFS 55
Validate time for BFS 55 is 0.000004
TEPS for BFS 55 is 369765 cyrus 262144
Running BFS 56
Time for BFS 56 is 0.615566
Validating BFS 56
Validate time for BFS 56 is 0.000003
TEPS for BFS 56 is 425858 cyrus 262144
Running BFS 57
Time for BFS 57 is 1.953366
Validating BFS 57
Validate time for BFS 57 is 0.000003
TEPS for BFS 57 is 134201 cyrus 262144
Running BFS 58
Time for BFS 58 is 0.638962
Validating BFS 58
Validate time for BFS 58 is 0.000004
TEPS for BFS 58 is 410265 cyrus 262144
Running BFS 59
Time for BFS 59 is 0.622649
Validating BFS 59
Validate time for BFS 59 is 0.000004
TEPS for BFS 59 is 421014 cyrus 262144
Running BFS 60
Time for BFS 60 is 0.614592
Validating BFS 60
Validate time for BFS 60 is 0.000004
TEPS for BFS 60 is 426533 cyrus 262144
Running BFS 61
Time for BFS 61 is 3.743447
Validating BFS 61
Validate time for BFS 61 is 0.000003
TEPS for BFS 61 is 70027.4 cyrus 262144
Running BFS 62
Time for BFS 62 is 0.730233
Validating BFS 62
Validate time for BFS 62 is 0.000004
TEPS for BFS 62 is 358987 cyrus 262144
Running BFS 63
Time for BFS 63 is 0.627835
Validating BFS 63
Validate time for BFS 63 is 0.000003
TEPS for BFS 63 is 417536 cyrus 262144
SCALE:                          14
edgefactor:                     16
NBFS:                           64
graph_generation:               7.49527
num_mpi_processes:              128
construction_time:              0.90868
min_time:                       0.443518
firstquartile_time:             0.530936
median_time:                    0.622885
thirdquartile_time:             0.766077
max_time:                       5.44964
mean_time:                      0.971929
stddev_time:                    0.944463
min_nedge:                      262144
firstquartile_nedge:            262144
median_nedge:                   262144
thirdquartile_nedge:            262144
max_nedge:                      262144
mean_nedge:                     262144
stddev_nedge:                   0
min_TEPS:                       48103
firstquartile_TEPS:             342190
median_TEPS:                    420854
thirdquartile_TEPS:             493739
max_TEPS:                       591056
harmonic_mean_TEPS:             269715
harmonic_stddev_TEPS:           33020.6
min_validate:                   2.14577e-06
firstquartile_validate:         3.8147e-06
median_validate:                4.05312e-06
thirdquartile_validate:         4.05312e-06
max_validate:                   5.96046e-06
mean_validate:                  3.98234e-06
stddev_validate:                7.67796e-07
This benchmark was run on 128 MPI Processes, Scale 14, written output_128_14.log
