graph_generation:               14.486720 s
construction_time:              6.310269 s
Running BFS 0
Time for BFS 0 is 1.631012
Validating BFS 0
Validate time for BFS 0 is 0.000004
TEPS for BFS 0 is 1.2858e+06 cyrus 2097152
Running BFS 1
Time for BFS 1 is 2.858979
Validating BFS 1
Validate time for BFS 1 is 0.000003
TEPS for BFS 1 is 733532 cyrus 2097152
Running BFS 2
Time for BFS 2 is 0.508889
Validating BFS 2
Validate time for BFS 2 is 0.000004
TEPS for BFS 2 is 4.12104e+06 cyrus 2097152
Running BFS 3
Time for BFS 3 is 2.379116
Validating BFS 3
Validate time for BFS 3 is 0.000004
TEPS for BFS 3 is 881484 cyrus 2097152
Running BFS 4
Time for BFS 4 is 0.558903
Validating BFS 4
Validate time for BFS 4 is 0.000005
TEPS for BFS 4 is 3.75226e+06 cyrus 2097152
Running BFS 5
Time for BFS 5 is 0.668826
Validating BFS 5
Validate time for BFS 5 is 0.000005
TEPS for BFS 5 is 3.13557e+06 cyrus 2097152
Running BFS 6
Time for BFS 6 is 0.550315
Validating BFS 6
Validate time for BFS 6 is 0.000005
TEPS for BFS 6 is 3.81082e+06 cyrus 2097152
Running BFS 7
Time for BFS 7 is 0.589835
Validating BFS 7
Validate time for BFS 7 is 0.000005
TEPS for BFS 7 is 3.55549e+06 cyrus 2097152
Running BFS 8
Time for BFS 8 is 0.589759
Validating BFS 8
Validate time for BFS 8 is 0.000005
TEPS for BFS 8 is 3.55595e+06 cyrus 2097152
Running BFS 9
Time for BFS 9 is 2.488578
Validating BFS 9
Validate time for BFS 9 is 0.000005
TEPS for BFS 9 is 842711 cyrus 2097152
Running BFS 10
Time for BFS 10 is 0.569718
Validating BFS 10
Validate time for BFS 10 is 0.000005
TEPS for BFS 10 is 3.68104e+06 cyrus 2097152
Running BFS 11
Time for BFS 11 is 2.349972
Validating BFS 11
Validate time for BFS 11 is 0.000004
TEPS for BFS 11 is 892416 cyrus 2097152
Running BFS 12
Time for BFS 12 is 0.579700
Validating BFS 12
Validate time for BFS 12 is 0.000005
TEPS for BFS 12 is 3.61765e+06 cyrus 2097152
Running BFS 13
Time for BFS 13 is 0.556267
Validating BFS 13
Validate time for BFS 13 is 0.000003
TEPS for BFS 13 is 3.77005e+06 cyrus 2097152
Running BFS 14
Time for BFS 14 is 0.668867
Validating BFS 14
Validate time for BFS 14 is 0.000005
TEPS for BFS 14 is 3.13538e+06 cyrus 2097152
Running BFS 15
Time for BFS 15 is 0.778875
Validating BFS 15
Validate time for BFS 15 is 0.000005
TEPS for BFS 15 is 2.69254e+06 cyrus 2097152
Running BFS 16
Time for BFS 16 is 0.588894
Validating BFS 16
Validate time for BFS 16 is 0.000005
TEPS for BFS 16 is 3.56117e+06 cyrus 2097152
Running BFS 17
Time for BFS 17 is 0.558973
Validating BFS 17
Validate time for BFS 17 is 0.000005
TEPS for BFS 17 is 3.7518e+06 cyrus 2097152
Running BFS 18
Time for BFS 18 is 0.558876
Validating BFS 18
Validate time for BFS 18 is 0.000005
TEPS for BFS 18 is 3.75245e+06 cyrus 2097152
Running BFS 19
Time for BFS 19 is 0.558927
Validating BFS 19
Validate time for BFS 19 is 0.000005
TEPS for BFS 19 is 3.7521e+06 cyrus 2097152
Running BFS 20
Time for BFS 20 is 0.558880
Validating BFS 20
Validate time for BFS 20 is 0.000005
TEPS for BFS 20 is 3.75242e+06 cyrus 2097152
Running BFS 21
Time for BFS 21 is 0.549057
Validating BFS 21
Validate time for BFS 21 is 0.000004
TEPS for BFS 21 is 3.81955e+06 cyrus 2097152
Running BFS 22
Time for BFS 22 is 0.578740
Validating BFS 22
Validate time for BFS 22 is 0.000005
TEPS for BFS 22 is 3.62365e+06 cyrus 2097152
Running BFS 23
Time for BFS 23 is 0.578948
Validating BFS 23
Validate time for BFS 23 is 0.000006
TEPS for BFS 23 is 3.62235e+06 cyrus 2097152
Running BFS 24
Time for BFS 24 is 0.588933
Validating BFS 24
Validate time for BFS 24 is 0.000004
TEPS for BFS 24 is 3.56093e+06 cyrus 2097152
Running BFS 25
Time for BFS 25 is 0.632360
Validating BFS 25
Validate time for BFS 25 is 0.000004
TEPS for BFS 25 is 3.31639e+06 cyrus 2097152
Running BFS 26
Time for BFS 26 is 0.575459
Validating BFS 26
Validate time for BFS 26 is 0.000004
TEPS for BFS 26 is 3.64431e+06 cyrus 2097152
Running BFS 27
Time for BFS 27 is 0.574077
Validating BFS 27
Validate time for BFS 27 is 0.000005
TEPS for BFS 27 is 3.65309e+06 cyrus 2097152
Running BFS 28
Time for BFS 28 is 0.683728
Validating BFS 28
Validate time for BFS 28 is 0.000005
TEPS for BFS 28 is 3.06723e+06 cyrus 2097152
Running BFS 29
Time for BFS 29 is 0.578919
Validating BFS 29
Validate time for BFS 29 is 0.000004
TEPS for BFS 29 is 3.62253e+06 cyrus 2097152
Running BFS 30
Time for BFS 30 is 0.589010
Validating BFS 30
Validate time for BFS 30 is 0.000006
TEPS for BFS 30 is 3.56047e+06 cyrus 2097152
Running BFS 31
Time for BFS 31 is 0.748879
Validating BFS 31
Validate time for BFS 31 is 0.000005
TEPS for BFS 31 is 2.80039e+06 cyrus 2097152
Running BFS 32
Time for BFS 32 is 0.598972
Validating BFS 32
Validate time for BFS 32 is 0.000005
TEPS for BFS 32 is 3.50125e+06 cyrus 2097152
Running BFS 33
Time for BFS 33 is 0.598951
Validating BFS 33
Validate time for BFS 33 is 0.000005
TEPS for BFS 33 is 3.50138e+06 cyrus 2097152
Running BFS 34
Time for BFS 34 is 2.190092
Validating BFS 34
Validate time for BFS 34 is 0.000004
TEPS for BFS 34 is 957563 cyrus 2097152
Running BFS 35
Time for BFS 35 is 0.579670
Validating BFS 35
Validate time for BFS 35 is 0.000004
TEPS for BFS 35 is 3.61784e+06 cyrus 2097152
Running BFS 36
Time for BFS 36 is 0.639722
Validating BFS 36
Validate time for BFS 36 is 0.000005
TEPS for BFS 36 is 3.27822e+06 cyrus 2097152
Running BFS 37
Time for BFS 37 is 0.639735
Validating BFS 37
Validate time for BFS 37 is 0.000005
TEPS for BFS 37 is 3.27816e+06 cyrus 2097152
Running BFS 38
Time for BFS 38 is 0.769761
Validating BFS 38
Validate time for BFS 38 is 0.000005
TEPS for BFS 38 is 2.72442e+06 cyrus 2097152
Running BFS 39
Time for BFS 39 is 0.639768
Validating BFS 39
Validate time for BFS 39 is 0.000004
TEPS for BFS 39 is 3.27799e+06 cyrus 2097152
Running BFS 40
Time for BFS 40 is 0.599748
Validating BFS 40
Validate time for BFS 40 is 0.000005
TEPS for BFS 40 is 3.49672e+06 cyrus 2097152
Running BFS 41
Time for BFS 41 is 0.722905
Validating BFS 41
Validate time for BFS 41 is 0.000004
TEPS for BFS 41 is 2.90101e+06 cyrus 2097152
Running BFS 42
Time for BFS 42 is 0.638845
Validating BFS 42
Validate time for BFS 42 is 0.000004
TEPS for BFS 42 is 3.28272e+06 cyrus 2097152
Running BFS 43
Time for BFS 43 is 0.767430
Validating BFS 43
Validate time for BFS 43 is 0.000005
TEPS for BFS 43 is 2.7327e+06 cyrus 2097152
Running BFS 44
Time for BFS 44 is 0.740415
Validating BFS 44
Validate time for BFS 44 is 0.000004
TEPS for BFS 44 is 2.8324e+06 cyrus 2097152
Running BFS 45
Time for BFS 45 is 0.619112
Validating BFS 45
Validate time for BFS 45 is 0.000003
TEPS for BFS 45 is 3.38735e+06 cyrus 2097152
Running BFS 46
Time for BFS 46 is 0.839796
Validating BFS 46
Validate time for BFS 46 is 0.000002
TEPS for BFS 46 is 2.49722e+06 cyrus 2097152
Running BFS 47
Time for BFS 47 is 0.559728
Validating BFS 47
Validate time for BFS 47 is 0.000005
TEPS for BFS 47 is 3.74673e+06 cyrus 2097152
Running BFS 48
Time for BFS 48 is 0.559750
Validating BFS 48
Validate time for BFS 48 is 0.000005
TEPS for BFS 48 is 3.74659e+06 cyrus 2097152
Running BFS 49
Time for BFS 49 is 0.719737
Validating BFS 49
Validate time for BFS 49 is 0.000004
TEPS for BFS 49 is 2.91378e+06 cyrus 2097152
Running BFS 50
Time for BFS 50 is 0.569731
Validating BFS 50
Validate time for BFS 50 is 0.000004
TEPS for BFS 50 is 3.68095e+06 cyrus 2097152
Running BFS 51
Time for BFS 51 is 0.574630
Validating BFS 51
Validate time for BFS 51 is 0.000003
TEPS for BFS 51 is 3.64957e+06 cyrus 2097152
Running BFS 52
Time for BFS 52 is 0.598884
Validating BFS 52
Validate time for BFS 52 is 0.000005
TEPS for BFS 52 is 3.50177e+06 cyrus 2097152
Running BFS 53
Time for BFS 53 is 0.618891
Validating BFS 53
Validate time for BFS 53 is 0.000005
TEPS for BFS 53 is 3.38856e+06 cyrus 2097152
Running BFS 54
Time for BFS 54 is 0.638879
Validating BFS 54
Validate time for BFS 54 is 0.000005
TEPS for BFS 54 is 3.28255e+06 cyrus 2097152
Running BFS 55
Time for BFS 55 is 0.628997
Validating BFS 55
Validate time for BFS 55 is 0.000004
TEPS for BFS 55 is 3.33412e+06 cyrus 2097152
Running BFS 56
Time for BFS 56 is 1.478317
Validating BFS 56
Validate time for BFS 56 is 0.000004
TEPS for BFS 56 is 1.41861e+06 cyrus 2097152
Running BFS 57
Time for BFS 57 is 0.659757
Validating BFS 57
Validate time for BFS 57 is 0.000004
TEPS for BFS 57 is 3.17867e+06 cyrus 2097152
Running BFS 58
Time for BFS 58 is 0.669686
Validating BFS 58
Validate time for BFS 58 is 0.000004
TEPS for BFS 58 is 3.13155e+06 cyrus 2097152
Running BFS 59
Time for BFS 59 is 0.569755
Validating BFS 59
Validate time for BFS 59 is 0.000005
TEPS for BFS 59 is 3.6808e+06 cyrus 2097152
Running BFS 60
Time for BFS 60 is 1.039878
Validating BFS 60
Validate time for BFS 60 is 0.000003
TEPS for BFS 60 is 2.01673e+06 cyrus 2097152
Running BFS 61
Time for BFS 61 is 0.609784
Validating BFS 61
Validate time for BFS 61 is 0.000005
TEPS for BFS 61 is 3.43917e+06 cyrus 2097152
Running BFS 62
Time for BFS 62 is 0.589752
Validating BFS 62
Validate time for BFS 62 is 0.000004
TEPS for BFS 62 is 3.55599e+06 cyrus 2097152
Running BFS 63
Time for BFS 63 is 0.659942
Validating BFS 63
Validate time for BFS 63 is 0.000003
TEPS for BFS 63 is 3.17778e+06 cyrus 2097152
SCALE:                          17
edgefactor:                     16
NBFS:                           64
graph_generation:               14.4867
num_mpi_processes:              64
construction_time:              6.31027
min_time:                       0.508889
firstquartile_time:             0.575045
median_time:                    0.604766
thirdquartile_time:             0.701733
max_time:                       2.85898
mean_time:                      0.799395
stddev_time:                    0.522513
min_nedge:                      2097152
firstquartile_nedge:            2097152
median_nedge:                   2097152
thirdquartile_nedge:            2097152
max_nedge:                      2097152
mean_nedge:                     2097152
stddev_nedge:                   0
min_TEPS:                       733532
firstquartile_TEPS:             2.98853e+06
median_TEPS:                    3.46771e+06
thirdquartile_TEPS:             3.64694e+06
max_TEPS:                       4.12104e+06
harmonic_mean_TEPS:             2.62342e+06
harmonic_stddev_TEPS:           216040
min_validate:                   1.90735e-06
firstquartile_validate:         4.05312e-06
median_validate:                5.00679e-06
thirdquartile_validate:         5.00679e-06
max_validate:                   5.96046e-06
mean_validate:                  4.448e-06
stddev_validate:                7.80083e-07
This benchmark was run on 64 MPI Processes, Scale 17, written output_64_17.log
