graph_generation:               50.032763 s
construction_time:              26.420247 s
Running BFS 0
Time for BFS 0 is 5.049397
Validating BFS 0
Validate time for BFS 0 is 0.000009
TEPS for BFS 0 is 1.32905e+07 cyrus 67108864
Running BFS 1
Time for BFS 1 is 4.933521
Validating BFS 1
Validate time for BFS 1 is 0.000008
TEPS for BFS 1 is 1.36026e+07 cyrus 67108864
Running BFS 2
Time for BFS 2 is 4.302249
Validating BFS 2
Validate time for BFS 2 is 0.000006
TEPS for BFS 2 is 1.55986e+07 cyrus 67108864
Running BFS 3
Time for BFS 3 is 5.895136
Validating BFS 3
Validate time for BFS 3 is 0.000008
TEPS for BFS 3 is 1.13838e+07 cyrus 67108864
Running BFS 4
Time for BFS 4 is 3.801382
Validating BFS 4
Validate time for BFS 4 is 0.000008
TEPS for BFS 4 is 1.76538e+07 cyrus 67108864
Running BFS 5
Time for BFS 5 is 8.415695
Validating BFS 5
Validate time for BFS 5 is 0.000008
TEPS for BFS 5 is 7.97425e+06 cyrus 67108864
Running BFS 6
Time for BFS 6 is 6.935702
Validating BFS 6
Validate time for BFS 6 is 0.000009
TEPS for BFS 6 is 9.67586e+06 cyrus 67108864
Running BFS 7
Time for BFS 7 is 4.907825
Validating BFS 7
Validate time for BFS 7 is 0.000007
TEPS for BFS 7 is 1.36739e+07 cyrus 67108864
Running BFS 8
Time for BFS 8 is 4.595155
Validating BFS 8
Validate time for BFS 8 is 0.000007
TEPS for BFS 8 is 1.46043e+07 cyrus 67108864
Running BFS 9
Time for BFS 9 is 5.978423
Validating BFS 9
Validate time for BFS 9 is 0.000008
TEPS for BFS 9 is 1.12252e+07 cyrus 67108864
Running BFS 10
Time for BFS 10 is 6.164447
Validating BFS 10
Validate time for BFS 10 is 0.000010
TEPS for BFS 10 is 1.08864e+07 cyrus 67108864
Running BFS 11
Time for BFS 11 is 3.768958
Validating BFS 11
Validate time for BFS 11 is 0.000009
TEPS for BFS 11 is 1.78057e+07 cyrus 67108864
Running BFS 12
Time for BFS 12 is 5.026258
Validating BFS 12
Validate time for BFS 12 is 0.000007
TEPS for BFS 12 is 1.33517e+07 cyrus 67108864
Running BFS 13
Time for BFS 13 is 4.847958
Validating BFS 13
Validate time for BFS 13 is 0.000002
TEPS for BFS 13 is 1.38427e+07 cyrus 67108864
Running BFS 14
Time for BFS 14 is 4.928965
Validating BFS 14
Validate time for BFS 14 is 0.000002
TEPS for BFS 14 is 1.36152e+07 cyrus 67108864
Running BFS 15
Time for BFS 15 is 5.709577
Validating BFS 15
Validate time for BFS 15 is 0.000002
TEPS for BFS 15 is 1.17537e+07 cyrus 67108864
Running BFS 16
Time for BFS 16 is 5.892130
Validating BFS 16
Validate time for BFS 16 is 0.000002
TEPS for BFS 16 is 1.13896e+07 cyrus 67108864
Running BFS 17
Time for BFS 17 is 8.600078
Validating BFS 17
Validate time for BFS 17 is 0.000002
TEPS for BFS 17 is 7.80329e+06 cyrus 67108864
Running BFS 18
Time for BFS 18 is 5.263694
Validating BFS 18
Validate time for BFS 18 is 0.000002
TEPS for BFS 18 is 1.27494e+07 cyrus 67108864
Running BFS 19
Time for BFS 19 is 9.004330
Validating BFS 19
Validate time for BFS 19 is 0.000002
TEPS for BFS 19 is 7.45295e+06 cyrus 67108864
Running BFS 20
Time for BFS 20 is 4.939783
Validating BFS 20
Validate time for BFS 20 is 0.000001
TEPS for BFS 20 is 1.35854e+07 cyrus 67108864
Running BFS 21
Time for BFS 21 is 4.742034
Validating BFS 21
Validate time for BFS 21 is 0.000001
TEPS for BFS 21 is 1.41519e+07 cyrus 67108864
Running BFS 22
Time for BFS 22 is 6.444347
Validating BFS 22
Validate time for BFS 22 is 0.000002
TEPS for BFS 22 is 1.04136e+07 cyrus 67108864
Running BFS 23
Time for BFS 23 is 5.074032
Validating BFS 23
Validate time for BFS 23 is 0.000001
TEPS for BFS 23 is 1.32259e+07 cyrus 67108864
Running BFS 24
Time for BFS 24 is 4.487128
Validating BFS 24
Validate time for BFS 24 is 0.000002
TEPS for BFS 24 is 1.49559e+07 cyrus 67108864
Running BFS 25
Time for BFS 25 is 6.038598
Validating BFS 25
Validate time for BFS 25 is 0.000002
TEPS for BFS 25 is 1.11133e+07 cyrus 67108864
Running BFS 26
Time for BFS 26 is 4.863810
Validating BFS 26
Validate time for BFS 26 is 0.000001
TEPS for BFS 26 is 1.37976e+07 cyrus 67108864
Running BFS 27
Time for BFS 27 is 5.721616
Validating BFS 27
Validate time for BFS 27 is 0.000002
TEPS for BFS 27 is 1.1729e+07 cyrus 67108864
Running BFS 28
Time for BFS 28 is 5.919985
Validating BFS 28
Validate time for BFS 28 is 0.000002
TEPS for BFS 28 is 1.1336e+07 cyrus 67108864
Running BFS 29
Time for BFS 29 is 6.442675
Validating BFS 29
Validate time for BFS 29 is 0.000002
TEPS for BFS 29 is 1.04163e+07 cyrus 67108864
Running BFS 30
Time for BFS 30 is 4.189784
Validating BFS 30
Validate time for BFS 30 is 0.000001
TEPS for BFS 30 is 1.60173e+07 cyrus 67108864
Running BFS 31
Time for BFS 31 is 4.801380
Validating BFS 31
Validate time for BFS 31 is 0.000001
TEPS for BFS 31 is 1.3977e+07 cyrus 67108864
Running BFS 32
Time for BFS 32 is 9.554728
Validating BFS 32
Validate time for BFS 32 is 0.000002
TEPS for BFS 32 is 7.02363e+06 cyrus 67108864
Running BFS 33
Time for BFS 33 is 5.685873
Validating BFS 33
Validate time for BFS 33 is 0.000002
TEPS for BFS 33 is 1.18027e+07 cyrus 67108864
Running BFS 34
Time for BFS 34 is 7.138645
Validating BFS 34
Validate time for BFS 34 is 0.000003
TEPS for BFS 34 is 9.40078e+06 cyrus 67108864
Running BFS 35
Time for BFS 35 is 7.356977
Validating BFS 35
Validate time for BFS 35 is 0.000001
TEPS for BFS 35 is 9.1218e+06 cyrus 67108864
Running BFS 36
Time for BFS 36 is 9.217386
Validating BFS 36
Validate time for BFS 36 is 0.000001
TEPS for BFS 36 is 7.28068e+06 cyrus 67108864
Running BFS 37
Time for BFS 37 is 5.246306
Validating BFS 37
Validate time for BFS 37 is 0.000002
TEPS for BFS 37 is 1.27916e+07 cyrus 67108864
Running BFS 38
Time for BFS 38 is 6.371171
Validating BFS 38
Validate time for BFS 38 is 0.000001
TEPS for BFS 38 is 1.05332e+07 cyrus 67108864
Running BFS 39
Time for BFS 39 is 3.990167
Validating BFS 39
Validate time for BFS 39 is 0.000001
TEPS for BFS 39 is 1.68186e+07 cyrus 67108864
Running BFS 40
Time for BFS 40 is 5.176173
Validating BFS 40
Validate time for BFS 40 is 0.000001
TEPS for BFS 40 is 1.2965e+07 cyrus 67108864
Running BFS 41
Time for BFS 41 is 5.661420
Validating BFS 41
Validate time for BFS 41 is 0.000002
TEPS for BFS 41 is 1.18537e+07 cyrus 67108864
Running BFS 42
Time for BFS 42 is 5.246089
Validating BFS 42
Validate time for BFS 42 is 0.000001
TEPS for BFS 42 is 1.27922e+07 cyrus 67108864
Running BFS 43
Time for BFS 43 is 7.327352
Validating BFS 43
Validate time for BFS 43 is 0.000002
TEPS for BFS 43 is 9.15868e+06 cyrus 67108864
Running BFS 44
Time for BFS 44 is 7.384900
Validating BFS 44
Validate time for BFS 44 is 0.000002
TEPS for BFS 44 is 9.08731e+06 cyrus 67108864
Running BFS 45
Time for BFS 45 is 5.650854
Validating BFS 45
Validate time for BFS 45 is 0.000002
TEPS for BFS 45 is 1.18759e+07 cyrus 67108864
Running BFS 46
Time for BFS 46 is 8.325551
Validating BFS 46
Validate time for BFS 46 is 0.000002
TEPS for BFS 46 is 8.06059e+06 cyrus 67108864
Running BFS 47
Time for BFS 47 is 5.634865
Validating BFS 47
Validate time for BFS 47 is 0.000002
TEPS for BFS 47 is 1.19096e+07 cyrus 67108864
Running BFS 48
Time for BFS 48 is 5.826416
Validating BFS 48
Validate time for BFS 48 is 0.000001
TEPS for BFS 48 is 1.1518e+07 cyrus 67108864
Running BFS 49
Time for BFS 49 is 8.465326
Validating BFS 49
Validate time for BFS 49 is 0.000002
TEPS for BFS 49 is 7.9275e+06 cyrus 67108864
Running BFS 50
Time for BFS 50 is 6.639950
Validating BFS 50
Validate time for BFS 50 is 0.000002
TEPS for BFS 50 is 1.01068e+07 cyrus 67108864
Running BFS 51
Time for BFS 51 is 8.757471
Validating BFS 51
Validate time for BFS 51 is 0.000001
TEPS for BFS 51 is 7.66304e+06 cyrus 67108864
Running BFS 52
Time for BFS 52 is 6.770534
Validating BFS 52
Validate time for BFS 52 is 0.000002
TEPS for BFS 52 is 9.9119e+06 cyrus 67108864
Running BFS 53
Time for BFS 53 is 5.063525
Validating BFS 53
Validate time for BFS 53 is 0.000002
TEPS for BFS 53 is 1.32534e+07 cyrus 67108864
Running BFS 54
Time for BFS 54 is 3.995680
Validating BFS 54
Validate time for BFS 54 is 0.000002
TEPS for BFS 54 is 1.67954e+07 cyrus 67108864
Running BFS 55
Time for BFS 55 is 4.944409
Validating BFS 55
Validate time for BFS 55 is 0.000002
TEPS for BFS 55 is 1.35727e+07 cyrus 67108864
Running BFS 56
Time for BFS 56 is 7.547484
Validating BFS 56
Validate time for BFS 56 is 0.000002
TEPS for BFS 56 is 8.89155e+06 cyrus 67108864
Running BFS 57
Time for BFS 57 is 7.459318
Validating BFS 57
Validate time for BFS 57 is 0.000001
TEPS for BFS 57 is 8.99665e+06 cyrus 67108864
Running BFS 58
Time for BFS 58 is 7.657540
Validating BFS 58
Validate time for BFS 58 is 0.000009
TEPS for BFS 58 is 8.76376e+06 cyrus 67108864
Running BFS 59
Time for BFS 59 is 6.328293
Validating BFS 59
Validate time for BFS 59 is 0.000007
TEPS for BFS 59 is 1.06046e+07 cyrus 67108864
Running BFS 60
Time for BFS 60 is 5.979842
Validating BFS 60
Validate time for BFS 60 is 0.000007
TEPS for BFS 60 is 1.12225e+07 cyrus 67108864
Running BFS 61
Time for BFS 61 is 5.918444
Validating BFS 61
Validate time for BFS 61 is 0.000008
TEPS for BFS 61 is 1.13389e+07 cyrus 67108864
Running BFS 62
Time for BFS 62 is 5.453887
Validating BFS 62
Validate time for BFS 62 is 0.000007
TEPS for BFS 62 is 1.23048e+07 cyrus 67108864
Running BFS 63
Time for BFS 63 is 6.535082
Validating BFS 63
Validate time for BFS 63 is 0.000004
TEPS for BFS 63 is 1.0269e+07 cyrus 67108864
SCALE:                          22
edgefactor:                     16
NBFS:                           64
graph_generation:               50.0328
num_mpi_processes:              128
construction_time:              26.4202
min_time:                       3.76896
firstquartile_time:             4.9421
median_time:                    5.77402
thirdquartile_time:             6.85312
max_time:                       9.55473
mean_time:                      6.03121
stddev_time:                    1.4206
min_nedge:                      67108864
firstquartile_nedge:            67108864
median_nedge:                   67108864
thirdquartile_nedge:            67108864
max_nedge:                      67108864
mean_nedge:                     67108864
stddev_nedge:                   0
min_TEPS:                       7.02363e+06
firstquartile_TEPS:             9.79246e+06
median_TEPS:                    1.16226e+07
thirdquartile_TEPS:             1.3579e+07
max_TEPS:                       1.78057e+07
harmonic_mean_TEPS:             1.11269e+07
harmonic_stddev_TEPS:           330196
min_validate:                   9.53674e-07
firstquartile_validate:         1.90735e-06
median_validate:                2.14577e-06
thirdquartile_validate:         6.91414e-06
max_validate:                   1.00136e-05
mean_validate:                  3.48687e-06
stddev_validate:                2.8596e-06
This benchmark was run on 128 MPI Processes, Scale 22, written output_128_22.log
