graph_generation:               7.664678 s
construction_time:              0.432826 s
Running BFS 0
Time for BFS 0 is 2.874969
Validating BFS 0
Validate time for BFS 0 is 0.000005
TEPS for BFS 0 is 45590.8 cyrus 131072
Running BFS 1
Time for BFS 1 is 0.451916
Validating BFS 1
Validate time for BFS 1 is 0.000005
TEPS for BFS 1 is 290036 cyrus 131072
Running BFS 2
Time for BFS 2 is 0.559866
Validating BFS 2
Validate time for BFS 2 is 0.000004
TEPS for BFS 2 is 234113 cyrus 131072
Running BFS 3
Time for BFS 3 is 0.559773
Validating BFS 3
Validate time for BFS 3 is 0.000003
TEPS for BFS 3 is 234152 cyrus 131072
Running BFS 4
Time for BFS 4 is 0.705013
Validating BFS 4
Validate time for BFS 4 is 0.000004
TEPS for BFS 4 is 185914 cyrus 131072
Running BFS 5
Time for BFS 5 is 0.579091
Validating BFS 5
Validate time for BFS 5 is 0.000005
TEPS for BFS 5 is 226341 cyrus 131072
Running BFS 6
Time for BFS 6 is 0.475344
Validating BFS 6
Validate time for BFS 6 is 0.000003
TEPS for BFS 6 is 275741 cyrus 131072
Running BFS 7
Time for BFS 7 is 1.782877
Validating BFS 7
Validate time for BFS 7 is 0.000003
TEPS for BFS 7 is 73517.1 cyrus 131072
Running BFS 8
Time for BFS 8 is 0.558998
Validating BFS 8
Validate time for BFS 8 is 0.000004
TEPS for BFS 8 is 234477 cyrus 131072
Running BFS 9
Time for BFS 9 is 0.559048
Validating BFS 9
Validate time for BFS 9 is 0.000004
TEPS for BFS 9 is 234456 cyrus 131072
Running BFS 10
Time for BFS 10 is 0.559026
Validating BFS 10
Validate time for BFS 10 is 0.000004
TEPS for BFS 10 is 234465 cyrus 131072
Running BFS 11
Time for BFS 11 is 0.559005
Validating BFS 11
Validate time for BFS 11 is 0.000003
TEPS for BFS 11 is 234474 cyrus 131072
Running BFS 12
Time for BFS 12 is 0.559014
Validating BFS 12
Validate time for BFS 12 is 0.000004
TEPS for BFS 12 is 234470 cyrus 131072
Running BFS 13
Time for BFS 13 is 0.439143
Validating BFS 13
Validate time for BFS 13 is 0.000004
TEPS for BFS 13 is 298472 cyrus 131072
Running BFS 14
Time for BFS 14 is 0.571252
Validating BFS 14
Validate time for BFS 14 is 0.000004
TEPS for BFS 14 is 229447 cyrus 131072
Running BFS 15
Time for BFS 15 is 0.626829
Validating BFS 15
Validate time for BFS 15 is 0.000004
TEPS for BFS 15 is 209103 cyrus 131072
Running BFS 16
Time for BFS 16 is 0.702776
Validating BFS 16
Validate time for BFS 16 is 0.000004
TEPS for BFS 16 is 186506 cyrus 131072
Running BFS 17
Time for BFS 17 is 0.515361
Validating BFS 17
Validate time for BFS 17 is 0.000004
TEPS for BFS 17 is 254331 cyrus 131072
Running BFS 18
Time for BFS 18 is 0.639103
Validating BFS 18
Validate time for BFS 18 is 0.000004
TEPS for BFS 18 is 205087 cyrus 131072
Running BFS 19
Time for BFS 19 is 0.524883
Validating BFS 19
Validate time for BFS 19 is 0.000003
TEPS for BFS 19 is 249717 cyrus 131072
Running BFS 20
Time for BFS 20 is 0.639798
Validating BFS 20
Validate time for BFS 20 is 0.000004
TEPS for BFS 20 is 204865 cyrus 131072
Running BFS 21
Time for BFS 21 is 2.239927
Validating BFS 21
Validate time for BFS 21 is 0.000004
TEPS for BFS 21 is 58516.2 cyrus 131072
Running BFS 22
Time for BFS 22 is 0.451729
Validating BFS 22
Validate time for BFS 22 is 0.000004
TEPS for BFS 22 is 290156 cyrus 131072
Running BFS 23
Time for BFS 23 is 0.549082
Validating BFS 23
Validate time for BFS 23 is 0.000004
TEPS for BFS 23 is 238711 cyrus 131072
Running BFS 24
Time for BFS 24 is 0.469084
Validating BFS 24
Validate time for BFS 24 is 0.000003
TEPS for BFS 24 is 279421 cyrus 131072
Running BFS 25
Time for BFS 25 is 0.459009
Validating BFS 25
Validate time for BFS 25 is 0.000005
TEPS for BFS 25 is 285554 cyrus 131072
Running BFS 26
Time for BFS 26 is 0.559052
Validating BFS 26
Validate time for BFS 26 is 0.000004
TEPS for BFS 26 is 234454 cyrus 131072
Running BFS 27
Time for BFS 27 is 0.550729
Validating BFS 27
Validate time for BFS 27 is 0.000004
TEPS for BFS 27 is 237997 cyrus 131072
Running BFS 28
Time for BFS 28 is 2.930042
Validating BFS 28
Validate time for BFS 28 is 0.000005
TEPS for BFS 28 is 44733.8 cyrus 131072
Running BFS 29
Time for BFS 29 is 0.559849
Validating BFS 29
Validate time for BFS 29 is 0.000004
TEPS for BFS 29 is 234120 cyrus 131072
Running BFS 30
Time for BFS 30 is 0.459747
Validating BFS 30
Validate time for BFS 30 is 0.000004
TEPS for BFS 30 is 285096 cyrus 131072
Running BFS 31
Time for BFS 31 is 0.499896
Validating BFS 31
Validate time for BFS 31 is 0.000003
TEPS for BFS 31 is 262199 cyrus 131072
Running BFS 32
Time for BFS 32 is 0.909730
Validating BFS 32
Validate time for BFS 32 is 0.000004
TEPS for BFS 32 is 144078 cyrus 131072
Running BFS 33
Time for BFS 33 is 0.639781
Validating BFS 33
Validate time for BFS 33 is 0.000004
TEPS for BFS 33 is 204870 cyrus 131072
Running BFS 34
Time for BFS 34 is 0.529836
Validating BFS 34
Validate time for BFS 34 is 0.000004
TEPS for BFS 34 is 247382 cyrus 131072
Running BFS 35
Time for BFS 35 is 0.479729
Validating BFS 35
Validate time for BFS 35 is 0.000004
TEPS for BFS 35 is 273221 cyrus 131072
Running BFS 36
Time for BFS 36 is 0.551496
Validating BFS 36
Validate time for BFS 36 is 0.000004
TEPS for BFS 36 is 237666 cyrus 131072
Running BFS 37
Time for BFS 37 is 0.449052
Validating BFS 37
Validate time for BFS 37 is 0.000004
TEPS for BFS 37 is 291886 cyrus 131072
Running BFS 38
Time for BFS 38 is 0.559162
Validating BFS 38
Validate time for BFS 38 is 0.000004
TEPS for BFS 38 is 234408 cyrus 131072
Running BFS 39
Time for BFS 39 is 0.549508
Validating BFS 39
Validate time for BFS 39 is 0.000003
TEPS for BFS 39 is 238526 cyrus 131072
Running BFS 40
Time for BFS 40 is 0.559834
Validating BFS 40
Validate time for BFS 40 is 0.000004
TEPS for BFS 40 is 234127 cyrus 131072
Running BFS 41
Time for BFS 41 is 0.559802
Validating BFS 41
Validate time for BFS 41 is 0.000004
TEPS for BFS 41 is 234140 cyrus 131072
Running BFS 42
Time for BFS 42 is 2.129933
Validating BFS 42
Validate time for BFS 42 is 0.000003
TEPS for BFS 42 is 61538.1 cyrus 131072
Running BFS 43
Time for BFS 43 is 0.639811
Validating BFS 43
Validate time for BFS 43 is 0.000004
TEPS for BFS 43 is 204860 cyrus 131072
Running BFS 44
Time for BFS 44 is 0.639840
Validating BFS 44
Validate time for BFS 44 is 0.000004
TEPS for BFS 44 is 204851 cyrus 131072
Running BFS 45
Time for BFS 45 is 0.499706
Validating BFS 45
Validate time for BFS 45 is 0.000003
TEPS for BFS 45 is 262298 cyrus 131072
Running BFS 46
Time for BFS 46 is 0.539884
Validating BFS 46
Validate time for BFS 46 is 0.000005
TEPS for BFS 46 is 242778 cyrus 131072
Running BFS 47
Time for BFS 47 is 0.499698
Validating BFS 47
Validate time for BFS 47 is 0.000005
TEPS for BFS 47 is 262302 cyrus 131072
Running BFS 48
Time for BFS 48 is 0.639780
Validating BFS 48
Validate time for BFS 48 is 0.000004
TEPS for BFS 48 is 204870 cyrus 131072
Running BFS 49
Time for BFS 49 is 0.539875
Validating BFS 49
Validate time for BFS 49 is 0.000004
TEPS for BFS 49 is 242782 cyrus 131072
Running BFS 50
Time for BFS 50 is 0.561520
Validating BFS 50
Validate time for BFS 50 is 0.000004
TEPS for BFS 50 is 233424 cyrus 131072
Running BFS 51
Time for BFS 51 is 0.569218
Validating BFS 51
Validate time for BFS 51 is 0.000004
TEPS for BFS 51 is 230267 cyrus 131072
Running BFS 52
Time for BFS 52 is 0.559079
Validating BFS 52
Validate time for BFS 52 is 0.000003
TEPS for BFS 52 is 234443 cyrus 131072
Running BFS 53
Time for BFS 53 is 0.559395
Validating BFS 53
Validate time for BFS 53 is 0.000004
TEPS for BFS 53 is 234310 cyrus 131072
Running BFS 54
Time for BFS 54 is 0.469726
Validating BFS 54
Validate time for BFS 54 is 0.000003
TEPS for BFS 54 is 279039 cyrus 131072
Running BFS 55
Time for BFS 55 is 0.559784
Validating BFS 55
Validate time for BFS 55 is 0.000004
TEPS for BFS 55 is 234147 cyrus 131072
Running BFS 56
Time for BFS 56 is 0.457546
Validating BFS 56
Validate time for BFS 56 is 0.000003
TEPS for BFS 56 is 286467 cyrus 131072
Running BFS 57
Time for BFS 57 is 0.589171
Validating BFS 57
Validate time for BFS 57 is 0.000004
TEPS for BFS 57 is 222468 cyrus 131072
Running BFS 58
Time for BFS 58 is 0.482636
Validating BFS 58
Validate time for BFS 58 is 0.000004
TEPS for BFS 58 is 271575 cyrus 131072
Running BFS 59
Time for BFS 59 is 0.549791
Validating BFS 59
Validate time for BFS 59 is 0.000004
TEPS for BFS 59 is 238403 cyrus 131072
Running BFS 60
Time for BFS 60 is 0.449802
Validating BFS 60
Validate time for BFS 60 is 0.000005
TEPS for BFS 60 is 291399 cyrus 131072
Running BFS 61
Time for BFS 61 is 3.464105
Validating BFS 61
Validate time for BFS 61 is 0.000004
TEPS for BFS 61 is 37837.2 cyrus 131072
Running BFS 62
Time for BFS 62 is 0.475731
Validating BFS 62
Validate time for BFS 62 is 0.000004
TEPS for BFS 62 is 275517 cyrus 131072
Running BFS 63
Time for BFS 63 is 0.662434
Validating BFS 63
Validate time for BFS 63 is 0.000004
TEPS for BFS 63 is 197864 cyrus 131072
SCALE:                          13
edgefactor:                     16
NBFS:                           64
graph_generation:               7.66468
num_mpi_processes:              64
construction_time:              0.432826
min_time:                       0.439143
firstquartile_time:             0.499801
median_time:                    0.55905
thirdquartile_time:             0.632966
max_time:                       3.46411
mean_time:                      0.74215
stddev_time:                    0.622842
min_nedge:                      131072
firstquartile_nedge:            131072
median_nedge:                   131072
thirdquartile_nedge:            131072
max_nedge:                      131072
mean_nedge:                     131072
stddev_nedge:                   0
min_TEPS:                       37837.2
firstquartile_TEPS:             207076
median_TEPS:                    234455
thirdquartile_TEPS:             262248
max_TEPS:                       298472
harmonic_mean_TEPS:             176611
harmonic_stddev_TEPS:           18673.8
min_validate:                   2.86102e-06
firstquartile_validate:         3.8147e-06
median_validate:                4.05312e-06
thirdquartile_validate:         4.05312e-06
max_validate:                   5.00679e-06
mean_validate:                  3.91901e-06
stddev_validate:                5.85354e-07
This benchmark was run on 64 MPI Processes, Scale 13, written output_64_13.log
