graph_generation:               48.751645 s
construction_time:              25.867405 s
Running BFS 0
Time for BFS 0 is 1.716759
Validating BFS 0
Validate time for BFS 0 is 0.000003
TEPS for BFS 0 is 1.95452e+07 cyrus 33554432
Running BFS 1
Time for BFS 1 is 1.830565
Validating BFS 1
Validate time for BFS 1 is 0.000002
TEPS for BFS 1 is 1.83301e+07 cyrus 33554432
Running BFS 2
Time for BFS 2 is 1.851170
Validating BFS 2
Validate time for BFS 2 is 0.000002
TEPS for BFS 2 is 1.81261e+07 cyrus 33554432
Running BFS 3
Time for BFS 3 is 1.560651
Validating BFS 3
Validate time for BFS 3 is 0.000003
TEPS for BFS 3 is 2.15003e+07 cyrus 33554432
Running BFS 4
Time for BFS 4 is 1.510735
Validating BFS 4
Validate time for BFS 4 is 0.000003
TEPS for BFS 4 is 2.22107e+07 cyrus 33554432
Running BFS 5
Time for BFS 5 is 1.420286
Validating BFS 5
Validate time for BFS 5 is 0.000003
TEPS for BFS 5 is 2.36251e+07 cyrus 33554432
Running BFS 6
Time for BFS 6 is 1.640581
Validating BFS 6
Validate time for BFS 6 is 0.000003
TEPS for BFS 6 is 2.04528e+07 cyrus 33554432
Running BFS 7
Time for BFS 7 is 1.641073
Validating BFS 7
Validate time for BFS 7 is 0.000003
TEPS for BFS 7 is 2.04466e+07 cyrus 33554432
Running BFS 8
Time for BFS 8 is 1.690606
Validating BFS 8
Validate time for BFS 8 is 0.000003
TEPS for BFS 8 is 1.98476e+07 cyrus 33554432
Running BFS 9
Time for BFS 9 is 1.630878
Validating BFS 9
Validate time for BFS 9 is 0.000003
TEPS for BFS 9 is 2.05745e+07 cyrus 33554432
Running BFS 10
Time for BFS 10 is 1.720767
Validating BFS 10
Validate time for BFS 10 is 0.000003
TEPS for BFS 10 is 1.94997e+07 cyrus 33554432
Running BFS 11
Time for BFS 11 is 1.370483
Validating BFS 11
Validate time for BFS 11 is 0.000003
TEPS for BFS 11 is 2.44837e+07 cyrus 33554432
Running BFS 12
Time for BFS 12 is 1.300581
Validating BFS 12
Validate time for BFS 12 is 0.000002
TEPS for BFS 12 is 2.57996e+07 cyrus 33554432
Running BFS 13
Time for BFS 13 is 1.620541
Validating BFS 13
Validate time for BFS 13 is 0.000002
TEPS for BFS 13 is 2.07057e+07 cyrus 33554432
Running BFS 14
Time for BFS 14 is 1.440615
Validating BFS 14
Validate time for BFS 14 is 0.000003
TEPS for BFS 14 is 2.32917e+07 cyrus 33554432
Running BFS 15
Time for BFS 15 is 1.720647
Validating BFS 15
Validate time for BFS 15 is 0.000003
TEPS for BFS 15 is 1.95011e+07 cyrus 33554432
Running BFS 16
Time for BFS 16 is 1.800755
Validating BFS 16
Validate time for BFS 16 is 0.000004
TEPS for BFS 16 is 1.86335e+07 cyrus 33554432
Running BFS 17
Time for BFS 17 is 1.420784
Validating BFS 17
Validate time for BFS 17 is 0.000003
TEPS for BFS 17 is 2.36168e+07 cyrus 33554432
Running BFS 18
Time for BFS 18 is 1.690633
Validating BFS 18
Validate time for BFS 18 is 0.000002
TEPS for BFS 18 is 1.98473e+07 cyrus 33554432
Running BFS 19
Time for BFS 19 is 1.640683
Validating BFS 19
Validate time for BFS 19 is 0.000002
TEPS for BFS 19 is 2.04515e+07 cyrus 33554432
Running BFS 20
Time for BFS 20 is 1.600821
Validating BFS 20
Validate time for BFS 20 is 0.000003
TEPS for BFS 20 is 2.09608e+07 cyrus 33554432
Running BFS 21
Time for BFS 21 is 1.640519
Validating BFS 21
Validate time for BFS 21 is 0.000002
TEPS for BFS 21 is 2.04535e+07 cyrus 33554432
Running BFS 22
Time for BFS 22 is 1.630874
Validating BFS 22
Validate time for BFS 22 is 0.000003
TEPS for BFS 22 is 2.05745e+07 cyrus 33554432
Running BFS 23
Time for BFS 23 is 1.650880
Validating BFS 23
Validate time for BFS 23 is 0.000003
TEPS for BFS 23 is 2.03252e+07 cyrus 33554432
Running BFS 24
Time for BFS 24 is 1.370299
Validating BFS 24
Validate time for BFS 24 is 0.000002
TEPS for BFS 24 is 2.44869e+07 cyrus 33554432
Running BFS 25
Time for BFS 25 is 1.350531
Validating BFS 25
Validate time for BFS 25 is 0.000002
TEPS for BFS 25 is 2.48454e+07 cyrus 33554432
Running BFS 26
Time for BFS 26 is 1.610530
Validating BFS 26
Validate time for BFS 26 is 0.000002
TEPS for BFS 26 is 2.08344e+07 cyrus 33554432
Running BFS 27
Time for BFS 27 is 1.650736
Validating BFS 27
Validate time for BFS 27 is 0.000003
TEPS for BFS 27 is 2.0327e+07 cyrus 33554432
Running BFS 28
Time for BFS 28 is 1.660580
Validating BFS 28
Validate time for BFS 28 is 0.000003
TEPS for BFS 28 is 2.02065e+07 cyrus 33554432
Running BFS 29
Time for BFS 29 is 1.610642
Validating BFS 29
Validate time for BFS 29 is 0.000003
TEPS for BFS 29 is 2.0833e+07 cyrus 33554432
Running BFS 30
Time for BFS 30 is 1.640855
Validating BFS 30
Validate time for BFS 30 is 0.000003
TEPS for BFS 30 is 2.04494e+07 cyrus 33554432
Running BFS 31
Time for BFS 31 is 1.390375
Validating BFS 31
Validate time for BFS 31 is 0.000003
TEPS for BFS 31 is 2.41334e+07 cyrus 33554432
Running BFS 32
Time for BFS 32 is 1.360535
Validating BFS 32
Validate time for BFS 32 is 0.000002
TEPS for BFS 32 is 2.46627e+07 cyrus 33554432
Running BFS 33
Time for BFS 33 is 1.350648
Validating BFS 33
Validate time for BFS 33 is 0.000004
TEPS for BFS 33 is 2.48432e+07 cyrus 33554432
Running BFS 34
Time for BFS 34 is 1.380300
Validating BFS 34
Validate time for BFS 34 is 0.000003
TEPS for BFS 34 is 2.43095e+07 cyrus 33554432
Running BFS 35
Time for BFS 35 is 1.640672
Validating BFS 35
Validate time for BFS 35 is 0.000003
TEPS for BFS 35 is 2.04516e+07 cyrus 33554432
Running BFS 36
Time for BFS 36 is 1.650489
Validating BFS 36
Validate time for BFS 36 is 0.000003
TEPS for BFS 36 is 2.033e+07 cyrus 33554432
Running BFS 37
Time for BFS 37 is 1.660697
Validating BFS 37
Validate time for BFS 37 is 0.000003
TEPS for BFS 37 is 2.0205e+07 cyrus 33554432
Running BFS 38
Time for BFS 38 is 1.360715
Validating BFS 38
Validate time for BFS 38 is 0.000003
TEPS for BFS 38 is 2.46594e+07 cyrus 33554432
Running BFS 39
Time for BFS 39 is 1.370281
Validating BFS 39
Validate time for BFS 39 is 0.000003
TEPS for BFS 39 is 2.44873e+07 cyrus 33554432
Running BFS 40
Time for BFS 40 is 1.540814
Validating BFS 40
Validate time for BFS 40 is 0.000002
TEPS for BFS 40 is 2.17771e+07 cyrus 33554432
Running BFS 41
Time for BFS 41 is 1.550419
Validating BFS 41
Validate time for BFS 41 is 0.000002
TEPS for BFS 41 is 2.16422e+07 cyrus 33554432
Running BFS 42
Time for BFS 42 is 1.570551
Validating BFS 42
Validate time for BFS 42 is 0.000002
TEPS for BFS 42 is 2.13647e+07 cyrus 33554432
Running BFS 43
Time for BFS 43 is 1.380685
Validating BFS 43
Validate time for BFS 43 is 0.000003
TEPS for BFS 43 is 2.43027e+07 cyrus 33554432
Running BFS 44
Time for BFS 44 is 1.670579
Validating BFS 44
Validate time for BFS 44 is 0.000003
TEPS for BFS 44 is 2.00855e+07 cyrus 33554432
Running BFS 45
Time for BFS 45 is 1.730903
Validating BFS 45
Validate time for BFS 45 is 0.000003
TEPS for BFS 45 is 1.93855e+07 cyrus 33554432
Running BFS 46
Time for BFS 46 is 1.750598
Validating BFS 46
Validate time for BFS 46 is 0.000003
TEPS for BFS 46 is 1.91674e+07 cyrus 33554432
Running BFS 47
Time for BFS 47 is 1.680627
Validating BFS 47
Validate time for BFS 47 is 0.000003
TEPS for BFS 47 is 1.99654e+07 cyrus 33554432
Running BFS 48
Time for BFS 48 is 1.650969
Validating BFS 48
Validate time for BFS 48 is 0.000002
TEPS for BFS 48 is 2.03241e+07 cyrus 33554432
Running BFS 49
Time for BFS 49 is 1.580455
Validating BFS 49
Validate time for BFS 49 is 0.000002
TEPS for BFS 49 is 2.12309e+07 cyrus 33554432
Running BFS 50
Time for BFS 50 is 1.580626
Validating BFS 50
Validate time for BFS 50 is 0.000003
TEPS for BFS 50 is 2.12286e+07 cyrus 33554432
Running BFS 51
Time for BFS 51 is 1.690642
Validating BFS 51
Validate time for BFS 51 is 0.000002
TEPS for BFS 51 is 1.98472e+07 cyrus 33554432
Running BFS 52
Time for BFS 52 is 1.710566
Validating BFS 52
Validate time for BFS 52 is 0.000003
TEPS for BFS 52 is 1.9616e+07 cyrus 33554432
Running BFS 53
Time for BFS 53 is 1.650619
Validating BFS 53
Validate time for BFS 53 is 0.000002
TEPS for BFS 53 is 2.03284e+07 cyrus 33554432
Running BFS 54
Time for BFS 54 is 1.630697
Validating BFS 54
Validate time for BFS 54 is 0.000003
TEPS for BFS 54 is 2.05767e+07 cyrus 33554432
Running BFS 55
Time for BFS 55 is 1.580796
Validating BFS 55
Validate time for BFS 55 is 0.000003
TEPS for BFS 55 is 2.12263e+07 cyrus 33554432
Running BFS 56
Time for BFS 56 is 1.390297
Validating BFS 56
Validate time for BFS 56 is 0.000002
TEPS for BFS 56 is 2.41347e+07 cyrus 33554432
Running BFS 57
Time for BFS 57 is 1.760760
Validating BFS 57
Validate time for BFS 57 is 0.000003
TEPS for BFS 57 is 1.90568e+07 cyrus 33554432
Running BFS 58
Time for BFS 58 is 1.710740
Validating BFS 58
Validate time for BFS 58 is 0.000003
TEPS for BFS 58 is 1.9614e+07 cyrus 33554432
Running BFS 59
Time for BFS 59 is 1.450406
Validating BFS 59
Validate time for BFS 59 is 0.000004
TEPS for BFS 59 is 2.31345e+07 cyrus 33554432
Running BFS 60
Time for BFS 60 is 1.740777
Validating BFS 60
Validate time for BFS 60 is 0.000003
TEPS for BFS 60 is 1.92755e+07 cyrus 33554432
Running BFS 61
Time for BFS 61 is 1.440290
Validating BFS 61
Validate time for BFS 61 is 0.000003
TEPS for BFS 61 is 2.3297e+07 cyrus 33554432
Running BFS 62
Time for BFS 62 is 1.380550
Validating BFS 62
Validate time for BFS 62 is 0.000003
TEPS for BFS 62 is 2.43051e+07 cyrus 33554432
Running BFS 63
Time for BFS 63 is 1.370523
Validating BFS 63
Validate time for BFS 63 is 0.000003
TEPS for BFS 63 is 2.44829e+07 cyrus 33554432
SCALE:                          21
edgefactor:                     16
NBFS:                           64
graph_generation:               48.7516
num_mpi_processes:              32
construction_time:              25.8674
min_time:                       1.30058
firstquartile_time:             1.43054
median_time:                    1.63079
thirdquartile_time:             1.6756
max_time:                       1.85117
mean_time:                      1.57807
stddev_time:                    0.142287
min_nedge:                      33554432
firstquartile_nedge:            33554432
median_nedge:                   33554432
thirdquartile_nedge:            33554432
max_nedge:                      33554432
mean_nedge:                     33554432
stddev_nedge:                   0
min_TEPS:                       1.81261e+07
firstquartile_TEPS:             2.00253e+07
median_TEPS:                    2.05756e+07
thirdquartile_TEPS:             2.34558e+07
max_TEPS:                       2.57996e+07
harmonic_mean_TEPS:             2.12629e+07
harmonic_stddev_TEPS:           241541
min_validate:                   1.90735e-06
firstquartile_validate:         2.14577e-06
median_validate:                2.86102e-06
thirdquartile_validate:         3.09944e-06
max_validate:                   4.05312e-06
mean_validate:                  2.74926e-06
stddev_validate:                5.53821e-07
This benchmark was run on 32 MPI Processes, Scale 21, written output_32_21.log
