graph_generation:               3.283886 s
construction_time:              0.192903 s
Running BFS 0
Time for BFS 0 is 1.039720
Validating BFS 0
Validate time for BFS 0 is 0.000001
TEPS for BFS 0 is 7879.05 cyrus 8192
Running BFS 1
Time for BFS 1 is 0.557659
Validating BFS 1
Validate time for BFS 1 is 0.000001
TEPS for BFS 1 is 14690 cyrus 8192
Running BFS 2
Time for BFS 2 is 0.440679
Validating BFS 2
Validate time for BFS 2 is 0.000001
TEPS for BFS 2 is 18589.5 cyrus 8192
Running BFS 3
Time for BFS 3 is 0.470025
Validating BFS 3
Validate time for BFS 3 is 0.000001
TEPS for BFS 3 is 17428.9 cyrus 8192
Running BFS 4
Time for BFS 4 is 0.460358
Validating BFS 4
Validate time for BFS 4 is 0.000045
TEPS for BFS 4 is 17794.8 cyrus 8192
Running BFS 5
Time for BFS 5 is 0.397531
Validating BFS 5
Validate time for BFS 5 is 0.000001
TEPS for BFS 5 is 20607.2 cyrus 8192
Running BFS 6
Time for BFS 6 is 1.433121
Validating BFS 6
Validate time for BFS 6 is 0.000001
TEPS for BFS 6 is 5716.2 cyrus 8192
Running BFS 7
Time for BFS 7 is 0.450160
Validating BFS 7
Validate time for BFS 7 is 0.000001
TEPS for BFS 7 is 18198 cyrus 8192
Running BFS 8
Time for BFS 8 is 0.460097
Validating BFS 8
Validate time for BFS 8 is 0.000035
TEPS for BFS 8 is 17804.9 cyrus 8192
Running BFS 9
Time for BFS 9 is 0.349977
Validating BFS 9
Validate time for BFS 9 is 0.000001
TEPS for BFS 9 is 23407.3 cyrus 8192
Running BFS 10
Time for BFS 10 is 0.349990
Validating BFS 10
Validate time for BFS 10 is 0.000001
TEPS for BFS 10 is 23406.4 cyrus 8192
Running BFS 11
Time for BFS 11 is 0.350252
Validating BFS 11
Validate time for BFS 11 is 0.000001
TEPS for BFS 11 is 23388.9 cyrus 8192
Running BFS 12
Time for BFS 12 is 0.349983
Validating BFS 12
Validate time for BFS 12 is 0.000000
TEPS for BFS 12 is 23406.9 cyrus 8192
Running BFS 13
Time for BFS 13 is 0.449936
Validating BFS 13
Validate time for BFS 13 is 0.000001
TEPS for BFS 13 is 18207 cyrus 8192
Running BFS 14
Time for BFS 14 is 0.350093
Validating BFS 14
Validate time for BFS 14 is 0.000001
TEPS for BFS 14 is 23399.5 cyrus 8192
Running BFS 15
Time for BFS 15 is 0.350022
Validating BFS 15
Validate time for BFS 15 is 0.000001
TEPS for BFS 15 is 23404.3 cyrus 8192
Running BFS 16
Time for BFS 16 is 0.460224
Validating BFS 16
Validate time for BFS 16 is 0.000001
TEPS for BFS 16 is 17800 cyrus 8192
Running BFS 17
Time for BFS 17 is 0.450053
Validating BFS 17
Validate time for BFS 17 is 0.000001
TEPS for BFS 17 is 18202.3 cyrus 8192
Running BFS 18
Time for BFS 18 is 0.460224
Validating BFS 18
Validate time for BFS 18 is 0.000001
TEPS for BFS 18 is 17800 cyrus 8192
Running BFS 19
Time for BFS 19 is 0.449847
Validating BFS 19
Validate time for BFS 19 is 0.000001
TEPS for BFS 19 is 18210.6 cyrus 8192
Running BFS 20
Time for BFS 20 is 0.460098
Validating BFS 20
Validate time for BFS 20 is 0.000001
TEPS for BFS 20 is 17804.9 cyrus 8192
Running BFS 21
Time for BFS 21 is 1.756517
Validating BFS 21
Validate time for BFS 21 is 0.000001
TEPS for BFS 21 is 4663.77 cyrus 8192
Running BFS 22
Time for BFS 22 is 0.364529
Validating BFS 22
Validate time for BFS 22 is 0.000001
TEPS for BFS 22 is 22472.8 cyrus 8192
Running BFS 23
Time for BFS 23 is 0.379852
Validating BFS 23
Validate time for BFS 23 is 0.000001
TEPS for BFS 23 is 21566.3 cyrus 8192
Running BFS 24
Time for BFS 24 is 0.380047
Validating BFS 24
Validate time for BFS 24 is 0.000036
TEPS for BFS 24 is 21555.2 cyrus 8192
Running BFS 25
Time for BFS 25 is 0.395255
Validating BFS 25
Validate time for BFS 25 is 0.000001
TEPS for BFS 25 is 20725.9 cyrus 8192
Running BFS 26
Time for BFS 26 is 0.485048
Validating BFS 26
Validate time for BFS 26 is 0.000001
TEPS for BFS 26 is 16889 cyrus 8192
Running BFS 27
Time for BFS 27 is 0.394742
Validating BFS 27
Validate time for BFS 27 is 0.000001
TEPS for BFS 27 is 20752.8 cyrus 8192
Running BFS 28
Time for BFS 28 is 0.399859
Validating BFS 28
Validate time for BFS 28 is 0.000001
TEPS for BFS 28 is 20487.2 cyrus 8192
Running BFS 29
Time for BFS 29 is 0.520115
Validating BFS 29
Validate time for BFS 29 is 0.000001
TEPS for BFS 29 is 15750.4 cyrus 8192
Running BFS 30
Time for BFS 30 is 0.516442
Validating BFS 30
Validate time for BFS 30 is 0.000001
TEPS for BFS 30 is 15862.4 cyrus 8192
Running BFS 31
Time for BFS 31 is 0.399936
Validating BFS 31
Validate time for BFS 31 is 0.000001
TEPS for BFS 31 is 20483.3 cyrus 8192
Running BFS 32
Time for BFS 32 is 1.273683
Validating BFS 32
Validate time for BFS 32 is 0.000001
TEPS for BFS 32 is 6431.74 cyrus 8192
Running BFS 33
Time for BFS 33 is 0.449655
Validating BFS 33
Validate time for BFS 33 is 0.000001
TEPS for BFS 33 is 18218.4 cyrus 8192
Running BFS 34
Time for BFS 34 is 0.349941
Validating BFS 34
Validate time for BFS 34 is 0.000001
TEPS for BFS 34 is 23409.7 cyrus 8192
Running BFS 35
Time for BFS 35 is 0.459820
Validating BFS 35
Validate time for BFS 35 is 0.000001
TEPS for BFS 35 is 17815.7 cyrus 8192
Running BFS 36
Time for BFS 36 is 0.449947
Validating BFS 36
Validate time for BFS 36 is 0.000001
TEPS for BFS 36 is 18206.6 cyrus 8192
Running BFS 37
Time for BFS 37 is 0.349912
Validating BFS 37
Validate time for BFS 37 is 0.000002
TEPS for BFS 37 is 23411.6 cyrus 8192
Running BFS 38
Time for BFS 38 is 0.349745
Validating BFS 38
Validate time for BFS 38 is 0.000002
TEPS for BFS 38 is 23422.8 cyrus 8192
Running BFS 39
Time for BFS 39 is 0.449901
Validating BFS 39
Validate time for BFS 39 is 0.000001
TEPS for BFS 39 is 18208.5 cyrus 8192
Running BFS 40
Time for BFS 40 is 0.449796
Validating BFS 40
Validate time for BFS 40 is 0.000001
TEPS for BFS 40 is 18212.7 cyrus 8192
Running BFS 41
Time for BFS 41 is 0.349935
Validating BFS 41
Validate time for BFS 41 is 0.000002
TEPS for BFS 41 is 23410.1 cyrus 8192
Running BFS 42
Time for BFS 42 is 1.490239
Validating BFS 42
Validate time for BFS 42 is 0.000001
TEPS for BFS 42 is 5497.11 cyrus 8192
Running BFS 43
Time for BFS 43 is 0.480011
Validating BFS 43
Validate time for BFS 43 is 0.000001
TEPS for BFS 43 is 17066.3 cyrus 8192
Running BFS 44
Time for BFS 44 is 0.449772
Validating BFS 44
Validate time for BFS 44 is 0.000001
TEPS for BFS 44 is 18213.7 cyrus 8192
Running BFS 45
Time for BFS 45 is 0.349968
Validating BFS 45
Validate time for BFS 45 is 0.000001
TEPS for BFS 45 is 23407.9 cyrus 8192
Running BFS 46
Time for BFS 46 is 0.339962
Validating BFS 46
Validate time for BFS 46 is 0.000001
TEPS for BFS 46 is 24096.8 cyrus 8192
Running BFS 47
Time for BFS 47 is 0.460065
Validating BFS 47
Validate time for BFS 47 is 0.000001
TEPS for BFS 47 is 17806.2 cyrus 8192
Running BFS 48
Time for BFS 48 is 0.450123
Validating BFS 48
Validate time for BFS 48 is 0.000001
TEPS for BFS 48 is 18199.5 cyrus 8192
Running BFS 49
Time for BFS 49 is 0.350121
Validating BFS 49
Validate time for BFS 49 is 0.000001
TEPS for BFS 49 is 23397.6 cyrus 8192
Running BFS 50
Time for BFS 50 is 0.350027
Validating BFS 50
Validate time for BFS 50 is 0.000001
TEPS for BFS 50 is 23403.9 cyrus 8192
Running BFS 51
Time for BFS 51 is 0.349934
Validating BFS 51
Validate time for BFS 51 is 0.000002
TEPS for BFS 51 is 23410.1 cyrus 8192
Running BFS 52
Time for BFS 52 is 0.450228
Validating BFS 52
Validate time for BFS 52 is 0.000001
TEPS for BFS 52 is 18195.2 cyrus 8192
Running BFS 53
Time for BFS 53 is 0.350121
Validating BFS 53
Validate time for BFS 53 is 0.000001
TEPS for BFS 53 is 23397.6 cyrus 8192
Running BFS 54
Time for BFS 54 is 3.589406
Validating BFS 54
Validate time for BFS 54 is 0.000001
TEPS for BFS 54 is 2282.27 cyrus 8192
Running BFS 55
Time for BFS 55 is 0.470387
Validating BFS 55
Validate time for BFS 55 is 0.000001
TEPS for BFS 55 is 17415.4 cyrus 8192
Running BFS 56
Time for BFS 56 is 0.399699
Validating BFS 56
Validate time for BFS 56 is 0.000001
TEPS for BFS 56 is 20495.4 cyrus 8192
Running BFS 57
Time for BFS 57 is 0.502625
Validating BFS 57
Validate time for BFS 57 is 0.000001
TEPS for BFS 57 is 16298.4 cyrus 8192
Running BFS 58
Time for BFS 58 is 0.400359
Validating BFS 58
Validate time for BFS 58 is 0.000001
TEPS for BFS 58 is 20461.6 cyrus 8192
Running BFS 59
Time for BFS 59 is 0.536755
Validating BFS 59
Validate time for BFS 59 is 0.000002
TEPS for BFS 59 is 15262.1 cyrus 8192
Running BFS 60
Time for BFS 60 is 0.503366
Validating BFS 60
Validate time for BFS 60 is 0.000001
TEPS for BFS 60 is 16274.4 cyrus 8192
Running BFS 61
Time for BFS 61 is 4.482253
Validating BFS 61
Validate time for BFS 61 is 0.000001
TEPS for BFS 61 is 1827.65 cyrus 8192
Running BFS 62
Time for BFS 62 is 0.790052
Validating BFS 62
Validate time for BFS 62 is 0.000002
TEPS for BFS 62 is 10368.9 cyrus 8192
Running BFS 63
Time for BFS 63 is 0.470007
Validating BFS 63
Validate time for BFS 63 is 0.000001
TEPS for BFS 63 is 17429.5 cyrus 8192
SCALE:                          9
edgefactor:                     16
NBFS:                           64
graph_generation:               3.28389
num_mpi_processes:              64
construction_time:              0.192903
min_time:                       0.339962
firstquartile_time:             0.357391
median_time:                    0.449918
thirdquartile_time:             0.475199
max_time:                       4.48225
mean_time:                      0.616878
stddev_time:                    0.683901
min_nedge:                      8192
firstquartile_nedge:            8192
median_nedge:                   8192
thirdquartile_nedge:            8192
max_nedge:                      8192
mean_nedge:                     8192
stddev_nedge:                   0
min_TEPS:                       1827.65
firstquartile_TEPS:             17239.1
median_TEPS:                    18207.7
thirdquartile_TEPS:             22921.7
max_TEPS:                       24096.8
harmonic_mean_TEPS:             13279.8
harmonic_stddev_TEPS:           1854.87
min_validate:                   0
firstquartile_validate:         9.53674e-07
median_validate:                9.53674e-07
thirdquartile_validate:         1.19209e-06
max_validate:                   4.48227e-05
mean_validate:                  2.84612e-06
stddev_validate:                8.06135e-06
This benchmark was run on 64 MPI Processes, Scale 9, written output_64_9.log
