SCALE 6
edgefactor 16
energytime 0
graph_generation:               2.471368 s
construction_time:              0.162427 s
Running BFS 0
Time for BFS 0 is 0.318176
Validating BFS 0
Validate time for BFS 0 is 0.000003
TEPS for BFS 0 is 3215.2
Running BFS 1
Time for BFS 1 is 0.212574
Validating BFS 1
Validate time for BFS 1 is 0.000003
TEPS for BFS 1 is 4812.44
Running BFS 2
Time for BFS 2 is 0.210036
Validating BFS 2
Validate time for BFS 2 is 0.000003
TEPS for BFS 2 is 4870.6
Running BFS 3
Time for BFS 3 is 0.279803
Validating BFS 3
Validate time for BFS 3 is 0.000003
TEPS for BFS 3 is 3656.14
Running BFS 4
Time for BFS 4 is 0.320132
Validating BFS 4
Validate time for BFS 4 is 0.000003
TEPS for BFS 4 is 3195.56
Running BFS 5
Time for BFS 5 is 0.299940
Validating BFS 5
Validate time for BFS 5 is 0.000003
TEPS for BFS 5 is 3410.68
Running BFS 6
Time for BFS 6 is 0.302887
Validating BFS 6
Validate time for BFS 6 is 0.000002
TEPS for BFS 6 is 3377.49
Running BFS 7
Time for BFS 7 is 0.299935
Validating BFS 7
Validate time for BFS 7 is 0.000003
TEPS for BFS 7 is 3410.74
Running BFS 8
Time for BFS 8 is 0.309707
Validating BFS 8
Validate time for BFS 8 is 0.000004
TEPS for BFS 8 is 3303.12
Running BFS 9
Time for BFS 9 is 0.309999
Validating BFS 9
Validate time for BFS 9 is 0.000002
TEPS for BFS 9 is 3300.01
Running BFS 10
Time for BFS 10 is 0.220106
Validating BFS 10
Validate time for BFS 10 is 0.000002
TEPS for BFS 10 is 4647.76
Running BFS 11
Time for BFS 11 is 0.392941
Validating BFS 11
Validate time for BFS 11 is 0.000002
TEPS for BFS 11 is 2603.44
Running BFS 12
Time for BFS 12 is 0.299931
Validating BFS 12
Validate time for BFS 12 is 0.000002
TEPS for BFS 12 is 3410.78
Running BFS 13
Time for BFS 13 is 0.300164
Validating BFS 13
Validate time for BFS 13 is 0.000002
TEPS for BFS 13 is 3408.14
Running BFS 14
Time for BFS 14 is 0.299888
Validating BFS 14
Validate time for BFS 14 is 0.000003
TEPS for BFS 14 is 3411.27
Running BFS 15
Time for BFS 15 is 0.319913
Validating BFS 15
Validate time for BFS 15 is 0.000002
TEPS for BFS 15 is 3197.75
Running BFS 16
Time for BFS 16 is 0.292828
Validating BFS 16
Validate time for BFS 16 is 0.000002
TEPS for BFS 16 is 3493.52
Running BFS 17
Time for BFS 17 is 0.239742
Validating BFS 17
Validate time for BFS 17 is 0.000003
TEPS for BFS 17 is 4267.09
Running BFS 18
Time for BFS 18 is 0.339874
Validating BFS 18
Validate time for BFS 18 is 0.000002
TEPS for BFS 18 is 3009.94
Running BFS 19
Time for BFS 19 is 0.340052
Validating BFS 19
Validate time for BFS 19 is 0.000003
TEPS for BFS 19 is 3008.36
Running BFS 20
Time for BFS 20 is 0.339944
Validating BFS 20
Validate time for BFS 20 is 0.000003
TEPS for BFS 20 is 3009.32
Running BFS 21
Time for BFS 21 is 0.311103
Validating BFS 21
Validate time for BFS 21 is 0.000003
TEPS for BFS 21 is 3288.3
Running BFS 22
Time for BFS 22 is 0.290023
Validating BFS 22
Validate time for BFS 22 is 0.000002
TEPS for BFS 22 is 3527.31
Running BFS 23
Time for BFS 23 is 0.299679
Validating BFS 23
Validate time for BFS 23 is 0.000003
TEPS for BFS 23 is 3413.65
Running BFS 24
Time for BFS 24 is 0.299819
Validating BFS 24
Validate time for BFS 24 is 0.000002
TEPS for BFS 24 is 3412.06
Running BFS 25
Time for BFS 25 is 0.310016
Validating BFS 25
Validate time for BFS 25 is 0.000003
TEPS for BFS 25 is 3299.83
Running BFS 26
Time for BFS 26 is 0.329846
Validating BFS 26
Validate time for BFS 26 is 0.000003
TEPS for BFS 26 is 3101.45
Running BFS 27
Time for BFS 27 is 0.339860
Validating BFS 27
Validate time for BFS 27 is 0.000004
TEPS for BFS 27 is 3010.06
Running BFS 28
Time for BFS 28 is 0.349863
Validating BFS 28
Validate time for BFS 28 is 0.000003
TEPS for BFS 28 is 2924
Running BFS 29
Time for BFS 29 is 0.249824
Validating BFS 29
Validate time for BFS 29 is 0.000002
TEPS for BFS 29 is 4094.89
Running BFS 30
Time for BFS 30 is 0.349810
Validating BFS 30
Validate time for BFS 30 is 0.000004
TEPS for BFS 30 is 2924.44
Running BFS 31
Time for BFS 31 is 0.349969
Validating BFS 31
Validate time for BFS 31 is 0.000003
TEPS for BFS 31 is 2923.12
Running BFS 32
Time for BFS 32 is 0.329923
Validating BFS 32
Validate time for BFS 32 is 0.000002
TEPS for BFS 32 is 3100.72
Running BFS 33
Time for BFS 33 is 0.319866
Validating BFS 33
Validate time for BFS 33 is 0.000002
TEPS for BFS 33 is 3198.21
Running BFS 34
Time for BFS 34 is 0.299961
Validating BFS 34
Validate time for BFS 34 is 0.000003
TEPS for BFS 34 is 3410.45
Running BFS 35
Time for BFS 35 is 0.300003
Validating BFS 35
Validate time for BFS 35 is 0.000003
TEPS for BFS 35 is 3409.97
Running BFS 36
Time for BFS 36 is 0.339779
Validating BFS 36
Validate time for BFS 36 is 0.000003
TEPS for BFS 36 is 3010.78
Running BFS 37
Time for BFS 37 is 0.300108
Validating BFS 37
Validate time for BFS 37 is 0.000003
TEPS for BFS 37 is 3408.77
Running BFS 38
Time for BFS 38 is 0.339854
Validating BFS 38
Validate time for BFS 38 is 0.000002
TEPS for BFS 38 is 3010.12
Running BFS 39
Time for BFS 39 is 0.349824
Validating BFS 39
Validate time for BFS 39 is 0.000003
TEPS for BFS 39 is 2924.33
Running BFS 40
Time for BFS 40 is 0.349939
Validating BFS 40
Validate time for BFS 40 is 0.000002
TEPS for BFS 40 is 2923.37
Running BFS 41
Time for BFS 41 is 0.349874
Validating BFS 41
Validate time for BFS 41 is 0.000002
TEPS for BFS 41 is 2923.91
Running BFS 42
Time for BFS 42 is 0.349813
Validating BFS 42
Validate time for BFS 42 is 0.000002
TEPS for BFS 42 is 2924.42
Running BFS 43
Time for BFS 43 is 0.350017
Validating BFS 43
Validate time for BFS 43 is 0.000003
TEPS for BFS 43 is 2922.71
Running BFS 44
Time for BFS 44 is 0.349741
Validating BFS 44
Validate time for BFS 44 is 0.000003
TEPS for BFS 44 is 2925.02
Running BFS 45
Time for BFS 45 is 0.349740
Validating BFS 45
Validate time for BFS 45 is 0.000004
TEPS for BFS 45 is 2925.03
Running BFS 46
Time for BFS 46 is 0.199903
Validating BFS 46
Validate time for BFS 46 is 0.000002
TEPS for BFS 46 is 5117.48
Running BFS 47
Time for BFS 47 is 0.350100
Validating BFS 47
Validate time for BFS 47 is 0.000003
TEPS for BFS 47 is 2922.02
Running BFS 48
Time for BFS 48 is 0.349849
Validating BFS 48
Validate time for BFS 48 is 0.000003
TEPS for BFS 48 is 2924.12
Running BFS 49
Time for BFS 49 is 0.369928
Validating BFS 49
Validate time for BFS 49 is 0.000002
TEPS for BFS 49 is 2765.4
Running BFS 50
Time for BFS 50 is 0.330043
Validating BFS 50
Validate time for BFS 50 is 0.000002
TEPS for BFS 50 is 3099.6
Running BFS 51
Time for BFS 51 is 0.349768
Validating BFS 51
Validate time for BFS 51 is 0.000003
TEPS for BFS 51 is 2924.8
Running BFS 52
Time for BFS 52 is 0.340006
Validating BFS 52
Validate time for BFS 52 is 0.000002
TEPS for BFS 52 is 3008.77
Running BFS 53
Time for BFS 53 is 0.349859
Validating BFS 53
Validate time for BFS 53 is 0.000002
TEPS for BFS 53 is 2924.04
Running BFS 54
Time for BFS 54 is 0.229952
Validating BFS 54
Validate time for BFS 54 is 0.000003
TEPS for BFS 54 is 4448.75
Running BFS 55
Time for BFS 55 is 0.329706
Validating BFS 55
Validate time for BFS 55 is 0.000003
TEPS for BFS 55 is 3102.76
Running BFS 56
Time for BFS 56 is 0.310025
Validating BFS 56
Validate time for BFS 56 is 0.000002
TEPS for BFS 56 is 3299.73
Running BFS 57
Time for BFS 57 is 0.339841
Validating BFS 57
Validate time for BFS 57 is 0.000003
TEPS for BFS 57 is 3010.23
Running BFS 58
Time for BFS 58 is 0.350252
Validating BFS 58
Validate time for BFS 58 is 0.000003
TEPS for BFS 58 is 2920.75
Running BFS 59
Time for BFS 59 is 0.350006
Validating BFS 59
Validate time for BFS 59 is 0.000003
TEPS for BFS 59 is 2922.81
Running BFS 60
Time for BFS 60 is 0.359825
Validating BFS 60
Validate time for BFS 60 is 0.000003
TEPS for BFS 60 is 2843.05
Running BFS 61
Time for BFS 61 is 0.349911
Validating BFS 61
Validate time for BFS 61 is 0.000002
TEPS for BFS 61 is 2923.6
Running BFS 62
Time for BFS 62 is 0.340875
Validating BFS 62
Validate time for BFS 62 is 0.000003
TEPS for BFS 62 is 3001.1
Running BFS 63
Time for BFS 63 is 0.249725
Validating BFS 63
Validate time for BFS 63 is 0.000003
TEPS for BFS 63 is 4096.5
SCALE:                          6
edgefactor:                     16
NBFS:                           64
graph_generation:               2.47137
num_mpi_processes:              32
construction_time:              0.162427
min_time:                       0.199903
firstquartile_time:             0.299938
median_time:                    0.329776
thirdquartile_time:             0.349812
max_time:                       0.392941
mean_time:                      0.316506
stddev_time:                    0.0414648
min_nedge:                      1023
firstquartile_nedge:            1023
median_nedge:                   1023
thirdquartile_nedge:            1023
max_nedge:                      1023
mean_nedge:                     1023
stddev_nedge:                   0
min_TEPS:                       2603.44
firstquartile_TEPS:             2924.43
median_TEPS:                    3102.11
thirdquartile_TEPS:             3410.71
max_TEPS:                       5117.48
harmonic_mean_TEPS:             3232.16
harmonic_stddev_TEPS:           53.3482
min_validate:                   1.90735e-06
firstquartile_validate:         1.90735e-06
median_validate:                2.86102e-06
thirdquartile_validate:         3.09944e-06
max_validate:                   4.05312e-06
mean_validate:                  2.66731e-06
stddev_validate:                6.22698e-07
This benchmark was run on 32 MPI Processes, Scale 6, written output_32_6.log
