SCALE 24
edgefactor 16
energytime 0
graph_generation:               378.648039 s
construction_time:              38.129191 s
Running BFS 0
Time for BFS 0 is 13.524572
Validating BFS 0
Validate time for BFS 0 is 0.000001
TEPS for BFS 0 is 1.9848e+07
Running BFS 1
Time for BFS 1 is 9.686216
Validating BFS 1
Validate time for BFS 1 is 0.000001
TEPS for BFS 1 is 2.77131e+07
Running BFS 2
Time for BFS 2 is 9.857233
Validating BFS 2
Validate time for BFS 2 is 0.000001
TEPS for BFS 2 is 2.72323e+07
Running BFS 3
Time for BFS 3 is 9.945511
Validating BFS 3
Validate time for BFS 3 is 0.000001
TEPS for BFS 3 is 2.69906e+07
Running BFS 4
Time for BFS 4 is 8.785955
Validating BFS 4
Validate time for BFS 4 is 0.000001
TEPS for BFS 4 is 3.05528e+07
Running BFS 5
Time for BFS 5 is 9.516050
Validating BFS 5
Validate time for BFS 5 is 0.000001
TEPS for BFS 5 is 2.82087e+07
Running BFS 6
Time for BFS 6 is 9.907061
Validating BFS 6
Validate time for BFS 6 is 0.000001
TEPS for BFS 6 is 2.70954e+07
Running BFS 7
Time for BFS 7 is 9.344624
Validating BFS 7
Validate time for BFS 7 is 0.000001
TEPS for BFS 7 is 2.87262e+07
Running BFS 8
Time for BFS 8 is 9.680462
Validating BFS 8
Validate time for BFS 8 is 0.000001
TEPS for BFS 8 is 2.77296e+07
Running BFS 9
Time for BFS 9 is 11.750248
Validating BFS 9
Validate time for BFS 9 is 0.000001
TEPS for BFS 9 is 2.28451e+07
Running BFS 10
Time for BFS 10 is 10.013166
Validating BFS 10
Validate time for BFS 10 is 0.000001
TEPS for BFS 10 is 2.68082e+07
Running BFS 11
Time for BFS 11 is 9.783687
Validating BFS 11
Validate time for BFS 11 is 0.000001
TEPS for BFS 11 is 2.7437e+07
Running BFS 12
Time for BFS 12 is 9.087495
Validating BFS 12
Validate time for BFS 12 is 0.000001
TEPS for BFS 12 is 2.9539e+07
Running BFS 13
Time for BFS 13 is 10.026182
Validating BFS 13
Validate time for BFS 13 is 0.000001
TEPS for BFS 13 is 2.67734e+07
Running BFS 14
Time for BFS 14 is 9.356410
Validating BFS 14
Validate time for BFS 14 is 0.000001
TEPS for BFS 14 is 2.869e+07
Running BFS 15
Time for BFS 15 is 9.907638
Validating BFS 15
Validate time for BFS 15 is 0.000001
TEPS for BFS 15 is 2.70938e+07
Running BFS 16
Time for BFS 16 is 9.740726
Validating BFS 16
Validate time for BFS 16 is 0.000001
TEPS for BFS 16 is 2.75581e+07
Running BFS 17
Time for BFS 17 is 8.138855
Validating BFS 17
Validate time for BFS 17 is 0.000001
TEPS for BFS 17 is 3.2982e+07
Running BFS 18
Time for BFS 18 is 9.704477
Validating BFS 18
Validate time for BFS 18 is 0.000001
TEPS for BFS 18 is 2.7661e+07
Running BFS 19
Time for BFS 19 is 9.198713
Validating BFS 19
Validate time for BFS 19 is 0.000001
TEPS for BFS 19 is 2.91818e+07
Running BFS 20
Time for BFS 20 is 8.068175
Validating BFS 20
Validate time for BFS 20 is 0.000001
TEPS for BFS 20 is 3.32709e+07
Running BFS 21
Time for BFS 21 is 9.398094
Validating BFS 21
Validate time for BFS 21 is 0.000001
TEPS for BFS 21 is 2.85628e+07
Running BFS 22
Time for BFS 22 is 9.295665
Validating BFS 22
Validate time for BFS 22 is 0.000001
TEPS for BFS 22 is 2.88775e+07
Running BFS 23
Time for BFS 23 is 8.156213
Validating BFS 23
Validate time for BFS 23 is 0.000001
TEPS for BFS 23 is 3.29118e+07
Running BFS 24
Time for BFS 24 is 7.766255
Validating BFS 24
Validate time for BFS 24 is 0.000001
TEPS for BFS 24 is 3.45643e+07
Running BFS 25
Time for BFS 25 is 9.337223
Validating BFS 25
Validate time for BFS 25 is 0.000001
TEPS for BFS 25 is 2.8749e+07
Running BFS 26
Time for BFS 26 is 9.498463
Validating BFS 26
Validate time for BFS 26 is 0.000001
TEPS for BFS 26 is 2.82609e+07
Running BFS 27
Time for BFS 27 is 9.339491
Validating BFS 27
Validate time for BFS 27 is 0.000001
TEPS for BFS 27 is 2.8742e+07
Running BFS 28
Time for BFS 28 is 9.926730
Validating BFS 28
Validate time for BFS 28 is 0.000001
TEPS for BFS 28 is 2.70417e+07
Running BFS 29
Time for BFS 29 is 9.035066
Validating BFS 29
Validate time for BFS 29 is 0.000001
TEPS for BFS 29 is 2.97104e+07
Running BFS 30
Time for BFS 30 is 9.014743
Validating BFS 30
Validate time for BFS 30 is 0.000001
TEPS for BFS 30 is 2.97774e+07
Running BFS 31
Time for BFS 31 is 10.224982
Validating BFS 31
Validate time for BFS 31 is 0.000002
TEPS for BFS 31 is 2.62529e+07
Running BFS 32
Time for BFS 32 is 9.637560
Validating BFS 32
Validate time for BFS 32 is 0.000001
TEPS for BFS 32 is 2.78531e+07
Running BFS 33
Time for BFS 33 is 9.858105
Validating BFS 33
Validate time for BFS 33 is 0.000001
TEPS for BFS 33 is 2.72299e+07
Running BFS 34
Time for BFS 34 is 9.777741
Validating BFS 34
Validate time for BFS 34 is 0.000002
TEPS for BFS 34 is 2.74537e+07
Running BFS 35
Time for BFS 35 is 9.918477
Validating BFS 35
Validate time for BFS 35 is 0.000001
TEPS for BFS 35 is 2.70642e+07
Running BFS 36
Time for BFS 36 is 8.555313
Validating BFS 36
Validate time for BFS 36 is 0.000000
TEPS for BFS 36 is 3.13765e+07
Running BFS 37
Time for BFS 37 is 9.545546
Validating BFS 37
Validate time for BFS 37 is 0.000001
TEPS for BFS 37 is 2.81215e+07
Running BFS 38
Time for BFS 38 is 9.849767
Validating BFS 38
Validate time for BFS 38 is 0.000001
TEPS for BFS 38 is 2.7253e+07
Running BFS 39
Time for BFS 39 is 9.419295
Validating BFS 39
Validate time for BFS 39 is 0.000001
TEPS for BFS 39 is 2.84985e+07
Running BFS 40
Time for BFS 40 is 9.048742
Validating BFS 40
Validate time for BFS 40 is 0.000001
TEPS for BFS 40 is 2.96655e+07
Running BFS 41
Time for BFS 41 is 9.357901
Validating BFS 41
Validate time for BFS 41 is 0.000001
TEPS for BFS 41 is 2.86854e+07
Running BFS 42
Time for BFS 42 is 9.375737
Validating BFS 42
Validate time for BFS 42 is 0.000001
TEPS for BFS 42 is 2.86309e+07
Running BFS 43
Time for BFS 43 is 9.158468
Validating BFS 43
Validate time for BFS 43 is 0.000001
TEPS for BFS 43 is 2.93101e+07
Running BFS 44
Time for BFS 44 is 9.079070
Validating BFS 44
Validate time for BFS 44 is 0.000001
TEPS for BFS 44 is 2.95664e+07
Running BFS 45
Time for BFS 45 is 9.955818
Validating BFS 45
Validate time for BFS 45 is 0.000000
TEPS for BFS 45 is 2.69627e+07
Running BFS 46
Time for BFS 46 is 9.215447
Validating BFS 46
Validate time for BFS 46 is 0.000001
TEPS for BFS 46 is 2.91289e+07
Running BFS 47
Time for BFS 47 is 9.897404
Validating BFS 47
Validate time for BFS 47 is 0.000001
TEPS for BFS 47 is 2.71218e+07
Running BFS 48
Time for BFS 48 is 9.038991
Validating BFS 48
Validate time for BFS 48 is 0.000001
TEPS for BFS 48 is 2.96975e+07
Running BFS 49
Time for BFS 49 is 9.326271
Validating BFS 49
Validate time for BFS 49 is 0.000001
TEPS for BFS 49 is 2.87827e+07
Running BFS 50
Time for BFS 50 is 9.464495
Validating BFS 50
Validate time for BFS 50 is 0.000001
TEPS for BFS 50 is 2.83624e+07
Running BFS 51
Time for BFS 51 is 11.265234
Validating BFS 51
Validate time for BFS 51 is 0.000002
TEPS for BFS 51 is 2.38287e+07
Running BFS 52
Time for BFS 52 is 9.247170
Validating BFS 52
Validate time for BFS 52 is 0.000001
TEPS for BFS 52 is 2.90289e+07
Running BFS 53
Time for BFS 53 is 9.807968
Validating BFS 53
Validate time for BFS 53 is 0.000001
TEPS for BFS 53 is 2.73691e+07
Running BFS 54
Time for BFS 54 is 9.495386
Validating BFS 54
Validate time for BFS 54 is 0.000001
TEPS for BFS 54 is 2.82701e+07
Running BFS 55
Time for BFS 55 is 9.548105
Validating BFS 55
Validate time for BFS 55 is 0.000001
TEPS for BFS 55 is 2.8114e+07
Running BFS 56
Time for BFS 56 is 9.505844
Validating BFS 56
Validate time for BFS 56 is 0.000001
TEPS for BFS 56 is 2.8239e+07
Running BFS 57
Time for BFS 57 is 9.281210
Validating BFS 57
Validate time for BFS 57 is 0.000001
TEPS for BFS 57 is 2.89225e+07
Running BFS 58
Time for BFS 58 is 9.297914
Validating BFS 58
Validate time for BFS 58 is 0.000001
TEPS for BFS 58 is 2.88705e+07
Running BFS 59
Time for BFS 59 is 9.246579
Validating BFS 59
Validate time for BFS 59 is 0.000001
TEPS for BFS 59 is 2.90308e+07
Running BFS 60
Time for BFS 60 is 9.625807
Validating BFS 60
Validate time for BFS 60 is 0.000001
TEPS for BFS 60 is 2.78871e+07
Running BFS 61
Time for BFS 61 is 9.583243
Validating BFS 61
Validate time for BFS 61 is 0.000001
TEPS for BFS 61 is 2.80109e+07
Running BFS 62
Time for BFS 62 is 8.072592
Validating BFS 62
Validate time for BFS 62 is 0.000001
TEPS for BFS 62 is 3.32527e+07
Running BFS 63
Time for BFS 63 is 9.542532
Validating BFS 63
Validate time for BFS 63 is 0.000001
TEPS for BFS 63 is 2.81304e+07
SCALE:                          24
edgefactor:                     16
NBFS:                           64
graph_generation:               378.648
num_mpi_processes:              32
construction_time:              38.1292
min_time:                       7.76625
firstquartile_time:             9.23101
median_time:                    9.49692
thirdquartile_time:             9.82887
max_time:                       13.5246
mean_time:                      9.51588
stddev_time:                    0.812824
min_nedge:                      268435455
firstquartile_nedge:            268435455
median_nedge:                   268435455
thirdquartile_nedge:            268435455
max_nedge:                      268435455
mean_nedge:                     268435455
stddev_nedge:                   0
min_TEPS:                       1.9848e+07
firstquartile_TEPS:             2.73109e+07
median_TEPS:                    2.82655e+07
thirdquartile_TEPS:             2.90797e+07
max_TEPS:                       3.45643e+07
harmonic_mean_TEPS:             2.82092e+07
harmonic_stddev_TEPS:           303577
min_validate:                   0
firstquartile_validate:         9.53674e-07
median_validate:                9.53674e-07
thirdquartile_validate:         1.07288e-06
max_validate:                   2.14577e-06
mean_validate:                  1.02073e-06
stddev_validate:                2.95744e-07
This benchmark was run on 32 MPI Processes, Scale 24, written output_32_24.log
