SCALE 8
edgefactor 16
energytime 0
graph_generation:               2.840870 s
construction_time:              0.163845 s
Running BFS 0
Time for BFS 0 is 0.445740
Validating BFS 0
Validate time for BFS 0 is 0.000003
TEPS for BFS 0 is 9186.97
Running BFS 1
Time for BFS 1 is 0.349816
Validating BFS 1
Validate time for BFS 1 is 0.000004
TEPS for BFS 1 is 11706.2
Running BFS 2
Time for BFS 2 is 0.429953
Validating BFS 2
Validate time for BFS 2 is 0.000002
TEPS for BFS 2 is 9524.3
Running BFS 3
Time for BFS 3 is 0.339872
Validating BFS 3
Validate time for BFS 3 is 0.000002
TEPS for BFS 3 is 12048.6
Running BFS 4
Time for BFS 4 is 0.420051
Validating BFS 4
Validate time for BFS 4 is 0.000003
TEPS for BFS 4 is 9748.81
Running BFS 5
Time for BFS 5 is 0.459845
Validating BFS 5
Validate time for BFS 5 is 0.000002
TEPS for BFS 5 is 8905.18
Running BFS 6
Time for BFS 6 is 0.339623
Validating BFS 6
Validate time for BFS 6 is 0.000003
TEPS for BFS 6 is 12057.5
Running BFS 7
Time for BFS 7 is 0.440195
Validating BFS 7
Validate time for BFS 7 is 0.000002
TEPS for BFS 7 is 9302.69
Running BFS 8
Time for BFS 8 is 0.439988
Validating BFS 8
Validate time for BFS 8 is 0.000003
TEPS for BFS 8 is 9307.07
Running BFS 9
Time for BFS 9 is 0.350308
Validating BFS 9
Validate time for BFS 9 is 0.000002
TEPS for BFS 9 is 11689.7
Running BFS 10
Time for BFS 10 is 0.419988
Validating BFS 10
Validate time for BFS 10 is 0.000002
TEPS for BFS 10 is 9750.27
Running BFS 11
Time for BFS 11 is 0.460266
Validating BFS 11
Validate time for BFS 11 is 0.000002
TEPS for BFS 11 is 8897.03
Running BFS 12
Time for BFS 12 is 0.320275
Validating BFS 12
Validate time for BFS 12 is 0.000003
TEPS for BFS 12 is 12785.9
Running BFS 13
Time for BFS 13 is 0.389787
Validating BFS 13
Validate time for BFS 13 is 0.000003
TEPS for BFS 13 is 10505.7
Running BFS 14
Time for BFS 14 is 0.410355
Validating BFS 14
Validate time for BFS 14 is 0.000002
TEPS for BFS 14 is 9979.16
Running BFS 15
Time for BFS 15 is 0.429622
Validating BFS 15
Validate time for BFS 15 is 0.000002
TEPS for BFS 15 is 9531.64
Running BFS 16
Time for BFS 16 is 0.339822
Validating BFS 16
Validate time for BFS 16 is 0.000004
TEPS for BFS 16 is 12050.4
Running BFS 17
Time for BFS 17 is 0.450140
Validating BFS 17
Validate time for BFS 17 is 0.000002
TEPS for BFS 17 is 9097.17
Running BFS 18
Time for BFS 18 is 0.419843
Validating BFS 18
Validate time for BFS 18 is 0.000003
TEPS for BFS 18 is 9753.65
Running BFS 19
Time for BFS 19 is 0.420174
Validating BFS 19
Validate time for BFS 19 is 0.000002
TEPS for BFS 19 is 9745.97
Running BFS 20
Time for BFS 20 is 0.319979
Validating BFS 20
Validate time for BFS 20 is 0.000003
TEPS for BFS 20 is 12797.7
Running BFS 21
Time for BFS 21 is 0.339688
Validating BFS 21
Validate time for BFS 21 is 0.000003
TEPS for BFS 21 is 12055.2
Running BFS 22
Time for BFS 22 is 0.460371
Validating BFS 22
Validate time for BFS 22 is 0.000003
TEPS for BFS 22 is 8895
Running BFS 23
Time for BFS 23 is 0.349971
Validating BFS 23
Validate time for BFS 23 is 0.000002
TEPS for BFS 23 is 11701
Running BFS 24
Time for BFS 24 is 0.349897
Validating BFS 24
Validate time for BFS 24 is 0.000003
TEPS for BFS 24 is 11703.4
Running BFS 25
Time for BFS 25 is 0.349817
Validating BFS 25
Validate time for BFS 25 is 0.000003
TEPS for BFS 25 is 11706.1
Running BFS 26
Time for BFS 26 is 0.449737
Validating BFS 26
Validate time for BFS 26 is 0.000002
TEPS for BFS 26 is 9105.32
Running BFS 27
Time for BFS 27 is 0.350149
Validating BFS 27
Validate time for BFS 27 is 0.000002
TEPS for BFS 27 is 11695
Running BFS 28
Time for BFS 28 is 0.459775
Validating BFS 28
Validate time for BFS 28 is 0.000002
TEPS for BFS 28 is 8906.53
Running BFS 29
Time for BFS 29 is 0.440068
Validating BFS 29
Validate time for BFS 29 is 0.000002
TEPS for BFS 29 is 9305.38
Running BFS 30
Time for BFS 30 is 0.329818
Validating BFS 30
Validate time for BFS 30 is 0.000002
TEPS for BFS 30 is 12415.9
Running BFS 31
Time for BFS 31 is 0.419877
Validating BFS 31
Validate time for BFS 31 is 0.000003
TEPS for BFS 31 is 9752.85
Running BFS 32
Time for BFS 32 is 0.330079
Validating BFS 32
Validate time for BFS 32 is 0.000002
TEPS for BFS 32 is 12406.1
Running BFS 33
Time for BFS 33 is 0.309965
Validating BFS 33
Validate time for BFS 33 is 0.000002
TEPS for BFS 33 is 13211.2
Running BFS 34
Time for BFS 34 is 0.319816
Validating BFS 34
Validate time for BFS 34 is 0.000003
TEPS for BFS 34 is 12804.2
Running BFS 35
Time for BFS 35 is 0.410044
Validating BFS 35
Validate time for BFS 35 is 0.000003
TEPS for BFS 35 is 9986.73
Running BFS 36
Time for BFS 36 is 0.319817
Validating BFS 36
Validate time for BFS 36 is 0.000002
TEPS for BFS 36 is 12804.2
Running BFS 37
Time for BFS 37 is 0.420129
Validating BFS 37
Validate time for BFS 37 is 0.000003
TEPS for BFS 37 is 9747
Running BFS 38
Time for BFS 38 is 0.389925
Validating BFS 38
Validate time for BFS 38 is 0.000002
TEPS for BFS 38 is 10502
Running BFS 39
Time for BFS 39 is 0.409872
Validating BFS 39
Validate time for BFS 39 is 0.000002
TEPS for BFS 39 is 9990.92
Running BFS 40
Time for BFS 40 is 0.320074
Validating BFS 40
Validate time for BFS 40 is 0.000003
TEPS for BFS 40 is 12793.9
Running BFS 41
Time for BFS 41 is 0.319817
Validating BFS 41
Validate time for BFS 41 is 0.000003
TEPS for BFS 41 is 12804.2
Running BFS 42
Time for BFS 42 is 0.389790
Validating BFS 42
Validate time for BFS 42 is 0.000002
TEPS for BFS 42 is 10505.7
Running BFS 43
Time for BFS 43 is 0.390200
Validating BFS 43
Validate time for BFS 43 is 0.000003
TEPS for BFS 43 is 10494.6
Running BFS 44
Time for BFS 44 is 0.329553
Validating BFS 44
Validate time for BFS 44 is 0.000003
TEPS for BFS 44 is 12425.9
Running BFS 45
Time for BFS 45 is 0.349877
Validating BFS 45
Validate time for BFS 45 is 0.000003
TEPS for BFS 45 is 11704.1
Running BFS 46
Time for BFS 46 is 0.290075
Validating BFS 46
Validate time for BFS 46 is 0.000002
TEPS for BFS 46 is 14117
Running BFS 47
Time for BFS 47 is 0.319799
Validating BFS 47
Validate time for BFS 47 is 0.000003
TEPS for BFS 47 is 12804.9
Running BFS 48
Time for BFS 48 is 0.299997
Validating BFS 48
Validate time for BFS 48 is 0.000003
TEPS for BFS 48 is 13650.1
Running BFS 49
Time for BFS 49 is 0.390076
Validating BFS 49
Validate time for BFS 49 is 0.000003
TEPS for BFS 49 is 10498
Running BFS 50
Time for BFS 50 is 0.319910
Validating BFS 50
Validate time for BFS 50 is 0.000003
TEPS for BFS 50 is 12800.5
Running BFS 51
Time for BFS 51 is 0.329643
Validating BFS 51
Validate time for BFS 51 is 0.000003
TEPS for BFS 51 is 12422.5
Running BFS 52
Time for BFS 52 is 0.300223
Validating BFS 52
Validate time for BFS 52 is 0.000003
TEPS for BFS 52 is 13639.9
Running BFS 53
Time for BFS 53 is 0.339823
Validating BFS 53
Validate time for BFS 53 is 0.000003
TEPS for BFS 53 is 12050.4
Running BFS 54
Time for BFS 54 is 0.349722
Validating BFS 54
Validate time for BFS 54 is 0.000003
TEPS for BFS 54 is 11709.3
Running BFS 55
Time for BFS 55 is 0.460147
Validating BFS 55
Validate time for BFS 55 is 0.000003
TEPS for BFS 55 is 8899.33
Running BFS 56
Time for BFS 56 is 0.439903
Validating BFS 56
Validate time for BFS 56 is 0.000003
TEPS for BFS 56 is 9308.87
Running BFS 57
Time for BFS 57 is 0.560065
Validating BFS 57
Validate time for BFS 57 is 0.000002
TEPS for BFS 57 is 7311.65
Running BFS 58
Time for BFS 58 is 0.459774
Validating BFS 58
Validate time for BFS 58 is 0.000002
TEPS for BFS 58 is 8906.55
Running BFS 59
Time for BFS 59 is 0.350214
Validating BFS 59
Validate time for BFS 59 is 0.000003
TEPS for BFS 59 is 11692.9
Running BFS 60
Time for BFS 60 is 0.349866
Validating BFS 60
Validate time for BFS 60 is 0.000003
TEPS for BFS 60 is 11704.5
Running BFS 61
Time for BFS 61 is 0.349806
Validating BFS 61
Validate time for BFS 61 is 0.000003
TEPS for BFS 61 is 11706.5
Running BFS 62
Time for BFS 62 is 0.450147
Validating BFS 62
Validate time for BFS 62 is 0.000003
TEPS for BFS 62 is 9097.03
Running BFS 63
Time for BFS 63 is 0.359839
Validating BFS 63
Validate time for BFS 63 is 0.000003
TEPS for BFS 63 is 11380.1
SCALE:                          8
edgefactor:                     16
NBFS:                           64
graph_generation:               2.84087
num_mpi_processes:              32
construction_time:              0.163845
min_time:                       0.290075
firstquartile_time:             0.334851
median_time:                    0.355073
thirdquartile_time:             0.429787
max_time:                       0.560065
mean_time:                      0.381606
stddev_time:                    0.0570504
min_nedge:                      4095
firstquartile_nedge:            4095
median_nedge:                   4095
thirdquartile_nedge:            4095
max_nedge:                      4095
mean_nedge:                     4095
stddev_nedge:                   0
min_TEPS:                       7311.65
firstquartile_TEPS:             9527.97
median_TEPS:                    11532.8
thirdquartile_TEPS:             12229.3
max_TEPS:                       14117
harmonic_mean_TEPS:             10731
harmonic_stddev_TEPS:           202.121
min_validate:                   1.90735e-06
firstquartile_validate:         1.90735e-06
median_validate:                2.86102e-06
thirdquartile_validate:         3.09944e-06
max_validate:                   4.05312e-06
mean_validate:                  2.62633e-06
stddev_validate:                5.72287e-07
This benchmark was run on 32 MPI Processes, Scale 8, written output_32_8.log
