SCALE 1
edgefactor 16
energytime 0
graph_generation:               0.420432 s
construction_time:              0.170640 s
Running BFS 0
Time for BFS 0 is 0.129395
Validating BFS 0
Validate time for BFS 0 is 0.000001
TEPS for BFS 0 is 239.576
Running BFS 1
Time for BFS 1 is 0.140179
Validating BFS 1
Validate time for BFS 1 is 0.000001
TEPS for BFS 1 is 221.146
Running BFS 2
Time for BFS 2 is 0.140034
Validating BFS 2
Validate time for BFS 2 is 0.000001
TEPS for BFS 2 is 221.374
Running BFS 3
Time for BFS 3 is 0.139934
Validating BFS 3
Validate time for BFS 3 is 0.000001
TEPS for BFS 3 is 221.533
Running BFS 4
Time for BFS 4 is 0.129900
Validating BFS 4
Validate time for BFS 4 is 0.000001
TEPS for BFS 4 is 238.645
Running BFS 5
Time for BFS 5 is 0.149914
Validating BFS 5
Validate time for BFS 5 is 0.000001
TEPS for BFS 5 is 206.785
Running BFS 6
Time for BFS 6 is 0.159957
Validating BFS 6
Validate time for BFS 6 is 0.000001
TEPS for BFS 6 is 193.802
Running BFS 7
Time for BFS 7 is 0.139944
Validating BFS 7
Validate time for BFS 7 is 0.000001
TEPS for BFS 7 is 221.517
Running BFS 8
Time for BFS 8 is 0.150171
Validating BFS 8
Validate time for BFS 8 is 0.000001
TEPS for BFS 8 is 206.431
Running BFS 9
Time for BFS 9 is 0.149919
Validating BFS 9
Validate time for BFS 9 is 0.000001
TEPS for BFS 9 is 206.778
Running BFS 10
Time for BFS 10 is 0.129934
Validating BFS 10
Validate time for BFS 10 is 0.000001
TEPS for BFS 10 is 238.583
Running BFS 11
Time for BFS 11 is 0.139912
Validating BFS 11
Validate time for BFS 11 is 0.000001
TEPS for BFS 11 is 221.568
Running BFS 12
Time for BFS 12 is 0.139967
Validating BFS 12
Validate time for BFS 12 is 0.000001
TEPS for BFS 12 is 221.481
Running BFS 13
Time for BFS 13 is 0.139896
Validating BFS 13
Validate time for BFS 13 is 0.000001
TEPS for BFS 13 is 221.593
Running BFS 14
Time for BFS 14 is 0.140029
Validating BFS 14
Validate time for BFS 14 is 0.000001
TEPS for BFS 14 is 221.383
Running BFS 15
Time for BFS 15 is 0.160179
Validating BFS 15
Validate time for BFS 15 is 0.000000
TEPS for BFS 15 is 193.534
Running BFS 16
Time for BFS 16 is 0.149933
Validating BFS 16
Validate time for BFS 16 is 0.000001
TEPS for BFS 16 is 206.759
Running BFS 17
Time for BFS 17 is 0.160037
Validating BFS 17
Validate time for BFS 17 is 0.000001
TEPS for BFS 17 is 193.705
Running BFS 18
Time for BFS 18 is 0.160078
Validating BFS 18
Validate time for BFS 18 is 0.000000
TEPS for BFS 18 is 193.656
Running BFS 19
Time for BFS 19 is 0.139945
Validating BFS 19
Validate time for BFS 19 is 0.000001
TEPS for BFS 19 is 221.516
Running BFS 20
Time for BFS 20 is 0.139940
Validating BFS 20
Validate time for BFS 20 is 0.000001
TEPS for BFS 20 is 221.523
Running BFS 21
Time for BFS 21 is 0.120140
Validating BFS 21
Validate time for BFS 21 is 0.000001
TEPS for BFS 21 is 258.032
Running BFS 22
Time for BFS 22 is 0.130218
Validating BFS 22
Validate time for BFS 22 is 0.000001
TEPS for BFS 22 is 238.062
Running BFS 23
Time for BFS 23 is 0.129892
Validating BFS 23
Validate time for BFS 23 is 0.000001
TEPS for BFS 23 is 238.66
Running BFS 24
Time for BFS 24 is 0.120081
Validating BFS 24
Validate time for BFS 24 is 0.000001
TEPS for BFS 24 is 258.159
Running BFS 25
Time for BFS 25 is 0.129870
Validating BFS 25
Validate time for BFS 25 is 0.000000
TEPS for BFS 25 is 238.7
Running BFS 26
Time for BFS 26 is 0.119928
Validating BFS 26
Validate time for BFS 26 is 0.000001
TEPS for BFS 26 is 258.489
Running BFS 27
Time for BFS 27 is 0.119915
Validating BFS 27
Validate time for BFS 27 is 0.000001
TEPS for BFS 27 is 258.516
Running BFS 28
Time for BFS 28 is 0.140049
Validating BFS 28
Validate time for BFS 28 is 0.000001
TEPS for BFS 28 is 221.351
Running BFS 29
Time for BFS 29 is 0.119868
Validating BFS 29
Validate time for BFS 29 is 0.000001
TEPS for BFS 29 is 258.618
Running BFS 30
Time for BFS 30 is 0.140206
Validating BFS 30
Validate time for BFS 30 is 0.000001
TEPS for BFS 30 is 221.103
Running BFS 31
Time for BFS 31 is 0.130074
Validating BFS 31
Validate time for BFS 31 is 0.000001
TEPS for BFS 31 is 238.326
Running BFS 32
Time for BFS 32 is 0.140099
Validating BFS 32
Validate time for BFS 32 is 0.000000
TEPS for BFS 32 is 221.272
Running BFS 33
Time for BFS 33 is 0.129905
Validating BFS 33
Validate time for BFS 33 is 0.000001
TEPS for BFS 33 is 238.636
Running BFS 34
Time for BFS 34 is 0.129877
Validating BFS 34
Validate time for BFS 34 is 0.000001
TEPS for BFS 34 is 238.687
Running BFS 35
Time for BFS 35 is 0.130207
Validating BFS 35
Validate time for BFS 35 is 0.000000
TEPS for BFS 35 is 238.083
Running BFS 36
Time for BFS 36 is 0.120029
Validating BFS 36
Validate time for BFS 36 is 0.000001
TEPS for BFS 36 is 258.271
Running BFS 37
Time for BFS 37 is 0.140296
Validating BFS 37
Validate time for BFS 37 is 0.000001
TEPS for BFS 37 is 220.961
Running BFS 38
Time for BFS 38 is 0.139876
Validating BFS 38
Validate time for BFS 38 is 0.000001
TEPS for BFS 38 is 221.625
Running BFS 39
Time for BFS 39 is 0.139955
Validating BFS 39
Validate time for BFS 39 is 0.000001
TEPS for BFS 39 is 221.5
Running BFS 40
Time for BFS 40 is 0.139858
Validating BFS 40
Validate time for BFS 40 is 0.000001
TEPS for BFS 40 is 221.653
Running BFS 41
Time for BFS 41 is 0.129892
Validating BFS 41
Validate time for BFS 41 is 0.000001
TEPS for BFS 41 is 238.66
Running BFS 42
Time for BFS 42 is 0.119975
Validating BFS 42
Validate time for BFS 42 is 0.000001
TEPS for BFS 42 is 258.387
Running BFS 43
Time for BFS 43 is 0.129845
Validating BFS 43
Validate time for BFS 43 is 0.000000
TEPS for BFS 43 is 238.746
Running BFS 44
Time for BFS 44 is 0.129992
Validating BFS 44
Validate time for BFS 44 is 0.000001
TEPS for BFS 44 is 238.476
Running BFS 45
Time for BFS 45 is 0.140187
Validating BFS 45
Validate time for BFS 45 is 0.000001
TEPS for BFS 45 is 221.133
Running BFS 46
Time for BFS 46 is 0.140110
Validating BFS 46
Validate time for BFS 46 is 0.000003
TEPS for BFS 46 is 221.255
Running BFS 47
Time for BFS 47 is 0.149841
Validating BFS 47
Validate time for BFS 47 is 0.000003
TEPS for BFS 47 is 206.886
Running BFS 48
Time for BFS 48 is 0.139854
Validating BFS 48
Validate time for BFS 48 is 0.000003
TEPS for BFS 48 is 221.66
Running BFS 49
Time for BFS 49 is 0.129823
Validating BFS 49
Validate time for BFS 49 is 0.000002
TEPS for BFS 49 is 238.787
Running BFS 50
Time for BFS 50 is 0.119880
Validating BFS 50
Validate time for BFS 50 is 0.000002
TEPS for BFS 50 is 258.592
Running BFS 51
Time for BFS 51 is 0.119928
Validating BFS 51
Validate time for BFS 51 is 0.000002
TEPS for BFS 51 is 258.488
Running BFS 52
Time for BFS 52 is 0.109810
Validating BFS 52
Validate time for BFS 52 is 0.000003
TEPS for BFS 52 is 282.306
Running BFS 53
Time for BFS 53 is 0.120161
Validating BFS 53
Validate time for BFS 53 is 0.000002
TEPS for BFS 53 is 257.988
Running BFS 54
Time for BFS 54 is 0.139878
Validating BFS 54
Validate time for BFS 54 is 0.000002
TEPS for BFS 54 is 221.622
Running BFS 55
Time for BFS 55 is 0.139848
Validating BFS 55
Validate time for BFS 55 is 0.000003
TEPS for BFS 55 is 221.669
Running BFS 56
Time for BFS 56 is 0.149874
Validating BFS 56
Validate time for BFS 56 is 0.000003
TEPS for BFS 56 is 206.84
Running BFS 57
Time for BFS 57 is 0.139743
Validating BFS 57
Validate time for BFS 57 is 0.000002
TEPS for BFS 57 is 221.836
Running BFS 58
Time for BFS 58 is 0.129926
Validating BFS 58
Validate time for BFS 58 is 0.000002
TEPS for BFS 58 is 238.597
Running BFS 59
Time for BFS 59 is 0.109845
Validating BFS 59
Validate time for BFS 59 is 0.000002
TEPS for BFS 59 is 282.215
Running BFS 60
Time for BFS 60 is 0.130095
Validating BFS 60
Validate time for BFS 60 is 0.000002
TEPS for BFS 60 is 238.287
Running BFS 61
Time for BFS 61 is 0.127191
Validating BFS 61
Validate time for BFS 61 is 0.000004
TEPS for BFS 61 is 243.728
Running BFS 62
Time for BFS 62 is 0.119382
Validating BFS 62
Validate time for BFS 62 is 0.000004
TEPS for BFS 62 is 259.67
Running BFS 63
Time for BFS 63 is 0.129770
Validating BFS 63
Validate time for BFS 63 is 0.000003
TEPS for BFS 63 is 238.885
SCALE:                          1
edgefactor:                     16
NBFS:                           64
graph_generation:               0.420432
num_mpi_processes:              32
construction_time:              0.17064
min_time:                       0.10981
firstquartile_time:             0.129796
median_time:                    0.139795
thirdquartile_time:             0.140074
max_time:                       0.160179
mean_time:                      0.134912
stddev_time:                    0.0117441
min_nedge:                      31
firstquartile_nedge:            31
median_nedge:                   31
thirdquartile_nedge:            31
max_nedge:                      31
mean_nedge:                     31
stddev_nedge:                   0
min_TEPS:                       193.534
firstquartile_TEPS:             221.312
median_TEPS:                    221.753
thirdquartile_TEPS:             238.836
max_TEPS:                       282.306
harmonic_mean_TEPS:             229.779
harmonic_stddev_TEPS:           2.52004
min_validate:                   0
firstquartile_validate:         9.53674e-07
median_validate:                9.53674e-07
thirdquartile_validate:         1.90735e-06
max_validate:                   4.05312e-06
mean_validate:                  1.35228e-06
stddev_validate:                9.20999e-07
This benchmark was run on 32 MPI Processes, Scale 1, written output_32_1.log
