SCALE 19
edgefactor 16
energytime 0
graph_generation:               285.997266 s
construction_time:              19.668411 s
Running BFS 0
Time for BFS 0 is 1.123180
Validating BFS 0
Validate time for BFS 0 is 0.000003
TEPS for BFS 0 is 7.46862e+06
Running BFS 1
Time for BFS 1 is 1.170439
Validating BFS 1
Validate time for BFS 1 is 0.000002
TEPS for BFS 1 is 7.16706e+06
Running BFS 2
Time for BFS 2 is 1.170323
Validating BFS 2
Validate time for BFS 2 is 0.000002
TEPS for BFS 2 is 7.16777e+06
Running BFS 3
Time for BFS 3 is 1.159509
Validating BFS 3
Validate time for BFS 3 is 0.000004
TEPS for BFS 3 is 7.23462e+06
Running BFS 4
Time for BFS 4 is 1.149924
Validating BFS 4
Validate time for BFS 4 is 0.000002
TEPS for BFS 4 is 7.29492e+06
Running BFS 5
Time for BFS 5 is 0.939727
Validating BFS 5
Validate time for BFS 5 is 0.000003
TEPS for BFS 5 is 8.92664e+06
Running BFS 6
Time for BFS 6 is 1.119742
Validating BFS 6
Validate time for BFS 6 is 0.000003
TEPS for BFS 6 is 7.49155e+06
Running BFS 7
Time for BFS 7 is 1.080608
Validating BFS 7
Validate time for BFS 7 is 0.000003
TEPS for BFS 7 is 7.76286e+06
Running BFS 8
Time for BFS 8 is 1.109921
Validating BFS 8
Validate time for BFS 8 is 0.000003
TEPS for BFS 8 is 7.55784e+06
Running BFS 9
Time for BFS 9 is 1.129720
Validating BFS 9
Validate time for BFS 9 is 0.000002
TEPS for BFS 9 is 7.42539e+06
Running BFS 10
Time for BFS 10 is 1.079754
Validating BFS 10
Validate time for BFS 10 is 0.000003
TEPS for BFS 10 is 7.769e+06
Running BFS 11
Time for BFS 11 is 1.139905
Validating BFS 11
Validate time for BFS 11 is 0.000002
TEPS for BFS 11 is 7.35904e+06
Running BFS 12
Time for BFS 12 is 1.069886
Validating BFS 12
Validate time for BFS 12 is 0.000003
TEPS for BFS 12 is 7.84066e+06
Running BFS 13
Time for BFS 13 is 1.049794
Validating BFS 13
Validate time for BFS 13 is 0.000003
TEPS for BFS 13 is 7.99072e+06
Running BFS 14
Time for BFS 14 is 1.069775
Validating BFS 14
Validate time for BFS 14 is 0.000003
TEPS for BFS 14 is 7.84147e+06
Running BFS 15
Time for BFS 15 is 1.080496
Validating BFS 15
Validate time for BFS 15 is 0.000002
TEPS for BFS 15 is 7.76366e+06
Running BFS 16
Time for BFS 16 is 1.069649
Validating BFS 16
Validate time for BFS 16 is 0.000003
TEPS for BFS 16 is 7.84239e+06
Running BFS 17
Time for BFS 17 is 0.930316
Validating BFS 17
Validate time for BFS 17 is 0.000003
TEPS for BFS 17 is 9.01694e+06
Running BFS 18
Time for BFS 18 is 1.089412
Validating BFS 18
Validate time for BFS 18 is 0.000003
TEPS for BFS 18 is 7.70012e+06
Running BFS 19
Time for BFS 19 is 0.909613
Validating BFS 19
Validate time for BFS 19 is 0.000003
TEPS for BFS 19 is 9.22217e+06
Running BFS 20
Time for BFS 20 is 1.159737
Validating BFS 20
Validate time for BFS 20 is 0.000003
TEPS for BFS 20 is 7.2332e+06
Running BFS 21
Time for BFS 21 is 1.049893
Validating BFS 21
Validate time for BFS 21 is 0.000003
TEPS for BFS 21 is 7.98996e+06
Running BFS 22
Time for BFS 22 is 1.049901
Validating BFS 22
Validate time for BFS 22 is 0.000002
TEPS for BFS 22 is 7.9899e+06
Running BFS 23
Time for BFS 23 is 1.090188
Validating BFS 23
Validate time for BFS 23 is 0.000003
TEPS for BFS 23 is 7.69464e+06
Running BFS 24
Time for BFS 24 is 1.069752
Validating BFS 24
Validate time for BFS 24 is 0.000003
TEPS for BFS 24 is 7.84164e+06
Running BFS 25
Time for BFS 25 is 1.039951
Validating BFS 25
Validate time for BFS 25 is 0.000003
TEPS for BFS 25 is 8.06635e+06
Running BFS 26
Time for BFS 26 is 1.010251
Validating BFS 26
Validate time for BFS 26 is 0.000003
TEPS for BFS 26 is 8.30349e+06
Running BFS 27
Time for BFS 27 is 1.040666
Validating BFS 27
Validate time for BFS 27 is 0.000003
TEPS for BFS 27 is 8.06081e+06
Running BFS 28
Time for BFS 28 is 1.151988
Validating BFS 28
Validate time for BFS 28 is 0.000003
TEPS for BFS 28 is 7.28185e+06
Running BFS 29
Time for BFS 29 is 1.051124
Validating BFS 29
Validate time for BFS 29 is 0.000003
TEPS for BFS 29 is 7.98061e+06
Running BFS 30
Time for BFS 30 is 1.081076
Validating BFS 30
Validate time for BFS 30 is 0.000003
TEPS for BFS 30 is 7.7595e+06
Running BFS 31
Time for BFS 31 is 1.050015
Validating BFS 31
Validate time for BFS 31 is 0.000002
TEPS for BFS 31 is 7.98903e+06
Running BFS 32
Time for BFS 32 is 1.220370
Validating BFS 32
Validate time for BFS 32 is 0.000002
TEPS for BFS 32 is 6.87382e+06
Running BFS 33
Time for BFS 33 is 1.110505
Validating BFS 33
Validate time for BFS 33 is 0.000003
TEPS for BFS 33 is 7.55387e+06
Running BFS 34
Time for BFS 34 is 0.909821
Validating BFS 34
Validate time for BFS 34 is 0.000003
TEPS for BFS 34 is 9.22006e+06
Running BFS 35
Time for BFS 35 is 1.119943
Validating BFS 35
Validate time for BFS 35 is 0.000002
TEPS for BFS 35 is 7.49021e+06
Running BFS 36
Time for BFS 36 is 1.089773
Validating BFS 36
Validate time for BFS 36 is 0.000002
TEPS for BFS 36 is 7.69757e+06
Running BFS 37
Time for BFS 37 is 1.080016
Validating BFS 37
Validate time for BFS 37 is 0.000003
TEPS for BFS 37 is 7.76711e+06
Running BFS 38
Time for BFS 38 is 0.879771
Validating BFS 38
Validate time for BFS 38 is 0.000003
TEPS for BFS 38 is 9.53499e+06
Running BFS 39
Time for BFS 39 is 1.149798
Validating BFS 39
Validate time for BFS 39 is 0.000002
TEPS for BFS 39 is 7.29572e+06
Running BFS 40
Time for BFS 40 is 1.070106
Validating BFS 40
Validate time for BFS 40 is 0.000003
TEPS for BFS 40 is 7.83904e+06
Running BFS 41
Time for BFS 41 is 1.130268
Validating BFS 41
Validate time for BFS 41 is 0.000067
TEPS for BFS 41 is 7.42179e+06
Running BFS 42
Time for BFS 42 is 1.119884
Validating BFS 42
Validate time for BFS 42 is 0.000003
TEPS for BFS 42 is 7.4906e+06
Running BFS 43
Time for BFS 43 is 1.129882
Validating BFS 43
Validate time for BFS 43 is 0.000003
TEPS for BFS 43 is 7.42432e+06
Running BFS 44
Time for BFS 44 is 1.079936
Validating BFS 44
Validate time for BFS 44 is 0.000002
TEPS for BFS 44 is 7.76769e+06
Running BFS 45
Time for BFS 45 is 1.049725
Validating BFS 45
Validate time for BFS 45 is 0.000002
TEPS for BFS 45 is 7.99124e+06
Running BFS 46
Time for BFS 46 is 1.049734
Validating BFS 46
Validate time for BFS 46 is 0.000004
TEPS for BFS 46 is 7.99117e+06
Running BFS 47
Time for BFS 47 is 1.039758
Validating BFS 47
Validate time for BFS 47 is 0.000002
TEPS for BFS 47 is 8.06785e+06
Running BFS 48
Time for BFS 48 is 0.999779
Validating BFS 48
Validate time for BFS 48 is 0.000002
TEPS for BFS 48 is 8.39046e+06
Running BFS 49
Time for BFS 49 is 0.999740
Validating BFS 49
Validate time for BFS 49 is 0.000003
TEPS for BFS 49 is 8.39079e+06
Running BFS 50
Time for BFS 50 is 1.040242
Validating BFS 50
Validate time for BFS 50 is 0.000002
TEPS for BFS 50 is 8.06409e+06
Running BFS 51
Time for BFS 51 is 0.889522
Validating BFS 51
Validate time for BFS 51 is 0.000002
TEPS for BFS 51 is 9.43047e+06
Running BFS 52
Time for BFS 52 is 1.070015
Validating BFS 52
Validate time for BFS 52 is 0.000003
TEPS for BFS 52 is 7.83971e+06
Running BFS 53
Time for BFS 53 is 1.079694
Validating BFS 53
Validate time for BFS 53 is 0.000002
TEPS for BFS 53 is 7.76943e+06
Running BFS 54
Time for BFS 54 is 1.129916
Validating BFS 54
Validate time for BFS 54 is 0.000002
TEPS for BFS 54 is 7.4241e+06
Running BFS 55
Time for BFS 55 is 1.119841
Validating BFS 55
Validate time for BFS 55 is 0.000002
TEPS for BFS 55 is 7.49089e+06
Running BFS 56
Time for BFS 56 is 1.140255
Validating BFS 56
Validate time for BFS 56 is 0.000003
TEPS for BFS 56 is 7.35678e+06
Running BFS 57
Time for BFS 57 is 1.139735
Validating BFS 57
Validate time for BFS 57 is 0.000003
TEPS for BFS 57 is 7.36014e+06
Running BFS 58
Time for BFS 58 is 1.160128
Validating BFS 58
Validate time for BFS 58 is 0.000003
TEPS for BFS 58 is 7.23076e+06
Running BFS 59
Time for BFS 59 is 1.109990
Validating BFS 59
Validate time for BFS 59 is 0.000002
TEPS for BFS 59 is 7.55737e+06
Running BFS 60
Time for BFS 60 is 1.150038
Validating BFS 60
Validate time for BFS 60 is 0.000002
TEPS for BFS 60 is 7.2942e+06
Running BFS 61
Time for BFS 61 is 1.189890
Validating BFS 61
Validate time for BFS 61 is 0.000003
TEPS for BFS 61 is 7.0499e+06
Running BFS 62
Time for BFS 62 is 1.160149
Validating BFS 62
Validate time for BFS 62 is 0.000002
TEPS for BFS 62 is 7.23063e+06
Running BFS 63
Time for BFS 63 is 1.091036
Validating BFS 63
Validate time for BFS 63 is 0.000003
TEPS for BFS 63 is 7.68866e+06
SCALE:                          19
edgefactor:                     16
NBFS:                           64
graph_generation:               285.997
num_mpi_processes:              32
construction_time:              19.6684
min_time:                       0.879771
firstquartile_time:             1.04984
median_time:                    1.08084
thirdquartile_time:             1.13009
max_time:                       1.22037
mean_time:                      1.08102
stddev_time:                    0.072702
min_nedge:                      8388607
firstquartile_nedge:            8388607
median_nedge:                   8388607
thirdquartile_nedge:            8388607
max_nedge:                      8388607
mean_nedge:                     8388607
stddev_nedge:                   0
min_TEPS:                       6.87382e+06
firstquartile_TEPS:             7.42294e+06
median_TEPS:                    7.76118e+06
thirdquartile_TEPS:             7.99034e+06
max_TEPS:                       9.53499e+06
harmonic_mean_TEPS:             7.75988e+06
harmonic_stddev_TEPS:           65750
min_validate:                   1.90735e-06
firstquartile_validate:         2.14577e-06
median_validate:                2.86102e-06
thirdquartile_validate:         3.09944e-06
max_validate:                   6.69956e-05
mean_validate:                  3.65824e-06
stddev_validate:                8.06127e-06
This benchmark was run on 32 MPI Processes, Scale 19, written output_32_19.log
