SCALE 16
edgefactor 16
energytime 0
graph_generation:               35.456492 s
construction_time:              2.482183 s
Running BFS 0
Time for BFS 0 is 0.533189
Validating BFS 0
Validate time for BFS 0 is 0.000001
TEPS for BFS 0 is 1.96661e+06
Running BFS 1
Time for BFS 1 is 0.499867
Validating BFS 1
Validate time for BFS 1 is 0.000001
TEPS for BFS 1 is 2.09771e+06
Running BFS 2
Time for BFS 2 is 0.550339
Validating BFS 2
Validate time for BFS 2 is 0.000001
TEPS for BFS 2 is 1.90533e+06
Running BFS 3
Time for BFS 3 is 0.529721
Validating BFS 3
Validate time for BFS 3 is 0.000001
TEPS for BFS 3 is 1.97949e+06
Running BFS 4
Time for BFS 4 is 0.520252
Validating BFS 4
Validate time for BFS 4 is 0.000002
TEPS for BFS 4 is 2.01551e+06
Running BFS 5
Time for BFS 5 is 0.550484
Validating BFS 5
Validate time for BFS 5 is 0.000001
TEPS for BFS 5 is 1.90482e+06
Running BFS 6
Time for BFS 6 is 0.440159
Validating BFS 6
Validate time for BFS 6 is 0.000001
TEPS for BFS 6 is 2.38226e+06
Running BFS 7
Time for BFS 7 is 0.530385
Validating BFS 7
Validate time for BFS 7 is 0.000001
TEPS for BFS 7 is 1.97701e+06
Running BFS 8
Time for BFS 8 is 0.560612
Validating BFS 8
Validate time for BFS 8 is 0.000001
TEPS for BFS 8 is 1.87041e+06
Running BFS 9
Time for BFS 9 is 0.579692
Validating BFS 9
Validate time for BFS 9 is 0.000000
TEPS for BFS 9 is 1.80885e+06
Running BFS 10
Time for BFS 10 is 0.650333
Validating BFS 10
Validate time for BFS 10 is 0.000000
TEPS for BFS 10 is 1.61237e+06
Running BFS 11
Time for BFS 11 is 0.570122
Validating BFS 11
Validate time for BFS 11 is 0.000001
TEPS for BFS 11 is 1.83921e+06
Running BFS 12
Time for BFS 12 is 0.450051
Validating BFS 12
Validate time for BFS 12 is 0.000001
TEPS for BFS 12 is 2.3299e+06
Running BFS 13
Time for BFS 13 is 0.560303
Validating BFS 13
Validate time for BFS 13 is 0.000001
TEPS for BFS 13 is 1.87144e+06
Running BFS 14
Time for BFS 14 is 0.559886
Validating BFS 14
Validate time for BFS 14 is 0.000001
TEPS for BFS 14 is 1.87284e+06
Running BFS 15
Time for BFS 15 is 0.560282
Validating BFS 15
Validate time for BFS 15 is 0.000001
TEPS for BFS 15 is 1.87151e+06
Running BFS 16
Time for BFS 16 is 0.560032
Validating BFS 16
Validate time for BFS 16 is 0.000001
TEPS for BFS 16 is 1.87235e+06
Running BFS 17
Time for BFS 17 is 0.560140
Validating BFS 17
Validate time for BFS 17 is 0.000000
TEPS for BFS 17 is 1.87199e+06
Running BFS 18
Time for BFS 18 is 0.559966
Validating BFS 18
Validate time for BFS 18 is 0.000001
TEPS for BFS 18 is 1.87257e+06
Running BFS 19
Time for BFS 19 is 0.570001
Validating BFS 19
Validate time for BFS 19 is 0.000001
TEPS for BFS 19 is 1.8396e+06
Running BFS 20
Time for BFS 20 is 0.540304
Validating BFS 20
Validate time for BFS 20 is 0.000000
TEPS for BFS 20 is 1.94071e+06
Running BFS 21
Time for BFS 21 is 0.499893
Validating BFS 21
Validate time for BFS 21 is 0.000001
TEPS for BFS 21 is 2.0976e+06
Running BFS 22
Time for BFS 22 is 0.389908
Validating BFS 22
Validate time for BFS 22 is 0.000001
TEPS for BFS 22 is 2.68929e+06
Running BFS 23
Time for BFS 23 is 0.480352
Validating BFS 23
Validate time for BFS 23 is 0.000001
TEPS for BFS 23 is 2.18293e+06
Running BFS 24
Time for BFS 24 is 0.489794
Validating BFS 24
Validate time for BFS 24 is 0.000001
TEPS for BFS 24 is 2.14085e+06
Running BFS 25
Time for BFS 25 is 0.490246
Validating BFS 25
Validate time for BFS 25 is 0.000001
TEPS for BFS 25 is 2.13887e+06
Running BFS 26
Time for BFS 26 is 0.499920
Validating BFS 26
Validate time for BFS 26 is 0.000001
TEPS for BFS 26 is 2.09749e+06
Running BFS 27
Time for BFS 27 is 0.480250
Validating BFS 27
Validate time for BFS 27 is 0.000001
TEPS for BFS 27 is 2.18339e+06
Running BFS 28
Time for BFS 28 is 0.489963
Validating BFS 28
Validate time for BFS 28 is 0.000001
TEPS for BFS 28 is 2.14011e+06
Running BFS 29
Time for BFS 29 is 0.470654
Validating BFS 29
Validate time for BFS 29 is 0.000001
TEPS for BFS 29 is 2.22791e+06
Running BFS 30
Time for BFS 30 is 0.599727
Validating BFS 30
Validate time for BFS 30 is 0.000001
TEPS for BFS 30 is 1.74842e+06
Running BFS 31
Time for BFS 31 is 0.490147
Validating BFS 31
Validate time for BFS 31 is 0.000001
TEPS for BFS 31 is 2.13931e+06
Running BFS 32
Time for BFS 32 is 0.519886
Validating BFS 32
Validate time for BFS 32 is 0.000001
TEPS for BFS 32 is 2.01693e+06
Running BFS 33
Time for BFS 33 is 0.490211
Validating BFS 33
Validate time for BFS 33 is 0.000001
TEPS for BFS 33 is 2.13903e+06
Running BFS 34
Time for BFS 34 is 0.489893
Validating BFS 34
Validate time for BFS 34 is 0.000001
TEPS for BFS 34 is 2.14042e+06
Running BFS 35
Time for BFS 35 is 0.520210
Validating BFS 35
Validate time for BFS 35 is 0.000000
TEPS for BFS 35 is 2.01568e+06
Running BFS 36
Time for BFS 36 is 0.530181
Validating BFS 36
Validate time for BFS 36 is 0.000001
TEPS for BFS 36 is 1.97777e+06
Running BFS 37
Time for BFS 37 is 0.510143
Validating BFS 37
Validate time for BFS 37 is 0.000001
TEPS for BFS 37 is 2.05545e+06
Running BFS 38
Time for BFS 38 is 0.409841
Validating BFS 38
Validate time for BFS 38 is 0.000001
TEPS for BFS 38 is 2.55849e+06
Running BFS 39
Time for BFS 39 is 0.480165
Validating BFS 39
Validate time for BFS 39 is 0.000001
TEPS for BFS 39 is 2.18378e+06
Running BFS 40
Time for BFS 40 is 0.489892
Validating BFS 40
Validate time for BFS 40 is 0.000001
TEPS for BFS 40 is 2.14042e+06
Running BFS 41
Time for BFS 41 is 0.500267
Validating BFS 41
Validate time for BFS 41 is 0.000001
TEPS for BFS 41 is 2.09603e+06
Running BFS 42
Time for BFS 42 is 0.529997
Validating BFS 42
Validate time for BFS 42 is 0.000001
TEPS for BFS 42 is 1.97845e+06
Running BFS 43
Time for BFS 43 is 0.500458
Validating BFS 43
Validate time for BFS 43 is 0.000001
TEPS for BFS 43 is 2.09523e+06
Running BFS 44
Time for BFS 44 is 0.499981
Validating BFS 44
Validate time for BFS 44 is 0.000001
TEPS for BFS 44 is 2.09723e+06
Running BFS 45
Time for BFS 45 is 0.510166
Validating BFS 45
Validate time for BFS 45 is 0.000000
TEPS for BFS 45 is 2.05536e+06
Running BFS 46
Time for BFS 46 is 0.529905
Validating BFS 46
Validate time for BFS 46 is 0.000001
TEPS for BFS 46 is 1.9788e+06
Running BFS 47
Time for BFS 47 is 0.560228
Validating BFS 47
Validate time for BFS 47 is 0.000001
TEPS for BFS 47 is 1.87169e+06
Running BFS 48
Time for BFS 48 is 0.560188
Validating BFS 48
Validate time for BFS 48 is 0.000001
TEPS for BFS 48 is 1.87183e+06
Running BFS 49
Time for BFS 49 is 0.559963
Validating BFS 49
Validate time for BFS 49 is 0.000000
TEPS for BFS 49 is 1.87258e+06
Running BFS 50
Time for BFS 50 is 0.560183
Validating BFS 50
Validate time for BFS 50 is 0.000001
TEPS for BFS 50 is 1.87184e+06
Running BFS 51
Time for BFS 51 is 0.559927
Validating BFS 51
Validate time for BFS 51 is 0.000001
TEPS for BFS 51 is 1.8727e+06
Running BFS 52
Time for BFS 52 is 0.520172
Validating BFS 52
Validate time for BFS 52 is 0.000000
TEPS for BFS 52 is 2.01582e+06
Running BFS 53
Time for BFS 53 is 0.559914
Validating BFS 53
Validate time for BFS 53 is 0.000001
TEPS for BFS 53 is 1.87274e+06
Running BFS 54
Time for BFS 54 is 0.450152
Validating BFS 54
Validate time for BFS 54 is 0.000001
TEPS for BFS 54 is 2.32938e+06
Running BFS 55
Time for BFS 55 is 0.559991
Validating BFS 55
Validate time for BFS 55 is 0.000001
TEPS for BFS 55 is 1.87249e+06
Running BFS 56
Time for BFS 56 is 0.560322
Validating BFS 56
Validate time for BFS 56 is 0.000001
TEPS for BFS 56 is 1.87138e+06
Running BFS 57
Time for BFS 57 is 0.550084
Validating BFS 57
Validate time for BFS 57 is 0.000001
TEPS for BFS 57 is 1.90621e+06
Running BFS 58
Time for BFS 58 is 0.550101
Validating BFS 58
Validate time for BFS 58 is 0.000001
TEPS for BFS 58 is 1.90615e+06
Running BFS 59
Time for BFS 59 is 0.400279
Validating BFS 59
Validate time for BFS 59 is 0.000001
TEPS for BFS 59 is 2.61961e+06
Running BFS 60
Time for BFS 60 is 0.520284
Validating BFS 60
Validate time for BFS 60 is 0.000002
TEPS for BFS 60 is 2.01539e+06
Running BFS 61
Time for BFS 61 is 0.569639
Validating BFS 61
Validate time for BFS 61 is 0.000001
TEPS for BFS 61 is 1.84077e+06
Running BFS 62
Time for BFS 62 is 0.570233
Validating BFS 62
Validate time for BFS 62 is 0.000000
TEPS for BFS 62 is 1.83885e+06
Running BFS 63
Time for BFS 63 is 0.570312
Validating BFS 63
Validate time for BFS 63 is 0.000001
TEPS for BFS 63 is 1.8386e+06
SCALE:                          16
edgefactor:                     16
NBFS:                           64
graph_generation:               35.4565
num_mpi_processes:              32
construction_time:              2.48218
min_time:                       0.389908
firstquartile_time:             0.490229
median_time:                    0.529951
thirdquartile_time:             0.560086
max_time:                       0.650333
mean_time:                      0.523596
stddev_time:                    0.0476593
min_nedge:                      1048575
firstquartile_nedge:            1048575
median_nedge:                   1048575
thirdquartile_nedge:            1048575
max_nedge:                      1048575
mean_nedge:                     1048575
stddev_nedge:                   0
min_TEPS:                       1.61237e+06
firstquartile_TEPS:             1.87217e+06
median_TEPS:                    1.97863e+06
thirdquartile_TEPS:             2.13895e+06
max_TEPS:                       2.68929e+06
harmonic_mean_TEPS:             2.00264e+06
harmonic_stddev_TEPS:           22966
min_validate:                   0
firstquartile_validate:         9.53674e-07
median_validate:                9.53674e-07
thirdquartile_validate:         1.07288e-06
max_validate:                   2.14577e-06
mean_validate:                  9.08971e-07
stddev_validate:                4.30864e-07
This benchmark was run on 32 MPI Processes, Scale 16, written output_32_16.log
