SCALE 22
edgefactor 16
energytime 0
graph_generation:               361.872402 s
construction_time:              21.820034 s
Running BFS 0
Time for BFS 0 is 2.692016
Validating BFS 0
Validate time for BFS 0 is 0.000001
TEPS for BFS 0 is 2.49289e+07
Running BFS 1
Time for BFS 1 is 2.479756
Validating BFS 1
Validate time for BFS 1 is 0.000001
TEPS for BFS 1 is 2.70627e+07
Running BFS 2
Time for BFS 2 is 2.410711
Validating BFS 2
Validate time for BFS 2 is 0.000001
TEPS for BFS 2 is 2.78378e+07
Running BFS 3
Time for BFS 3 is 2.861137
Validating BFS 3
Validate time for BFS 3 is 0.000001
TEPS for BFS 3 is 2.34553e+07
Running BFS 4
Time for BFS 4 is 1.960131
Validating BFS 4
Validate time for BFS 4 is 0.000001
TEPS for BFS 4 is 3.42369e+07
Running BFS 5
Time for BFS 5 is 2.281939
Validating BFS 5
Validate time for BFS 5 is 0.000001
TEPS for BFS 5 is 2.94087e+07
Running BFS 6
Time for BFS 6 is 2.481352
Validating BFS 6
Validate time for BFS 6 is 0.000001
TEPS for BFS 6 is 2.70453e+07
Running BFS 7
Time for BFS 7 is 2.469933
Validating BFS 7
Validate time for BFS 7 is 0.000001
TEPS for BFS 7 is 2.71703e+07
Running BFS 8
Time for BFS 8 is 2.350695
Validating BFS 8
Validate time for BFS 8 is 0.000001
TEPS for BFS 8 is 2.85485e+07
Running BFS 9
Time for BFS 9 is 2.402058
Validating BFS 9
Validate time for BFS 9 is 0.000001
TEPS for BFS 9 is 2.79381e+07
Running BFS 10
Time for BFS 10 is 2.472907
Validating BFS 10
Validate time for BFS 10 is 0.000001
TEPS for BFS 10 is 2.71376e+07
Running BFS 11
Time for BFS 11 is 2.002600
Validating BFS 11
Validate time for BFS 11 is 0.000001
TEPS for BFS 11 is 3.35109e+07
Running BFS 12
Time for BFS 12 is 2.392394
Validating BFS 12
Validate time for BFS 12 is 0.000001
TEPS for BFS 12 is 2.80509e+07
Running BFS 13
Time for BFS 13 is 2.430513
Validating BFS 13
Validate time for BFS 13 is 0.000001
TEPS for BFS 13 is 2.7611e+07
Running BFS 14
Time for BFS 14 is 2.410107
Validating BFS 14
Validate time for BFS 14 is 0.000001
TEPS for BFS 14 is 2.78448e+07
Running BFS 15
Time for BFS 15 is 2.329102
Validating BFS 15
Validate time for BFS 15 is 0.000001
TEPS for BFS 15 is 2.88132e+07
Running BFS 16
Time for BFS 16 is 2.912061
Validating BFS 16
Validate time for BFS 16 is 0.000001
TEPS for BFS 16 is 2.30451e+07
Running BFS 17
Time for BFS 17 is 2.411025
Validating BFS 17
Validate time for BFS 17 is 0.000000
TEPS for BFS 17 is 2.78342e+07
Running BFS 18
Time for BFS 18 is 2.270770
Validating BFS 18
Validate time for BFS 18 is 0.000001
TEPS for BFS 18 is 2.95534e+07
Running BFS 19
Time for BFS 19 is 2.289430
Validating BFS 19
Validate time for BFS 19 is 0.000001
TEPS for BFS 19 is 2.93125e+07
Running BFS 20
Time for BFS 20 is 2.310122
Validating BFS 20
Validate time for BFS 20 is 0.000001
TEPS for BFS 20 is 2.90499e+07
Running BFS 21
Time for BFS 21 is 2.409781
Validating BFS 21
Validate time for BFS 21 is 0.000001
TEPS for BFS 21 is 2.78485e+07
Running BFS 22
Time for BFS 22 is 2.339895
Validating BFS 22
Validate time for BFS 22 is 0.000000
TEPS for BFS 22 is 2.86803e+07
Running BFS 23
Time for BFS 23 is 2.300710
Validating BFS 23
Validate time for BFS 23 is 0.000001
TEPS for BFS 23 is 2.91688e+07
Running BFS 24
Time for BFS 24 is 2.040966
Validating BFS 24
Validate time for BFS 24 is 0.000001
TEPS for BFS 24 is 3.28809e+07
Running BFS 25
Time for BFS 25 is 1.981445
Validating BFS 25
Validate time for BFS 25 is 0.000001
TEPS for BFS 25 is 3.38686e+07
Running BFS 26
Time for BFS 26 is 2.479654
Validating BFS 26
Validate time for BFS 26 is 0.000001
TEPS for BFS 26 is 2.70638e+07
Running BFS 27
Time for BFS 27 is 2.400547
Validating BFS 27
Validate time for BFS 27 is 0.000001
TEPS for BFS 27 is 2.79557e+07
Running BFS 28
Time for BFS 28 is 2.812691
Validating BFS 28
Validate time for BFS 28 is 0.000001
TEPS for BFS 28 is 2.38593e+07
Running BFS 29
Time for BFS 29 is 2.331862
Validating BFS 29
Validate time for BFS 29 is 0.000001
TEPS for BFS 29 is 2.87791e+07
Running BFS 30
Time for BFS 30 is 1.949651
Validating BFS 30
Validate time for BFS 30 is 0.000001
TEPS for BFS 30 is 3.4421e+07
Running BFS 31
Time for BFS 31 is 2.429057
Validating BFS 31
Validate time for BFS 31 is 0.000001
TEPS for BFS 31 is 2.76275e+07
Running BFS 32
Time for BFS 32 is 2.459332
Validating BFS 32
Validate time for BFS 32 is 0.000001
TEPS for BFS 32 is 2.72874e+07
Running BFS 33
Time for BFS 33 is 2.339993
Validating BFS 33
Validate time for BFS 33 is 0.000001
TEPS for BFS 33 is 2.86791e+07
Running BFS 34
Time for BFS 34 is 2.461281
Validating BFS 34
Validate time for BFS 34 is 0.000001
TEPS for BFS 34 is 2.72658e+07
Running BFS 35
Time for BFS 35 is 2.401088
Validating BFS 35
Validate time for BFS 35 is 0.000000
TEPS for BFS 35 is 2.79494e+07
Running BFS 36
Time for BFS 36 is 2.460865
Validating BFS 36
Validate time for BFS 36 is 0.000001
TEPS for BFS 36 is 2.72704e+07
Running BFS 37
Time for BFS 37 is 2.309787
Validating BFS 37
Validate time for BFS 37 is 0.000001
TEPS for BFS 37 is 2.90541e+07
Running BFS 38
Time for BFS 38 is 2.689418
Validating BFS 38
Validate time for BFS 38 is 0.000001
TEPS for BFS 38 is 2.49529e+07
Running BFS 39
Time for BFS 39 is 1.879676
Validating BFS 39
Validate time for BFS 39 is 0.000001
TEPS for BFS 39 is 3.57024e+07
Running BFS 40
Time for BFS 40 is 2.320342
Validating BFS 40
Validate time for BFS 40 is 0.000001
TEPS for BFS 40 is 2.8922e+07
Running BFS 41
Time for BFS 41 is 2.390246
Validating BFS 41
Validate time for BFS 41 is 0.000001
TEPS for BFS 41 is 2.80761e+07
Running BFS 42
Time for BFS 42 is 2.321914
Validating BFS 42
Validate time for BFS 42 is 0.000001
TEPS for BFS 42 is 2.89024e+07
Running BFS 43
Time for BFS 43 is 2.250801
Validating BFS 43
Validate time for BFS 43 is 0.000001
TEPS for BFS 43 is 2.98155e+07
Running BFS 44
Time for BFS 44 is 2.350008
Validating BFS 44
Validate time for BFS 44 is 0.000001
TEPS for BFS 44 is 2.85569e+07
Running BFS 45
Time for BFS 45 is 2.260295
Validating BFS 45
Validate time for BFS 45 is 0.000000
TEPS for BFS 45 is 2.96903e+07
Running BFS 46
Time for BFS 46 is 2.830429
Validating BFS 46
Validate time for BFS 46 is 0.000001
TEPS for BFS 46 is 2.37098e+07
Running BFS 47
Time for BFS 47 is 2.410109
Validating BFS 47
Validate time for BFS 47 is 0.000001
TEPS for BFS 47 is 2.78447e+07
Running BFS 48
Time for BFS 48 is 2.409500
Validating BFS 48
Validate time for BFS 48 is 0.000002
TEPS for BFS 48 is 2.78518e+07
Running BFS 49
Time for BFS 49 is 2.390973
Validating BFS 49
Validate time for BFS 49 is 0.000001
TEPS for BFS 49 is 2.80676e+07
Running BFS 50
Time for BFS 50 is 2.421947
Validating BFS 50
Validate time for BFS 50 is 0.000001
TEPS for BFS 50 is 2.77086e+07
Running BFS 51
Time for BFS 51 is 2.449696
Validating BFS 51
Validate time for BFS 51 is 0.000001
TEPS for BFS 51 is 2.73948e+07
Running BFS 52
Time for BFS 52 is 2.339645
Validating BFS 52
Validate time for BFS 52 is 0.000001
TEPS for BFS 52 is 2.86834e+07
Running BFS 53
Time for BFS 53 is 2.390321
Validating BFS 53
Validate time for BFS 53 is 0.000001
TEPS for BFS 53 is 2.80753e+07
Running BFS 54
Time for BFS 54 is 2.031163
Validating BFS 54
Validate time for BFS 54 is 0.000001
TEPS for BFS 54 is 3.30396e+07
Running BFS 55
Time for BFS 55 is 2.432814
Validating BFS 55
Validate time for BFS 55 is 0.000001
TEPS for BFS 55 is 2.75849e+07
Running BFS 56
Time for BFS 56 is 2.400207
Validating BFS 56
Validate time for BFS 56 is 0.000001
TEPS for BFS 56 is 2.79596e+07
Running BFS 57
Time for BFS 57 is 2.459470
Validating BFS 57
Validate time for BFS 57 is 0.000001
TEPS for BFS 57 is 2.72859e+07
Running BFS 58
Time for BFS 58 is 2.560580
Validating BFS 58
Validate time for BFS 58 is 0.000001
TEPS for BFS 58 is 2.62085e+07
Running BFS 59
Time for BFS 59 is 2.491760
Validating BFS 59
Validate time for BFS 59 is 0.000001
TEPS for BFS 59 is 2.69323e+07
Running BFS 60
Time for BFS 60 is 2.482081
Validating BFS 60
Validate time for BFS 60 is 0.000001
TEPS for BFS 60 is 2.70373e+07
Running BFS 61
Time for BFS 61 is 2.460083
Validating BFS 61
Validate time for BFS 61 is 0.000001
TEPS for BFS 61 is 2.72791e+07
Running BFS 62
Time for BFS 62 is 2.329960
Validating BFS 62
Validate time for BFS 62 is 0.000001
TEPS for BFS 62 is 2.88026e+07
Running BFS 63
Time for BFS 63 is 2.401336
Validating BFS 63
Validate time for BFS 63 is 0.000001
TEPS for BFS 63 is 2.79465e+07
SCALE:                          22
edgefactor:                     16
NBFS:                           64
graph_generation:               361.872
num_mpi_processes:              32
construction_time:              21.82
min_time:                       1.87968
firstquartile_time:             2.32113
median_time:                    2.40121
thirdquartile_time:             2.46047
max_time:                       2.91206
mean_time:                      2.38569
stddev_time:                    0.199219
min_nedge:                      67108863
firstquartile_nedge:            67108863
median_nedge:                   67108863
thirdquartile_nedge:            67108863
max_nedge:                      67108863
mean_nedge:                     67108863
stddev_nedge:                   0
min_TEPS:                       2.30451e+07
firstquartile_TEPS:             2.72748e+07
median_TEPS:                    2.79479e+07
thirdquartile_TEPS:             2.89122e+07
max_TEPS:                       3.57024e+07
harmonic_mean_TEPS:             2.81298e+07
harmonic_stddev_TEPS:           295946
min_validate:                   0
firstquartile_validate:         9.53674e-07
median_validate:                9.53674e-07
thirdquartile_validate:         9.53674e-07
max_validate:                   2.14577e-06
mean_validate:                  9.31323e-07
stddev_validate:                2.90356e-07
This benchmark was run on 32 MPI Processes, Scale 22, written output_32_22.log
