SCALE 17
edgefactor 16
energytime 0
graph_generation:               70.206962 s
construction_time:              4.920081 s
Running BFS 0
Time for BFS 0 is 0.592698
Validating BFS 0
Validate time for BFS 0 is 0.000001
TEPS for BFS 0 is 3.53831e+06
Running BFS 1
Time for BFS 1 is 0.670294
Validating BFS 1
Validate time for BFS 1 is 0.000000
TEPS for BFS 1 is 3.1287e+06
Running BFS 2
Time for BFS 2 is 0.569951
Validating BFS 2
Validate time for BFS 2 is 0.000001
TEPS for BFS 2 is 3.67953e+06
Running BFS 3
Time for BFS 3 is 0.689972
Validating BFS 3
Validate time for BFS 3 is 0.000001
TEPS for BFS 3 is 3.03947e+06
Running BFS 4
Time for BFS 4 is 0.570265
Validating BFS 4
Validate time for BFS 4 is 0.000001
TEPS for BFS 4 is 3.6775e+06
Running BFS 5
Time for BFS 5 is 0.669791
Validating BFS 5
Validate time for BFS 5 is 0.000000
TEPS for BFS 5 is 3.13105e+06
Running BFS 6
Time for BFS 6 is 0.570135
Validating BFS 6
Validate time for BFS 6 is 0.000001
TEPS for BFS 6 is 3.67834e+06
Running BFS 7
Time for BFS 7 is 0.560128
Validating BFS 7
Validate time for BFS 7 is 0.000001
TEPS for BFS 7 is 3.74406e+06
Running BFS 8
Time for BFS 8 is 0.570269
Validating BFS 8
Validate time for BFS 8 is 0.000001
TEPS for BFS 8 is 3.67748e+06
Running BFS 9
Time for BFS 9 is 0.570330
Validating BFS 9
Validate time for BFS 9 is 0.000001
TEPS for BFS 9 is 3.67708e+06
Running BFS 10
Time for BFS 10 is 0.569937
Validating BFS 10
Validate time for BFS 10 is 0.000001
TEPS for BFS 10 is 3.67962e+06
Running BFS 11
Time for BFS 11 is 0.570172
Validating BFS 11
Validate time for BFS 11 is 0.000001
TEPS for BFS 11 is 3.6781e+06
Running BFS 12
Time for BFS 12 is 0.569927
Validating BFS 12
Validate time for BFS 12 is 0.000001
TEPS for BFS 12 is 3.67968e+06
Running BFS 13
Time for BFS 13 is 0.570182
Validating BFS 13
Validate time for BFS 13 is 0.000001
TEPS for BFS 13 is 3.67804e+06
Running BFS 14
Time for BFS 14 is 0.630415
Validating BFS 14
Validate time for BFS 14 is 0.000001
TEPS for BFS 14 is 3.32662e+06
Running BFS 15
Time for BFS 15 is 0.500264
Validating BFS 15
Validate time for BFS 15 is 0.000001
TEPS for BFS 15 is 4.19209e+06
Running BFS 16
Time for BFS 16 is 0.499928
Validating BFS 16
Validate time for BFS 16 is 0.000001
TEPS for BFS 16 is 4.19491e+06
Running BFS 17
Time for BFS 17 is 0.490339
Validating BFS 17
Validate time for BFS 17 is 0.000001
TEPS for BFS 17 is 4.27694e+06
Running BFS 18
Time for BFS 18 is 0.490080
Validating BFS 18
Validate time for BFS 18 is 0.000001
TEPS for BFS 18 is 4.2792e+06
Running BFS 19
Time for BFS 19 is 0.490256
Validating BFS 19
Validate time for BFS 19 is 0.000001
TEPS for BFS 19 is 4.27766e+06
Running BFS 20
Time for BFS 20 is 0.509797
Validating BFS 20
Validate time for BFS 20 is 0.000001
TEPS for BFS 20 is 4.1137e+06
Running BFS 21
Time for BFS 21 is 0.490438
Validating BFS 21
Validate time for BFS 21 is 0.000001
TEPS for BFS 21 is 4.27608e+06
Running BFS 22
Time for BFS 22 is 0.510289
Validating BFS 22
Validate time for BFS 22 is 0.000001
TEPS for BFS 22 is 4.10973e+06
Running BFS 23
Time for BFS 23 is 0.520128
Validating BFS 23
Validate time for BFS 23 is 0.000001
TEPS for BFS 23 is 4.03199e+06
Running BFS 24
Time for BFS 24 is 0.519932
Validating BFS 24
Validate time for BFS 24 is 0.000002
TEPS for BFS 24 is 4.03351e+06
Running BFS 25
Time for BFS 25 is 0.510263
Validating BFS 25
Validate time for BFS 25 is 0.000002
TEPS for BFS 25 is 4.10994e+06
Running BFS 26
Time for BFS 26 is 0.520574
Validating BFS 26
Validate time for BFS 26 is 0.000001
TEPS for BFS 26 is 4.02854e+06
Running BFS 27
Time for BFS 27 is 0.549941
Validating BFS 27
Validate time for BFS 27 is 0.000001
TEPS for BFS 27 is 3.81341e+06
Running BFS 28
Time for BFS 28 is 0.669922
Validating BFS 28
Validate time for BFS 28 is 0.000001
TEPS for BFS 28 is 3.13044e+06
Running BFS 29
Time for BFS 29 is 0.560088
Validating BFS 29
Validate time for BFS 29 is 0.000001
TEPS for BFS 29 is 3.74432e+06
Running BFS 30
Time for BFS 30 is 0.560131
Validating BFS 30
Validate time for BFS 30 is 0.000001
TEPS for BFS 30 is 3.74404e+06
Running BFS 31
Time for BFS 31 is 0.559936
Validating BFS 31
Validate time for BFS 31 is 0.000001
TEPS for BFS 31 is 3.74534e+06
Running BFS 32
Time for BFS 32 is 0.560207
Validating BFS 32
Validate time for BFS 32 is 0.000001
TEPS for BFS 32 is 3.74353e+06
Running BFS 33
Time for BFS 33 is 0.570245
Validating BFS 33
Validate time for BFS 33 is 0.000000
TEPS for BFS 33 is 3.67763e+06
Running BFS 34
Time for BFS 34 is 0.519949
Validating BFS 34
Validate time for BFS 34 is 0.000001
TEPS for BFS 34 is 4.03338e+06
Running BFS 35
Time for BFS 35 is 0.540187
Validating BFS 35
Validate time for BFS 35 is 0.000001
TEPS for BFS 35 is 3.88227e+06
Running BFS 36
Time for BFS 36 is 0.539954
Validating BFS 36
Validate time for BFS 36 is 0.000001
TEPS for BFS 36 is 3.88394e+06
Running BFS 37
Time for BFS 37 is 0.550188
Validating BFS 37
Validate time for BFS 37 is 0.000001
TEPS for BFS 37 is 3.8117e+06
Running BFS 38
Time for BFS 38 is 0.660174
Validating BFS 38
Validate time for BFS 38 is 0.000001
TEPS for BFS 38 is 3.17666e+06
Running BFS 39
Time for BFS 39 is 0.609912
Validating BFS 39
Validate time for BFS 39 is 0.000001
TEPS for BFS 39 is 3.43845e+06
Running BFS 40
Time for BFS 40 is 0.630262
Validating BFS 40
Validate time for BFS 40 is 0.000001
TEPS for BFS 40 is 3.32743e+06
Running BFS 41
Time for BFS 41 is 0.660338
Validating BFS 41
Validate time for BFS 41 is 0.000001
TEPS for BFS 41 is 3.17588e+06
Running BFS 42
Time for BFS 42 is 0.560147
Validating BFS 42
Validate time for BFS 42 is 0.000001
TEPS for BFS 42 is 3.74393e+06
Running BFS 43
Time for BFS 43 is 0.660299
Validating BFS 43
Validate time for BFS 43 is 0.000000
TEPS for BFS 43 is 3.17606e+06
Running BFS 44
Time for BFS 44 is 0.620401
Validating BFS 44
Validate time for BFS 44 is 0.000001
TEPS for BFS 44 is 3.38032e+06
Running BFS 45
Time for BFS 45 is 0.520455
Validating BFS 45
Validate time for BFS 45 is 0.000000
TEPS for BFS 45 is 4.02946e+06
Running BFS 46
Time for BFS 46 is 0.499974
Validating BFS 46
Validate time for BFS 46 is 0.000001
TEPS for BFS 46 is 4.19452e+06
Running BFS 47
Time for BFS 47 is 0.510103
Validating BFS 47
Validate time for BFS 47 is 0.000001
TEPS for BFS 47 is 4.11123e+06
Running BFS 48
Time for BFS 48 is 0.480283
Validating BFS 48
Validate time for BFS 48 is 0.000001
TEPS for BFS 48 is 4.36649e+06
Running BFS 49
Time for BFS 49 is 0.570526
Validating BFS 49
Validate time for BFS 49 is 0.000001
TEPS for BFS 49 is 3.67582e+06
Running BFS 50
Time for BFS 50 is 0.530603
Validating BFS 50
Validate time for BFS 50 is 0.000001
TEPS for BFS 50 is 3.95239e+06
Running BFS 51
Time for BFS 51 is 0.560189
Validating BFS 51
Validate time for BFS 51 is 0.000001
TEPS for BFS 51 is 3.74365e+06
Running BFS 52
Time for BFS 52 is 0.569822
Validating BFS 52
Validate time for BFS 52 is 0.000000
TEPS for BFS 52 is 3.68036e+06
Running BFS 53
Time for BFS 53 is 0.530143
Validating BFS 53
Validate time for BFS 53 is 0.000001
TEPS for BFS 53 is 3.95582e+06
Running BFS 54
Time for BFS 54 is 0.519952
Validating BFS 54
Validate time for BFS 54 is 0.000001
TEPS for BFS 54 is 4.03335e+06
Running BFS 55
Time for BFS 55 is 0.520255
Validating BFS 55
Validate time for BFS 55 is 0.000001
TEPS for BFS 55 is 4.03101e+06
Running BFS 56
Time for BFS 56 is 0.589883
Validating BFS 56
Validate time for BFS 56 is 0.000001
TEPS for BFS 56 is 3.5552e+06
Running BFS 57
Time for BFS 57 is 0.620313
Validating BFS 57
Validate time for BFS 57 is 0.000001
TEPS for BFS 57 is 3.38079e+06
Running BFS 58
Time for BFS 58 is 0.690125
Validating BFS 58
Validate time for BFS 58 is 0.000001
TEPS for BFS 58 is 3.0388e+06
Running BFS 59
Time for BFS 59 is 0.589964
Validating BFS 59
Validate time for BFS 59 is 0.000001
TEPS for BFS 59 is 3.55471e+06
Running BFS 60
Time for BFS 60 is 0.720140
Validating BFS 60
Validate time for BFS 60 is 0.000001
TEPS for BFS 60 is 2.91214e+06
Running BFS 61
Time for BFS 61 is 0.630564
Validating BFS 61
Validate time for BFS 61 is 0.000002
TEPS for BFS 61 is 3.32583e+06
Running BFS 62
Time for BFS 62 is 0.609887
Validating BFS 62
Validate time for BFS 62 is 0.000003
TEPS for BFS 62 is 3.43859e+06
Running BFS 63
Time for BFS 63 is 0.590239
Validating BFS 63
Validate time for BFS 63 is 0.000003
TEPS for BFS 63 is 3.55305e+06
SCALE:                          17
edgefactor:                     16
NBFS:                           64
graph_generation:               70.207
num_mpi_processes:              32
construction_time:              4.92008
min_time:                       0.480283
firstquartile_time:             0.520192
median_time:                    0.565015
thirdquartile_time:             0.601292
max_time:                       0.72014
mean_time:                      0.569257
stddev_time:                    0.0581437
min_nedge:                      2097151
firstquartile_nedge:            2097151
median_nedge:                   2097151
thirdquartile_nedge:            2097151
max_nedge:                      2097151
mean_nedge:                     2097151
stddev_nedge:                   0
min_TEPS:                       2.91214e+06
firstquartile_TEPS:             3.48774e+06
median_TEPS:                    3.71168e+06
thirdquartile_TEPS:             4.0315e+06
max_TEPS:                       4.36649e+06
harmonic_mean_TEPS:             3.68401e+06
harmonic_stddev_TEPS:           47407.3
min_validate:                   0
firstquartile_validate:         9.53674e-07
median_validate:                9.53674e-07
thirdquartile_validate:         9.53674e-07
max_validate:                   2.86102e-06
mean_validate:                  1.01328e-06
stddev_validate:                5.23729e-07
This benchmark was run on 32 MPI Processes, Scale 17, written output_32_17.log
