SCALE 21
edgefactor 16
energytime 0
graph_generation:               356.310532 s
construction_time:              20.499019 s
Running BFS 0
Time for BFS 0 is 1.626036
Validating BFS 0
Validate time for BFS 0 is 0.000002
TEPS for BFS 0 is 2.06357e+07
Running BFS 1
Time for BFS 1 is 1.669798
Validating BFS 1
Validate time for BFS 1 is 0.000003
TEPS for BFS 1 is 2.00949e+07
Running BFS 2
Time for BFS 2 is 1.670212
Validating BFS 2
Validate time for BFS 2 is 0.000003
TEPS for BFS 2 is 2.00899e+07
Running BFS 3
Time for BFS 3 is 1.359929
Validating BFS 3
Validate time for BFS 3 is 0.000003
TEPS for BFS 3 is 2.46737e+07
Running BFS 4
Time for BFS 4 is 1.409654
Validating BFS 4
Validate time for BFS 4 is 0.000003
TEPS for BFS 4 is 2.38033e+07
Running BFS 5
Time for BFS 5 is 1.349583
Validating BFS 5
Validate time for BFS 5 is 0.000003
TEPS for BFS 5 is 2.48628e+07
Running BFS 6
Time for BFS 6 is 1.529558
Validating BFS 6
Validate time for BFS 6 is 0.000003
TEPS for BFS 6 is 2.19373e+07
Running BFS 7
Time for BFS 7 is 1.530349
Validating BFS 7
Validate time for BFS 7 is 0.000003
TEPS for BFS 7 is 2.1926e+07
Running BFS 8
Time for BFS 8 is 1.570232
Validating BFS 8
Validate time for BFS 8 is 0.000003
TEPS for BFS 8 is 2.13691e+07
Running BFS 9
Time for BFS 9 is 1.551281
Validating BFS 9
Validate time for BFS 9 is 0.000003
TEPS for BFS 9 is 2.16301e+07
Running BFS 10
Time for BFS 10 is 1.500578
Validating BFS 10
Validate time for BFS 10 is 0.000003
TEPS for BFS 10 is 2.2361e+07
Running BFS 11
Time for BFS 11 is 1.279645
Validating BFS 11
Validate time for BFS 11 is 0.000002
TEPS for BFS 11 is 2.62217e+07
Running BFS 12
Time for BFS 12 is 1.259668
Validating BFS 12
Validate time for BFS 12 is 0.000002
TEPS for BFS 12 is 2.66375e+07
Running BFS 13
Time for BFS 13 is 1.570075
Validating BFS 13
Validate time for BFS 13 is 0.000003
TEPS for BFS 13 is 2.13712e+07
Running BFS 14
Time for BFS 14 is 1.300268
Validating BFS 14
Validate time for BFS 14 is 0.000003
TEPS for BFS 14 is 2.58058e+07
Running BFS 15
Time for BFS 15 is 1.499653
Validating BFS 15
Validate time for BFS 15 is 0.000002
TEPS for BFS 15 is 2.23748e+07
Running BFS 16
Time for BFS 16 is 1.609740
Validating BFS 16
Validate time for BFS 16 is 0.000002
TEPS for BFS 16 is 2.08446e+07
Running BFS 17
Time for BFS 17 is 1.289814
Validating BFS 17
Validate time for BFS 17 is 0.000003
TEPS for BFS 17 is 2.60149e+07
Running BFS 18
Time for BFS 18 is 1.591099
Validating BFS 18
Validate time for BFS 18 is 0.000002
TEPS for BFS 18 is 2.10888e+07
Running BFS 19
Time for BFS 19 is 1.561751
Validating BFS 19
Validate time for BFS 19 is 0.000003
TEPS for BFS 19 is 2.14851e+07
Running BFS 20
Time for BFS 20 is 1.531490
Validating BFS 20
Validate time for BFS 20 is 0.000003
TEPS for BFS 20 is 2.19097e+07
Running BFS 21
Time for BFS 21 is 1.521153
Validating BFS 21
Validate time for BFS 21 is 0.000003
TEPS for BFS 21 is 2.20586e+07
Running BFS 22
Time for BFS 22 is 1.581157
Validating BFS 22
Validate time for BFS 22 is 0.000003
TEPS for BFS 22 is 2.12214e+07
Running BFS 23
Time for BFS 23 is 1.651225
Validating BFS 23
Validate time for BFS 23 is 0.000003
TEPS for BFS 23 is 2.03209e+07
Running BFS 24
Time for BFS 24 is 1.279859
Validating BFS 24
Validate time for BFS 24 is 0.000003
TEPS for BFS 24 is 2.62173e+07
Running BFS 25
Time for BFS 25 is 1.269563
Validating BFS 25
Validate time for BFS 25 is 0.000002
TEPS for BFS 25 is 2.64299e+07
Running BFS 26
Time for BFS 26 is 1.539749
Validating BFS 26
Validate time for BFS 26 is 0.000003
TEPS for BFS 26 is 2.17921e+07
Running BFS 27
Time for BFS 27 is 1.579841
Validating BFS 27
Validate time for BFS 27 is 0.000003
TEPS for BFS 27 is 2.12391e+07
Running BFS 28
Time for BFS 28 is 1.509775
Validating BFS 28
Validate time for BFS 28 is 0.000003
TEPS for BFS 28 is 2.22248e+07
Running BFS 29
Time for BFS 29 is 1.609914
Validating BFS 29
Validate time for BFS 29 is 0.000002
TEPS for BFS 29 is 2.08424e+07
Running BFS 30
Time for BFS 30 is 1.520313
Validating BFS 30
Validate time for BFS 30 is 0.000003
TEPS for BFS 30 is 2.20707e+07
Running BFS 31
Time for BFS 31 is 1.280230
Validating BFS 31
Validate time for BFS 31 is 0.000003
TEPS for BFS 31 is 2.62097e+07
Running BFS 32
Time for BFS 32 is 1.251303
Validating BFS 32
Validate time for BFS 32 is 0.000003
TEPS for BFS 32 is 2.68156e+07
Running BFS 33
Time for BFS 33 is 1.210454
Validating BFS 33
Validate time for BFS 33 is 0.000003
TEPS for BFS 33 is 2.77205e+07
Running BFS 34
Time for BFS 34 is 1.240096
Validating BFS 34
Validate time for BFS 34 is 0.000003
TEPS for BFS 34 is 2.70579e+07
Running BFS 35
Time for BFS 35 is 1.431161
Validating BFS 35
Validate time for BFS 35 is 0.000003
TEPS for BFS 35 is 2.34456e+07
Running BFS 36
Time for BFS 36 is 1.490649
Validating BFS 36
Validate time for BFS 36 is 0.000003
TEPS for BFS 36 is 2.25099e+07
Running BFS 37
Time for BFS 37 is 1.501535
Validating BFS 37
Validate time for BFS 37 is 0.000003
TEPS for BFS 37 is 2.23468e+07
Running BFS 38
Time for BFS 38 is 1.220570
Validating BFS 38
Validate time for BFS 38 is 0.000003
TEPS for BFS 38 is 2.74908e+07
Running BFS 39
Time for BFS 39 is 1.190496
Validating BFS 39
Validate time for BFS 39 is 0.000003
TEPS for BFS 39 is 2.81853e+07
Running BFS 40
Time for BFS 40 is 1.510212
Validating BFS 40
Validate time for BFS 40 is 0.000003
TEPS for BFS 40 is 2.22184e+07
Running BFS 41
Time for BFS 41 is 1.489868
Validating BFS 41
Validate time for BFS 41 is 0.000003
TEPS for BFS 41 is 2.25217e+07
Running BFS 42
Time for BFS 42 is 1.539594
Validating BFS 42
Validate time for BFS 42 is 0.000003
TEPS for BFS 42 is 2.17943e+07
Running BFS 43
Time for BFS 43 is 1.239767
Validating BFS 43
Validate time for BFS 43 is 0.000003
TEPS for BFS 43 is 2.70651e+07
Running BFS 44
Time for BFS 44 is 1.569715
Validating BFS 44
Validate time for BFS 44 is 0.000003
TEPS for BFS 44 is 2.13761e+07
Running BFS 45
Time for BFS 45 is 1.580790
Validating BFS 45
Validate time for BFS 45 is 0.000004
TEPS for BFS 45 is 2.12264e+07
Running BFS 46
Time for BFS 46 is 1.611052
Validating BFS 46
Validate time for BFS 46 is 0.000003
TEPS for BFS 46 is 2.08277e+07
Running BFS 47
Time for BFS 47 is 1.560456
Validating BFS 47
Validate time for BFS 47 is 0.000003
TEPS for BFS 47 is 2.1503e+07
Running BFS 48
Time for BFS 48 is 1.619752
Validating BFS 48
Validate time for BFS 48 is 0.000003
TEPS for BFS 48 is 2.07158e+07
Running BFS 49
Time for BFS 49 is 1.520076
Validating BFS 49
Validate time for BFS 49 is 0.000002
TEPS for BFS 49 is 2.20742e+07
Running BFS 50
Time for BFS 50 is 1.610556
Validating BFS 50
Validate time for BFS 50 is 0.000003
TEPS for BFS 50 is 2.08341e+07
Running BFS 51
Time for BFS 51 is 1.611538
Validating BFS 51
Validate time for BFS 51 is 0.000004
TEPS for BFS 51 is 2.08214e+07
Running BFS 52
Time for BFS 52 is 1.581174
Validating BFS 52
Validate time for BFS 52 is 0.000003
TEPS for BFS 52 is 2.12212e+07
Running BFS 53
Time for BFS 53 is 1.550038
Validating BFS 53
Validate time for BFS 53 is 0.000002
TEPS for BFS 53 is 2.16475e+07
Running BFS 54
Time for BFS 54 is 1.550855
Validating BFS 54
Validate time for BFS 54 is 0.000002
TEPS for BFS 54 is 2.16361e+07
Running BFS 55
Time for BFS 55 is 1.560470
Validating BFS 55
Validate time for BFS 55 is 0.000003
TEPS for BFS 55 is 2.15028e+07
Running BFS 56
Time for BFS 56 is 1.320250
Validating BFS 56
Validate time for BFS 56 is 0.000003
TEPS for BFS 56 is 2.54152e+07
Running BFS 57
Time for BFS 57 is 1.600212
Validating BFS 57
Validate time for BFS 57 is 0.000004
TEPS for BFS 57 is 2.09687e+07
Running BFS 58
Time for BFS 58 is 1.520379
Validating BFS 58
Validate time for BFS 58 is 0.000003
TEPS for BFS 58 is 2.20698e+07
Running BFS 59
Time for BFS 59 is 1.309700
Validating BFS 59
Validate time for BFS 59 is 0.000003
TEPS for BFS 59 is 2.56199e+07
Running BFS 60
Time for BFS 60 is 1.620017
Validating BFS 60
Validate time for BFS 60 is 0.000003
TEPS for BFS 60 is 2.07124e+07
Running BFS 61
Time for BFS 61 is 1.339923
Validating BFS 61
Validate time for BFS 61 is 0.000003
TEPS for BFS 61 is 2.50421e+07
Running BFS 62
Time for BFS 62 is 1.359920
Validating BFS 62
Validate time for BFS 62 is 0.000003
TEPS for BFS 62 is 2.46738e+07
Running BFS 63
Time for BFS 63 is 1.409521
Validating BFS 63
Validate time for BFS 63 is 0.000003
TEPS for BFS 63 is 2.38056e+07
SCALE:                          21
edgefactor:                     16
NBFS:                           64
graph_generation:               356.311
num_mpi_processes:              32
construction_time:              20.499
min_time:                       1.1905
firstquartile_time:             1.34475
median_time:                    1.52077
thirdquartile_time:             1.58032
max_time:                       1.67021
mean_time:                      1.47383
stddev_time:                    0.138057
min_nedge:                      33554431
firstquartile_nedge:            33554431
median_nedge:                   33554431
thirdquartile_nedge:            33554431
max_nedge:                      33554431
mean_nedge:                     33554431
stddev_nedge:                   0
min_TEPS:                       2.00899e+07
firstquartile_TEPS:             2.12327e+07
median_TEPS:                    2.20642e+07
thirdquartile_TEPS:             2.49521e+07
max_TEPS:                       2.81853e+07
harmonic_mean_TEPS:             2.27668e+07
harmonic_stddev_TEPS:           268683
min_validate:                   1.90735e-06
firstquartile_validate:         2.86102e-06
median_validate:                2.86102e-06
thirdquartile_validate:         3.09944e-06
max_validate:                   4.05312e-06
mean_validate:                  2.8722e-06
stddev_validate:                4.44378e-07
This benchmark was run on 32 MPI Processes, Scale 21, written output_32_21.log
