SCALE 10
edgefactor 16
energytime 0
graph_generation:               3.062419 s
construction_time:              0.202181 s
Running BFS 0
Time for BFS 0 is 0.406979
Validating BFS 0
Validate time for BFS 0 is 0.000001
TEPS for BFS 0 is 40255.1
Running BFS 1
Time for BFS 1 is 0.399890
Validating BFS 1
Validate time for BFS 1 is 0.000001
TEPS for BFS 1 is 40968.8
Running BFS 2
Time for BFS 2 is 0.390000
Validating BFS 2
Validate time for BFS 2 is 0.000003
TEPS for BFS 2 is 42007.7
Running BFS 3
Time for BFS 3 is 0.300125
Validating BFS 3
Validate time for BFS 3 is 0.000002
TEPS for BFS 3 is 54587.2
Running BFS 4
Time for BFS 4 is 0.400072
Validating BFS 4
Validate time for BFS 4 is 0.000002
TEPS for BFS 4 is 40950.1
Running BFS 5
Time for BFS 5 is 0.450329
Validating BFS 5
Validate time for BFS 5 is 0.000002
TEPS for BFS 5 is 36380.1
Running BFS 6
Time for BFS 6 is 0.469843
Validating BFS 6
Validate time for BFS 6 is 0.000002
TEPS for BFS 6 is 34869.1
Running BFS 7
Time for BFS 7 is 0.399790
Validating BFS 7
Validate time for BFS 7 is 0.000003
TEPS for BFS 7 is 40979
Running BFS 8
Time for BFS 8 is 0.407300
Validating BFS 8
Validate time for BFS 8 is 0.000003
TEPS for BFS 8 is 40223.4
Running BFS 9
Time for BFS 9 is 0.329876
Validating BFS 9
Validate time for BFS 9 is 0.000003
TEPS for BFS 9 is 49664.1
Running BFS 10
Time for BFS 10 is 0.350069
Validating BFS 10
Validate time for BFS 10 is 0.000002
TEPS for BFS 10 is 46799.4
Running BFS 11
Time for BFS 11 is 0.459812
Validating BFS 11
Validate time for BFS 11 is 0.000002
TEPS for BFS 11 is 35629.8
Running BFS 12
Time for BFS 12 is 0.449932
Validating BFS 12
Validate time for BFS 12 is 0.000003
TEPS for BFS 12 is 36412.2
Running BFS 13
Time for BFS 13 is 0.450205
Validating BFS 13
Validate time for BFS 13 is 0.000003
TEPS for BFS 13 is 36390.1
Running BFS 14
Time for BFS 14 is 0.489731
Validating BFS 14
Validate time for BFS 14 is 0.000003
TEPS for BFS 14 is 33453.1
Running BFS 15
Time for BFS 15 is 0.350031
Validating BFS 15
Validate time for BFS 15 is 0.000002
TEPS for BFS 15 is 46804.4
Running BFS 16
Time for BFS 16 is 0.349893
Validating BFS 16
Validate time for BFS 16 is 0.000002
TEPS for BFS 16 is 46822.9
Running BFS 17
Time for BFS 17 is 0.460093
Validating BFS 17
Validate time for BFS 17 is 0.000002
TEPS for BFS 17 is 35608
Running BFS 18
Time for BFS 18 is 0.449879
Validating BFS 18
Validate time for BFS 18 is 0.000002
TEPS for BFS 18 is 36416.5
Running BFS 19
Time for BFS 19 is 0.459840
Validating BFS 19
Validate time for BFS 19 is 0.000003
TEPS for BFS 19 is 35627.6
Running BFS 20
Time for BFS 20 is 0.430232
Validating BFS 20
Validate time for BFS 20 is 0.000002
TEPS for BFS 20 is 38079.5
Running BFS 21
Time for BFS 21 is 0.419826
Validating BFS 21
Validate time for BFS 21 is 0.000002
TEPS for BFS 21 is 39023.3
Running BFS 22
Time for BFS 22 is 0.450128
Validating BFS 22
Validate time for BFS 22 is 0.000002
TEPS for BFS 22 is 36396.3
Running BFS 23
Time for BFS 23 is 0.559868
Validating BFS 23
Validate time for BFS 23 is 0.000003
TEPS for BFS 23 is 29262.2
Running BFS 24
Time for BFS 24 is 0.450256
Validating BFS 24
Validate time for BFS 24 is 0.000002
TEPS for BFS 24 is 36386
Running BFS 25
Time for BFS 25 is 0.459806
Validating BFS 25
Validate time for BFS 25 is 0.000002
TEPS for BFS 25 is 35630.2
Running BFS 26
Time for BFS 26 is 0.450152
Validating BFS 26
Validate time for BFS 26 is 0.000003
TEPS for BFS 26 is 36394.4
Running BFS 27
Time for BFS 27 is 0.459827
Validating BFS 27
Validate time for BFS 27 is 0.000003
TEPS for BFS 27 is 35628.6
Running BFS 28
Time for BFS 28 is 0.390124
Validating BFS 28
Validate time for BFS 28 is 0.000002
TEPS for BFS 28 is 41994.3
Running BFS 29
Time for BFS 29 is 0.389851
Validating BFS 29
Validate time for BFS 29 is 0.000002
TEPS for BFS 29 is 42023.8
Running BFS 30
Time for BFS 30 is 0.439824
Validating BFS 30
Validate time for BFS 30 is 0.000003
TEPS for BFS 30 is 37249
Running BFS 31
Time for BFS 31 is 0.470366
Validating BFS 31
Validate time for BFS 31 is 0.000003
TEPS for BFS 31 is 34830.3
Running BFS 32
Time for BFS 32 is 0.429717
Validating BFS 32
Validate time for BFS 32 is 0.000002
TEPS for BFS 32 is 38125.1
Running BFS 33
Time for BFS 33 is 0.340141
Validating BFS 33
Validate time for BFS 33 is 0.000003
TEPS for BFS 33 is 48165.3
Running BFS 34
Time for BFS 34 is 0.359859
Validating BFS 34
Validate time for BFS 34 is 0.000002
TEPS for BFS 34 is 45526.2
Running BFS 35
Time for BFS 35 is 0.449882
Validating BFS 35
Validate time for BFS 35 is 0.000003
TEPS for BFS 35 is 36416.2
Running BFS 36
Time for BFS 36 is 0.440161
Validating BFS 36
Validate time for BFS 36 is 0.000003
TEPS for BFS 36 is 37220.5
Running BFS 37
Time for BFS 37 is 0.419980
Validating BFS 37
Validate time for BFS 37 is 0.000002
TEPS for BFS 37 is 39009
Running BFS 38
Time for BFS 38 is 0.380123
Validating BFS 38
Validate time for BFS 38 is 0.000003
TEPS for BFS 38 is 43099.2
Running BFS 39
Time for BFS 39 is 0.399846
Validating BFS 39
Validate time for BFS 39 is 0.000002
TEPS for BFS 39 is 40973.3
Running BFS 40
Time for BFS 40 is 0.399924
Validating BFS 40
Validate time for BFS 40 is 0.000002
TEPS for BFS 40 is 40965.3
Running BFS 41
Time for BFS 41 is 0.390465
Validating BFS 41
Validate time for BFS 41 is 0.000002
TEPS for BFS 41 is 41957.7
Running BFS 42
Time for BFS 42 is 0.419772
Validating BFS 42
Validate time for BFS 42 is 0.000003
TEPS for BFS 42 is 39028.3
Running BFS 43
Time for BFS 43 is 0.430025
Validating BFS 43
Validate time for BFS 43 is 0.000002
TEPS for BFS 43 is 38097.8
Running BFS 44
Time for BFS 44 is 0.399891
Validating BFS 44
Validate time for BFS 44 is 0.000002
TEPS for BFS 44 is 40968.7
Running BFS 45
Time for BFS 45 is 0.409830
Validating BFS 45
Validate time for BFS 45 is 0.000004
TEPS for BFS 45 is 39975.1
Running BFS 46
Time for BFS 46 is 0.450177
Validating BFS 46
Validate time for BFS 46 is 0.000002
TEPS for BFS 46 is 36392.3
Running BFS 47
Time for BFS 47 is 0.429853
Validating BFS 47
Validate time for BFS 47 is 0.000002
TEPS for BFS 47 is 38113
Running BFS 48
Time for BFS 48 is 0.400141
Validating BFS 48
Validate time for BFS 48 is 0.000002
TEPS for BFS 48 is 40943.1
Running BFS 49
Time for BFS 49 is 0.399916
Validating BFS 49
Validate time for BFS 49 is 0.000002
TEPS for BFS 49 is 40966.1
Running BFS 50
Time for BFS 50 is 0.400139
Validating BFS 50
Validate time for BFS 50 is 0.000002
TEPS for BFS 50 is 40943.3
Running BFS 51
Time for BFS 51 is 0.380129
Validating BFS 51
Validate time for BFS 51 is 0.000003
TEPS for BFS 51 is 43098.5
Running BFS 52
Time for BFS 52 is 0.399650
Validating BFS 52
Validate time for BFS 52 is 0.000003
TEPS for BFS 52 is 40993.4
Running BFS 53
Time for BFS 53 is 0.390204
Validating BFS 53
Validate time for BFS 53 is 0.000003
TEPS for BFS 53 is 41985.7
Running BFS 54
Time for BFS 54 is 0.389857
Validating BFS 54
Validate time for BFS 54 is 0.000002
TEPS for BFS 54 is 42023.1
Running BFS 55
Time for BFS 55 is 0.390172
Validating BFS 55
Validate time for BFS 55 is 0.000003
TEPS for BFS 55 is 41989.2
Running BFS 56
Time for BFS 56 is 0.449816
Validating BFS 56
Validate time for BFS 56 is 0.000003
TEPS for BFS 56 is 36421.6
Running BFS 57
Time for BFS 57 is 0.499796
Validating BFS 57
Validate time for BFS 57 is 0.000003
TEPS for BFS 57 is 32779.4
Running BFS 58
Time for BFS 58 is 0.380242
Validating BFS 58
Validate time for BFS 58 is 0.000003
TEPS for BFS 58 is 43085.7
Running BFS 59
Time for BFS 59 is 0.329894
Validating BFS 59
Validate time for BFS 59 is 0.000003
TEPS for BFS 59 is 49661.4
Running BFS 60
Time for BFS 60 is 0.399921
Validating BFS 60
Validate time for BFS 60 is 0.000002
TEPS for BFS 60 is 40965.6
Running BFS 61
Time for BFS 61 is 0.400272
Validating BFS 61
Validate time for BFS 61 is 0.000003
TEPS for BFS 61 is 40929.7
Running BFS 62
Time for BFS 62 is 0.429638
Validating BFS 62
Validate time for BFS 62 is 0.000002
TEPS for BFS 62 is 38132.1
Running BFS 63
Time for BFS 63 is 0.390705
Validating BFS 63
Validate time for BFS 63 is 0.000002
TEPS for BFS 63 is 41931.9
SCALE:                          10
edgefactor:                     16
NBFS:                           64
graph_generation:               3.06242
num_mpi_processes:              32
construction_time:              0.202181
min_time:                       0.300125
firstquartile_time:             0.390188
median_time:                    0.40714
thirdquartile_time:             0.45003
max_time:                       0.559868
mean_time:                      0.41522
stddev_time:                    0.0445576
min_nedge:                      16383
firstquartile_nedge:            16383
median_nedge:                   16383
thirdquartile_nedge:            16383
max_nedge:                      16383
mean_nedge:                     16383
stddev_nedge:                   0
min_TEPS:                       29262.2
firstquartile_TEPS:             36404.2
median_TEPS:                    40239.3
thirdquartile_TEPS:             41987.5
max_TEPS:                       54587.2
harmonic_mean_TEPS:             39456.2
harmonic_stddev_TEPS:           533.443
min_validate:                   9.53674e-07
firstquartile_validate:         1.90735e-06
median_validate:                2.14577e-06
thirdquartile_validate:         3.09944e-06
max_validate:                   4.05312e-06
mean_validate:                  2.45497e-06
stddev_validate:                6.1659e-07
This benchmark was run on 32 MPI Processes, Scale 10, written output_32_10.log
