SCALE 11
edgefactor 16
energytime 0
graph_generation:               3.872509 s
construction_time:              0.179659 s
Running BFS 0
Time for BFS 0 is 0.490148
Validating BFS 0
Validate time for BFS 0 is 0.000001
TEPS for BFS 0 is 66851.3
Running BFS 1
Time for BFS 1 is 0.450671
Validating BFS 1
Validate time for BFS 1 is 0.000002
TEPS for BFS 1 is 72707.1
Running BFS 2
Time for BFS 2 is 0.429858
Validating BFS 2
Validate time for BFS 2 is 0.000003
TEPS for BFS 2 is 76227.5
Running BFS 3
Time for BFS 3 is 0.440081
Validating BFS 3
Validate time for BFS 3 is 0.000003
TEPS for BFS 3 is 74456.8
Running BFS 4
Time for BFS 4 is 0.439869
Validating BFS 4
Validate time for BFS 4 is 0.000003
TEPS for BFS 4 is 74492.6
Running BFS 5
Time for BFS 5 is 0.450092
Validating BFS 5
Validate time for BFS 5 is 0.000003
TEPS for BFS 5 is 72800.7
Running BFS 6
Time for BFS 6 is 0.409914
Validating BFS 6
Validate time for BFS 6 is 0.000002
TEPS for BFS 6 is 79936.3
Running BFS 7
Time for BFS 7 is 0.449724
Validating BFS 7
Validate time for BFS 7 is 0.000002
TEPS for BFS 7 is 72860.2
Running BFS 8
Time for BFS 8 is 0.460122
Validating BFS 8
Validate time for BFS 8 is 0.000003
TEPS for BFS 8 is 71213.7
Running BFS 9
Time for BFS 9 is 0.439961
Validating BFS 9
Validate time for BFS 9 is 0.000004
TEPS for BFS 9 is 74477.1
Running BFS 10
Time for BFS 10 is 0.460255
Validating BFS 10
Validate time for BFS 10 is 0.000002
TEPS for BFS 10 is 71193.2
Running BFS 11
Time for BFS 11 is 0.449801
Validating BFS 11
Validate time for BFS 11 is 0.000003
TEPS for BFS 11 is 72847.8
Running BFS 12
Time for BFS 12 is 0.460257
Validating BFS 12
Validate time for BFS 12 is 0.000002
TEPS for BFS 12 is 71192.9
Running BFS 13
Time for BFS 13 is 0.429768
Validating BFS 13
Validate time for BFS 13 is 0.000002
TEPS for BFS 13 is 76243.4
Running BFS 14
Time for BFS 14 is 0.440211
Validating BFS 14
Validate time for BFS 14 is 0.000002
TEPS for BFS 14 is 74434.8
Running BFS 15
Time for BFS 15 is 0.419826
Validating BFS 15
Validate time for BFS 15 is 0.000002
TEPS for BFS 15 is 78049
Running BFS 16
Time for BFS 16 is 0.449919
Validating BFS 16
Validate time for BFS 16 is 0.000003
TEPS for BFS 16 is 72828.7
Running BFS 17
Time for BFS 17 is 0.560262
Validating BFS 17
Validate time for BFS 17 is 0.000002
TEPS for BFS 17 is 58485.1
Running BFS 18
Time for BFS 18 is 0.589921
Validating BFS 18
Validate time for BFS 18 is 0.000003
TEPS for BFS 18 is 55544.7
Running BFS 19
Time for BFS 19 is 0.450013
Validating BFS 19
Validate time for BFS 19 is 0.000002
TEPS for BFS 19 is 72813.4
Running BFS 20
Time for BFS 20 is 0.509779
Validating BFS 20
Validate time for BFS 20 is 0.000002
TEPS for BFS 20 is 64276.9
Running BFS 21
Time for BFS 21 is 0.460122
Validating BFS 21
Validate time for BFS 21 is 0.000002
TEPS for BFS 21 is 71213.7
Running BFS 22
Time for BFS 22 is 0.560046
Validating BFS 22
Validate time for BFS 22 is 0.000003
TEPS for BFS 22 is 58507.7
Running BFS 23
Time for BFS 23 is 0.449848
Validating BFS 23
Validate time for BFS 23 is 0.000004
TEPS for BFS 23 is 72840.2
Running BFS 24
Time for BFS 24 is 0.469850
Validating BFS 24
Validate time for BFS 24 is 0.000004
TEPS for BFS 24 is 69739.3
Running BFS 25
Time for BFS 25 is 0.420276
Validating BFS 25
Validate time for BFS 25 is 0.000003
TEPS for BFS 25 is 77965.4
Running BFS 26
Time for BFS 26 is 0.469565
Validating BFS 26
Validate time for BFS 26 is 0.000002
TEPS for BFS 26 is 69781.6
Running BFS 27
Time for BFS 27 is 0.420424
Validating BFS 27
Validate time for BFS 27 is 0.000002
TEPS for BFS 27 is 77938
Running BFS 28
Time for BFS 28 is 0.449922
Validating BFS 28
Validate time for BFS 28 is 0.000003
TEPS for BFS 28 is 72828.2
Running BFS 29
Time for BFS 29 is 0.480052
Validating BFS 29
Validate time for BFS 29 is 0.000003
TEPS for BFS 29 is 68257.2
Running BFS 30
Time for BFS 30 is 0.399846
Validating BFS 30
Validate time for BFS 30 is 0.000002
TEPS for BFS 30 is 81949
Running BFS 31
Time for BFS 31 is 0.450130
Validating BFS 31
Validate time for BFS 31 is 0.000002
TEPS for BFS 31 is 72794.5
Running BFS 32
Time for BFS 32 is 0.439885
Validating BFS 32
Validate time for BFS 32 is 0.000002
TEPS for BFS 32 is 74489.9
Running BFS 33
Time for BFS 33 is 0.139765
Validating BFS 33
Validate time for BFS 33 is 0.000002
TEPS for BFS 33 is 234443
Running BFS 34
Time for BFS 34 is 0.450130
Validating BFS 34
Validate time for BFS 34 is 0.000002
TEPS for BFS 34 is 72794.5
Running BFS 35
Time for BFS 35 is 0.460038
Validating BFS 35
Validate time for BFS 35 is 0.000004
TEPS for BFS 35 is 71226.7
Running BFS 36
Time for BFS 36 is 0.469850
Validating BFS 36
Validate time for BFS 36 is 0.000002
TEPS for BFS 36 is 69739.3
Running BFS 37
Time for BFS 37 is 0.380504
Validating BFS 37
Validate time for BFS 37 is 0.000003
TEPS for BFS 37 is 86114.7
Running BFS 38
Time for BFS 38 is 0.549639
Validating BFS 38
Validate time for BFS 38 is 0.000003
TEPS for BFS 38 is 59615.5
Running BFS 39
Time for BFS 39 is 0.450258
Validating BFS 39
Validate time for BFS 39 is 0.000002
TEPS for BFS 39 is 72773.8
Running BFS 40
Time for BFS 40 is 0.439744
Validating BFS 40
Validate time for BFS 40 is 0.000002
TEPS for BFS 40 is 74513.8
Running BFS 41
Time for BFS 41 is 0.410106
Validating BFS 41
Validate time for BFS 41 is 0.000003
TEPS for BFS 41 is 79898.9
Running BFS 42
Time for BFS 42 is 0.389859
Validating BFS 42
Validate time for BFS 42 is 0.000003
TEPS for BFS 42 is 84048.3
Running BFS 43
Time for BFS 43 is 0.440183
Validating BFS 43
Validate time for BFS 43 is 0.000003
TEPS for BFS 43 is 74439.5
Running BFS 44
Time for BFS 44 is 0.399867
Validating BFS 44
Validate time for BFS 44 is 0.000003
TEPS for BFS 44 is 81944.8
Running BFS 45
Time for BFS 45 is 0.389901
Validating BFS 45
Validate time for BFS 45 is 0.000003
TEPS for BFS 45 is 84039.3
Running BFS 46
Time for BFS 46 is 0.430409
Validating BFS 46
Validate time for BFS 46 is 0.000003
TEPS for BFS 46 is 76129.9
Running BFS 47
Time for BFS 47 is 0.459415
Validating BFS 47
Validate time for BFS 47 is 0.000003
TEPS for BFS 47 is 71323.3
Running BFS 48
Time for BFS 48 is 0.400082
Validating BFS 48
Validate time for BFS 48 is 0.000002
TEPS for BFS 48 is 81900.7
Running BFS 49
Time for BFS 49 is 0.399942
Validating BFS 49
Validate time for BFS 49 is 0.000003
TEPS for BFS 49 is 81929.4
Running BFS 50
Time for BFS 50 is 0.399985
Validating BFS 50
Validate time for BFS 50 is 0.000003
TEPS for BFS 50 is 81920.6
Running BFS 51
Time for BFS 51 is 0.409977
Validating BFS 51
Validate time for BFS 51 is 0.000003
TEPS for BFS 51 is 79924
Running BFS 52
Time for BFS 52 is 0.399699
Validating BFS 52
Validate time for BFS 52 is 0.000003
TEPS for BFS 52 is 81979.1
Running BFS 53
Time for BFS 53 is 0.390270
Validating BFS 53
Validate time for BFS 53 is 0.000003
TEPS for BFS 53 is 83959.8
Running BFS 54
Time for BFS 54 is 0.469801
Validating BFS 54
Validate time for BFS 54 is 0.000003
TEPS for BFS 54 is 69746.6
Running BFS 55
Time for BFS 55 is 0.440079
Validating BFS 55
Validate time for BFS 55 is 0.000003
TEPS for BFS 55 is 74457.1
Running BFS 56
Time for BFS 56 is 0.460286
Validating BFS 56
Validate time for BFS 56 is 0.000003
TEPS for BFS 56 is 71188.4
Running BFS 57
Time for BFS 57 is 0.439633
Validating BFS 57
Validate time for BFS 57 is 0.000003
TEPS for BFS 57 is 74532.6
Running BFS 58
Time for BFS 58 is 0.460174
Validating BFS 58
Validate time for BFS 58 is 0.000003
TEPS for BFS 58 is 71205.7
Running BFS 59
Time for BFS 59 is 0.449770
Validating BFS 59
Validate time for BFS 59 is 0.000003
TEPS for BFS 59 is 72852.8
Running BFS 60
Time for BFS 60 is 0.460194
Validating BFS 60
Validate time for BFS 60 is 0.000002
TEPS for BFS 60 is 71202.6
Running BFS 61
Time for BFS 61 is 0.449783
Validating BFS 61
Validate time for BFS 61 is 0.000004
TEPS for BFS 61 is 72850.7
Running BFS 62
Time for BFS 62 is 0.460232
Validating BFS 62
Validate time for BFS 62 is 0.000003
TEPS for BFS 62 is 71196.7
Running BFS 63
Time for BFS 63 is 0.440087
Validating BFS 63
Validate time for BFS 63 is 0.000003
TEPS for BFS 63 is 74455.7
SCALE:                          11
edgefactor:                     16
NBFS:                           64
graph_generation:               3.87251
num_mpi_processes:              32
construction_time:              0.179659
min_time:                       0.139765
firstquartile_time:             0.42035
median_time:                    0.449777
thirdquartile_time:             0.460184
max_time:                       0.589921
mean_time:                      0.442814
stddev_time:                    0.0557413
min_nedge:                      32767
firstquartile_nedge:            32767
median_nedge:                   32767
thirdquartile_nedge:            32767
max_nedge:                      32767
mean_nedge:                     32767
stddev_nedge:                   0
min_TEPS:                       55544.7
firstquartile_TEPS:             71204.1
median_TEPS:                    72851.7
thirdquartile_TEPS:             77951.7
max_TEPS:                       234443
harmonic_mean_TEPS:             73997.3
harmonic_stddev_TEPS:           1173.55
min_validate:                   9.53674e-07
firstquartile_validate:         1.90735e-06
median_validate:                2.86102e-06
thirdquartile_validate:         3.09944e-06
max_validate:                   4.05312e-06
mean_validate:                  2.64496e-06
stddev_validate:                6.61815e-07
This benchmark was run on 32 MPI Processes, Scale 11, written output_32_11.log
