SCALE 2
edgefactor 16
energytime 0
graph_generation:               0.501260 s
construction_time:              0.140479 s
Running BFS 0
Time for BFS 0 is 0.139655
Validating BFS 0
Validate time for BFS 0 is 0.000002
TEPS for BFS 0 is 451.112
Running BFS 1
Time for BFS 1 is 0.239800
Validating BFS 1
Validate time for BFS 1 is 0.000002
TEPS for BFS 1 is 262.719
Running BFS 2
Time for BFS 2 is 0.239874
Validating BFS 2
Validate time for BFS 2 is 0.000003
TEPS for BFS 2 is 262.638
Running BFS 3
Time for BFS 3 is 0.139786
Validating BFS 3
Validate time for BFS 3 is 0.000003
TEPS for BFS 3 is 450.689
Running BFS 4
Time for BFS 4 is 0.250429
Validating BFS 4
Validate time for BFS 4 is 0.000004
TEPS for BFS 4 is 251.568
Running BFS 5
Time for BFS 5 is 0.139839
Validating BFS 5
Validate time for BFS 5 is 0.000002
TEPS for BFS 5 is 450.518
Running BFS 6
Time for BFS 6 is 0.240128
Validating BFS 6
Validate time for BFS 6 is 0.000002
TEPS for BFS 6 is 262.36
Running BFS 7
Time for BFS 7 is 0.259809
Validating BFS 7
Validate time for BFS 7 is 0.000003
TEPS for BFS 7 is 242.486
Running BFS 8
Time for BFS 8 is 0.119866
Validating BFS 8
Validate time for BFS 8 is 0.000002
TEPS for BFS 8 is 525.587
Running BFS 9
Time for BFS 9 is 0.210500
Validating BFS 9
Validate time for BFS 9 is 0.000002
TEPS for BFS 9 is 299.287
Running BFS 10
Time for BFS 10 is 0.229626
Validating BFS 10
Validate time for BFS 10 is 0.000003
TEPS for BFS 10 is 274.359
Running BFS 11
Time for BFS 11 is 0.229926
Validating BFS 11
Validate time for BFS 11 is 0.000003
TEPS for BFS 11 is 274.001
Running BFS 12
Time for BFS 12 is 0.139842
Validating BFS 12
Validate time for BFS 12 is 0.000002
TEPS for BFS 12 is 450.508
Running BFS 13
Time for BFS 13 is 0.230129
Validating BFS 13
Validate time for BFS 13 is 0.000002
TEPS for BFS 13 is 273.759
Running BFS 14
Time for BFS 14 is 0.139761
Validating BFS 14
Validate time for BFS 14 is 0.000003
TEPS for BFS 14 is 450.77
Running BFS 15
Time for BFS 15 is 0.229991
Validating BFS 15
Validate time for BFS 15 is 0.000002
TEPS for BFS 15 is 273.924
Running BFS 16
Time for BFS 16 is 0.129812
Validating BFS 16
Validate time for BFS 16 is 0.000002
TEPS for BFS 16 is 485.317
Running BFS 17
Time for BFS 17 is 0.259812
Validating BFS 17
Validate time for BFS 17 is 0.000004
TEPS for BFS 17 is 242.483
Running BFS 18
Time for BFS 18 is 0.230202
Validating BFS 18
Validate time for BFS 18 is 0.000003
TEPS for BFS 18 is 273.673
Running BFS 19
Time for BFS 19 is 0.239960
Validating BFS 19
Validate time for BFS 19 is 0.000003
TEPS for BFS 19 is 262.544
Running BFS 20
Time for BFS 20 is 0.139893
Validating BFS 20
Validate time for BFS 20 is 0.000002
TEPS for BFS 20 is 450.344
Running BFS 21
Time for BFS 21 is 0.129829
Validating BFS 21
Validate time for BFS 21 is 0.000003
TEPS for BFS 21 is 485.254
Running BFS 22
Time for BFS 22 is 0.249838
Validating BFS 22
Validate time for BFS 22 is 0.000003
TEPS for BFS 22 is 252.164
Running BFS 23
Time for BFS 23 is 0.149904
Validating BFS 23
Validate time for BFS 23 is 0.000002
TEPS for BFS 23 is 420.269
Running BFS 24
Time for BFS 24 is 0.280141
Validating BFS 24
Validate time for BFS 24 is 0.000002
TEPS for BFS 24 is 224.887
Running BFS 25
Time for BFS 25 is 0.260186
Validating BFS 25
Validate time for BFS 25 is 0.000003
TEPS for BFS 25 is 242.135
Running BFS 26
Time for BFS 26 is 0.149801
Validating BFS 26
Validate time for BFS 26 is 0.000002
TEPS for BFS 26 is 420.558
Running BFS 27
Time for BFS 27 is 0.139883
Validating BFS 27
Validate time for BFS 27 is 0.000002
TEPS for BFS 27 is 450.377
Running BFS 28
Time for BFS 28 is 0.250161
Validating BFS 28
Validate time for BFS 28 is 0.000003
TEPS for BFS 28 is 251.838
Running BFS 29
Time for BFS 29 is 0.240125
Validating BFS 29
Validate time for BFS 29 is 0.000004
TEPS for BFS 29 is 262.363
Running BFS 30
Time for BFS 30 is 0.239423
Validating BFS 30
Validate time for BFS 30 is 0.000003
TEPS for BFS 30 is 263.133
Running BFS 31
Time for BFS 31 is 0.249722
Validating BFS 31
Validate time for BFS 31 is 0.000003
TEPS for BFS 31 is 252.281
Running BFS 32
Time for BFS 32 is 0.139841
Validating BFS 32
Validate time for BFS 32 is 0.000003
TEPS for BFS 32 is 450.511
Running BFS 33
Time for BFS 33 is 0.240147
Validating BFS 33
Validate time for BFS 33 is 0.000003
TEPS for BFS 33 is 262.339
Running BFS 34
Time for BFS 34 is 0.139753
Validating BFS 34
Validate time for BFS 34 is 0.000002
TEPS for BFS 34 is 450.795
Running BFS 35
Time for BFS 35 is 0.239832
Validating BFS 35
Validate time for BFS 35 is 0.000003
TEPS for BFS 35 is 262.684
Running BFS 36
Time for BFS 36 is 0.139848
Validating BFS 36
Validate time for BFS 36 is 0.000003
TEPS for BFS 36 is 450.489
Running BFS 37
Time for BFS 37 is 0.139850
Validating BFS 37
Validate time for BFS 37 is 0.000002
TEPS for BFS 37 is 450.483
Running BFS 38
Time for BFS 38 is 0.139848
Validating BFS 38
Validate time for BFS 38 is 0.000002
TEPS for BFS 38 is 450.489
Running BFS 39
Time for BFS 39 is 0.230213
Validating BFS 39
Validate time for BFS 39 is 0.000003
TEPS for BFS 39 is 273.66
Running BFS 40
Time for BFS 40 is 0.139849
Validating BFS 40
Validate time for BFS 40 is 0.000003
TEPS for BFS 40 is 450.486
Running BFS 41
Time for BFS 41 is 0.219936
Validating BFS 41
Validate time for BFS 41 is 0.000003
TEPS for BFS 41 is 286.447
Running BFS 42
Time for BFS 42 is 0.209716
Validating BFS 42
Validate time for BFS 42 is 0.000003
TEPS for BFS 42 is 300.406
Running BFS 43
Time for BFS 43 is 0.139773
Validating BFS 43
Validate time for BFS 43 is 0.000003
TEPS for BFS 43 is 450.73
Running BFS 44
Time for BFS 44 is 0.119926
Validating BFS 44
Validate time for BFS 44 is 0.000003
TEPS for BFS 44 is 525.324
Running BFS 45
Time for BFS 45 is 0.219831
Validating BFS 45
Validate time for BFS 45 is 0.000002
TEPS for BFS 45 is 286.584
Running BFS 46
Time for BFS 46 is 0.229793
Validating BFS 46
Validate time for BFS 46 is 0.000003
TEPS for BFS 46 is 274.16
Running BFS 47
Time for BFS 47 is 0.149851
Validating BFS 47
Validate time for BFS 47 is 0.000002
TEPS for BFS 47 is 420.417
Running BFS 48
Time for BFS 48 is 0.149818
Validating BFS 48
Validate time for BFS 48 is 0.000002
TEPS for BFS 48 is 420.51
Running BFS 49
Time for BFS 49 is 0.239878
Validating BFS 49
Validate time for BFS 49 is 0.000004
TEPS for BFS 49 is 262.633
Running BFS 50
Time for BFS 50 is 0.140057
Validating BFS 50
Validate time for BFS 50 is 0.000003
TEPS for BFS 50 is 449.817
Running BFS 51
Time for BFS 51 is 0.139869
Validating BFS 51
Validate time for BFS 51 is 0.000002
TEPS for BFS 51 is 450.422
Running BFS 52
Time for BFS 52 is 0.249856
Validating BFS 52
Validate time for BFS 52 is 0.000003
TEPS for BFS 52 is 252.145
Running BFS 53
Time for BFS 53 is 0.209952
Validating BFS 53
Validate time for BFS 53 is 0.000002
TEPS for BFS 53 is 300.068
Running BFS 54
Time for BFS 54 is 0.239729
Validating BFS 54
Validate time for BFS 54 is 0.000003
TEPS for BFS 54 is 262.797
Running BFS 55
Time for BFS 55 is 0.130134
Validating BFS 55
Validate time for BFS 55 is 0.000002
TEPS for BFS 55 is 484.116
Running BFS 56
Time for BFS 56 is 0.129901
Validating BFS 56
Validate time for BFS 56 is 0.000003
TEPS for BFS 56 is 484.984
Running BFS 57
Time for BFS 57 is 0.239837
Validating BFS 57
Validate time for BFS 57 is 0.000004
TEPS for BFS 57 is 262.678
Running BFS 58
Time for BFS 58 is 0.249804
Validating BFS 58
Validate time for BFS 58 is 0.000003
TEPS for BFS 58 is 252.198
Running BFS 59
Time for BFS 59 is 0.119947
Validating BFS 59
Validate time for BFS 59 is 0.000002
TEPS for BFS 59 is 525.232
Running BFS 60
Time for BFS 60 is 0.129846
Validating BFS 60
Validate time for BFS 60 is 0.000003
TEPS for BFS 60 is 485.19
Running BFS 61
Time for BFS 61 is 0.130304
Validating BFS 61
Validate time for BFS 61 is 0.000003
TEPS for BFS 61 is 483.484
Running BFS 62
Time for BFS 62 is 0.139796
Validating BFS 62
Validate time for BFS 62 is 0.000002
TEPS for BFS 62 is 450.657
Running BFS 63
Time for BFS 63 is 0.240079
Validating BFS 63
Validate time for BFS 63 is 0.000002
TEPS for BFS 63 is 262.413
SCALE:                          2
edgefactor:                     16
NBFS:                           64
graph_generation:               0.50126
num_mpi_processes:              32
construction_time:              0.140479
min_time:                       0.119866
firstquartile_time:             0.13984
median_time:                    0.210226
thirdquartile_time:             0.239876
max_time:                       0.280141
mean_time:                      0.191164
stddev_time:                    0.0525461
min_nedge:                      63
firstquartile_nedge:            63
median_nedge:                   63
thirdquartile_nedge:            63
max_nedge:                      63
mean_nedge:                     63
stddev_nedge:                   0
min_TEPS:                       224.887
firstquartile_TEPS:             262.636
median_TEPS:                    299.677
thirdquartile_TEPS:             450.514
max_TEPS:                       525.587
harmonic_mean_TEPS:             329.561
harmonic_stddev_TEPS:           11.413
min_validate:                   1.90735e-06
firstquartile_validate:         2.14577e-06
median_validate:                2.86102e-06
thirdquartile_validate:         3.09944e-06
max_validate:                   4.05312e-06
mean_validate:                  2.65986e-06
stddev_validate:                6.27525e-07
This benchmark was run on 32 MPI Processes, Scale 2, written output_32_2.log
