SCALE 14
edgefactor 16
energytime 0
graph_generation:               10.405007 s
construction_time:              0.704951 s
Running BFS 0
Time for BFS 0 is 0.487108
Validating BFS 0
Validate time for BFS 0 is 0.000002
TEPS for BFS 0 is 538162
Running BFS 1
Time for BFS 1 is 0.510043
Validating BFS 1
Validate time for BFS 1 is 0.000002
TEPS for BFS 1 is 513963
Running BFS 2
Time for BFS 2 is 0.450329
Validating BFS 2
Validate time for BFS 2 is 0.000003
TEPS for BFS 2 is 582115
Running BFS 3
Time for BFS 3 is 0.540099
Validating BFS 3
Validate time for BFS 3 is 0.000002
TEPS for BFS 3 is 485361
Running BFS 4
Time for BFS 4 is 0.620276
Validating BFS 4
Validate time for BFS 4 is 0.000002
TEPS for BFS 4 is 422623
Running BFS 5
Time for BFS 5 is 0.439631
Validating BFS 5
Validate time for BFS 5 is 0.000004
TEPS for BFS 5 is 596280
Running BFS 6
Time for BFS 6 is 0.560285
Validating BFS 6
Validate time for BFS 6 is 0.000003
TEPS for BFS 6 is 467875
Running BFS 7
Time for BFS 7 is 0.559727
Validating BFS 7
Validate time for BFS 7 is 0.000004
TEPS for BFS 7 is 468341
Running BFS 8
Time for BFS 8 is 0.600610
Validating BFS 8
Validate time for BFS 8 is 0.000002
TEPS for BFS 8 is 436461
Running BFS 9
Time for BFS 9 is 0.640248
Validating BFS 9
Validate time for BFS 9 is 0.000002
TEPS for BFS 9 is 409440
Running BFS 10
Time for BFS 10 is 0.639791
Validating BFS 10
Validate time for BFS 10 is 0.000003
TEPS for BFS 10 is 409732
Running BFS 11
Time for BFS 11 is 0.640116
Validating BFS 11
Validate time for BFS 11 is 0.000001
TEPS for BFS 11 is 409524
Running BFS 12
Time for BFS 12 is 0.510006
Validating BFS 12
Validate time for BFS 12 is 0.000003
TEPS for BFS 12 is 514000
Running BFS 13
Time for BFS 13 is 0.630142
Validating BFS 13
Validate time for BFS 13 is 0.000003
TEPS for BFS 13 is 416006
Running BFS 14
Time for BFS 14 is 0.570154
Validating BFS 14
Validate time for BFS 14 is 0.000003
TEPS for BFS 14 is 459776
Running BFS 15
Time for BFS 15 is 0.469805
Validating BFS 15
Validate time for BFS 15 is 0.000003
TEPS for BFS 15 is 557983
Running BFS 16
Time for BFS 16 is 0.439954
Validating BFS 16
Validate time for BFS 16 is 0.000002
TEPS for BFS 16 is 595842
Running BFS 17
Time for BFS 17 is 0.560042
Validating BFS 17
Validate time for BFS 17 is 0.000002
TEPS for BFS 17 is 468077
Running BFS 18
Time for BFS 18 is 0.530206
Validating BFS 18
Validate time for BFS 18 is 0.000003
TEPS for BFS 18 is 494417
Running BFS 19
Time for BFS 19 is 0.509888
Validating BFS 19
Validate time for BFS 19 is 0.000003
TEPS for BFS 19 is 514119
Running BFS 20
Time for BFS 20 is 0.620176
Validating BFS 20
Validate time for BFS 20 is 0.000002
TEPS for BFS 20 is 422691
Running BFS 21
Time for BFS 21 is 0.589701
Validating BFS 21
Validate time for BFS 21 is 0.000003
TEPS for BFS 21 is 444535
Running BFS 22
Time for BFS 22 is 0.470049
Validating BFS 22
Validate time for BFS 22 is 0.000003
TEPS for BFS 22 is 557693
Running BFS 23
Time for BFS 23 is 0.569757
Validating BFS 23
Validate time for BFS 23 is 0.000004
TEPS for BFS 23 is 460096
Running BFS 24
Time for BFS 24 is 0.490404
Validating BFS 24
Validate time for BFS 24 is 0.000002
TEPS for BFS 24 is 534545
Running BFS 25
Time for BFS 25 is 0.579785
Validating BFS 25
Validate time for BFS 25 is 0.000002
TEPS for BFS 25 is 452138
Running BFS 26
Time for BFS 26 is 0.460194
Validating BFS 26
Validate time for BFS 26 is 0.000003
TEPS for BFS 26 is 569636
Running BFS 27
Time for BFS 27 is 0.619841
Validating BFS 27
Validate time for BFS 27 is 0.000002
TEPS for BFS 27 is 422920
Running BFS 28
Time for BFS 28 is 0.550294
Validating BFS 28
Validate time for BFS 28 is 0.000002
TEPS for BFS 28 is 476369
Running BFS 29
Time for BFS 29 is 0.399593
Validating BFS 29
Validate time for BFS 29 is 0.000004
TEPS for BFS 29 is 656025
Running BFS 30
Time for BFS 30 is 0.560239
Validating BFS 30
Validate time for BFS 30 is 0.000003
TEPS for BFS 30 is 467913
Running BFS 31
Time for BFS 31 is 0.439943
Validating BFS 31
Validate time for BFS 31 is 0.000003
TEPS for BFS 31 is 595857
Running BFS 32
Time for BFS 32 is 0.460160
Validating BFS 32
Validate time for BFS 32 is 0.000003
TEPS for BFS 32 is 569678
Running BFS 33
Time for BFS 33 is 0.449745
Validating BFS 33
Validate time for BFS 33 is 0.000003
TEPS for BFS 33 is 582870
Running BFS 34
Time for BFS 34 is 0.560294
Validating BFS 34
Validate time for BFS 34 is 0.000003
TEPS for BFS 34 is 467867
Running BFS 35
Time for BFS 35 is 0.459835
Validating BFS 35
Validate time for BFS 35 is 0.000003
TEPS for BFS 35 is 570081
Running BFS 36
Time for BFS 36 is 0.560098
Validating BFS 36
Validate time for BFS 36 is 0.000003
TEPS for BFS 36 is 468031
Running BFS 37
Time for BFS 37 is 0.559924
Validating BFS 37
Validate time for BFS 37 is 0.000003
TEPS for BFS 37 is 468176
Running BFS 38
Time for BFS 38 is 0.400236
Validating BFS 38
Validate time for BFS 38 is 0.000002
TEPS for BFS 38 is 654971
Running BFS 39
Time for BFS 39 is 0.550168
Validating BFS 39
Validate time for BFS 39 is 0.000003
TEPS for BFS 39 is 476478
Running BFS 40
Time for BFS 40 is 0.450569
Validating BFS 40
Validate time for BFS 40 is 0.000002
TEPS for BFS 40 is 581804
Running BFS 41
Time for BFS 41 is 0.519762
Validating BFS 41
Validate time for BFS 41 is 0.000002
TEPS for BFS 41 is 504352
Running BFS 42
Time for BFS 42 is 0.440195
Validating BFS 42
Validate time for BFS 42 is 0.000002
TEPS for BFS 42 is 595516
Running BFS 43
Time for BFS 43 is 0.559800
Validating BFS 43
Validate time for BFS 43 is 0.000003
TEPS for BFS 43 is 468280
Running BFS 44
Time for BFS 44 is 0.440138
Validating BFS 44
Validate time for BFS 44 is 0.000003
TEPS for BFS 44 is 595593
Running BFS 45
Time for BFS 45 is 0.559764
Validating BFS 45
Validate time for BFS 45 is 0.000003
TEPS for BFS 45 is 468310
Running BFS 46
Time for BFS 46 is 0.550234
Validating BFS 46
Validate time for BFS 46 is 0.000003
TEPS for BFS 46 is 476421
Running BFS 47
Time for BFS 47 is 0.470077
Validating BFS 47
Validate time for BFS 47 is 0.000003
TEPS for BFS 47 is 557660
Running BFS 48
Time for BFS 48 is 0.420063
Validating BFS 48
Validate time for BFS 48 is 0.000004
TEPS for BFS 48 is 624056
Running BFS 49
Time for BFS 49 is 0.549808
Validating BFS 49
Validate time for BFS 49 is 0.000004
TEPS for BFS 49 is 476790
Running BFS 50
Time for BFS 50 is 0.540061
Validating BFS 50
Validate time for BFS 50 is 0.000003
TEPS for BFS 50 is 485395
Running BFS 51
Time for BFS 51 is 0.509757
Validating BFS 51
Validate time for BFS 51 is 0.000004
TEPS for BFS 51 is 514251
Running BFS 52
Time for BFS 52 is 0.430323
Validating BFS 52
Validate time for BFS 52 is 0.000002
TEPS for BFS 52 is 609177
Running BFS 53
Time for BFS 53 is 0.529737
Validating BFS 53
Validate time for BFS 53 is 0.000003
TEPS for BFS 53 is 494855
Running BFS 54
Time for BFS 54 is 0.389775
Validating BFS 54
Validate time for BFS 54 is 0.000003
TEPS for BFS 54 is 672549
Running BFS 55
Time for BFS 55 is 0.489789
Validating BFS 55
Validate time for BFS 55 is 0.000003
TEPS for BFS 55 is 535216
Running BFS 56
Time for BFS 56 is 0.479926
Validating BFS 56
Validate time for BFS 56 is 0.000003
TEPS for BFS 56 is 546215
Running BFS 57
Time for BFS 57 is 0.379949
Validating BFS 57
Validate time for BFS 57 is 0.000003
TEPS for BFS 57 is 689943
Running BFS 58
Time for BFS 58 is 0.509657
Validating BFS 58
Validate time for BFS 58 is 0.000003
TEPS for BFS 58 is 514352
Running BFS 59
Time for BFS 59 is 0.489806
Validating BFS 59
Validate time for BFS 59 is 0.000004
TEPS for BFS 59 is 535198
Running BFS 60
Time for BFS 60 is 0.549818
Validating BFS 60
Validate time for BFS 60 is 0.000003
TEPS for BFS 60 is 476781
Running BFS 61
Time for BFS 61 is 0.559832
Validating BFS 61
Validate time for BFS 61 is 0.000002
TEPS for BFS 61 is 468253
Running BFS 62
Time for BFS 62 is 0.559851
Validating BFS 62
Validate time for BFS 62 is 0.000002
TEPS for BFS 62 is 468237
Running BFS 63
Time for BFS 63 is 0.559943
Validating BFS 63
Validate time for BFS 63 is 0.000003
TEPS for BFS 63 is 468160
SCALE:                          14
edgefactor:                     16
NBFS:                           64
graph_generation:               10.405
num_mpi_processes:              32
construction_time:              0.704951
min_time:                       0.379949
firstquartile_time:             0.460177
median_time:                    0.529971
thirdquartile_time:             0.56007
max_time:                       0.640248
mean_time:                      0.518711
stddev_time:                    0.0671665
min_nedge:                      262143
firstquartile_nedge:            262143
median_nedge:                   262143
thirdquartile_nedge:            262143
max_nedge:                      262143
mean_nedge:                     262143
stddev_nedge:                   0
min_TEPS:                       409440
firstquartile_TEPS:             468054
median_TEPS:                    494636
thirdquartile_TEPS:             569657
max_TEPS:                       689943
harmonic_mean_TEPS:             505373
harmonic_stddev_TEPS:           8244.59
min_validate:                   1.19209e-06
firstquartile_validate:         2.14577e-06
median_validate:                2.86102e-06
thirdquartile_validate:         3.09944e-06
max_validate:                   4.05312e-06
mean_validate:                  2.80142e-06
stddev_validate:                6.71668e-07
This benchmark was run on 32 MPI Processes, Scale 14, written output_32_14.log
