SCALE 12
edgefactor 16
energytime 0
graph_generation:               4.443984 s
construction_time:              0.237863 s
Running BFS 0
Time for BFS 0 is 0.494571
Validating BFS 0
Validate time for BFS 0 is 0.000003
TEPS for BFS 0 is 132509
Running BFS 1
Time for BFS 1 is 0.449809
Validating BFS 1
Validate time for BFS 1 is 0.000003
TEPS for BFS 1 is 145695
Running BFS 2
Time for BFS 2 is 0.450069
Validating BFS 2
Validate time for BFS 2 is 0.000003
TEPS for BFS 2 is 145611
Running BFS 3
Time for BFS 3 is 0.429913
Validating BFS 3
Validate time for BFS 3 is 0.000002
TEPS for BFS 3 is 152438
Running BFS 4
Time for BFS 4 is 0.459854
Validating BFS 4
Validate time for BFS 4 is 0.000002
TEPS for BFS 4 is 142513
Running BFS 5
Time for BFS 5 is 0.510165
Validating BFS 5
Validate time for BFS 5 is 0.000003
TEPS for BFS 5 is 128458
Running BFS 6
Time for BFS 6 is 0.459703
Validating BFS 6
Validate time for BFS 6 is 0.000003
TEPS for BFS 6 is 142559
Running BFS 7
Time for BFS 7 is 0.430336
Validating BFS 7
Validate time for BFS 7 is 0.000002
TEPS for BFS 7 is 152288
Running BFS 8
Time for BFS 8 is 0.469669
Validating BFS 8
Validate time for BFS 8 is 0.000003
TEPS for BFS 8 is 139534
Running BFS 9
Time for BFS 9 is 0.520309
Validating BFS 9
Validate time for BFS 9 is 0.000003
TEPS for BFS 9 is 125954
Running BFS 10
Time for BFS 10 is 0.450072
Validating BFS 10
Validate time for BFS 10 is 0.000003
TEPS for BFS 10 is 145610
Running BFS 11
Time for BFS 11 is 0.410094
Validating BFS 11
Validate time for BFS 11 is 0.000003
TEPS for BFS 11 is 159805
Running BFS 12
Time for BFS 12 is 0.479847
Validating BFS 12
Validate time for BFS 12 is 0.000003
TEPS for BFS 12 is 136575
Running BFS 13
Time for BFS 13 is 0.309956
Validating BFS 13
Validate time for BFS 13 is 0.000002
TEPS for BFS 13 is 211433
Running BFS 14
Time for BFS 14 is 0.400297
Validating BFS 14
Validate time for BFS 14 is 0.000003
TEPS for BFS 14 is 163716
Running BFS 15
Time for BFS 15 is 0.419816
Validating BFS 15
Validate time for BFS 15 is 0.000003
TEPS for BFS 15 is 156104
Running BFS 16
Time for BFS 16 is 0.390088
Validating BFS 16
Validate time for BFS 16 is 0.000003
TEPS for BFS 16 is 168001
Running BFS 17
Time for BFS 17 is 0.399713
Validating BFS 17
Validate time for BFS 17 is 0.000003
TEPS for BFS 17 is 163955
Running BFS 18
Time for BFS 18 is 0.399810
Validating BFS 18
Validate time for BFS 18 is 0.000003
TEPS for BFS 18 is 163915
Running BFS 19
Time for BFS 19 is 0.510315
Validating BFS 19
Validate time for BFS 19 is 0.000003
TEPS for BFS 19 is 128421
Running BFS 20
Time for BFS 20 is 0.459800
Validating BFS 20
Validate time for BFS 20 is 0.000003
TEPS for BFS 20 is 142529
Running BFS 21
Time for BFS 21 is 0.430125
Validating BFS 21
Validate time for BFS 21 is 0.000003
TEPS for BFS 21 is 152363
Running BFS 22
Time for BFS 22 is 0.390090
Validating BFS 22
Validate time for BFS 22 is 0.000003
TEPS for BFS 22 is 168000
Running BFS 23
Time for BFS 23 is 0.399999
Validating BFS 23
Validate time for BFS 23 is 0.000003
TEPS for BFS 23 is 163838
Running BFS 24
Time for BFS 24 is 0.400214
Validating BFS 24
Validate time for BFS 24 is 0.000003
TEPS for BFS 24 is 163750
Running BFS 25
Time for BFS 25 is 0.420163
Validating BFS 25
Validate time for BFS 25 is 0.000003
TEPS for BFS 25 is 155975
Running BFS 26
Time for BFS 26 is 0.419849
Validating BFS 26
Validate time for BFS 26 is 0.000003
TEPS for BFS 26 is 156092
Running BFS 27
Time for BFS 27 is 0.459810
Validating BFS 27
Validate time for BFS 27 is 0.000003
TEPS for BFS 27 is 142526
Running BFS 28
Time for BFS 28 is 0.470280
Validating BFS 28
Validate time for BFS 28 is 0.000003
TEPS for BFS 28 is 139353
Running BFS 29
Time for BFS 29 is 0.449814
Validating BFS 29
Validate time for BFS 29 is 0.000004
TEPS for BFS 29 is 145694
Running BFS 30
Time for BFS 30 is 0.400215
Validating BFS 30
Validate time for BFS 30 is 0.000003
TEPS for BFS 30 is 163750
Running BFS 31
Time for BFS 31 is 0.559779
Validating BFS 31
Validate time for BFS 31 is 0.000003
TEPS for BFS 31 is 117073
Running BFS 32
Time for BFS 32 is 0.440161
Validating BFS 32
Validate time for BFS 32 is 0.000003
TEPS for BFS 32 is 148889
Running BFS 33
Time for BFS 33 is 0.450163
Validating BFS 33
Validate time for BFS 33 is 0.000003
TEPS for BFS 33 is 145581
Running BFS 34
Time for BFS 34 is 0.439993
Validating BFS 34
Validate time for BFS 34 is 0.000003
TEPS for BFS 34 is 148946
Running BFS 35
Time for BFS 35 is 0.470149
Validating BFS 35
Validate time for BFS 35 is 0.000003
TEPS for BFS 35 is 139392
Running BFS 36
Time for BFS 36 is 0.449752
Validating BFS 36
Validate time for BFS 36 is 0.000003
TEPS for BFS 36 is 145714
Running BFS 37
Time for BFS 37 is 0.450255
Validating BFS 37
Validate time for BFS 37 is 0.000003
TEPS for BFS 37 is 145551
Running BFS 38
Time for BFS 38 is 0.439587
Validating BFS 38
Validate time for BFS 38 is 0.000003
TEPS for BFS 38 is 149083
Running BFS 39
Time for BFS 39 is 0.410110
Validating BFS 39
Validate time for BFS 39 is 0.000003
TEPS for BFS 39 is 159799
Running BFS 40
Time for BFS 40 is 0.459780
Validating BFS 40
Validate time for BFS 40 is 0.000002
TEPS for BFS 40 is 142536
Running BFS 41
Time for BFS 41 is 0.450199
Validating BFS 41
Validate time for BFS 41 is 0.000003
TEPS for BFS 41 is 145569
Running BFS 42
Time for BFS 42 is 0.439855
Validating BFS 42
Validate time for BFS 42 is 0.000003
TEPS for BFS 42 is 148992
Running BFS 43
Time for BFS 43 is 0.490440
Validating BFS 43
Validate time for BFS 43 is 0.000002
TEPS for BFS 43 is 133625
Running BFS 44
Time for BFS 44 is 0.549955
Validating BFS 44
Validate time for BFS 44 is 0.000004
TEPS for BFS 44 is 119164
Running BFS 45
Time for BFS 45 is 0.470619
Validating BFS 45
Validate time for BFS 45 is 0.000003
TEPS for BFS 45 is 139253
Running BFS 46
Time for BFS 46 is 0.439543
Validating BFS 46
Validate time for BFS 46 is 0.000003
TEPS for BFS 46 is 149098
Running BFS 47
Time for BFS 47 is 0.470438
Validating BFS 47
Validate time for BFS 47 is 0.000003
TEPS for BFS 47 is 139306
Running BFS 48
Time for BFS 48 is 0.439467
Validating BFS 48
Validate time for BFS 48 is 0.000003
TEPS for BFS 48 is 149124
Running BFS 49
Time for BFS 49 is 0.469986
Validating BFS 49
Validate time for BFS 49 is 0.000004
TEPS for BFS 49 is 139440
Running BFS 50
Time for BFS 50 is 0.439958
Validating BFS 50
Validate time for BFS 50 is 0.000003
TEPS for BFS 50 is 148957
Running BFS 51
Time for BFS 51 is 0.459861
Validating BFS 51
Validate time for BFS 51 is 0.000004
TEPS for BFS 51 is 142510
Running BFS 52
Time for BFS 52 is 0.440102
Validating BFS 52
Validate time for BFS 52 is 0.000003
TEPS for BFS 52 is 148909
Running BFS 53
Time for BFS 53 is 0.469903
Validating BFS 53
Validate time for BFS 53 is 0.000003
TEPS for BFS 53 is 139465
Running BFS 54
Time for BFS 54 is 0.430301
Validating BFS 54
Validate time for BFS 54 is 0.000003
TEPS for BFS 54 is 152300
Running BFS 55
Time for BFS 55 is 0.349841
Validating BFS 55
Validate time for BFS 55 is 0.000004
TEPS for BFS 55 is 187328
Running BFS 56
Time for BFS 56 is 0.349786
Validating BFS 56
Validate time for BFS 56 is 0.000004
TEPS for BFS 56 is 187358
Running BFS 57
Time for BFS 57 is 0.560361
Validating BFS 57
Validate time for BFS 57 is 0.000003
TEPS for BFS 57 is 116951
Running BFS 58
Time for BFS 58 is 0.560122
Validating BFS 58
Validate time for BFS 58 is 0.000003
TEPS for BFS 58 is 117001
Running BFS 59
Time for BFS 59 is 0.469827
Validating BFS 59
Validate time for BFS 59 is 0.000003
TEPS for BFS 59 is 139487
Running BFS 60
Time for BFS 60 is 0.399667
Validating BFS 60
Validate time for BFS 60 is 0.000003
TEPS for BFS 60 is 163974
Running BFS 61
Time for BFS 61 is 0.410185
Validating BFS 61
Validate time for BFS 61 is 0.000002
TEPS for BFS 61 is 159769
Running BFS 62
Time for BFS 62 is 0.419819
Validating BFS 62
Validate time for BFS 62 is 0.000004
TEPS for BFS 62 is 156103
Running BFS 63
Time for BFS 63 is 0.450459
Validating BFS 63
Validate time for BFS 63 is 0.000003
TEPS for BFS 63 is 145485
SCALE:                          12
edgefactor:                     16
NBFS:                           64
graph_generation:               4.44398
num_mpi_processes:              32
construction_time:              0.237863
min_time:                       0.309956
firstquartile_time:             0.419817
median_time:                    0.44978
thirdquartile_time:             0.469865
max_time:                       0.560361
mean_time:                      0.446019
stddev_time:                    0.0473129
min_nedge:                      65535
firstquartile_nedge:            65535
median_nedge:                   65535
thirdquartile_nedge:            65535
max_nedge:                      65535
mean_nedge:                     65535
stddev_nedge:                   0
min_TEPS:                       116951
firstquartile_TEPS:             139476
median_TEPS:                    145704
thirdquartile_TEPS:             156104
max_TEPS:                       211433
harmonic_mean_TEPS:             146933
harmonic_stddev_TEPS:           1963.71
min_validate:                   1.90735e-06
firstquartile_validate:         2.86102e-06
median_validate:                3.09944e-06
thirdquartile_validate:         3.09944e-06
max_validate:                   4.05312e-06
mean_validate:                  3.01376e-06
stddev_validate:                4.86887e-07
This benchmark was run on 32 MPI Processes, Scale 12, written output_32_12.log
