SCALE 23
edgefactor 16
energytime 0
graph_generation:               370.545845 s
construction_time:              26.435458 s
Running BFS 0
Time for BFS 0 is 6.373666
Validating BFS 0
Validate time for BFS 0 is 0.000004
TEPS for BFS 0 is 2.10582e+07
Running BFS 1
Time for BFS 1 is 6.873671
Validating BFS 1
Validate time for BFS 1 is 0.000002
TEPS for BFS 1 is 1.95264e+07
Running BFS 2
Time for BFS 2 is 5.870193
Validating BFS 2
Validate time for BFS 2 is 0.000003
TEPS for BFS 2 is 2.28643e+07
Running BFS 3
Time for BFS 3 is 6.813191
Validating BFS 3
Validate time for BFS 3 is 0.000003
TEPS for BFS 3 is 1.96997e+07
Running BFS 4
Time for BFS 4 is 6.009829
Validating BFS 4
Validate time for BFS 4 is 0.000003
TEPS for BFS 4 is 2.2333e+07
Running BFS 5
Time for BFS 5 is 4.871378
Validating BFS 5
Validate time for BFS 5 is 0.000004
TEPS for BFS 5 is 2.75523e+07
Running BFS 6
Time for BFS 6 is 5.532203
Validating BFS 6
Validate time for BFS 6 is 0.000004
TEPS for BFS 6 is 2.42612e+07
Running BFS 7
Time for BFS 7 is 5.850068
Validating BFS 7
Validate time for BFS 7 is 0.000003
TEPS for BFS 7 is 2.29429e+07
Running BFS 8
Time for BFS 8 is 6.064430
Validating BFS 8
Validate time for BFS 8 is 0.000003
TEPS for BFS 8 is 2.2132e+07
Running BFS 9
Time for BFS 9 is 7.171067
Validating BFS 9
Validate time for BFS 9 is 0.000003
TEPS for BFS 9 is 1.87166e+07
Running BFS 10
Time for BFS 10 is 5.723588
Validating BFS 10
Validate time for BFS 10 is 0.000004
TEPS for BFS 10 is 2.34499e+07
Running BFS 11
Time for BFS 11 is 5.941241
Validating BFS 11
Validate time for BFS 11 is 0.000004
TEPS for BFS 11 is 2.25909e+07
Running BFS 12
Time for BFS 12 is 5.751266
Validating BFS 12
Validate time for BFS 12 is 0.000005
TEPS for BFS 12 is 2.33371e+07
Running BFS 13
Time for BFS 13 is 5.701427
Validating BFS 13
Validate time for BFS 13 is 0.000004
TEPS for BFS 13 is 2.35411e+07
Running BFS 14
Time for BFS 14 is 6.092424
Validating BFS 14
Validate time for BFS 14 is 0.000002
TEPS for BFS 14 is 2.20303e+07
Running BFS 15
Time for BFS 15 is 6.962319
Validating BFS 15
Validate time for BFS 15 is 0.000003
TEPS for BFS 15 is 1.92777e+07
Running BFS 16
Time for BFS 16 is 5.642998
Validating BFS 16
Validate time for BFS 16 is 0.000003
TEPS for BFS 16 is 2.37848e+07
Running BFS 17
Time for BFS 17 is 5.572214
Validating BFS 17
Validate time for BFS 17 is 0.000003
TEPS for BFS 17 is 2.4087e+07
Running BFS 18
Time for BFS 18 is 5.972683
Validating BFS 18
Validate time for BFS 18 is 0.000004
TEPS for BFS 18 is 2.24719e+07
Running BFS 19
Time for BFS 19 is 6.882911
Validating BFS 19
Validate time for BFS 19 is 0.000002
TEPS for BFS 19 is 1.95001e+07
Running BFS 20
Time for BFS 20 is 5.530690
Validating BFS 20
Validate time for BFS 20 is 0.000004
TEPS for BFS 20 is 2.42678e+07
Running BFS 21
Time for BFS 21 is 7.272047
Validating BFS 21
Validate time for BFS 21 is 0.000002
TEPS for BFS 21 is 1.84567e+07
Running BFS 22
Time for BFS 22 is 5.991334
Validating BFS 22
Validate time for BFS 22 is 0.000003
TEPS for BFS 22 is 2.2402e+07
Running BFS 23
Time for BFS 23 is 5.783591
Validating BFS 23
Validate time for BFS 23 is 0.000003
TEPS for BFS 23 is 2.32066e+07
Running BFS 24
Time for BFS 24 is 5.561863
Validating BFS 24
Validate time for BFS 24 is 0.000003
TEPS for BFS 24 is 2.41318e+07
Running BFS 25
Time for BFS 25 is 5.863515
Validating BFS 25
Validate time for BFS 25 is 0.000004
TEPS for BFS 25 is 2.28903e+07
Running BFS 26
Time for BFS 26 is 5.982207
Validating BFS 26
Validate time for BFS 26 is 0.000004
TEPS for BFS 26 is 2.24362e+07
Running BFS 27
Time for BFS 27 is 4.832979
Validating BFS 27
Validate time for BFS 27 is 0.000003
TEPS for BFS 27 is 2.77712e+07
Running BFS 28
Time for BFS 28 is 6.964736
Validating BFS 28
Validate time for BFS 28 is 0.000003
TEPS for BFS 28 is 1.9271e+07
Running BFS 29
Time for BFS 29 is 5.880011
Validating BFS 29
Validate time for BFS 29 is 0.000003
TEPS for BFS 29 is 2.28261e+07
Running BFS 30
Time for BFS 30 is 4.610453
Validating BFS 30
Validate time for BFS 30 is 0.000003
TEPS for BFS 30 is 2.91116e+07
Running BFS 31
Time for BFS 31 is 5.832975
Validating BFS 31
Validate time for BFS 31 is 0.000004
TEPS for BFS 31 is 2.30102e+07
Running BFS 32
Time for BFS 32 is 5.959554
Validating BFS 32
Validate time for BFS 32 is 0.000003
TEPS for BFS 32 is 2.25214e+07
Running BFS 33
Time for BFS 33 is 5.962615
Validating BFS 33
Validate time for BFS 33 is 0.000004
TEPS for BFS 33 is 2.25099e+07
Running BFS 34
Time for BFS 34 is 4.500386
Validating BFS 34
Validate time for BFS 34 is 0.000004
TEPS for BFS 34 is 2.98236e+07
Running BFS 35
Time for BFS 35 is 5.871102
Validating BFS 35
Validate time for BFS 35 is 0.000003
TEPS for BFS 35 is 2.28607e+07
Running BFS 36
Time for BFS 36 is 7.042046
Validating BFS 36
Validate time for BFS 36 is 0.000002
TEPS for BFS 36 is 1.90595e+07
Running BFS 37
Time for BFS 37 is 5.914177
Validating BFS 37
Validate time for BFS 37 is 0.000002
TEPS for BFS 37 is 2.26942e+07
Running BFS 38
Time for BFS 38 is 5.841871
Validating BFS 38
Validate time for BFS 38 is 0.000003
TEPS for BFS 38 is 2.29751e+07
Running BFS 39
Time for BFS 39 is 7.585128
Validating BFS 39
Validate time for BFS 39 is 0.000004
TEPS for BFS 39 is 1.76949e+07
Running BFS 40
Time for BFS 40 is 5.773796
Validating BFS 40
Validate time for BFS 40 is 0.000003
TEPS for BFS 40 is 2.3246e+07
Running BFS 41
Time for BFS 41 is 5.852126
Validating BFS 41
Validate time for BFS 41 is 0.000003
TEPS for BFS 41 is 2.29349e+07
Running BFS 42
Time for BFS 42 is 5.732396
Validating BFS 42
Validate time for BFS 42 is 0.000003
TEPS for BFS 42 is 2.34139e+07
Running BFS 43
Time for BFS 43 is 6.294085
Validating BFS 43
Validate time for BFS 43 is 0.000003
TEPS for BFS 43 is 2.13244e+07
Running BFS 44
Time for BFS 44 is 4.499297
Validating BFS 44
Validate time for BFS 44 is 0.000005
TEPS for BFS 44 is 2.98308e+07
Running BFS 45
Time for BFS 45 is 5.982824
Validating BFS 45
Validate time for BFS 45 is 0.000003
TEPS for BFS 45 is 2.24338e+07
Running BFS 46
Time for BFS 46 is 7.141736
Validating BFS 46
Validate time for BFS 46 is 0.000004
TEPS for BFS 46 is 1.87934e+07
Running BFS 47
Time for BFS 47 is 6.831028
Validating BFS 47
Validate time for BFS 47 is 0.000004
TEPS for BFS 47 is 1.96482e+07
Running BFS 48
Time for BFS 48 is 5.662304
Validating BFS 48
Validate time for BFS 48 is 0.000003
TEPS for BFS 48 is 2.37037e+07
Running BFS 49
Time for BFS 49 is 5.872292
Validating BFS 49
Validate time for BFS 49 is 0.000003
TEPS for BFS 49 is 2.28561e+07
Running BFS 50
Time for BFS 50 is 6.052541
Validating BFS 50
Validate time for BFS 50 is 0.000003
TEPS for BFS 50 is 2.21754e+07
Running BFS 51
Time for BFS 51 is 5.921739
Validating BFS 51
Validate time for BFS 51 is 0.000004
TEPS for BFS 51 is 2.26653e+07
Running BFS 52
Time for BFS 52 is 5.762174
Validating BFS 52
Validate time for BFS 52 is 0.000004
TEPS for BFS 52 is 2.32929e+07
Running BFS 53
Time for BFS 53 is 5.851313
Validating BFS 53
Validate time for BFS 53 is 0.000003
TEPS for BFS 53 is 2.29381e+07
Running BFS 54
Time for BFS 54 is 6.022681
Validating BFS 54
Validate time for BFS 54 is 0.000003
TEPS for BFS 54 is 2.22854e+07
Running BFS 55
Time for BFS 55 is 5.642370
Validating BFS 55
Validate time for BFS 55 is 0.000003
TEPS for BFS 55 is 2.37875e+07
Running BFS 56
Time for BFS 56 is 5.983005
Validating BFS 56
Validate time for BFS 56 is 0.000003
TEPS for BFS 56 is 2.24332e+07
Running BFS 57
Time for BFS 57 is 6.020996
Validating BFS 57
Validate time for BFS 57 is 0.000003
TEPS for BFS 57 is 2.22916e+07
Running BFS 58
Time for BFS 58 is 5.903367
Validating BFS 58
Validate time for BFS 58 is 0.000003
TEPS for BFS 58 is 2.27358e+07
Running BFS 59
Time for BFS 59 is 6.009665
Validating BFS 59
Validate time for BFS 59 is 0.000003
TEPS for BFS 59 is 2.23336e+07
Running BFS 60
Time for BFS 60 is 6.153335
Validating BFS 60
Validate time for BFS 60 is 0.000003
TEPS for BFS 60 is 2.18122e+07
Running BFS 61
Time for BFS 61 is 5.762149
Validating BFS 61
Validate time for BFS 61 is 0.000003
TEPS for BFS 61 is 2.3293e+07
Running BFS 62
Time for BFS 62 is 4.609951
Validating BFS 62
Validate time for BFS 62 is 0.000003
TEPS for BFS 62 is 2.91148e+07
Running BFS 63
Time for BFS 63 is 5.703148
Validating BFS 63
Validate time for BFS 63 is 0.000003
TEPS for BFS 63 is 2.3534e+07
SCALE:                          23
edgefactor:                     16
NBFS:                           64
graph_generation:               370.546
num_mpi_processes:              32
construction_time:              26.4355
min_time:                       4.4993
firstquartile_time:             5.72799
median_time:                    5.89169
thirdquartile_time:             6.05849
max_time:                       7.58513
mean_time:                      5.96088
stddev_time:                    0.640263
min_nedge:                      134217727
firstquartile_nedge:            134217727
median_nedge:                   134217727
thirdquartile_nedge:            134217727
max_nedge:                      134217727
mean_nedge:                     134217727
stddev_nedge:                   0
min_TEPS:                       1.76949e+07
firstquartile_TEPS:             2.21537e+07
median_TEPS:                    2.27809e+07
thirdquartile_TEPS:             2.34319e+07
max_TEPS:                       2.98308e+07
harmonic_mean_TEPS:             2.25164e+07
harmonic_stddev_TEPS:           304703
min_validate:                   1.90735e-06
firstquartile_validate:         2.86102e-06
median_validate:                3.09944e-06
thirdquartile_validate:         3.8147e-06
max_validate:                   5.00679e-06
mean_validate:                  3.25963e-06
stddev_validate:                6.63634e-07
This benchmark was run on 32 MPI Processes, Scale 23, written output_32_23.log
