SCALE 25
edgefactor 16
energytime 0
graph_generation:               767.442482 s
construction_time:              78.746636 s
Running BFS 0
Time for BFS 0 is 23.766402
Validating BFS 0
Validate time for BFS 0 is 0.000003
TEPS for BFS 0 is 2.25895e+07
Running BFS 1
Time for BFS 1 is 16.859496
Validating BFS 1
Validate time for BFS 1 is 0.000004
TEPS for BFS 1 is 3.18438e+07
Running BFS 2
Time for BFS 2 is 15.721498
Validating BFS 2
Validate time for BFS 2 is 0.000004
TEPS for BFS 2 is 3.41488e+07
Running BFS 3
Time for BFS 3 is 15.236628
Validating BFS 3
Validate time for BFS 3 is 0.000003
TEPS for BFS 3 is 3.52355e+07
Running BFS 4
Time for BFS 4 is 14.821151
Validating BFS 4
Validate time for BFS 4 is 0.000004
TEPS for BFS 4 is 3.62233e+07
Running BFS 5
Time for BFS 5 is 15.880404
Validating BFS 5
Validate time for BFS 5 is 0.000002
TEPS for BFS 5 is 3.38071e+07
Running BFS 6
Time for BFS 6 is 13.972692
Validating BFS 6
Validate time for BFS 6 is 0.000001
TEPS for BFS 6 is 3.84229e+07
Running BFS 7
Time for BFS 7 is 15.998838
Validating BFS 7
Validate time for BFS 7 is 0.000001
TEPS for BFS 7 is 3.35569e+07
Running BFS 8
Time for BFS 8 is 15.850465
Validating BFS 8
Validate time for BFS 8 is 0.000001
TEPS for BFS 8 is 3.3871e+07
Running BFS 9
Time for BFS 9 is 15.580133
Validating BFS 9
Validate time for BFS 9 is 0.000001
TEPS for BFS 9 is 3.44587e+07
Running BFS 10
Time for BFS 10 is 16.607407
Validating BFS 10
Validate time for BFS 10 is 0.000001
TEPS for BFS 10 is 3.23272e+07
Running BFS 11
Time for BFS 11 is 14.917511
Validating BFS 11
Validate time for BFS 11 is 0.000001
TEPS for BFS 11 is 3.59893e+07
Running BFS 12
Time for BFS 12 is 15.580274
Validating BFS 12
Validate time for BFS 12 is 0.000001
TEPS for BFS 12 is 3.44584e+07
Running BFS 13
Time for BFS 13 is 14.897421
Validating BFS 13
Validate time for BFS 13 is 0.000001
TEPS for BFS 13 is 3.60378e+07
Running BFS 14
Time for BFS 14 is 15.714167
Validating BFS 14
Validate time for BFS 14 is 0.000001
TEPS for BFS 14 is 3.41648e+07
Running BFS 15
Time for BFS 15 is 15.107915
Validating BFS 15
Validate time for BFS 15 is 0.000001
TEPS for BFS 15 is 3.55357e+07
Running BFS 16
Time for BFS 16 is 16.380816
Validating BFS 16
Validate time for BFS 16 is 0.000001
TEPS for BFS 16 is 3.27744e+07
Running BFS 17
Time for BFS 17 is 12.996948
Validating BFS 17
Validate time for BFS 17 is 0.000001
TEPS for BFS 17 is 4.13075e+07
Running BFS 18
Time for BFS 18 is 16.086122
Validating BFS 18
Validate time for BFS 18 is 0.000001
TEPS for BFS 18 is 3.33748e+07
Running BFS 19
Time for BFS 19 is 15.798772
Validating BFS 19
Validate time for BFS 19 is 0.000001
TEPS for BFS 19 is 3.39818e+07
Running BFS 20
Time for BFS 20 is 12.775828
Validating BFS 20
Validate time for BFS 20 is 0.000002
TEPS for BFS 20 is 4.20224e+07
Running BFS 21
Time for BFS 21 is 14.094147
Validating BFS 21
Validate time for BFS 21 is 0.000002
TEPS for BFS 21 is 3.80918e+07
Running BFS 22
Time for BFS 22 is 16.879774
Validating BFS 22
Validate time for BFS 22 is 0.000002
TEPS for BFS 22 is 3.18056e+07
Running BFS 23
Time for BFS 23 is 15.275379
Validating BFS 23
Validate time for BFS 23 is 0.000001
TEPS for BFS 23 is 3.51462e+07
Running BFS 24
Time for BFS 24 is 13.152417
Validating BFS 24
Validate time for BFS 24 is 0.000001
TEPS for BFS 24 is 4.08192e+07
Running BFS 25
Time for BFS 25 is 15.902630
Validating BFS 25
Validate time for BFS 25 is 0.000002
TEPS for BFS 25 is 3.37599e+07
Running BFS 26
Time for BFS 26 is 16.176438
Validating BFS 26
Validate time for BFS 26 is 0.000001
TEPS for BFS 26 is 3.31885e+07
Running BFS 27
Time for BFS 27 is 13.514234
Validating BFS 27
Validate time for BFS 27 is 0.000000
TEPS for BFS 27 is 3.97263e+07
Running BFS 28
Time for BFS 28 is 15.487821
Validating BFS 28
Validate time for BFS 28 is 0.000001
TEPS for BFS 28 is 3.46641e+07
Running BFS 29
Time for BFS 29 is 16.636934
Validating BFS 29
Validate time for BFS 29 is 0.000001
TEPS for BFS 29 is 3.22698e+07
Running BFS 30
Time for BFS 30 is 15.041000
Validating BFS 30
Validate time for BFS 30 is 0.000000
TEPS for BFS 30 is 3.56938e+07
Running BFS 31
Time for BFS 31 is 16.253021
Validating BFS 31
Validate time for BFS 31 is 0.000001
TEPS for BFS 31 is 3.30321e+07
Running BFS 32
Time for BFS 32 is 15.104061
Validating BFS 32
Validate time for BFS 32 is 0.000001
TEPS for BFS 32 is 3.55448e+07
Running BFS 33
Time for BFS 33 is 16.089639
Validating BFS 33
Validate time for BFS 33 is 0.000001
TEPS for BFS 33 is 3.33675e+07
Running BFS 34
Time for BFS 34 is 15.664697
Validating BFS 34
Validate time for BFS 34 is 0.000001
TEPS for BFS 34 is 3.42727e+07
Running BFS 35
Time for BFS 35 is 17.115890
Validating BFS 35
Validate time for BFS 35 is 0.000001
TEPS for BFS 35 is 3.13668e+07
Running BFS 36
Time for BFS 36 is 15.633488
Validating BFS 36
Validate time for BFS 36 is 0.000001
TEPS for BFS 36 is 3.43411e+07
Running BFS 37
Time for BFS 37 is 15.634792
Validating BFS 37
Validate time for BFS 37 is 0.000001
TEPS for BFS 37 is 3.43382e+07
Running BFS 38
Time for BFS 38 is 16.046827
Validating BFS 38
Validate time for BFS 38 is 0.000001
TEPS for BFS 38 is 3.34565e+07
Running BFS 39
Time for BFS 39 is 15.381402
Validating BFS 39
Validate time for BFS 39 is 0.000001
TEPS for BFS 39 is 3.49039e+07
Running BFS 40
Time for BFS 40 is 15.404099
Validating BFS 40
Validate time for BFS 40 is 0.000000
TEPS for BFS 40 is 3.48525e+07
Running BFS 41
Time for BFS 41 is 14.794327
Validating BFS 41
Validate time for BFS 41 is 0.000001
TEPS for BFS 41 is 3.6289e+07
Running BFS 42
Time for BFS 42 is 15.150212
Validating BFS 42
Validate time for BFS 42 is 0.000000
TEPS for BFS 42 is 3.54365e+07
Running BFS 43
Time for BFS 43 is 12.650754
Validating BFS 43
Validate time for BFS 43 is 0.000001
TEPS for BFS 43 is 4.24379e+07
Running BFS 44
Time for BFS 44 is 16.227992
Validating BFS 44
Validate time for BFS 44 is 0.000000
TEPS for BFS 44 is 3.3083e+07
Running BFS 45
Time for BFS 45 is 14.922240
Validating BFS 45
Validate time for BFS 45 is 0.000002
TEPS for BFS 45 is 3.59779e+07
Running BFS 46
Time for BFS 46 is 14.861105
Validating BFS 46
Validate time for BFS 46 is 0.000001
TEPS for BFS 46 is 3.61259e+07
Running BFS 47
Time for BFS 47 is 13.793337
Validating BFS 47
Validate time for BFS 47 is 0.000001
TEPS for BFS 47 is 3.89225e+07
Running BFS 48
Time for BFS 48 is 16.890765
Validating BFS 48
Validate time for BFS 48 is 0.000001
TEPS for BFS 48 is 3.17849e+07
Running BFS 49
Time for BFS 49 is 16.428188
Validating BFS 49
Validate time for BFS 49 is 0.000001
TEPS for BFS 49 is 3.26799e+07
Running BFS 50
Time for BFS 50 is 14.232639
Validating BFS 50
Validate time for BFS 50 is 0.000001
TEPS for BFS 50 is 3.77211e+07
Running BFS 51
Time for BFS 51 is 15.910376
Validating BFS 51
Validate time for BFS 51 is 0.000001
TEPS for BFS 51 is 3.37434e+07
Running BFS 52
Time for BFS 52 is 15.216993
Validating BFS 52
Validate time for BFS 52 is 0.000001
TEPS for BFS 52 is 3.5281e+07
Running BFS 53
Time for BFS 53 is 13.909743
Validating BFS 53
Validate time for BFS 53 is 0.000001
TEPS for BFS 53 is 3.85968e+07
Running BFS 54
Time for BFS 54 is 15.676326
Validating BFS 54
Validate time for BFS 54 is 0.000001
TEPS for BFS 54 is 3.42472e+07
Running BFS 55
Time for BFS 55 is 14.810092
Validating BFS 55
Validate time for BFS 55 is 0.000001
TEPS for BFS 55 is 3.62503e+07
Running BFS 56
Time for BFS 56 is 20.450721
Validating BFS 56
Validate time for BFS 56 is 0.000001
TEPS for BFS 56 is 2.62519e+07
Running BFS 57
Time for BFS 57 is 15.479454
Validating BFS 57
Validate time for BFS 57 is 0.000003
TEPS for BFS 57 is 3.46828e+07
Running BFS 58
Time for BFS 58 is 13.351031
Validating BFS 58
Validate time for BFS 58 is 0.000004
TEPS for BFS 58 is 4.02119e+07
Running BFS 59
Time for BFS 59 is 15.712744
Validating BFS 59
Validate time for BFS 59 is 0.000004
TEPS for BFS 59 is 3.41679e+07
Running BFS 60
Time for BFS 60 is 17.077168
Validating BFS 60
Validate time for BFS 60 is 0.000003
TEPS for BFS 60 is 3.14379e+07
Running BFS 61
Time for BFS 61 is 15.927915
Validating BFS 61
Validate time for BFS 61 is 0.000004
TEPS for BFS 61 is 3.37063e+07
Running BFS 62
Time for BFS 62 is 15.664541
Validating BFS 62
Validate time for BFS 62 is 0.000003
TEPS for BFS 62 is 3.4273e+07
Running BFS 63
Time for BFS 63 is 15.129462
Validating BFS 63
Validate time for BFS 63 is 0.000003
TEPS for BFS 63 is 3.54851e+07
SCALE:                          25
edgefactor:                     16
NBFS:                           64
graph_generation:               767.442
num_mpi_processes:              32
construction_time:              78.7466
min_time:                       12.6508
firstquartile_time:             14.9075
median_time:                    15.6069
thirdquartile_time:             16.0665
max_time:                       23.7664
mean_time:                      15.5517
stddev_time:                    1.60688
min_nedge:                      536870911
firstquartile_nedge:            536870911
median_nedge:                   536870911
thirdquartile_nedge:            536870911
max_nedge:                      536870911
mean_nedge:                     536870911
stddev_nedge:                   0
min_TEPS:                       2.25895e+07
firstquartile_TEPS:             3.34156e+07
median_TEPS:                    3.43996e+07
thirdquartile_TEPS:             3.60136e+07
max_TEPS:                       4.24379e+07
harmonic_mean_TEPS:             3.45217e+07
harmonic_stddev_TEPS:           449394
min_validate:                   0
firstquartile_validate:         9.53674e-07
median_validate:                9.53674e-07
thirdquartile_validate:         1.90735e-06
max_validate:                   4.05312e-06
mean_validate:                  1.48267e-06
stddev_validate:                1.09089e-06
This benchmark was run on 32 MPI Processes, Scale 25, written output_32_25.log
