graph_generation:               130.977801 s
construction_time:              1489.793462 s
Running BFS 0
Time for BFS 0 is 173.038010
Validating BFS 0
Validate time for BFS 0 is 0.000005
TEPS for BFS 0 is 6.20524e+06 cyrus 1073741824
Running BFS 1
Time for BFS 1 is 29.877521
Validating BFS 1
Validate time for BFS 1 is 0.000005
TEPS for BFS 1 is 3.59381e+07 cyrus 1073741824
Running BFS 2
Time for BFS 2 is 33.095158
Validating BFS 2
Validate time for BFS 2 is 0.000004
TEPS for BFS 2 is 3.24441e+07 cyrus 1073741824
Running BFS 3
Time for BFS 3 is 33.037977
Validating BFS 3
Validate time for BFS 3 is 0.000006
TEPS for BFS 3 is 3.25002e+07 cyrus 1073741824
Running BFS 4
Time for BFS 4 is 28.893447
Validating BFS 4
Validate time for BFS 4 is 0.000005
TEPS for BFS 4 is 3.71621e+07 cyrus 1073741824
Running BFS 5
Time for BFS 5 is 34.046406
Validating BFS 5
Validate time for BFS 5 is 0.000004
TEPS for BFS 5 is 3.15376e+07 cyrus 1073741824
Running BFS 6
Time for BFS 6 is 35.777046
Validating BFS 6
Validate time for BFS 6 is 0.000006
TEPS for BFS 6 is 3.0012e+07 cyrus 1073741824
Running BFS 7
Time for BFS 7 is 35.436645
Validating BFS 7
Validate time for BFS 7 is 0.000008
TEPS for BFS 7 is 3.03003e+07 cyrus 1073741824
Running BFS 8
Time for BFS 8 is 29.375628
Validating BFS 8
Validate time for BFS 8 is 0.000006
TEPS for BFS 8 is 3.65521e+07 cyrus 1073741824
Running BFS 9
Time for BFS 9 is 30.640610
Validating BFS 9
Validate time for BFS 9 is 0.000006
TEPS for BFS 9 is 3.50431e+07 cyrus 1073741824
Running BFS 10
Time for BFS 10 is 28.379985
Validating BFS 10
Validate time for BFS 10 is 0.000005
TEPS for BFS 10 is 3.78345e+07 cyrus 1073741824
Running BFS 11
Time for BFS 11 is 30.608098
Validating BFS 11
Validate time for BFS 11 is 0.000006
TEPS for BFS 11 is 3.50803e+07 cyrus 1073741824
Running BFS 12
Time for BFS 12 is 28.923784
Validating BFS 12
Validate time for BFS 12 is 0.000005
TEPS for BFS 12 is 3.71231e+07 cyrus 1073741824
Running BFS 13
Time for BFS 13 is 28.357957
Validating BFS 13
Validate time for BFS 13 is 0.000006
TEPS for BFS 13 is 3.78639e+07 cyrus 1073741824
Running BFS 14
Time for BFS 14 is 27.582575
Validating BFS 14
Validate time for BFS 14 is 0.000005
TEPS for BFS 14 is 3.89283e+07 cyrus 1073741824
Running BFS 15
Time for BFS 15 is 29.159974
Validating BFS 15
Validate time for BFS 15 is 0.000005
TEPS for BFS 15 is 3.68225e+07 cyrus 1073741824
Running BFS 16
Time for BFS 16 is 29.050372
Validating BFS 16
Validate time for BFS 16 is 0.000007
TEPS for BFS 16 is 3.69614e+07 cyrus 1073741824
Running BFS 17
Time for BFS 17 is 29.060299
Validating BFS 17
Validate time for BFS 17 is 0.000007
TEPS for BFS 17 is 3.69488e+07 cyrus 1073741824
Running BFS 18
Time for BFS 18 is 29.389955
Validating BFS 18
Validate time for BFS 18 is 0.000004
TEPS for BFS 18 is 3.65343e+07 cyrus 1073741824
Running BFS 19
Time for BFS 19 is 34.133879
Validating BFS 19
Validate time for BFS 19 is 0.000007
TEPS for BFS 19 is 3.14568e+07 cyrus 1073741824
Running BFS 20
Time for BFS 20 is 29.648285
Validating BFS 20
Validate time for BFS 20 is 0.000006
TEPS for BFS 20 is 3.6216e+07 cyrus 1073741824
Running BFS 21
Time for BFS 21 is 30.763507
Validating BFS 21
Validate time for BFS 21 is 0.000006
TEPS for BFS 21 is 3.49031e+07 cyrus 1073741824
Running BFS 22
Time for BFS 22 is 28.446737
Validating BFS 22
Validate time for BFS 22 is 0.000006
TEPS for BFS 22 is 3.77457e+07 cyrus 1073741824
Running BFS 23
Time for BFS 23 is 36.171465
Validating BFS 23
Validate time for BFS 23 is 0.000005
TEPS for BFS 23 is 2.96848e+07 cyrus 1073741824
Running BFS 24
Time for BFS 24 is 25.865604
Validating BFS 24
Validate time for BFS 24 is 0.000003
TEPS for BFS 24 is 4.15123e+07 cyrus 1073741824
Running BFS 25
Time for BFS 25 is 33.714956
Validating BFS 25
Validate time for BFS 25 is 0.000002
TEPS for BFS 25 is 3.18476e+07 cyrus 1073741824
Running BFS 26
Time for BFS 26 is 28.541184
Validating BFS 26
Validate time for BFS 26 is 0.000001
TEPS for BFS 26 is 3.76208e+07 cyrus 1073741824
Running BFS 27
Time for BFS 27 is 37.282552
Validating BFS 27
Validate time for BFS 27 is 0.000001
TEPS for BFS 27 is 2.88001e+07 cyrus 1073741824
Running BFS 28
Time for BFS 28 is 31.821396
Validating BFS 28
Validate time for BFS 28 is 0.000001
TEPS for BFS 28 is 3.37428e+07 cyrus 1073741824
Running BFS 29
Time for BFS 29 is 29.887495
Validating BFS 29
Validate time for BFS 29 is 0.000001
TEPS for BFS 29 is 3.59261e+07 cyrus 1073741824
Running BFS 30
Time for BFS 30 is 30.036808
Validating BFS 30
Validate time for BFS 30 is 0.000001
TEPS for BFS 30 is 3.57475e+07 cyrus 1073741824
Running BFS 31
Time for BFS 31 is 29.450615
Validating BFS 31
Validate time for BFS 31 is 0.000001
TEPS for BFS 31 is 3.64591e+07 cyrus 1073741824
Running BFS 32
Time for BFS 32 is 29.113126
Validating BFS 32
Validate time for BFS 32 is 0.000001
TEPS for BFS 32 is 3.68817e+07 cyrus 1073741824
Running BFS 33
Time for BFS 33 is 29.476810
Validating BFS 33
Validate time for BFS 33 is 0.000002
TEPS for BFS 33 is 3.64267e+07 cyrus 1073741824
Running BFS 34
Time for BFS 34 is 29.062951
Validating BFS 34
Validate time for BFS 34 is 0.000001
TEPS for BFS 34 is 3.69454e+07 cyrus 1073741824
Running BFS 35
Time for BFS 35 is 30.306725
Validating BFS 35
Validate time for BFS 35 is 0.000001
TEPS for BFS 35 is 3.54292e+07 cyrus 1073741824
Running BFS 36
Time for BFS 36 is 29.426815
Validating BFS 36
Validate time for BFS 36 is 0.000001
TEPS for BFS 36 is 3.64886e+07 cyrus 1073741824
Running BFS 37
Time for BFS 37 is 36.872150
Validating BFS 37
Validate time for BFS 37 is 0.000002
TEPS for BFS 37 is 2.91207e+07 cyrus 1073741824
Running BFS 38
Time for BFS 38 is 29.631008
Validating BFS 38
Validate time for BFS 38 is 0.000002
TEPS for BFS 38 is 3.62371e+07 cyrus 1073741824
Running BFS 39
Time for BFS 39 is 37.737655
Validating BFS 39
Validate time for BFS 39 is 0.000001
TEPS for BFS 39 is 2.84528e+07 cyrus 1073741824
Running BFS 40
Time for BFS 40 is 33.957205
Validating BFS 40
Validate time for BFS 40 is 0.000001
TEPS for BFS 40 is 3.16204e+07 cyrus 1073741824
Running BFS 41
Time for BFS 41 is 30.191596
Validating BFS 41
Validate time for BFS 41 is 0.000001
TEPS for BFS 41 is 3.55643e+07 cyrus 1073741824
Running BFS 42
Time for BFS 42 is 35.461845
Validating BFS 42
Validate time for BFS 42 is 0.000001
TEPS for BFS 42 is 3.02788e+07 cyrus 1073741824
Running BFS 43
Time for BFS 43 is 29.226684
Validating BFS 43
Validate time for BFS 43 is 0.000001
TEPS for BFS 43 is 3.67384e+07 cyrus 1073741824
Running BFS 44
Time for BFS 44 is 30.566793
Validating BFS 44
Validate time for BFS 44 is 0.000002
TEPS for BFS 44 is 3.51277e+07 cyrus 1073741824
Running BFS 45
Time for BFS 45 is 34.346174
Validating BFS 45
Validate time for BFS 45 is 0.000001
TEPS for BFS 45 is 3.12623e+07 cyrus 1073741824
Running BFS 46
Time for BFS 46 is 29.590991
Validating BFS 46
Validate time for BFS 46 is 0.000001
TEPS for BFS 46 is 3.62861e+07 cyrus 1073741824
Running BFS 47
Time for BFS 47 is 29.283143
Validating BFS 47
Validate time for BFS 47 is 0.000002
TEPS for BFS 47 is 3.66676e+07 cyrus 1073741824
Running BFS 48
Time for BFS 48 is 28.746945
Validating BFS 48
Validate time for BFS 48 is 0.000002
TEPS for BFS 48 is 3.73515e+07 cyrus 1073741824
Running BFS 49
Time for BFS 49 is 34.384366
Validating BFS 49
Validate time for BFS 49 is 0.000001
TEPS for BFS 49 is 3.12276e+07 cyrus 1073741824
Running BFS 50
Time for BFS 50 is 37.086151
Validating BFS 50
Validate time for BFS 50 is 0.000008
TEPS for BFS 50 is 2.89526e+07 cyrus 1073741824
Running BFS 51
Time for BFS 51 is 36.970291
Validating BFS 51
Validate time for BFS 51 is 0.000004
TEPS for BFS 51 is 2.90434e+07 cyrus 1073741824
Running BFS 52
Time for BFS 52 is 29.466088
Validating BFS 52
Validate time for BFS 52 is 0.000005
TEPS for BFS 52 is 3.64399e+07 cyrus 1073741824
Running BFS 53
Time for BFS 53 is 28.007774
Validating BFS 53
Validate time for BFS 53 is 0.000004
TEPS for BFS 53 is 3.83373e+07 cyrus 1073741824
Running BFS 54
Time for BFS 54 is 28.113968
Validating BFS 54
Validate time for BFS 54 is 0.000006
TEPS for BFS 54 is 3.81925e+07 cyrus 1073741824
Running BFS 55
Time for BFS 55 is 30.965936
Validating BFS 55
Validate time for BFS 55 is 0.000007
TEPS for BFS 55 is 3.46749e+07 cyrus 1073741824
Running BFS 56
Time for BFS 56 is 30.645860
Validating BFS 56
Validate time for BFS 56 is 0.000002
TEPS for BFS 56 is 3.50371e+07 cyrus 1073741824
Running BFS 57
Time for BFS 57 is 29.866927
Validating BFS 57
Validate time for BFS 57 is 0.000001
TEPS for BFS 57 is 3.59509e+07 cyrus 1073741824
Running BFS 58
Time for BFS 58 is 28.702518
Validating BFS 58
Validate time for BFS 58 is 0.000002
TEPS for BFS 58 is 3.74093e+07 cyrus 1073741824
Running BFS 59
Time for BFS 59 is 27.730693
Validating BFS 59
Validate time for BFS 59 is 0.000002
TEPS for BFS 59 is 3.87203e+07 cyrus 1073741824
Running BFS 60
Time for BFS 60 is 32.866580
Validating BFS 60
Validate time for BFS 60 is 0.000002
TEPS for BFS 60 is 3.26697e+07 cyrus 1073741824
Running BFS 61
Time for BFS 61 is 29.031514
Validating BFS 61
Validate time for BFS 61 is 0.000002
TEPS for BFS 61 is 3.69854e+07 cyrus 1073741824
Running BFS 62
Time for BFS 62 is 28.300855
Validating BFS 62
Validate time for BFS 62 is 0.000002
TEPS for BFS 62 is 3.79403e+07 cyrus 1073741824
Running BFS 63
Time for BFS 63 is 30.726512
Validating BFS 63
Validate time for BFS 63 is 0.000000
TEPS for BFS 63 is 3.49451e+07 cyrus 1073741824
SCALE:                          26
edgefactor:                     16
NBFS:                           64
graph_generation:               130.978
num_mpi_processes:              64
construction_time:              1489.79
min_time:                       25.8656
firstquartile_time:             29.0553
median_time:                    29.8722
thirdquartile_time:             33.4051
max_time:                       173.038
mean_time:                      33.2088
stddev_time:                    17.9896
min_nedge:                      1073741824
firstquartile_nedge:            1073741824
median_nedge:                   1073741824
thirdquartile_nedge:            1073741824
max_nedge:                      1073741824
mean_nedge:                     1073741824
stddev_nedge:                   0
min_TEPS:                       6.20524e+06
firstquartile_TEPS:             3.21431e+07
median_TEPS:                    3.59445e+07
thirdquartile_TEPS:             3.69551e+07
max_TEPS:                       4.15123e+07
harmonic_mean_TEPS:             3.23331e+07
harmonic_stddev_TEPS:           2.20671e+06
min_validate:                   0
firstquartile_validate:         1.19209e-06
median_validate:                2.14577e-06
thirdquartile_validate:         5.48363e-06
max_validate:                   8.10623e-06
mean_validate:                  3.39001e-06
stddev_validate:                2.3e-06
This benchmark was run on 64 MPI Processes, Scale 26, written output_64_26.log
