graph_generation:               210.772843 s
construction_time:              810.693460 s
Running BFS 0
Time for BFS 0 is 120.652733
Validating BFS 0
Validate time for BFS 0 is 0.000004
TEPS for BFS 0 is 8.89944e+06 cyrus 1073741824
Running BFS 1
Time for BFS 1 is 29.395703
Validating BFS 1
Validate time for BFS 1 is 0.000003
TEPS for BFS 1 is 3.65272e+07 cyrus 1073741824
Running BFS 2
Time for BFS 2 is 31.856351
Validating BFS 2
Validate time for BFS 2 is 0.000003
TEPS for BFS 2 is 3.37057e+07 cyrus 1073741824
Running BFS 3
Time for BFS 3 is 31.366701
Validating BFS 3
Validate time for BFS 3 is 0.000004
TEPS for BFS 3 is 3.42319e+07 cyrus 1073741824
Running BFS 4
Time for BFS 4 is 25.214185
Validating BFS 4
Validate time for BFS 4 is 0.000004
TEPS for BFS 4 is 4.25848e+07 cyrus 1073741824
Running BFS 5
Time for BFS 5 is 32.736773
Validating BFS 5
Validate time for BFS 5 is 0.000004
TEPS for BFS 5 is 3.27993e+07 cyrus 1073741824
Running BFS 6
Time for BFS 6 is 34.634281
Validating BFS 6
Validate time for BFS 6 is 0.000005
TEPS for BFS 6 is 3.10023e+07 cyrus 1073741824
Running BFS 7
Time for BFS 7 is 32.552595
Validating BFS 7
Validate time for BFS 7 is 0.000003
TEPS for BFS 7 is 3.29848e+07 cyrus 1073741824
Running BFS 8
Time for BFS 8 is 28.741953
Validating BFS 8
Validate time for BFS 8 is 0.000003
TEPS for BFS 8 is 3.7358e+07 cyrus 1073741824
Running BFS 9
Time for BFS 9 is 27.661451
Validating BFS 9
Validate time for BFS 9 is 0.000003
TEPS for BFS 9 is 3.88173e+07 cyrus 1073741824
Running BFS 10
Time for BFS 10 is 26.361266
Validating BFS 10
Validate time for BFS 10 is 0.000004
TEPS for BFS 10 is 4.07318e+07 cyrus 1073741824
Running BFS 11
Time for BFS 11 is 26.731478
Validating BFS 11
Validate time for BFS 11 is 0.000005
TEPS for BFS 11 is 4.01677e+07 cyrus 1073741824
Running BFS 12
Time for BFS 12 is 27.581524
Validating BFS 12
Validate time for BFS 12 is 0.000007
TEPS for BFS 12 is 3.89297e+07 cyrus 1073741824
Running BFS 13
Time for BFS 13 is 29.491470
Validating BFS 13
Validate time for BFS 13 is 0.000003
TEPS for BFS 13 is 3.64086e+07 cyrus 1073741824
Running BFS 14
Time for BFS 14 is 26.481328
Validating BFS 14
Validate time for BFS 14 is 0.000003
TEPS for BFS 14 is 4.05471e+07 cyrus 1073741824
Running BFS 15
Time for BFS 15 is 27.411217
Validating BFS 15
Validate time for BFS 15 is 0.000003
TEPS for BFS 15 is 3.91716e+07 cyrus 1073741824
Running BFS 16
Time for BFS 16 is 26.779790
Validating BFS 16
Validate time for BFS 16 is 0.000005
TEPS for BFS 16 is 4.00952e+07 cyrus 1073741824
Running BFS 17
Time for BFS 17 is 27.619695
Validating BFS 17
Validate time for BFS 17 is 0.000003
TEPS for BFS 17 is 3.88759e+07 cyrus 1073741824
Running BFS 18
Time for BFS 18 is 30.138315
Validating BFS 18
Validate time for BFS 18 is 0.000003
TEPS for BFS 18 is 3.56271e+07 cyrus 1073741824
Running BFS 19
Time for BFS 19 is 32.909717
Validating BFS 19
Validate time for BFS 19 is 0.000004
TEPS for BFS 19 is 3.26269e+07 cyrus 1073741824
Running BFS 20
Time for BFS 20 is 27.389745
Validating BFS 20
Validate time for BFS 20 is 0.000003
TEPS for BFS 20 is 3.92023e+07 cyrus 1073741824
Running BFS 21
Time for BFS 21 is 28.380248
Validating BFS 21
Validate time for BFS 21 is 0.000007
TEPS for BFS 21 is 3.78341e+07 cyrus 1073741824
Running BFS 22
Time for BFS 22 is 27.689964
Validating BFS 22
Validate time for BFS 22 is 0.000005
TEPS for BFS 22 is 3.87773e+07 cyrus 1073741824
Running BFS 23
Time for BFS 23 is 34.581144
Validating BFS 23
Validate time for BFS 23 is 0.000004
TEPS for BFS 23 is 3.10499e+07 cyrus 1073741824
Running BFS 24
Time for BFS 24 is 23.498829
Validating BFS 24
Validate time for BFS 24 is 0.000004
TEPS for BFS 24 is 4.56934e+07 cyrus 1073741824
Running BFS 25
Time for BFS 25 is 31.157619
Validating BFS 25
Validate time for BFS 25 is 0.000006
TEPS for BFS 25 is 3.44616e+07 cyrus 1073741824
Running BFS 26
Time for BFS 26 is 27.799855
Validating BFS 26
Validate time for BFS 26 is 0.000005
TEPS for BFS 26 is 3.8624e+07 cyrus 1073741824
Running BFS 27
Time for BFS 27 is 37.831533
Validating BFS 27
Validate time for BFS 27 is 0.000004
TEPS for BFS 27 is 2.83822e+07 cyrus 1073741824
Running BFS 28
Time for BFS 28 is 28.499924
Validating BFS 28
Validate time for BFS 28 is 0.000003
TEPS for BFS 28 is 3.76753e+07 cyrus 1073741824
Running BFS 29
Time for BFS 29 is 27.289777
Validating BFS 29
Validate time for BFS 29 is 0.000003
TEPS for BFS 29 is 3.93459e+07 cyrus 1073741824
Running BFS 30
Time for BFS 30 is 27.669905
Validating BFS 30
Validate time for BFS 30 is 0.000003
TEPS for BFS 30 is 3.88054e+07 cyrus 1073741824
Running BFS 31
Time for BFS 31 is 27.407601
Validating BFS 31
Validate time for BFS 31 is 0.000005
TEPS for BFS 31 is 3.91768e+07 cyrus 1073741824
Running BFS 32
Time for BFS 32 is 27.780055
Validating BFS 32
Validate time for BFS 32 is 0.000003
TEPS for BFS 32 is 3.86515e+07 cyrus 1073741824
Running BFS 33
Time for BFS 33 is 28.960049
Validating BFS 33
Validate time for BFS 33 is 0.000003
TEPS for BFS 33 is 3.70767e+07 cyrus 1073741824
Running BFS 34
Time for BFS 34 is 30.080154
Validating BFS 34
Validate time for BFS 34 is 0.000003
TEPS for BFS 34 is 3.5696e+07 cyrus 1073741824
Running BFS 35
Time for BFS 35 is 26.669996
Validating BFS 35
Validate time for BFS 35 is 0.000004
TEPS for BFS 35 is 4.02603e+07 cyrus 1073741824
Running BFS 36
Time for BFS 36 is 27.879857
Validating BFS 36
Validate time for BFS 36 is 0.000005
TEPS for BFS 36 is 3.85132e+07 cyrus 1073741824
Running BFS 37
Time for BFS 37 is 33.719453
Validating BFS 37
Validate time for BFS 37 is 0.000004
TEPS for BFS 37 is 3.18434e+07 cyrus 1073741824
Running BFS 38
Time for BFS 38 is 27.360010
Validating BFS 38
Validate time for BFS 38 is 0.000003
TEPS for BFS 38 is 3.92449e+07 cyrus 1073741824
Running BFS 39
Time for BFS 39 is 36.121188
Validating BFS 39
Validate time for BFS 39 is 0.000004
TEPS for BFS 39 is 2.97261e+07 cyrus 1073741824
Running BFS 40
Time for BFS 40 is 32.410644
Validating BFS 40
Validate time for BFS 40 is 0.000004
TEPS for BFS 40 is 3.31293e+07 cyrus 1073741824
Running BFS 41
Time for BFS 41 is 28.390267
Validating BFS 41
Validate time for BFS 41 is 0.000003
TEPS for BFS 41 is 3.78208e+07 cyrus 1073741824
Running BFS 42
Time for BFS 42 is 31.270719
Validating BFS 42
Validate time for BFS 42 is 0.000003
TEPS for BFS 42 is 3.4337e+07 cyrus 1073741824
Running BFS 43
Time for BFS 43 is 30.180161
Validating BFS 43
Validate time for BFS 43 is 0.000004
TEPS for BFS 43 is 3.55777e+07 cyrus 1073741824
Running BFS 44
Time for BFS 44 is 28.240137
Validating BFS 44
Validate time for BFS 44 is 0.000005
TEPS for BFS 44 is 3.80218e+07 cyrus 1073741824
Running BFS 45
Time for BFS 45 is 28.139895
Validating BFS 45
Validate time for BFS 45 is 0.000005
TEPS for BFS 45 is 3.81573e+07 cyrus 1073741824
Running BFS 46
Time for BFS 46 is 26.459750
Validating BFS 46
Validate time for BFS 46 is 0.000003
TEPS for BFS 46 is 4.05802e+07 cyrus 1073741824
Running BFS 47
Time for BFS 47 is 26.819778
Validating BFS 47
Validate time for BFS 47 is 0.000003
TEPS for BFS 47 is 4.00354e+07 cyrus 1073741824
Running BFS 48
Time for BFS 48 is 26.899495
Validating BFS 48
Validate time for BFS 48 is 0.000003
TEPS for BFS 48 is 3.99168e+07 cyrus 1073741824
Running BFS 49
Time for BFS 49 is 33.490664
Validating BFS 49
Validate time for BFS 49 is 0.000009
TEPS for BFS 49 is 3.20609e+07 cyrus 1073741824
Running BFS 50
Time for BFS 50 is 32.260666
Validating BFS 50
Validate time for BFS 50 is 0.000004
TEPS for BFS 50 is 3.32833e+07 cyrus 1073741824
Running BFS 51
Time for BFS 51 is 32.100715
Validating BFS 51
Validate time for BFS 51 is 0.000004
TEPS for BFS 51 is 3.34492e+07 cyrus 1073741824
Running BFS 52
Time for BFS 52 is 28.099950
Validating BFS 52
Validate time for BFS 52 is 0.000002
TEPS for BFS 52 is 3.82115e+07 cyrus 1073741824
Running BFS 53
Time for BFS 53 is 27.220157
Validating BFS 53
Validate time for BFS 53 is 0.000003
TEPS for BFS 53 is 3.94466e+07 cyrus 1073741824
Running BFS 54
Time for BFS 54 is 25.459763
Validating BFS 54
Validate time for BFS 54 is 0.000002
TEPS for BFS 54 is 4.21741e+07 cyrus 1073741824
Running BFS 55
Time for BFS 55 is 28.710105
Validating BFS 55
Validate time for BFS 55 is 0.000004
TEPS for BFS 55 is 3.73994e+07 cyrus 1073741824
Running BFS 56
Time for BFS 56 is 28.987080
Validating BFS 56
Validate time for BFS 56 is 0.000005
TEPS for BFS 56 is 3.70421e+07 cyrus 1073741824
Running BFS 57
Time for BFS 57 is 27.389892
Validating BFS 57
Validate time for BFS 57 is 0.000004
TEPS for BFS 57 is 3.92021e+07 cyrus 1073741824
Running BFS 58
Time for BFS 58 is 27.209745
Validating BFS 58
Validate time for BFS 58 is 0.000003
TEPS for BFS 58 is 3.94617e+07 cyrus 1073741824
Running BFS 59
Time for BFS 59 is 27.139814
Validating BFS 59
Validate time for BFS 59 is 0.000004
TEPS for BFS 59 is 3.95633e+07 cyrus 1073741824
Running BFS 60
Time for BFS 60 is 35.611210
Validating BFS 60
Validate time for BFS 60 is 0.000004
TEPS for BFS 60 is 3.01518e+07 cyrus 1073741824
Running BFS 61
Time for BFS 61 is 26.530070
Validating BFS 61
Validate time for BFS 61 is 0.000005
TEPS for BFS 61 is 4.04726e+07 cyrus 1073741824
Running BFS 62
Time for BFS 62 is 26.779927
Validating BFS 62
Validate time for BFS 62 is 0.000004
TEPS for BFS 62 is 4.0095e+07 cyrus 1073741824
Running BFS 63
Time for BFS 63 is 28.570033
Validating BFS 63
Validate time for BFS 63 is 0.000005
TEPS for BFS 63 is 3.75828e+07 cyrus 1073741824
SCALE:                          26
edgefactor:                     16
NBFS:                           64
graph_generation:               210.773
num_mpi_processes:              32
construction_time:              810.693
min_time:                       23.4988
firstquartile_time:             27.255
median_time:                    28.19
thirdquartile_time:             31.3187
max_time:                       120.653
mean_time:                      30.6009
stddev_time:                    11.799
min_nedge:                      1073741824
firstquartile_nedge:            1073741824
median_nedge:                   1073741824
thirdquartile_nedge:            1073741824
max_nedge:                      1073741824
mean_nedge:                     1073741824
stddev_nedge:                   0
min_TEPS:                       8.89944e+06
firstquartile_TEPS:             3.42844e+07
median_TEPS:                    3.80894e+07
thirdquartile_TEPS:             3.93962e+07
max_TEPS:                       4.56934e+07
harmonic_mean_TEPS:             3.50886e+07
harmonic_stddev_TEPS:           1.70454e+06
min_validate:                   1.90735e-06
firstquartile_validate:         3.09944e-06
median_validate:                4.05312e-06
thirdquartile_validate:         4.41074e-06
max_validate:                   9.05991e-06
mean_validate:                  3.93391e-06
stddev_validate:                1.21793e-06
This benchmark was run on 32 MPI Processes, Scale 26, written output_32_26.log
