graph_generation:               11.241378 s
construction_time:              3.348209 s
Running BFS 0
Time for BFS 0 is 1.549275
Validating BFS 0
Validate time for BFS 0 is 0.000005
TEPS for BFS 0 is 676817 cyrus 1048576
Running BFS 1
Time for BFS 1 is 0.616523
Validating BFS 1
Validate time for BFS 1 is 0.000005
TEPS for BFS 1 is 1.70079e+06 cyrus 1048576
Running BFS 2
Time for BFS 2 is 1.456727
Validating BFS 2
Validate time for BFS 2 is 0.000005
TEPS for BFS 2 is 719816 cyrus 1048576
Running BFS 3
Time for BFS 3 is 0.593283
Validating BFS 3
Validate time for BFS 3 is 0.000006
TEPS for BFS 3 is 1.76741e+06 cyrus 1048576
Running BFS 4
Time for BFS 4 is 0.566728
Validating BFS 4
Validate time for BFS 4 is 0.000004
TEPS for BFS 4 is 1.85023e+06 cyrus 1048576
Running BFS 5
Time for BFS 5 is 0.609047
Validating BFS 5
Validate time for BFS 5 is 0.000005
TEPS for BFS 5 is 1.72167e+06 cyrus 1048576
Running BFS 6
Time for BFS 6 is 0.476705
Validating BFS 6
Validate time for BFS 6 is 0.000004
TEPS for BFS 6 is 2.19963e+06 cyrus 1048576
Running BFS 7
Time for BFS 7 is 0.591647
Validating BFS 7
Validate time for BFS 7 is 0.000007
TEPS for BFS 7 is 1.7723e+06 cyrus 1048576
Running BFS 8
Time for BFS 8 is 0.608319
Validating BFS 8
Validate time for BFS 8 is 0.000008
TEPS for BFS 8 is 1.72373e+06 cyrus 1048576
Running BFS 9
Time for BFS 9 is 0.644653
Validating BFS 9
Validate time for BFS 9 is 0.000005
TEPS for BFS 9 is 1.62657e+06 cyrus 1048576
Running BFS 10
Time for BFS 10 is 0.723645
Validating BFS 10
Validate time for BFS 10 is 0.000006
TEPS for BFS 10 is 1.44902e+06 cyrus 1048576
Running BFS 11
Time for BFS 11 is 0.648998
Validating BFS 11
Validate time for BFS 11 is 0.000005
TEPS for BFS 11 is 1.61568e+06 cyrus 1048576
Running BFS 12
Time for BFS 12 is 0.481911
Validating BFS 12
Validate time for BFS 12 is 0.000005
TEPS for BFS 12 is 2.17587e+06 cyrus 1048576
Running BFS 13
Time for BFS 13 is 0.588537
Validating BFS 13
Validate time for BFS 13 is 0.000006
TEPS for BFS 13 is 1.78167e+06 cyrus 1048576
Running BFS 14
Time for BFS 14 is 0.589029
Validating BFS 14
Validate time for BFS 14 is 0.000006
TEPS for BFS 14 is 1.78018e+06 cyrus 1048576
Running BFS 15
Time for BFS 15 is 0.622159
Validating BFS 15
Validate time for BFS 15 is 0.000005
TEPS for BFS 15 is 1.68538e+06 cyrus 1048576
Running BFS 16
Time for BFS 16 is 0.602572
Validating BFS 16
Validate time for BFS 16 is 0.000008
TEPS for BFS 16 is 1.74017e+06 cyrus 1048576
Running BFS 17
Time for BFS 17 is 0.588418
Validating BFS 17
Validate time for BFS 17 is 0.000005
TEPS for BFS 17 is 1.78203e+06 cyrus 1048576
Running BFS 18
Time for BFS 18 is 0.639120
Validating BFS 18
Validate time for BFS 18 is 0.000005
TEPS for BFS 18 is 1.64066e+06 cyrus 1048576
Running BFS 19
Time for BFS 19 is 0.634539
Validating BFS 19
Validate time for BFS 19 is 0.000006
TEPS for BFS 19 is 1.6525e+06 cyrus 1048576
Running BFS 20
Time for BFS 20 is 0.637239
Validating BFS 20
Validate time for BFS 20 is 0.000005
TEPS for BFS 20 is 1.6455e+06 cyrus 1048576
Running BFS 21
Time for BFS 21 is 0.599825
Validating BFS 21
Validate time for BFS 21 is 0.000007
TEPS for BFS 21 is 1.74814e+06 cyrus 1048576
Running BFS 22
Time for BFS 22 is 0.463368
Validating BFS 22
Validate time for BFS 22 is 0.000004
TEPS for BFS 22 is 2.26294e+06 cyrus 1048576
Running BFS 23
Time for BFS 23 is 0.652750
Validating BFS 23
Validate time for BFS 23 is 0.000006
TEPS for BFS 23 is 1.6064e+06 cyrus 1048576
Running BFS 24
Time for BFS 24 is 3.557556
Validating BFS 24
Validate time for BFS 24 is 0.000004
TEPS for BFS 24 is 294746 cyrus 1048576
Running BFS 25
Time for BFS 25 is 1.322679
Validating BFS 25
Validate time for BFS 25 is 0.000004
TEPS for BFS 25 is 792767 cyrus 1048576
Running BFS 26
Time for BFS 26 is 0.649977
Validating BFS 26
Validate time for BFS 26 is 0.000007
TEPS for BFS 26 is 1.61325e+06 cyrus 1048576
Running BFS 27
Time for BFS 27 is 0.636979
Validating BFS 27
Validate time for BFS 27 is 0.000005
TEPS for BFS 27 is 1.64617e+06 cyrus 1048576
Running BFS 28
Time for BFS 28 is 0.638536
Validating BFS 28
Validate time for BFS 28 is 0.000005
TEPS for BFS 28 is 1.64216e+06 cyrus 1048576
Running BFS 29
Time for BFS 29 is 0.618853
Validating BFS 29
Validate time for BFS 29 is 0.000005
TEPS for BFS 29 is 1.69439e+06 cyrus 1048576
Running BFS 30
Time for BFS 30 is 1.250115
Validating BFS 30
Validate time for BFS 30 is 0.000005
TEPS for BFS 30 is 838784 cyrus 1048576
Running BFS 31
Time for BFS 31 is 0.646618
Validating BFS 31
Validate time for BFS 31 is 0.000005
TEPS for BFS 31 is 1.62163e+06 cyrus 1048576
Running BFS 32
Time for BFS 32 is 0.722559
Validating BFS 32
Validate time for BFS 32 is 0.000009
TEPS for BFS 32 is 1.4512e+06 cyrus 1048576
Running BFS 33
Time for BFS 33 is 0.636741
Validating BFS 33
Validate time for BFS 33 is 0.000005
TEPS for BFS 33 is 1.64679e+06 cyrus 1048576
Running BFS 34
Time for BFS 34 is 0.600386
Validating BFS 34
Validate time for BFS 34 is 0.000005
TEPS for BFS 34 is 1.7465e+06 cyrus 1048576
Running BFS 35
Time for BFS 35 is 0.612018
Validating BFS 35
Validate time for BFS 35 is 0.000005
TEPS for BFS 35 is 1.71331e+06 cyrus 1048576
Running BFS 36
Time for BFS 36 is 0.567293
Validating BFS 36
Validate time for BFS 36 is 0.000005
TEPS for BFS 36 is 1.84839e+06 cyrus 1048576
Running BFS 37
Time for BFS 37 is 0.570980
Validating BFS 37
Validate time for BFS 37 is 0.000005
TEPS for BFS 37 is 1.83645e+06 cyrus 1048576
Running BFS 38
Time for BFS 38 is 0.492016
Validating BFS 38
Validate time for BFS 38 is 0.000004
TEPS for BFS 38 is 2.13118e+06 cyrus 1048576
Running BFS 39
Time for BFS 39 is 0.619029
Validating BFS 39
Validate time for BFS 39 is 0.000005
TEPS for BFS 39 is 1.6939e+06 cyrus 1048576
Running BFS 40
Time for BFS 40 is 1.154562
Validating BFS 40
Validate time for BFS 40 is 0.000005
TEPS for BFS 40 is 908202 cyrus 1048576
Running BFS 41
Time for BFS 41 is 0.602823
Validating BFS 41
Validate time for BFS 41 is 0.000005
TEPS for BFS 41 is 1.73944e+06 cyrus 1048576
Running BFS 42
Time for BFS 42 is 0.599765
Validating BFS 42
Validate time for BFS 42 is 0.000004
TEPS for BFS 42 is 1.74831e+06 cyrus 1048576
Running BFS 43
Time for BFS 43 is 0.620091
Validating BFS 43
Validate time for BFS 43 is 0.000005
TEPS for BFS 43 is 1.691e+06 cyrus 1048576
Running BFS 44
Time for BFS 44 is 0.659337
Validating BFS 44
Validate time for BFS 44 is 0.000004
TEPS for BFS 44 is 1.59035e+06 cyrus 1048576
Running BFS 45
Time for BFS 45 is 0.591699
Validating BFS 45
Validate time for BFS 45 is 0.000004
TEPS for BFS 45 is 1.77214e+06 cyrus 1048576
Running BFS 46
Time for BFS 46 is 0.607696
Validating BFS 46
Validate time for BFS 46 is 0.000005
TEPS for BFS 46 is 1.72549e+06 cyrus 1048576
Running BFS 47
Time for BFS 47 is 0.618400
Validating BFS 47
Validate time for BFS 47 is 0.000005
TEPS for BFS 47 is 1.69563e+06 cyrus 1048576
Running BFS 48
Time for BFS 48 is 0.783469
Validating BFS 48
Validate time for BFS 48 is 0.000005
TEPS for BFS 48 is 1.33838e+06 cyrus 1048576
Running BFS 49
Time for BFS 49 is 1.323264
Validating BFS 49
Validate time for BFS 49 is 0.000002
TEPS for BFS 49 is 792416 cyrus 1048576
Running BFS 50
Time for BFS 50 is 0.625289
Validating BFS 50
Validate time for BFS 50 is 0.000001
TEPS for BFS 50 is 1.67695e+06 cyrus 1048576
Running BFS 51
Time for BFS 51 is 0.621658
Validating BFS 51
Validate time for BFS 51 is 0.000001
TEPS for BFS 51 is 1.68674e+06 cyrus 1048576
Running BFS 52
Time for BFS 52 is 0.592504
Validating BFS 52
Validate time for BFS 52 is 0.000001
TEPS for BFS 52 is 1.76974e+06 cyrus 1048576
Running BFS 53
Time for BFS 53 is 0.629795
Validating BFS 53
Validate time for BFS 53 is 0.000001
TEPS for BFS 53 is 1.66495e+06 cyrus 1048576
Running BFS 54
Time for BFS 54 is 0.519902
Validating BFS 54
Validate time for BFS 54 is 0.000000
TEPS for BFS 54 is 2.01687e+06 cyrus 1048576
Running BFS 55
Time for BFS 55 is 0.610764
Validating BFS 55
Validate time for BFS 55 is 0.000000
TEPS for BFS 55 is 1.71683e+06 cyrus 1048576
Running BFS 56
Time for BFS 56 is 0.624129
Validating BFS 56
Validate time for BFS 56 is 0.000001
TEPS for BFS 56 is 1.68006e+06 cyrus 1048576
Running BFS 57
Time for BFS 57 is 0.619735
Validating BFS 57
Validate time for BFS 57 is 0.000001
TEPS for BFS 57 is 1.69197e+06 cyrus 1048576
Running BFS 58
Time for BFS 58 is 0.620735
Validating BFS 58
Validate time for BFS 58 is 0.000001
TEPS for BFS 58 is 1.68925e+06 cyrus 1048576
Running BFS 59
Time for BFS 59 is 0.503438
Validating BFS 59
Validate time for BFS 59 is 0.000001
TEPS for BFS 59 is 2.08283e+06 cyrus 1048576
Running BFS 60
Time for BFS 60 is 0.622404
Validating BFS 60
Validate time for BFS 60 is 0.000001
TEPS for BFS 60 is 1.68472e+06 cyrus 1048576
Running BFS 61
Time for BFS 61 is 0.604017
Validating BFS 61
Validate time for BFS 61 is 0.000001
TEPS for BFS 61 is 1.736e+06 cyrus 1048576
Running BFS 62
Time for BFS 62 is 0.639948
Validating BFS 62
Validate time for BFS 62 is 0.000001
TEPS for BFS 62 is 1.63853e+06 cyrus 1048576
Running BFS 63
Time for BFS 63 is 0.694780
Validating BFS 63
Validate time for BFS 63 is 0.000001
TEPS for BFS 63 is 1.50922e+06 cyrus 1048576
SCALE:                          16
edgefactor:                     16
NBFS:                           64
graph_generation:               11.2414
num_mpi_processes:              128
construction_time:              3.34821
min_time:                       0.463368
firstquartile_time:             0.596524
median_time:                    0.619913
thirdquartile_time:             0.645635
max_time:                       3.55756
mean_time:                      0.725274
stddev_time:                    0.42421
min_nedge:                      1048576
firstquartile_nedge:            1048576
median_nedge:                   1048576
thirdquartile_nedge:            1048576
max_nedge:                      1048576
mean_nedge:                     1048576
stddev_nedge:                   0
min_TEPS:                       294746
firstquartile_TEPS:             1.6241e+06
median_TEPS:                    1.69149e+06
thirdquartile_TEPS:             1.75781e+06
max_TEPS:                       2.26294e+06
harmonic_mean_TEPS:             1.44576e+06
harmonic_stddev_TEPS:           106538
min_validate:                   0
firstquartile_validate:         3.8147e-06
median_validate:                5.00679e-06
thirdquartile_validate:         5.00679e-06
max_validate:                   9.05991e-06
mean_validate:                  4.23193e-06
stddev_validate:                2.09319e-06
This benchmark was run on 128 MPI Processes, Scale 16, written output_128_16.log
