graph_generation:               50.479778 s
construction_time:              25.894423 s
Running BFS 0
Time for BFS 0 is 4.004188
Validating BFS 0
Validate time for BFS 0 is 0.000007
TEPS for BFS 0 is 8.37983e+06 cyrus 33554432
Running BFS 1
Time for BFS 1 is 5.431485
Validating BFS 1
Validate time for BFS 1 is 0.000005
TEPS for BFS 1 is 6.17776e+06 cyrus 33554432
Running BFS 2
Time for BFS 2 is 3.463309
Validating BFS 2
Validate time for BFS 2 is 0.000006
TEPS for BFS 2 is 9.68855e+06 cyrus 33554432
Running BFS 3
Time for BFS 3 is 2.927155
Validating BFS 3
Validate time for BFS 3 is 0.000005
TEPS for BFS 3 is 1.14632e+07 cyrus 33554432
Running BFS 4
Time for BFS 4 is 2.943850
Validating BFS 4
Validate time for BFS 4 is 0.000005
TEPS for BFS 4 is 1.13981e+07 cyrus 33554432
Running BFS 5
Time for BFS 5 is 2.913727
Validating BFS 5
Validate time for BFS 5 is 0.000006
TEPS for BFS 5 is 1.1516e+07 cyrus 33554432
Running BFS 6
Time for BFS 6 is 3.508556
Validating BFS 6
Validate time for BFS 6 is 0.000006
TEPS for BFS 6 is 9.5636e+06 cyrus 33554432
Running BFS 7
Time for BFS 7 is 5.147855
Validating BFS 7
Validate time for BFS 7 is 0.000006
TEPS for BFS 7 is 6.51814e+06 cyrus 33554432
Running BFS 8
Time for BFS 8 is 3.542949
Validating BFS 8
Validate time for BFS 8 is 0.000005
TEPS for BFS 8 is 9.47076e+06 cyrus 33554432
Running BFS 9
Time for BFS 9 is 3.423821
Validating BFS 9
Validate time for BFS 9 is 0.000005
TEPS for BFS 9 is 9.80029e+06 cyrus 33554432
Running BFS 10
Time for BFS 10 is 3.921969
Validating BFS 10
Validate time for BFS 10 is 0.000004
TEPS for BFS 10 is 8.55551e+06 cyrus 33554432
Running BFS 11
Time for BFS 11 is 2.834798
Validating BFS 11
Validate time for BFS 11 is 0.000007
TEPS for BFS 11 is 1.18366e+07 cyrus 33554432
Running BFS 12
Time for BFS 12 is 3.750325
Validating BFS 12
Validate time for BFS 12 is 0.000006
TEPS for BFS 12 is 8.94707e+06 cyrus 33554432
Running BFS 13
Time for BFS 13 is 3.857436
Validating BFS 13
Validate time for BFS 13 is 0.000005
TEPS for BFS 13 is 8.69864e+06 cyrus 33554432
Running BFS 14
Time for BFS 14 is 3.830823
Validating BFS 14
Validate time for BFS 14 is 0.000006
TEPS for BFS 14 is 8.75907e+06 cyrus 33554432
Running BFS 15
Time for BFS 15 is 3.758076
Validating BFS 15
Validate time for BFS 15 is 0.000006
TEPS for BFS 15 is 8.92862e+06 cyrus 33554432
Running BFS 16
Time for BFS 16 is 3.411399
Validating BFS 16
Validate time for BFS 16 is 0.000006
TEPS for BFS 16 is 9.83597e+06 cyrus 33554432
Running BFS 17
Time for BFS 17 is 8.792017
Validating BFS 17
Validate time for BFS 17 is 0.000002
TEPS for BFS 17 is 3.81647e+06 cyrus 33554432
Running BFS 18
Time for BFS 18 is 3.382760
Validating BFS 18
Validate time for BFS 18 is 0.000001
TEPS for BFS 18 is 9.91925e+06 cyrus 33554432
Running BFS 19
Time for BFS 19 is 3.535671
Validating BFS 19
Validate time for BFS 19 is 0.000001
TEPS for BFS 19 is 9.49026e+06 cyrus 33554432
Running BFS 20
Time for BFS 20 is 3.505633
Validating BFS 20
Validate time for BFS 20 is 0.000002
TEPS for BFS 20 is 9.57158e+06 cyrus 33554432
Running BFS 21
Time for BFS 21 is 4.400029
Validating BFS 21
Validate time for BFS 21 is 0.000002
TEPS for BFS 21 is 7.62596e+06 cyrus 33554432
Running BFS 22
Time for BFS 22 is 3.351759
Validating BFS 22
Validate time for BFS 22 is 0.000001
TEPS for BFS 22 is 1.0011e+07 cyrus 33554432
Running BFS 23
Time for BFS 23 is 3.442326
Validating BFS 23
Validate time for BFS 23 is 0.000002
TEPS for BFS 23 is 9.7476e+06 cyrus 33554432
Running BFS 24
Time for BFS 24 is 2.860006
Validating BFS 24
Validate time for BFS 24 is 0.000001
TEPS for BFS 24 is 1.17323e+07 cyrus 33554432
Running BFS 25
Time for BFS 25 is 3.119706
Validating BFS 25
Validate time for BFS 25 is 0.000002
TEPS for BFS 25 is 1.07556e+07 cyrus 33554432
Running BFS 26
Time for BFS 26 is 5.255688
Validating BFS 26
Validate time for BFS 26 is 0.000002
TEPS for BFS 26 is 6.3844e+06 cyrus 33554432
Running BFS 27
Time for BFS 27 is 7.859612
Validating BFS 27
Validate time for BFS 27 is 0.000002
TEPS for BFS 27 is 4.26922e+06 cyrus 33554432
Running BFS 28
Time for BFS 28 is 3.419931
Validating BFS 28
Validate time for BFS 28 is 0.000001
TEPS for BFS 28 is 9.81144e+06 cyrus 33554432
Running BFS 29
Time for BFS 29 is 4.555572
Validating BFS 29
Validate time for BFS 29 is 0.000002
TEPS for BFS 29 is 7.36558e+06 cyrus 33554432
Running BFS 30
Time for BFS 30 is 3.472669
Validating BFS 30
Validate time for BFS 30 is 0.000003
TEPS for BFS 30 is 9.66243e+06 cyrus 33554432
Running BFS 31
Time for BFS 31 is 2.757868
Validating BFS 31
Validate time for BFS 31 is 0.000001
TEPS for BFS 31 is 1.21668e+07 cyrus 33554432
Running BFS 32
Time for BFS 32 is 3.321554
Validating BFS 32
Validate time for BFS 32 is 0.000002
TEPS for BFS 32 is 1.0102e+07 cyrus 33554432
Running BFS 33
Time for BFS 33 is 2.782911
Validating BFS 33
Validate time for BFS 33 is 0.000002
TEPS for BFS 33 is 1.20573e+07 cyrus 33554432
Running BFS 34
Time for BFS 34 is 4.268429
Validating BFS 34
Validate time for BFS 34 is 0.000002
TEPS for BFS 34 is 7.86107e+06 cyrus 33554432
Running BFS 35
Time for BFS 35 is 4.821157
Validating BFS 35
Validate time for BFS 35 is 0.000002
TEPS for BFS 35 is 6.95983e+06 cyrus 33554432
Running BFS 36
Time for BFS 36 is 4.929104
Validating BFS 36
Validate time for BFS 36 is 0.000002
TEPS for BFS 36 is 6.80741e+06 cyrus 33554432
Running BFS 37
Time for BFS 37 is 3.685948
Validating BFS 37
Validate time for BFS 37 is 0.000002
TEPS for BFS 37 is 9.10334e+06 cyrus 33554432
Running BFS 38
Time for BFS 38 is 2.916175
Validating BFS 38
Validate time for BFS 38 is 0.000002
TEPS for BFS 38 is 1.15063e+07 cyrus 33554432
Running BFS 39
Time for BFS 39 is 2.899307
Validating BFS 39
Validate time for BFS 39 is 0.000002
TEPS for BFS 39 is 1.15733e+07 cyrus 33554432
Running BFS 40
Time for BFS 40 is 3.860093
Validating BFS 40
Validate time for BFS 40 is 0.000002
TEPS for BFS 40 is 8.69265e+06 cyrus 33554432
Running BFS 41
Time for BFS 41 is 3.607392
Validating BFS 41
Validate time for BFS 41 is 0.000002
TEPS for BFS 41 is 9.30158e+06 cyrus 33554432
Running BFS 42
Time for BFS 42 is 3.879457
Validating BFS 42
Validate time for BFS 42 is 0.000001
TEPS for BFS 42 is 8.64926e+06 cyrus 33554432
Running BFS 43
Time for BFS 43 is 3.008234
Validating BFS 43
Validate time for BFS 43 is 0.000002
TEPS for BFS 43 is 1.11542e+07 cyrus 33554432
Running BFS 44
Time for BFS 44 is 3.314131
Validating BFS 44
Validate time for BFS 44 is 0.000002
TEPS for BFS 44 is 1.01247e+07 cyrus 33554432
Running BFS 45
Time for BFS 45 is 3.970057
Validating BFS 45
Validate time for BFS 45 is 0.000001
TEPS for BFS 45 is 8.45188e+06 cyrus 33554432
Running BFS 46
Time for BFS 46 is 3.819406
Validating BFS 46
Validate time for BFS 46 is 0.000005
TEPS for BFS 46 is 8.78525e+06 cyrus 33554432
Running BFS 47
Time for BFS 47 is 3.606394
Validating BFS 47
Validate time for BFS 47 is 0.000001
TEPS for BFS 47 is 9.30415e+06 cyrus 33554432
Running BFS 48
Time for BFS 48 is 3.515679
Validating BFS 48
Validate time for BFS 48 is 0.000002
TEPS for BFS 48 is 9.54422e+06 cyrus 33554432
Running BFS 49
Time for BFS 49 is 3.447604
Validating BFS 49
Validate time for BFS 49 is 0.000001
TEPS for BFS 49 is 9.73268e+06 cyrus 33554432
Running BFS 50
Time for BFS 50 is 3.450173
Validating BFS 50
Validate time for BFS 50 is 0.000001
TEPS for BFS 50 is 9.72543e+06 cyrus 33554432
Running BFS 51
Time for BFS 51 is 3.627266
Validating BFS 51
Validate time for BFS 51 is 0.000002
TEPS for BFS 51 is 9.25061e+06 cyrus 33554432
Running BFS 52
Time for BFS 52 is 3.355865
Validating BFS 52
Validate time for BFS 52 is 0.000002
TEPS for BFS 52 is 9.99874e+06 cyrus 33554432
Running BFS 53
Time for BFS 53 is 3.352400
Validating BFS 53
Validate time for BFS 53 is 0.000001
TEPS for BFS 53 is 1.00091e+07 cyrus 33554432
Running BFS 54
Time for BFS 54 is 8.207796
Validating BFS 54
Validate time for BFS 54 is 0.000002
TEPS for BFS 54 is 4.08812e+06 cyrus 33554432
Running BFS 55
Time for BFS 55 is 3.375768
Validating BFS 55
Validate time for BFS 55 is 0.000003
TEPS for BFS 55 is 9.93979e+06 cyrus 33554432
Running BFS 56
Time for BFS 56 is 2.778677
Validating BFS 56
Validate time for BFS 56 is 0.000002
TEPS for BFS 56 is 1.20757e+07 cyrus 33554432
Running BFS 57
Time for BFS 57 is 4.142151
Validating BFS 57
Validate time for BFS 57 is 0.000002
TEPS for BFS 57 is 8.10073e+06 cyrus 33554432
Running BFS 58
Time for BFS 58 is 3.822699
Validating BFS 58
Validate time for BFS 58 is 0.000002
TEPS for BFS 58 is 8.77768e+06 cyrus 33554432
Running BFS 59
Time for BFS 59 is 2.820034
Validating BFS 59
Validate time for BFS 59 is 0.000002
TEPS for BFS 59 is 1.18986e+07 cyrus 33554432
Running BFS 60
Time for BFS 60 is 3.686826
Validating BFS 60
Validate time for BFS 60 is 0.000002
TEPS for BFS 60 is 9.10117e+06 cyrus 33554432
Running BFS 61
Time for BFS 61 is 2.947572
Validating BFS 61
Validate time for BFS 61 is 0.000001
TEPS for BFS 61 is 1.13838e+07 cyrus 33554432
Running BFS 62
Time for BFS 62 is 4.169983
Validating BFS 62
Validate time for BFS 62 is 0.000001
TEPS for BFS 62 is 8.04666e+06 cyrus 33554432
Running BFS 63
Time for BFS 63 is 3.435317
Validating BFS 63
Validate time for BFS 63 is 0.000001
TEPS for BFS 63 is 9.76749e+06 cyrus 33554432
SCALE:                          21
edgefactor:                     16
NBFS:                           64
graph_generation:               50.4798
num_mpi_processes:              128
construction_time:              25.8944
min_time:                       2.75787
firstquartile_time:             3.33666
median_time:                    3.51212
thirdquartile_time:             3.90071
max_time:                       8.79202
mean_time:                      3.83138
stddev_time:                    1.16782
min_nedge:                      33554432
firstquartile_nedge:            33554432
median_nedge:                   33554432
thirdquartile_nedge:            33554432
max_nedge:                      33554432
mean_nedge:                     33554432
stddev_nedge:                   0
min_TEPS:                       3.81647e+06
firstquartile_TEPS:             8.60213e+06
median_TEPS:                    9.5539e+06
thirdquartile_TEPS:             1.00563e+07
max_TEPS:                       1.21668e+07
harmonic_mean_TEPS:             8.75779e+06
harmonic_stddev_TEPS:           336314
min_validate:                   9.53674e-07
firstquartile_validate:         1.90735e-06
median_validate:                2.14577e-06
thirdquartile_validate:         5.00679e-06
max_validate:                   6.91414e-06
mean_validate:                  2.8275e-06
stddev_validate:                1.85549e-06
This benchmark was run on 128 MPI Processes, Scale 21, written output_128_21.log
