graph_generation:               42.703321 s
construction_time:              25.362350 s
Running BFS 0
Time for BFS 0 is 3.019527
Validating BFS 0
Validate time for BFS 0 is 0.000004
TEPS for BFS 0 is 2.77812e+06 cyrus 8388608
Running BFS 1
Time for BFS 1 is 3.022392
Validating BFS 1
Validate time for BFS 1 is 0.000005
TEPS for BFS 1 is 2.77549e+06 cyrus 8388608
Running BFS 2
Time for BFS 2 is 3.467833
Validating BFS 2
Validate time for BFS 2 is 0.000005
TEPS for BFS 2 is 2.41898e+06 cyrus 8388608
Running BFS 3
Time for BFS 3 is 3.089134
Validating BFS 3
Validate time for BFS 3 is 0.000006
TEPS for BFS 3 is 2.71552e+06 cyrus 8388608
Running BFS 4
Time for BFS 4 is 3.670514
Validating BFS 4
Validate time for BFS 4 is 0.000006
TEPS for BFS 4 is 2.2854e+06 cyrus 8388608
Running BFS 5
Time for BFS 5 is 2.595199
Validating BFS 5
Validate time for BFS 5 is 0.000006
TEPS for BFS 5 is 3.23236e+06 cyrus 8388608
Running BFS 6
Time for BFS 6 is 3.282635
Validating BFS 6
Validate time for BFS 6 is 0.000005
TEPS for BFS 6 is 2.55545e+06 cyrus 8388608
Running BFS 7
Time for BFS 7 is 3.092663
Validating BFS 7
Validate time for BFS 7 is 0.000006
TEPS for BFS 7 is 2.71242e+06 cyrus 8388608
Running BFS 8
Time for BFS 8 is 3.625683
Validating BFS 8
Validate time for BFS 8 is 0.000005
TEPS for BFS 8 is 2.31366e+06 cyrus 8388608
Running BFS 9
Time for BFS 9 is 2.997032
Validating BFS 9
Validate time for BFS 9 is 0.000006
TEPS for BFS 9 is 2.79897e+06 cyrus 8388608
Running BFS 10
Time for BFS 10 is 3.068942
Validating BFS 10
Validate time for BFS 10 is 0.000004
TEPS for BFS 10 is 2.73339e+06 cyrus 8388608
Running BFS 11
Time for BFS 11 is 3.198155
Validating BFS 11
Validate time for BFS 11 is 0.000005
TEPS for BFS 11 is 2.62295e+06 cyrus 8388608
Running BFS 12
Time for BFS 12 is 3.012524
Validating BFS 12
Validate time for BFS 12 is 0.000005
TEPS for BFS 12 is 2.78458e+06 cyrus 8388608
Running BFS 13
Time for BFS 13 is 3.017333
Validating BFS 13
Validate time for BFS 13 is 0.000005
TEPS for BFS 13 is 2.78014e+06 cyrus 8388608
Running BFS 14
Time for BFS 14 is 3.096453
Validating BFS 14
Validate time for BFS 14 is 0.000005
TEPS for BFS 14 is 2.7091e+06 cyrus 8388608
Running BFS 15
Time for BFS 15 is 2.991009
Validating BFS 15
Validate time for BFS 15 is 0.000005
TEPS for BFS 15 is 2.80461e+06 cyrus 8388608
Running BFS 16
Time for BFS 16 is 3.180078
Validating BFS 16
Validate time for BFS 16 is 0.000005
TEPS for BFS 16 is 2.63786e+06 cyrus 8388608
Running BFS 17
Time for BFS 17 is 2.514240
Validating BFS 17
Validate time for BFS 17 is 0.000006
TEPS for BFS 17 is 3.33644e+06 cyrus 8388608
Running BFS 18
Time for BFS 18 is 3.243546
Validating BFS 18
Validate time for BFS 18 is 0.000006
TEPS for BFS 18 is 2.58625e+06 cyrus 8388608
Running BFS 19
Time for BFS 19 is 2.490821
Validating BFS 19
Validate time for BFS 19 is 0.000005
TEPS for BFS 19 is 3.36781e+06 cyrus 8388608
Running BFS 20
Time for BFS 20 is 3.031742
Validating BFS 20
Validate time for BFS 20 is 0.000006
TEPS for BFS 20 is 2.76693e+06 cyrus 8388608
Running BFS 21
Time for BFS 21 is 3.765591
Validating BFS 21
Validate time for BFS 21 is 0.000006
TEPS for BFS 21 is 2.2277e+06 cyrus 8388608
Running BFS 22
Time for BFS 22 is 3.118762
Validating BFS 22
Validate time for BFS 22 is 0.000007
TEPS for BFS 22 is 2.68972e+06 cyrus 8388608
Running BFS 23
Time for BFS 23 is 3.208485
Validating BFS 23
Validate time for BFS 23 is 0.000006
TEPS for BFS 23 is 2.61451e+06 cyrus 8388608
Running BFS 24
Time for BFS 24 is 3.612158
Validating BFS 24
Validate time for BFS 24 is 0.000005
TEPS for BFS 24 is 2.32233e+06 cyrus 8388608
Running BFS 25
Time for BFS 25 is 3.116681
Validating BFS 25
Validate time for BFS 25 is 0.000005
TEPS for BFS 25 is 2.69152e+06 cyrus 8388608
Running BFS 26
Time for BFS 26 is 3.068565
Validating BFS 26
Validate time for BFS 26 is 0.000006
TEPS for BFS 26 is 2.73372e+06 cyrus 8388608
Running BFS 27
Time for BFS 27 is 3.051014
Validating BFS 27
Validate time for BFS 27 is 0.000006
TEPS for BFS 27 is 2.74945e+06 cyrus 8388608
Running BFS 28
Time for BFS 28 is 3.519262
Validating BFS 28
Validate time for BFS 28 is 0.000005
TEPS for BFS 28 is 2.38363e+06 cyrus 8388608
Running BFS 29
Time for BFS 29 is 2.998541
Validating BFS 29
Validate time for BFS 29 is 0.000005
TEPS for BFS 29 is 2.79756e+06 cyrus 8388608
Running BFS 30
Time for BFS 30 is 3.043463
Validating BFS 30
Validate time for BFS 30 is 0.000005
TEPS for BFS 30 is 2.75627e+06 cyrus 8388608
Running BFS 31
Time for BFS 31 is 5.316188
Validating BFS 31
Validate time for BFS 31 is 0.000004
TEPS for BFS 31 is 1.57794e+06 cyrus 8388608
Running BFS 32
Time for BFS 32 is 3.035069
Validating BFS 32
Validate time for BFS 32 is 0.000005
TEPS for BFS 32 is 2.76389e+06 cyrus 8388608
Running BFS 33
Time for BFS 33 is 3.590278
Validating BFS 33
Validate time for BFS 33 is 0.000004
TEPS for BFS 33 is 2.33648e+06 cyrus 8388608
Running BFS 34
Time for BFS 34 is 3.516210
Validating BFS 34
Validate time for BFS 34 is 0.000006
TEPS for BFS 34 is 2.3857e+06 cyrus 8388608
Running BFS 35
Time for BFS 35 is 3.542352
Validating BFS 35
Validate time for BFS 35 is 0.000005
TEPS for BFS 35 is 2.36809e+06 cyrus 8388608
Running BFS 36
Time for BFS 36 is 2.991946
Validating BFS 36
Validate time for BFS 36 is 0.000004
TEPS for BFS 36 is 2.80373e+06 cyrus 8388608
Running BFS 37
Time for BFS 37 is 3.017147
Validating BFS 37
Validate time for BFS 37 is 0.000005
TEPS for BFS 37 is 2.78031e+06 cyrus 8388608
Running BFS 38
Time for BFS 38 is 2.565990
Validating BFS 38
Validate time for BFS 38 is 0.000005
TEPS for BFS 38 is 3.26915e+06 cyrus 8388608
Running BFS 39
Time for BFS 39 is 3.093405
Validating BFS 39
Validate time for BFS 39 is 0.000007
TEPS for BFS 39 is 2.71177e+06 cyrus 8388608
Running BFS 40
Time for BFS 40 is 5.739966
Validating BFS 40
Validate time for BFS 40 is 0.000006
TEPS for BFS 40 is 1.46144e+06 cyrus 8388608
Running BFS 41
Time for BFS 41 is 3.012960
Validating BFS 41
Validate time for BFS 41 is 0.000006
TEPS for BFS 41 is 2.78418e+06 cyrus 8388608
Running BFS 42
Time for BFS 42 is 5.112977
Validating BFS 42
Validate time for BFS 42 is 0.000006
TEPS for BFS 42 is 1.64065e+06 cyrus 8388608
Running BFS 43
Time for BFS 43 is 3.418364
Validating BFS 43
Validate time for BFS 43 is 0.000005
TEPS for BFS 43 is 2.45398e+06 cyrus 8388608
Running BFS 44
Time for BFS 44 is 3.423889
Validating BFS 44
Validate time for BFS 44 is 0.000005
TEPS for BFS 44 is 2.45002e+06 cyrus 8388608
Running BFS 45
Time for BFS 45 is 3.165939
Validating BFS 45
Validate time for BFS 45 is 0.000005
TEPS for BFS 45 is 2.64964e+06 cyrus 8388608
Running BFS 46
Time for BFS 46 is 3.279173
Validating BFS 46
Validate time for BFS 46 is 0.000004
TEPS for BFS 46 is 2.55815e+06 cyrus 8388608
Running BFS 47
Time for BFS 47 is 3.059202
Validating BFS 47
Validate time for BFS 47 is 0.000006
TEPS for BFS 47 is 2.74209e+06 cyrus 8388608
Running BFS 48
Time for BFS 48 is 3.026276
Validating BFS 48
Validate time for BFS 48 is 0.000006
TEPS for BFS 48 is 2.77192e+06 cyrus 8388608
Running BFS 49
Time for BFS 49 is 2.977381
Validating BFS 49
Validate time for BFS 49 is 0.000006
TEPS for BFS 49 is 2.81745e+06 cyrus 8388608
Running BFS 50
Time for BFS 50 is 3.122086
Validating BFS 50
Validate time for BFS 50 is 0.000006
TEPS for BFS 50 is 2.68686e+06 cyrus 8388608
Running BFS 51
Time for BFS 51 is 2.618968
Validating BFS 51
Validate time for BFS 51 is 0.000006
TEPS for BFS 51 is 3.20302e+06 cyrus 8388608
Running BFS 52
Time for BFS 52 is 4.126742
Validating BFS 52
Validate time for BFS 52 is 0.000006
TEPS for BFS 52 is 2.03274e+06 cyrus 8388608
Running BFS 53
Time for BFS 53 is 3.046050
Validating BFS 53
Validate time for BFS 53 is 0.000006
TEPS for BFS 53 is 2.75393e+06 cyrus 8388608
Running BFS 54
Time for BFS 54 is 3.114656
Validating BFS 54
Validate time for BFS 54 is 0.000006
TEPS for BFS 54 is 2.69327e+06 cyrus 8388608
Running BFS 55
Time for BFS 55 is 2.883177
Validating BFS 55
Validate time for BFS 55 is 0.000006
TEPS for BFS 55 is 2.9095e+06 cyrus 8388608
Running BFS 56
Time for BFS 56 is 2.984124
Validating BFS 56
Validate time for BFS 56 is 0.000006
TEPS for BFS 56 is 2.81108e+06 cyrus 8388608
Running BFS 57
Time for BFS 57 is 2.947977
Validating BFS 57
Validate time for BFS 57 is 0.000005
TEPS for BFS 57 is 2.84555e+06 cyrus 8388608
Running BFS 58
Time for BFS 58 is 3.585266
Validating BFS 58
Validate time for BFS 58 is 0.000006
TEPS for BFS 58 is 2.33975e+06 cyrus 8388608
Running BFS 59
Time for BFS 59 is 4.685252
Validating BFS 59
Validate time for BFS 59 is 0.000005
TEPS for BFS 59 is 1.79043e+06 cyrus 8388608
Running BFS 60
Time for BFS 60 is 3.949176
Validating BFS 60
Validate time for BFS 60 is 0.000006
TEPS for BFS 60 is 2.12414e+06 cyrus 8388608
Running BFS 61
Time for BFS 61 is 2.954319
Validating BFS 61
Validate time for BFS 61 is 0.000005
TEPS for BFS 61 is 2.83944e+06 cyrus 8388608
Running BFS 62
Time for BFS 62 is 2.994921
Validating BFS 62
Validate time for BFS 62 is 0.000005
TEPS for BFS 62 is 2.80094e+06 cyrus 8388608
Running BFS 63
Time for BFS 63 is 3.059187
Validating BFS 63
Validate time for BFS 63 is 0.000007
TEPS for BFS 63 is 2.7421e+06 cyrus 8388608
SCALE:                          19
edgefactor:                     16
NBFS:                           64
graph_generation:               42.7033
num_mpi_processes:              128
construction_time:              25.3624
min_time:                       2.49082
firstquartile_time:             3.01274
median_time:                    3.0909
thirdquartile_time:             3.44586
max_time:                       5.73997
mean_time:                      3.28385
stddev_time:                    0.598642
min_nedge:                      8388608
firstquartile_nedge:            8388608
median_nedge:                   8388608
thirdquartile_nedge:            8388608
max_nedge:                      8388608
mean_nedge:                     8388608
stddev_nedge:                   0
min_TEPS:                       1.46144e+06
firstquartile_TEPS:             2.4344e+06
median_TEPS:                    2.71397e+06
thirdquartile_TEPS:             2.78438e+06
max_TEPS:                       3.36781e+06
harmonic_mean_TEPS:             2.5545e+06
harmonic_stddev_TEPS:           58670.4
min_validate:                   3.8147e-06
firstquartile_validate:         5.00679e-06
median_validate:                5.00679e-06
thirdquartile_validate:         5.96046e-06
max_validate:                   7.15256e-06
mean_validate:                  5.42775e-06
stddev_validate:                7.35459e-07
This benchmark was run on 128 MPI Processes, Scale 19, written output_128_19.log
