graph_generation:               56.741287 s
construction_time:              35.723462 s
Running BFS 0
Time for BFS 0 is 15.835532
Validating BFS 0
Validate time for BFS 0 is 0.000006
TEPS for BFS 0 is 1.69515e+07 cyrus 268435456
Running BFS 1
Time for BFS 1 is 14.675443
Validating BFS 1
Validate time for BFS 1 is 0.000005
TEPS for BFS 1 is 1.82915e+07 cyrus 268435456
Running BFS 2
Time for BFS 2 is 18.284887
Validating BFS 2
Validate time for BFS 2 is 0.000006
TEPS for BFS 2 is 1.46807e+07 cyrus 268435456
Running BFS 3
Time for BFS 3 is 14.268159
Validating BFS 3
Validate time for BFS 3 is 0.000007
TEPS for BFS 3 is 1.88136e+07 cyrus 268435456
Running BFS 4
Time for BFS 4 is 15.187559
Validating BFS 4
Validate time for BFS 4 is 0.000009
TEPS for BFS 4 is 1.76747e+07 cyrus 268435456
Running BFS 5
Time for BFS 5 is 16.219803
Validating BFS 5
Validate time for BFS 5 is 0.000007
TEPS for BFS 5 is 1.65499e+07 cyrus 268435456
Running BFS 6
Time for BFS 6 is 14.085448
Validating BFS 6
Validate time for BFS 6 is 0.000006
TEPS for BFS 6 is 1.90576e+07 cyrus 268435456
Running BFS 7
Time for BFS 7 is 15.329950
Validating BFS 7
Validate time for BFS 7 is 0.000009
TEPS for BFS 7 is 1.75105e+07 cyrus 268435456
Running BFS 8
Time for BFS 8 is 14.967970
Validating BFS 8
Validate time for BFS 8 is 0.000007
TEPS for BFS 8 is 1.7934e+07 cyrus 268435456
Running BFS 9
Time for BFS 9 is 18.288008
Validating BFS 9
Validate time for BFS 9 is 0.000007
TEPS for BFS 9 is 1.46782e+07 cyrus 268435456
Running BFS 10
Time for BFS 10 is 18.465579
Validating BFS 10
Validate time for BFS 10 is 0.000007
TEPS for BFS 10 is 1.45371e+07 cyrus 268435456
Running BFS 11
Time for BFS 11 is 16.346935
Validating BFS 11
Validate time for BFS 11 is 0.000010
TEPS for BFS 11 is 1.64211e+07 cyrus 268435456
Running BFS 12
Time for BFS 12 is 16.239135
Validating BFS 12
Validate time for BFS 12 is 0.000003
TEPS for BFS 12 is 1.65302e+07 cyrus 268435456
Running BFS 13
Time for BFS 13 is 16.550123
Validating BFS 13
Validate time for BFS 13 is 0.000006
TEPS for BFS 13 is 1.62195e+07 cyrus 268435456
Running BFS 14
Time for BFS 14 is 14.160333
Validating BFS 14
Validate time for BFS 14 is 0.000008
TEPS for BFS 14 is 1.89569e+07 cyrus 268435456
Running BFS 15
Time for BFS 15 is 14.944768
Validating BFS 15
Validate time for BFS 15 is 0.000006
TEPS for BFS 15 is 1.79618e+07 cyrus 268435456
Running BFS 16
Time for BFS 16 is 16.089818
Validating BFS 16
Validate time for BFS 16 is 0.000007
TEPS for BFS 16 is 1.66836e+07 cyrus 268435456
Running BFS 17
Time for BFS 17 is 13.060234
Validating BFS 17
Validate time for BFS 17 is 0.000007
TEPS for BFS 17 is 2.05536e+07 cyrus 268435456
Running BFS 18
Time for BFS 18 is 13.913125
Validating BFS 18
Validate time for BFS 18 is 0.000008
TEPS for BFS 18 is 1.92937e+07 cyrus 268435456
Running BFS 19
Time for BFS 19 is 14.005653
Validating BFS 19
Validate time for BFS 19 is 0.000005
TEPS for BFS 19 is 1.91662e+07 cyrus 268435456
Running BFS 20
Time for BFS 20 is 12.794658
Validating BFS 20
Validate time for BFS 20 is 0.000006
TEPS for BFS 20 is 2.09803e+07 cyrus 268435456
Running BFS 21
Time for BFS 21 is 14.225281
Validating BFS 21
Validate time for BFS 21 is 0.000008
TEPS for BFS 21 is 1.88703e+07 cyrus 268435456
Running BFS 22
Time for BFS 22 is 15.340454
Validating BFS 22
Validate time for BFS 22 is 0.000007
TEPS for BFS 22 is 1.74985e+07 cyrus 268435456
Running BFS 23
Time for BFS 23 is 12.320340
Validating BFS 23
Validate time for BFS 23 is 0.000007
TEPS for BFS 23 is 2.1788e+07 cyrus 268435456
Running BFS 24
Time for BFS 24 is 11.772176
Validating BFS 24
Validate time for BFS 24 is 0.000006
TEPS for BFS 24 is 2.28025e+07 cyrus 268435456
Running BFS 25
Time for BFS 25 is 15.698844
Validating BFS 25
Validate time for BFS 25 is 0.000005
TEPS for BFS 25 is 1.70991e+07 cyrus 268435456
Running BFS 26
Time for BFS 26 is 14.288347
Validating BFS 26
Validate time for BFS 26 is 0.000007
TEPS for BFS 26 is 1.8787e+07 cyrus 268435456
Running BFS 27
Time for BFS 27 is 14.616763
Validating BFS 27
Validate time for BFS 27 is 0.000006
TEPS for BFS 27 is 1.83649e+07 cyrus 268435456
Running BFS 28
Time for BFS 28 is 16.697285
Validating BFS 28
Validate time for BFS 28 is 0.000007
TEPS for BFS 28 is 1.60766e+07 cyrus 268435456
Running BFS 29
Time for BFS 29 is 21.384430
Validating BFS 29
Validate time for BFS 29 is 0.000007
TEPS for BFS 29 is 1.25528e+07 cyrus 268435456
Running BFS 30
Time for BFS 30 is 14.329703
Validating BFS 30
Validate time for BFS 30 is 0.000007
TEPS for BFS 30 is 1.87328e+07 cyrus 268435456
Running BFS 31
Time for BFS 31 is 14.836040
Validating BFS 31
Validate time for BFS 31 is 0.000007
TEPS for BFS 31 is 1.80935e+07 cyrus 268435456
Running BFS 32
Time for BFS 32 is 13.855072
Validating BFS 32
Validate time for BFS 32 is 0.000008
TEPS for BFS 32 is 1.93745e+07 cyrus 268435456
Running BFS 33
Time for BFS 33 is 16.652366
Validating BFS 33
Validate time for BFS 33 is 0.000008
TEPS for BFS 33 is 1.612e+07 cyrus 268435456
Running BFS 34
Time for BFS 34 is 15.794015
Validating BFS 34
Validate time for BFS 34 is 0.000006
TEPS for BFS 34 is 1.6996e+07 cyrus 268435456
Running BFS 35
Time for BFS 35 is 13.871104
Validating BFS 35
Validate time for BFS 35 is 0.000003
TEPS for BFS 35 is 1.93521e+07 cyrus 268435456
Running BFS 36
Time for BFS 36 is 11.842105
Validating BFS 36
Validate time for BFS 36 is 0.000008
TEPS for BFS 36 is 2.26679e+07 cyrus 268435456
Running BFS 37
Time for BFS 37 is 17.120191
Validating BFS 37
Validate time for BFS 37 is 0.000009
TEPS for BFS 37 is 1.56795e+07 cyrus 268435456
Running BFS 38
Time for BFS 38 is 13.795134
Validating BFS 38
Validate time for BFS 38 is 0.000005
TEPS for BFS 38 is 1.94587e+07 cyrus 268435456
Running BFS 39
Time for BFS 39 is 15.509637
Validating BFS 39
Validate time for BFS 39 is 0.000008
TEPS for BFS 39 is 1.73077e+07 cyrus 268435456
Running BFS 40
Time for BFS 40 is 14.691070
Validating BFS 40
Validate time for BFS 40 is 0.000006
TEPS for BFS 40 is 1.8272e+07 cyrus 268435456
Running BFS 41
Time for BFS 41 is 18.519082
Validating BFS 41
Validate time for BFS 41 is 0.000007
TEPS for BFS 41 is 1.44951e+07 cyrus 268435456
Running BFS 42
Time for BFS 42 is 17.688897
Validating BFS 42
Validate time for BFS 42 is 0.000008
TEPS for BFS 42 is 1.51754e+07 cyrus 268435456
Running BFS 43
Time for BFS 43 is 17.112517
Validating BFS 43
Validate time for BFS 43 is 0.000007
TEPS for BFS 43 is 1.56865e+07 cyrus 268435456
Running BFS 44
Time for BFS 44 is 18.129422
Validating BFS 44
Validate time for BFS 44 is 0.000004
TEPS for BFS 44 is 1.48066e+07 cyrus 268435456
Running BFS 45
Time for BFS 45 is 14.145613
Validating BFS 45
Validate time for BFS 45 is 0.000006
TEPS for BFS 45 is 1.89766e+07 cyrus 268435456
Running BFS 46
Time for BFS 46 is 14.934273
Validating BFS 46
Validate time for BFS 46 is 0.000010
TEPS for BFS 46 is 1.79745e+07 cyrus 268435456
Running BFS 47
Time for BFS 47 is 19.371306
Validating BFS 47
Validate time for BFS 47 is 0.000010
TEPS for BFS 47 is 1.38574e+07 cyrus 268435456
Running BFS 48
Time for BFS 48 is 20.982600
Validating BFS 48
Validate time for BFS 48 is 0.000007
TEPS for BFS 48 is 1.27932e+07 cyrus 268435456
Running BFS 49
Time for BFS 49 is 15.052271
Validating BFS 49
Validate time for BFS 49 is 0.000010
TEPS for BFS 49 is 1.78336e+07 cyrus 268435456
Running BFS 50
Time for BFS 50 is 14.098433
Validating BFS 50
Validate time for BFS 50 is 0.000007
TEPS for BFS 50 is 1.90401e+07 cyrus 268435456
Running BFS 51
Time for BFS 51 is 19.187772
Validating BFS 51
Validate time for BFS 51 is 0.000007
TEPS for BFS 51 is 1.39899e+07 cyrus 268435456
Running BFS 52
Time for BFS 52 is 14.616753
Validating BFS 52
Validate time for BFS 52 is 0.000005
TEPS for BFS 52 is 1.83649e+07 cyrus 268435456
Running BFS 53
Time for BFS 53 is 16.122899
Validating BFS 53
Validate time for BFS 53 is 0.000005
TEPS for BFS 53 is 1.66493e+07 cyrus 268435456
Running BFS 54
Time for BFS 54 is 14.204050
Validating BFS 54
Validate time for BFS 54 is 0.000005
TEPS for BFS 54 is 1.88985e+07 cyrus 268435456
Running BFS 55
Time for BFS 55 is 16.170341
Validating BFS 55
Validate time for BFS 55 is 0.000007
TEPS for BFS 55 is 1.66005e+07 cyrus 268435456
Running BFS 56
Time for BFS 56 is 14.615988
Validating BFS 56
Validate time for BFS 56 is 0.000002
TEPS for BFS 56 is 1.83659e+07 cyrus 268435456
Running BFS 57
Time for BFS 57 is 14.324147
Validating BFS 57
Validate time for BFS 57 is 0.000002
TEPS for BFS 57 is 1.87401e+07 cyrus 268435456
Running BFS 58
Time for BFS 58 is 15.996154
Validating BFS 58
Validate time for BFS 58 is 0.000001
TEPS for BFS 58 is 1.67812e+07 cyrus 268435456
Running BFS 59
Time for BFS 59 is 18.838721
Validating BFS 59
Validate time for BFS 59 is 0.000001
TEPS for BFS 59 is 1.42491e+07 cyrus 268435456
Running BFS 60
Time for BFS 60 is 15.318643
Validating BFS 60
Validate time for BFS 60 is 0.000001
TEPS for BFS 60 is 1.75234e+07 cyrus 268435456
Running BFS 61
Time for BFS 61 is 14.747622
Validating BFS 61
Validate time for BFS 61 is 0.000002
TEPS for BFS 61 is 1.82019e+07 cyrus 268435456
Running BFS 62
Time for BFS 62 is 11.770736
Validating BFS 62
Validate time for BFS 62 is 0.000002
TEPS for BFS 62 is 2.28053e+07 cyrus 268435456
Running BFS 63
Time for BFS 63 is 13.511210
Validating BFS 63
Validate time for BFS 63 is 0.000001
TEPS for BFS 63 is 1.98676e+07 cyrus 268435456
SCALE:                          24
edgefactor:                     16
NBFS:                           64
graph_generation:               56.7413
num_mpi_processes:              128
construction_time:              35.7235
min_time:                       11.7707
firstquartile_time:             14.1822
median_time:                    15.0101
thirdquartile_time:             16.4485
max_time:                       21.3844
mean_time:                      15.4971
stddev_time:                    2.0558
min_nedge:                      268435456
firstquartile_nedge:            268435456
median_nedge:                   268435456
thirdquartile_nedge:            268435456
max_nedge:                      268435456
mean_nedge:                     268435456
stddev_nedge:                   0
min_TEPS:                       1.25528e+07
firstquartile_TEPS:             1.63197e+07
median_TEPS:                    1.78836e+07
thirdquartile_TEPS:             1.89276e+07
max_TEPS:                       2.28053e+07
harmonic_mean_TEPS:             1.73217e+07
harmonic_stddev_TEPS:           289501
min_validate:                   9.53674e-07
firstquartile_validate:         5.00679e-06
median_validate:                6.91414e-06
thirdquartile_validate:         7.15256e-06
max_validate:                   1.00136e-05
mean_validate:                  6.143e-06
stddev_validate:                2.32469e-06
This benchmark was run on 128 MPI Processes, Scale 24, written output_128_24.log
