graph_generation:               49.791385 s
construction_time:              26.311928 s
Running BFS 0
Time for BFS 0 is 5.786409
Validating BFS 0
Validate time for BFS 0 is 0.000007
TEPS for BFS 0 is 1.15977e+07 cyrus 67108864
Running BFS 1
Time for BFS 1 is 6.081950
Validating BFS 1
Validate time for BFS 1 is 0.000006
TEPS for BFS 1 is 1.10341e+07 cyrus 67108864
Running BFS 2
Time for BFS 2 is 4.127409
Validating BFS 2
Validate time for BFS 2 is 0.000007
TEPS for BFS 2 is 1.62593e+07 cyrus 67108864
Running BFS 3
Time for BFS 3 is 7.362813
Validating BFS 3
Validate time for BFS 3 is 0.000010
TEPS for BFS 3 is 9.11457e+06 cyrus 67108864
Running BFS 4
Time for BFS 4 is 3.493385
Validating BFS 4
Validate time for BFS 4 is 0.000006
TEPS for BFS 4 is 1.92103e+07 cyrus 67108864
Running BFS 5
Time for BFS 5 is 7.523059
Validating BFS 5
Validate time for BFS 5 is 0.000008
TEPS for BFS 5 is 8.92042e+06 cyrus 67108864
Running BFS 6
Time for BFS 6 is 4.466457
Validating BFS 6
Validate time for BFS 6 is 0.000009
TEPS for BFS 6 is 1.50251e+07 cyrus 67108864
Running BFS 7
Time for BFS 7 is 5.802209
Validating BFS 7
Validate time for BFS 7 is 0.000006
TEPS for BFS 7 is 1.15661e+07 cyrus 67108864
Running BFS 8
Time for BFS 8 is 4.476870
Validating BFS 8
Validate time for BFS 8 is 0.000009
TEPS for BFS 8 is 1.49901e+07 cyrus 67108864
Running BFS 9
Time for BFS 9 is 6.581529
Validating BFS 9
Validate time for BFS 9 is 0.000006
TEPS for BFS 9 is 1.01965e+07 cyrus 67108864
Running BFS 10
Time for BFS 10 is 4.531342
Validating BFS 10
Validate time for BFS 10 is 0.000010
TEPS for BFS 10 is 1.48099e+07 cyrus 67108864
Running BFS 11
Time for BFS 11 is 6.341398
Validating BFS 11
Validate time for BFS 11 is 0.000006
TEPS for BFS 11 is 1.05827e+07 cyrus 67108864
Running BFS 12
Time for BFS 12 is 6.713979
Validating BFS 12
Validate time for BFS 12 is 0.000006
TEPS for BFS 12 is 9.99539e+06 cyrus 67108864
Running BFS 13
Time for BFS 13 is 4.660564
Validating BFS 13
Validate time for BFS 13 is 0.000005
TEPS for BFS 13 is 1.43993e+07 cyrus 67108864
Running BFS 14
Time for BFS 14 is 4.999384
Validating BFS 14
Validate time for BFS 14 is 0.000008
TEPS for BFS 14 is 1.34234e+07 cyrus 67108864
Running BFS 15
Time for BFS 15 is 5.703493
Validating BFS 15
Validate time for BFS 15 is 0.000007
TEPS for BFS 15 is 1.17663e+07 cyrus 67108864
Running BFS 16
Time for BFS 16 is 7.395304
Validating BFS 16
Validate time for BFS 16 is 0.000007
TEPS for BFS 16 is 9.07452e+06 cyrus 67108864
Running BFS 17
Time for BFS 17 is 5.230944
Validating BFS 17
Validate time for BFS 17 is 0.000006
TEPS for BFS 17 is 1.28292e+07 cyrus 67108864
Running BFS 18
Time for BFS 18 is 6.644074
Validating BFS 18
Validate time for BFS 18 is 0.000009
TEPS for BFS 18 is 1.01006e+07 cyrus 67108864
Running BFS 19
Time for BFS 19 is 5.552001
Validating BFS 19
Validate time for BFS 19 is 0.000010
TEPS for BFS 19 is 1.20873e+07 cyrus 67108864
Running BFS 20
Time for BFS 20 is 4.495524
Validating BFS 20
Validate time for BFS 20 is 0.000010
TEPS for BFS 20 is 1.49279e+07 cyrus 67108864
Running BFS 21
Time for BFS 21 is 6.428722
Validating BFS 21
Validate time for BFS 21 is 0.000007
TEPS for BFS 21 is 1.04389e+07 cyrus 67108864
Running BFS 22
Time for BFS 22 is 4.643558
Validating BFS 22
Validate time for BFS 22 is 0.000010
TEPS for BFS 22 is 1.4452e+07 cyrus 67108864
Running BFS 23
Time for BFS 23 is 6.169305
Validating BFS 23
Validate time for BFS 23 is 0.000007
TEPS for BFS 23 is 1.08779e+07 cyrus 67108864
Running BFS 24
Time for BFS 24 is 4.110017
Validating BFS 24
Validate time for BFS 24 is 0.000007
TEPS for BFS 24 is 1.63281e+07 cyrus 67108864
Running BFS 25
Time for BFS 25 is 6.349347
Validating BFS 25
Validate time for BFS 25 is 0.000007
TEPS for BFS 25 is 1.05694e+07 cyrus 67108864
Running BFS 26
Time for BFS 26 is 4.952796
Validating BFS 26
Validate time for BFS 26 is 0.000007
TEPS for BFS 26 is 1.35497e+07 cyrus 67108864
Running BFS 27
Time for BFS 27 is 4.969593
Validating BFS 27
Validate time for BFS 27 is 0.000009
TEPS for BFS 27 is 1.35039e+07 cyrus 67108864
Running BFS 28
Time for BFS 28 is 8.413763
Validating BFS 28
Validate time for BFS 28 is 0.000007
TEPS for BFS 28 is 7.97608e+06 cyrus 67108864
Running BFS 29
Time for BFS 29 is 6.203947
Validating BFS 29
Validate time for BFS 29 is 0.000006
TEPS for BFS 29 is 1.08171e+07 cyrus 67108864
Running BFS 30
Time for BFS 30 is 5.765047
Validating BFS 30
Validate time for BFS 30 is 0.000009
TEPS for BFS 30 is 1.16406e+07 cyrus 67108864
Running BFS 31
Time for BFS 31 is 5.311739
Validating BFS 31
Validate time for BFS 31 is 0.000007
TEPS for BFS 31 is 1.26341e+07 cyrus 67108864
Running BFS 32
Time for BFS 32 is 4.975512
Validating BFS 32
Validate time for BFS 32 is 0.000008
TEPS for BFS 32 is 1.34878e+07 cyrus 67108864
Running BFS 33
Time for BFS 33 is 4.939142
Validating BFS 33
Validate time for BFS 33 is 0.000009
TEPS for BFS 33 is 1.35872e+07 cyrus 67108864
Running BFS 34
Time for BFS 34 is 4.915439
Validating BFS 34
Validate time for BFS 34 is 0.000007
TEPS for BFS 34 is 1.36527e+07 cyrus 67108864
Running BFS 35
Time for BFS 35 is 6.482129
Validating BFS 35
Validate time for BFS 35 is 0.000008
TEPS for BFS 35 is 1.03529e+07 cyrus 67108864
Running BFS 36
Time for BFS 36 is 10.737586
Validating BFS 36
Validate time for BFS 36 is 0.000007
TEPS for BFS 36 is 6.2499e+06 cyrus 67108864
Running BFS 37
Time for BFS 37 is 5.865103
Validating BFS 37
Validate time for BFS 37 is 0.000005
TEPS for BFS 37 is 1.14421e+07 cyrus 67108864
Running BFS 38
Time for BFS 38 is 5.550832
Validating BFS 38
Validate time for BFS 38 is 0.000007
TEPS for BFS 38 is 1.20899e+07 cyrus 67108864
Running BFS 39
Time for BFS 39 is 5.170660
Validating BFS 39
Validate time for BFS 39 is 0.000009
TEPS for BFS 39 is 1.29788e+07 cyrus 67108864
Running BFS 40
Time for BFS 40 is 7.844694
Validating BFS 40
Validate time for BFS 40 is 0.000008
TEPS for BFS 40 is 8.55468e+06 cyrus 67108864
Running BFS 41
Time for BFS 41 is 6.205352
Validating BFS 41
Validate time for BFS 41 is 0.000009
TEPS for BFS 41 is 1.08147e+07 cyrus 67108864
Running BFS 42
Time for BFS 42 is 4.822074
Validating BFS 42
Validate time for BFS 42 is 0.000007
TEPS for BFS 42 is 1.3917e+07 cyrus 67108864
Running BFS 43
Time for BFS 43 is 5.267010
Validating BFS 43
Validate time for BFS 43 is 0.000007
TEPS for BFS 43 is 1.27414e+07 cyrus 67108864
Running BFS 44
Time for BFS 44 is 7.815047
Validating BFS 44
Validate time for BFS 44 is 0.000009
TEPS for BFS 44 is 8.58714e+06 cyrus 67108864
Running BFS 45
Time for BFS 45 is 7.471806
Validating BFS 45
Validate time for BFS 45 is 0.000008
TEPS for BFS 45 is 8.98161e+06 cyrus 67108864
Running BFS 46
Time for BFS 46 is 10.428429
Validating BFS 46
Validate time for BFS 46 is 0.000006
TEPS for BFS 46 is 6.43518e+06 cyrus 67108864
Running BFS 47
Time for BFS 47 is 4.999127
Validating BFS 47
Validate time for BFS 47 is 0.000008
TEPS for BFS 47 is 1.34241e+07 cyrus 67108864
Running BFS 48
Time for BFS 48 is 4.769443
Validating BFS 48
Validate time for BFS 48 is 0.000009
TEPS for BFS 48 is 1.40706e+07 cyrus 67108864
Running BFS 49
Time for BFS 49 is 5.906220
Validating BFS 49
Validate time for BFS 49 is 0.000006
TEPS for BFS 49 is 1.13624e+07 cyrus 67108864
Running BFS 50
Time for BFS 50 is 5.440746
Validating BFS 50
Validate time for BFS 50 is 0.000010
TEPS for BFS 50 is 1.23345e+07 cyrus 67108864
Running BFS 51
Time for BFS 51 is 6.513293
Validating BFS 51
Validate time for BFS 51 is 0.000007
TEPS for BFS 51 is 1.03034e+07 cyrus 67108864
Running BFS 52
Time for BFS 52 is 5.960110
Validating BFS 52
Validate time for BFS 52 is 0.000007
TEPS for BFS 52 is 1.12597e+07 cyrus 67108864
Running BFS 53
Time for BFS 53 is 7.262244
Validating BFS 53
Validate time for BFS 53 is 0.000007
TEPS for BFS 53 is 9.24079e+06 cyrus 67108864
Running BFS 54
Time for BFS 54 is 4.224362
Validating BFS 54
Validate time for BFS 54 is 0.000010
TEPS for BFS 54 is 1.58862e+07 cyrus 67108864
Running BFS 55
Time for BFS 55 is 5.610500
Validating BFS 55
Validate time for BFS 55 is 0.000006
TEPS for BFS 55 is 1.19613e+07 cyrus 67108864
Running BFS 56
Time for BFS 56 is 4.709528
Validating BFS 56
Validate time for BFS 56 is 0.000008
TEPS for BFS 56 is 1.42496e+07 cyrus 67108864
Running BFS 57
Time for BFS 57 is 5.299801
Validating BFS 57
Validate time for BFS 57 is 0.000010
TEPS for BFS 57 is 1.26625e+07 cyrus 67108864
Running BFS 58
Time for BFS 58 is 5.078130
Validating BFS 58
Validate time for BFS 58 is 0.000006
TEPS for BFS 58 is 1.32153e+07 cyrus 67108864
Running BFS 59
Time for BFS 59 is 4.724400
Validating BFS 59
Validate time for BFS 59 is 0.000006
TEPS for BFS 59 is 1.42047e+07 cyrus 67108864
Running BFS 60
Time for BFS 60 is 9.552889
Validating BFS 60
Validate time for BFS 60 is 0.000008
TEPS for BFS 60 is 7.02498e+06 cyrus 67108864
Running BFS 61
Time for BFS 61 is 4.736220
Validating BFS 61
Validate time for BFS 61 is 0.000008
TEPS for BFS 61 is 1.41693e+07 cyrus 67108864
Running BFS 62
Time for BFS 62 is 4.934657
Validating BFS 62
Validate time for BFS 62 is 0.000009
TEPS for BFS 62 is 1.35995e+07 cyrus 67108864
Running BFS 63
Time for BFS 63 is 7.526498
Validating BFS 63
Validate time for BFS 63 is 0.000004
TEPS for BFS 63 is 8.91635e+06 cyrus 67108864
SCALE:                          22
edgefactor:                     16
NBFS:                           64
graph_generation:               49.7914
num_mpi_processes:              128
construction_time:              26.3119
min_time:                       3.49339
firstquartile_time:             4.92505
median_time:                    5.58125
thirdquartile_time:             6.49771
max_time:                       10.7376
mean_time:                      5.89105
stddev_time:                    1.44414
min_nedge:                      67108864
firstquartile_nedge:            67108864
median_nedge:                   67108864
thirdquartile_nedge:            67108864
max_nedge:                      67108864
mean_nedge:                     67108864
stddev_nedge:                   0
min_TEPS:                       6.2499e+06
firstquartile_TEPS:             1.03281e+07
median_TEPS:                    1.2024e+07
thirdquartile_TEPS:             1.3626e+07
max_TEPS:                       1.92103e+07
harmonic_mean_TEPS:             1.13917e+07
harmonic_stddev_TEPS:           351832
min_validate:                   4.05312e-06
firstquartile_validate:         6.55651e-06
median_validate:                7.15256e-06
thirdquartile_validate:         9.05991e-06
max_validate:                   1.00136e-05
mean_validate:                  7.56606e-06
stddev_validate:                1.46925e-06
This benchmark was run on 128 MPI Processes, Scale 22, written output_128_22.log
