graph_generation:               27.079283 s
construction_time:              12.710579 s
Running BFS 0
Time for BFS 0 is 1.293415
Validating BFS 0
Validate time for BFS 0 is 0.000006
TEPS for BFS 0 is 3.24281e+06 cyrus 4194304
Running BFS 1
Time for BFS 1 is 0.758167
Validating BFS 1
Validate time for BFS 1 is 0.000005
TEPS for BFS 1 is 5.53216e+06 cyrus 4194304
Running BFS 2
Time for BFS 2 is 0.687260
Validating BFS 2
Validate time for BFS 2 is 0.000006
TEPS for BFS 2 is 6.10293e+06 cyrus 4194304
Running BFS 3
Time for BFS 3 is 0.590490
Validating BFS 3
Validate time for BFS 3 is 0.000004
TEPS for BFS 3 is 7.10309e+06 cyrus 4194304
Running BFS 4
Time for BFS 4 is 0.618972
Validating BFS 4
Validate time for BFS 4 is 0.000006
TEPS for BFS 4 is 6.77624e+06 cyrus 4194304
Running BFS 5
Time for BFS 5 is 0.720253
Validating BFS 5
Validate time for BFS 5 is 0.000005
TEPS for BFS 5 is 5.82338e+06 cyrus 4194304
Running BFS 6
Time for BFS 6 is 0.824008
Validating BFS 6
Validate time for BFS 6 is 0.000005
TEPS for BFS 6 is 5.09013e+06 cyrus 4194304
Running BFS 7
Time for BFS 7 is 0.628219
Validating BFS 7
Validate time for BFS 7 is 0.000006
TEPS for BFS 7 is 6.6765e+06 cyrus 4194304
Running BFS 8
Time for BFS 8 is 1.156633
Validating BFS 8
Validate time for BFS 8 is 0.000006
TEPS for BFS 8 is 3.62631e+06 cyrus 4194304
Running BFS 9
Time for BFS 9 is 0.759739
Validating BFS 9
Validate time for BFS 9 is 0.000006
TEPS for BFS 9 is 5.52072e+06 cyrus 4194304
Running BFS 10
Time for BFS 10 is 0.671277
Validating BFS 10
Validate time for BFS 10 is 0.000005
TEPS for BFS 10 is 6.24825e+06 cyrus 4194304
Running BFS 11
Time for BFS 11 is 0.761003
Validating BFS 11
Validate time for BFS 11 is 0.000006
TEPS for BFS 11 is 5.51155e+06 cyrus 4194304
Running BFS 12
Time for BFS 12 is 0.591055
Validating BFS 12
Validate time for BFS 12 is 0.000006
TEPS for BFS 12 is 7.0963e+06 cyrus 4194304
Running BFS 13
Time for BFS 13 is 0.591679
Validating BFS 13
Validate time for BFS 13 is 0.000006
TEPS for BFS 13 is 7.08882e+06 cyrus 4194304
Running BFS 14
Time for BFS 14 is 0.609715
Validating BFS 14
Validate time for BFS 14 is 0.000005
TEPS for BFS 14 is 6.87912e+06 cyrus 4194304
Running BFS 15
Time for BFS 15 is 0.749724
Validating BFS 15
Validate time for BFS 15 is 0.000005
TEPS for BFS 15 is 5.59446e+06 cyrus 4194304
Running BFS 16
Time for BFS 16 is 0.729037
Validating BFS 16
Validate time for BFS 16 is 0.000005
TEPS for BFS 16 is 5.75321e+06 cyrus 4194304
Running BFS 17
Time for BFS 17 is 0.729639
Validating BFS 17
Validate time for BFS 17 is 0.000007
TEPS for BFS 17 is 5.74846e+06 cyrus 4194304
Running BFS 18
Time for BFS 18 is 0.736132
Validating BFS 18
Validate time for BFS 18 is 0.000006
TEPS for BFS 18 is 5.69776e+06 cyrus 4194304
Running BFS 19
Time for BFS 19 is 0.604874
Validating BFS 19
Validate time for BFS 19 is 0.000005
TEPS for BFS 19 is 6.93418e+06 cyrus 4194304
Running BFS 20
Time for BFS 20 is 0.639052
Validating BFS 20
Validate time for BFS 20 is 0.000006
TEPS for BFS 20 is 6.56332e+06 cyrus 4194304
Running BFS 21
Time for BFS 21 is 0.614095
Validating BFS 21
Validate time for BFS 21 is 0.000005
TEPS for BFS 21 is 6.83006e+06 cyrus 4194304
Running BFS 22
Time for BFS 22 is 0.628039
Validating BFS 22
Validate time for BFS 22 is 0.000007
TEPS for BFS 22 is 6.67841e+06 cyrus 4194304
Running BFS 23
Time for BFS 23 is 0.758244
Validating BFS 23
Validate time for BFS 23 is 0.000006
TEPS for BFS 23 is 5.5316e+06 cyrus 4194304
Running BFS 24
Time for BFS 24 is 0.858825
Validating BFS 24
Validate time for BFS 24 is 0.000006
TEPS for BFS 24 is 4.88377e+06 cyrus 4194304
Running BFS 25
Time for BFS 25 is 0.990452
Validating BFS 25
Validate time for BFS 25 is 0.000005
TEPS for BFS 25 is 4.23474e+06 cyrus 4194304
Running BFS 26
Time for BFS 26 is 0.603460
Validating BFS 26
Validate time for BFS 26 is 0.000001
TEPS for BFS 26 is 6.95043e+06 cyrus 4194304
Running BFS 27
Time for BFS 27 is 0.619742
Validating BFS 27
Validate time for BFS 27 is 0.000001
TEPS for BFS 27 is 6.76782e+06 cyrus 4194304
Running BFS 28
Time for BFS 28 is 0.740547
Validating BFS 28
Validate time for BFS 28 is 0.000001
TEPS for BFS 28 is 5.66379e+06 cyrus 4194304
Running BFS 29
Time for BFS 29 is 0.739623
Validating BFS 29
Validate time for BFS 29 is 0.000001
TEPS for BFS 29 is 5.67087e+06 cyrus 4194304
Running BFS 30
Time for BFS 30 is 0.629561
Validating BFS 30
Validate time for BFS 30 is 0.000001
TEPS for BFS 30 is 6.66227e+06 cyrus 4194304
Running BFS 31
Time for BFS 31 is 0.729997
Validating BFS 31
Validate time for BFS 31 is 0.000002
TEPS for BFS 31 is 5.74564e+06 cyrus 4194304
Running BFS 32
Time for BFS 32 is 0.731089
Validating BFS 32
Validate time for BFS 32 is 0.000001
TEPS for BFS 32 is 5.73706e+06 cyrus 4194304
Running BFS 33
Time for BFS 33 is 0.616289
Validating BFS 33
Validate time for BFS 33 is 0.000001
TEPS for BFS 33 is 6.80574e+06 cyrus 4194304
Running BFS 34
Time for BFS 34 is 0.620434
Validating BFS 34
Validate time for BFS 34 is 0.000001
TEPS for BFS 34 is 6.76028e+06 cyrus 4194304
Running BFS 35
Time for BFS 35 is 0.656161
Validating BFS 35
Validate time for BFS 35 is 0.000001
TEPS for BFS 35 is 6.39219e+06 cyrus 4194304
Running BFS 36
Time for BFS 36 is 0.640040
Validating BFS 36
Validate time for BFS 36 is 0.000001
TEPS for BFS 36 is 6.55319e+06 cyrus 4194304
Running BFS 37
Time for BFS 37 is 0.621414
Validating BFS 37
Validate time for BFS 37 is 0.000002
TEPS for BFS 37 is 6.74961e+06 cyrus 4194304
Running BFS 38
Time for BFS 38 is 0.633651
Validating BFS 38
Validate time for BFS 38 is 0.000001
TEPS for BFS 38 is 6.61927e+06 cyrus 4194304
Running BFS 39
Time for BFS 39 is 0.758072
Validating BFS 39
Validate time for BFS 39 is 0.000001
TEPS for BFS 39 is 5.53286e+06 cyrus 4194304
Running BFS 40
Time for BFS 40 is 0.622442
Validating BFS 40
Validate time for BFS 40 is 0.000001
TEPS for BFS 40 is 6.73847e+06 cyrus 4194304
Running BFS 41
Time for BFS 41 is 0.612581
Validating BFS 41
Validate time for BFS 41 is 0.000001
TEPS for BFS 41 is 6.84694e+06 cyrus 4194304
Running BFS 42
Time for BFS 42 is 0.730936
Validating BFS 42
Validate time for BFS 42 is 0.000001
TEPS for BFS 42 is 5.73826e+06 cyrus 4194304
Running BFS 43
Time for BFS 43 is 0.629104
Validating BFS 43
Validate time for BFS 43 is 0.000001
TEPS for BFS 43 is 6.66711e+06 cyrus 4194304
Running BFS 44
Time for BFS 44 is 0.741469
Validating BFS 44
Validate time for BFS 44 is 0.000001
TEPS for BFS 44 is 5.65675e+06 cyrus 4194304
Running BFS 45
Time for BFS 45 is 0.754619
Validating BFS 45
Validate time for BFS 45 is 0.000000
TEPS for BFS 45 is 5.55817e+06 cyrus 4194304
Running BFS 46
Time for BFS 46 is 0.640725
Validating BFS 46
Validate time for BFS 46 is 0.000001
TEPS for BFS 46 is 6.54618e+06 cyrus 4194304
Running BFS 47
Time for BFS 47 is 0.722731
Validating BFS 47
Validate time for BFS 47 is 0.000000
TEPS for BFS 47 is 5.80341e+06 cyrus 4194304
Running BFS 48
Time for BFS 48 is 0.619984
Validating BFS 48
Validate time for BFS 48 is 0.000001
TEPS for BFS 48 is 6.76518e+06 cyrus 4194304
Running BFS 49
Time for BFS 49 is 0.643012
Validating BFS 49
Validate time for BFS 49 is 0.000001
TEPS for BFS 49 is 6.5229e+06 cyrus 4194304
Running BFS 50
Time for BFS 50 is 0.649959
Validating BFS 50
Validate time for BFS 50 is 0.000001
TEPS for BFS 50 is 6.45318e+06 cyrus 4194304
Running BFS 51
Time for BFS 51 is 0.601536
Validating BFS 51
Validate time for BFS 51 is 0.000001
TEPS for BFS 51 is 6.97266e+06 cyrus 4194304
Running BFS 52
Time for BFS 52 is 0.705627
Validating BFS 52
Validate time for BFS 52 is 0.000002
TEPS for BFS 52 is 5.94408e+06 cyrus 4194304
Running BFS 53
Time for BFS 53 is 0.693026
Validating BFS 53
Validate time for BFS 53 is 0.000001
TEPS for BFS 53 is 6.05216e+06 cyrus 4194304
Running BFS 54
Time for BFS 54 is 0.601748
Validating BFS 54
Validate time for BFS 54 is 0.000002
TEPS for BFS 54 is 6.9702e+06 cyrus 4194304
Running BFS 55
Time for BFS 55 is 0.599653
Validating BFS 55
Validate time for BFS 55 is 0.000001
TEPS for BFS 55 is 6.99455e+06 cyrus 4194304
Running BFS 56
Time for BFS 56 is 1.532393
Validating BFS 56
Validate time for BFS 56 is 0.000001
TEPS for BFS 56 is 2.73709e+06 cyrus 4194304
Running BFS 57
Time for BFS 57 is 1.559670
Validating BFS 57
Validate time for BFS 57 is 0.000001
TEPS for BFS 57 is 2.68923e+06 cyrus 4194304
Running BFS 58
Time for BFS 58 is 0.629798
Validating BFS 58
Validate time for BFS 58 is 0.000001
TEPS for BFS 58 is 6.65976e+06 cyrus 4194304
Running BFS 59
Time for BFS 59 is 0.614812
Validating BFS 59
Validate time for BFS 59 is 0.000001
TEPS for BFS 59 is 6.82209e+06 cyrus 4194304
Running BFS 60
Time for BFS 60 is 0.650657
Validating BFS 60
Validate time for BFS 60 is 0.000001
TEPS for BFS 60 is 6.44626e+06 cyrus 4194304
Running BFS 61
Time for BFS 61 is 0.641492
Validating BFS 61
Validate time for BFS 61 is 0.000001
TEPS for BFS 61 is 6.53836e+06 cyrus 4194304
Running BFS 62
Time for BFS 62 is 0.622064
Validating BFS 62
Validate time for BFS 62 is 0.000000
TEPS for BFS 62 is 6.74256e+06 cyrus 4194304
Running BFS 63
Time for BFS 63 is 0.750092
Validating BFS 63
Validate time for BFS 63 is 0.000000
TEPS for BFS 63 is 5.59172e+06 cyrus 4194304
SCALE:                          18
edgefactor:                     16
NBFS:                           64
graph_generation:               27.0793
num_mpi_processes:              128
construction_time:              12.7106
min_time:                       0.59049
firstquartile_time:             0.620209
median_time:                    0.650308
thirdquartile_time:             0.741008
max_time:                       1.55967
mean_time:                      0.722034
stddev_time:                    0.192868
min_nedge:                      4194304
firstquartile_nedge:            4194304
median_nedge:                   4194304
thirdquartile_nedge:            4194304
max_nedge:                      4194304
mean_nedge:                     4194304
stddev_nedge:                   0
min_TEPS:                       2.68923e+06
firstquartile_TEPS:             5.66027e+06
median_TEPS:                    6.44972e+06
thirdquartile_TEPS:             6.76273e+06
max_TEPS:                       7.10309e+06
harmonic_mean_TEPS:             5.80901e+06
harmonic_stddev_TEPS:           195494
min_validate:                   0
firstquartile_validate:         9.53674e-07
median_validate:                1.19209e-06
thirdquartile_validate:         5.00679e-06
max_validate:                   7.15256e-06
mean_validate:                  2.87592e-06
stddev_validate:                2.3529e-06
This benchmark was run on 128 MPI Processes, Scale 18, written output_128_18.log
