graph_generation:               8.643969 s
construction_time:              1.752189 s
Running BFS 0
Time for BFS 0 is 0.653300
Validating BFS 0
Validate time for BFS 0 is 0.000004
TEPS for BFS 0 is 802523 cyrus 524288
Running BFS 1
Time for BFS 1 is 0.629248
Validating BFS 1
Validate time for BFS 1 is 0.000004
TEPS for BFS 1 is 833198 cyrus 524288
Running BFS 2
Time for BFS 2 is 0.754391
Validating BFS 2
Validate time for BFS 2 is 0.000004
TEPS for BFS 2 is 694982 cyrus 524288
Running BFS 3
Time for BFS 3 is 0.633788
Validating BFS 3
Validate time for BFS 3 is 0.000004
TEPS for BFS 3 is 827229 cyrus 524288
Running BFS 4
Time for BFS 4 is 0.608502
Validating BFS 4
Validate time for BFS 4 is 0.000004
TEPS for BFS 4 is 861604 cyrus 524288
Running BFS 5
Time for BFS 5 is 0.801839
Validating BFS 5
Validate time for BFS 5 is 0.000004
TEPS for BFS 5 is 653857 cyrus 524288
Running BFS 6
Time for BFS 6 is 0.620395
Validating BFS 6
Validate time for BFS 6 is 0.000004
TEPS for BFS 6 is 845087 cyrus 524288
Running BFS 7
Time for BFS 7 is 2.269585
Validating BFS 7
Validate time for BFS 7 is 0.000004
TEPS for BFS 7 is 231006 cyrus 524288
Running BFS 8
Time for BFS 8 is 0.991006
Validating BFS 8
Validate time for BFS 8 is 0.000004
TEPS for BFS 8 is 529046 cyrus 524288
Running BFS 9
Time for BFS 9 is 1.901372
Validating BFS 9
Validate time for BFS 9 is 0.000005
TEPS for BFS 9 is 275742 cyrus 524288
Running BFS 10
Time for BFS 10 is 0.610525
Validating BFS 10
Validate time for BFS 10 is 0.000004
TEPS for BFS 10 is 858749 cyrus 524288
Running BFS 11
Time for BFS 11 is 0.993952
Validating BFS 11
Validate time for BFS 11 is 0.000004
TEPS for BFS 11 is 527478 cyrus 524288
Running BFS 12
Time for BFS 12 is 0.572210
Validating BFS 12
Validate time for BFS 12 is 0.000004
TEPS for BFS 12 is 916251 cyrus 524288
Running BFS 13
Time for BFS 13 is 0.617942
Validating BFS 13
Validate time for BFS 13 is 0.000005
TEPS for BFS 13 is 848442 cyrus 524288
Running BFS 14
Time for BFS 14 is 1.878506
Validating BFS 14
Validate time for BFS 14 is 0.000004
TEPS for BFS 14 is 279098 cyrus 524288
Running BFS 15
Time for BFS 15 is 0.770008
Validating BFS 15
Validate time for BFS 15 is 0.000004
TEPS for BFS 15 is 680886 cyrus 524288
Running BFS 16
Time for BFS 16 is 0.737690
Validating BFS 16
Validate time for BFS 16 is 0.000004
TEPS for BFS 16 is 710716 cyrus 524288
Running BFS 17
Time for BFS 17 is 0.728311
Validating BFS 17
Validate time for BFS 17 is 0.000004
TEPS for BFS 17 is 719868 cyrus 524288
Running BFS 18
Time for BFS 18 is 0.698378
Validating BFS 18
Validate time for BFS 18 is 0.000004
TEPS for BFS 18 is 750722 cyrus 524288
Running BFS 19
Time for BFS 19 is 0.728514
Validating BFS 19
Validate time for BFS 19 is 0.000005
TEPS for BFS 19 is 719668 cyrus 524288
Running BFS 20
Time for BFS 20 is 0.578679
Validating BFS 20
Validate time for BFS 20 is 0.000005
TEPS for BFS 20 is 906009 cyrus 524288
Running BFS 21
Time for BFS 21 is 0.601765
Validating BFS 21
Validate time for BFS 21 is 0.000005
TEPS for BFS 21 is 871250 cyrus 524288
Running BFS 22
Time for BFS 22 is 0.615639
Validating BFS 22
Validate time for BFS 22 is 0.000003
TEPS for BFS 22 is 851616 cyrus 524288
Running BFS 23
Time for BFS 23 is 0.990292
Validating BFS 23
Validate time for BFS 23 is 0.000004
TEPS for BFS 23 is 529428 cyrus 524288
Running BFS 24
Time for BFS 24 is 3.615401
Validating BFS 24
Validate time for BFS 24 is 0.000005
TEPS for BFS 24 is 145015 cyrus 524288
Running BFS 25
Time for BFS 25 is 0.738825
Validating BFS 25
Validate time for BFS 25 is 0.000005
TEPS for BFS 25 is 709624 cyrus 524288
Running BFS 26
Time for BFS 26 is 0.688283
Validating BFS 26
Validate time for BFS 26 is 0.000004
TEPS for BFS 26 is 761733 cyrus 524288
Running BFS 27
Time for BFS 27 is 0.602871
Validating BFS 27
Validate time for BFS 27 is 0.000004
TEPS for BFS 27 is 869652 cyrus 524288
Running BFS 28
Time for BFS 28 is 0.620155
Validating BFS 28
Validate time for BFS 28 is 0.000004
TEPS for BFS 28 is 845414 cyrus 524288
Running BFS 29
Time for BFS 29 is 0.584113
Validating BFS 29
Validate time for BFS 29 is 0.000005
TEPS for BFS 29 is 897580 cyrus 524288
Running BFS 30
Time for BFS 30 is 0.607497
Validating BFS 30
Validate time for BFS 30 is 0.000005
TEPS for BFS 30 is 863030 cyrus 524288
Running BFS 31
Time for BFS 31 is 1.286869
Validating BFS 31
Validate time for BFS 31 is 0.000004
TEPS for BFS 31 is 407414 cyrus 524288
Running BFS 32
Time for BFS 32 is 0.736260
Validating BFS 32
Validate time for BFS 32 is 0.000005
TEPS for BFS 32 is 712096 cyrus 524288
Running BFS 33
Time for BFS 33 is 0.593629
Validating BFS 33
Validate time for BFS 33 is 0.000005
TEPS for BFS 33 is 883192 cyrus 524288
Running BFS 34
Time for BFS 34 is 0.599918
Validating BFS 34
Validate time for BFS 34 is 0.000005
TEPS for BFS 34 is 873933 cyrus 524288
Running BFS 35
Time for BFS 35 is 0.758204
Validating BFS 35
Validate time for BFS 35 is 0.000005
TEPS for BFS 35 is 691487 cyrus 524288
Running BFS 36
Time for BFS 36 is 0.622767
Validating BFS 36
Validate time for BFS 36 is 0.000004
TEPS for BFS 36 is 841869 cyrus 524288
Running BFS 37
Time for BFS 37 is 1.253661
Validating BFS 37
Validate time for BFS 37 is 0.000005
TEPS for BFS 37 is 418206 cyrus 524288
Running BFS 38
Time for BFS 38 is 0.967199
Validating BFS 38
Validate time for BFS 38 is 0.000004
TEPS for BFS 38 is 542068 cyrus 524288
Running BFS 39
Time for BFS 39 is 0.638182
Validating BFS 39
Validate time for BFS 39 is 0.000004
TEPS for BFS 39 is 821534 cyrus 524288
Running BFS 40
Time for BFS 40 is 0.741402
Validating BFS 40
Validate time for BFS 40 is 0.000004
TEPS for BFS 40 is 707157 cyrus 524288
Running BFS 41
Time for BFS 41 is 0.625201
Validating BFS 41
Validate time for BFS 41 is 0.000005
TEPS for BFS 41 is 838591 cyrus 524288
Running BFS 42
Time for BFS 42 is 0.598728
Validating BFS 42
Validate time for BFS 42 is 0.000005
TEPS for BFS 42 is 875670 cyrus 524288
Running BFS 43
Time for BFS 43 is 0.737917
Validating BFS 43
Validate time for BFS 43 is 0.000004
TEPS for BFS 43 is 710497 cyrus 524288
Running BFS 44
Time for BFS 44 is 0.588379
Validating BFS 44
Validate time for BFS 44 is 0.000004
TEPS for BFS 44 is 891072 cyrus 524288
Running BFS 45
Time for BFS 45 is 0.617967
Validating BFS 45
Validate time for BFS 45 is 0.000004
TEPS for BFS 45 is 848408 cyrus 524288
Running BFS 46
Time for BFS 46 is 0.678979
Validating BFS 46
Validate time for BFS 46 is 0.000004
TEPS for BFS 46 is 772171 cyrus 524288
Running BFS 47
Time for BFS 47 is 0.628578
Validating BFS 47
Validate time for BFS 47 is 0.000005
TEPS for BFS 47 is 834086 cyrus 524288
Running BFS 48
Time for BFS 48 is 0.717015
Validating BFS 48
Validate time for BFS 48 is 0.000003
TEPS for BFS 48 is 731209 cyrus 524288
Running BFS 49
Time for BFS 49 is 0.622000
Validating BFS 49
Validate time for BFS 49 is 0.000003
TEPS for BFS 49 is 842906 cyrus 524288
Running BFS 50
Time for BFS 50 is 0.606869
Validating BFS 50
Validate time for BFS 50 is 0.000004
TEPS for BFS 50 is 863923 cyrus 524288
Running BFS 51
Time for BFS 51 is 0.585934
Validating BFS 51
Validate time for BFS 51 is 0.000005
TEPS for BFS 51 is 894790 cyrus 524288
Running BFS 52
Time for BFS 52 is 0.688133
Validating BFS 52
Validate time for BFS 52 is 0.000004
TEPS for BFS 52 is 761899 cyrus 524288
Running BFS 53
Time for BFS 53 is 0.679126
Validating BFS 53
Validate time for BFS 53 is 0.000004
TEPS for BFS 53 is 772004 cyrus 524288
Running BFS 54
Time for BFS 54 is 0.630345
Validating BFS 54
Validate time for BFS 54 is 0.000005
TEPS for BFS 54 is 831748 cyrus 524288
Running BFS 55
Time for BFS 55 is 0.638245
Validating BFS 55
Validate time for BFS 55 is 0.000005
TEPS for BFS 55 is 821452 cyrus 524288
Running BFS 56
Time for BFS 56 is 0.598000
Validating BFS 56
Validate time for BFS 56 is 0.000004
TEPS for BFS 56 is 876736 cyrus 524288
Running BFS 57
Time for BFS 57 is 0.580748
Validating BFS 57
Validate time for BFS 57 is 0.000004
TEPS for BFS 57 is 902781 cyrus 524288
Running BFS 58
Time for BFS 58 is 0.695504
Validating BFS 58
Validate time for BFS 58 is 0.000005
TEPS for BFS 58 is 753824 cyrus 524288
Running BFS 59
Time for BFS 59 is 0.726167
Validating BFS 59
Validate time for BFS 59 is 0.000004
TEPS for BFS 59 is 721994 cyrus 524288
Running BFS 60
Time for BFS 60 is 0.583346
Validating BFS 60
Validate time for BFS 60 is 0.000005
TEPS for BFS 60 is 898760 cyrus 524288
Running BFS 61
Time for BFS 61 is 0.733596
Validating BFS 61
Validate time for BFS 61 is 0.000005
TEPS for BFS 61 is 714682 cyrus 524288
Running BFS 62
Time for BFS 62 is 0.610260
Validating BFS 62
Validate time for BFS 62 is 0.000004
TEPS for BFS 62 is 859122 cyrus 524288
Running BFS 63
Time for BFS 63 is 0.592957
Validating BFS 63
Validate time for BFS 63 is 0.000003
TEPS for BFS 63 is 884192 cyrus 524288
SCALE:                          15
edgefactor:                     16
NBFS:                           64
graph_generation:               8.64397
num_mpi_processes:              128
construction_time:              1.75219
min_time:                       0.57221
firstquartile_time:             0.608
median_time:                    0.638214
thirdquartile_time:             0.738371
max_time:                       3.6154
mean_time:                      0.803204
stddev_time:                    0.478379
min_nedge:                      524288
firstquartile_nedge:            524288
median_nedge:                   524288
thirdquartile_nedge:            524288
max_nedge:                      524288
mean_nedge:                     524288
stddev_nedge:                   0
min_TEPS:                       145015
firstquartile_TEPS:             710060
median_TEPS:                    821493
thirdquartile_TEPS:             862316
max_TEPS:                       916251
harmonic_mean_TEPS:             652746
harmonic_stddev_TEPS:           48980.2
min_validate:                   2.86102e-06
firstquartile_validate:         4.05312e-06
median_validate:                4.05312e-06
thirdquartile_validate:         5.00679e-06
max_validate:                   5.00679e-06
mean_validate:                  4.29153e-06
stddev_validate:                5.91678e-07
This benchmark was run on 128 MPI Processes, Scale 15, written output_128_15.log
