graph_generation:               15.508810 s
construction_time:              6.504481 s
Running BFS 0
Time for BFS 0 is 1.055671
Validating BFS 0
Validate time for BFS 0 is 0.000002
TEPS for BFS 0 is 1.98656e+06 cyrus 2097152
Running BFS 1
Time for BFS 1 is 0.746102
Validating BFS 1
Validate time for BFS 1 is 0.000001
TEPS for BFS 1 is 2.81081e+06 cyrus 2097152
Running BFS 2
Time for BFS 2 is 0.623000
Validating BFS 2
Validate time for BFS 2 is 0.000001
TEPS for BFS 2 is 3.36622e+06 cyrus 2097152
Running BFS 3
Time for BFS 3 is 0.743784
Validating BFS 3
Validate time for BFS 3 is 0.000001
TEPS for BFS 3 is 2.81957e+06 cyrus 2097152
Running BFS 4
Time for BFS 4 is 0.633589
Validating BFS 4
Validate time for BFS 4 is 0.000001
TEPS for BFS 4 is 3.30996e+06 cyrus 2097152
Running BFS 5
Time for BFS 5 is 0.745800
Validating BFS 5
Validate time for BFS 5 is 0.000001
TEPS for BFS 5 is 2.81195e+06 cyrus 2097152
Running BFS 6
Time for BFS 6 is 0.644828
Validating BFS 6
Validate time for BFS 6 is 0.000001
TEPS for BFS 6 is 3.25227e+06 cyrus 2097152
Running BFS 7
Time for BFS 7 is 8.031447
Validating BFS 7
Validate time for BFS 7 is 0.000001
TEPS for BFS 7 is 261118 cyrus 2097152
Running BFS 8
Time for BFS 8 is 4.723444
Validating BFS 8
Validate time for BFS 8 is 0.000002
TEPS for BFS 8 is 443988 cyrus 2097152
Running BFS 9
Time for BFS 9 is 0.625511
Validating BFS 9
Validate time for BFS 9 is 0.000001
TEPS for BFS 9 is 3.3527e+06 cyrus 2097152
Running BFS 10
Time for BFS 10 is 3.186975
Validating BFS 10
Validate time for BFS 10 is 0.000001
TEPS for BFS 10 is 658038 cyrus 2097152
Running BFS 11
Time for BFS 11 is 0.630483
Validating BFS 11
Validate time for BFS 11 is 0.000001
TEPS for BFS 11 is 3.32626e+06 cyrus 2097152
Running BFS 12
Time for BFS 12 is 0.590037
Validating BFS 12
Validate time for BFS 12 is 0.000002
TEPS for BFS 12 is 3.55427e+06 cyrus 2097152
Running BFS 13
Time for BFS 13 is 0.602722
Validating BFS 13
Validate time for BFS 13 is 0.000001
TEPS for BFS 13 is 3.47947e+06 cyrus 2097152
Running BFS 14
Time for BFS 14 is 0.725433
Validating BFS 14
Validate time for BFS 14 is 0.000000
TEPS for BFS 14 is 2.8909e+06 cyrus 2097152
Running BFS 15
Time for BFS 15 is 0.580224
Validating BFS 15
Validate time for BFS 15 is 0.000001
TEPS for BFS 15 is 3.61438e+06 cyrus 2097152
Running BFS 16
Time for BFS 16 is 0.593721
Validating BFS 16
Validate time for BFS 16 is 0.000002
TEPS for BFS 16 is 3.53222e+06 cyrus 2097152
Running BFS 17
Time for BFS 17 is 0.596494
Validating BFS 17
Validate time for BFS 17 is 0.000001
TEPS for BFS 17 is 3.5158e+06 cyrus 2097152
Running BFS 18
Time for BFS 18 is 0.609983
Validating BFS 18
Validate time for BFS 18 is 0.000002
TEPS for BFS 18 is 3.43805e+06 cyrus 2097152
Running BFS 19
Time for BFS 19 is 1.067151
Validating BFS 19
Validate time for BFS 19 is 0.000001
TEPS for BFS 19 is 1.96519e+06 cyrus 2097152
Running BFS 20
Time for BFS 20 is 2.151760
Validating BFS 20
Validate time for BFS 20 is 0.000002
TEPS for BFS 20 is 974622 cyrus 2097152
Running BFS 21
Time for BFS 21 is 0.650276
Validating BFS 21
Validate time for BFS 21 is 0.000001
TEPS for BFS 21 is 3.22502e+06 cyrus 2097152
Running BFS 22
Time for BFS 22 is 0.641511
Validating BFS 22
Validate time for BFS 22 is 0.000001
TEPS for BFS 22 is 3.26908e+06 cyrus 2097152
Running BFS 23
Time for BFS 23 is 4.389766
Validating BFS 23
Validate time for BFS 23 is 0.000001
TEPS for BFS 23 is 477737 cyrus 2097152
Running BFS 24
Time for BFS 24 is 0.630288
Validating BFS 24
Validate time for BFS 24 is 0.000158
TEPS for BFS 24 is 3.32729e+06 cyrus 2097152
Running BFS 25
Time for BFS 25 is 0.613454
Validating BFS 25
Validate time for BFS 25 is 0.000006
TEPS for BFS 25 is 3.4186e+06 cyrus 2097152
Running BFS 26
Time for BFS 26 is 0.631577
Validating BFS 26
Validate time for BFS 26 is 0.000148
TEPS for BFS 26 is 3.3205e+06 cyrus 2097152
Running BFS 27
Time for BFS 27 is 0.617852
Validating BFS 27
Validate time for BFS 27 is 0.000005
TEPS for BFS 27 is 3.39426e+06 cyrus 2097152
Running BFS 28
Time for BFS 28 is 0.697534
Validating BFS 28
Validate time for BFS 28 is 0.000007
TEPS for BFS 28 is 3.00652e+06 cyrus 2097152
Running BFS 29
Time for BFS 29 is 0.597375
Validating BFS 29
Validate time for BFS 29 is 0.000009
TEPS for BFS 29 is 3.51061e+06 cyrus 2097152
Running BFS 30
Time for BFS 30 is 0.617298
Validating BFS 30
Validate time for BFS 30 is 0.000004
TEPS for BFS 30 is 3.39731e+06 cyrus 2097152
Running BFS 31
Time for BFS 31 is 1.987883
Validating BFS 31
Validate time for BFS 31 is 0.000005
TEPS for BFS 31 is 1.05497e+06 cyrus 2097152
Running BFS 32
Time for BFS 32 is 0.613791
Validating BFS 32
Validate time for BFS 32 is 0.000005
TEPS for BFS 32 is 3.41672e+06 cyrus 2097152
Running BFS 33
Time for BFS 33 is 0.621825
Validating BFS 33
Validate time for BFS 33 is 0.000009
TEPS for BFS 33 is 3.37258e+06 cyrus 2097152
Running BFS 34
Time for BFS 34 is 1.903187
Validating BFS 34
Validate time for BFS 34 is 0.000005
TEPS for BFS 34 is 1.10192e+06 cyrus 2097152
Running BFS 35
Time for BFS 35 is 0.630111
Validating BFS 35
Validate time for BFS 35 is 0.000087
TEPS for BFS 35 is 3.32823e+06 cyrus 2097152
Running BFS 36
Time for BFS 36 is 0.890326
Validating BFS 36
Validate time for BFS 36 is 0.000007
TEPS for BFS 36 is 2.35549e+06 cyrus 2097152
Running BFS 37
Time for BFS 37 is 0.628590
Validating BFS 37
Validate time for BFS 37 is 0.000008
TEPS for BFS 37 is 3.33628e+06 cyrus 2097152
Running BFS 38
Time for BFS 38 is 1.157168
Validating BFS 38
Validate time for BFS 38 is 0.000005
TEPS for BFS 38 is 1.81231e+06 cyrus 2097152
Running BFS 39
Time for BFS 39 is 0.631288
Validating BFS 39
Validate time for BFS 39 is 0.000008
TEPS for BFS 39 is 3.32202e+06 cyrus 2097152
Running BFS 40
Time for BFS 40 is 0.977766
Validating BFS 40
Validate time for BFS 40 is 0.000006
TEPS for BFS 40 is 2.14484e+06 cyrus 2097152
Running BFS 41
Time for BFS 41 is 0.711622
Validating BFS 41
Validate time for BFS 41 is 0.000006
TEPS for BFS 41 is 2.947e+06 cyrus 2097152
Running BFS 42
Time for BFS 42 is 1.527332
Validating BFS 42
Validate time for BFS 42 is 0.000008
TEPS for BFS 42 is 1.37308e+06 cyrus 2097152
Running BFS 43
Time for BFS 43 is 1.477458
Validating BFS 43
Validate time for BFS 43 is 0.000007
TEPS for BFS 43 is 1.41943e+06 cyrus 2097152
Running BFS 44
Time for BFS 44 is 0.730629
Validating BFS 44
Validate time for BFS 44 is 0.000006
TEPS for BFS 44 is 2.87034e+06 cyrus 2097152
Running BFS 45
Time for BFS 45 is 0.593757
Validating BFS 45
Validate time for BFS 45 is 0.000006
TEPS for BFS 45 is 3.532e+06 cyrus 2097152
Running BFS 46
Time for BFS 46 is 0.617865
Validating BFS 46
Validate time for BFS 46 is 0.000006
TEPS for BFS 46 is 3.39419e+06 cyrus 2097152
Running BFS 47
Time for BFS 47 is 0.629517
Validating BFS 47
Validate time for BFS 47 is 0.000008
TEPS for BFS 47 is 3.33137e+06 cyrus 2097152
Running BFS 48
Time for BFS 48 is 0.615312
Validating BFS 48
Validate time for BFS 48 is 0.000005
TEPS for BFS 48 is 3.40827e+06 cyrus 2097152
Running BFS 49
Time for BFS 49 is 0.587092
Validating BFS 49
Validate time for BFS 49 is 0.000007
TEPS for BFS 49 is 3.5721e+06 cyrus 2097152
Running BFS 50
Time for BFS 50 is 0.606750
Validating BFS 50
Validate time for BFS 50 is 0.000007
TEPS for BFS 50 is 3.45637e+06 cyrus 2097152
Running BFS 51
Time for BFS 51 is 0.611805
Validating BFS 51
Validate time for BFS 51 is 0.000007
TEPS for BFS 51 is 3.42781e+06 cyrus 2097152
Running BFS 52
Time for BFS 52 is 0.588249
Validating BFS 52
Validate time for BFS 52 is 0.000005
TEPS for BFS 52 is 3.56507e+06 cyrus 2097152
Running BFS 53
Time for BFS 53 is 0.600453
Validating BFS 53
Validate time for BFS 53 is 0.000007
TEPS for BFS 53 is 3.49262e+06 cyrus 2097152
Running BFS 54
Time for BFS 54 is 0.624124
Validating BFS 54
Validate time for BFS 54 is 0.000008
TEPS for BFS 54 is 3.36015e+06 cyrus 2097152
Running BFS 55
Time for BFS 55 is 0.596675
Validating BFS 55
Validate time for BFS 55 is 0.000007
TEPS for BFS 55 is 3.51473e+06 cyrus 2097152
Running BFS 56
Time for BFS 56 is 0.727622
Validating BFS 56
Validate time for BFS 56 is 0.000007
TEPS for BFS 56 is 2.8822e+06 cyrus 2097152
Running BFS 57
Time for BFS 57 is 0.705121
Validating BFS 57
Validate time for BFS 57 is 0.000006
TEPS for BFS 57 is 2.97417e+06 cyrus 2097152
Running BFS 58
Time for BFS 58 is 0.706968
Validating BFS 58
Validate time for BFS 58 is 0.000656
TEPS for BFS 58 is 2.9664e+06 cyrus 2097152
Running BFS 59
Time for BFS 59 is 0.599950
Validating BFS 59
Validate time for BFS 59 is 0.000007
TEPS for BFS 59 is 3.49554e+06 cyrus 2097152
Running BFS 60
Time for BFS 60 is 0.710699
Validating BFS 60
Validate time for BFS 60 is 0.000005
TEPS for BFS 60 is 2.95083e+06 cyrus 2097152
Running BFS 61
Time for BFS 61 is 0.594841
Validating BFS 61
Validate time for BFS 61 is 0.000006
TEPS for BFS 61 is 3.52557e+06 cyrus 2097152
Running BFS 62
Time for BFS 62 is 0.600519
Validating BFS 62
Validate time for BFS 62 is 0.000007
TEPS for BFS 62 is 3.49223e+06 cyrus 2097152
Running BFS 63
Time for BFS 63 is 0.852065
Validating BFS 63
Validate time for BFS 63 is 0.000004
TEPS for BFS 63 is 2.46126e+06 cyrus 2097152
SCALE:                          17
edgefactor:                     16
NBFS:                           64
graph_generation:               15.5088
num_mpi_processes:              128
construction_time:              6.50448
min_time:                       0.580224
firstquartile_time:             0.610894
median_time:                    0.630886
thirdquartile_time:             0.745951
max_time:                       8.03145
mean_time:                      1.04146
stddev_time:                    1.19316
min_nedge:                      2097152
firstquartile_nedge:            2097152
median_nedge:                   2097152
thirdquartile_nedge:            2097152
max_nedge:                      2097152
mean_nedge:                     2097152
stddev_nedge:                   0
min_TEPS:                       261118
firstquartile_TEPS:             2.81138e+06
median_TEPS:                    3.32414e+06
thirdquartile_TEPS:             3.43292e+06
max_TEPS:                       3.61438e+06
harmonic_mean_TEPS:             2.01367e+06
harmonic_stddev_TEPS:           290651
min_validate:                   0
firstquartile_validate:         9.53674e-07
median_validate:                5.00679e-06
thirdquartile_validate:         6.91414e-06
max_validate:                   0.000656128
mean_validate:                  2.04332e-05
stddev_validate:                8.54303e-05
This benchmark was run on 128 MPI Processes, Scale 17, written output_128_17.log
