graph_generation:               6.493803 s
construction_time:              0.289542 s
Running BFS 0
Time for BFS 0 is 0.550293
Validating BFS 0
Validate time for BFS 0 is 0.000005
TEPS for BFS 0 is 119093 cyrus 65536
Running BFS 1
Time for BFS 1 is 0.482830
Validating BFS 1
Validate time for BFS 1 is 0.000004
TEPS for BFS 1 is 135733 cyrus 65536
Running BFS 2
Time for BFS 2 is 0.498439
Validating BFS 2
Validate time for BFS 2 is 0.000003
TEPS for BFS 2 is 131483 cyrus 65536
Running BFS 3
Time for BFS 3 is 0.501098
Validating BFS 3
Validate time for BFS 3 is 0.000004
TEPS for BFS 3 is 130785 cyrus 65536
Running BFS 4
Time for BFS 4 is 0.498789
Validating BFS 4
Validate time for BFS 4 is 0.000002
TEPS for BFS 4 is 131390 cyrus 65536
Running BFS 5
Time for BFS 5 is 2.435235
Validating BFS 5
Validate time for BFS 5 is 0.000003
TEPS for BFS 5 is 26911.6 cyrus 65536
Running BFS 6
Time for BFS 6 is 0.454318
Validating BFS 6
Validate time for BFS 6 is 0.000003
TEPS for BFS 6 is 144251 cyrus 65536
Running BFS 7
Time for BFS 7 is 0.469966
Validating BFS 7
Validate time for BFS 7 is 0.000004
TEPS for BFS 7 is 139448 cyrus 65536
Running BFS 8
Time for BFS 8 is 0.517411
Validating BFS 8
Validate time for BFS 8 is 0.000003
TEPS for BFS 8 is 126661 cyrus 65536
Running BFS 9
Time for BFS 9 is 1.563066
Validating BFS 9
Validate time for BFS 9 is 0.000004
TEPS for BFS 9 is 41927.9 cyrus 65536
Running BFS 10
Time for BFS 10 is 1.080294
Validating BFS 10
Validate time for BFS 10 is 0.000004
TEPS for BFS 10 is 60665 cyrus 65536
Running BFS 11
Time for BFS 11 is 0.533644
Validating BFS 11
Validate time for BFS 11 is 0.000003
TEPS for BFS 11 is 122808 cyrus 65536
Running BFS 12
Time for BFS 12 is 0.511248
Validating BFS 12
Validate time for BFS 12 is 0.000004
TEPS for BFS 12 is 128188 cyrus 65536
Running BFS 13
Time for BFS 13 is 0.396488
Validating BFS 13
Validate time for BFS 13 is 0.000003
TEPS for BFS 13 is 165291 cyrus 65536
Running BFS 14
Time for BFS 14 is 3.529799
Validating BFS 14
Validate time for BFS 14 is 0.000003
TEPS for BFS 14 is 18566.5 cyrus 65536
Running BFS 15
Time for BFS 15 is 0.480725
Validating BFS 15
Validate time for BFS 15 is 0.000003
TEPS for BFS 15 is 136327 cyrus 65536
Running BFS 16
Time for BFS 16 is 0.493147
Validating BFS 16
Validate time for BFS 16 is 0.000005
TEPS for BFS 16 is 132893 cyrus 65536
Running BFS 17
Time for BFS 17 is 0.449175
Validating BFS 17
Validate time for BFS 17 is 0.000003
TEPS for BFS 17 is 145903 cyrus 65536
Running BFS 18
Time for BFS 18 is 0.494348
Validating BFS 18
Validate time for BFS 18 is 0.000004
TEPS for BFS 18 is 132571 cyrus 65536
Running BFS 19
Time for BFS 19 is 0.617536
Validating BFS 19
Validate time for BFS 19 is 0.000004
TEPS for BFS 19 is 106125 cyrus 65536
Running BFS 20
Time for BFS 20 is 0.464981
Validating BFS 20
Validate time for BFS 20 is 0.000003
TEPS for BFS 20 is 140943 cyrus 65536
Running BFS 21
Time for BFS 21 is 0.493107
Validating BFS 21
Validate time for BFS 21 is 0.000002
TEPS for BFS 21 is 132904 cyrus 65536
Running BFS 22
Time for BFS 22 is 0.510217
Validating BFS 22
Validate time for BFS 22 is 0.000004
TEPS for BFS 22 is 128447 cyrus 65536
Running BFS 23
Time for BFS 23 is 0.530126
Validating BFS 23
Validate time for BFS 23 is 0.000003
TEPS for BFS 23 is 123623 cyrus 65536
Running BFS 24
Time for BFS 24 is 0.442703
Validating BFS 24
Validate time for BFS 24 is 0.000003
TEPS for BFS 24 is 148036 cyrus 65536
Running BFS 25
Time for BFS 25 is 0.490453
Validating BFS 25
Validate time for BFS 25 is 0.000004
TEPS for BFS 25 is 133623 cyrus 65536
Running BFS 26
Time for BFS 26 is 0.476355
Validating BFS 26
Validate time for BFS 26 is 0.000003
TEPS for BFS 26 is 137578 cyrus 65536
Running BFS 27
Time for BFS 27 is 1.129131
Validating BFS 27
Validate time for BFS 27 is 0.000003
TEPS for BFS 27 is 58041.1 cyrus 65536
Running BFS 28
Time for BFS 28 is 0.537210
Validating BFS 28
Validate time for BFS 28 is 0.000003
TEPS for BFS 28 is 121993 cyrus 65536
Running BFS 29
Time for BFS 29 is 0.502710
Validating BFS 29
Validate time for BFS 29 is 0.000005
TEPS for BFS 29 is 130365 cyrus 65536
Running BFS 30
Time for BFS 30 is 0.516755
Validating BFS 30
Validate time for BFS 30 is 0.000004
TEPS for BFS 30 is 126822 cyrus 65536
Running BFS 31
Time for BFS 31 is 0.598624
Validating BFS 31
Validate time for BFS 31 is 0.000004
TEPS for BFS 31 is 109478 cyrus 65536
Running BFS 32
Time for BFS 32 is 0.479023
Validating BFS 32
Validate time for BFS 32 is 0.000004
TEPS for BFS 32 is 136812 cyrus 65536
Running BFS 33
Time for BFS 33 is 0.954560
Validating BFS 33
Validate time for BFS 33 is 0.000003
TEPS for BFS 33 is 68655.7 cyrus 65536
Running BFS 34
Time for BFS 34 is 0.550606
Validating BFS 34
Validate time for BFS 34 is 0.000003
TEPS for BFS 34 is 119025 cyrus 65536
Running BFS 35
Time for BFS 35 is 1.860399
Validating BFS 35
Validate time for BFS 35 is 0.000005
TEPS for BFS 35 is 35226.9 cyrus 65536
Running BFS 36
Time for BFS 36 is 0.460145
Validating BFS 36
Validate time for BFS 36 is 0.000004
TEPS for BFS 36 is 142425 cyrus 65536
Running BFS 37
Time for BFS 37 is 0.491549
Validating BFS 37
Validate time for BFS 37 is 0.000004
TEPS for BFS 37 is 133325 cyrus 65536
Running BFS 38
Time for BFS 38 is 0.488856
Validating BFS 38
Validate time for BFS 38 is 0.000003
TEPS for BFS 38 is 134060 cyrus 65536
Running BFS 39
Time for BFS 39 is 0.499788
Validating BFS 39
Validate time for BFS 39 is 0.000003
TEPS for BFS 39 is 131128 cyrus 65536
Running BFS 40
Time for BFS 40 is 0.497787
Validating BFS 40
Validate time for BFS 40 is 0.000004
TEPS for BFS 40 is 131655 cyrus 65536
Running BFS 41
Time for BFS 41 is 0.518781
Validating BFS 41
Validate time for BFS 41 is 0.000003
TEPS for BFS 41 is 126327 cyrus 65536
Running BFS 42
Time for BFS 42 is 0.489366
Validating BFS 42
Validate time for BFS 42 is 0.000005
TEPS for BFS 42 is 133920 cyrus 65536
Running BFS 43
Time for BFS 43 is 2.208578
Validating BFS 43
Validate time for BFS 43 is 0.000003
TEPS for BFS 43 is 29673.4 cyrus 65536
Running BFS 44
Time for BFS 44 is 1.227546
Validating BFS 44
Validate time for BFS 44 is 0.000003
TEPS for BFS 44 is 53387.8 cyrus 65536
Running BFS 45
Time for BFS 45 is 0.520640
Validating BFS 45
Validate time for BFS 45 is 0.000003
TEPS for BFS 45 is 125876 cyrus 65536
Running BFS 46
Time for BFS 46 is 0.521735
Validating BFS 46
Validate time for BFS 46 is 0.000002
TEPS for BFS 46 is 125612 cyrus 65536
Running BFS 47
Time for BFS 47 is 0.518996
Validating BFS 47
Validate time for BFS 47 is 0.000004
TEPS for BFS 47 is 126275 cyrus 65536
Running BFS 48
Time for BFS 48 is 0.505401
Validating BFS 48
Validate time for BFS 48 is 0.000004
TEPS for BFS 48 is 129671 cyrus 65536
Running BFS 49
Time for BFS 49 is 1.979071
Validating BFS 49
Validate time for BFS 49 is 0.000003
TEPS for BFS 49 is 33114.5 cyrus 65536
Running BFS 50
Time for BFS 50 is 0.512342
Validating BFS 50
Validate time for BFS 50 is 0.000004
TEPS for BFS 50 is 127915 cyrus 65536
Running BFS 51
Time for BFS 51 is 0.485913
Validating BFS 51
Validate time for BFS 51 is 0.000004
TEPS for BFS 51 is 134872 cyrus 65536
Running BFS 52
Time for BFS 52 is 0.502101
Validating BFS 52
Validate time for BFS 52 is 0.000004
TEPS for BFS 52 is 130524 cyrus 65536
Running BFS 53
Time for BFS 53 is 0.508950
Validating BFS 53
Validate time for BFS 53 is 0.000004
TEPS for BFS 53 is 128767 cyrus 65536
Running BFS 54
Time for BFS 54 is 0.498909
Validating BFS 54
Validate time for BFS 54 is 0.000003
TEPS for BFS 54 is 131359 cyrus 65536
Running BFS 55
Time for BFS 55 is 0.358951
Validating BFS 55
Validate time for BFS 55 is 0.000003
TEPS for BFS 55 is 182576 cyrus 65536
Running BFS 56
Time for BFS 56 is 0.398885
Validating BFS 56
Validate time for BFS 56 is 0.000003
TEPS for BFS 56 is 164298 cyrus 65536
Running BFS 57
Time for BFS 57 is 0.847305
Validating BFS 57
Validate time for BFS 57 is 0.000004
TEPS for BFS 57 is 77346.4 cyrus 65536
Running BFS 58
Time for BFS 58 is 0.610693
Validating BFS 58
Validate time for BFS 58 is 0.000003
TEPS for BFS 58 is 107314 cyrus 65536
Running BFS 59
Time for BFS 59 is 0.504878
Validating BFS 59
Validate time for BFS 59 is 0.000004
TEPS for BFS 59 is 129806 cyrus 65536
Running BFS 60
Time for BFS 60 is 0.512995
Validating BFS 60
Validate time for BFS 60 is 0.000004
TEPS for BFS 60 is 127752 cyrus 65536
Running BFS 61
Time for BFS 61 is 0.461860
Validating BFS 61
Validate time for BFS 61 is 0.000003
TEPS for BFS 61 is 141896 cyrus 65536
Running BFS 62
Time for BFS 62 is 0.462228
Validating BFS 62
Validate time for BFS 62 is 0.000005
TEPS for BFS 62 is 141783 cyrus 65536
Running BFS 63
Time for BFS 63 is 0.515062
Validating BFS 63
Validate time for BFS 63 is 0.000003
TEPS for BFS 63 is 127239 cyrus 65536
SCALE:                          12
edgefactor:                     16
NBFS:                           64
graph_generation:               6.4938
num_mpi_processes:              128
construction_time:              0.289542
min_time:                       0.358951
firstquartile_time:             0.487385
median_time:                    0.505139
thirdquartile_time:             0.543752
max_time:                       3.5298
mean_time:                      0.706314
stddev_time:                    0.563191
min_nedge:                      65536
firstquartile_nedge:            65536
median_nedge:                   65536
thirdquartile_nedge:            65536
max_nedge:                      65536
mean_nedge:                     65536
stddev_nedge:                   0
min_TEPS:                       18566.5
firstquartile_TEPS:             120526
median_TEPS:                    129738
thirdquartile_TEPS:             134465
max_TEPS:                       182576
harmonic_mean_TEPS:             92785.9
harmonic_stddev_TEPS:           9321.15
min_validate:                   2.14577e-06
firstquartile_validate:         3.09944e-06
median_validate:                3.09944e-06
thirdquartile_validate:         4.05312e-06
max_validate:                   5.00679e-06
mean_validate:                  3.53903e-06
stddev_validate:                7.21184e-07
This benchmark was run on 128 MPI Processes, Scale 12, written output_128_12.log
