graph_generation:               9.354668 s
construction_time:              1.722484 s
Running BFS 0
Time for BFS 0 is 2.059177
Validating BFS 0
Validate time for BFS 0 is 2.616642
TEPS for BFS 0 is 994.572
Running BFS 1
Time for BFS 1 is 5.718584
Validating BFS 1
Validate time for BFS 1 is 2.552175
TEPS for BFS 1 is 358.131
Running BFS 2
Time for BFS 2 is 1.300936
Validating BFS 2
Validate time for BFS 2 is 2.078009
TEPS for BFS 2 is 1574.25
Running BFS 3
Time for BFS 3 is 1.768487
Validating BFS 3
Validate time for BFS 3 is 2.122013
TEPS for BFS 3 is 1158.05
Running BFS 4
Time for BFS 4 is 1.217082
Validating BFS 4
Validate time for BFS 4 is 4.986907
TEPS for BFS 4 is 1682.71
Running BFS 5
Time for BFS 5 is 1.492888
Validating BFS 5
Validate time for BFS 5 is 2.086619
TEPS for BFS 5 is 1371.84
Running BFS 6
Time for BFS 6 is 1.202789
Validating BFS 6
Validate time for BFS 6 is 2.696064
TEPS for BFS 6 is 1702.71
Running BFS 7
Time for BFS 7 is 1.318084
Validating BFS 7
Validate time for BFS 7 is 3.958758
TEPS for BFS 7 is 1553.77
Running BFS 8
Time for BFS 8 is 1.635513
Validating BFS 8
Validate time for BFS 8 is 2.137753
TEPS for BFS 8 is 1252.21
Running BFS 9
Time for BFS 9 is 1.273131
Validating BFS 9
Validate time for BFS 9 is 2.107524
TEPS for BFS 9 is 1608.63
Running BFS 10
Time for BFS 10 is 2.715297
Validating BFS 10
Validate time for BFS 10 is 2.353711
TEPS for BFS 10 is 754.245
Running BFS 11
Time for BFS 11 is 2.175612
Validating BFS 11
Validate time for BFS 11 is 3.377621
TEPS for BFS 11 is 941.344
Running BFS 12
Time for BFS 12 is 1.256245
Validating BFS 12
Validate time for BFS 12 is 6.726117
TEPS for BFS 12 is 1630.26
Running BFS 13
Time for BFS 13 is 1.202767
Validating BFS 13
Validate time for BFS 13 is 3.078794
TEPS for BFS 13 is 1702.74
Running BFS 14
Time for BFS 14 is 1.669936
Validating BFS 14
Validate time for BFS 14 is 2.587682
TEPS for BFS 14 is 1226.39
Running BFS 15
Time for BFS 15 is 1.246098
Validating BFS 15
Validate time for BFS 15 is 2.230526
TEPS for BFS 15 is 1643.53
Running BFS 16
Time for BFS 16 is 1.283713
Validating BFS 16
Validate time for BFS 16 is 2.631971
TEPS for BFS 16 is 1595.37
Running BFS 17
Time for BFS 17 is 2.047532
Validating BFS 17
Validate time for BFS 17 is 4.123920
TEPS for BFS 17 is 1000.23
Running BFS 18
Time for BFS 18 is 2.279071
Validating BFS 18
Validate time for BFS 18 is 2.131682
TEPS for BFS 18 is 898.612
Running BFS 19
Time for BFS 19 is 2.014759
Validating BFS 19
Validate time for BFS 19 is 2.384492
TEPS for BFS 19 is 1016.5
Running BFS 20
Time for BFS 20 is 1.222286
Validating BFS 20
Validate time for BFS 20 is 9.587324
TEPS for BFS 20 is 1675.55
Running BFS 21
Time for BFS 21 is 1.910709
Validating BFS 21
Validate time for BFS 21 is 2.214232
TEPS for BFS 21 is 1071.85
Running BFS 22
Time for BFS 22 is 1.735837
Validating BFS 22
Validate time for BFS 22 is 6.633316
TEPS for BFS 22 is 1179.83
Running BFS 23
Time for BFS 23 is 1.294852
Validating BFS 23
Validate time for BFS 23 is 6.513312
TEPS for BFS 23 is 1581.65
Running BFS 24
Time for BFS 24 is 1.417598
Validating BFS 24
Validate time for BFS 24 is 2.200416
TEPS for BFS 24 is 1444.7
Running BFS 25
Time for BFS 25 is 1.222737
Validating BFS 25
Validate time for BFS 25 is 2.240685
TEPS for BFS 25 is 1674.93
Running BFS 26
Time for BFS 26 is 1.675433
Validating BFS 26
Validate time for BFS 26 is 2.213978
TEPS for BFS 26 is 1222.37
Running BFS 27
Time for BFS 27 is 1.258586
Validating BFS 27
Validate time for BFS 27 is 2.232196
TEPS for BFS 27 is 1627.22
Running BFS 28
Time for BFS 28 is 1.304311
Validating BFS 28
Validate time for BFS 28 is 2.465916
TEPS for BFS 28 is 1570.18
Running BFS 29
Time for BFS 29 is 2.647948
Validating BFS 29
Validate time for BFS 29 is 6.102396
TEPS for BFS 29 is 773.429
Running BFS 30
Time for BFS 30 is 2.544189
Validating BFS 30
Validate time for BFS 30 is 4.254138
TEPS for BFS 30 is 804.972
Running BFS 31
Time for BFS 31 is 3.002149
Validating BFS 31
Validate time for BFS 31 is 2.540895
TEPS for BFS 31 is 682.178
Running BFS 32
Time for BFS 32 is 1.255269
Validating BFS 32
Validate time for BFS 32 is 3.405691
TEPS for BFS 32 is 1631.52
Running BFS 33
Time for BFS 33 is 1.243817
Validating BFS 33
Validate time for BFS 33 is 2.824934
TEPS for BFS 33 is 1646.54
Running BFS 34
Time for BFS 34 is 1.337372
Validating BFS 34
Validate time for BFS 34 is 4.529491
TEPS for BFS 34 is 1531.36
Running BFS 35
Time for BFS 35 is 1.960882
Validating BFS 35
Validate time for BFS 35 is 3.977480
TEPS for BFS 35 is 1044.43
Running BFS 36
Time for BFS 36 is 1.306669
Validating BFS 36
Validate time for BFS 36 is 2.392947
TEPS for BFS 36 is 1567.34
Running BFS 37
Time for BFS 37 is 1.325497
Validating BFS 37
Validate time for BFS 37 is 3.825863
TEPS for BFS 37 is 1545.08
Running BFS 38
Time for BFS 38 is 1.412618
Validating BFS 38
Validate time for BFS 38 is 2.951543
TEPS for BFS 38 is 1449.79
Running BFS 39
Time for BFS 39 is 1.341962
Validating BFS 39
Validate time for BFS 39 is 5.032352
TEPS for BFS 39 is 1526.12
Running BFS 40
Time for BFS 40 is 3.101683
Validating BFS 40
Validate time for BFS 40 is 3.116367
TEPS for BFS 40 is 660.287
Running BFS 41
Time for BFS 41 is 1.315107
Validating BFS 41
Validate time for BFS 41 is 3.936847
TEPS for BFS 41 is 1557.29
Running BFS 42
Time for BFS 42 is 1.311117
Validating BFS 42
Validate time for BFS 42 is 3.620607
TEPS for BFS 42 is 1562.03
Running BFS 43
Time for BFS 43 is 1.263794
Validating BFS 43
Validate time for BFS 43 is 9.726791
TEPS for BFS 43 is 1620.52
Running BFS 44
Time for BFS 44 is 4.994457
Validating BFS 44
Validate time for BFS 44 is 6.424083
TEPS for BFS 44 is 410.055
Running BFS 45
Time for BFS 45 is 1.549381
Validating BFS 45
Validate time for BFS 45 is 3.104013
TEPS for BFS 45 is 1321.82
Running BFS 46
Time for BFS 46 is 3.929697
Validating BFS 46
Validate time for BFS 46 is 2.533360
TEPS for BFS 46 is 521.16
Running BFS 47
Time for BFS 47 is 2.340953
Validating BFS 47
Validate time for BFS 47 is 2.653106
TEPS for BFS 47 is 874.857
Running BFS 48
Time for BFS 48 is 1.963783
Validating BFS 48
Validate time for BFS 48 is 3.364357
TEPS for BFS 48 is 1042.89
Running BFS 49
Time for BFS 49 is 2.514880
Validating BFS 49
Validate time for BFS 49 is 3.232865
TEPS for BFS 49 is 814.353
Running BFS 50
Time for BFS 50 is 2.004370
Validating BFS 50
Validate time for BFS 50 is 2.641097
TEPS for BFS 50 is 1021.77
Running BFS 51
Time for BFS 51 is 1.344839
Validating BFS 51
Validate time for BFS 51 is 2.608592
TEPS for BFS 51 is 1522.86
Running BFS 52
Time for BFS 52 is 1.269146
Validating BFS 52
Validate time for BFS 52 is 2.614242
TEPS for BFS 52 is 1613.68
Running BFS 53
Time for BFS 53 is 6.637633
Validating BFS 53
Validate time for BFS 53 is 3.285690
TEPS for BFS 53 is 308.544
Running BFS 54
Time for BFS 54 is 1.424418
Validating BFS 54
Validate time for BFS 54 is 7.901443
TEPS for BFS 54 is 1437.78
Running BFS 55
Time for BFS 55 is 3.088590
Validating BFS 55
Validate time for BFS 55 is 2.593714
TEPS for BFS 55 is 663.086
Running BFS 56
Time for BFS 56 is 1.194589
Validating BFS 56
Validate time for BFS 56 is 3.178267
TEPS for BFS 56 is 1714.4
Running BFS 57
Time for BFS 57 is 1.379311
Validating BFS 57
Validate time for BFS 57 is 3.429145
TEPS for BFS 57 is 1484.8
Running BFS 58
Time for BFS 58 is 2.932146
Validating BFS 58
Validate time for BFS 58 is 3.663344
TEPS for BFS 58 is 698.465
Running BFS 59
Time for BFS 59 is 2.248502
Validating BFS 59
Validate time for BFS 59 is 7.755840
TEPS for BFS 59 is 910.829
Running BFS 60
Time for BFS 60 is 1.366260
Validating BFS 60
Validate time for BFS 60 is 2.784601
TEPS for BFS 60 is 1498.98
Running BFS 61
Time for BFS 61 is 5.490003
Validating BFS 61
Validate time for BFS 61 is 2.982392
TEPS for BFS 61 is 373.042
Running BFS 62
Time for BFS 62 is 2.261917
Validating BFS 62
Validate time for BFS 62 is 3.617148
TEPS for BFS 62 is 905.427
Running BFS 63
Time for BFS 63 is 4.477469
Validating BFS 63
Validate time for BFS 63 is 7.990616
TEPS for BFS 63 is 457.401
SCALE:                          7
edgefactor:                     16
NBFS:                           64
graph_generation:               9.35467
num_mpi_processes:              128
construction_time:              1.72248
min_time:                       1.19459
firstquartile_time:             1.29789
median_time:                    1.52113
thirdquartile_time:             2.27049
max_time:                       6.63763
mean_time:                      2.04223
stddev_time:                    1.18772
min_nedge:                      2048
firstquartile_nedge:            2048
median_nedge:                   2048
thirdquartile_nedge:            2048
max_nedge:                      2048
mean_nedge:                     2048
stddev_nedge:                   0
min_TEPS:                       308.544
firstquartile_TEPS:             902.006
median_TEPS:                    1346.36
thirdquartile_TEPS:             1577.94
max_TEPS:                       1714.4
harmonic_mean_TEPS:             1002.83
harmonic_stddev_TEPS:           73.4793
min_validate:                   2.07801
firstquartile_validate:         2.49964
median_validate:                3.03059
thirdquartile_validate:         3.96812
max_validate:                   9.72679
mean_validate:                  3.68542
stddev_validate:                1.87473
This benchmark was run on 128 MPI Processes, Scale 7, written output_128_7.log
