graph_generation:               0.549221 s
construction_time:              0.226196 s
Running BFS 0
Time for BFS 0 is 1.095383
Validating BFS 0
Validate time for BFS 0 is 1.367060
TEPS for BFS 0 is 116.854
Running BFS 1
Time for BFS 1 is 1.060859
Validating BFS 1
Validate time for BFS 1 is 1.377025
TEPS for BFS 1 is 120.657
Running BFS 2
Time for BFS 2 is 1.020778
Validating BFS 2
Validate time for BFS 2 is 1.357933
TEPS for BFS 2 is 125.395
Running BFS 3
Time for BFS 3 is 1.461194
Validating BFS 3
Validate time for BFS 3 is 1.344314
TEPS for BFS 3 is 87.5996
Running BFS 4
Time for BFS 4 is 0.826517
Validating BFS 4
Validate time for BFS 4 is 1.281364
TEPS for BFS 4 is 154.867
Running BFS 5
Time for BFS 5 is 0.870695
Validating BFS 5
Validate time for BFS 5 is 1.269779
TEPS for BFS 5 is 147.009
Running BFS 6
Time for BFS 6 is 0.929875
Validating BFS 6
Validate time for BFS 6 is 1.416262
TEPS for BFS 6 is 137.653
Running BFS 7
Time for BFS 7 is 0.960117
Validating BFS 7
Validate time for BFS 7 is 1.345538
TEPS for BFS 7 is 133.317
Running BFS 8
Time for BFS 8 is 1.670821
Validating BFS 8
Validate time for BFS 8 is 1.461204
TEPS for BFS 8 is 76.609
Running BFS 9
Time for BFS 9 is 0.962933
Validating BFS 9
Validate time for BFS 9 is 1.437335
TEPS for BFS 9 is 132.927
Running BFS 10
Time for BFS 10 is 1.345628
Validating BFS 10
Validate time for BFS 10 is 1.393389
TEPS for BFS 10 is 95.1229
Running BFS 11
Time for BFS 11 is 0.850048
Validating BFS 11
Validate time for BFS 11 is 2.004378
TEPS for BFS 11 is 150.58
Running BFS 12
Time for BFS 12 is 3.009226
Validating BFS 12
Validate time for BFS 12 is 1.347031
TEPS for BFS 12 is 42.5359
Running BFS 13
Time for BFS 13 is 0.970916
Validating BFS 13
Validate time for BFS 13 is 1.383909
TEPS for BFS 13 is 131.834
Running BFS 14
Time for BFS 14 is 4.816041
Validating BFS 14
Validate time for BFS 14 is 1.380468
TEPS for BFS 14 is 26.5778
Running BFS 15
Time for BFS 15 is 0.957887
Validating BFS 15
Validate time for BFS 15 is 1.313582
TEPS for BFS 15 is 133.627
Running BFS 16
Time for BFS 16 is 5.068970
Validating BFS 16
Validate time for BFS 16 is 1.371236
TEPS for BFS 16 is 25.2517
Running BFS 17
Time for BFS 17 is 1.032939
Validating BFS 17
Validate time for BFS 17 is 3.303774
TEPS for BFS 17 is 123.918
Running BFS 18
Time for BFS 18 is 0.961011
Validating BFS 18
Validate time for BFS 18 is 1.409492
TEPS for BFS 18 is 133.193
Running BFS 19
Time for BFS 19 is 3.230360
Validating BFS 19
Validate time for BFS 19 is 1.248749
TEPS for BFS 19 is 39.6241
Running BFS 20
Time for BFS 20 is 0.940997
Validating BFS 20
Validate time for BFS 20 is 1.369842
TEPS for BFS 20 is 136.026
Running BFS 21
Time for BFS 21 is 3.059992
Validating BFS 21
Validate time for BFS 21 is 3.048570
TEPS for BFS 21 is 41.8302
Running BFS 22
Time for BFS 22 is 0.943938
Validating BFS 22
Validate time for BFS 22 is 1.327170
TEPS for BFS 22 is 135.602
Running BFS 23
Time for BFS 23 is 0.939961
Validating BFS 23
Validate time for BFS 23 is 1.331145
TEPS for BFS 23 is 136.176
Running BFS 24
Time for BFS 24 is 4.209954
Validating BFS 24
Validate time for BFS 24 is 1.378238
TEPS for BFS 24 is 30.4041
Running BFS 25
Time for BFS 25 is 1.760557
Validating BFS 25
Validate time for BFS 25 is 1.397517
TEPS for BFS 25 is 72.7043
Running BFS 26
Time for BFS 26 is 0.950581
Validating BFS 26
Validate time for BFS 26 is 1.371720
TEPS for BFS 26 is 134.654
Running BFS 27
Time for BFS 27 is 1.518461
Validating BFS 27
Validate time for BFS 27 is 7.494095
TEPS for BFS 27 is 84.2959
Running BFS 28
Time for BFS 28 is 0.919874
Validating BFS 28
Validate time for BFS 28 is 1.367105
TEPS for BFS 28 is 139.149
Running BFS 29
Time for BFS 29 is 0.959334
Validating BFS 29
Validate time for BFS 29 is 1.390750
TEPS for BFS 29 is 133.426
Running BFS 30
Time for BFS 30 is 0.959232
Validating BFS 30
Validate time for BFS 30 is 1.382909
TEPS for BFS 30 is 133.44
Running BFS 31
Time for BFS 31 is 0.962732
Validating BFS 31
Validate time for BFS 31 is 1.369438
TEPS for BFS 31 is 132.955
Running BFS 32
Time for BFS 32 is 1.030061
Validating BFS 32
Validate time for BFS 32 is 1.369510
TEPS for BFS 32 is 124.264
Running BFS 33
Time for BFS 33 is 0.979988
Validating BFS 33
Validate time for BFS 33 is 1.406665
TEPS for BFS 33 is 130.614
Running BFS 34
Time for BFS 34 is 0.953176
Validating BFS 34
Validate time for BFS 34 is 1.344084
TEPS for BFS 34 is 134.288
Running BFS 35
Time for BFS 35 is 0.831033
Validating BFS 35
Validate time for BFS 35 is 1.278021
TEPS for BFS 35 is 154.025
Running BFS 36
Time for BFS 36 is 0.910259
Validating BFS 36
Validate time for BFS 36 is 1.313610
TEPS for BFS 36 is 140.619
Running BFS 37
Time for BFS 37 is 1.113059
Validating BFS 37
Validate time for BFS 37 is 1.429646
TEPS for BFS 37 is 114.998
Running BFS 38
Time for BFS 38 is 0.999134
Validating BFS 38
Validate time for BFS 38 is 1.421753
TEPS for BFS 38 is 128.111
Running BFS 39
Time for BFS 39 is 0.969699
Validating BFS 39
Validate time for BFS 39 is 3.197387
TEPS for BFS 39 is 132
Running BFS 40
Time for BFS 40 is 1.023037
Validating BFS 40
Validate time for BFS 40 is 2.570878
TEPS for BFS 40 is 125.118
Running BFS 41
Time for BFS 41 is 0.860212
Validating BFS 41
Validate time for BFS 41 is 2.118085
TEPS for BFS 41 is 148.801
Running BFS 42
Time for BFS 42 is 1.031428
Validating BFS 42
Validate time for BFS 42 is 1.402771
TEPS for BFS 42 is 124.1
Running BFS 43
Time for BFS 43 is 0.883070
Validating BFS 43
Validate time for BFS 43 is 3.069136
TEPS for BFS 43 is 144.949
Running BFS 44
Time for BFS 44 is 0.990373
Validating BFS 44
Validate time for BFS 44 is 1.396460
TEPS for BFS 44 is 129.244
Running BFS 45
Time for BFS 45 is 0.871778
Validating BFS 45
Validate time for BFS 45 is 3.976432
TEPS for BFS 45 is 146.826
Running BFS 46
Time for BFS 46 is 1.530172
Validating BFS 46
Validate time for BFS 46 is 1.428079
TEPS for BFS 46 is 83.6507
Running BFS 47
Time for BFS 47 is 0.960120
Validating BFS 47
Validate time for BFS 47 is 1.384754
TEPS for BFS 47 is 133.317
Running BFS 48
Time for BFS 48 is 1.293492
Validating BFS 48
Validate time for BFS 48 is 1.451186
TEPS for BFS 48 is 98.9569
Running BFS 49
Time for BFS 49 is 1.083481
Validating BFS 49
Validate time for BFS 49 is 1.423764
TEPS for BFS 49 is 118.138
Running BFS 50
Time for BFS 50 is 0.986132
Validating BFS 50
Validate time for BFS 50 is 1.464465
TEPS for BFS 50 is 129.8
Running BFS 51
Time for BFS 51 is 1.125489
Validating BFS 51
Validate time for BFS 51 is 1.900793
TEPS for BFS 51 is 113.728
Running BFS 52
Time for BFS 52 is 1.780154
Validating BFS 52
Validate time for BFS 52 is 1.500798
TEPS for BFS 52 is 71.9039
Running BFS 53
Time for BFS 53 is 1.010531
Validating BFS 53
Validate time for BFS 53 is 1.456752
TEPS for BFS 53 is 126.666
Running BFS 54
Time for BFS 54 is 0.981778
Validating BFS 54
Validate time for BFS 54 is 1.473723
TEPS for BFS 54 is 130.376
Running BFS 55
Time for BFS 55 is 3.239919
Validating BFS 55
Validate time for BFS 55 is 1.444991
TEPS for BFS 55 is 39.5072
Running BFS 56
Time for BFS 56 is 0.963734
Validating BFS 56
Validate time for BFS 56 is 1.452431
TEPS for BFS 56 is 132.817
Running BFS 57
Time for BFS 57 is 1.289618
Validating BFS 57
Validate time for BFS 57 is 1.333202
TEPS for BFS 57 is 99.2542
Running BFS 58
Time for BFS 58 is 1.035319
Validating BFS 58
Validate time for BFS 58 is 1.461972
TEPS for BFS 58 is 123.633
Running BFS 59
Time for BFS 59 is 0.850522
Validating BFS 59
Validate time for BFS 59 is 1.328317
TEPS for BFS 59 is 150.496
Running BFS 60
Time for BFS 60 is 0.940016
Validating BFS 60
Validate time for BFS 60 is 2.331071
TEPS for BFS 60 is 136.168
Running BFS 61
Time for BFS 61 is 0.902824
Validating BFS 61
Validate time for BFS 61 is 1.358214
TEPS for BFS 61 is 141.777
Running BFS 62
Time for BFS 62 is 0.871001
Validating BFS 62
Validate time for BFS 62 is 2.881245
TEPS for BFS 62 is 146.957
Running BFS 63
Time for BFS 63 is 1.000568
Validating BFS 63
Validate time for BFS 63 is 1.448817
TEPS for BFS 63 is 127.927
SCALE:                          3
edgefactor:                     16
NBFS:                           64
graph_generation:               0.549221
num_mpi_processes:              64
construction_time:              0.226196
min_time:                       0.826517
firstquartile_time:             0.942467
median_time:                    0.983955
thirdquartile_time:             1.20755
max_time:                       5.06897
mean_time:                      1.35186
stddev_time:                    0.93235
min_nedge:                      128
firstquartile_nedge:            128
median_nedge:                   128
thirdquartile_nedge:            128
max_nedge:                      128
mean_nedge:                     128
stddev_nedge:                   0
min_TEPS:                       25.2517
firstquartile_TEPS:             105.999
median_TEPS:                    130.087
thirdquartile_TEPS:             135.814
max_TEPS:                       154.867
harmonic_mean_TEPS:             94.6844
harmonic_stddev_TEPS:           8.22727
min_validate:                   1.24875
firstquartile_validate:         1.36264
median_validate:                1.39699
thirdquartile_validate:         1.46159
max_validate:                   7.49409
mean_validate:                  1.71658
stddev_validate:                0.938224
This benchmark was run on 64 MPI Processes, Scale 3, written output_64_3.log
