graph_generation:               1.972949 s
construction_time:              0.170196 s
Running BFS 0
Time for BFS 0 is 1.073957
Validating BFS 0
Validate time for BFS 0 is 1.388874
TEPS for BFS 0 is 953.483
Running BFS 1
Time for BFS 1 is 0.950425
Validating BFS 1
Validate time for BFS 1 is 1.191409
TEPS for BFS 1 is 1077.41
Running BFS 2
Time for BFS 2 is 1.040586
Validating BFS 2
Validate time for BFS 2 is 1.220796
TEPS for BFS 2 is 984.061
Running BFS 3
Time for BFS 3 is 0.980262
Validating BFS 3
Validate time for BFS 3 is 1.344525
TEPS for BFS 3 is 1044.62
Running BFS 4
Time for BFS 4 is 1.070579
Validating BFS 4
Validate time for BFS 4 is 1.346462
TEPS for BFS 4 is 956.492
Running BFS 5
Time for BFS 5 is 0.970308
Validating BFS 5
Validate time for BFS 5 is 1.344841
TEPS for BFS 5 is 1055.34
Running BFS 6
Time for BFS 6 is 1.070480
Validating BFS 6
Validate time for BFS 6 is 1.327359
TEPS for BFS 6 is 956.58
Running BFS 7
Time for BFS 7 is 1.020363
Validating BFS 7
Validate time for BFS 7 is 1.304004
TEPS for BFS 7 is 1003.56
Running BFS 8
Time for BFS 8 is 1.020359
Validating BFS 8
Validate time for BFS 8 is 1.357224
TEPS for BFS 8 is 1003.57
Running BFS 9
Time for BFS 9 is 0.990335
Validating BFS 9
Validate time for BFS 9 is 1.346226
TEPS for BFS 9 is 1033.99
Running BFS 10
Time for BFS 10 is 0.960143
Validating BFS 10
Validate time for BFS 10 is 1.234595
TEPS for BFS 10 is 1066.51
Running BFS 11
Time for BFS 11 is 1.249893
Validating BFS 11
Validate time for BFS 11 is 1.463950
TEPS for BFS 11 is 819.27
Running BFS 12
Time for BFS 12 is 1.012980
Validating BFS 12
Validate time for BFS 12 is 1.418556
TEPS for BFS 12 is 1010.88
Running BFS 13
Time for BFS 13 is 1.042890
Validating BFS 13
Validate time for BFS 13 is 1.364678
TEPS for BFS 13 is 981.887
Running BFS 14
Time for BFS 14 is 1.090223
Validating BFS 14
Validate time for BFS 14 is 1.550807
TEPS for BFS 14 is 939.257
Running BFS 15
Time for BFS 15 is 1.080647
Validating BFS 15
Validate time for BFS 15 is 1.338930
TEPS for BFS 15 is 947.58
Running BFS 16
Time for BFS 16 is 1.040373
Validating BFS 16
Validate time for BFS 16 is 1.344536
TEPS for BFS 16 is 984.263
Running BFS 17
Time for BFS 17 is 0.950371
Validating BFS 17
Validate time for BFS 17 is 1.249012
TEPS for BFS 17 is 1077.47
Running BFS 18
Time for BFS 18 is 1.011928
Validating BFS 18
Validate time for BFS 18 is 1.402805
TEPS for BFS 18 is 1011.93
Running BFS 19
Time for BFS 19 is 1.090616
Validating BFS 19
Validate time for BFS 19 is 1.374264
TEPS for BFS 19 is 938.919
Running BFS 20
Time for BFS 20 is 1.000166
Validating BFS 20
Validate time for BFS 20 is 1.414061
TEPS for BFS 20 is 1023.83
Running BFS 21
Time for BFS 21 is 1.040609
Validating BFS 21
Validate time for BFS 21 is 1.380426
TEPS for BFS 21 is 984.039
Running BFS 22
Time for BFS 22 is 1.076764
Validating BFS 22
Validate time for BFS 22 is 1.405515
TEPS for BFS 22 is 950.998
Running BFS 23
Time for BFS 23 is 1.042975
Validating BFS 23
Validate time for BFS 23 is 1.357666
TEPS for BFS 23 is 981.807
Running BFS 24
Time for BFS 24 is 1.010031
Validating BFS 24
Validate time for BFS 24 is 1.344805
TEPS for BFS 24 is 1013.83
Running BFS 25
Time for BFS 25 is 1.040144
Validating BFS 25
Validate time for BFS 25 is 1.323729
TEPS for BFS 25 is 984.479
Running BFS 26
Time for BFS 26 is 1.089975
Validating BFS 26
Validate time for BFS 26 is 1.395400
TEPS for BFS 26 is 939.471
Running BFS 27
Time for BFS 27 is 1.169832
Validating BFS 27
Validate time for BFS 27 is 1.378426
TEPS for BFS 27 is 875.339
Running BFS 28
Time for BFS 28 is 1.049995
Validating BFS 28
Validate time for BFS 28 is 1.382800
TEPS for BFS 28 is 975.243
Running BFS 29
Time for BFS 29 is 0.909893
Validating BFS 29
Validate time for BFS 29 is 1.267769
TEPS for BFS 29 is 1125.41
Running BFS 30
Time for BFS 30 is 1.050006
Validating BFS 30
Validate time for BFS 30 is 1.360037
TEPS for BFS 30 is 975.233
Running BFS 31
Time for BFS 31 is 1.009983
Validating BFS 31
Validate time for BFS 31 is 1.451159
TEPS for BFS 31 is 1013.88
Running BFS 32
Time for BFS 32 is 1.030102
Validating BFS 32
Validate time for BFS 32 is 1.393221
TEPS for BFS 32 is 994.076
Running BFS 33
Time for BFS 33 is 1.070023
Validating BFS 33
Validate time for BFS 33 is 1.473582
TEPS for BFS 33 is 956.989
Running BFS 34
Time for BFS 34 is 1.099954
Validating BFS 34
Validate time for BFS 34 is 1.472973
TEPS for BFS 34 is 930.948
Running BFS 35
Time for BFS 35 is 1.069951
Validating BFS 35
Validate time for BFS 35 is 1.403649
TEPS for BFS 35 is 957.053
Running BFS 36
Time for BFS 36 is 1.109953
Validating BFS 36
Validate time for BFS 36 is 1.373715
TEPS for BFS 36 is 922.562
Running BFS 37
Time for BFS 37 is 1.099998
Validating BFS 37
Validate time for BFS 37 is 1.453392
TEPS for BFS 37 is 930.911
Running BFS 38
Time for BFS 38 is 1.069916
Validating BFS 38
Validate time for BFS 38 is 1.442976
TEPS for BFS 38 is 957.084
Running BFS 39
Time for BFS 39 is 1.099930
Validating BFS 39
Validate time for BFS 39 is 1.422422
TEPS for BFS 39 is 930.968
Running BFS 40
Time for BFS 40 is 1.009984
Validating BFS 40
Validate time for BFS 40 is 1.423329
TEPS for BFS 40 is 1013.88
Running BFS 41
Time for BFS 41 is 1.129733
Validating BFS 41
Validate time for BFS 41 is 1.437609
TEPS for BFS 41 is 906.409
Running BFS 42
Time for BFS 42 is 1.040077
Validating BFS 42
Validate time for BFS 42 is 1.452253
TEPS for BFS 42 is 984.543
Running BFS 43
Time for BFS 43 is 1.039996
Validating BFS 43
Validate time for BFS 43 is 1.440908
TEPS for BFS 43 is 984.619
Running BFS 44
Time for BFS 44 is 1.180012
Validating BFS 44
Validate time for BFS 44 is 1.451202
TEPS for BFS 44 is 867.788
Running BFS 45
Time for BFS 45 is 1.030001
Validating BFS 45
Validate time for BFS 45 is 1.482170
TEPS for BFS 45 is 994.174
Running BFS 46
Time for BFS 46 is 0.960008
Validating BFS 46
Validate time for BFS 46 is 1.408082
TEPS for BFS 46 is 1066.66
Running BFS 47
Time for BFS 47 is 1.089909
Validating BFS 47
Validate time for BFS 47 is 1.392951
TEPS for BFS 47 is 939.528
Running BFS 48
Time for BFS 48 is 1.029960
Validating BFS 48
Validate time for BFS 48 is 1.462107
TEPS for BFS 48 is 994.213
Running BFS 49
Time for BFS 49 is 1.100017
Validating BFS 49
Validate time for BFS 49 is 1.451112
TEPS for BFS 49 is 930.895
Running BFS 50
Time for BFS 50 is 1.070106
Validating BFS 50
Validate time for BFS 50 is 1.423329
TEPS for BFS 50 is 956.915
Running BFS 51
Time for BFS 51 is 0.959896
Validating BFS 51
Validate time for BFS 51 is 1.430140
TEPS for BFS 51 is 1066.78
Running BFS 52
Time for BFS 52 is 1.000044
Validating BFS 52
Validate time for BFS 52 is 1.423018
TEPS for BFS 52 is 1023.95
Running BFS 53
Time for BFS 53 is 1.030045
Validating BFS 53
Validate time for BFS 53 is 1.480631
TEPS for BFS 53 is 994.131
Running BFS 54
Time for BFS 54 is 0.940047
Validating BFS 54
Validate time for BFS 54 is 1.315652
TEPS for BFS 54 is 1089.31
Running BFS 55
Time for BFS 55 is 1.039969
Validating BFS 55
Validate time for BFS 55 is 1.542485
TEPS for BFS 55 is 984.645
Running BFS 56
Time for BFS 56 is 1.080159
Validating BFS 56
Validate time for BFS 56 is 1.482090
TEPS for BFS 56 is 948.009
Running BFS 57
Time for BFS 57 is 1.080043
Validating BFS 57
Validate time for BFS 57 is 1.551897
TEPS for BFS 57 is 948.111
Running BFS 58
Time for BFS 58 is 1.210047
Validating BFS 58
Validate time for BFS 58 is 1.496078
TEPS for BFS 58 is 846.248
Running BFS 59
Time for BFS 59 is 1.129966
Validating BFS 59
Validate time for BFS 59 is 1.501149
TEPS for BFS 59 is 906.222
Running BFS 60
Time for BFS 60 is 1.060004
Validating BFS 60
Validate time for BFS 60 is 1.482647
TEPS for BFS 60 is 966.034
Running BFS 61
Time for BFS 61 is 1.059894
Validating BFS 61
Validate time for BFS 61 is 1.442166
TEPS for BFS 61 is 966.134
Running BFS 62
Time for BFS 62 is 1.090045
Validating BFS 62
Validate time for BFS 62 is 1.501115
TEPS for BFS 62 is 939.411
Running BFS 63
Time for BFS 63 is 1.010077
Validating BFS 63
Validate time for BFS 63 is 1.356569
SCALE:                          6
edgefactor:                     16
NBFS:                           64
TEPS for BFS 63 is 1013.78
graph_generation:               1.97295
num_mpi_processes:              32
construction_time:              0.170196
min_time:                       0.909893
firstquartile_time:             1.011
median_time:                    1.04293
thirdquartile_time:             1.08528
max_time:                       1.24989
mean_time:                      1.05044
stddev_time:                    0.0625948
min_nedge:                      1024
firstquartile_nedge:            1024
median_nedge:                   1024
thirdquartile_nedge:            1024
max_nedge:                      1024
mean_nedge:                     1024
stddev_nedge:                   0
min_TEPS:                       819.27
firstquartile_TEPS:             943.537
median_TEPS:                    981.847
thirdquartile_TEPS:             1012.86
max_TEPS:                       1125.41
harmonic_mean_TEPS:             974.833
harmonic_stddev_TEPS:           7.3186
min_validate:                   1.19141
firstquartile_validate:         1.35152
median_validate:                1.40458
thirdquartile_validate:         1.45173
max_validate:                   1.5519
mean_validate:                  1.40066
stddev_validate:                0.0764935
This benchmark was run on 32 MPI Processes, Scale 6, written output_32_6.log
