graph_generation:               2.934949 s
construction_time:              0.169828 s
Running BFS 0
Time for BFS 0 is 1.578498
Validating BFS 0
Validate time for BFS 0 is 1.724721
TEPS for BFS 0 is 2594.87
Running BFS 1
Time for BFS 1 is 1.260372
Validating BFS 1
Validate time for BFS 1 is 1.523435
TEPS for BFS 1 is 3249.83
Running BFS 2
Time for BFS 2 is 1.190491
Validating BFS 2
Validate time for BFS 2 is 1.668127
TEPS for BFS 2 is 3440.6
Running BFS 3
Time for BFS 3 is 1.140207
Validating BFS 3
Validate time for BFS 3 is 1.495257
TEPS for BFS 3 is 3592.33
Running BFS 4
Time for BFS 4 is 1.240235
Validating BFS 4
Validate time for BFS 4 is 1.563102
TEPS for BFS 4 is 3302.6
Running BFS 5
Time for BFS 5 is 1.261099
Validating BFS 5
Validate time for BFS 5 is 2.389898
TEPS for BFS 5 is 3247.96
Running BFS 6
Time for BFS 6 is 1.050717
Validating BFS 6
Validate time for BFS 6 is 2.268022
TEPS for BFS 6 is 3898.29
Running BFS 7
Time for BFS 7 is 1.171008
Validating BFS 7
Validate time for BFS 7 is 1.725365
TEPS for BFS 7 is 3497.84
Running BFS 8
Time for BFS 8 is 1.140135
Validating BFS 8
Validate time for BFS 8 is 2.364921
TEPS for BFS 8 is 3592.56
Running BFS 9
Time for BFS 9 is 1.099916
Validating BFS 9
Validate time for BFS 9 is 2.309520
TEPS for BFS 9 is 3723.92
Running BFS 10
Time for BFS 10 is 1.190126
Validating BFS 10
Validate time for BFS 10 is 2.360484
TEPS for BFS 10 is 3441.65
Running BFS 11
Time for BFS 11 is 1.260740
Validating BFS 11
Validate time for BFS 11 is 2.382053
TEPS for BFS 11 is 3248.89
Running BFS 12
Time for BFS 12 is 1.140052
Validating BFS 12
Validate time for BFS 12 is 2.290008
TEPS for BFS 12 is 3592.82
Running BFS 13
Time for BFS 13 is 1.250241
Validating BFS 13
Validate time for BFS 13 is 2.043098
TEPS for BFS 13 is 3276.17
Running BFS 14
Time for BFS 14 is 1.260314
Validating BFS 14
Validate time for BFS 14 is 2.367908
TEPS for BFS 14 is 3249.98
Running BFS 15
Time for BFS 15 is 1.220620
Validating BFS 15
Validate time for BFS 15 is 2.308465
TEPS for BFS 15 is 3355.67
Running BFS 16
Time for BFS 16 is 1.079923
Validating BFS 16
Validate time for BFS 16 is 1.942892
TEPS for BFS 16 is 3792.86
Running BFS 17
Time for BFS 17 is 1.160262
Validating BFS 17
Validate time for BFS 17 is 1.795963
TEPS for BFS 17 is 3530.24
Running BFS 18
Time for BFS 18 is 1.189988
Validating BFS 18
Validate time for BFS 18 is 1.703517
TEPS for BFS 18 is 3442.05
Running BFS 19
Time for BFS 19 is 1.290134
Validating BFS 19
Validate time for BFS 19 is 1.726951
TEPS for BFS 19 is 3174.86
Running BFS 20
Time for BFS 20 is 1.090040
Validating BFS 20
Validate time for BFS 20 is 1.601362
TEPS for BFS 20 is 3757.66
Running BFS 21
Time for BFS 21 is 1.100049
Validating BFS 21
Validate time for BFS 21 is 1.598108
TEPS for BFS 21 is 3723.47
Running BFS 22
Time for BFS 22 is 1.250162
Validating BFS 22
Validate time for BFS 22 is 1.747661
TEPS for BFS 22 is 3276.38
Running BFS 23
Time for BFS 23 is 1.149985
Validating BFS 23
Validate time for BFS 23 is 1.670109
TEPS for BFS 23 is 3561.79
Running BFS 24
Time for BFS 24 is 1.120150
Validating BFS 24
Validate time for BFS 24 is 1.651525
TEPS for BFS 24 is 3656.65
Running BFS 25
Time for BFS 25 is 1.130107
Validating BFS 25
Validate time for BFS 25 is 1.648970
TEPS for BFS 25 is 3624.44
Running BFS 26
Time for BFS 26 is 1.179961
Validating BFS 26
Validate time for BFS 26 is 1.747774
TEPS for BFS 26 is 3471.3
Running BFS 27
Time for BFS 27 is 1.130234
Validating BFS 27
Validate time for BFS 27 is 1.641987
TEPS for BFS 27 is 3624.03
Running BFS 28
Time for BFS 28 is 1.239997
Validating BFS 28
Validate time for BFS 28 is 1.779122
TEPS for BFS 28 is 3303.23
Running BFS 29
Time for BFS 29 is 1.190333
Validating BFS 29
Validate time for BFS 29 is 1.769339
TEPS for BFS 29 is 3441.05
Running BFS 30
Time for BFS 30 is 1.040011
Validating BFS 30
Validate time for BFS 30 is 1.711889
TEPS for BFS 30 is 3938.42
Running BFS 31
Time for BFS 31 is 1.210110
Validating BFS 31
Validate time for BFS 31 is 1.809136
TEPS for BFS 31 is 3384.82
Running BFS 32
Time for BFS 32 is 1.120097
Validating BFS 32
Validate time for BFS 32 is 1.723728
TEPS for BFS 32 is 3656.83
Running BFS 33
Time for BFS 33 is 1.100202
Validating BFS 33
Validate time for BFS 33 is 1.762841
TEPS for BFS 33 is 3722.95
Running BFS 34
Time for BFS 34 is 1.160037
Validating BFS 34
Validate time for BFS 34 is 1.812757
TEPS for BFS 34 is 3530.92
Running BFS 35
Time for BFS 35 is 1.219814
Validating BFS 35
Validate time for BFS 35 is 1.799449
TEPS for BFS 35 is 3357.89
Running BFS 36
Time for BFS 36 is 1.120175
Validating BFS 36
Validate time for BFS 36 is 1.778113
TEPS for BFS 36 is 3656.57
Running BFS 37
Time for BFS 37 is 1.220019
Validating BFS 37
Validate time for BFS 37 is 1.879032
TEPS for BFS 37 is 3357.33
Running BFS 38
Time for BFS 38 is 1.230137
Validating BFS 38
Validate time for BFS 38 is 1.842004
TEPS for BFS 38 is 3329.71
Running BFS 39
Time for BFS 39 is 1.230033
Validating BFS 39
Validate time for BFS 39 is 1.887221
TEPS for BFS 39 is 3329.99
Running BFS 40
Time for BFS 40 is 1.139956
Validating BFS 40
Validate time for BFS 40 is 1.832213
TEPS for BFS 40 is 3593.12
Running BFS 41
Time for BFS 41 is 1.080186
Validating BFS 41
Validate time for BFS 41 is 1.780121
TEPS for BFS 41 is 3791.94
Running BFS 42
Time for BFS 42 is 1.250072
Validating BFS 42
Validate time for BFS 42 is 1.935770
TEPS for BFS 42 is 3276.61
Running BFS 43
Time for BFS 43 is 1.270033
Validating BFS 43
Validate time for BFS 43 is 1.909148
TEPS for BFS 43 is 3225.11
Running BFS 44
Time for BFS 44 is 1.200080
Validating BFS 44
Validate time for BFS 44 is 1.754153
TEPS for BFS 44 is 3413.11
Running BFS 45
Time for BFS 45 is 1.160120
Validating BFS 45
Validate time for BFS 45 is 1.833095
TEPS for BFS 45 is 3530.67
Running BFS 46
Time for BFS 46 is 1.140023
Validating BFS 46
Validate time for BFS 46 is 1.799346
TEPS for BFS 46 is 3592.91
Running BFS 47
Time for BFS 47 is 1.170091
Validating BFS 47
Validate time for BFS 47 is 1.845802
TEPS for BFS 47 is 3500.58
Running BFS 48
Time for BFS 48 is 1.050374
Validating BFS 48
Validate time for BFS 48 is 1.813678
TEPS for BFS 48 is 3899.56
Running BFS 49
Time for BFS 49 is 1.249984
Validating BFS 49
Validate time for BFS 49 is 1.997171
TEPS for BFS 49 is 3276.84
Running BFS 50
Time for BFS 50 is 1.169961
Validating BFS 50
Validate time for BFS 50 is 1.843552
TEPS for BFS 50 is 3500.97
Running BFS 51
Time for BFS 51 is 1.169971
Validating BFS 51
Validate time for BFS 51 is 1.893751
TEPS for BFS 51 is 3500.94
Running BFS 52
Time for BFS 52 is 1.189992
Validating BFS 52
Validate time for BFS 52 is 1.847609
TEPS for BFS 52 is 3442.04
Running BFS 53
Time for BFS 53 is 1.153460
Validating BFS 53
Validate time for BFS 53 is 1.861972
TEPS for BFS 53 is 3551.06
Running BFS 54
Time for BFS 54 is 1.070382
Validating BFS 54
Validate time for BFS 54 is 1.867080
TEPS for BFS 54 is 3826.67
Running BFS 55
Time for BFS 55 is 1.280259
Validating BFS 55
Validate time for BFS 55 is 2.038191
TEPS for BFS 55 is 3199.35
Running BFS 56
Time for BFS 56 is 1.260350
Validating BFS 56
Validate time for BFS 56 is 2.080789
TEPS for BFS 56 is 3249.89
Running BFS 57
Time for BFS 57 is 1.400171
Validating BFS 57
Validate time for BFS 57 is 2.152337
TEPS for BFS 57 is 2925.36
Running BFS 58
Time for BFS 58 is 1.400115
Validating BFS 58
Validate time for BFS 58 is 2.027814
TEPS for BFS 58 is 2925.47
Running BFS 59
Time for BFS 59 is 1.210060
Validating BFS 59
Validate time for BFS 59 is 1.925101
TEPS for BFS 59 is 3384.96
Running BFS 60
Time for BFS 60 is 1.210114
Validating BFS 60
Validate time for BFS 60 is 1.921852
TEPS for BFS 60 is 3384.81
Running BFS 61
Time for BFS 61 is 1.210058
Validating BFS 61
Validate time for BFS 61 is 1.975516
TEPS for BFS 61 is 3384.96
Running BFS 62
Time for BFS 62 is 1.320128
Validating BFS 62
Validate time for BFS 62 is 2.042980
TEPS for BFS 62 is 3102.73
Running BFS 63
Time for BFS 63 is 1.180956
Validating BFS 63
Validate time for BFS 63 is 2.195376
TEPS for BFS 63 is 3468.38
SCALE:                          8
edgefactor:                     16
NBFS:                           64
graph_generation:               2.93495
num_mpi_processes:              32
construction_time:              0.169828
min_time:                       1.04001
firstquartile_time:             1.13999
median_time:                    1.18999
thirdquartile_time:             1.24511
max_time:                       1.5785
mean_time:                      1.19287
stddev_time:                    0.0897997
min_nedge:                      4096
firstquartile_nedge:            4096
median_nedge:                   4096
thirdquartile_nedge:            4096
max_nedge:                      4096
mean_nedge:                     4096
stddev_nedge:                   0
min_TEPS:                       2594.87
firstquartile_TEPS:             3289.67
median_TEPS:                    3442.05
thirdquartile_TEPS:             3593.02
max_TEPS:                       3938.42
harmonic_mean_TEPS:             3433.74
harmonic_stddev_TEPS:           32.5671
min_validate:                   1.49526
firstquartile_validate:         1.73731
median_validate:                1.83755
thirdquartile_validate:         2.01249
max_validate:                   2.3899
mean_validate:                  1.89047
stddev_validate:                0.230081
This benchmark was run on 32 MPI Processes, Scale 8, written output_32_8.log
