graph_generation:               2.559782 s
construction_time:              0.253109 s
Running BFS 0
Time for BFS 0 is 0.847078
Validating BFS 0
Validate time for BFS 0 is 1.256998
TEPS for BFS 0 is 75.5538
Running BFS 1
Time for BFS 1 is 0.949946
Validating BFS 1
Validate time for BFS 1 is 1.659965
TEPS for BFS 1 is 67.3722
Running BFS 2
Time for BFS 2 is 0.999435
Validating BFS 2
Validate time for BFS 2 is 1.554876
TEPS for BFS 2 is 64.0362
Running BFS 3
Time for BFS 3 is 0.870011
Validating BFS 3
Validate time for BFS 3 is 3.243506
TEPS for BFS 3 is 73.5623
Running BFS 4
Time for BFS 4 is 0.949908
Validating BFS 4
Validate time for BFS 4 is 1.350220
TEPS for BFS 4 is 67.3749
Running BFS 5
Time for BFS 5 is 0.861075
Validating BFS 5
Validate time for BFS 5 is 1.278451
TEPS for BFS 5 is 74.3257
Running BFS 6
Time for BFS 6 is 0.950019
Validating BFS 6
Validate time for BFS 6 is 1.393283
TEPS for BFS 6 is 67.3671
Running BFS 7
Time for BFS 7 is 4.023222
Validating BFS 7
Validate time for BFS 7 is 1.347887
TEPS for BFS 7 is 15.9076
Running BFS 8
Time for BFS 8 is 0.850087
Validating BFS 8
Validate time for BFS 8 is 3.445162
TEPS for BFS 8 is 75.2864
Running BFS 9
Time for BFS 9 is 1.013458
Validating BFS 9
Validate time for BFS 9 is 1.445398
TEPS for BFS 9 is 63.1501
Running BFS 10
Time for BFS 10 is 1.010072
Validating BFS 10
Validate time for BFS 10 is 1.340598
TEPS for BFS 10 is 63.3618
Running BFS 11
Time for BFS 11 is 0.923688
Validating BFS 11
Validate time for BFS 11 is 1.702330
TEPS for BFS 11 is 69.2875
Running BFS 12
Time for BFS 12 is 1.730041
Validating BFS 12
Validate time for BFS 12 is 1.231872
TEPS for BFS 12 is 36.9933
Running BFS 13
Time for BFS 13 is 1.950577
Validating BFS 13
Validate time for BFS 13 is 1.392747
TEPS for BFS 13 is 32.8108
Running BFS 14
Time for BFS 14 is 0.851923
Validating BFS 14
Validate time for BFS 14 is 1.754207
TEPS for BFS 14 is 75.1242
Running BFS 15
Time for BFS 15 is 0.939946
Validating BFS 15
Validate time for BFS 15 is 1.418773
TEPS for BFS 15 is 68.089
Running BFS 16
Time for BFS 16 is 0.859686
Validating BFS 16
Validate time for BFS 16 is 1.288831
TEPS for BFS 16 is 74.4458
Running BFS 17
Time for BFS 17 is 0.971214
Validating BFS 17
Validate time for BFS 17 is 1.368618
TEPS for BFS 17 is 65.8969
Running BFS 18
Time for BFS 18 is 0.929448
Validating BFS 18
Validate time for BFS 18 is 1.366073
TEPS for BFS 18 is 68.8581
Running BFS 19
Time for BFS 19 is 0.979501
Validating BFS 19
Validate time for BFS 19 is 1.412153
TEPS for BFS 19 is 65.3394
Running BFS 20
Time for BFS 20 is 0.856067
Validating BFS 20
Validate time for BFS 20 is 1.262240
TEPS for BFS 20 is 74.7605
Running BFS 21
Time for BFS 21 is 2.050008
Validating BFS 21
Validate time for BFS 21 is 1.960236
TEPS for BFS 21 is 31.2194
Running BFS 22
Time for BFS 22 is 0.963743
Validating BFS 22
Validate time for BFS 22 is 1.382401
TEPS for BFS 22 is 66.4077
Running BFS 23
Time for BFS 23 is 1.699959
Validating BFS 23
Validate time for BFS 23 is 1.332881
TEPS for BFS 23 is 37.648
Running BFS 24
Time for BFS 24 is 0.981437
Validating BFS 24
Validate time for BFS 24 is 1.402607
TEPS for BFS 24 is 65.2105
Running BFS 25
Time for BFS 25 is 1.051224
Validating BFS 25
Validate time for BFS 25 is 1.403763
TEPS for BFS 25 is 60.8814
Running BFS 26
Time for BFS 26 is 0.859975
Validating BFS 26
Validate time for BFS 26 is 1.295531
TEPS for BFS 26 is 74.4208
Running BFS 27
Time for BFS 27 is 4.041510
Validating BFS 27
Validate time for BFS 27 is 2.207873
TEPS for BFS 27 is 15.8357
Running BFS 28
Time for BFS 28 is 0.990756
Validating BFS 28
Validate time for BFS 28 is 1.404002
TEPS for BFS 28 is 64.5971
Running BFS 29
Time for BFS 29 is 0.960083
Validating BFS 29
Validate time for BFS 29 is 2.306166
TEPS for BFS 29 is 66.6609
Running BFS 30
Time for BFS 30 is 0.920589
Validating BFS 30
Validate time for BFS 30 is 2.893579
TEPS for BFS 30 is 69.5207
Running BFS 31
Time for BFS 31 is 1.637995
Validating BFS 31
Validate time for BFS 31 is 1.965624
TEPS for BFS 31 is 39.0722
Running BFS 32
Time for BFS 32 is 0.875795
Validating BFS 32
Validate time for BFS 32 is 3.731918
TEPS for BFS 32 is 73.0765
Running BFS 33
Time for BFS 33 is 2.640992
Validating BFS 33
Validate time for BFS 33 is 1.990892
TEPS for BFS 33 is 24.2333
Running BFS 34
Time for BFS 34 is 0.879338
Validating BFS 34
Validate time for BFS 34 is 1.220457
TEPS for BFS 34 is 72.782
Running BFS 35
Time for BFS 35 is 0.970063
Validating BFS 35
Validate time for BFS 35 is 1.435622
TEPS for BFS 35 is 65.9751
Running BFS 36
Time for BFS 36 is 0.870073
Validating BFS 36
Validate time for BFS 36 is 1.310406
TEPS for BFS 36 is 73.557
Running BFS 37
Time for BFS 37 is 0.850557
Validating BFS 37
Validate time for BFS 37 is 2.215404
TEPS for BFS 37 is 75.2448
Running BFS 38
Time for BFS 38 is 1.679548
Validating BFS 38
Validate time for BFS 38 is 1.354922
TEPS for BFS 38 is 38.1055
Running BFS 39
Time for BFS 39 is 0.997273
Validating BFS 39
Validate time for BFS 39 is 1.387913
TEPS for BFS 39 is 64.175
Running BFS 40
Time for BFS 40 is 0.900218
Validating BFS 40
Validate time for BFS 40 is 1.322090
TEPS for BFS 40 is 71.0939
Running BFS 41
Time for BFS 41 is 0.990570
Validating BFS 41
Validate time for BFS 41 is 1.424451
TEPS for BFS 41 is 64.6093
Running BFS 42
Time for BFS 42 is 0.953071
Validating BFS 42
Validate time for BFS 42 is 1.386446
TEPS for BFS 42 is 67.1513
Running BFS 43
Time for BFS 43 is 0.859983
Validating BFS 43
Validate time for BFS 43 is 1.305927
TEPS for BFS 43 is 74.4201
Running BFS 44
Time for BFS 44 is 0.871672
Validating BFS 44
Validate time for BFS 44 is 1.343857
TEPS for BFS 44 is 73.4221
Running BFS 45
Time for BFS 45 is 1.113016
Validating BFS 45
Validate time for BFS 45 is 1.442852
TEPS for BFS 45 is 57.5014
Running BFS 46
Time for BFS 46 is 1.020448
Validating BFS 46
Validate time for BFS 46 is 1.448499
TEPS for BFS 46 is 62.7176
Running BFS 47
Time for BFS 47 is 0.981343
Validating BFS 47
Validate time for BFS 47 is 1.340308
TEPS for BFS 47 is 65.2167
Running BFS 48
Time for BFS 48 is 0.871057
Validating BFS 48
Validate time for BFS 48 is 1.338222
TEPS for BFS 48 is 73.4739
Running BFS 49
Time for BFS 49 is 0.993180
Validating BFS 49
Validate time for BFS 49 is 1.413927
TEPS for BFS 49 is 64.4395
Running BFS 50
Time for BFS 50 is 0.880386
Validating BFS 50
Validate time for BFS 50 is 1.335198
TEPS for BFS 50 is 72.6954
Running BFS 51
Time for BFS 51 is 0.950874
Validating BFS 51
Validate time for BFS 51 is 1.329156
TEPS for BFS 51 is 67.3065
Running BFS 52
Time for BFS 52 is 0.997157
Validating BFS 52
Validate time for BFS 52 is 2.346187
TEPS for BFS 52 is 64.1825
Running BFS 53
Time for BFS 53 is 1.146079
Validating BFS 53
Validate time for BFS 53 is 2.325640
TEPS for BFS 53 is 55.8426
Running BFS 54
Time for BFS 54 is 0.961378
Validating BFS 54
Validate time for BFS 54 is 1.561019
TEPS for BFS 54 is 66.5711
Running BFS 55
Time for BFS 55 is 0.864536
Validating BFS 55
Validate time for BFS 55 is 1.330815
TEPS for BFS 55 is 74.0281
Running BFS 56
Time for BFS 56 is 0.870794
Validating BFS 56
Validate time for BFS 56 is 1.331352
TEPS for BFS 56 is 73.4962
Running BFS 57
Time for BFS 57 is 1.031798
Validating BFS 57
Validate time for BFS 57 is 1.453780
TEPS for BFS 57 is 62.0276
Running BFS 58
Time for BFS 58 is 3.444612
Validating BFS 58
Validate time for BFS 58 is 1.492193
TEPS for BFS 58 is 18.5797
Running BFS 59
Time for BFS 59 is 0.931347
Validating BFS 59
Validate time for BFS 59 is 1.320926
TEPS for BFS 59 is 68.7177
Running BFS 60
Time for BFS 60 is 0.874794
Validating BFS 60
Validate time for BFS 60 is 1.339573
TEPS for BFS 60 is 73.1601
Running BFS 61
Time for BFS 61 is 0.894665
Validating BFS 61
Validate time for BFS 61 is 1.303933
TEPS for BFS 61 is 71.5352
Running BFS 62
Time for BFS 62 is 0.860984
Validating BFS 62
Validate time for BFS 62 is 1.341762
TEPS for BFS 62 is 74.3335
Running BFS 63
Time for BFS 63 is 0.953759
Validating BFS 63
Validate time for BFS 63 is 1.445885
TEPS for BFS 63 is 67.1029
SCALE:                          2
edgefactor:                     16
NBFS:                           64
graph_generation:               2.55978
num_mpi_processes:              64
construction_time:              0.253109
min_time:                       0.847078
firstquartile_time:             0.873233
median_time:                    0.953415
thirdquartile_time:             1.01177
max_time:                       4.04151
mean_time:                      1.17899
stddev_time:                    0.682945
min_nedge:                      64
firstquartile_nedge:            64
median_nedge:                   64
thirdquartile_nedge:            64
max_nedge:                      64
mean_nedge:                     64
stddev_nedge:                   0
min_TEPS:                       15.8357
firstquartile_TEPS:             63.2558
median_TEPS:                    67.1271
thirdquartile_TEPS:             73.2909
max_TEPS:                       75.5538
harmonic_mean_TEPS:             54.284
harmonic_stddev_TEPS:           3.96168
min_validate:                   1.22046
firstquartile_validate:         1.33404
median_validate:                1.39302
thirdquartile_validate:         1.55795
max_validate:                   3.73192
mean_validate:                  1.60532
stddev_validate:                0.534717
This benchmark was run on 64 MPI Processes, Scale 2, written output_64_2.log
