graph_generation:               8.651342 s
construction_time:              4.426874 s
Running BFS 0
Time for BFS 0 is 6.071775
Validating BFS 0
Validate time for BFS 0 is 2.576745
TEPS for BFS 0 is 674.597
Running BFS 1
Time for BFS 1 is 1.238951
Validating BFS 1
Validate time for BFS 1 is 4.276290
TEPS for BFS 1 is 3306.02
Running BFS 2
Time for BFS 2 is 1.393183
Validating BFS 2
Validate time for BFS 2 is 3.186895
TEPS for BFS 2 is 2940.03
Running BFS 3
Time for BFS 3 is 3.039991
Validating BFS 3
Validate time for BFS 3 is 2.299595
TEPS for BFS 3 is 1347.37
Running BFS 4
Time for BFS 4 is 1.731667
Validating BFS 4
Validate time for BFS 4 is 5.040481
TEPS for BFS 4 is 2365.35
Running BFS 5
Time for BFS 5 is 1.440722
Validating BFS 5
Validate time for BFS 5 is 3.267476
TEPS for BFS 5 is 2843.02
Running BFS 6
Time for BFS 6 is 2.845255
Validating BFS 6
Validate time for BFS 6 is 3.326510
TEPS for BFS 6 is 1439.59
Running BFS 7
Time for BFS 7 is 1.503067
Validating BFS 7
Validate time for BFS 7 is 5.342482
TEPS for BFS 7 is 2725.09
Running BFS 8
Time for BFS 8 is 1.413123
Validating BFS 8
Validate time for BFS 8 is 2.456326
TEPS for BFS 8 is 2898.54
Running BFS 9
Time for BFS 9 is 3.036456
Validating BFS 9
Validate time for BFS 9 is 5.136293
TEPS for BFS 9 is 1348.94
Running BFS 10
Time for BFS 10 is 1.369490
Validating BFS 10
Validate time for BFS 10 is 3.449198
TEPS for BFS 10 is 2990.89
Running BFS 11
Time for BFS 11 is 1.402665
Validating BFS 11
Validate time for BFS 11 is 3.401485
TEPS for BFS 11 is 2920.16
Running BFS 12
Time for BFS 12 is 1.353067
Validating BFS 12
Validate time for BFS 12 is 2.836094
TEPS for BFS 12 is 3027.2
Running BFS 13
Time for BFS 13 is 1.525718
Validating BFS 13
Validate time for BFS 13 is 2.544865
TEPS for BFS 13 is 2684.64
Running BFS 14
Time for BFS 14 is 2.039492
Validating BFS 14
Validate time for BFS 14 is 2.515034
TEPS for BFS 14 is 2008.34
Running BFS 15
Time for BFS 15 is 1.588416
Validating BFS 15
Validate time for BFS 15 is 4.517609
TEPS for BFS 15 is 2578.67
Running BFS 16
Time for BFS 16 is 9.429416
Validating BFS 16
Validate time for BFS 16 is 2.332140
TEPS for BFS 16 is 434.385
Running BFS 17
Time for BFS 17 is 1.503868
Validating BFS 17
Validate time for BFS 17 is 2.515322
TEPS for BFS 17 is 2723.64
Running BFS 18
Time for BFS 18 is 1.500890
Validating BFS 18
Validate time for BFS 18 is 5.293558
TEPS for BFS 18 is 2729.05
Running BFS 19
Time for BFS 19 is 1.424129
Validating BFS 19
Validate time for BFS 19 is 2.717290
TEPS for BFS 19 is 2876.14
Running BFS 20
Time for BFS 20 is 1.398630
Validating BFS 20
Validate time for BFS 20 is 3.534348
TEPS for BFS 20 is 2928.58
Running BFS 21
Time for BFS 21 is 1.372078
Validating BFS 21
Validate time for BFS 21 is 3.998862
TEPS for BFS 21 is 2985.25
Running BFS 22
Time for BFS 22 is 2.289194
Validating BFS 22
Validate time for BFS 22 is 3.649088
TEPS for BFS 22 is 1789.28
Running BFS 23
Time for BFS 23 is 1.441469
Validating BFS 23
Validate time for BFS 23 is 3.554421
TEPS for BFS 23 is 2841.55
Running BFS 24
Time for BFS 24 is 1.388334
Validating BFS 24
Validate time for BFS 24 is 3.503020
TEPS for BFS 24 is 2950.3
Running BFS 25
Time for BFS 25 is 1.315475
Validating BFS 25
Validate time for BFS 25 is 3.473470
TEPS for BFS 25 is 3113.7
Running BFS 26
Time for BFS 26 is 6.284449
Validating BFS 26
Validate time for BFS 26 is 3.623859
TEPS for BFS 26 is 651.768
Running BFS 27
Time for BFS 27 is 1.344574
Validating BFS 27
Validate time for BFS 27 is 4.289280
TEPS for BFS 27 is 3046.32
Running BFS 28
Time for BFS 28 is 1.678750
Validating BFS 28
Validate time for BFS 28 is 2.675772
TEPS for BFS 28 is 2439.91
Running BFS 29
Time for BFS 29 is 1.436950
Validating BFS 29
Validate time for BFS 29 is 2.720958
TEPS for BFS 29 is 2850.48
Running BFS 30
Time for BFS 30 is 3.455996
Validating BFS 30
Validate time for BFS 30 is 3.352478
TEPS for BFS 30 is 1185.19
Running BFS 31
Time for BFS 31 is 2.906765
Validating BFS 31
Validate time for BFS 31 is 2.718762
TEPS for BFS 31 is 1409.13
Running BFS 32
Time for BFS 32 is 3.302926
Validating BFS 32
Validate time for BFS 32 is 4.800790
TEPS for BFS 32 is 1240.11
Running BFS 33
Time for BFS 33 is 1.810934
Validating BFS 33
Validate time for BFS 33 is 2.595721
TEPS for BFS 33 is 2261.82
Running BFS 34
Time for BFS 34 is 2.775444
Validating BFS 34
Validate time for BFS 34 is 2.610436
TEPS for BFS 34 is 1475.8
Running BFS 35
Time for BFS 35 is 1.470343
Validating BFS 35
Validate time for BFS 35 is 5.229461
TEPS for BFS 35 is 2785.74
Running BFS 36
Time for BFS 36 is 1.358939
Validating BFS 36
Validate time for BFS 36 is 5.107823
TEPS for BFS 36 is 3014.12
Running BFS 37
Time for BFS 37 is 1.462723
Validating BFS 37
Validate time for BFS 37 is 2.882938
TEPS for BFS 37 is 2800.26
Running BFS 38
Time for BFS 38 is 2.350226
Validating BFS 38
Validate time for BFS 38 is 2.889201
TEPS for BFS 38 is 1742.81
Running BFS 39
Time for BFS 39 is 4.545510
Validating BFS 39
Validate time for BFS 39 is 5.996391
TEPS for BFS 39 is 901.109
Running BFS 40
Time for BFS 40 is 1.373826
Validating BFS 40
Validate time for BFS 40 is 3.235560
TEPS for BFS 40 is 2981.45
Running BFS 41
Time for BFS 41 is 1.759031
Validating BFS 41
Validate time for BFS 41 is 8.391769
TEPS for BFS 41 is 2328.55
Running BFS 42
Time for BFS 42 is 1.531937
Validating BFS 42
Validate time for BFS 42 is 3.023579
TEPS for BFS 42 is 2673.74
Running BFS 43
Time for BFS 43 is 2.138876
Validating BFS 43
Validate time for BFS 43 is 2.991574
TEPS for BFS 43 is 1915.02
Running BFS 44
Time for BFS 44 is 2.519262
Validating BFS 44
Validate time for BFS 44 is 2.816349
TEPS for BFS 44 is 1625.87
Running BFS 45
Time for BFS 45 is 1.952979
Validating BFS 45
Validate time for BFS 45 is 4.569717
TEPS for BFS 45 is 2097.31
Running BFS 46
Time for BFS 46 is 2.041989
Validating BFS 46
Validate time for BFS 46 is 4.189899
TEPS for BFS 46 is 2005.89
Running BFS 47
Time for BFS 47 is 2.547184
Validating BFS 47
Validate time for BFS 47 is 4.999281
TEPS for BFS 47 is 1608.05
Running BFS 48
Time for BFS 48 is 1.666533
Validating BFS 48
Validate time for BFS 48 is 3.183284
TEPS for BFS 48 is 2457.8
Running BFS 49
Time for BFS 49 is 2.374968
Validating BFS 49
Validate time for BFS 49 is 3.283759
TEPS for BFS 49 is 1724.65
Running BFS 50
Time for BFS 50 is 1.981113
Validating BFS 50
Validate time for BFS 50 is 3.146685
TEPS for BFS 50 is 2067.52
Running BFS 51
Time for BFS 51 is 3.619318
Validating BFS 51
Validate time for BFS 51 is 3.546106
TEPS for BFS 51 is 1131.7
Running BFS 52
Time for BFS 52 is 1.780984
Validating BFS 52
Validate time for BFS 52 is 3.196668
TEPS for BFS 52 is 2299.85
Running BFS 53
Time for BFS 53 is 1.551114
Validating BFS 53
Validate time for BFS 53 is 3.171939
TEPS for BFS 53 is 2640.68
Running BFS 54
Time for BFS 54 is 1.801603
Validating BFS 54
Validate time for BFS 54 is 3.307542
TEPS for BFS 54 is 2273.53
Running BFS 55
Time for BFS 55 is 1.587121
Validating BFS 55
Validate time for BFS 55 is 5.919662
TEPS for BFS 55 is 2580.77
Running BFS 56
Time for BFS 56 is 1.992981
Validating BFS 56
Validate time for BFS 56 is 5.701794
TEPS for BFS 56 is 2055.21
Running BFS 57
Time for BFS 57 is 1.713914
Validating BFS 57
Validate time for BFS 57 is 3.851071
TEPS for BFS 57 is 2389.85
Running BFS 58
Time for BFS 58 is 1.960101
Validating BFS 58
Validate time for BFS 58 is 5.395578
TEPS for BFS 58 is 2089.69
Running BFS 59
Time for BFS 59 is 4.144176
Validating BFS 59
Validate time for BFS 59 is 5.746607
TEPS for BFS 59 is 988.375
Running BFS 60
Time for BFS 60 is 2.277282
Validating BFS 60
Validate time for BFS 60 is 3.757474
TEPS for BFS 60 is 1798.64
Running BFS 61
Time for BFS 61 is 2.660396
Validating BFS 61
Validate time for BFS 61 is 3.552964
TEPS for BFS 61 is 1539.62
Running BFS 62
Time for BFS 62 is 3.857237
Validating BFS 62
Validate time for BFS 62 is 6.136236
TEPS for BFS 62 is 1061.9
Running BFS 63
Time for BFS 63 is 5.406516
Validating BFS 63
Validate time for BFS 63 is 4.010743
TEPS for BFS 63 is 757.604
SCALE:                          8
edgefactor:                     16
NBFS:                           64
graph_generation:               8.65134
num_mpi_processes:              128
construction_time:              4.42687
min_time:                       1.23895
firstquartile_time:             1.4411
median_time:                    1.77001
thirdquartile_time:             2.60379
max_time:                       9.42942
mean_time:                      2.32002
stddev_time:                    1.44372
min_nedge:                      4096
firstquartile_nedge:            4096
median_nedge:                   4096
thirdquartile_nedge:            4096
max_nedge:                      4096
mean_nedge:                     4096
stddev_nedge:                   0
min_TEPS:                       434.385
firstquartile_TEPS:             1573.09
median_TEPS:                    2314.11
thirdquartile_TEPS:             2842.28
max_TEPS:                       3306.02
harmonic_mean_TEPS:             1765.5
harmonic_stddev_TEPS:           138.417
min_validate:                   2.2996
firstquartile_validate:         2.88607
median_validate:                3.46133
thirdquartile_validate:         4.54366
max_validate:                   8.39177
mean_validate:                  3.80257
stddev_validate:                1.20225
This benchmark was run on 128 MPI Processes, Scale 8, written output_128_8.log
