graph_generation:               0.681697 s
construction_time:              0.295941 s
Running BFS 0
Time for BFS 0 is 1.055794
Validating BFS 0
Validate time for BFS 0 is 1.762776
TEPS for BFS 0 is 121.236
Running BFS 1
Time for BFS 1 is 1.040056
Validating BFS 1
Validate time for BFS 1 is 2.710314
TEPS for BFS 1 is 123.07
Running BFS 2
Time for BFS 2 is 1.548894
Validating BFS 2
Validate time for BFS 2 is 1.753400
TEPS for BFS 2 is 82.6396
Running BFS 3
Time for BFS 3 is 3.255957
Validating BFS 3
Validate time for BFS 3 is 1.787482
TEPS for BFS 3 is 39.3126
Running BFS 4
Time for BFS 4 is 0.935912
Validating BFS 4
Validate time for BFS 4 is 1.700168
TEPS for BFS 4 is 136.765
Running BFS 5
Time for BFS 5 is 1.012781
Validating BFS 5
Validate time for BFS 5 is 1.642620
TEPS for BFS 5 is 126.385
Running BFS 6
Time for BFS 6 is 1.061029
Validating BFS 6
Validate time for BFS 6 is 3.186768
TEPS for BFS 6 is 120.638
Running BFS 7
Time for BFS 7 is 1.020404
Validating BFS 7
Validate time for BFS 7 is 1.828650
TEPS for BFS 7 is 125.441
Running BFS 8
Time for BFS 8 is 1.060211
Validating BFS 8
Validate time for BFS 8 is 5.519290
TEPS for BFS 8 is 120.731
Running BFS 9
Time for BFS 9 is 2.206984
Validating BFS 9
Validate time for BFS 9 is 3.738487
TEPS for BFS 9 is 57.9977
Running BFS 10
Time for BFS 10 is 1.010199
Validating BFS 10
Validate time for BFS 10 is 1.799586
TEPS for BFS 10 is 126.708
Running BFS 11
Time for BFS 11 is 0.950076
Validating BFS 11
Validate time for BFS 11 is 1.732247
TEPS for BFS 11 is 134.726
Running BFS 12
Time for BFS 12 is 1.064402
Validating BFS 12
Validate time for BFS 12 is 1.845581
TEPS for BFS 12 is 120.255
Running BFS 13
Time for BFS 13 is 1.058450
Validating BFS 13
Validate time for BFS 13 is 1.748211
TEPS for BFS 13 is 120.932
Running BFS 14
Time for BFS 14 is 1.030051
Validating BFS 14
Validate time for BFS 14 is 1.835938
TEPS for BFS 14 is 124.266
Running BFS 15
Time for BFS 15 is 4.040175
Validating BFS 15
Validate time for BFS 15 is 1.981201
TEPS for BFS 15 is 31.6818
Running BFS 16
Time for BFS 16 is 1.052011
Validating BFS 16
Validate time for BFS 16 is 1.858164
TEPS for BFS 16 is 121.672
Running BFS 17
Time for BFS 17 is 1.030805
Validating BFS 17
Validate time for BFS 17 is 2.248309
TEPS for BFS 17 is 124.175
Running BFS 18
Time for BFS 18 is 1.024326
Validating BFS 18
Validate time for BFS 18 is 2.084450
TEPS for BFS 18 is 124.96
Running BFS 19
Time for BFS 19 is 0.943403
Validating BFS 19
Validate time for BFS 19 is 2.165787
TEPS for BFS 19 is 135.679
Running BFS 20
Time for BFS 20 is 1.021257
Validating BFS 20
Validate time for BFS 20 is 1.914838
TEPS for BFS 20 is 125.336
Running BFS 21
Time for BFS 21 is 0.938769
Validating BFS 21
Validate time for BFS 21 is 1.739627
TEPS for BFS 21 is 136.349
Running BFS 22
Time for BFS 22 is 1.021915
Validating BFS 22
Validate time for BFS 22 is 1.899564
TEPS for BFS 22 is 125.255
Running BFS 23
Time for BFS 23 is 1.541144
Validating BFS 23
Validate time for BFS 23 is 1.841336
TEPS for BFS 23 is 83.0552
Running BFS 24
Time for BFS 24 is 1.060089
Validating BFS 24
Validate time for BFS 24 is 3.100962
TEPS for BFS 24 is 120.745
Running BFS 25
Time for BFS 25 is 1.066355
Validating BFS 25
Validate time for BFS 25 is 1.886452
TEPS for BFS 25 is 120.035
Running BFS 26
Time for BFS 26 is 1.043595
Validating BFS 26
Validate time for BFS 26 is 1.872169
TEPS for BFS 26 is 122.653
Running BFS 27
Time for BFS 27 is 0.889568
Validating BFS 27
Validate time for BFS 27 is 2.456473
TEPS for BFS 27 is 143.89
Running BFS 28
Time for BFS 28 is 1.070777
Validating BFS 28
Validate time for BFS 28 is 1.887021
TEPS for BFS 28 is 119.539
Running BFS 29
Time for BFS 29 is 1.914098
Validating BFS 29
Validate time for BFS 29 is 1.837245
TEPS for BFS 29 is 66.8722
Running BFS 30
Time for BFS 30 is 2.228964
Validating BFS 30
Validate time for BFS 30 is 1.948142
TEPS for BFS 30 is 57.4258
Running BFS 31
Time for BFS 31 is 1.080102
Validating BFS 31
Validate time for BFS 31 is 1.917572
TEPS for BFS 31 is 118.507
Running BFS 32
Time for BFS 32 is 2.103443
Validating BFS 32
Validate time for BFS 32 is 1.905004
TEPS for BFS 32 is 60.8526
Running BFS 33
Time for BFS 33 is 1.025611
Validating BFS 33
Validate time for BFS 33 is 2.104009
TEPS for BFS 33 is 124.804
Running BFS 34
Time for BFS 34 is 1.067370
Validating BFS 34
Validate time for BFS 34 is 5.771845
TEPS for BFS 34 is 119.921
Running BFS 35
Time for BFS 35 is 0.936663
Validating BFS 35
Validate time for BFS 35 is 1.973220
TEPS for BFS 35 is 136.655
Running BFS 36
Time for BFS 36 is 0.959760
Validating BFS 36
Validate time for BFS 36 is 1.716871
TEPS for BFS 36 is 133.367
Running BFS 37
Time for BFS 37 is 1.020454
Validating BFS 37
Validate time for BFS 37 is 3.468080
TEPS for BFS 37 is 125.434
Running BFS 38
Time for BFS 38 is 1.090412
Validating BFS 38
Validate time for BFS 38 is 2.860557
TEPS for BFS 38 is 117.387
Running BFS 39
Time for BFS 39 is 1.021734
Validating BFS 39
Validate time for BFS 39 is 1.920346
TEPS for BFS 39 is 125.277
Running BFS 40
Time for BFS 40 is 1.087803
Validating BFS 40
Validate time for BFS 40 is 1.925385
TEPS for BFS 40 is 117.668
Running BFS 41
Time for BFS 41 is 0.974684
Validating BFS 41
Validate time for BFS 41 is 1.801906
TEPS for BFS 41 is 131.325
Running BFS 42
Time for BFS 42 is 1.972247
Validating BFS 42
Validate time for BFS 42 is 2.753384
TEPS for BFS 42 is 64.9006
Running BFS 43
Time for BFS 43 is 1.010809
Validating BFS 43
Validate time for BFS 43 is 2.181624
TEPS for BFS 43 is 126.631
Running BFS 44
Time for BFS 44 is 1.406717
Validating BFS 44
Validate time for BFS 44 is 2.606497
TEPS for BFS 44 is 90.992
Running BFS 45
Time for BFS 45 is 1.671200
Validating BFS 45
Validate time for BFS 45 is 2.294428
TEPS for BFS 45 is 76.5917
Running BFS 46
Time for BFS 46 is 1.077309
Validating BFS 46
Validate time for BFS 46 is 4.050974
TEPS for BFS 46 is 118.815
Running BFS 47
Time for BFS 47 is 1.092587
Validating BFS 47
Validate time for BFS 47 is 1.935791
TEPS for BFS 47 is 117.153
Running BFS 48
Time for BFS 48 is 1.079137
Validating BFS 48
Validate time for BFS 48 is 2.318301
TEPS for BFS 48 is 118.613
Running BFS 49
Time for BFS 49 is 1.083356
Validating BFS 49
Validate time for BFS 49 is 2.045729
TEPS for BFS 49 is 118.151
Running BFS 50
Time for BFS 50 is 1.597556
Validating BFS 50
Validate time for BFS 50 is 1.930522
TEPS for BFS 50 is 80.1224
Running BFS 51
Time for BFS 51 is 0.979772
Validating BFS 51
Validate time for BFS 51 is 4.150668
TEPS for BFS 51 is 130.643
Running BFS 52
Time for BFS 52 is 1.834410
Validating BFS 52
Validate time for BFS 52 is 2.370353
TEPS for BFS 52 is 69.7772
Running BFS 53
Time for BFS 53 is 4.374790
Validating BFS 53
Validate time for BFS 53 is 2.678137
TEPS for BFS 53 is 29.2585
Running BFS 54
Time for BFS 54 is 1.134261
Validating BFS 54
Validate time for BFS 54 is 2.884931
TEPS for BFS 54 is 112.849
Running BFS 55
Time for BFS 55 is 1.725873
Validating BFS 55
Validate time for BFS 55 is 1.981903
TEPS for BFS 55 is 74.1654
Running BFS 56
Time for BFS 56 is 1.253298
Validating BFS 56
Validate time for BFS 56 is 3.535267
TEPS for BFS 56 is 102.131
Running BFS 57
Time for BFS 57 is 1.602003
Validating BFS 57
Validate time for BFS 57 is 1.854642
TEPS for BFS 57 is 79.9
Running BFS 58
Time for BFS 58 is 1.068647
Validating BFS 58
Validate time for BFS 58 is 1.988378
TEPS for BFS 58 is 119.778
Running BFS 59
Time for BFS 59 is 1.023626
Validating BFS 59
Validate time for BFS 59 is 1.829274
TEPS for BFS 59 is 125.046
Running BFS 60
Time for BFS 60 is 1.711201
Validating BFS 60
Validate time for BFS 60 is 4.947205
TEPS for BFS 60 is 74.8013
Running BFS 61
Time for BFS 61 is 1.002018
Validating BFS 61
Validate time for BFS 61 is 1.906793
TEPS for BFS 61 is 127.742
Running BFS 62
Time for BFS 62 is 1.519751
Validating BFS 62
Validate time for BFS 62 is 1.827303
TEPS for BFS 62 is 84.2243
Running BFS 63
Time for BFS 63 is 1.133815
Validating BFS 63
Validate time for BFS 63 is 5.026406
TEPS for BFS 63 is 112.893
SCALE:                          3
edgefactor:                     16
NBFS:                           64
graph_generation:               0.681697
num_mpi_processes:              128
construction_time:              0.295941
min_time:                       0.889568
firstquartile_time:             1.0215
median_time:                    1.06538
thirdquartile_time:             1.53045
max_time:                       4.37479
mean_time:                      1.34251
stddev_time:                    0.670733
min_nedge:                      128
firstquartile_nedge:            128
median_nedge:                   128
thirdquartile_nedge:            128
max_nedge:                      128
mean_nedge:                     128
stddev_nedge:                   0
min_TEPS:                       29.2585
firstquartile_TEPS:             83.6357
median_TEPS:                    120.145
thirdquartile_TEPS:             125.306
max_TEPS:                       143.89
harmonic_mean_TEPS:             95.3435
harmonic_stddev_TEPS:           6.00139
min_validate:                   1.64262
firstquartile_validate:         1.83929
median_validate:                1.94197
thirdquartile_validate:         2.64232
max_validate:                   5.77184
mean_validate:                  2.40276
stddev_validate:                0.961523
This benchmark was run on 128 MPI Processes, Scale 3, written output_128_3.log
