graph_generation:               2.149340 s
construction_time:              0.669555 s
Running BFS 0
Time for BFS 0 is 2.831428
Validating BFS 0
Validate time for BFS 0 is 2.191752
TEPS for BFS 0 is 361.655
Running BFS 1
Time for BFS 1 is 1.098943
Validating BFS 1
Validate time for BFS 1 is 4.028041
TEPS for BFS 1 is 931.804
Running BFS 2
Time for BFS 2 is 1.064816
Validating BFS 2
Validate time for BFS 2 is 6.372221
TEPS for BFS 2 is 961.668
Running BFS 3
Time for BFS 3 is 1.193379
Validating BFS 3
Validate time for BFS 3 is 2.146626
TEPS for BFS 3 is 858.068
Running BFS 4
Time for BFS 4 is 3.148970
Validating BFS 4
Validate time for BFS 4 is 2.165629
TEPS for BFS 4 is 325.186
Running BFS 5
Time for BFS 5 is 6.438261
Validating BFS 5
Validate time for BFS 5 is 7.406950
TEPS for BFS 5 is 159.049
Running BFS 6
Time for BFS 6 is 1.161376
Validating BFS 6
Validate time for BFS 6 is 2.165380
TEPS for BFS 6 is 881.713
Running BFS 7
Time for BFS 7 is 2.956285
Validating BFS 7
Validate time for BFS 7 is 2.183744
TEPS for BFS 7 is 346.381
Running BFS 8
Time for BFS 8 is 1.158373
Validating BFS 8
Validate time for BFS 8 is 1.973256
TEPS for BFS 8 is 883.999
Running BFS 9
Time for BFS 9 is 1.701577
Validating BFS 9
Validate time for BFS 9 is 2.854986
TEPS for BFS 9 is 601.795
Running BFS 10
Time for BFS 10 is 1.073764
Validating BFS 10
Validate time for BFS 10 is 1.848394
TEPS for BFS 10 is 953.655
Running BFS 11
Time for BFS 11 is 1.364040
Validating BFS 11
Validate time for BFS 11 is 2.256515
TEPS for BFS 11 is 750.711
Running BFS 12
Time for BFS 12 is 1.216810
Validating BFS 12
Validate time for BFS 12 is 2.062086
TEPS for BFS 12 is 841.545
Running BFS 13
Time for BFS 13 is 1.171288
Validating BFS 13
Validate time for BFS 13 is 2.033892
TEPS for BFS 13 is 874.251
Running BFS 14
Time for BFS 14 is 1.187032
Validating BFS 14
Validate time for BFS 14 is 2.510550
TEPS for BFS 14 is 862.656
Running BFS 15
Time for BFS 15 is 1.195979
Validating BFS 15
Validate time for BFS 15 is 2.130084
TEPS for BFS 15 is 856.202
Running BFS 16
Time for BFS 16 is 1.163042
Validating BFS 16
Validate time for BFS 16 is 2.309872
TEPS for BFS 16 is 880.45
Running BFS 17
Time for BFS 17 is 1.037033
Validating BFS 17
Validate time for BFS 17 is 2.115036
TEPS for BFS 17 is 987.432
Running BFS 18
Time for BFS 18 is 1.519624
Validating BFS 18
Validate time for BFS 18 is 2.307127
TEPS for BFS 18 is 673.851
Running BFS 19
Time for BFS 19 is 1.157309
Validating BFS 19
Validate time for BFS 19 is 2.075529
TEPS for BFS 19 is 884.811
Running BFS 20
Time for BFS 20 is 1.170987
Validating BFS 20
Validate time for BFS 20 is 4.343419
TEPS for BFS 20 is 874.476
Running BFS 21
Time for BFS 21 is 1.182527
Validating BFS 21
Validate time for BFS 21 is 2.122556
TEPS for BFS 21 is 865.942
Running BFS 22
Time for BFS 22 is 1.292994
Validating BFS 22
Validate time for BFS 22 is 2.068821
TEPS for BFS 22 is 791.96
Running BFS 23
Time for BFS 23 is 1.185180
Validating BFS 23
Validate time for BFS 23 is 2.165403
TEPS for BFS 23 is 864.004
Running BFS 24
Time for BFS 24 is 1.219689
Validating BFS 24
Validate time for BFS 24 is 2.178623
TEPS for BFS 24 is 839.558
Running BFS 25
Time for BFS 25 is 1.154280
Validating BFS 25
Validate time for BFS 25 is 2.125769
TEPS for BFS 25 is 887.133
Running BFS 26
Time for BFS 26 is 1.177114
Validating BFS 26
Validate time for BFS 26 is 2.415698
TEPS for BFS 26 is 869.924
Running BFS 27
Time for BFS 27 is 1.303697
Validating BFS 27
Validate time for BFS 27 is 6.705287
TEPS for BFS 27 is 785.459
Running BFS 28
Time for BFS 28 is 1.564598
Validating BFS 28
Validate time for BFS 28 is 2.329289
TEPS for BFS 28 is 654.481
Running BFS 29
Time for BFS 29 is 1.084699
Validating BFS 29
Validate time for BFS 29 is 1.945634
TEPS for BFS 29 is 944.041
Running BFS 30
Time for BFS 30 is 1.234430
Validating BFS 30
Validate time for BFS 30 is 4.497090
TEPS for BFS 30 is 829.533
Running BFS 31
Time for BFS 31 is 1.251735
Validating BFS 31
Validate time for BFS 31 is 2.358257
TEPS for BFS 31 is 818.065
Running BFS 32
Time for BFS 32 is 1.246254
Validating BFS 32
Validate time for BFS 32 is 2.134935
TEPS for BFS 32 is 821.662
Running BFS 33
Time for BFS 33 is 1.264738
Validating BFS 33
Validate time for BFS 33 is 2.456045
TEPS for BFS 33 is 809.654
Running BFS 34
Time for BFS 34 is 1.381505
Validating BFS 34
Validate time for BFS 34 is 2.279162
TEPS for BFS 34 is 741.221
Running BFS 35
Time for BFS 35 is 2.843626
Validating BFS 35
Validate time for BFS 35 is 2.197996
TEPS for BFS 35 is 360.104
Running BFS 36
Time for BFS 36 is 1.246878
Validating BFS 36
Validate time for BFS 36 is 4.676665
TEPS for BFS 36 is 821.251
Running BFS 37
Time for BFS 37 is 1.941810
Validating BFS 37
Validate time for BFS 37 is 2.249259
TEPS for BFS 37 is 527.343
Running BFS 38
Time for BFS 38 is 1.252560
Validating BFS 38
Validate time for BFS 38 is 2.261906
TEPS for BFS 38 is 817.526
Running BFS 39
Time for BFS 39 is 1.474886
Validating BFS 39
Validate time for BFS 39 is 2.236692
TEPS for BFS 39 is 694.291
Running BFS 40
Time for BFS 40 is 1.201347
Validating BFS 40
Validate time for BFS 40 is 2.254112
TEPS for BFS 40 is 852.377
Running BFS 41
Time for BFS 41 is 1.245363
Validating BFS 41
Validate time for BFS 41 is 2.314321
TEPS for BFS 41 is 822.25
Running BFS 42
Time for BFS 42 is 1.238273
Validating BFS 42
Validate time for BFS 42 is 2.241540
TEPS for BFS 42 is 826.958
Running BFS 43
Time for BFS 43 is 1.201415
Validating BFS 43
Validate time for BFS 43 is 3.195832
TEPS for BFS 43 is 852.328
Running BFS 44
Time for BFS 44 is 1.917787
Validating BFS 44
Validate time for BFS 44 is 2.719755
TEPS for BFS 44 is 533.949
Running BFS 45
Time for BFS 45 is 1.249068
Validating BFS 45
Validate time for BFS 45 is 2.510310
TEPS for BFS 45 is 819.811
Running BFS 46
Time for BFS 46 is 1.122175
Validating BFS 46
Validate time for BFS 46 is 2.152366
TEPS for BFS 46 is 912.514
Running BFS 47
Time for BFS 47 is 1.274702
Validating BFS 47
Validate time for BFS 47 is 3.700939
TEPS for BFS 47 is 803.325
Running BFS 48
Time for BFS 48 is 1.288989
Validating BFS 48
Validate time for BFS 48 is 2.439714
TEPS for BFS 48 is 794.421
Running BFS 49
Time for BFS 49 is 1.335768
Validating BFS 49
Validate time for BFS 49 is 4.364729
TEPS for BFS 49 is 766.6
Running BFS 50
Time for BFS 50 is 1.293661
Validating BFS 50
Validate time for BFS 50 is 2.763177
TEPS for BFS 50 is 791.552
Running BFS 51
Time for BFS 51 is 1.854878
Validating BFS 51
Validate time for BFS 51 is 2.684913
TEPS for BFS 51 is 552.058
Running BFS 52
Time for BFS 52 is 1.349495
Validating BFS 52
Validate time for BFS 52 is 2.748103
TEPS for BFS 52 is 758.802
Running BFS 53
Time for BFS 53 is 1.277046
Validating BFS 53
Validate time for BFS 53 is 2.442770
TEPS for BFS 53 is 801.851
Running BFS 54
Time for BFS 54 is 1.129148
Validating BFS 54
Validate time for BFS 54 is 3.676982
TEPS for BFS 54 is 906.878
Running BFS 55
Time for BFS 55 is 1.275766
Validating BFS 55
Validate time for BFS 55 is 2.447276
TEPS for BFS 55 is 802.655
Running BFS 56
Time for BFS 56 is 1.242056
Validating BFS 56
Validate time for BFS 56 is 2.421013
TEPS for BFS 56 is 824.44
Running BFS 57
Time for BFS 57 is 1.832637
Validating BFS 57
Validate time for BFS 57 is 8.128363
TEPS for BFS 57 is 558.758
Running BFS 58
Time for BFS 58 is 1.271532
Validating BFS 58
Validate time for BFS 58 is 3.411397
TEPS for BFS 58 is 805.328
Running BFS 59
Time for BFS 59 is 5.314338
Validating BFS 59
Validate time for BFS 59 is 3.158779
TEPS for BFS 59 is 192.686
Running BFS 60
Time for BFS 60 is 1.324942
Validating BFS 60
Validate time for BFS 60 is 2.528773
TEPS for BFS 60 is 772.864
Running BFS 61
Time for BFS 61 is 6.066168
Validating BFS 61
Validate time for BFS 61 is 7.887249
TEPS for BFS 61 is 168.805
Running BFS 62
Time for BFS 62 is 1.244796
Validating BFS 62
Validate time for BFS 62 is 2.582194
TEPS for BFS 62 is 822.625
Running BFS 63
Time for BFS 63 is 1.143875
Validating BFS 63
Validate time for BFS 63 is 2.419005
TEPS for BFS 63 is 895.203
SCALE:                          6
edgefactor:                     16
NBFS:                           64
graph_generation:               2.14934
num_mpi_processes:              128
construction_time:              0.669555
min_time:                       1.03703
firstquartile_time:             1.17982
median_time:                    1.24797
thirdquartile_time:             1.37277
max_time:                       6.43826
mean_time:                      1.60951
stddev_time:                    1.07147
min_nedge:                      1024
firstquartile_nedge:            1024
median_nedge:                   1024
thirdquartile_nedge:            1024
max_nedge:                      1024
mean_nedge:                     1024
stddev_nedge:                   0
min_TEPS:                       159.049
firstquartile_TEPS:             745.936
median_TEPS:                    820.531
thirdquartile_TEPS:             867.929
max_TEPS:                       987.432
harmonic_mean_TEPS:             636.218
harmonic_stddev_TEPS:           53.3607
min_validate:                   1.84839
firstquartile_validate:         2.16552
median_validate:                2.34377
thirdquartile_validate:         2.80908
max_validate:                   8.12836
mean_validate:                  2.93875
stddev_validate:                1.44786
This benchmark was run on 128 MPI Processes, Scale 6, written output_128_6.log
