graph_generation:               2.835503 s
construction_time:              0.214980 s
Running BFS 0
Time for BFS 0 is 1.160004
Validating BFS 0
Validate time for BFS 0 is 1.490136
TEPS for BFS 0 is 441.378
Running BFS 1
Time for BFS 1 is 1.600245
Validating BFS 1
Validate time for BFS 1 is 1.981828
TEPS for BFS 1 is 319.951
Running BFS 2
Time for BFS 2 is 1.085169
Validating BFS 2
Validate time for BFS 2 is 1.634158
TEPS for BFS 2 is 471.816
Running BFS 3
Time for BFS 3 is 1.099312
Validating BFS 3
Validate time for BFS 3 is 1.506010
TEPS for BFS 3 is 465.746
Running BFS 4
Time for BFS 4 is 1.010851
Validating BFS 4
Validate time for BFS 4 is 1.408753
TEPS for BFS 4 is 506.504
Running BFS 5
Time for BFS 5 is 1.169415
Validating BFS 5
Validate time for BFS 5 is 5.149602
TEPS for BFS 5 is 437.826
Running BFS 6
Time for BFS 6 is 0.969958
Validating BFS 6
Validate time for BFS 6 is 1.386666
TEPS for BFS 6 is 527.858
Running BFS 7
Time for BFS 7 is 1.060283
Validating BFS 7
Validate time for BFS 7 is 1.500706
TEPS for BFS 7 is 482.89
Running BFS 8
Time for BFS 8 is 12.110305
Validating BFS 8
Validate time for BFS 8 is 1.404576
TEPS for BFS 8 is 42.278
Running BFS 9
Time for BFS 9 is 0.999080
Validating BFS 9
Validate time for BFS 9 is 1.462533
TEPS for BFS 9 is 512.472
Running BFS 10
Time for BFS 10 is 1.094425
Validating BFS 10
Validate time for BFS 10 is 1.558626
TEPS for BFS 10 is 467.826
Running BFS 11
Time for BFS 11 is 1.139553
Validating BFS 11
Validate time for BFS 11 is 1.368494
TEPS for BFS 11 is 449.299
Running BFS 12
Time for BFS 12 is 1.005712
Validating BFS 12
Validate time for BFS 12 is 1.378333
TEPS for BFS 12 is 509.092
Running BFS 13
Time for BFS 13 is 1.118568
Validating BFS 13
Validate time for BFS 13 is 1.500715
TEPS for BFS 13 is 457.728
Running BFS 14
Time for BFS 14 is 1.053789
Validating BFS 14
Validate time for BFS 14 is 1.533950
TEPS for BFS 14 is 485.866
Running BFS 15
Time for BFS 15 is 1.009705
Validating BFS 15
Validate time for BFS 15 is 1.364958
TEPS for BFS 15 is 507.079
Running BFS 16
Time for BFS 16 is 1.102615
Validating BFS 16
Validate time for BFS 16 is 1.542670
TEPS for BFS 16 is 464.351
Running BFS 17
Time for BFS 17 is 1.106283
Validating BFS 17
Validate time for BFS 17 is 1.595080
TEPS for BFS 17 is 462.811
Running BFS 18
Time for BFS 18 is 1.040031
Validating BFS 18
Validate time for BFS 18 is 1.442181
TEPS for BFS 18 is 492.293
Running BFS 19
Time for BFS 19 is 2.242038
Validating BFS 19
Validate time for BFS 19 is 2.223553
TEPS for BFS 19 is 228.364
Running BFS 20
Time for BFS 20 is 1.069994
Validating BFS 20
Validate time for BFS 20 is 1.552207
TEPS for BFS 20 is 478.507
Running BFS 21
Time for BFS 21 is 1.012342
Validating BFS 21
Validate time for BFS 21 is 1.409000
TEPS for BFS 21 is 505.758
Running BFS 22
Time for BFS 22 is 1.140099
Validating BFS 22
Validate time for BFS 22 is 2.144723
TEPS for BFS 22 is 449.084
Running BFS 23
Time for BFS 23 is 1.069527
Validating BFS 23
Validate time for BFS 23 is 1.639726
TEPS for BFS 23 is 478.716
Running BFS 24
Time for BFS 24 is 8.216169
Validating BFS 24
Validate time for BFS 24 is 4.574754
TEPS for BFS 24 is 62.3161
Running BFS 25
Time for BFS 25 is 1.623592
Validating BFS 25
Validate time for BFS 25 is 1.655189
TEPS for BFS 25 is 315.35
Running BFS 26
Time for BFS 26 is 1.203493
Validating BFS 26
Validate time for BFS 26 is 1.396339
TEPS for BFS 26 is 425.428
Running BFS 27
Time for BFS 27 is 3.367354
Validating BFS 27
Validate time for BFS 27 is 1.440457
TEPS for BFS 27 is 152.048
Running BFS 28
Time for BFS 28 is 1.053958
Validating BFS 28
Validate time for BFS 28 is 1.381598
TEPS for BFS 28 is 485.788
Running BFS 29
Time for BFS 29 is 1.220807
Validating BFS 29
Validate time for BFS 29 is 1.423667
TEPS for BFS 29 is 419.395
Running BFS 30
Time for BFS 30 is 1.120475
Validating BFS 30
Validate time for BFS 30 is 1.523320
TEPS for BFS 30 is 456.949
Running BFS 31
Time for BFS 31 is 1.010499
Validating BFS 31
Validate time for BFS 31 is 1.410486
TEPS for BFS 31 is 506.68
Running BFS 32
Time for BFS 32 is 1.750557
Validating BFS 32
Validate time for BFS 32 is 3.042603
TEPS for BFS 32 is 292.478
Running BFS 33
Time for BFS 33 is 1.045248
Validating BFS 33
Validate time for BFS 33 is 1.231076
TEPS for BFS 33 is 0
Running BFS 34
Time for BFS 34 is 2.608681
Validating BFS 34
Validate time for BFS 34 is 1.431747
TEPS for BFS 34 is 196.268
Running BFS 35
Time for BFS 35 is 1.059900
Validating BFS 35
Validate time for BFS 35 is 1.519196
TEPS for BFS 35 is 483.064
Running BFS 36
Time for BFS 36 is 0.980181
Validating BFS 36
Validate time for BFS 36 is 1.459631
TEPS for BFS 36 is 522.353
Running BFS 37
Time for BFS 37 is 2.600881
Validating BFS 37
Validate time for BFS 37 is 1.689138
TEPS for BFS 37 is 196.856
Running BFS 38
Time for BFS 38 is 1.807394
Validating BFS 38
Validate time for BFS 38 is 1.784020
TEPS for BFS 38 is 283.281
Running BFS 39
Time for BFS 39 is 1.901759
Validating BFS 39
Validate time for BFS 39 is 1.635786
TEPS for BFS 39 is 269.224
Running BFS 40
Time for BFS 40 is 1.100533
Validating BFS 40
Validate time for BFS 40 is 1.562381
TEPS for BFS 40 is 465.229
Running BFS 41
Time for BFS 41 is 0.969973
Validating BFS 41
Validate time for BFS 41 is 1.477801
TEPS for BFS 41 is 527.85
Running BFS 42
Time for BFS 42 is 1.110794
Validating BFS 42
Validate time for BFS 42 is 1.598808
TEPS for BFS 42 is 460.932
Running BFS 43
Time for BFS 43 is 1.010129
Validating BFS 43
Validate time for BFS 43 is 2.078987
TEPS for BFS 43 is 506.866
Running BFS 44
Time for BFS 44 is 1.280334
Validating BFS 44
Validate time for BFS 44 is 1.563008
TEPS for BFS 44 is 399.896
Running BFS 45
Time for BFS 45 is 3.110753
Validating BFS 45
Validate time for BFS 45 is 1.638279
TEPS for BFS 45 is 164.59
Running BFS 46
Time for BFS 46 is 1.068436
Validating BFS 46
Validate time for BFS 46 is 1.603391
TEPS for BFS 46 is 479.205
Running BFS 47
Time for BFS 47 is 1.110079
Validating BFS 47
Validate time for BFS 47 is 1.572588
TEPS for BFS 47 is 461.228
Running BFS 48
Time for BFS 48 is 0.698338
Validating BFS 48
Validate time for BFS 48 is 1.202032
TEPS for BFS 48 is 0
Running BFS 49
Time for BFS 49 is 1.130096
Validating BFS 49
Validate time for BFS 49 is 1.649055
TEPS for BFS 49 is 453.059
Running BFS 50
Time for BFS 50 is 1.006199
Validating BFS 50
Validate time for BFS 50 is 1.485963
TEPS for BFS 50 is 508.846
Running BFS 51
Time for BFS 51 is 1.000320
Validating BFS 51
Validate time for BFS 51 is 1.513697
TEPS for BFS 51 is 511.836
Running BFS 52
Time for BFS 52 is 0.990360
Validating BFS 52
Validate time for BFS 52 is 1.518877
TEPS for BFS 52 is 516.984
Running BFS 53
Time for BFS 53 is 0.660739
Validating BFS 53
Validate time for BFS 53 is 1.292084
TEPS for BFS 53 is 0
Running BFS 54
Time for BFS 54 is 0.651223
Validating BFS 54
Validate time for BFS 54 is 1.414198
TEPS for BFS 54 is 0
Running BFS 55
Time for BFS 55 is 1.030446
Validating BFS 55
Validate time for BFS 55 is 1.479720
TEPS for BFS 55 is 496.872
Running BFS 56
Time for BFS 56 is 1.622809
Validating BFS 56
Validate time for BFS 56 is 1.496864
TEPS for BFS 56 is 315.502
Running BFS 57
Time for BFS 57 is 4.054657
Validating BFS 57
Validate time for BFS 57 is 2.278958
TEPS for BFS 57 is 126.275
Running BFS 58
Time for BFS 58 is 1.029975
Validating BFS 58
Validate time for BFS 58 is 1.514563
TEPS for BFS 58 is 497.099
Running BFS 59
Time for BFS 59 is 1.019561
Validating BFS 59
Validate time for BFS 59 is 3.063089
TEPS for BFS 59 is 502.177
Running BFS 60
Time for BFS 60 is 1.118291
Validating BFS 60
Validate time for BFS 60 is 1.728689
TEPS for BFS 60 is 457.841
Running BFS 61
Time for BFS 61 is 1.042895
Validating BFS 61
Validate time for BFS 61 is 2.092999
TEPS for BFS 61 is 490.941
Running BFS 62
Time for BFS 62 is 1.118942
Validating BFS 62
Validate time for BFS 62 is 1.665846
TEPS for BFS 62 is 457.575
Running BFS 63
Time for BFS 63 is 1.180514
Validating BFS 63
Validate time for BFS 63 is 1.612504
TEPS for BFS 63 is 433.709
SCALE:                          5
edgefactor:                     16
NBFS:                           64
graph_generation:               2.8355
num_mpi_processes:              64
construction_time:              0.21498
min_time:                       0.651223
firstquartile_time:             1.01595
median_time:                    1.09992
thirdquartile_time:             1.21215
max_time:                       12.1103
mean_time:                      1.58057
stddev_time:                    1.70901
min_nedge:                      0
firstquartile_nedge:            512
median_nedge:                   512
thirdquartile_nedge:            512
max_nedge:                      512
mean_nedge:                     480
stddev_nedge:                   124.91520934
min_TEPS:                       0
firstquartile_TEPS:             315.426
median_TEPS:                    461.08
thirdquartile_TEPS:             494.572
max_TEPS:                       527.858
harmonic_mean_TEPS:             0
harmonic_stddev_TEPS:           nan
min_validate:                   1.20203
firstquartile_validate:         1.4361
median_validate:                1.52126
thirdquartile_validate:         1.64439
max_validate:                   5.1496
mean_validate:                  1.71692
stddev_validate:                0.66415
This benchmark was run on 64 MPI Processes, Scale 5, written output_64_5.log
