graph_generation:               0.424505 s
construction_time:              0.175899 s
Running BFS 0
Time for BFS 0 is 0.762222
Validating BFS 0
Validate time for BFS 0 is 1.059997
TEPS for BFS 0 is 41.9825
Running BFS 1
Time for BFS 1 is 0.830462
Validating BFS 1
Validate time for BFS 1 is 1.053650
TEPS for BFS 1 is 38.5328
Running BFS 2
Time for BFS 2 is 0.793079
Validating BFS 2
Validate time for BFS 2 is 1.057926
TEPS for BFS 2 is 40.3491
Running BFS 3
Time for BFS 3 is 0.789831
Validating BFS 3
Validate time for BFS 3 is 1.110863
TEPS for BFS 3 is 40.515
Running BFS 4
Time for BFS 4 is 0.899963
Validating BFS 4
Validate time for BFS 4 is 1.113878
TEPS for BFS 4 is 35.557
Running BFS 5
Time for BFS 5 is 0.850060
Validating BFS 5
Validate time for BFS 5 is 1.093468
TEPS for BFS 5 is 37.6444
Running BFS 6
Time for BFS 6 is 0.779950
Validating BFS 6
Validate time for BFS 6 is 1.099650
TEPS for BFS 6 is 41.0283
Running BFS 7
Time for BFS 7 is 0.790080
Validating BFS 7
Validate time for BFS 7 is 1.083224
TEPS for BFS 7 is 40.5022
Running BFS 8
Time for BFS 8 is 0.750035
Validating BFS 8
Validate time for BFS 8 is 1.073484
TEPS for BFS 8 is 42.6647
Running BFS 9
Time for BFS 9 is 0.769998
Validating BFS 9
Validate time for BFS 9 is 1.103669
TEPS for BFS 9 is 41.5586
Running BFS 10
Time for BFS 10 is 0.849990
Validating BFS 10
Validate time for BFS 10 is 1.073364
TEPS for BFS 10 is 37.6475
Running BFS 11
Time for BFS 11 is 0.809964
Validating BFS 11
Validate time for BFS 11 is 1.041301
TEPS for BFS 11 is 39.5079
Running BFS 12
Time for BFS 12 is 0.820007
Validating BFS 12
Validate time for BFS 12 is 1.013132
TEPS for BFS 12 is 39.0241
Running BFS 13
Time for BFS 13 is 0.729984
Validating BFS 13
Validate time for BFS 13 is 1.052583
TEPS for BFS 13 is 43.8366
Running BFS 14
Time for BFS 14 is 0.830032
Validating BFS 14
Validate time for BFS 14 is 1.122914
TEPS for BFS 14 is 38.5527
Running BFS 15
Time for BFS 15 is 0.800180
Validating BFS 15
Validate time for BFS 15 is 1.103459
TEPS for BFS 15 is 39.991
Running BFS 16
Time for BFS 16 is 0.840074
Validating BFS 16
Validate time for BFS 16 is 1.113294
TEPS for BFS 16 is 38.0919
Running BFS 17
Time for BFS 17 is 0.820078
Validating BFS 17
Validate time for BFS 17 is 1.083176
TEPS for BFS 17 is 39.0207
Running BFS 18
Time for BFS 18 is 0.770046
Validating BFS 18
Validate time for BFS 18 is 1.052637
TEPS for BFS 18 is 41.556
Running BFS 19
Time for BFS 19 is 0.739952
Validating BFS 19
Validate time for BFS 19 is 1.067581
TEPS for BFS 19 is 43.2461
Running BFS 20
Time for BFS 20 is 0.729792
Validating BFS 20
Validate time for BFS 20 is 1.093828
TEPS for BFS 20 is 43.8481
Running BFS 21
Time for BFS 21 is 0.829953
Validating BFS 21
Validate time for BFS 21 is 1.123303
TEPS for BFS 21 is 38.5564
Running BFS 22
Time for BFS 22 is 0.749925
Validating BFS 22
Validate time for BFS 22 is 1.063193
TEPS for BFS 22 is 42.6709
Running BFS 23
Time for BFS 23 is 0.800139
Validating BFS 23
Validate time for BFS 23 is 1.053862
TEPS for BFS 23 is 39.9931
Running BFS 24
Time for BFS 24 is 0.800041
Validating BFS 24
Validate time for BFS 24 is 1.103182
TEPS for BFS 24 is 39.998
Running BFS 25
Time for BFS 25 is 0.870060
Validating BFS 25
Validate time for BFS 25 is 1.053347
TEPS for BFS 25 is 36.7791
Running BFS 26
Time for BFS 26 is 0.760028
Validating BFS 26
Validate time for BFS 26 is 1.112945
TEPS for BFS 26 is 42.1037
Running BFS 27
Time for BFS 27 is 0.819955
Validating BFS 27
Validate time for BFS 27 is 1.138945
TEPS for BFS 27 is 39.0265
Running BFS 28
Time for BFS 28 is 0.799952
Validating BFS 28
Validate time for BFS 28 is 1.073501
TEPS for BFS 28 is 40.0024
Running BFS 29
Time for BFS 29 is 0.830029
Validating BFS 29
Validate time for BFS 29 is 1.103313
TEPS for BFS 29 is 38.5529
Running BFS 30
Time for BFS 30 is 0.819979
Validating BFS 30
Validate time for BFS 30 is 1.133603
TEPS for BFS 30 is 39.0254
Running BFS 31
Time for BFS 31 is 0.840170
Validating BFS 31
Validate time for BFS 31 is 1.093496
TEPS for BFS 31 is 38.0875
Running BFS 32
Time for BFS 32 is 0.760034
Validating BFS 32
Validate time for BFS 32 is 1.073662
TEPS for BFS 32 is 42.1034
Running BFS 33
Time for BFS 33 is 0.790042
Validating BFS 33
Validate time for BFS 33 is 1.109109
TEPS for BFS 33 is 40.5042
Running BFS 34
Time for BFS 34 is 0.810033
Validating BFS 34
Validate time for BFS 34 is 1.132655
TEPS for BFS 34 is 39.5046
Running BFS 35
Time for BFS 35 is 0.779920
Validating BFS 35
Validate time for BFS 35 is 1.073112
TEPS for BFS 35 is 41.0298
Running BFS 36
Time for BFS 36 is 0.830147
Validating BFS 36
Validate time for BFS 36 is 1.093199
TEPS for BFS 36 is 38.5474
Running BFS 37
Time for BFS 37 is 0.829988
Validating BFS 37
Validate time for BFS 37 is 1.073095
TEPS for BFS 37 is 38.5548
Running BFS 38
Time for BFS 38 is 0.820052
Validating BFS 38
Validate time for BFS 38 is 1.162751
TEPS for BFS 38 is 39.0219
Running BFS 39
Time for BFS 39 is 0.750112
Validating BFS 39
Validate time for BFS 39 is 1.133589
TEPS for BFS 39 is 42.6603
Running BFS 40
Time for BFS 40 is 0.769963
Validating BFS 40
Validate time for BFS 40 is 1.113272
TEPS for BFS 40 is 41.5604
Running BFS 41
Time for BFS 41 is 0.829944
Validating BFS 41
Validate time for BFS 41 is 1.162931
TEPS for BFS 41 is 38.5568
Running BFS 42
Time for BFS 42 is 0.829989
Validating BFS 42
Validate time for BFS 42 is 1.073348
TEPS for BFS 42 is 38.5547
Running BFS 43
Time for BFS 43 is 0.819859
Validating BFS 43
Validate time for BFS 43 is 1.188801
TEPS for BFS 43 is 39.0311
Running BFS 44
Time for BFS 44 is 0.810080
Validating BFS 44
Validate time for BFS 44 is 1.143521
TEPS for BFS 44 is 39.5023
Running BFS 45
Time for BFS 45 is 0.830007
Validating BFS 45
Validate time for BFS 45 is 1.152850
TEPS for BFS 45 is 38.5539
Running BFS 46
Time for BFS 46 is 0.859886
Validating BFS 46
Validate time for BFS 46 is 1.133572
TEPS for BFS 46 is 37.2142
Running BFS 47
Time for BFS 47 is 0.819958
Validating BFS 47
Validate time for BFS 47 is 1.143546
TEPS for BFS 47 is 39.0264
Running BFS 48
Time for BFS 48 is 0.900020
Validating BFS 48
Validate time for BFS 48 is 1.132976
TEPS for BFS 48 is 35.5548
Running BFS 49
Time for BFS 49 is 0.810132
Validating BFS 49
Validate time for BFS 49 is 1.122925
TEPS for BFS 49 is 39.4997
Running BFS 50
Time for BFS 50 is 0.810036
Validating BFS 50
Validate time for BFS 50 is 1.101120
TEPS for BFS 50 is 39.5044
Running BFS 51
Time for BFS 51 is 0.799897
Validating BFS 51
Validate time for BFS 51 is 1.120790
TEPS for BFS 51 is 40.0052
Running BFS 52
Time for BFS 52 is 0.780618
Validating BFS 52
Validate time for BFS 52 is 1.058647
TEPS for BFS 52 is 40.9932
Running BFS 53
Time for BFS 53 is 0.911510
Validating BFS 53
Validate time for BFS 53 is 1.088229
TEPS for BFS 53 is 35.1066
Running BFS 54
Time for BFS 54 is 0.900260
Validating BFS 54
Validate time for BFS 54 is 1.145358
TEPS for BFS 54 is 35.5453
Running BFS 55
Time for BFS 55 is 0.850070
Validating BFS 55
Validate time for BFS 55 is 1.092008
TEPS for BFS 55 is 37.644
Running BFS 56
Time for BFS 56 is 0.830095
Validating BFS 56
Validate time for BFS 56 is 1.123194
TEPS for BFS 56 is 38.5498
Running BFS 57
Time for BFS 57 is 0.870206
Validating BFS 57
Validate time for BFS 57 is 1.143754
TEPS for BFS 57 is 36.7729
Running BFS 58
Time for BFS 58 is 0.840108
Validating BFS 58
Validate time for BFS 58 is 1.148544
TEPS for BFS 58 is 38.0903
Running BFS 59
Time for BFS 59 is 0.900284
Validating BFS 59
Validate time for BFS 59 is 1.158694
TEPS for BFS 59 is 35.5443
Running BFS 60
Time for BFS 60 is 0.860117
Validating BFS 60
Validate time for BFS 60 is 1.189633
TEPS for BFS 60 is 37.2042
Running BFS 61
Time for BFS 61 is 0.780170
Validating BFS 61
Validate time for BFS 61 is 1.123660
TEPS for BFS 61 is 41.0167
Running BFS 62
Time for BFS 62 is 0.730085
Validating BFS 62
Validate time for BFS 62 is 1.142951
TEPS for BFS 62 is 43.8305
Running BFS 63
Time for BFS 63 is 0.730116
Validating BFS 63
Validate time for BFS 63 is 1.053519
TEPS for BFS 63 is 43.8286
SCALE:                          1
edgefactor:                     16
NBFS:                           64
graph_generation:               0.424505
num_mpi_processes:              32
construction_time:              0.175899
min_time:                       0.729792
firstquartile_time:             0.78006
median_time:                    0.814995
thirdquartile_time:             0.830305
max_time:                       0.91151
mean_time:                      0.811246
stddev_time:                    0.0447408
min_nedge:                      32
firstquartile_nedge:            32
median_nedge:                   32
thirdquartile_nedge:            32
max_nedge:                      32
mean_nedge:                     32
stddev_nedge:                   0
min_TEPS:                       35.1066
firstquartile_TEPS:             38.5401
median_TEPS:                    39.264
thirdquartile_TEPS:             41.0225
max_TEPS:                       43.8481
harmonic_mean_TEPS:             39.4455
harmonic_stddev_TEPS:           0.274081
min_validate:                   1.01313
firstquartile_validate:         1.07336
median_validate:                1.10339
thirdquartile_validate:         1.13327
max_validate:                   1.18963
mean_validate:                  1.10357
stddev_validate:                0.0377602
This benchmark was run on 32 MPI Processes, Scale 1, written output_32_1.log
