graph_generation:               2.985554 s
construction_time:              0.222434 s
Running BFS 0
Time for BFS 0 is 2.237647
Validating BFS 0
Validate time for BFS 0 is 2.996806
TEPS for BFS 0 is 457.624
Running BFS 1
Time for BFS 1 is 0.971095
Validating BFS 1
Validate time for BFS 1 is 1.573057
TEPS for BFS 1 is 1054.48
Running BFS 2
Time for BFS 2 is 0.995626
Validating BFS 2
Validate time for BFS 2 is 2.237796
TEPS for BFS 2 is 1028.5
Running BFS 3
Time for BFS 3 is 1.104888
Validating BFS 3
Validate time for BFS 3 is 1.732464
TEPS for BFS 3 is 926.791
Running BFS 4
Time for BFS 4 is 1.150265
Validating BFS 4
Validate time for BFS 4 is 1.674675
TEPS for BFS 4 is 890.23
Running BFS 5
Time for BFS 5 is 1.072756
Validating BFS 5
Validate time for BFS 5 is 1.547299
TEPS for BFS 5 is 954.551
Running BFS 6
Time for BFS 6 is 2.000120
Validating BFS 6
Validate time for BFS 6 is 1.579600
TEPS for BFS 6 is 511.969
Running BFS 7
Time for BFS 7 is 1.079506
Validating BFS 7
Validate time for BFS 7 is 1.556679
TEPS for BFS 7 is 948.582
Running BFS 8
Time for BFS 8 is 1.100735
Validating BFS 8
Validate time for BFS 8 is 4.649893
TEPS for BFS 8 is 930.288
Running BFS 9
Time for BFS 9 is 1.790106
Validating BFS 9
Validate time for BFS 9 is 10.660381
TEPS for BFS 9 is 572.033
Running BFS 10
Time for BFS 10 is 0.985167
Validating BFS 10
Validate time for BFS 10 is 1.556644
TEPS for BFS 10 is 1039.42
Running BFS 11
Time for BFS 11 is 1.264354
Validating BFS 11
Validate time for BFS 11 is 1.687517
TEPS for BFS 11 is 809.9
Running BFS 12
Time for BFS 12 is 1.290461
Validating BFS 12
Validate time for BFS 12 is 6.026086
TEPS for BFS 12 is 793.515
Running BFS 13
Time for BFS 13 is 1.167596
Validating BFS 13
Validate time for BFS 13 is 1.570135
TEPS for BFS 13 is 877.016
Running BFS 14
Time for BFS 14 is 1.100307
Validating BFS 14
Validate time for BFS 14 is 2.916226
TEPS for BFS 14 is 930.649
Running BFS 15
Time for BFS 15 is 2.572521
Validating BFS 15
Validate time for BFS 15 is 1.572281
TEPS for BFS 15 is 398.053
Running BFS 16
Time for BFS 16 is 1.112850
Validating BFS 16
Validate time for BFS 16 is 1.608033
TEPS for BFS 16 is 920.16
Running BFS 17
Time for BFS 17 is 1.050437
Validating BFS 17
Validate time for BFS 17 is 1.503119
TEPS for BFS 17 is 974.832
Running BFS 18
Time for BFS 18 is 1.128556
Validating BFS 18
Validate time for BFS 18 is 1.663656
TEPS for BFS 18 is 907.354
Running BFS 19
Time for BFS 19 is 1.350364
Validating BFS 19
Validate time for BFS 19 is 1.593533
TEPS for BFS 19 is 758.314
Running BFS 20
Time for BFS 20 is 1.102683
Validating BFS 20
Validate time for BFS 20 is 1.640715
TEPS for BFS 20 is 928.644
Running BFS 21
Time for BFS 21 is 1.145899
Validating BFS 21
Validate time for BFS 21 is 1.697436
TEPS for BFS 21 is 893.621
Running BFS 22
Time for BFS 22 is 1.081810
Validating BFS 22
Validate time for BFS 22 is 2.142865
TEPS for BFS 22 is 946.562
Running BFS 23
Time for BFS 23 is 1.120842
Validating BFS 23
Validate time for BFS 23 is 1.572064
TEPS for BFS 23 is 913.599
Running BFS 24
Time for BFS 24 is 1.185106
Validating BFS 24
Validate time for BFS 24 is 1.779235
TEPS for BFS 24 is 864.058
Running BFS 25
Time for BFS 25 is 1.132918
Validating BFS 25
Validate time for BFS 25 is 1.600981
TEPS for BFS 25 is 903.861
Running BFS 26
Time for BFS 26 is 2.560639
Validating BFS 26
Validate time for BFS 26 is 1.668580
TEPS for BFS 26 is 399.9
Running BFS 27
Time for BFS 27 is 1.112589
Validating BFS 27
Validate time for BFS 27 is 1.821943
TEPS for BFS 27 is 920.376
Running BFS 28
Time for BFS 28 is 1.096848
Validating BFS 28
Validate time for BFS 28 is 1.609334
TEPS for BFS 28 is 933.584
Running BFS 29
Time for BFS 29 is 1.861451
Validating BFS 29
Validate time for BFS 29 is 1.524582
TEPS for BFS 29 is 550.109
Running BFS 30
Time for BFS 30 is 1.190901
Validating BFS 30
Validate time for BFS 30 is 4.643221
TEPS for BFS 30 is 859.853
Running BFS 31
Time for BFS 31 is 1.093046
Validating BFS 31
Validate time for BFS 31 is 2.038965
TEPS for BFS 31 is 936.831
Running BFS 32
Time for BFS 32 is 1.140636
Validating BFS 32
Validate time for BFS 32 is 1.663883
TEPS for BFS 32 is 897.745
Running BFS 33
Time for BFS 33 is 1.107853
Validating BFS 33
Validate time for BFS 33 is 1.677676
TEPS for BFS 33 is 924.31
Running BFS 34
Time for BFS 34 is 1.140623
Validating BFS 34
Validate time for BFS 34 is 1.760914
TEPS for BFS 34 is 897.755
Running BFS 35
Time for BFS 35 is 1.135657
Validating BFS 35
Validate time for BFS 35 is 3.990865
TEPS for BFS 35 is 901.681
Running BFS 36
Time for BFS 36 is 1.140116
Validating BFS 36
Validate time for BFS 36 is 1.891723
TEPS for BFS 36 is 898.154
Running BFS 37
Time for BFS 37 is 3.611064
Validating BFS 37
Validate time for BFS 37 is 1.859603
TEPS for BFS 37 is 283.573
Running BFS 38
Time for BFS 38 is 1.275207
Validating BFS 38
Validate time for BFS 38 is 1.647609
TEPS for BFS 38 is 803.007
Running BFS 39
Time for BFS 39 is 2.487467
Validating BFS 39
Validate time for BFS 39 is 6.676052
TEPS for BFS 39 is 411.664
Running BFS 40
Time for BFS 40 is 1.129380
Validating BFS 40
Validate time for BFS 40 is 3.126992
TEPS for BFS 40 is 906.692
Running BFS 41
Time for BFS 41 is 1.127635
Validating BFS 41
Validate time for BFS 41 is 2.059104
TEPS for BFS 41 is 908.095
Running BFS 42
Time for BFS 42 is 1.080176
Validating BFS 42
Validate time for BFS 42 is 1.717898
TEPS for BFS 42 is 947.994
Running BFS 43
Time for BFS 43 is 1.139859
Validating BFS 43
Validate time for BFS 43 is 1.709381
TEPS for BFS 43 is 898.357
Running BFS 44
Time for BFS 44 is 1.190161
Validating BFS 44
Validate time for BFS 44 is 1.915169
TEPS for BFS 44 is 860.388
Running BFS 45
Time for BFS 45 is 1.143248
Validating BFS 45
Validate time for BFS 45 is 1.864246
TEPS for BFS 45 is 895.694
Running BFS 46
Time for BFS 46 is 1.251710
Validating BFS 46
Validate time for BFS 46 is 1.562370
TEPS for BFS 46 is 818.081
Running BFS 47
Time for BFS 47 is 1.131824
Validating BFS 47
Validate time for BFS 47 is 1.708881
TEPS for BFS 47 is 904.734
Running BFS 48
Time for BFS 48 is 1.130057
Validating BFS 48
Validate time for BFS 48 is 1.831938
TEPS for BFS 48 is 906.149
Running BFS 49
Time for BFS 49 is 1.800972
Validating BFS 49
Validate time for BFS 49 is 1.734475
TEPS for BFS 49 is 568.582
Running BFS 50
Time for BFS 50 is 1.203504
Validating BFS 50
Validate time for BFS 50 is 1.706286
TEPS for BFS 50 is 850.849
Running BFS 51
Time for BFS 51 is 1.145017
Validating BFS 51
Validate time for BFS 51 is 5.162191
TEPS for BFS 51 is 894.31
Running BFS 52
Time for BFS 52 is 1.120229
Validating BFS 52
Validate time for BFS 52 is 1.721825
TEPS for BFS 52 is 914.099
Running BFS 53
Time for BFS 53 is 1.090078
Validating BFS 53
Validate time for BFS 53 is 1.734595
TEPS for BFS 53 is 939.382
Running BFS 54
Time for BFS 54 is 1.025691
Validating BFS 54
Validate time for BFS 54 is 1.585587
TEPS for BFS 54 is 998.351
Running BFS 55
Time for BFS 55 is 1.183302
Validating BFS 55
Validate time for BFS 55 is 1.700249
TEPS for BFS 55 is 865.375
Running BFS 56
Time for BFS 56 is 1.160141
Validating BFS 56
Validate time for BFS 56 is 1.776129
TEPS for BFS 56 is 882.651
Running BFS 57
Time for BFS 57 is 1.174721
Validating BFS 57
Validate time for BFS 57 is 1.755746
TEPS for BFS 57 is 871.696
Running BFS 58
Time for BFS 58 is 1.230191
Validating BFS 58
Validate time for BFS 58 is 1.837068
TEPS for BFS 58 is 832.391
Running BFS 59
Time for BFS 59 is 1.142915
Validating BFS 59
Validate time for BFS 59 is 5.315205
TEPS for BFS 59 is 895.955
Running BFS 60
Time for BFS 60 is 2.469397
Validating BFS 60
Validate time for BFS 60 is 2.222578
TEPS for BFS 60 is 414.676
Running BFS 61
Time for BFS 61 is 1.190733
Validating BFS 61
Validate time for BFS 61 is 1.831757
TEPS for BFS 61 is 859.975
Running BFS 62
Time for BFS 62 is 3.434980
Validating BFS 62
Validate time for BFS 62 is 1.760627
TEPS for BFS 62 is 298.109
Running BFS 63
Time for BFS 63 is 1.053721
Validating BFS 63
Validate time for BFS 63 is 1.650782
TEPS for BFS 63 is 971.794
SCALE:                          6
edgefactor:                     16
NBFS:                           64
graph_generation:               2.98555
num_mpi_processes:              64
construction_time:              0.222434
min_time:                       0.971095
firstquartile_time:             1.10379
median_time:                    1.14063
thirdquartile_time:             1.24095
max_time:                       3.61106
mean_time:                      1.35935
stddev_time:                    0.556982
min_nedge:                      1024
firstquartile_nedge:            1024
median_nedge:                   1024
thirdquartile_nedge:            1024
max_nedge:                      1024
mean_nedge:                     1024
stddev_nedge:                   0
min_TEPS:                       283.573
firstquartile_TEPS:             825.174
median_TEPS:                    897.75
thirdquartile_TEPS:             927.716
max_TEPS:                       1054.48
harmonic_mean_TEPS:             753.302
harmonic_stddev_TEPS:           38.8874
min_validate:                   1.50312
firstquartile_validate:         1.62502
median_validate:                1.72714
thirdquartile_validate:         1.97707
max_validate:                   10.6604
mean_validate:                  2.30946
stddev_validate:                1.56545
This benchmark was run on 64 MPI Processes, Scale 6, written output_64_6.log
