graph_generation:               0.647622 s
construction_time:              0.285433 s
Running BFS 0
Time for BFS 0 is 2.845512
Validating BFS 0
Validate time for BFS 0 is 1.541761
TEPS for BFS 0 is 22.4916
Running BFS 1
Time for BFS 1 is 1.009125
Validating BFS 1
Validate time for BFS 1 is 4.491675
TEPS for BFS 1 is 63.4213
Running BFS 2
Time for BFS 2 is 1.039068
Validating BFS 2
Validate time for BFS 2 is 1.719778
TEPS for BFS 2 is 61.5937
Running BFS 3
Time for BFS 3 is 0.896314
Validating BFS 3
Validate time for BFS 3 is 3.549349
TEPS for BFS 3 is 71.4036
Running BFS 4
Time for BFS 4 is 1.030500
Validating BFS 4
Validate time for BFS 4 is 1.739273
TEPS for BFS 4 is 62.1058
Running BFS 5
Time for BFS 5 is 2.338979
Validating BFS 5
Validate time for BFS 5 is 1.644365
TEPS for BFS 5 is 27.3624
Running BFS 6
Time for BFS 6 is 3.154316
Validating BFS 6
Validate time for BFS 6 is 2.077403
TEPS for BFS 6 is 20.2897
Running BFS 7
Time for BFS 7 is 5.083295
Validating BFS 7
Validate time for BFS 7 is 2.239948
TEPS for BFS 7 is 12.5903
Running BFS 8
Time for BFS 8 is 0.911333
Validating BFS 8
Validate time for BFS 8 is 1.615355
TEPS for BFS 8 is 70.2268
Running BFS 9
Time for BFS 9 is 1.054644
Validating BFS 9
Validate time for BFS 9 is 1.800038
TEPS for BFS 9 is 60.684
Running BFS 10
Time for BFS 10 is 1.013037
Validating BFS 10
Validate time for BFS 10 is 1.799127
TEPS for BFS 10 is 63.1764
Running BFS 11
Time for BFS 11 is 1.018929
Validating BFS 11
Validate time for BFS 11 is 3.114482
TEPS for BFS 11 is 62.811
Running BFS 12
Time for BFS 12 is 0.932402
Validating BFS 12
Validate time for BFS 12 is 1.681474
TEPS for BFS 12 is 68.6399
Running BFS 13
Time for BFS 13 is 1.021377
Validating BFS 13
Validate time for BFS 13 is 1.847780
TEPS for BFS 13 is 62.6605
Running BFS 14
Time for BFS 14 is 0.940222
Validating BFS 14
Validate time for BFS 14 is 1.708903
TEPS for BFS 14 is 68.069
Running BFS 15
Time for BFS 15 is 1.048579
Validating BFS 15
Validate time for BFS 15 is 1.836194
TEPS for BFS 15 is 61.035
Running BFS 16
Time for BFS 16 is 0.981856
Validating BFS 16
Validate time for BFS 16 is 1.709826
TEPS for BFS 16 is 65.1827
Running BFS 17
Time for BFS 17 is 1.780540
Validating BFS 17
Validate time for BFS 17 is 1.888211
TEPS for BFS 17 is 35.9442
Running BFS 18
Time for BFS 18 is 3.395584
Validating BFS 18
Validate time for BFS 18 is 1.879218
TEPS for BFS 18 is 18.848
Running BFS 19
Time for BFS 19 is 1.029007
Validating BFS 19
Validate time for BFS 19 is 1.864872
TEPS for BFS 19 is 62.1959
Running BFS 20
Time for BFS 20 is 0.946626
Validating BFS 20
Validate time for BFS 20 is 1.681190
TEPS for BFS 20 is 67.6085
Running BFS 21
Time for BFS 21 is 0.926906
Validating BFS 21
Validate time for BFS 21 is 1.707907
TEPS for BFS 21 is 69.0469
Running BFS 22
Time for BFS 22 is 1.059171
Validating BFS 22
Validate time for BFS 22 is 1.873338
TEPS for BFS 22 is 60.4246
Running BFS 23
Time for BFS 23 is 0.906904
Validating BFS 23
Validate time for BFS 23 is 2.246293
TEPS for BFS 23 is 70.5698
Running BFS 24
Time for BFS 24 is 1.052999
Validating BFS 24
Validate time for BFS 24 is 1.898695
TEPS for BFS 24 is 60.7788
Running BFS 25
Time for BFS 25 is 1.684825
Validating BFS 25
Validate time for BFS 25 is 2.198865
TEPS for BFS 25 is 37.9861
Running BFS 26
Time for BFS 26 is 0.899287
Validating BFS 26
Validate time for BFS 26 is 1.716925
TEPS for BFS 26 is 71.1675
Running BFS 27
Time for BFS 27 is 1.130229
Validating BFS 27
Validate time for BFS 27 is 2.409374
TEPS for BFS 27 is 56.6257
Running BFS 28
Time for BFS 28 is 1.962185
Validating BFS 28
Validate time for BFS 28 is 1.858258
TEPS for BFS 28 is 32.6167
Running BFS 29
Time for BFS 29 is 3.120255
Validating BFS 29
Validate time for BFS 29 is 1.886134
TEPS for BFS 29 is 20.5111
Running BFS 30
Time for BFS 30 is 1.047923
Validating BFS 30
Validate time for BFS 30 is 2.170371
TEPS for BFS 30 is 61.0732
Running BFS 31
Time for BFS 31 is 1.082360
Validating BFS 31
Validate time for BFS 31 is 1.906687
TEPS for BFS 31 is 59.13
Running BFS 32
Time for BFS 32 is 0.891814
Validating BFS 32
Validate time for BFS 32 is 1.755026
TEPS for BFS 32 is 71.7638
Running BFS 33
Time for BFS 33 is 1.000703
Validating BFS 33
Validate time for BFS 33 is 1.909949
TEPS for BFS 33 is 63.955
Running BFS 34
Time for BFS 34 is 1.844605
Validating BFS 34
Validate time for BFS 34 is 1.778725
TEPS for BFS 34 is 34.6958
Running BFS 35
Time for BFS 35 is 1.050053
Validating BFS 35
Validate time for BFS 35 is 1.898969
TEPS for BFS 35 is 60.9493
Running BFS 36
Time for BFS 36 is 3.338568
Validating BFS 36
Validate time for BFS 36 is 1.792131
TEPS for BFS 36 is 19.1699
Running BFS 37
Time for BFS 37 is 0.984105
Validating BFS 37
Validate time for BFS 37 is 1.764563
TEPS for BFS 37 is 65.0337
Running BFS 38
Time for BFS 38 is 0.926095
Validating BFS 38
Validate time for BFS 38 is 1.754119
TEPS for BFS 38 is 69.1074
Running BFS 39
Time for BFS 39 is 1.070068
Validating BFS 39
Validate time for BFS 39 is 2.881863
TEPS for BFS 39 is 59.8093
Running BFS 40
Time for BFS 40 is 0.944849
Validating BFS 40
Validate time for BFS 40 is 1.785039
TEPS for BFS 40 is 67.7357
Running BFS 41
Time for BFS 41 is 1.040586
Validating BFS 41
Validate time for BFS 41 is 4.011059
TEPS for BFS 41 is 61.5038
Running BFS 42
Time for BFS 42 is 8.036630
Validating BFS 42
Validate time for BFS 42 is 2.280488
TEPS for BFS 42 is 7.96354
Running BFS 43
Time for BFS 43 is 0.929158
Validating BFS 43
Validate time for BFS 43 is 2.938458
TEPS for BFS 43 is 68.8796
Running BFS 44
Time for BFS 44 is 1.770047
Validating BFS 44
Validate time for BFS 44 is 1.787507
TEPS for BFS 44 is 36.1572
Running BFS 45
Time for BFS 45 is 1.021106
Validating BFS 45
Validate time for BFS 45 is 1.982214
TEPS for BFS 45 is 62.6771
Running BFS 46
Time for BFS 46 is 1.069194
Validating BFS 46
Validate time for BFS 46 is 1.982529
TEPS for BFS 46 is 59.8582
Running BFS 47
Time for BFS 47 is 0.946108
Validating BFS 47
Validate time for BFS 47 is 1.935121
TEPS for BFS 47 is 67.6455
Running BFS 48
Time for BFS 48 is 0.972801
Validating BFS 48
Validate time for BFS 48 is 1.838783
TEPS for BFS 48 is 65.7894
Running BFS 49
Time for BFS 49 is 1.875477
Validating BFS 49
Validate time for BFS 49 is 1.992715
TEPS for BFS 49 is 34.1247
Running BFS 50
Time for BFS 50 is 1.034635
Validating BFS 50
Validate time for BFS 50 is 1.778690
TEPS for BFS 50 is 61.8576
Running BFS 51
Time for BFS 51 is 0.933183
Validating BFS 51
Validate time for BFS 51 is 1.805779
TEPS for BFS 51 is 68.5825
Running BFS 52
Time for BFS 52 is 1.016930
Validating BFS 52
Validate time for BFS 52 is 1.900359
TEPS for BFS 52 is 62.9345
Running BFS 53
Time for BFS 53 is 1.317469
Validating BFS 53
Validate time for BFS 53 is 2.040815
TEPS for BFS 53 is 48.578
Running BFS 54
Time for BFS 54 is 7.573301
Validating BFS 54
Validate time for BFS 54 is 2.056915
TEPS for BFS 54 is 8.45074
Running BFS 55
Time for BFS 55 is 2.503572
Validating BFS 55
Validate time for BFS 55 is 2.070173
TEPS for BFS 55 is 25.5635
Running BFS 56
Time for BFS 56 is 0.964984
Validating BFS 56
Validate time for BFS 56 is 1.777406
TEPS for BFS 56 is 66.3223
Running BFS 57
Time for BFS 57 is 1.122394
Validating BFS 57
Validate time for BFS 57 is 2.011287
TEPS for BFS 57 is 57.021
Running BFS 58
Time for BFS 58 is 1.210461
Validating BFS 58
Validate time for BFS 58 is 1.956853
TEPS for BFS 58 is 52.8724
Running BFS 59
Time for BFS 59 is 1.008694
Validating BFS 59
Validate time for BFS 59 is 1.835491
TEPS for BFS 59 is 63.4484
Running BFS 60
Time for BFS 60 is 0.986242
Validating BFS 60
Validate time for BFS 60 is 1.857181
TEPS for BFS 60 is 64.8928
Running BFS 61
Time for BFS 61 is 1.161088
Validating BFS 61
Validate time for BFS 61 is 1.874481
TEPS for BFS 61 is 55.1207
Running BFS 62
Time for BFS 62 is 1.002593
Validating BFS 62
Validate time for BFS 62 is 2.916562
TEPS for BFS 62 is 63.8345
Running BFS 63
Time for BFS 63 is 1.079158
Validating BFS 63
Validate time for BFS 63 is 2.050422
TEPS for BFS 63 is 59.3055
SCALE:                          2
edgefactor:                     16
NBFS:                           64
graph_generation:               0.647622
num_mpi_processes:              128
construction_time:              0.285433
min_time:                       0.891814
firstquartile_time:             0.977329
median_time:                    1.03983
thirdquartile_time:             1.50115
max_time:                       8.03663
mean_time:                      1.57767
stddev_time:                    1.38162
min_nedge:                      64
firstquartile_nedge:            64
median_nedge:                   64
thirdquartile_nedge:            64
max_nedge:                      64
mean_nedge:                     64
stddev_nedge:                   0
min_TEPS:                       7.96354
firstquartile_TEPS:             42.6341
median_TEPS:                    61.5487
thirdquartile_TEPS:             65.4846
max_TEPS:                       71.7638
harmonic_mean_TEPS:             40.5661
harmonic_stddev_TEPS:           4.47574
min_validate:                   1.54176
firstquartile_validate:         1.77871
median_validate:                1.87685
thirdquartile_validate:         2.05367
max_validate:                   4.49167
mean_validate:                  2.05164
stddev_validate:                0.544915
This benchmark was run on 128 MPI Processes, Scale 2, written output_128_2.log
