graph_generation:               2.648399 s
construction_time:              0.187753 s
Running BFS 0
Time for BFS 0 is 1.232790
Validating BFS 0
Validate time for BFS 0 is 1.898631
TEPS for BFS 0 is 1661.27
Running BFS 1
Time for BFS 1 is 1.190208
Validating BFS 1
Validate time for BFS 1 is 1.388030
TEPS for BFS 1 is 1720.71
Running BFS 2
Time for BFS 2 is 1.089920
Validating BFS 2
Validate time for BFS 2 is 1.424559
TEPS for BFS 2 is 1879.04
Running BFS 3
Time for BFS 3 is 1.120057
Validating BFS 3
Validate time for BFS 3 is 1.390774
TEPS for BFS 3 is 1828.48
Running BFS 4
Time for BFS 4 is 1.140023
Validating BFS 4
Validate time for BFS 4 is 1.373804
TEPS for BFS 4 is 1796.45
Running BFS 5
Time for BFS 5 is 1.160038
Validating BFS 5
Validate time for BFS 5 is 1.392370
TEPS for BFS 5 is 1765.46
Running BFS 6
Time for BFS 6 is 1.069903
Validating BFS 6
Validate time for BFS 6 is 1.392891
TEPS for BFS 6 is 1914.19
Running BFS 7
Time for BFS 7 is 1.280069
Validating BFS 7
Validate time for BFS 7 is 1.550004
TEPS for BFS 7 is 1599.91
Running BFS 8
Time for BFS 8 is 1.199952
Validating BFS 8
Validate time for BFS 8 is 1.418868
TEPS for BFS 8 is 1706.74
Running BFS 9
Time for BFS 9 is 1.061275
Validating BFS 9
Validate time for BFS 9 is 1.405838
TEPS for BFS 9 is 1929.75
Running BFS 10
Time for BFS 10 is 1.145427
Validating BFS 10
Validate time for BFS 10 is 1.432185
TEPS for BFS 10 is 1787.98
Running BFS 11
Time for BFS 11 is 1.019961
Validating BFS 11
Validate time for BFS 11 is 1.368929
TEPS for BFS 11 is 2007.92
Running BFS 12
Time for BFS 12 is 1.162799
Validating BFS 12
Validate time for BFS 12 is 1.406326
TEPS for BFS 12 is 1761.27
Running BFS 13
Time for BFS 13 is 1.012942
Validating BFS 13
Validate time for BFS 13 is 1.353496
TEPS for BFS 13 is 2021.83
Running BFS 14
Time for BFS 14 is 0.979966
Validating BFS 14
Validate time for BFS 14 is 1.439603
TEPS for BFS 14 is 2089.87
Running BFS 15
Time for BFS 15 is 1.022824
Validating BFS 15
Validate time for BFS 15 is 1.407788
TEPS for BFS 15 is 2002.3
Running BFS 16
Time for BFS 16 is 1.102890
Validating BFS 16
Validate time for BFS 16 is 1.453901
TEPS for BFS 16 is 1856.94
Running BFS 17
Time for BFS 17 is 1.029997
Validating BFS 17
Validate time for BFS 17 is 1.395738
TEPS for BFS 17 is 1988.36
Running BFS 18
Time for BFS 18 is 1.152844
Validating BFS 18
Validate time for BFS 18 is 1.435599
TEPS for BFS 18 is 1776.48
Running BFS 19
Time for BFS 19 is 1.082958
Validating BFS 19
Validate time for BFS 19 is 1.556331
TEPS for BFS 19 is 1891.12
Running BFS 20
Time for BFS 20 is 1.060095
Validating BFS 20
Validate time for BFS 20 is 1.444420
TEPS for BFS 20 is 1931.9
Running BFS 21
Time for BFS 21 is 1.092895
Validating BFS 21
Validate time for BFS 21 is 1.424731
TEPS for BFS 21 is 1873.92
Running BFS 22
Time for BFS 22 is 1.121256
Validating BFS 22
Validate time for BFS 22 is 1.497912
TEPS for BFS 22 is 1826.52
Running BFS 23
Time for BFS 23 is 0.999950
Validating BFS 23
Validate time for BFS 23 is 1.461858
TEPS for BFS 23 is 2048.1
Running BFS 24
Time for BFS 24 is 1.189960
Validating BFS 24
Validate time for BFS 24 is 1.430281
TEPS for BFS 24 is 1721.07
Running BFS 25
Time for BFS 25 is 0.979988
Validating BFS 25
Validate time for BFS 25 is 1.429164
TEPS for BFS 25 is 2089.82
Running BFS 26
Time for BFS 26 is 1.129947
Validating BFS 26
Validate time for BFS 26 is 1.502595
TEPS for BFS 26 is 1812.47
Running BFS 27
Time for BFS 27 is 1.109921
Validating BFS 27
Validate time for BFS 27 is 1.491463
TEPS for BFS 27 is 1845.18
Running BFS 28
Time for BFS 28 is 1.070018
Validating BFS 28
Validate time for BFS 28 is 1.578093
TEPS for BFS 28 is 1913.99
Running BFS 29
Time for BFS 29 is 0.970132
Validating BFS 29
Validate time for BFS 29 is 1.483013
TEPS for BFS 29 is 2111.05
Running BFS 30
Time for BFS 30 is 1.190041
Validating BFS 30
Validate time for BFS 30 is 1.608458
TEPS for BFS 30 is 1720.95
Running BFS 31
Time for BFS 31 is 1.209901
Validating BFS 31
Validate time for BFS 31 is 1.546423
TEPS for BFS 31 is 1692.7
Running BFS 32
Time for BFS 32 is 1.030030
Validating BFS 32
Validate time for BFS 32 is 1.471566
TEPS for BFS 32 is 1988.29
Running BFS 33
Time for BFS 33 is 1.009996
Validating BFS 33
Validate time for BFS 33 is 1.506468
TEPS for BFS 33 is 2027.73
Running BFS 34
Time for BFS 34 is 1.040024
Validating BFS 34
Validate time for BFS 34 is 1.561028
TEPS for BFS 34 is 1969.19
Running BFS 35
Time for BFS 35 is 1.169973
Validating BFS 35
Validate time for BFS 35 is 1.514674
TEPS for BFS 35 is 1750.47
Running BFS 36
Time for BFS 36 is 1.080024
Validating BFS 36
Validate time for BFS 36 is 1.607629
TEPS for BFS 36 is 1896.25
Running BFS 37
Time for BFS 37 is 1.090072
Validating BFS 37
Validate time for BFS 37 is 1.471842
TEPS for BFS 37 is 1878.78
Running BFS 38
Time for BFS 38 is 1.000155
Validating BFS 38
Validate time for BFS 38 is 1.542876
TEPS for BFS 38 is 2047.68
Running BFS 39
Time for BFS 39 is 0.989918
Validating BFS 39
Validate time for BFS 39 is 1.563090
TEPS for BFS 39 is 2068.86
Running BFS 40
Time for BFS 40 is 1.149912
Validating BFS 40
Validate time for BFS 40 is 1.678096
TEPS for BFS 40 is 1781.01
Running BFS 41
Time for BFS 41 is 1.050029
Validating BFS 41
Validate time for BFS 41 is 1.521437
TEPS for BFS 41 is 1950.42
Running BFS 42
Time for BFS 42 is 1.110073
Validating BFS 42
Validate time for BFS 42 is 1.547528
TEPS for BFS 42 is 1844.92
Running BFS 43
Time for BFS 43 is 1.060050
Validating BFS 43
Validate time for BFS 43 is 1.549570
TEPS for BFS 43 is 1931.98
Running BFS 44
Time for BFS 44 is 1.100023
Validating BFS 44
Validate time for BFS 44 is 1.570090
TEPS for BFS 44 is 1861.78
Running BFS 45
Time for BFS 45 is 1.099977
Validating BFS 45
Validate time for BFS 45 is 1.501510
TEPS for BFS 45 is 1861.86
Running BFS 46
Time for BFS 46 is 1.079927
Validating BFS 46
Validate time for BFS 46 is 1.641199
TEPS for BFS 46 is 1896.42
Running BFS 47
Time for BFS 47 is 1.090136
Validating BFS 47
Validate time for BFS 47 is 1.529016
TEPS for BFS 47 is 1878.66
Running BFS 48
Time for BFS 48 is 1.149976
Validating BFS 48
Validate time for BFS 48 is 1.591769
TEPS for BFS 48 is 1780.91
Running BFS 49
Time for BFS 49 is 1.039975
Validating BFS 49
Validate time for BFS 49 is 1.529624
TEPS for BFS 49 is 1969.28
Running BFS 50
Time for BFS 50 is 1.039969
Validating BFS 50
Validate time for BFS 50 is 1.570992
TEPS for BFS 50 is 1969.29
Running BFS 51
Time for BFS 51 is 1.090021
Validating BFS 51
Validate time for BFS 51 is 1.573105
TEPS for BFS 51 is 1878.86
Running BFS 52
Time for BFS 52 is 1.089977
Validating BFS 52
Validate time for BFS 52 is 1.572577
TEPS for BFS 52 is 1878.94
Running BFS 53
Time for BFS 53 is 1.090000
Validating BFS 53
Validate time for BFS 53 is 1.581963
TEPS for BFS 53 is 1878.9
Running BFS 54
Time for BFS 54 is 1.130001
Validating BFS 54
Validate time for BFS 54 is 1.716591
TEPS for BFS 54 is 1812.39
Running BFS 55
Time for BFS 55 is 1.120142
Validating BFS 55
Validate time for BFS 55 is 1.513100
TEPS for BFS 55 is 1828.34
Running BFS 56
Time for BFS 56 is 0.949902
Validating BFS 56
Validate time for BFS 56 is 1.491241
TEPS for BFS 56 is 2156.01
Running BFS 57
Time for BFS 57 is 1.059929
Validating BFS 57
Validate time for BFS 57 is 1.602049
TEPS for BFS 57 is 1932.21
Running BFS 58
Time for BFS 58 is 1.120043
Validating BFS 58
Validate time for BFS 58 is 1.749918
TEPS for BFS 58 is 1828.5
Running BFS 59
Time for BFS 59 is 1.112992
Validating BFS 59
Validate time for BFS 59 is 1.674573
TEPS for BFS 59 is 1840.09
Running BFS 60
Time for BFS 60 is 1.070043
Validating BFS 60
Validate time for BFS 60 is 1.685918
TEPS for BFS 60 is 1913.94
Running BFS 61
Time for BFS 61 is 1.273689
Validating BFS 61
Validate time for BFS 61 is 1.800320
TEPS for BFS 61 is 1607.93
Running BFS 62
Time for BFS 62 is 1.159872
Validating BFS 62
Validate time for BFS 62 is 1.645276
TEPS for BFS 62 is 1765.71
Running BFS 63
Time for BFS 63 is 1.152985
Validating BFS 63
Validate time for BFS 63 is 1.658241
TEPS for BFS 63 is 1776.26
SCALE:                          7
edgefactor:                     16
NBFS:                           64
graph_generation:               2.6484
num_mpi_processes:              32
construction_time:              0.187753
min_time:                       0.949902
firstquartile_time:             1.04503
median_time:                    1.0901
thirdquartile_time:             1.14767
max_time:                       1.28007
mean_time:                      1.09657
stddev_time:                    0.0715119
min_nedge:                      2048
firstquartile_nedge:            2048
median_nedge:                   2048
thirdquartile_nedge:            2048
max_nedge:                      2048
mean_nedge:                     2048
stddev_nedge:                   0
min_TEPS:                       1599.91
firstquartile_TEPS:             1784.49
median_TEPS:                    1878.72
thirdquartile_TEPS:             1959.76
max_TEPS:                       2156.01
harmonic_mean_TEPS:             1867.63
harmonic_stddev_TEPS:           15.3448
min_validate:                   1.3535
firstquartile_validate:         1.43123
median_validate:                1.51389
thirdquartile_validate:         1.5756
max_validate:                   1.89863
mean_validate:                  1.52373
stddev_validate:                0.11081
This benchmark was run on 32 MPI Processes, Scale 7, written output_32_7.log
