graph_generation:               4.082384 s
construction_time:              0.247333 s
Running BFS 0
Time for BFS 0 is 1.966908
Validating BFS 0
Validate time for BFS 0 is 2.446863
TEPS for BFS 0 is 4164.91
Running BFS 1
Time for BFS 1 is 1.469873
Validating BFS 1
Validate time for BFS 1 is 3.667720
TEPS for BFS 1 is 5573.27
Running BFS 2
Time for BFS 2 is 1.293484
Validating BFS 2
Validate time for BFS 2 is 2.192637
TEPS for BFS 2 is 6333.28
Running BFS 3
Time for BFS 3 is 1.349542
Validating BFS 3
Validate time for BFS 3 is 3.694789
TEPS for BFS 3 is 6070.21
Running BFS 4
Time for BFS 4 is 5.336302
Validating BFS 4
Validate time for BFS 4 is 2.079572
TEPS for BFS 4 is 1535.15
Running BFS 5
Time for BFS 5 is 4.038271
Validating BFS 5
Validate time for BFS 5 is 7.995232
TEPS for BFS 5 is 2028.59
Running BFS 6
Time for BFS 6 is 1.440197
Validating BFS 6
Validate time for BFS 6 is 2.068697
TEPS for BFS 6 is 5688.11
Running BFS 7
Time for BFS 7 is 1.510793
Validating BFS 7
Validate time for BFS 7 is 3.148671
TEPS for BFS 7 is 5422.32
Running BFS 8
Time for BFS 8 is 7.720154
Validating BFS 8
Validate time for BFS 8 is 2.209204
TEPS for BFS 8 is 1061.12
Running BFS 9
Time for BFS 9 is 4.033375
Validating BFS 9
Validate time for BFS 9 is 3.659588
TEPS for BFS 9 is 2031.05
Running BFS 10
Time for BFS 10 is 1.300010
Validating BFS 10
Validate time for BFS 10 is 2.023325
TEPS for BFS 10 is 6301.49
Running BFS 11
Time for BFS 11 is 1.200968
Validating BFS 11
Validate time for BFS 11 is 2.020829
TEPS for BFS 11 is 6821.16
Running BFS 12
Time for BFS 12 is 1.229799
Validating BFS 12
Validate time for BFS 12 is 3.754151
TEPS for BFS 12 is 6661.25
Running BFS 13
Time for BFS 13 is 1.389927
Validating BFS 13
Validate time for BFS 13 is 3.878431
TEPS for BFS 13 is 5893.83
Running BFS 14
Time for BFS 14 is 1.281180
Validating BFS 14
Validate time for BFS 14 is 2.031261
TEPS for BFS 14 is 6394.1
Running BFS 15
Time for BFS 15 is 1.471920
Validating BFS 15
Validate time for BFS 15 is 3.313976
TEPS for BFS 15 is 5565.52
Running BFS 16
Time for BFS 16 is 2.321220
Validating BFS 16
Validate time for BFS 16 is 3.103677
TEPS for BFS 16 is 3529.18
Running BFS 17
Time for BFS 17 is 1.433370
Validating BFS 17
Validate time for BFS 17 is 3.923775
TEPS for BFS 17 is 5715.2
Running BFS 18
Time for BFS 18 is 1.355309
Validating BFS 18
Validate time for BFS 18 is 4.777386
TEPS for BFS 18 is 6044.38
Running BFS 19
Time for BFS 19 is 1.383023
Validating BFS 19
Validate time for BFS 19 is 2.272493
TEPS for BFS 19 is 5923.26
Running BFS 20
Time for BFS 20 is 1.336559
Validating BFS 20
Validate time for BFS 20 is 2.295482
TEPS for BFS 20 is 6129.17
Running BFS 21
Time for BFS 21 is 1.400375
Validating BFS 21
Validate time for BFS 21 is 2.306181
TEPS for BFS 21 is 5849.86
Running BFS 22
Time for BFS 22 is 2.751156
Validating BFS 22
Validate time for BFS 22 is 2.187364
TEPS for BFS 22 is 2977.66
Running BFS 23
Time for BFS 23 is 3.290492
Validating BFS 23
Validate time for BFS 23 is 6.296257
TEPS for BFS 23 is 2489.6
Running BFS 24
Time for BFS 24 is 1.460564
Validating BFS 24
Validate time for BFS 24 is 3.910902
TEPS for BFS 24 is 5608.79
Running BFS 25
Time for BFS 25 is 1.340267
Validating BFS 25
Validate time for BFS 25 is 2.232570
TEPS for BFS 25 is 6112.22
Running BFS 26
Time for BFS 26 is 1.397292
Validating BFS 26
Validate time for BFS 26 is 2.406094
TEPS for BFS 26 is 5862.77
Running BFS 27
Time for BFS 27 is 1.358601
Validating BFS 27
Validate time for BFS 27 is 2.322918
TEPS for BFS 27 is 6029.73
Running BFS 28
Time for BFS 28 is 1.220116
Validating BFS 28
Validate time for BFS 28 is 6.839687
TEPS for BFS 28 is 6714.12
Running BFS 29
Time for BFS 29 is 1.361552
Validating BFS 29
Validate time for BFS 29 is 2.457790
TEPS for BFS 29 is 6016.66
Running BFS 30
Time for BFS 30 is 3.694472
Validating BFS 30
Validate time for BFS 30 is 2.678535
TEPS for BFS 30 is 2217.37
Running BFS 31
Time for BFS 31 is 1.250077
Validating BFS 31
Validate time for BFS 31 is 5.295514
TEPS for BFS 31 is 6553.2
Running BFS 32
Time for BFS 32 is 1.401379
Validating BFS 32
Validate time for BFS 32 is 4.764796
TEPS for BFS 32 is 5845.67
Running BFS 33
Time for BFS 33 is 1.630286
Validating BFS 33
Validate time for BFS 33 is 3.627231
TEPS for BFS 33 is 5024.89
Running BFS 34
Time for BFS 34 is 1.475875
Validating BFS 34
Validate time for BFS 34 is 3.988373
TEPS for BFS 34 is 5550.61
Running BFS 35
Time for BFS 35 is 1.426721
Validating BFS 35
Validate time for BFS 35 is 4.034181
TEPS for BFS 35 is 5741.84
Running BFS 36
Time for BFS 36 is 1.378805
Validating BFS 36
Validate time for BFS 36 is 2.607805
TEPS for BFS 36 is 5941.38
Running BFS 37
Time for BFS 37 is 1.283264
Validating BFS 37
Validate time for BFS 37 is 5.058155
TEPS for BFS 37 is 6383.72
Running BFS 38
Time for BFS 38 is 1.351534
Validating BFS 38
Validate time for BFS 38 is 2.456402
TEPS for BFS 38 is 6061.26
Running BFS 39
Time for BFS 39 is 1.407740
Validating BFS 39
Validate time for BFS 39 is 4.421063
TEPS for BFS 39 is 5819.26
Running BFS 40
Time for BFS 40 is 4.360800
Validating BFS 40
Validate time for BFS 40 is 4.432316
TEPS for BFS 40 is 1878.55
Running BFS 41
Time for BFS 41 is 1.588453
Validating BFS 41
Validate time for BFS 41 is 2.723923
TEPS for BFS 41 is 5157.22
Running BFS 42
Time for BFS 42 is 1.370423
Validating BFS 42
Validate time for BFS 42 is 2.693515
TEPS for BFS 42 is 5977.72
Running BFS 43
Time for BFS 43 is 1.385561
Validating BFS 43
Validate time for BFS 43 is 4.411942
TEPS for BFS 43 is 5912.41
Running BFS 44
Time for BFS 44 is 1.689866
Validating BFS 44
Validate time for BFS 44 is 2.695923
TEPS for BFS 44 is 4847.72
Running BFS 45
Time for BFS 45 is 4.142544
Validating BFS 45
Validate time for BFS 45 is 5.583672
TEPS for BFS 45 is 1977.53
Running BFS 46
Time for BFS 46 is 1.350364
Validating BFS 46
Validate time for BFS 46 is 4.561628
TEPS for BFS 46 is 6066.51
Running BFS 47
Time for BFS 47 is 2.680769
Validating BFS 47
Validate time for BFS 47 is 2.731469
TEPS for BFS 47 is 3055.84
Running BFS 48
Time for BFS 48 is 1.457392
Validating BFS 48
Validate time for BFS 48 is 2.935535
TEPS for BFS 48 is 5621
Running BFS 49
Time for BFS 49 is 1.400416
Validating BFS 49
Validate time for BFS 49 is 3.924858
TEPS for BFS 49 is 5849.69
Running BFS 50
Time for BFS 50 is 1.264491
Validating BFS 50
Validate time for BFS 50 is 2.696466
TEPS for BFS 50 is 6478.5
Running BFS 51
Time for BFS 51 is 6.288579
Validating BFS 51
Validate time for BFS 51 is 3.720434
TEPS for BFS 51 is 1302.68
Running BFS 52
Time for BFS 52 is 1.489991
Validating BFS 52
Validate time for BFS 52 is 4.891317
TEPS for BFS 52 is 5498.02
Running BFS 53
Time for BFS 53 is 1.403399
Validating BFS 53
Validate time for BFS 53 is 4.589707
TEPS for BFS 53 is 5837.26
Running BFS 54
Time for BFS 54 is 2.755938
Validating BFS 54
Validate time for BFS 54 is 2.827010
TEPS for BFS 54 is 2972.49
Running BFS 55
Time for BFS 55 is 1.570327
Validating BFS 55
Validate time for BFS 55 is 2.978624
TEPS for BFS 55 is 5216.75
Running BFS 56
Time for BFS 56 is 1.407009
Validating BFS 56
Validate time for BFS 56 is 2.910251
TEPS for BFS 56 is 5822.28
Running BFS 57
Time for BFS 57 is 1.449473
Validating BFS 57
Validate time for BFS 57 is 3.030572
TEPS for BFS 57 is 5651.71
Running BFS 58
Time for BFS 58 is 4.590905
Validating BFS 58
Validate time for BFS 58 is 3.025447
TEPS for BFS 58 is 1784.4
Running BFS 59
Time for BFS 59 is 3.916832
Validating BFS 59
Validate time for BFS 59 is 5.713429
TEPS for BFS 59 is 2091.49
Running BFS 60
Time for BFS 60 is 4.217093
Validating BFS 60
Validate time for BFS 60 is 6.412484
TEPS for BFS 60 is 1942.57
Running BFS 61
Time for BFS 61 is 1.580399
Validating BFS 61
Validate time for BFS 61 is 3.168293
TEPS for BFS 61 is 5183.5
Running BFS 62
Time for BFS 62 is 2.000622
Validating BFS 62
Validate time for BFS 62 is 3.641595
TEPS for BFS 62 is 4094.73
Running BFS 63
Time for BFS 63 is 1.498179
Validating BFS 63
Validate time for BFS 63 is 3.228095
TEPS for BFS 63 is 5467.97
SCALE:                          9
edgefactor:                     16
NBFS:                           64
graph_generation:               4.08238
num_mpi_processes:              64
construction_time:              0.247333
min_time:                       1.20097
firstquartile_time:             1.36008
median_time:                    1.44484
thirdquartile_time:             2.16092
max_time:                       7.72015
mean_time:                      2.10317
stddev_time:                    1.37152
min_nedge:                      8192
firstquartile_nedge:            8192
median_nedge:                   8192
thirdquartile_nedge:            8192
max_nedge:                      8192
mean_nedge:                     8192
stddev_nedge:                   0
min_TEPS:                       1061.12
firstquartile_TEPS:             3790.98
median_TEPS:                    5669.85
thirdquartile_TEPS:             6023.19
max_TEPS:                       6821.16
harmonic_mean_TEPS:             3895.08
harmonic_stddev_TEPS:           320.019
min_validate:                   2.02083
firstquartile_validate:         2.4571
median_validate:                3.15848
thirdquartile_validate:         4.22306
max_validate:                   7.99523
mean_validate:                  3.53091
stddev_validate:                1.31203
This benchmark was run on 64 MPI Processes, Scale 9, written output_64_9.log
