graph_generation:               0.444036 s
construction_time:              0.148782 s
Running BFS 0
Time for BFS 0 is 0.863065
Validating BFS 0
Validate time for BFS 0 is 1.076043
TEPS for BFS 0 is 74.1543
Running BFS 1
Time for BFS 1 is 0.929971
Validating BFS 1
Validate time for BFS 1 is 1.192228
TEPS for BFS 1 is 68.8194
Running BFS 2
Time for BFS 2 is 0.870400
Validating BFS 2
Validate time for BFS 2 is 1.181792
TEPS for BFS 2 is 73.5294
Running BFS 3
Time for BFS 3 is 0.770185
Validating BFS 3
Validate time for BFS 3 is 1.075346
TEPS for BFS 3 is 83.0969
Running BFS 4
Time for BFS 4 is 0.840529
Validating BFS 4
Validate time for BFS 4 is 1.144497
TEPS for BFS 4 is 76.1425
Running BFS 5
Time for BFS 5 is 0.740085
Validating BFS 5
Validate time for BFS 5 is 1.105473
TEPS for BFS 5 is 86.4765
Running BFS 6
Time for BFS 6 is 0.870340
Validating BFS 6
Validate time for BFS 6 is 1.141364
TEPS for BFS 6 is 73.5345
Running BFS 7
Time for BFS 7 is 0.850356
Validating BFS 7
Validate time for BFS 7 is 1.201468
TEPS for BFS 7 is 75.2626
Running BFS 8
Time for BFS 8 is 0.810580
Validating BFS 8
Validate time for BFS 8 is 1.145491
TEPS for BFS 8 is 78.9558
Running BFS 9
Time for BFS 9 is 0.870320
Validating BFS 9
Validate time for BFS 9 is 1.200558
TEPS for BFS 9 is 73.5362
Running BFS 10
Time for BFS 10 is 0.850405
Validating BFS 10
Validate time for BFS 10 is 1.126120
TEPS for BFS 10 is 75.2583
Running BFS 11
Time for BFS 11 is 0.800147
Validating BFS 11
Validate time for BFS 11 is 1.158989
TEPS for BFS 11 is 79.9853
Running BFS 12
Time for BFS 12 is 0.830203
Validating BFS 12
Validate time for BFS 12 is 1.034125
TEPS for BFS 12 is 77.0896
Running BFS 13
Time for BFS 13 is 0.870226
Validating BFS 13
Validate time for BFS 13 is 1.164625
TEPS for BFS 13 is 73.5441
Running BFS 14
Time for BFS 14 is 0.750142
Validating BFS 14
Validate time for BFS 14 is 1.127832
TEPS for BFS 14 is 85.3172
Running BFS 15
Time for BFS 15 is 0.950273
Validating BFS 15
Validate time for BFS 15 is 1.189508
TEPS for BFS 15 is 67.3491
Running BFS 16
Time for BFS 16 is 0.790301
Validating BFS 16
Validate time for BFS 16 is 1.063916
TEPS for BFS 16 is 80.9818
Running BFS 17
Time for BFS 17 is 0.810212
Validating BFS 17
Validate time for BFS 17 is 1.113765
TEPS for BFS 17 is 78.9917
Running BFS 18
Time for BFS 18 is 0.910279
Validating BFS 18
Validate time for BFS 18 is 1.139036
TEPS for BFS 18 is 70.3081
Running BFS 19
Time for BFS 19 is 0.940067
Validating BFS 19
Validate time for BFS 19 is 1.153230
TEPS for BFS 19 is 68.0803
Running BFS 20
Time for BFS 20 is 0.730075
Validating BFS 20
Validate time for BFS 20 is 1.088933
TEPS for BFS 20 is 87.6622
Running BFS 21
Time for BFS 21 is 0.830179
Validating BFS 21
Validate time for BFS 21 is 1.033690
TEPS for BFS 21 is 77.0918
Running BFS 22
Time for BFS 22 is 0.830219
Validating BFS 22
Validate time for BFS 22 is 1.165434
TEPS for BFS 22 is 77.0881
Running BFS 23
Time for BFS 23 is 0.819934
Validating BFS 23
Validate time for BFS 23 is 1.116448
TEPS for BFS 23 is 78.0551
Running BFS 24
Time for BFS 24 is 0.839971
Validating BFS 24
Validate time for BFS 24 is 1.198553
TEPS for BFS 24 is 76.1931
Running BFS 25
Time for BFS 25 is 0.919975
Validating BFS 25
Validate time for BFS 25 is 1.179303
TEPS for BFS 25 is 69.5671
Running BFS 26
Time for BFS 26 is 0.869737
Validating BFS 26
Validate time for BFS 26 is 1.093205
TEPS for BFS 26 is 73.5855
Running BFS 27
Time for BFS 27 is 0.820030
Validating BFS 27
Validate time for BFS 27 is 1.072639
TEPS for BFS 27 is 78.0459
Running BFS 28
Time for BFS 28 is 0.939902
Validating BFS 28
Validate time for BFS 28 is 1.264571
TEPS for BFS 28 is 68.0922
Running BFS 29
Time for BFS 29 is 0.930083
Validating BFS 29
Validate time for BFS 29 is 1.269324
TEPS for BFS 29 is 68.8111
Running BFS 30
Time for BFS 30 is 0.969944
Validating BFS 30
Validate time for BFS 30 is 1.177813
TEPS for BFS 30 is 65.9832
Running BFS 31
Time for BFS 31 is 0.849998
Validating BFS 31
Validate time for BFS 31 is 1.218760
TEPS for BFS 31 is 75.2943
Running BFS 32
Time for BFS 32 is 0.829976
Validating BFS 32
Validate time for BFS 32 is 1.182728
TEPS for BFS 32 is 77.1107
Running BFS 33
Time for BFS 33 is 0.849976
Validating BFS 33
Validate time for BFS 33 is 1.218758
TEPS for BFS 33 is 75.2962
Running BFS 34
Time for BFS 34 is 0.829992
Validating BFS 34
Validate time for BFS 34 is 1.152756
TEPS for BFS 34 is 77.1092
Running BFS 35
Time for BFS 35 is 0.839975
Validating BFS 35
Validate time for BFS 35 is 1.215173
TEPS for BFS 35 is 76.1928
Running BFS 36
Time for BFS 36 is 0.740051
Validating BFS 36
Validate time for BFS 36 is 1.103020
TEPS for BFS 36 is 86.4805
Running BFS 37
Time for BFS 37 is 0.759931
Validating BFS 37
Validate time for BFS 37 is 1.129496
TEPS for BFS 37 is 84.2182
Running BFS 38
Time for BFS 38 is 0.869988
Validating BFS 38
Validate time for BFS 38 is 1.103011
TEPS for BFS 38 is 73.5642
Running BFS 39
Time for BFS 39 is 0.899974
Validating BFS 39
Validate time for BFS 39 is 1.192620
TEPS for BFS 39 is 71.1132
Running BFS 40
Time for BFS 40 is 0.810012
Validating BFS 40
Validate time for BFS 40 is 1.125350
TEPS for BFS 40 is 79.0112
Running BFS 41
Time for BFS 41 is 0.850047
Validating BFS 41
Validate time for BFS 41 is 1.218347
TEPS for BFS 41 is 75.2899
Running BFS 42
Time for BFS 42 is 0.859995
Validating BFS 42
Validate time for BFS 42 is 1.233214
TEPS for BFS 42 is 74.419
Running BFS 43
Time for BFS 43 is 0.820043
Validating BFS 43
Validate time for BFS 43 is 1.112949
TEPS for BFS 43 is 78.0447
Running BFS 44
Time for BFS 44 is 0.810062
Validating BFS 44
Validate time for BFS 44 is 1.132775
TEPS for BFS 44 is 79.0063
Running BFS 45
Time for BFS 45 is 0.850088
Validating BFS 45
Validate time for BFS 45 is 1.153966
TEPS for BFS 45 is 75.2863
Running BFS 46
Time for BFS 46 is 0.870219
Validating BFS 46
Validate time for BFS 46 is 1.238904
TEPS for BFS 46 is 73.5447
Running BFS 47
Time for BFS 47 is 0.750109
Validating BFS 47
Validate time for BFS 47 is 1.115998
TEPS for BFS 47 is 85.3209
Running BFS 48
Time for BFS 48 is 0.780046
Validating BFS 48
Validate time for BFS 48 is 1.063337
TEPS for BFS 48 is 82.0464
Running BFS 49
Time for BFS 49 is 0.880152
Validating BFS 49
Validate time for BFS 49 is 1.210715
TEPS for BFS 49 is 72.7147
Running BFS 50
Time for BFS 50 is 0.820113
Validating BFS 50
Validate time for BFS 50 is 1.109943
TEPS for BFS 50 is 78.038
Running BFS 51
Time for BFS 51 is 0.740015
Validating BFS 51
Validate time for BFS 51 is 1.083235
TEPS for BFS 51 is 86.4847
Running BFS 52
Time for BFS 52 is 0.929889
Validating BFS 52
Validate time for BFS 52 is 1.258787
TEPS for BFS 52 is 68.8254
Running BFS 53
Time for BFS 53 is 0.920045
Validating BFS 53
Validate time for BFS 53 is 1.217743
TEPS for BFS 53 is 69.5618
Running BFS 54
Time for BFS 54 is 0.930091
Validating BFS 54
Validate time for BFS 54 is 1.238204
TEPS for BFS 54 is 68.8105
Running BFS 55
Time for BFS 55 is 0.840036
Validating BFS 55
Validate time for BFS 55 is 1.137905
TEPS for BFS 55 is 76.1872
Running BFS 56
Time for BFS 56 is 0.760041
Validating BFS 56
Validate time for BFS 56 is 1.110036
TEPS for BFS 56 is 84.206
Running BFS 57
Time for BFS 57 is 0.870003
Validating BFS 57
Validate time for BFS 57 is 1.199827
TEPS for BFS 57 is 73.563
Running BFS 58
Time for BFS 58 is 0.940101
Validating BFS 58
Validate time for BFS 58 is 1.209035
TEPS for BFS 58 is 68.0778
Running BFS 59
Time for BFS 59 is 0.770067
Validating BFS 59
Validate time for BFS 59 is 1.113111
TEPS for BFS 59 is 83.1097
Running BFS 60
Time for BFS 60 is 0.850188
Validating BFS 60
Validate time for BFS 60 is 1.124778
TEPS for BFS 60 is 75.2775
Running BFS 61
Time for BFS 61 is 0.820170
Validating BFS 61
Validate time for BFS 61 is 1.204493
TEPS for BFS 61 is 78.0326
Running BFS 62
Time for BFS 62 is 0.800250
Validating BFS 62
Validate time for BFS 62 is 1.191272
TEPS for BFS 62 is 79.975
Running BFS 63
Time for BFS 63 is 0.939971
Validating BFS 63
Validate time for BFS 63 is 1.218645
TEPS for BFS 63 is 68.0872
SCALE:                          2
edgefactor:                     16
NBFS:                           64
graph_generation:               0.444036
num_mpi_processes:              32
construction_time:              0.148782
min_time:                       0.730075
firstquartile_time:             0.810137
median_time:                    0.845253
thirdquartile_time:             0.87037
max_time:                       0.969944
mean_time:                      0.845309
stddev_time:                    0.060102
min_nedge:                      64
firstquartile_nedge:            64
median_nedge:                   64
thirdquartile_nedge:            64
max_nedge:                      64
mean_nedge:                     64
stddev_nedge:                   0
min_TEPS:                       65.9832
firstquartile_TEPS:             73.5319
median_TEPS:                    75.717
thirdquartile_TEPS:             78.999
max_TEPS:                       87.6622
harmonic_mean_TEPS:             75.712
harmonic_stddev_TEPS:           0.678216
min_validate:                   1.03369
firstquartile_validate:         1.11303
median_validate:                1.15299
thirdquartile_validate:         1.20101
max_validate:                   1.26932
mean_validate:                  1.15522
stddev_validate:                0.0575598
This benchmark was run on 32 MPI Processes, Scale 2, written output_32_2.log
