graph_generation:               4.083700 s
construction_time:              0.292421 s
Running BFS 0
Time for BFS 0 is 6.280699
Validating BFS 0
Validate time for BFS 0 is 7.266450
TEPS for BFS 0 is 1304.31
Running BFS 1
Time for BFS 1 is 2.453040
Validating BFS 1
Validate time for BFS 1 is 2.885728
TEPS for BFS 1 is 3339.53
Running BFS 2
Time for BFS 2 is 1.704267
Validating BFS 2
Validate time for BFS 2 is 2.662424
TEPS for BFS 2 is 4806.76
Running BFS 3
Time for BFS 3 is 6.840617
Validating BFS 3
Validate time for BFS 3 is 4.189363
TEPS for BFS 3 is 1197.55
Running BFS 4
Time for BFS 4 is 1.561897
Validating BFS 4
Validate time for BFS 4 is 2.694267
TEPS for BFS 4 is 5244.9
Running BFS 5
Time for BFS 5 is 1.506922
Validating BFS 5
Validate time for BFS 5 is 2.518045
TEPS for BFS 5 is 5436.25
Running BFS 6
Time for BFS 6 is 1.544142
Validating BFS 6
Validate time for BFS 6 is 3.077457
TEPS for BFS 6 is 5305.21
Running BFS 7
Time for BFS 7 is 1.529545
Validating BFS 7
Validate time for BFS 7 is 2.736274
TEPS for BFS 7 is 5355.84
Running BFS 8
Time for BFS 8 is 1.504089
Validating BFS 8
Validate time for BFS 8 is 2.735064
TEPS for BFS 8 is 5446.49
Running BFS 9
Time for BFS 9 is 2.178967
Validating BFS 9
Validate time for BFS 9 is 2.871451
TEPS for BFS 9 is 3759.58
Running BFS 10
Time for BFS 10 is 2.503018
Validating BFS 10
Validate time for BFS 10 is 4.449798
TEPS for BFS 10 is 3272.85
Running BFS 11
Time for BFS 11 is 1.471556
Validating BFS 11
Validate time for BFS 11 is 4.430423
TEPS for BFS 11 is 5566.9
Running BFS 12
Time for BFS 12 is 1.393661
Validating BFS 12
Validate time for BFS 12 is 2.668883
TEPS for BFS 12 is 5878.04
Running BFS 13
Time for BFS 13 is 2.866928
Validating BFS 13
Validate time for BFS 13 is 2.827880
TEPS for BFS 13 is 2857.41
Running BFS 14
Time for BFS 14 is 1.441287
Validating BFS 14
Validate time for BFS 14 is 4.252477
TEPS for BFS 14 is 5683.81
Running BFS 15
Time for BFS 15 is 2.368380
Validating BFS 15
Validate time for BFS 15 is 2.716511
TEPS for BFS 15 is 3458.9
Running BFS 16
Time for BFS 16 is 2.154806
Validating BFS 16
Validate time for BFS 16 is 3.447124
TEPS for BFS 16 is 3801.73
Running BFS 17
Time for BFS 17 is 2.924698
Validating BFS 17
Validate time for BFS 17 is 2.885123
TEPS for BFS 17 is 2800.97
Running BFS 18
Time for BFS 18 is 1.540562
Validating BFS 18
Validate time for BFS 18 is 11.352433
TEPS for BFS 18 is 5317.54
Running BFS 19
Time for BFS 19 is 1.684427
Validating BFS 19
Validate time for BFS 19 is 5.064930
TEPS for BFS 19 is 4863.37
Running BFS 20
Time for BFS 20 is 10.722763
Validating BFS 20
Validate time for BFS 20 is 6.978957
TEPS for BFS 20 is 763.982
Running BFS 21
Time for BFS 21 is 1.543451
Validating BFS 21
Validate time for BFS 21 is 2.972143
TEPS for BFS 21 is 5307.59
Running BFS 22
Time for BFS 22 is 2.800988
Validating BFS 22
Validate time for BFS 22 is 2.952884
TEPS for BFS 22 is 2924.68
Running BFS 23
Time for BFS 23 is 1.540819
Validating BFS 23
Validate time for BFS 23 is 3.194594
TEPS for BFS 23 is 5316.65
Running BFS 24
Time for BFS 24 is 1.911894
Validating BFS 24
Validate time for BFS 24 is 4.013773
TEPS for BFS 24 is 4284.76
Running BFS 25
Time for BFS 25 is 8.651031
Validating BFS 25
Validate time for BFS 25 is 2.949859
TEPS for BFS 25 is 946.939
Running BFS 26
Time for BFS 26 is 4.255156
Validating BFS 26
Validate time for BFS 26 is 5.312660
TEPS for BFS 26 is 1925.19
Running BFS 27
Time for BFS 27 is 3.053809
Validating BFS 27
Validate time for BFS 27 is 3.638371
TEPS for BFS 27 is 2682.55
Running BFS 28
Time for BFS 28 is 3.625211
Validating BFS 28
Validate time for BFS 28 is 5.874861
TEPS for BFS 28 is 2259.73
Running BFS 29
Time for BFS 29 is 2.797045
Validating BFS 29
Validate time for BFS 29 is 3.158868
TEPS for BFS 29 is 2928.81
Running BFS 30
Time for BFS 30 is 1.791081
Validating BFS 30
Validate time for BFS 30 is 3.254055
TEPS for BFS 30 is 4573.77
Running BFS 31
Time for BFS 31 is 1.556849
Validating BFS 31
Validate time for BFS 31 is 3.267534
TEPS for BFS 31 is 5261.91
Running BFS 32
Time for BFS 32 is 2.234515
Validating BFS 32
Validate time for BFS 32 is 10.353273
TEPS for BFS 32 is 3666.12
Running BFS 33
Time for BFS 33 is 3.937343
Validating BFS 33
Validate time for BFS 33 is 9.793600
TEPS for BFS 33 is 2080.59
Running BFS 34
Time for BFS 34 is 1.614580
Validating BFS 34
Validate time for BFS 34 is 3.831814
TEPS for BFS 34 is 5073.77
Running BFS 35
Time for BFS 35 is 3.205533
Validating BFS 35
Validate time for BFS 35 is 5.405102
TEPS for BFS 35 is 2555.58
Running BFS 36
Time for BFS 36 is 3.109346
Validating BFS 36
Validate time for BFS 36 is 3.408256
TEPS for BFS 36 is 2634.64
Running BFS 37
Time for BFS 37 is 1.553003
Validating BFS 37
Validate time for BFS 37 is 3.219781
TEPS for BFS 37 is 5274.94
Running BFS 38
Time for BFS 38 is 2.442045
Validating BFS 38
Validate time for BFS 38 is 3.391909
TEPS for BFS 38 is 3354.57
Running BFS 39
Time for BFS 39 is 1.944310
Validating BFS 39
Validate time for BFS 39 is 9.280482
TEPS for BFS 39 is 4213.32
Running BFS 40
Time for BFS 40 is 2.057048
Validating BFS 40
Validate time for BFS 40 is 4.902890
TEPS for BFS 40 is 3982.41
Running BFS 41
Time for BFS 41 is 2.883356
Validating BFS 41
Validate time for BFS 41 is 8.007670
TEPS for BFS 41 is 2841.13
Running BFS 42
Time for BFS 42 is 1.867938
Validating BFS 42
Validate time for BFS 42 is 3.628497
TEPS for BFS 42 is 4385.58
Running BFS 43
Time for BFS 43 is 1.928447
Validating BFS 43
Validate time for BFS 43 is 3.871803
TEPS for BFS 43 is 4247.98
Running BFS 44
Time for BFS 44 is 2.219841
Validating BFS 44
Validate time for BFS 44 is 7.063022
TEPS for BFS 44 is 3690.35
Running BFS 45
Time for BFS 45 is 1.772152
Validating BFS 45
Validate time for BFS 45 is 7.398084
TEPS for BFS 45 is 4622.63
Running BFS 46
Time for BFS 46 is 2.171811
Validating BFS 46
Validate time for BFS 46 is 3.826583
TEPS for BFS 46 is 3771.97
Running BFS 47
Time for BFS 47 is 2.060232
Validating BFS 47
Validate time for BFS 47 is 4.333914
TEPS for BFS 47 is 3976.25
Running BFS 48
Time for BFS 48 is 2.007242
Validating BFS 48
Validate time for BFS 48 is 4.244980
TEPS for BFS 48 is 4081.22
Running BFS 49
Time for BFS 49 is 4.318632
Validating BFS 49
Validate time for BFS 49 is 4.167662
TEPS for BFS 49 is 1896.9
Running BFS 50
Time for BFS 50 is 1.769984
Validating BFS 50
Validate time for BFS 50 is 7.168607
TEPS for BFS 50 is 4628.29
Running BFS 51
Time for BFS 51 is 1.617259
Validating BFS 51
Validate time for BFS 51 is 7.286032
TEPS for BFS 51 is 5065.36
Running BFS 52
Time for BFS 52 is 2.747284
Validating BFS 52
Validate time for BFS 52 is 8.377168
TEPS for BFS 52 is 2981.85
Running BFS 53
Time for BFS 53 is 1.862917
Validating BFS 53
Validate time for BFS 53 is 7.559725
TEPS for BFS 53 is 4397.4
Running BFS 54
Time for BFS 54 is 2.587311
Validating BFS 54
Validate time for BFS 54 is 9.775825
TEPS for BFS 54 is 3166.22
Running BFS 55
Time for BFS 55 is 2.547371
Validating BFS 55
Validate time for BFS 55 is 6.959216
TEPS for BFS 55 is 3215.86
Running BFS 56
Time for BFS 56 is 1.587462
Validating BFS 56
Validate time for BFS 56 is 5.869549
TEPS for BFS 56 is 5160.44
Running BFS 57
Time for BFS 57 is 2.170066
Validating BFS 57
Validate time for BFS 57 is 9.973656
TEPS for BFS 57 is 3775
Running BFS 58
Time for BFS 58 is 1.650284
Validating BFS 58
Validate time for BFS 58 is 4.971955
TEPS for BFS 58 is 4963.99
Running BFS 59
Time for BFS 59 is 2.888772
Validating BFS 59
Validate time for BFS 59 is 7.196985
TEPS for BFS 59 is 2835.81
Running BFS 60
Time for BFS 60 is 2.024915
Validating BFS 60
Validate time for BFS 60 is 5.473280
TEPS for BFS 60 is 4045.6
Running BFS 61
Time for BFS 61 is 2.486109
Validating BFS 61
Validate time for BFS 61 is 6.098919
TEPS for BFS 61 is 3295.11
Running BFS 62
Time for BFS 62 is 2.884545
Validating BFS 62
Validate time for BFS 62 is 5.397246
TEPS for BFS 62 is 2839.96
Running BFS 63
Time for BFS 63 is 2.296655
Validating BFS 63
Validate time for BFS 63 is 11.808516
TEPS for BFS 63 is 3566.93
SCALE:                          9
edgefactor:                     16
NBFS:                           64
graph_generation:               4.0837
num_mpi_processes:              128
construction_time:              0.292421
min_time:                       1.39366
firstquartile_time:             1.63377
median_time:                    2.16244
thirdquartile_time:             2.83396
max_time:                       10.7228
mean_time:                      2.59612
stddev_time:                    1.65153
min_nedge:                      8192
firstquartile_nedge:            8192
median_nedge:                   8192
thirdquartile_nedge:            8192
max_nedge:                      8192
mean_nedge:                     8192
stddev_nedge:                   0
min_TEPS:                       763.982
firstquartile_TEPS:             2890.66
median_TEPS:                    3788.32
thirdquartile_TEPS:             5014.16
max_TEPS:                       5878.04
harmonic_mean_TEPS:             3155.47
harmonic_stddev_TEPS:           252.904
min_validate:                   2.51805
firstquartile_validate:         3.17673
median_validate:                4.24873
thirdquartile_validate:         7.02099
max_validate:                   11.8085
mean_validate:                  5.14604
stddev_validate:                2.45209
This benchmark was run on 128 MPI Processes, Scale 9, written output_128_9.log
