graph_generation:               3.733777 s
construction_time:              0.227471 s
Running BFS 0
Time for BFS 0 is 1.799192
Validating BFS 0
Validate time for BFS 0 is 1.646385
TEPS for BFS 0 is 1138.29
Running BFS 1
Time for BFS 1 is 1.171094
Validating BFS 1
Validate time for BFS 1 is 1.612510
TEPS for BFS 1 is 1748.79
Running BFS 2
Time for BFS 2 is 1.134781
Validating BFS 2
Validate time for BFS 2 is 1.591795
TEPS for BFS 2 is 1804.75
Running BFS 3
Time for BFS 3 is 1.180494
Validating BFS 3
Validate time for BFS 3 is 2.009826
TEPS for BFS 3 is 1734.87
Running BFS 4
Time for BFS 4 is 1.163499
Validating BFS 4
Validate time for BFS 4 is 1.579978
TEPS for BFS 4 is 1760.21
Running BFS 5
Time for BFS 5 is 1.163023
Validating BFS 5
Validate time for BFS 5 is 1.572039
TEPS for BFS 5 is 1760.93
Running BFS 6
Time for BFS 6 is 1.130751
Validating BFS 6
Validate time for BFS 6 is 1.618232
TEPS for BFS 6 is 1811.19
Running BFS 7
Time for BFS 7 is 1.220755
Validating BFS 7
Validate time for BFS 7 is 2.989371
TEPS for BFS 7 is 1677.65
Running BFS 8
Time for BFS 8 is 1.169994
Validating BFS 8
Validate time for BFS 8 is 2.823546
TEPS for BFS 8 is 1750.44
Running BFS 9
Time for BFS 9 is 4.728699
Validating BFS 9
Validate time for BFS 9 is 1.661075
TEPS for BFS 9 is 433.1
Running BFS 10
Time for BFS 10 is 2.612386
Validating BFS 10
Validate time for BFS 10 is 1.622298
TEPS for BFS 10 is 783.958
Running BFS 11
Time for BFS 11 is 1.200071
Validating BFS 11
Validate time for BFS 11 is 2.045516
TEPS for BFS 11 is 1706.57
Running BFS 12
Time for BFS 12 is 3.250880
Validating BFS 12
Validate time for BFS 12 is 1.628421
TEPS for BFS 12 is 629.983
Running BFS 13
Time for BFS 13 is 3.599047
Validating BFS 13
Validate time for BFS 13 is 1.682638
TEPS for BFS 13 is 569.04
Running BFS 14
Time for BFS 14 is 1.156894
Validating BFS 14
Validate time for BFS 14 is 1.623803
TEPS for BFS 14 is 1770.26
Running BFS 15
Time for BFS 15 is 1.130341
Validating BFS 15
Validate time for BFS 15 is 1.656478
TEPS for BFS 15 is 1811.84
Running BFS 16
Time for BFS 16 is 1.169614
Validating BFS 16
Validate time for BFS 16 is 4.092325
TEPS for BFS 16 is 1751.01
Running BFS 17
Time for BFS 17 is 1.132933
Validating BFS 17
Validate time for BFS 17 is 1.709580
TEPS for BFS 17 is 1807.7
Running BFS 18
Time for BFS 18 is 1.700257
Validating BFS 18
Validate time for BFS 18 is 2.085901
TEPS for BFS 18 is 1204.52
Running BFS 19
Time for BFS 19 is 1.298137
Validating BFS 19
Validate time for BFS 19 is 1.795095
TEPS for BFS 19 is 1577.65
Running BFS 20
Time for BFS 20 is 1.160245
Validating BFS 20
Validate time for BFS 20 is 3.533823
TEPS for BFS 20 is 1765.14
Running BFS 21
Time for BFS 21 is 1.092625
Validating BFS 21
Validate time for BFS 21 is 1.811698
TEPS for BFS 21 is 1874.38
Running BFS 22
Time for BFS 22 is 1.293032
Validating BFS 22
Validate time for BFS 22 is 2.116683
TEPS for BFS 22 is 1583.87
Running BFS 23
Time for BFS 23 is 1.200179
Validating BFS 23
Validate time for BFS 23 is 1.693941
TEPS for BFS 23 is 1706.41
Running BFS 24
Time for BFS 24 is 1.141092
Validating BFS 24
Validate time for BFS 24 is 1.953160
TEPS for BFS 24 is 1794.77
Running BFS 25
Time for BFS 25 is 1.137248
Validating BFS 25
Validate time for BFS 25 is 1.683516
TEPS for BFS 25 is 1800.84
Running BFS 26
Time for BFS 26 is 3.110767
Validating BFS 26
Validate time for BFS 26 is 1.946011
TEPS for BFS 26 is 658.359
Running BFS 27
Time for BFS 27 is 1.170206
Validating BFS 27
Validate time for BFS 27 is 2.136906
TEPS for BFS 27 is 1750.12
Running BFS 28
Time for BFS 28 is 1.215826
Validating BFS 28
Validate time for BFS 28 is 1.850104
TEPS for BFS 28 is 1684.45
Running BFS 29
Time for BFS 29 is 1.209630
Validating BFS 29
Validate time for BFS 29 is 4.432583
TEPS for BFS 29 is 1693.08
Running BFS 30
Time for BFS 30 is 1.295072
Validating BFS 30
Validate time for BFS 30 is 2.533110
TEPS for BFS 30 is 1581.38
Running BFS 31
Time for BFS 31 is 1.278049
Validating BFS 31
Validate time for BFS 31 is 3.927210
TEPS for BFS 31 is 1602.44
Running BFS 32
Time for BFS 32 is 1.231446
Validating BFS 32
Validate time for BFS 32 is 1.750003
TEPS for BFS 32 is 1663.09
Running BFS 33
Time for BFS 33 is 1.128963
Validating BFS 33
Validate time for BFS 33 is 1.809657
TEPS for BFS 33 is 1814.05
Running BFS 34
Time for BFS 34 is 1.220313
Validating BFS 34
Validate time for BFS 34 is 2.705680
TEPS for BFS 34 is 1678.26
Running BFS 35
Time for BFS 35 is 1.161738
Validating BFS 35
Validate time for BFS 35 is 1.745307
TEPS for BFS 35 is 1762.88
Running BFS 36
Time for BFS 36 is 1.270285
Validating BFS 36
Validate time for BFS 36 is 1.857326
TEPS for BFS 36 is 1612.24
Running BFS 37
Time for BFS 37 is 2.526136
Validating BFS 37
Validate time for BFS 37 is 1.736167
TEPS for BFS 37 is 810.724
Running BFS 38
Time for BFS 38 is 1.140036
Validating BFS 38
Validate time for BFS 38 is 1.791186
TEPS for BFS 38 is 1796.43
Running BFS 39
Time for BFS 39 is 1.161633
Validating BFS 39
Validate time for BFS 39 is 1.779333
TEPS for BFS 39 is 1763.04
Running BFS 40
Time for BFS 40 is 1.260475
Validating BFS 40
Validate time for BFS 40 is 1.921745
TEPS for BFS 40 is 1624.78
Running BFS 41
Time for BFS 41 is 2.031959
Validating BFS 41
Validate time for BFS 41 is 1.840177
TEPS for BFS 41 is 1007.89
Running BFS 42
Time for BFS 42 is 1.561250
Validating BFS 42
Validate time for BFS 42 is 2.409919
TEPS for BFS 42 is 1311.77
Running BFS 43
Time for BFS 43 is 1.100226
Validating BFS 43
Validate time for BFS 43 is 4.705922
TEPS for BFS 43 is 1861.44
Running BFS 44
Time for BFS 44 is 1.140415
Validating BFS 44
Validate time for BFS 44 is 4.555313
TEPS for BFS 44 is 1795.84
Running BFS 45
Time for BFS 45 is 1.180020
Validating BFS 45
Validate time for BFS 45 is 5.345753
TEPS for BFS 45 is 1735.56
Running BFS 46
Time for BFS 46 is 1.110284
Validating BFS 46
Validate time for BFS 46 is 1.914815
TEPS for BFS 46 is 1844.57
Running BFS 47
Time for BFS 47 is 3.361852
Validating BFS 47
Validate time for BFS 47 is 3.503902
TEPS for BFS 47 is 609.188
Running BFS 48
Time for BFS 48 is 1.213035
Validating BFS 48
Validate time for BFS 48 is 2.578529
TEPS for BFS 48 is 1688.33
Running BFS 49
Time for BFS 49 is 1.147426
Validating BFS 49
Validate time for BFS 49 is 3.228803
TEPS for BFS 49 is 1784.86
Running BFS 50
Time for BFS 50 is 1.153527
Validating BFS 50
Validate time for BFS 50 is 2.217924
TEPS for BFS 50 is 1775.42
Running BFS 51
Time for BFS 51 is 3.179975
Validating BFS 51
Validate time for BFS 51 is 1.855095
TEPS for BFS 51 is 644.03
Running BFS 52
Time for BFS 52 is 3.112545
Validating BFS 52
Validate time for BFS 52 is 1.877728
TEPS for BFS 52 is 657.982
Running BFS 53
Time for BFS 53 is 1.143629
Validating BFS 53
Validate time for BFS 53 is 1.801975
TEPS for BFS 53 is 1790.79
Running BFS 54
Time for BFS 54 is 1.270480
Validating BFS 54
Validate time for BFS 54 is 2.005059
TEPS for BFS 54 is 1611.99
Running BFS 55
Time for BFS 55 is 4.398535
Validating BFS 55
Validate time for BFS 55 is 1.875410
TEPS for BFS 55 is 465.61
Running BFS 56
Time for BFS 56 is 1.090055
Validating BFS 56
Validate time for BFS 56 is 1.712183
TEPS for BFS 56 is 1878.8
Running BFS 57
Time for BFS 57 is 1.160169
Validating BFS 57
Validate time for BFS 57 is 2.281533
TEPS for BFS 57 is 1765.26
Running BFS 58
Time for BFS 58 is 1.297779
Validating BFS 58
Validate time for BFS 58 is 2.021253
TEPS for BFS 58 is 1578.08
Running BFS 59
Time for BFS 59 is 1.226662
Validating BFS 59
Validate time for BFS 59 is 1.970089
TEPS for BFS 59 is 1669.57
Running BFS 60
Time for BFS 60 is 1.250516
Validating BFS 60
Validate time for BFS 60 is 1.901254
TEPS for BFS 60 is 1637.72
Running BFS 61
Time for BFS 61 is 1.334855
Validating BFS 61
Validate time for BFS 61 is 2.117747
TEPS for BFS 61 is 1534.25
Running BFS 62
Time for BFS 62 is 1.159734
Validating BFS 62
Validate time for BFS 62 is 2.043014
TEPS for BFS 62 is 1765.92
Running BFS 63
Time for BFS 63 is 1.287789
Validating BFS 63
Validate time for BFS 63 is 2.441561
TEPS for BFS 63 is 1590.32
SCALE:                          7
edgefactor:                     16
NBFS:                           64
graph_generation:               3.73378
num_mpi_processes:              64
construction_time:              0.227471
min_time:                       1.09005
firstquartile_time:             1.15521
median_time:                    1.2049
thirdquartile_time:             1.29796
max_time:                       4.7287
mean_time:                      1.56923
stddev_time:                    0.847025
min_nedge:                      2048
firstquartile_nedge:            2048
median_nedge:                   2048
thirdquartile_nedge:            2048
max_nedge:                      2048
mean_nedge:                     2048
stddev_nedge:                   0
min_TEPS:                       433.1
firstquartile_TEPS:             1577.86
median_TEPS:                    1699.72
thirdquartile_TEPS:             1772.84
max_TEPS:                       1878.8
harmonic_mean_TEPS:             1305.1
harmonic_stddev_TEPS:           88.7532
min_validate:                   1.57204
firstquartile_validate:         1.72417
median_validate:                1.90803
thirdquartile_validate:         2.34573
max_validate:                   5.34575
mean_validate:                  2.24948
stddev_validate:                0.865319
This benchmark was run on 64 MPI Processes, Scale 7, written output_64_7.log
