graph_generation:               2.897236 s
construction_time:              0.178561 s
Running BFS 0
Time for BFS 0 is 1.537915
Validating BFS 0
Validate time for BFS 0 is 2.518463
TEPS for BFS 0 is 5326.69
Running BFS 1
Time for BFS 1 is 1.540507
Validating BFS 1
Validate time for BFS 1 is 3.466294
TEPS for BFS 1 is 5317.73
Running BFS 2
Time for BFS 2 is 1.390878
Validating BFS 2
Validate time for BFS 2 is 3.325246
TEPS for BFS 2 is 5889.81
Running BFS 3
Time for BFS 3 is 1.240101
Validating BFS 3
Validate time for BFS 3 is 2.264033
TEPS for BFS 3 is 6605.91
Running BFS 4
Time for BFS 4 is 1.291419
Validating BFS 4
Validate time for BFS 4 is 2.646409
TEPS for BFS 4 is 6343.41
Running BFS 5
Time for BFS 5 is 1.220143
Validating BFS 5
Validate time for BFS 5 is 1.736707
TEPS for BFS 5 is 6713.97
Running BFS 6
Time for BFS 6 is 1.280010
Validating BFS 6
Validate time for BFS 6 is 1.831381
TEPS for BFS 6 is 6399.95
Running BFS 7
Time for BFS 7 is 1.230171
Validating BFS 7
Validate time for BFS 7 is 1.880323
TEPS for BFS 7 is 6659.24
Running BFS 8
Time for BFS 8 is 1.329906
Validating BFS 8
Validate time for BFS 8 is 1.847329
TEPS for BFS 8 is 6159.83
Running BFS 9
Time for BFS 9 is 1.103422
Validating BFS 9
Validate time for BFS 9 is 1.838763
TEPS for BFS 9 is 7424.18
Running BFS 10
Time for BFS 10 is 1.090303
Validating BFS 10
Validate time for BFS 10 is 1.771118
TEPS for BFS 10 is 7513.51
Running BFS 11
Time for BFS 11 is 1.090809
Validating BFS 11
Validate time for BFS 11 is 1.755916
TEPS for BFS 11 is 7510.02
Running BFS 12
Time for BFS 12 is 1.110289
Validating BFS 12
Validate time for BFS 12 is 3.376103
TEPS for BFS 12 is 7378.26
Running BFS 13
Time for BFS 13 is 1.191592
Validating BFS 13
Validate time for BFS 13 is 2.573344
TEPS for BFS 13 is 6874.84
Running BFS 14
Time for BFS 14 is 1.060028
Validating BFS 14
Validate time for BFS 14 is 1.773876
TEPS for BFS 14 is 7728.1
Running BFS 15
Time for BFS 15 is 1.130002
Validating BFS 15
Validate time for BFS 15 is 1.856510
TEPS for BFS 15 is 7249.54
Running BFS 16
Time for BFS 16 is 1.220056
Validating BFS 16
Validate time for BFS 16 is 1.961991
TEPS for BFS 16 is 6714.45
Running BFS 17
Time for BFS 17 is 1.250059
Validating BFS 17
Validate time for BFS 17 is 1.919175
TEPS for BFS 17 is 6553.29
Running BFS 18
Time for BFS 18 is 1.290075
Validating BFS 18
Validate time for BFS 18 is 1.966251
TEPS for BFS 18 is 6350.02
Running BFS 19
Time for BFS 19 is 1.299880
Validating BFS 19
Validate time for BFS 19 is 1.975586
TEPS for BFS 19 is 6302.12
Running BFS 20
Time for BFS 20 is 1.220192
Validating BFS 20
Validate time for BFS 20 is 2.048233
TEPS for BFS 20 is 6713.7
Running BFS 21
Time for BFS 21 is 1.330050
Validating BFS 21
Validate time for BFS 21 is 2.021860
TEPS for BFS 21 is 6159.17
Running BFS 22
Time for BFS 22 is 1.100033
Validating BFS 22
Validate time for BFS 22 is 1.913000
TEPS for BFS 22 is 7447.05
Running BFS 23
Time for BFS 23 is 1.200080
Validating BFS 23
Validate time for BFS 23 is 1.936363
TEPS for BFS 23 is 6826.21
Running BFS 24
Time for BFS 24 is 1.210032
Validating BFS 24
Validate time for BFS 24 is 1.985289
TEPS for BFS 24 is 6770.07
Running BFS 25
Time for BFS 25 is 1.180016
Validating BFS 25
Validate time for BFS 25 is 1.963725
TEPS for BFS 25 is 6942.28
Running BFS 26
Time for BFS 26 is 1.190001
Validating BFS 26
Validate time for BFS 26 is 2.063944
TEPS for BFS 26 is 6884.03
Running BFS 27
Time for BFS 27 is 1.329970
Validating BFS 27
Validate time for BFS 27 is 1.994269
TEPS for BFS 27 is 6159.54
Running BFS 28
Time for BFS 28 is 1.189942
Validating BFS 28
Validate time for BFS 28 is 2.066429
TEPS for BFS 28 is 6884.37
Running BFS 29
Time for BFS 29 is 1.279910
Validating BFS 29
Validate time for BFS 29 is 2.139364
TEPS for BFS 29 is 6400.45
Running BFS 30
Time for BFS 30 is 1.359920
Validating BFS 30
Validate time for BFS 30 is 2.192284
TEPS for BFS 30 is 6023.88
Running BFS 31
Time for BFS 31 is 1.189990
Validating BFS 31
Validate time for BFS 31 is 2.093057
TEPS for BFS 31 is 6884.09
Running BFS 32
Time for BFS 32 is 1.290002
Validating BFS 32
Validate time for BFS 32 is 2.205777
TEPS for BFS 32 is 6350.38
Running BFS 33
Time for BFS 33 is 1.309982
Validating BFS 33
Validate time for BFS 33 is 2.220903
TEPS for BFS 33 is 6253.52
Running BFS 34
Time for BFS 34 is 1.100917
Validating BFS 34
Validate time for BFS 34 is 2.500097
TEPS for BFS 34 is 7441.07
Running BFS 35
Time for BFS 35 is 1.301162
Validating BFS 35
Validate time for BFS 35 is 3.826936
TEPS for BFS 35 is 6295.91
Running BFS 36
Time for BFS 36 is 1.310728
Validating BFS 36
Validate time for BFS 36 is 3.842022
TEPS for BFS 36 is 6249.96
Running BFS 37
Time for BFS 37 is 1.121026
Validating BFS 37
Validate time for BFS 37 is 2.678212
TEPS for BFS 37 is 7307.59
Running BFS 38
Time for BFS 38 is 1.191160
Validating BFS 38
Validate time for BFS 38 is 3.762620
TEPS for BFS 38 is 6877.33
Running BFS 39
Time for BFS 39 is 1.211145
Validating BFS 39
Validate time for BFS 39 is 2.850764
TEPS for BFS 39 is 6763.85
Running BFS 40
Time for BFS 40 is 1.290379
Validating BFS 40
Validate time for BFS 40 is 2.370420
TEPS for BFS 40 is 6348.52
Running BFS 41
Time for BFS 41 is 1.300463
Validating BFS 41
Validate time for BFS 41 is 2.295902
TEPS for BFS 41 is 6299.3
Running BFS 42
Time for BFS 42 is 1.300635
Validating BFS 42
Validate time for BFS 42 is 2.325632
TEPS for BFS 42 is 6298.46
Running BFS 43
Time for BFS 43 is 1.410610
Validating BFS 43
Validate time for BFS 43 is 2.333069
TEPS for BFS 43 is 5807.42
Running BFS 44
Time for BFS 44 is 1.253088
Validating BFS 44
Validate time for BFS 44 is 2.395790
TEPS for BFS 44 is 6537.45
Running BFS 45
Time for BFS 45 is 1.208427
Validating BFS 45
Validate time for BFS 45 is 3.693657
TEPS for BFS 45 is 6779.06
Running BFS 46
Time for BFS 46 is 1.223179
Validating BFS 46
Validate time for BFS 46 is 2.281973
TEPS for BFS 46 is 6697.3
Running BFS 47
Time for BFS 47 is 1.240221
Validating BFS 47
Validate time for BFS 47 is 2.430940
TEPS for BFS 47 is 6605.27
Running BFS 48
Time for BFS 48 is 1.390689
Validating BFS 48
Validate time for BFS 48 is 2.451680
TEPS for BFS 48 is 5890.6
Running BFS 49
Time for BFS 49 is 1.200902
Validating BFS 49
Validate time for BFS 49 is 2.341308
TEPS for BFS 49 is 6821.54
Running BFS 50
Time for BFS 50 is 1.210339
Validating BFS 50
Validate time for BFS 50 is 2.373153
TEPS for BFS 50 is 6768.35
Running BFS 51
Time for BFS 51 is 1.190885
Validating BFS 51
Validate time for BFS 51 is 2.397569
TEPS for BFS 51 is 6878.92
Running BFS 52
Time for BFS 52 is 1.350663
Validating BFS 52
Validate time for BFS 52 is 2.473337
TEPS for BFS 52 is 6065.17
Running BFS 53
Time for BFS 53 is 1.160523
Validating BFS 53
Validate time for BFS 53 is 2.351870
TEPS for BFS 53 is 7058.89
Running BFS 54
Time for BFS 54 is 1.120661
Validating BFS 54
Validate time for BFS 54 is 2.383777
TEPS for BFS 54 is 7309.97
Running BFS 55
Time for BFS 55 is 1.292987
Validating BFS 55
Validate time for BFS 55 is 2.503719
TEPS for BFS 55 is 6335.72
Running BFS 56
Time for BFS 56 is 1.251112
Validating BFS 56
Validate time for BFS 56 is 3.458820
TEPS for BFS 56 is 6547.78
Running BFS 57
Time for BFS 57 is 1.351574
Validating BFS 57
Validate time for BFS 57 is 2.804111
TEPS for BFS 57 is 6061.08
Running BFS 58
Time for BFS 58 is 1.243043
Validating BFS 58
Validate time for BFS 58 is 2.596311
TEPS for BFS 58 is 6590.28
Running BFS 59
Time for BFS 59 is 1.371114
Validating BFS 59
Validate time for BFS 59 is 4.220723
TEPS for BFS 59 is 5974.7
Running BFS 60
Time for BFS 60 is 1.441058
Validating BFS 60
Validate time for BFS 60 is 3.185203
TEPS for BFS 60 is 5684.71
Running BFS 61
Time for BFS 61 is 1.360159
Validating BFS 61
Validate time for BFS 61 is 2.615960
TEPS for BFS 61 is 6022.83
Running BFS 62
Time for BFS 62 is 1.300137
Validating BFS 62
Validate time for BFS 62 is 2.751557
TEPS for BFS 62 is 6300.87
Running BFS 63
Time for BFS 63 is 1.389999
Validating BFS 63
Validate time for BFS 63 is 2.712698
TEPS for BFS 63 is 5893.53
SCALE:                          9
edgefactor:                     16
NBFS:                           64
graph_generation:               2.89724
num_mpi_processes:              32
construction_time:              0.178561
min_time:                       1.06003
firstquartile_time:             1.19102
median_time:                    1.24655
thirdquartile_time:             1.31036
max_time:                       1.54051
mean_time:                      1.25573
stddev_time:                    0.102764
min_nedge:                      8192
firstquartile_nedge:            8192
median_nedge:                   8192
thirdquartile_nedge:            8192
max_nedge:                      8192
mean_nedge:                     8192
stddev_nedge:                   0
min_TEPS:                       5317.73
firstquartile_TEPS:             6251.74
median_TEPS:                    6571.73
thirdquartile_TEPS:             6878.12
max_TEPS:                       7728.1
harmonic_mean_TEPS:             6523.7
harmonic_stddev_TEPS:           67.2621
min_validate:                   1.73671
firstquartile_validate:         1.98044
median_validate:                2.33719
thirdquartile_validate:         2.63118
max_validate:                   4.22072
mean_validate:                  2.4428
stddev_validate:                0.593095
This benchmark was run on 32 MPI Processes, Scale 9, written output_32_9.log
