graph_generation:               4.392156 s
construction_time:              0.262585 s
Running BFS 0
Time for BFS 0 is 1.549627
Validating BFS 0
Validate time for BFS 0 is 1.993342
TEPS for BFS 0 is 2643.22
Running BFS 1
Time for BFS 1 is 1.179207
Validating BFS 1
Validate time for BFS 1 is 1.696944
TEPS for BFS 1 is 3473.52
Running BFS 2
Time for BFS 2 is 1.357560
Validating BFS 2
Validate time for BFS 2 is 1.838912
TEPS for BFS 2 is 3017.18
Running BFS 3
Time for BFS 3 is 2.212515
Validating BFS 3
Validate time for BFS 3 is 1.745970
TEPS for BFS 3 is 1851.29
Running BFS 4
Time for BFS 4 is 1.279044
Validating BFS 4
Validate time for BFS 4 is 5.254367
TEPS for BFS 4 is 3202.39
Running BFS 5
Time for BFS 5 is 3.460752
Validating BFS 5
Validate time for BFS 5 is 5.674013
TEPS for BFS 5 is 1183.56
Running BFS 6
Time for BFS 6 is 4.990690
Validating BFS 6
Validate time for BFS 6 is 2.852126
TEPS for BFS 6 is 820.728
Running BFS 7
Time for BFS 7 is 1.410088
Validating BFS 7
Validate time for BFS 7 is 1.878855
TEPS for BFS 7 is 2904.78
Running BFS 8
Time for BFS 8 is 1.223385
Validating BFS 8
Validate time for BFS 8 is 1.918914
TEPS for BFS 8 is 3348.09
Running BFS 9
Time for BFS 9 is 1.170614
Validating BFS 9
Validate time for BFS 9 is 1.749590
TEPS for BFS 9 is 3499.02
Running BFS 10
Time for BFS 10 is 1.295223
Validating BFS 10
Validate time for BFS 10 is 1.884707
TEPS for BFS 10 is 3162.39
Running BFS 11
Time for BFS 11 is 1.284004
Validating BFS 11
Validate time for BFS 11 is 1.873267
TEPS for BFS 11 is 3190.02
Running BFS 12
Time for BFS 12 is 1.150190
Validating BFS 12
Validate time for BFS 12 is 9.598827
TEPS for BFS 12 is 3561.15
Running BFS 13
Time for BFS 13 is 2.194551
Validating BFS 13
Validate time for BFS 13 is 1.984917
TEPS for BFS 13 is 1866.44
Running BFS 14
Time for BFS 14 is 1.330279
Validating BFS 14
Validate time for BFS 14 is 2.165462
TEPS for BFS 14 is 3079.05
Running BFS 15
Time for BFS 15 is 1.267169
Validating BFS 15
Validate time for BFS 15 is 3.612633
TEPS for BFS 15 is 3232.4
Running BFS 16
Time for BFS 16 is 1.142729
Validating BFS 16
Validate time for BFS 16 is 3.807286
TEPS for BFS 16 is 3584.4
Running BFS 17
Time for BFS 17 is 1.245399
Validating BFS 17
Validate time for BFS 17 is 3.549091
TEPS for BFS 17 is 3288.91
Running BFS 18
Time for BFS 18 is 1.340120
Validating BFS 18
Validate time for BFS 18 is 3.536289
TEPS for BFS 18 is 3056.44
Running BFS 19
Time for BFS 19 is 1.234029
Validating BFS 19
Validate time for BFS 19 is 1.975179
TEPS for BFS 19 is 3319.21
Running BFS 20
Time for BFS 20 is 1.169270
Validating BFS 20
Validate time for BFS 20 is 2.066188
TEPS for BFS 20 is 3503.04
Running BFS 21
Time for BFS 21 is 1.309307
Validating BFS 21
Validate time for BFS 21 is 1.844352
TEPS for BFS 21 is 3128.37
Running BFS 22
Time for BFS 22 is 1.392319
Validating BFS 22
Validate time for BFS 22 is 2.027955
TEPS for BFS 22 is 2941.85
Running BFS 23
Time for BFS 23 is 1.249615
Validating BFS 23
Validate time for BFS 23 is 2.679110
TEPS for BFS 23 is 3277.81
Running BFS 24
Time for BFS 24 is 1.270171
Validating BFS 24
Validate time for BFS 24 is 1.928364
TEPS for BFS 24 is 3224.76
Running BFS 25
Time for BFS 25 is 1.209769
Validating BFS 25
Validate time for BFS 25 is 1.883483
TEPS for BFS 25 is 3385.77
Running BFS 26
Time for BFS 26 is 1.329756
Validating BFS 26
Validate time for BFS 26 is 2.095152
TEPS for BFS 26 is 3080.26
Running BFS 27
Time for BFS 27 is 1.204605
Validating BFS 27
Validate time for BFS 27 is 1.868886
TEPS for BFS 27 is 3400.28
Running BFS 28
Time for BFS 28 is 1.251089
Validating BFS 28
Validate time for BFS 28 is 3.323001
TEPS for BFS 28 is 3273.95
Running BFS 29
Time for BFS 29 is 2.121446
Validating BFS 29
Validate time for BFS 29 is 2.952715
TEPS for BFS 29 is 1930.76
Running BFS 30
Time for BFS 30 is 1.213191
Validating BFS 30
Validate time for BFS 30 is 2.880953
TEPS for BFS 30 is 3376.22
Running BFS 31
Time for BFS 31 is 1.330084
Validating BFS 31
Validate time for BFS 31 is 2.048412
TEPS for BFS 31 is 3079.5
Running BFS 32
Time for BFS 32 is 1.235200
Validating BFS 32
Validate time for BFS 32 is 3.550221
TEPS for BFS 32 is 3316.06
Running BFS 33
Time for BFS 33 is 4.112171
Validating BFS 33
Validate time for BFS 33 is 1.959122
TEPS for BFS 33 is 996.068
Running BFS 34
Time for BFS 34 is 3.886356
Validating BFS 34
Validate time for BFS 34 is 1.957073
TEPS for BFS 34 is 1053.94
Running BFS 35
Time for BFS 35 is 1.401540
Validating BFS 35
Validate time for BFS 35 is 2.164723
TEPS for BFS 35 is 2922.5
Running BFS 36
Time for BFS 36 is 1.220645
Validating BFS 36
Validate time for BFS 36 is 2.966495
TEPS for BFS 36 is 3355.6
Running BFS 37
Time for BFS 37 is 1.280985
Validating BFS 37
Validate time for BFS 37 is 2.132287
TEPS for BFS 37 is 3197.54
Running BFS 38
Time for BFS 38 is 1.320868
Validating BFS 38
Validate time for BFS 38 is 2.102232
TEPS for BFS 38 is 3100.99
Running BFS 39
Time for BFS 39 is 1.277926
Validating BFS 39
Validate time for BFS 39 is 2.097408
TEPS for BFS 39 is 3205.19
Running BFS 40
Time for BFS 40 is 1.283861
Validating BFS 40
Validate time for BFS 40 is 2.523671
TEPS for BFS 40 is 3190.38
Running BFS 41
Time for BFS 41 is 1.236195
Validating BFS 41
Validate time for BFS 41 is 2.051581
TEPS for BFS 41 is 3313.39
Running BFS 42
Time for BFS 42 is 1.364161
Validating BFS 42
Validate time for BFS 42 is 3.023203
TEPS for BFS 42 is 3002.58
Running BFS 43
Time for BFS 43 is 1.280704
Validating BFS 43
Validate time for BFS 43 is 3.370468
TEPS for BFS 43 is 3198.24
Running BFS 44
Time for BFS 44 is 1.260179
Validating BFS 44
Validate time for BFS 44 is 2.040234
TEPS for BFS 44 is 3250.33
Running BFS 45
Time for BFS 45 is 1.241132
Validating BFS 45
Validate time for BFS 45 is 2.051765
TEPS for BFS 45 is 3300.21
Running BFS 46
Time for BFS 46 is 1.234995
Validating BFS 46
Validate time for BFS 46 is 3.448820
TEPS for BFS 46 is 3316.61
Running BFS 47
Time for BFS 47 is 1.350582
Validating BFS 47
Validate time for BFS 47 is 2.293487
TEPS for BFS 47 is 3032.77
Running BFS 48
Time for BFS 48 is 1.310117
Validating BFS 48
Validate time for BFS 48 is 2.685074
TEPS for BFS 48 is 3126.44
Running BFS 49
Time for BFS 49 is 1.470062
Validating BFS 49
Validate time for BFS 49 is 2.217192
TEPS for BFS 49 is 2786.28
Running BFS 50
Time for BFS 50 is 1.209371
Validating BFS 50
Validate time for BFS 50 is 2.158107
TEPS for BFS 50 is 3386.89
Running BFS 51
Time for BFS 51 is 1.263045
Validating BFS 51
Validate time for BFS 51 is 2.165017
TEPS for BFS 51 is 3242.96
Running BFS 52
Time for BFS 52 is 1.509866
Validating BFS 52
Validate time for BFS 52 is 2.220574
TEPS for BFS 52 is 2712.82
Running BFS 53
Time for BFS 53 is 1.224156
Validating BFS 53
Validate time for BFS 53 is 3.064560
TEPS for BFS 53 is 3345.98
Running BFS 54
Time for BFS 54 is 1.380373
Validating BFS 54
Validate time for BFS 54 is 2.166001
TEPS for BFS 54 is 2967.31
Running BFS 55
Time for BFS 55 is 1.455520
Validating BFS 55
Validate time for BFS 55 is 3.275857
TEPS for BFS 55 is 2814.11
Running BFS 56
Time for BFS 56 is 1.350142
Validating BFS 56
Validate time for BFS 56 is 2.399409
TEPS for BFS 56 is 3033.75
Running BFS 57
Time for BFS 57 is 1.450157
Validating BFS 57
Validate time for BFS 57 is 6.113922
TEPS for BFS 57 is 2824.52
Running BFS 58
Time for BFS 58 is 1.368847
Validating BFS 58
Validate time for BFS 58 is 4.168014
TEPS for BFS 58 is 2992.3
Running BFS 59
Time for BFS 59 is 1.250477
Validating BFS 59
Validate time for BFS 59 is 2.319058
TEPS for BFS 59 is 3275.55
Running BFS 60
Time for BFS 60 is 5.104819
Validating BFS 60
Validate time for BFS 60 is 2.821201
TEPS for BFS 60 is 802.379
Running BFS 61
Time for BFS 61 is 2.889728
Validating BFS 61
Validate time for BFS 61 is 8.343059
TEPS for BFS 61 is 1417.43
Running BFS 62
Time for BFS 62 is 1.455074
Validating BFS 62
Validate time for BFS 62 is 3.372959
TEPS for BFS 62 is 2814.98
Running BFS 63
Time for BFS 63 is 1.374977
Validating BFS 63
Validate time for BFS 63 is 2.312259
TEPS for BFS 63 is 2978.96
SCALE:                          8
edgefactor:                     16
NBFS:                           64
graph_generation:               4.39216
num_mpi_processes:              64
construction_time:              0.262585
min_time:                       1.14273
firstquartile_time:             1.23866
median_time:                    1.30226
thirdquartile_time:             1.40581
max_time:                       5.10482
mean_time:                      1.60034
stddev_time:                    0.862642
min_nedge:                      4096
firstquartile_nedge:            4096
median_nedge:                   4096
thirdquartile_nedge:            4096
max_nedge:                      4096
mean_nedge:                     4096
stddev_nedge:                   0
min_TEPS:                       802.379
firstquartile_TEPS:             2913.61
median_TEPS:                    3145.29
thirdquartile_TEPS:             3306.79
max_TEPS:                       3584.4
harmonic_mean_TEPS:             2559.45
harmonic_stddev_TEPS:           173.817
min_validate:                   1.69694
firstquartile_validate:         1.98913
median_validate:                2.1916
thirdquartile_validate:         3.17021
max_validate:                   9.59883
mean_validate:                  2.80819
stddev_validate:                1.45109
This benchmark was run on 64 MPI Processes, Scale 8, written output_64_8.log
