graph_generation:               3.388328 s
construction_time:              0.201596 s
Running BFS 0
Time for BFS 0 is 2.043876
Validating BFS 0
Validate time for BFS 0 is 4.244469
TEPS for BFS 0 is 16031.8
Running BFS 1
Time for BFS 1 is 2.180498
Validating BFS 1
Validate time for BFS 1 is 4.124268
TEPS for BFS 1 is 15027.3
Running BFS 2
Time for BFS 2 is 2.333528
Validating BFS 2
Validate time for BFS 2 is 4.860090
TEPS for BFS 2 is 14041.8
Running BFS 3
Time for BFS 3 is 1.797530
Validating BFS 3
Validate time for BFS 3 is 3.616535
TEPS for BFS 3 is 18228.9
Running BFS 4
Time for BFS 4 is 1.805230
Validating BFS 4
Validate time for BFS 4 is 3.606900
TEPS for BFS 4 is 18151.2
Running BFS 5
Time for BFS 5 is 1.893006
Validating BFS 5
Validate time for BFS 5 is 3.158103
TEPS for BFS 5 is 17309.5
Running BFS 6
Time for BFS 6 is 1.800113
Validating BFS 6
Validate time for BFS 6 is 3.311378
TEPS for BFS 6 is 18202.7
Running BFS 7
Time for BFS 7 is 1.750138
Validating BFS 7
Validate time for BFS 7 is 3.384784
TEPS for BFS 7 is 18722.5
Running BFS 8
Time for BFS 8 is 1.770794
Validating BFS 8
Validate time for BFS 8 is 3.311611
TEPS for BFS 8 is 18504.1
Running BFS 9
Time for BFS 9 is 1.420551
Validating BFS 9
Validate time for BFS 9 is 3.383426
TEPS for BFS 9 is 23066.4
Running BFS 10
Time for BFS 10 is 1.490613
Validating BFS 10
Validate time for BFS 10 is 3.413744
TEPS for BFS 10 is 21982.2
Running BFS 11
Time for BFS 11 is 1.510696
Validating BFS 11
Validate time for BFS 11 is 3.517903
TEPS for BFS 11 is 21690
Running BFS 12
Time for BFS 12 is 1.470530
Validating BFS 12
Validate time for BFS 12 is 3.434128
TEPS for BFS 12 is 22282.4
Running BFS 13
Time for BFS 13 is 1.450541
Validating BFS 13
Validate time for BFS 13 is 3.490929
TEPS for BFS 13 is 22589.5
Running BFS 14
Time for BFS 14 is 1.550599
Validating BFS 14
Validate time for BFS 14 is 3.589104
TEPS for BFS 14 is 21131.8
Running BFS 15
Time for BFS 15 is 1.470522
Validating BFS 15
Validate time for BFS 15 is 3.717403
TEPS for BFS 15 is 22282.6
Running BFS 16
Time for BFS 16 is 1.530814
Validating BFS 16
Validate time for BFS 16 is 3.667923
TEPS for BFS 16 is 21405
Running BFS 17
Time for BFS 17 is 1.590639
Validating BFS 17
Validate time for BFS 17 is 3.918318
TEPS for BFS 17 is 20599.9
Running BFS 18
Time for BFS 18 is 1.630268
Validating BFS 18
Validate time for BFS 18 is 3.885000
TEPS for BFS 18 is 20099.2
Running BFS 19
Time for BFS 19 is 1.490219
Validating BFS 19
Validate time for BFS 19 is 3.922025
TEPS for BFS 19 is 21988
Running BFS 20
Time for BFS 20 is 1.694804
Validating BFS 20
Validate time for BFS 20 is 7.959846
TEPS for BFS 20 is 19333.8
Running BFS 21
Time for BFS 21 is 1.685198
Validating BFS 21
Validate time for BFS 21 is 4.144501
TEPS for BFS 21 is 19444
Running BFS 22
Time for BFS 22 is 1.738888
Validating BFS 22
Validate time for BFS 22 is 4.356137
TEPS for BFS 22 is 18843.7
Running BFS 23
Time for BFS 23 is 1.731405
Validating BFS 23
Validate time for BFS 23 is 4.095875
TEPS for BFS 23 is 18925.1
Running BFS 24
Time for BFS 24 is 1.651141
Validating BFS 24
Validate time for BFS 24 is 4.157043
TEPS for BFS 24 is 19845.1
Running BFS 25
Time for BFS 25 is 1.864463
Validating BFS 25
Validate time for BFS 25 is 4.337607
TEPS for BFS 25 is 17574.5
Running BFS 26
Time for BFS 26 is 1.817110
Validating BFS 26
Validate time for BFS 26 is 6.197730
TEPS for BFS 26 is 18032.5
Running BFS 27
Time for BFS 27 is 1.707219
Validating BFS 27
Validate time for BFS 27 is 8.158702
TEPS for BFS 27 is 19193.2
Running BFS 28
Time for BFS 28 is 1.857492
Validating BFS 28
Validate time for BFS 28 is 10.430093
TEPS for BFS 28 is 17640.5
Running BFS 29
Time for BFS 29 is 1.884892
Validating BFS 29
Validate time for BFS 29 is 4.548536
TEPS for BFS 29 is 17384
Running BFS 30
Time for BFS 30 is 1.785256
Validating BFS 30
Validate time for BFS 30 is 6.264845
TEPS for BFS 30 is 18354.2
Running BFS 31
Time for BFS 31 is 1.695549
Validating BFS 31
Validate time for BFS 31 is 5.830463
TEPS for BFS 31 is 19325.3
Running BFS 32
Time for BFS 32 is 1.684505
Validating BFS 32
Validate time for BFS 32 is 4.995649
TEPS for BFS 32 is 19452
Running BFS 33
Time for BFS 33 is 0.840908
Validating BFS 33
Validate time for BFS 33 is 4.279144
TEPS for BFS 33 is 1.18919
Running BFS 34
Time for BFS 34 is 1.849009
Validating BFS 34
Validate time for BFS 34 is 6.817922
TEPS for BFS 34 is 17721.4
Running BFS 35
Time for BFS 35 is 1.755964
Validating BFS 35
Validate time for BFS 35 is 4.929683
TEPS for BFS 35 is 18660.4
Running BFS 36
Time for BFS 36 is 1.856986
Validating BFS 36
Validate time for BFS 36 is 5.008919
TEPS for BFS 36 is 17645.3
Running BFS 37
Time for BFS 37 is 1.726724
Validating BFS 37
Validate time for BFS 37 is 4.896472
TEPS for BFS 37 is 18976.4
Running BFS 38
Time for BFS 38 is 1.775993
Validating BFS 38
Validate time for BFS 38 is 5.087734
TEPS for BFS 38 is 18450
Running BFS 39
Time for BFS 39 is 1.759710
Validating BFS 39
Validate time for BFS 39 is 5.165523
TEPS for BFS 39 is 18620.7
Running BFS 40
Time for BFS 40 is 1.736375
Validating BFS 40
Validate time for BFS 40 is 5.188874
TEPS for BFS 40 is 18870.9
Running BFS 41
Time for BFS 41 is 1.794413
Validating BFS 41
Validate time for BFS 41 is 5.176291
TEPS for BFS 41 is 18260.6
Running BFS 42
Time for BFS 42 is 1.701162
Validating BFS 42
Validate time for BFS 42 is 5.378147
TEPS for BFS 42 is 19261.5
Running BFS 43
Time for BFS 43 is 1.721138
Validating BFS 43
Validate time for BFS 43 is 5.252885
TEPS for BFS 43 is 19038
Running BFS 44
Time for BFS 44 is 1.911030
Validating BFS 44
Validate time for BFS 44 is 5.360037
TEPS for BFS 44 is 17146.3
Running BFS 45
Time for BFS 45 is 2.071376
Validating BFS 45
Validate time for BFS 45 is 5.390282
TEPS for BFS 45 is 15819
Running BFS 46
Time for BFS 46 is 2.001256
Validating BFS 46
Validate time for BFS 46 is 5.553468
TEPS for BFS 46 is 16373.2
Running BFS 47
Time for BFS 47 is 1.961155
Validating BFS 47
Validate time for BFS 47 is 5.511532
TEPS for BFS 47 is 16708
Running BFS 48
Time for BFS 48 is 1.871154
Validating BFS 48
Validate time for BFS 48 is 5.694020
TEPS for BFS 48 is 17511.7
Running BFS 49
Time for BFS 49 is 1.731088
Validating BFS 49
Validate time for BFS 49 is 5.622231
TEPS for BFS 49 is 18928.6
Running BFS 50
Time for BFS 50 is 1.780843
Validating BFS 50
Validate time for BFS 50 is 5.798342
TEPS for BFS 50 is 18399.7
Running BFS 51
Time for BFS 51 is 1.831237
Validating BFS 51
Validate time for BFS 51 is 6.000143
TEPS for BFS 51 is 17893.4
Running BFS 52
Time for BFS 52 is 1.723223
Validating BFS 52
Validate time for BFS 52 is 5.927842
TEPS for BFS 52 is 19015
Running BFS 53
Time for BFS 53 is 1.962139
Validating BFS 53
Validate time for BFS 53 is 6.086847
TEPS for BFS 53 is 16699.6
Running BFS 54
Time for BFS 54 is 1.931115
Validating BFS 54
Validate time for BFS 54 is 5.945028
TEPS for BFS 54 is 16967.9
Running BFS 55
Time for BFS 55 is 2.088056
Validating BFS 55
Validate time for BFS 55 is 6.399075
TEPS for BFS 55 is 15692.6
Running BFS 56
Time for BFS 56 is 2.126962
Validating BFS 56
Validate time for BFS 56 is 7.297219
TEPS for BFS 56 is 15405.5
Running BFS 57
Time for BFS 57 is 1.911563
Validating BFS 57
Validate time for BFS 57 is 6.514802
TEPS for BFS 57 is 17141.5
Running BFS 58
Time for BFS 58 is 1.945785
Validating BFS 58
Validate time for BFS 58 is 6.334747
TEPS for BFS 58 is 16840
Running BFS 59
Time for BFS 59 is 2.040991
Validating BFS 59
Validate time for BFS 59 is 6.363858
TEPS for BFS 59 is 16054.5
Running BFS 60
Time for BFS 60 is 2.041468
Validating BFS 60
Validate time for BFS 60 is 6.423882
TEPS for BFS 60 is 16050.7
Running BFS 61
Time for BFS 61 is 2.018280
Validating BFS 61
Validate time for BFS 61 is 6.468305
TEPS for BFS 61 is 16235.1
Running BFS 62
Time for BFS 62 is 1.940179
Validating BFS 62
Validate time for BFS 62 is 6.533282
TEPS for BFS 62 is 16888.6
Running BFS 63
Time for BFS 63 is 2.090000
Validating BFS 63
Validate time for BFS 63 is 6.636542
TEPS for BFS 63 is 15678
SCALE:                          11
edgefactor:                     16
NBFS:                           64
graph_generation:               3.38833
num_mpi_processes:              32
construction_time:              0.201596
min_time:                       0.840908
firstquartile_time:             1.69518
median_time:                    1.78305
thirdquartile_time:             1.92134
max_time:                       2.33353
mean_time:                      1.78556
stddev_time:                    0.225929
min_nedge:                      1
firstquartile_nedge:            32767
median_nedge:                   32767
thirdquartile_nedge:            32767
max_nedge:                      32767
mean_nedge:                     32255.03125
stddev_nedge:                   4095.75
min_TEPS:                       1.18919
firstquartile_TEPS:             16928.2
median_TEPS:                    18307.3
thirdquartile_TEPS:             19293.4
max_TEPS:                       23066.4
harmonic_mean_TEPS:             75.7962
harmonic_stddev_TEPS:           76.0772
min_validate:                   3.1581
firstquartile_validate:         3.92017
median_validate:                5.12663
thirdquartile_validate:         6.04349
max_validate:                   10.4301
mean_validate:                  5.12622
stddev_validate:                1.40874
This benchmark was run on 32 MPI Processes, Scale 11, written output_32_11.log
