graph_generation:               3.242769 s
construction_time:              0.215237 s
Running BFS 0
Time for BFS 0 is 1.740226
Validating BFS 0
Validate time for BFS 0 is 1.374887
TEPS for BFS 0 is 147.107
Running BFS 1
Time for BFS 1 is 2.330568
Validating BFS 1
Validate time for BFS 1 is 3.355370
TEPS for BFS 1 is 109.844
Running BFS 2
Time for BFS 2 is 1.103553
Validating BFS 2
Validate time for BFS 2 is 1.408836
TEPS for BFS 2 is 231.978
Running BFS 3
Time for BFS 3 is 2.471540
Validating BFS 3
Validate time for BFS 3 is 1.399757
TEPS for BFS 3 is 103.579
Running BFS 4
Time for BFS 4 is 0.960053
Validating BFS 4
Validate time for BFS 4 is 1.389241
TEPS for BFS 4 is 266.652
Running BFS 5
Time for BFS 5 is 1.063639
Validating BFS 5
Validate time for BFS 5 is 1.487156
TEPS for BFS 5 is 240.683
Running BFS 6
Time for BFS 6 is 1.149738
Validating BFS 6
Validate time for BFS 6 is 1.492298
TEPS for BFS 6 is 222.659
Running BFS 7
Time for BFS 7 is 0.990218
Validating BFS 7
Validate time for BFS 7 is 1.377831
TEPS for BFS 7 is 258.529
Running BFS 8
Time for BFS 8 is 3.290301
Validating BFS 8
Validate time for BFS 8 is 3.892908
TEPS for BFS 8 is 77.8044
Running BFS 9
Time for BFS 9 is 1.060060
Validating BFS 9
Validate time for BFS 9 is 6.309198
TEPS for BFS 9 is 241.496
Running BFS 10
Time for BFS 10 is 1.093723
Validating BFS 10
Validate time for BFS 10 is 1.458016
TEPS for BFS 10 is 234.063
Running BFS 11
Time for BFS 11 is 0.952777
Validating BFS 11
Validate time for BFS 11 is 1.408475
TEPS for BFS 11 is 268.688
Running BFS 12
Time for BFS 12 is 0.969870
Validating BFS 12
Validate time for BFS 12 is 1.391842
TEPS for BFS 12 is 263.953
Running BFS 13
Time for BFS 13 is 1.143231
Validating BFS 13
Validate time for BFS 13 is 1.543510
TEPS for BFS 13 is 223.927
Running BFS 14
Time for BFS 14 is 1.053617
Validating BFS 14
Validate time for BFS 14 is 2.257292
TEPS for BFS 14 is 242.973
Running BFS 15
Time for BFS 15 is 1.059914
Validating BFS 15
Validate time for BFS 15 is 1.504405
TEPS for BFS 15 is 241.529
Running BFS 16
Time for BFS 16 is 1.080019
Validating BFS 16
Validate time for BFS 16 is 1.489364
TEPS for BFS 16 is 237.033
Running BFS 17
Time for BFS 17 is 1.070332
Validating BFS 17
Validate time for BFS 17 is 7.257870
TEPS for BFS 17 is 239.178
Running BFS 18
Time for BFS 18 is 4.744091
Validating BFS 18
Validate time for BFS 18 is 1.454386
TEPS for BFS 18 is 53.9619
Running BFS 19
Time for BFS 19 is 0.973604
Validating BFS 19
Validate time for BFS 19 is 1.426353
TEPS for BFS 19 is 262.941
Running BFS 20
Time for BFS 20 is 1.559217
Validating BFS 20
Validate time for BFS 20 is 1.906334
TEPS for BFS 20 is 164.185
Running BFS 21
Time for BFS 21 is 1.056548
Validating BFS 21
Validate time for BFS 21 is 1.505813
TEPS for BFS 21 is 242.298
Running BFS 22
Time for BFS 22 is 0.953219
Validating BFS 22
Validate time for BFS 22 is 1.404144
TEPS for BFS 22 is 268.564
Running BFS 23
Time for BFS 23 is 1.007948
Validating BFS 23
Validate time for BFS 23 is 1.398672
TEPS for BFS 23 is 253.981
Running BFS 24
Time for BFS 24 is 1.755772
Validating BFS 24
Validate time for BFS 24 is 1.458942
TEPS for BFS 24 is 145.805
Running BFS 25
Time for BFS 25 is 1.070962
Validating BFS 25
Validate time for BFS 25 is 1.557998
TEPS for BFS 25 is 239.037
Running BFS 26
Time for BFS 26 is 1.064380
Validating BFS 26
Validate time for BFS 26 is 1.527203
TEPS for BFS 26 is 240.516
Running BFS 27
Time for BFS 27 is 1.020114
Validating BFS 27
Validate time for BFS 27 is 1.393310
TEPS for BFS 27 is 250.952
Running BFS 28
Time for BFS 28 is 4.847063
Validating BFS 28
Validate time for BFS 28 is 1.395494
TEPS for BFS 28 is 52.8155
Running BFS 29
Time for BFS 29 is 1.000564
Validating BFS 29
Validate time for BFS 29 is 2.035647
TEPS for BFS 29 is 255.856
Running BFS 30
Time for BFS 30 is 1.080076
Validating BFS 30
Validate time for BFS 30 is 1.564802
TEPS for BFS 30 is 237.02
Running BFS 31
Time for BFS 31 is 1.109504
Validating BFS 31
Validate time for BFS 31 is 1.558725
TEPS for BFS 31 is 230.734
Running BFS 32
Time for BFS 32 is 0.990757
Validating BFS 32
Validate time for BFS 32 is 1.453690
TEPS for BFS 32 is 258.388
Running BFS 33
Time for BFS 33 is 0.959957
Validating BFS 33
Validate time for BFS 33 is 4.414281
TEPS for BFS 33 is 266.679
Running BFS 34
Time for BFS 34 is 1.099078
Validating BFS 34
Validate time for BFS 34 is 1.572269
TEPS for BFS 34 is 232.922
Running BFS 35
Time for BFS 35 is 1.060318
Validating BFS 35
Validate time for BFS 35 is 1.553266
TEPS for BFS 35 is 241.437
Running BFS 36
Time for BFS 36 is 1.090108
Validating BFS 36
Validate time for BFS 36 is 4.099753
TEPS for BFS 36 is 234.839
Running BFS 37
Time for BFS 37 is 1.475477
Validating BFS 37
Validate time for BFS 37 is 1.555818
TEPS for BFS 37 is 173.503
Running BFS 38
Time for BFS 38 is 1.036354
Validating BFS 38
Validate time for BFS 38 is 2.766940
TEPS for BFS 38 is 247.02
Running BFS 39
Time for BFS 39 is 1.050109
Validating BFS 39
Validate time for BFS 39 is 1.571915
TEPS for BFS 39 is 243.784
Running BFS 40
Time for BFS 40 is 1.070136
Validating BFS 40
Validate time for BFS 40 is 3.075434
TEPS for BFS 40 is 239.222
Running BFS 41
Time for BFS 41 is 1.050085
Validating BFS 41
Validate time for BFS 41 is 1.627689
TEPS for BFS 41 is 243.79
Running BFS 42
Time for BFS 42 is 0.989899
Validating BFS 42
Validate time for BFS 42 is 1.464354
TEPS for BFS 42 is 258.612
Running BFS 43
Time for BFS 43 is 0.920018
Validating BFS 43
Validate time for BFS 43 is 1.411459
TEPS for BFS 43 is 278.255
Running BFS 44
Time for BFS 44 is 1.547711
Validating BFS 44
Validate time for BFS 44 is 1.468576
TEPS for BFS 44 is 165.406
Running BFS 45
Time for BFS 45 is 0.952443
Validating BFS 45
Validate time for BFS 45 is 1.459193
TEPS for BFS 45 is 268.782
Running BFS 46
Time for BFS 46 is 1.856845
Validating BFS 46
Validate time for BFS 46 is 1.432585
TEPS for BFS 46 is 137.868
Running BFS 47
Time for BFS 47 is 1.034669
Validating BFS 47
Validate time for BFS 47 is 1.424259
TEPS for BFS 47 is 247.422
Running BFS 48
Time for BFS 48 is 1.233899
Validating BFS 48
Validate time for BFS 48 is 5.804037
TEPS for BFS 48 is 207.472
Running BFS 49
Time for BFS 49 is 1.110089
Validating BFS 49
Validate time for BFS 49 is 1.555785
TEPS for BFS 49 is 230.612
Running BFS 50
Time for BFS 50 is 1.010491
Validating BFS 50
Validate time for BFS 50 is 3.599784
TEPS for BFS 50 is 253.342
Running BFS 51
Time for BFS 51 is 0.969937
Validating BFS 51
Validate time for BFS 51 is 1.447493
TEPS for BFS 51 is 263.935
Running BFS 52
Time for BFS 52 is 0.990554
Validating BFS 52
Validate time for BFS 52 is 1.733099
TEPS for BFS 52 is 258.441
Running BFS 53
Time for BFS 53 is 1.120056
Validating BFS 53
Validate time for BFS 53 is 1.621945
TEPS for BFS 53 is 228.56
Running BFS 54
Time for BFS 54 is 1.154268
Validating BFS 54
Validate time for BFS 54 is 1.617472
TEPS for BFS 54 is 221.786
Running BFS 55
Time for BFS 55 is 0.993519
Validating BFS 55
Validate time for BFS 55 is 1.432309
TEPS for BFS 55 is 257.67
Running BFS 56
Time for BFS 56 is 0.970269
Validating BFS 56
Validate time for BFS 56 is 1.468884
TEPS for BFS 56 is 263.844
Running BFS 57
Time for BFS 57 is 1.010373
Validating BFS 57
Validate time for BFS 57 is 1.581566
TEPS for BFS 57 is 253.372
Running BFS 58
Time for BFS 58 is 0.992411
Validating BFS 58
Validate time for BFS 58 is 1.448918
TEPS for BFS 58 is 257.958
Running BFS 59
Time for BFS 59 is 1.810031
Validating BFS 59
Validate time for BFS 59 is 1.514623
TEPS for BFS 59 is 141.434
Running BFS 60
Time for BFS 60 is 1.010069
Validating BFS 60
Validate time for BFS 60 is 2.857450
TEPS for BFS 60 is 253.448
Running BFS 61
Time for BFS 61 is 1.092592
Validating BFS 61
Validate time for BFS 61 is 1.614203
TEPS for BFS 61 is 234.305
Running BFS 62
Time for BFS 62 is 1.102604
Validating BFS 62
Validate time for BFS 62 is 1.677147
TEPS for BFS 62 is 232.178
Running BFS 63
Time for BFS 63 is 1.037209
Validating BFS 63
Validate time for BFS 63 is 1.457152
TEPS for BFS 63 is 246.816
SCALE:                          4
edgefactor:                     16
NBFS:                           64
graph_generation:               3.24277
num_mpi_processes:              64
construction_time:              0.215237
min_time:                       0.920018
firstquartile_time:             0.997042
median_time:                    1.06198
thirdquartile_time:             1.13164
max_time:                       4.84706
mean_time:                      1.30654
stddev_time:                    0.752064
min_nedge:                      256
firstquartile_nedge:            256
median_nedge:                   256
thirdquartile_nedge:            256
max_nedge:                      256
mean_nedge:                     256
stddev_nedge:                   0
min_TEPS:                       52.8155
firstquartile_TEPS:             226.22
median_TEPS:                    241.06
thirdquartile_TEPS:             256.76
max_TEPS:                       278.255
harmonic_mean_TEPS:             195.937
harmonic_stddev_TEPS:           14.2094
min_validate:                   1.37489
firstquartile_validate:         1.44004
median_validate:                1.51022
thirdquartile_validate:         1.65242
max_validate:                   7.25787
mean_validate:                  2.00265
stddev_validate:                1.22653
This benchmark was run on 64 MPI Processes, Scale 4, written output_64_4.log
