graph_generation:               5.202137 s
construction_time:              3.228501 s
Running BFS 0
Time for BFS 0 is 6.364641
Validating BFS 0
Validate time for BFS 0 is 3.632190
TEPS for BFS 0 is 2574.07
Running BFS 1
Time for BFS 1 is 4.455536
Validating BFS 1
Validate time for BFS 1 is 4.082200
TEPS for BFS 1 is 3677
Running BFS 2
Time for BFS 2 is 3.864128
Validating BFS 2
Validate time for BFS 2 is 7.469819
TEPS for BFS 2 is 4239.77
Running BFS 3
Time for BFS 3 is 1.699003
Validating BFS 3
Validate time for BFS 3 is 9.449925
TEPS for BFS 3 is 9642.71
Running BFS 4
Time for BFS 4 is 1.729814
Validating BFS 4
Validate time for BFS 4 is 5.037367
TEPS for BFS 4 is 9470.96
Running BFS 5
Time for BFS 5 is 2.039244
Validating BFS 5
Validate time for BFS 5 is 7.280789
TEPS for BFS 5 is 8033.86
Running BFS 6
Time for BFS 6 is 1.714798
Validating BFS 6
Validate time for BFS 6 is 7.291576
TEPS for BFS 6 is 9553.9
Running BFS 7
Time for BFS 7 is 3.961970
Validating BFS 7
Validate time for BFS 7 is 3.503536
TEPS for BFS 7 is 4135.06
Running BFS 8
Time for BFS 8 is 2.190176
Validating BFS 8
Validate time for BFS 8 is 6.914874
TEPS for BFS 8 is 7480.22
Running BFS 9
Time for BFS 9 is 1.970979
Validating BFS 9
Validate time for BFS 9 is 7.362996
TEPS for BFS 9 is 8312.11
Running BFS 10
Time for BFS 10 is 2.434971
Validating BFS 10
Validate time for BFS 10 is 9.424183
TEPS for BFS 10 is 6728.21
Running BFS 11
Time for BFS 11 is 1.645346
Validating BFS 11
Validate time for BFS 11 is 8.878167
TEPS for BFS 11 is 9957.18
Running BFS 12
Time for BFS 12 is 1.633400
Validating BFS 12
Validate time for BFS 12 is 9.307073
TEPS for BFS 12 is 10030
Running BFS 13
Time for BFS 13 is 2.335914
Validating BFS 13
Validate time for BFS 13 is 7.350936
TEPS for BFS 13 is 7013.53
Running BFS 14
Time for BFS 14 is 1.690536
Validating BFS 14
Validate time for BFS 14 is 3.428916
TEPS for BFS 14 is 9691.01
Running BFS 15
Time for BFS 15 is 1.769708
Validating BFS 15
Validate time for BFS 15 is 3.657199
TEPS for BFS 15 is 9257.46
Running BFS 16
Time for BFS 16 is 4.902323
Validating BFS 16
Validate time for BFS 16 is 6.467980
TEPS for BFS 16 is 3341.89
Running BFS 17
Time for BFS 17 is 2.377953
Validating BFS 17
Validate time for BFS 17 is 5.595155
TEPS for BFS 17 is 6889.54
Running BFS 18
Time for BFS 18 is 2.444245
Validating BFS 18
Validate time for BFS 18 is 3.686732
TEPS for BFS 18 is 6702.68
Running BFS 19
Time for BFS 19 is 4.187949
Validating BFS 19
Validate time for BFS 19 is 3.961551
TEPS for BFS 19 is 3911.94
Running BFS 20
Time for BFS 20 is 2.176883
Validating BFS 20
Validate time for BFS 20 is 3.985314
TEPS for BFS 20 is 7525.9
Running BFS 21
Time for BFS 21 is 3.455574
Validating BFS 21
Validate time for BFS 21 is 4.040090
TEPS for BFS 21 is 4741.04
Running BFS 22
Time for BFS 22 is 3.882428
Validating BFS 22
Validate time for BFS 22 is 9.637026
TEPS for BFS 22 is 4219.78
Running BFS 23
Time for BFS 23 is 2.079247
Validating BFS 23
Validate time for BFS 23 is 12.641715
TEPS for BFS 23 is 7879.29
Running BFS 24
Time for BFS 24 is 5.581575
Validating BFS 24
Validate time for BFS 24 is 6.962490
TEPS for BFS 24 is 2935.19
Running BFS 25
Time for BFS 25 is 3.589132
Validating BFS 25
Validate time for BFS 25 is 6.616586
TEPS for BFS 25 is 4564.61
Running BFS 26
Time for BFS 26 is 2.205475
Validating BFS 26
Validate time for BFS 26 is 9.281766
TEPS for BFS 26 is 7428.33
Running BFS 27
Time for BFS 27 is 2.821459
Validating BFS 27
Validate time for BFS 27 is 9.639476
TEPS for BFS 27 is 5806.57
Running BFS 28
Time for BFS 28 is 2.245710
Validating BFS 28
Validate time for BFS 28 is 8.603167
TEPS for BFS 28 is 7295.24
Running BFS 29
Time for BFS 29 is 2.336878
Validating BFS 29
Validate time for BFS 29 is 10.432446
TEPS for BFS 29 is 7010.64
Running BFS 30
Time for BFS 30 is 7.514804
Validating BFS 30
Validate time for BFS 30 is 4.068003
TEPS for BFS 30 is 2180.1
Running BFS 31
Time for BFS 31 is 2.365719
Validating BFS 31
Validate time for BFS 31 is 4.760466
TEPS for BFS 31 is 6925.17
Running BFS 32
Time for BFS 32 is 4.980897
Validating BFS 32
Validate time for BFS 32 is 14.259747
TEPS for BFS 32 is 3289.17
Running BFS 33
Time for BFS 33 is 2.893239
Validating BFS 33
Validate time for BFS 33 is 8.505424
TEPS for BFS 33 is 5662.51
Running BFS 34
Time for BFS 34 is 7.916939
Validating BFS 34
Validate time for BFS 34 is 4.106562
TEPS for BFS 34 is 2069.36
Running BFS 35
Time for BFS 35 is 2.602916
Validating BFS 35
Validate time for BFS 35 is 7.407165
TEPS for BFS 35 is 6294.09
Running BFS 36
Time for BFS 36 is 2.021321
Validating BFS 36
Validate time for BFS 36 is 7.804406
TEPS for BFS 36 is 8105.1
Running BFS 37
Time for BFS 37 is 3.467938
Validating BFS 37
Validate time for BFS 37 is 7.275035
TEPS for BFS 37 is 4724.13
Running BFS 38
Time for BFS 38 is 4.302704
Validating BFS 38
Validate time for BFS 38 is 4.894316
TEPS for BFS 38 is 3807.61
Running BFS 39
Time for BFS 39 is 2.070063
Validating BFS 39
Validate time for BFS 39 is 4.845575
TEPS for BFS 39 is 7914.25
Running BFS 40
Time for BFS 40 is 1.936022
Validating BFS 40
Validate time for BFS 40 is 6.906713
TEPS for BFS 40 is 8462.2
Running BFS 41
Time for BFS 41 is 5.947624
Validating BFS 41
Validate time for BFS 41 is 4.858333
TEPS for BFS 41 is 2754.55
Running BFS 42
Time for BFS 42 is 2.050827
Validating BFS 42
Validate time for BFS 42 is 4.956468
TEPS for BFS 42 is 7988.48
Running BFS 43
Time for BFS 43 is 4.041179
Validating BFS 43
Validate time for BFS 43 is 9.170377
TEPS for BFS 43 is 4054.01
Running BFS 44
Time for BFS 44 is 2.942918
Validating BFS 44
Validate time for BFS 44 is 5.734852
TEPS for BFS 44 is 5566.92
Running BFS 45
Time for BFS 45 is 1.946288
Validating BFS 45
Validate time for BFS 45 is 5.873140
TEPS for BFS 45 is 8417.56
Running BFS 46
Time for BFS 46 is 2.682121
Validating BFS 46
Validate time for BFS 46 is 10.949875
TEPS for BFS 46 is 6108.23
Running BFS 47
Time for BFS 47 is 2.503339
Validating BFS 47
Validate time for BFS 47 is 7.201342
TEPS for BFS 47 is 6544.46
Running BFS 48
Time for BFS 48 is 4.276994
Validating BFS 48
Validate time for BFS 48 is 9.486518
TEPS for BFS 48 is 3830.49
Running BFS 49
Time for BFS 49 is 2.467159
Validating BFS 49
Validate time for BFS 49 is 10.125908
TEPS for BFS 49 is 6640.43
Running BFS 50
Time for BFS 50 is 3.877848
Validating BFS 50
Validate time for BFS 50 is 7.138550
TEPS for BFS 50 is 4224.77
Running BFS 51
Time for BFS 51 is 7.131971
Validating BFS 51
Validate time for BFS 51 is 5.924438
TEPS for BFS 51 is 2297.12
Running BFS 52
Time for BFS 52 is 4.543359
Validating BFS 52
Validate time for BFS 52 is 8.460349
TEPS for BFS 52 is 3605.92
Running BFS 53
Time for BFS 53 is 2.856538
Validating BFS 53
Validate time for BFS 53 is 7.011151
TEPS for BFS 53 is 5735.26
Running BFS 54
Time for BFS 54 is 2.544182
Validating BFS 54
Validate time for BFS 54 is 15.271497
TEPS for BFS 54 is 6439.4
Running BFS 55
Time for BFS 55 is 4.307840
Validating BFS 55
Validate time for BFS 55 is 19.518624
TEPS for BFS 55 is 3803.07
Running BFS 56
Time for BFS 56 is 2.377410
Validating BFS 56
Validate time for BFS 56 is 12.608845
TEPS for BFS 56 is 6891.11
Running BFS 57
Time for BFS 57 is 3.293616
Validating BFS 57
Validate time for BFS 57 is 15.542413
TEPS for BFS 57 is 4974.17
Running BFS 58
Time for BFS 58 is 3.019986
Validating BFS 58
Validate time for BFS 58 is 17.993958
TEPS for BFS 58 is 5424.86
Running BFS 59
Time for BFS 59 is 3.841887
Validating BFS 59
Validate time for BFS 59 is 11.616531
TEPS for BFS 59 is 4264.31
Running BFS 60
Time for BFS 60 is 3.447395
Validating BFS 60
Validate time for BFS 60 is 15.208275
TEPS for BFS 60 is 4752.28
Running BFS 61
Time for BFS 61 is 3.315373
Validating BFS 61
Validate time for BFS 61 is 17.631741
TEPS for BFS 61 is 4941.53
Running BFS 62
Time for BFS 62 is 2.429465
Validating BFS 62
Validate time for BFS 62 is 12.292808
TEPS for BFS 62 is 6743.46
Running BFS 63
Time for BFS 63 is 2.487160
Validating BFS 63
Validate time for BFS 63 is 13.803477
TEPS for BFS 63 is 6587.03
SCALE:                          10
edgefactor:                     16
NBFS:                           64
graph_generation:               5.20214
num_mpi_processes:              128
construction_time:              3.2285
min_time:                       1.6334
firstquartile_time:             2.18353
median_time:                    2.64252
thirdquartile_time:             3.9222
max_time:                       7.91694
mean_time:                      3.22175
stddev_time:                    1.47133
min_nedge:                      16383
firstquartile_nedge:            16383
median_nedge:                   16383
thirdquartile_nedge:            16383
max_nedge:                      16383
mean_nedge:                     16383
stddev_nedge:                   0
min_TEPS:                       2069.36
firstquartile_TEPS:             4176.99
median_TEPS:                    6199.77
thirdquartile_TEPS:             7502.99
max_TEPS:                       10030
harmonic_mean_TEPS:             5085.12
harmonic_stddev_TEPS:           292.583
min_validate:                   3.42892
firstquartile_validate:         4.99692
median_validate:                7.32126
thirdquartile_validate:         9.63825
max_validate:                   19.5186
mean_validate:                  8.26306
stddev_validate:                3.88227
This benchmark was run on 128 MPI Processes, Scale 10, written output_128_10.log
