graph_generation:               4.482179 s
construction_time:              0.327161 s
Running BFS 0
Time for BFS 0 is 3.095932
Validating BFS 0
Validate time for BFS 0 is 13.767194
TEPS for BFS 0 is 10583.9
Running BFS 1
Time for BFS 1 is 2.075004
Validating BFS 1
Validate time for BFS 1 is 15.593337
TEPS for BFS 1 is 15791.3
Running BFS 2
Time for BFS 2 is 2.056265
Validating BFS 2
Validate time for BFS 2 is 11.970578
TEPS for BFS 2 is 15935.2
Running BFS 3
Time for BFS 3 is 2.979062
Validating BFS 3
Validate time for BFS 3 is 5.290676
TEPS for BFS 3 is 10999.1
Running BFS 4
Time for BFS 4 is 2.507323
Validating BFS 4
Validate time for BFS 4 is 14.855439
TEPS for BFS 4 is 13068.5
Running BFS 5
Time for BFS 5 is 2.531493
Validating BFS 5
Validate time for BFS 5 is 13.476532
TEPS for BFS 5 is 12943.7
Running BFS 6
Time for BFS 6 is 2.579459
Validating BFS 6
Validate time for BFS 6 is 12.187603
TEPS for BFS 6 is 12703.1
Running BFS 7
Time for BFS 7 is 2.152016
Validating BFS 7
Validate time for BFS 7 is 13.522982
TEPS for BFS 7 is 15226.2
Running BFS 8
Time for BFS 8 is 3.001285
Validating BFS 8
Validate time for BFS 8 is 6.887106
TEPS for BFS 8 is 10917.7
Running BFS 9
Time for BFS 9 is 2.082811
Validating BFS 9
Validate time for BFS 9 is 8.264280
TEPS for BFS 9 is 15732.1
Running BFS 10
Time for BFS 10 is 2.491049
Validating BFS 10
Validate time for BFS 10 is 12.403340
TEPS for BFS 10 is 13153.9
Running BFS 11
Time for BFS 11 is 4.786143
Validating BFS 11
Validate time for BFS 11 is 15.395165
TEPS for BFS 11 is 6846.22
Running BFS 12
Time for BFS 12 is 3.930560
Validating BFS 12
Validate time for BFS 12 is 6.906161
TEPS for BFS 12 is 8336.47
Running BFS 13
Time for BFS 13 is 2.227694
Validating BFS 13
Validate time for BFS 13 is 5.854892
TEPS for BFS 13 is 14708.9
Running BFS 14
Time for BFS 14 is 2.386521
Validating BFS 14
Validate time for BFS 14 is 12.753030
TEPS for BFS 14 is 13730
Running BFS 15
Time for BFS 15 is 2.397097
Validating BFS 15
Validate time for BFS 15 is 14.792137
TEPS for BFS 15 is 13669.5
Running BFS 16
Time for BFS 16 is 2.120471
Validating BFS 16
Validate time for BFS 16 is 5.927039
TEPS for BFS 16 is 15452.7
Running BFS 17
Time for BFS 17 is 3.833156
Validating BFS 17
Validate time for BFS 17 is 6.185449
TEPS for BFS 17 is 8548.31
Running BFS 18
Time for BFS 18 is 2.912312
Validating BFS 18
Validate time for BFS 18 is 8.321062
TEPS for BFS 18 is 11251.2
Running BFS 19
Time for BFS 19 is 2.074139
Validating BFS 19
Validate time for BFS 19 is 7.295040
TEPS for BFS 19 is 15797.9
Running BFS 20
Time for BFS 20 is 2.126759
Validating BFS 20
Validate time for BFS 20 is 5.544530
TEPS for BFS 20 is 15407
Running BFS 21
Time for BFS 21 is 5.765303
Validating BFS 21
Validate time for BFS 21 is 6.046553
TEPS for BFS 21 is 5683.48
Running BFS 22
Time for BFS 22 is 2.852096
Validating BFS 22
Validate time for BFS 22 is 8.629902
TEPS for BFS 22 is 11488.7
Running BFS 23
Time for BFS 23 is 4.668883
Validating BFS 23
Validate time for BFS 23 is 6.955217
TEPS for BFS 23 is 7018.17
Running BFS 24
Time for BFS 24 is 2.249998
Validating BFS 24
Validate time for BFS 24 is 12.277732
TEPS for BFS 24 is 14563.1
Running BFS 25
Time for BFS 25 is 2.152628
Validating BFS 25
Validate time for BFS 25 is 15.973635
TEPS for BFS 25 is 15221.9
Running BFS 26
Time for BFS 26 is 2.650604
Validating BFS 26
Validate time for BFS 26 is 14.620790
TEPS for BFS 26 is 12362.1
Running BFS 27
Time for BFS 27 is 3.293512
Validating BFS 27
Validate time for BFS 27 is 16.698728
TEPS for BFS 27 is 9948.95
Running BFS 28
Time for BFS 28 is 4.530981
Validating BFS 28
Validate time for BFS 28 is 21.809187
TEPS for BFS 28 is 7231.77
Running BFS 29
Time for BFS 29 is 2.317067
Validating BFS 29
Validate time for BFS 29 is 9.000778
TEPS for BFS 29 is 14141.6
Running BFS 30
Time for BFS 30 is 10.098095
Validating BFS 30
Validate time for BFS 30 is 17.635227
TEPS for BFS 30 is 3244.87
Running BFS 31
Time for BFS 31 is 2.227241
Validating BFS 31
Validate time for BFS 31 is 6.775692
TEPS for BFS 31 is 14711.9
Running BFS 32
Time for BFS 32 is 2.189733
Validating BFS 32
Validate time for BFS 32 is 9.165543
TEPS for BFS 32 is 14963.9
Running BFS 33
Time for BFS 33 is 0.978090
Validating BFS 33
Validate time for BFS 33 is 12.299520
TEPS for BFS 33 is 1.0224
Running BFS 34
Time for BFS 34 is 2.392937
Validating BFS 34
Validate time for BFS 34 is 17.290989
TEPS for BFS 34 is 13693.2
Running BFS 35
Time for BFS 35 is 8.936212
Validating BFS 35
Validate time for BFS 35 is 16.722570
TEPS for BFS 35 is 3666.77
Running BFS 36
Time for BFS 36 is 3.525120
Validating BFS 36
Validate time for BFS 36 is 16.942029
TEPS for BFS 36 is 9295.29
Running BFS 37
Time for BFS 37 is 3.051409
Validating BFS 37
Validate time for BFS 37 is 10.539360
TEPS for BFS 37 is 10738.3
Running BFS 38
Time for BFS 38 is 5.421985
Validating BFS 38
Validate time for BFS 38 is 10.945377
TEPS for BFS 38 is 6043.36
Running BFS 39
Time for BFS 39 is 3.315089
Validating BFS 39
Validate time for BFS 39 is 8.022422
TEPS for BFS 39 is 9884.2
Running BFS 40
Time for BFS 40 is 2.700295
Validating BFS 40
Validate time for BFS 40 is 9.337125
TEPS for BFS 40 is 12134.6
Running BFS 41
Time for BFS 41 is 2.592103
Validating BFS 41
Validate time for BFS 41 is 9.662624
TEPS for BFS 41 is 12641.1
Running BFS 42
Time for BFS 42 is 6.704844
Validating BFS 42
Validate time for BFS 42 is 9.237562
TEPS for BFS 42 is 4887.06
Running BFS 43
Time for BFS 43 is 2.478950
Validating BFS 43
Validate time for BFS 43 is 12.261796
TEPS for BFS 43 is 13218.1
Running BFS 44
Time for BFS 44 is 4.410492
Validating BFS 44
Validate time for BFS 44 is 9.739921
TEPS for BFS 44 is 7429.33
Running BFS 45
Time for BFS 45 is 3.528583
Validating BFS 45
Validate time for BFS 45 is 21.468505
TEPS for BFS 45 is 9286.16
Running BFS 46
Time for BFS 46 is 4.593411
Validating BFS 46
Validate time for BFS 46 is 11.246109
TEPS for BFS 46 is 7133.48
Running BFS 47
Time for BFS 47 is 5.456018
Validating BFS 47
Validate time for BFS 47 is 12.865850
TEPS for BFS 47 is 6005.66
Running BFS 48
Time for BFS 48 is 9.253359
Validating BFS 48
Validate time for BFS 48 is 10.105112
TEPS for BFS 48 is 3541.09
Running BFS 49
Time for BFS 49 is 2.872877
Validating BFS 49
Validate time for BFS 49 is 23.787069
TEPS for BFS 49 is 11405.6
Running BFS 50
Time for BFS 50 is 2.854415
Validating BFS 50
Validate time for BFS 50 is 12.757100
TEPS for BFS 50 is 11479.4
Running BFS 51
Time for BFS 51 is 5.099905
Validating BFS 51
Validate time for BFS 51 is 23.132397
TEPS for BFS 51 is 6425.02
Running BFS 52
Time for BFS 52 is 3.195140
Validating BFS 52
Validate time for BFS 52 is 12.127800
TEPS for BFS 52 is 10255.3
Running BFS 53
Time for BFS 53 is 4.027761
Validating BFS 53
Validate time for BFS 53 is 14.266351
TEPS for BFS 53 is 8135.29
Running BFS 54
Time for BFS 54 is 5.403097
Validating BFS 54
Validate time for BFS 54 is 23.317694
TEPS for BFS 54 is 6064.48
Running BFS 55
Time for BFS 55 is 5.117153
Validating BFS 55
Validate time for BFS 55 is 24.189552
TEPS for BFS 55 is 6403.37
Running BFS 56
Time for BFS 56 is 6.753677
Validating BFS 56
Validate time for BFS 56 is 20.429181
TEPS for BFS 56 is 4851.73
Running BFS 57
Time for BFS 57 is 2.785636
Validating BFS 57
Validate time for BFS 57 is 24.884318
TEPS for BFS 57 is 11762.8
Running BFS 58
Time for BFS 58 is 5.763438
Validating BFS 58
Validate time for BFS 58 is 13.775950
TEPS for BFS 58 is 5685.32
Running BFS 59
Time for BFS 59 is 4.355280
Validating BFS 59
Validate time for BFS 59 is 27.583282
TEPS for BFS 59 is 7523.51
Running BFS 60
Time for BFS 60 is 2.996774
Validating BFS 60
Validate time for BFS 60 is 17.135753
TEPS for BFS 60 is 10934.1
Running BFS 61
Time for BFS 61 is 7.914931
Validating BFS 61
Validate time for BFS 61 is 14.891803
TEPS for BFS 61 is 4139.9
Running BFS 62
Time for BFS 62 is 3.129405
Validating BFS 62
Validate time for BFS 62 is 28.976319
TEPS for BFS 62 is 10470.7
Running BFS 63
Time for BFS 63 is 5.463614
Validating BFS 63
Validate time for BFS 63 is 29.702569
TEPS for BFS 63 is 5997.31
SCALE:                          11
edgefactor:                     16
NBFS:                           64
graph_generation:               4.48218
num_mpi_processes:              128
construction_time:              0.327161
min_time:                       0.97809
firstquartile_time:             2.39502
median_time:                    2.99903
thirdquartile_time:             4.63115
max_time:                       10.0981
mean_time:                      3.72523
stddev_time:                    1.89074
min_nedge:                      1
firstquartile_nedge:            32767
median_nedge:                   32767
thirdquartile_nedge:            32767
max_nedge:                      32767
mean_nedge:                     32255.03125
stddev_nedge:                   4095.75
min_TEPS:                       1.0224
firstquartile_TEPS:             6931.13
median_TEPS:                    10827.2
thirdquartile_TEPS:             13440
max_TEPS:                       15935.2
harmonic_mean_TEPS:             64.9524
harmonic_stddev_TEPS:           64.9768
min_validate:                   5.29068
firstquartile_validate:         9.08316
median_validate:                12.5782
thirdquartile_validate:         16.7106
max_validate:                   29.7026
mean_validate:                  13.6317
stddev_validate:                6.09845
This benchmark was run on 128 MPI Processes, Scale 11, written output_128_11.log
