graph_generation:               1.120496 s
construction_time:              0.168631 s
Running BFS 0
Time for BFS 0 is 1.080244
Validating BFS 0
Validate time for BFS 0 is 1.437329
TEPS for BFS 0 is 473.967
Running BFS 1
Time for BFS 1 is 0.880147
Validating BFS 1
Validate time for BFS 1 is 1.281951
TEPS for BFS 1 is 581.721
Running BFS 2
Time for BFS 2 is 0.880214
Validating BFS 2
Validate time for BFS 2 is 1.273477
TEPS for BFS 2 is 581.677
Running BFS 3
Time for BFS 3 is 0.970246
Validating BFS 3
Validate time for BFS 3 is 1.356434
TEPS for BFS 3 is 527.701
Running BFS 4
Time for BFS 4 is 0.910455
Validating BFS 4
Validate time for BFS 4 is 1.295849
TEPS for BFS 4 is 562.356
Running BFS 5
Time for BFS 5 is 1.060546
Validating BFS 5
Validate time for BFS 5 is 1.377612
TEPS for BFS 5 is 482.77
Running BFS 6
Time for BFS 6 is 0.930661
Validating BFS 6
Validate time for BFS 6 is 1.251368
TEPS for BFS 6 is 550.147
Running BFS 7
Time for BFS 7 is 1.070310
Validating BFS 7
Validate time for BFS 7 is 1.349580
TEPS for BFS 7 is 478.366
Running BFS 8
Time for BFS 8 is 0.940009
Validating BFS 8
Validate time for BFS 8 is 1.175131
TEPS for BFS 8 is 544.676
Running BFS 9
Time for BFS 9 is 0.899881
Validating BFS 9
Validate time for BFS 9 is 1.184473
TEPS for BFS 9 is 568.964
Running BFS 10
Time for BFS 10 is 1.029965
Validating BFS 10
Validate time for BFS 10 is 1.311029
TEPS for BFS 10 is 497.104
Running BFS 11
Time for BFS 11 is 0.979949
Validating BFS 11
Validate time for BFS 11 is 1.263000
TEPS for BFS 11 is 522.476
Running BFS 12
Time for BFS 12 is 0.929937
Validating BFS 12
Validate time for BFS 12 is 1.174971
TEPS for BFS 12 is 550.575
Running BFS 13
Time for BFS 13 is 0.930043
Validating BFS 13
Validate time for BFS 13 is 1.326972
TEPS for BFS 13 is 550.512
Running BFS 14
Time for BFS 14 is 1.099995
Validating BFS 14
Validate time for BFS 14 is 1.300376
TEPS for BFS 14 is 465.457
Running BFS 15
Time for BFS 15 is 0.890066
Validating BFS 15
Validate time for BFS 15 is 1.184411
TEPS for BFS 15 is 575.238
Running BFS 16
Time for BFS 16 is 1.049951
Validating BFS 16
Validate time for BFS 16 is 1.276112
TEPS for BFS 16 is 487.642
Running BFS 17
Time for BFS 17 is 1.069947
Validating BFS 17
Validate time for BFS 17 is 1.310277
TEPS for BFS 17 is 478.528
Running BFS 18
Time for BFS 18 is 1.010002
Validating BFS 18
Validate time for BFS 18 is 1.205245
TEPS for BFS 18 is 506.93
Running BFS 19
Time for BFS 19 is 0.939943
Validating BFS 19
Validate time for BFS 19 is 1.318446
TEPS for BFS 19 is 544.714
Running BFS 20
Time for BFS 20 is 1.039882
Validating BFS 20
Validate time for BFS 20 is 1.376133
TEPS for BFS 20 is 492.364
Running BFS 21
Time for BFS 21 is 0.919867
Validating BFS 21
Validate time for BFS 21 is 1.224697
TEPS for BFS 21 is 556.602
Running BFS 22
Time for BFS 22 is 1.050122
Validating BFS 22
Validate time for BFS 22 is 1.349347
TEPS for BFS 22 is 487.562
Running BFS 23
Time for BFS 23 is 0.949865
Validating BFS 23
Validate time for BFS 23 is 1.276054
TEPS for BFS 23 is 539.024
Running BFS 24
Time for BFS 24 is 1.050029
Validating BFS 24
Validate time for BFS 24 is 1.337434
TEPS for BFS 24 is 487.606
Running BFS 25
Time for BFS 25 is 1.069895
Validating BFS 25
Validate time for BFS 25 is 1.326691
TEPS for BFS 25 is 478.552
Running BFS 26
Time for BFS 26 is 0.909946
Validating BFS 26
Validate time for BFS 26 is 1.259213
TEPS for BFS 26 is 562.671
Running BFS 27
Time for BFS 27 is 0.979981
Validating BFS 27
Validate time for BFS 27 is 1.214902
TEPS for BFS 27 is 522.459
Running BFS 28
Time for BFS 28 is 0.879953
Validating BFS 28
Validate time for BFS 28 is 1.224682
TEPS for BFS 28 is 581.849
Running BFS 29
Time for BFS 29 is 0.929941
Validating BFS 29
Validate time for BFS 29 is 1.253404
TEPS for BFS 29 is 550.573
Running BFS 30
Time for BFS 30 is 0.999944
Validating BFS 30
Validate time for BFS 30 is 1.309995
TEPS for BFS 30 is 512.029
Running BFS 31
Time for BFS 31 is 0.980115
Validating BFS 31
Validate time for BFS 31 is 1.274272
TEPS for BFS 31 is 522.388
Running BFS 32
Time for BFS 32 is 0.960021
Validating BFS 32
Validate time for BFS 32 is 1.376864
TEPS for BFS 32 is 533.322
Running BFS 33
Time for BFS 33 is 0.649939
Validating BFS 33
Validate time for BFS 33 is 1.046223
TEPS for BFS 33 is 0
Running BFS 34
Time for BFS 34 is 0.849906
Validating BFS 34
Validate time for BFS 34 is 1.281966
TEPS for BFS 34 is 602.42
Running BFS 35
Time for BFS 35 is 0.949968
Validating BFS 35
Validate time for BFS 35 is 1.264041
TEPS for BFS 35 is 538.966
Running BFS 36
Time for BFS 36 is 0.989884
Validating BFS 36
Validate time for BFS 36 is 1.302632
TEPS for BFS 36 is 517.232
Running BFS 37
Time for BFS 37 is 0.979975
Validating BFS 37
Validate time for BFS 37 is 1.359917
TEPS for BFS 37 is 522.462
Running BFS 38
Time for BFS 38 is 1.060059
Validating BFS 38
Validate time for BFS 38 is 1.383782
TEPS for BFS 38 is 482.992
Running BFS 39
Time for BFS 39 is 1.040080
Validating BFS 39
Validate time for BFS 39 is 1.399333
TEPS for BFS 39 is 492.27
Running BFS 40
Time for BFS 40 is 0.950022
Validating BFS 40
Validate time for BFS 40 is 1.360942
TEPS for BFS 40 is 538.935
Running BFS 41
Time for BFS 41 is 1.000527
Validating BFS 41
Validate time for BFS 41 is 1.285997
TEPS for BFS 41 is 511.73
Running BFS 42
Time for BFS 42 is 1.060180
Validating BFS 42
Validate time for BFS 42 is 1.422271
TEPS for BFS 42 is 482.937
Running BFS 43
Time for BFS 43 is 0.981300
Validating BFS 43
Validate time for BFS 43 is 1.295037
TEPS for BFS 43 is 521.757
Running BFS 44
Time for BFS 44 is 1.030352
Validating BFS 44
Validate time for BFS 44 is 1.425222
TEPS for BFS 44 is 496.918
Running BFS 45
Time for BFS 45 is 1.031053
Validating BFS 45
Validate time for BFS 45 is 1.418251
TEPS for BFS 45 is 496.58
Running BFS 46
Time for BFS 46 is 1.080267
Validating BFS 46
Validate time for BFS 46 is 1.356609
TEPS for BFS 46 is 473.957
Running BFS 47
Time for BFS 47 is 1.019996
Validating BFS 47
Validate time for BFS 47 is 1.393562
TEPS for BFS 47 is 501.963
Running BFS 48
Time for BFS 48 is 0.622906
Validating BFS 48
Validate time for BFS 48 is 1.050618
TEPS for BFS 48 is 0
Running BFS 49
Time for BFS 49 is 1.156838
Validating BFS 49
Validate time for BFS 49 is 1.451774
TEPS for BFS 49 is 442.586
Running BFS 50
Time for BFS 50 is 0.962881
Validating BFS 50
Validate time for BFS 50 is 1.251111
TEPS for BFS 50 is 531.738
Running BFS 51
Time for BFS 51 is 0.970499
Validating BFS 51
Validate time for BFS 51 is 1.267881
TEPS for BFS 51 is 527.564
Running BFS 52
Time for BFS 52 is 0.870045
Validating BFS 52
Validate time for BFS 52 is 1.361440
TEPS for BFS 52 is 588.475
Running BFS 53
Time for BFS 53 is 0.630038
Validating BFS 53
Validate time for BFS 53 is 1.069246
TEPS for BFS 53 is 0
Running BFS 54
Time for BFS 54 is 0.579930
Validating BFS 54
Validate time for BFS 54 is 1.054375
TEPS for BFS 54 is 0
Running BFS 55
Time for BFS 55 is 0.879945
Validating BFS 55
Validate time for BFS 55 is 1.293241
TEPS for BFS 55 is 581.855
Running BFS 56
Time for BFS 56 is 0.880033
Validating BFS 56
Validate time for BFS 56 is 1.281940
TEPS for BFS 56 is 581.796
Running BFS 57
Time for BFS 57 is 1.019981
Validating BFS 57
Validate time for BFS 57 is 1.449030
TEPS for BFS 57 is 501.97
Running BFS 58
Time for BFS 58 is 0.909991
Validating BFS 58
Validate time for BFS 58 is 1.356630
TEPS for BFS 58 is 562.643
Running BFS 59
Time for BFS 59 is 0.920048
Validating BFS 59
Validate time for BFS 59 is 1.282781
TEPS for BFS 59 is 556.493
Running BFS 60
Time for BFS 60 is 1.060498
Validating BFS 60
Validate time for BFS 60 is 1.355708
TEPS for BFS 60 is 482.792
Running BFS 61
Time for BFS 61 is 1.100551
Validating BFS 61
Validate time for BFS 61 is 1.319757
TEPS for BFS 61 is 465.222
Running BFS 62
Time for BFS 62 is 1.100571
Validating BFS 62
Validate time for BFS 62 is 1.396658
TEPS for BFS 62 is 465.213
Running BFS 63
Time for BFS 63 is 1.040640
Validating BFS 63
Validate time for BFS 63 is 1.330007
TEPS for BFS 63 is 492.005
SCALE:                          5
edgefactor:                     16
NBFS:                           64
graph_generation:               1.1205
num_mpi_processes:              32
construction_time:              0.168631
min_time:                       0.57993
firstquartile_time:             0.915161
median_time:                    0.979962
thirdquartile_time:             1.0453
max_time:                       1.15684
mean_time:                      0.963296
stddev_time:                    0.113836
min_nedge:                      0
firstquartile_nedge:            512
median_nedge:                   512
thirdquartile_nedge:            512
max_nedge:                      512
mean_nedge:                     480
stddev_nedge:                   124.91520934
min_TEPS:                       0
firstquartile_TEPS:             482.964
median_TEPS:                    519.485
thirdquartile_TEPS:             550.542
max_TEPS:                       602.42
harmonic_mean_TEPS:             0
harmonic_stddev_TEPS:           nan
min_validate:                   1.04622
firstquartile_validate:         1.26111
median_validate:                1.3015
thirdquartile_validate:         1.35827
max_validate:                   1.45177
mean_validate:                  1.29728
stddev_validate:                0.0922774
This benchmark was run on 32 MPI Processes, Scale 5, written output_32_5.log
